{
  "uid" : "852389d7b7b0a5e7",
  "name" : "test_create_database",
  "fullName" : "tests_ui.test_ui.TestProfilePage#test_create_database",
  "historyId" : "4762f7b87391625d86f9ea8dbdd3b406",
  "time" : {
    "start" : 1736990810281,
    "stop" : 1736990818851,
    "duration" : 8570
  },
  "status" : "broken",
  "statusMessage" : "selenium.common.exceptions.TimeoutException: Message: Can't find element by locator ('xpath', '//div[@id=\"msg_from_server\"]')",
  "statusTrace" : "self = <tests_ui.test_ui.TestProfilePage object at 0x7f4b9dfc0590>\ndriver = <selenium.webdriver.chrome.webdriver.WebDriver (session=\"79f9e20769b3aaff57a2220338d112cb\")>\nauthorization_user = None\n\n    @allure.title('test_create_database')\n    def test_create_database(self, driver, authorization_user):\n        page = ProfilePage(driver, authorization_user)\n>       page.compare_database_status()\n\ntests_ui/test_ui.py:83: \n_ _ _ _ _ _ _ _ _ _ _ _ _ _ _ _ _ _ _ _ _ _ _ _ _ _ _ _ _ _ _ _ _ _ _ _ _ _ _ _ \ntests_ui/profile_page.py:150: in compare_database_status\n    msg = self.element_is_visible(self.locators.MSG_FROM_SERVER).text\ntests_ui/base_page.py:34: in element_is_visible\n    return Wait(self.driver, self.timeout).until(\n_ _ _ _ _ _ _ _ _ _ _ _ _ _ _ _ _ _ _ _ _ _ _ _ _ _ _ _ _ _ _ _ _ _ _ _ _ _ _ _ \n\nself = <selenium.webdriver.support.wait.WebDriverWait (session=\"79f9e20769b3aaff57a2220338d112cb\")>\nmethod = <function visibility_of_element_located.<locals>._predicate at 0x7f4b9dccbce0>\nmessage = 'Can\\'t find element by locator (\\'xpath\\', \\'//div[@id=\"msg_from_server\"]\\')'\n\n    def until(self, method: Callable[[D], Union[Literal[False], T]], message: str = \"\") -> T:\n        \"\"\"Calls the method provided with the driver as an argument until the \\\n        return value does not evaluate to ``False``.\n    \n        :param method: callable(WebDriver)\n        :param message: optional message for :exc:`TimeoutException`\n        :returns: the result of the last call to `method`\n        :raises: :exc:`selenium.common.exceptions.TimeoutException` if timeout occurs\n        \"\"\"\n        screen = None\n        stacktrace = None\n    \n        end_time = time.monotonic() + self._timeout\n        while True:\n            try:\n                value = method(self._driver)\n                if value:\n                    return value\n            except self._ignored_exceptions as exc:\n                screen = getattr(exc, \"screen\", None)\n                stacktrace = getattr(exc, \"stacktrace\", None)\n            time.sleep(self._poll)\n            if time.monotonic() > end_time:\n                break\n>       raise TimeoutException(message, screen, stacktrace)\nE       selenium.common.exceptions.TimeoutException: Message: Can't find element by locator ('xpath', '//div[@id=\"msg_from_server\"]')\n\n/opt/hostedtoolcache/Python/3.12.8/x64/lib/python3.12/site-packages/selenium/webdriver/support/wait.py:105: TimeoutException",
  "flaky" : false,
  "newFailed" : false,
  "beforeStages" : [ {
    "name" : "authorization_user",
    "time" : {
      "start" : 1736990809776,
      "stop" : 1736990810281,
      "duration" : 505
    },
    "status" : "passed",
    "steps" : [ {
      "name" : "Open page: https://oblache.areso.pro/register.html",
      "time" : {
        "start" : 1736990809776,
        "stop" : 1736990810094,
        "duration" : 318
      },
      "status" : "passed",
      "steps" : [ ],
      "attachments" : [ ],
      "parameters" : [ ],
      "stepsCount" : 0,
      "attachmentsCount" : 0,
      "shouldDisplayMessage" : false,
      "hasContent" : false
    }, {
      "name" : "Login user",
      "time" : {
        "start" : 1736990810094,
        "stop" : 1736990810281,
        "duration" : 187
      },
      "status" : "passed",
      "steps" : [ {
        "name" : "Enter email.",
        "time" : {
          "start" : 1736990810094,
          "stop" : 1736990810151,
          "duration" : 57
        },
        "status" : "passed",
        "steps" : [ ],
        "attachments" : [ ],
        "parameters" : [ ],
        "stepsCount" : 0,
        "attachmentsCount" : 0,
        "shouldDisplayMessage" : false,
        "hasContent" : false
      }, {
        "name" : "Enter password.",
        "time" : {
          "start" : 1736990810151,
          "stop" : 1736990810194,
          "duration" : 43
        },
        "status" : "passed",
        "steps" : [ ],
        "attachments" : [ ],
        "parameters" : [ ],
        "stepsCount" : 0,
        "attachmentsCount" : 0,
        "shouldDisplayMessage" : false,
        "hasContent" : false
      }, {
        "name" : "Click button \"Login\"",
        "time" : {
          "start" : 1736990810194,
          "stop" : 1736990810278,
          "duration" : 84
        },
        "status" : "passed",
        "steps" : [ ],
        "attachments" : [ ],
        "parameters" : [ ],
        "stepsCount" : 0,
        "attachmentsCount" : 0,
        "shouldDisplayMessage" : false,
        "hasContent" : false
      }, {
        "name" : "Check url is present: https://oblache.areso.pro/register.html",
        "time" : {
          "start" : 1736990810278,
          "stop" : 1736990810281,
          "duration" : 3
        },
        "status" : "passed",
        "steps" : [ ],
        "attachments" : [ ],
        "parameters" : [ ],
        "stepsCount" : 0,
        "attachmentsCount" : 0,
        "shouldDisplayMessage" : false,
        "hasContent" : false
      } ],
      "attachments" : [ ],
      "parameters" : [ ],
      "stepsCount" : 4,
      "attachmentsCount" : 0,
      "shouldDisplayMessage" : false,
      "hasContent" : true
    } ],
    "attachments" : [ ],
    "parameters" : [ ],
    "stepsCount" : 6,
    "attachmentsCount" : 0,
    "shouldDisplayMessage" : false,
    "hasContent" : true
  }, {
    "name" : "driver",
    "time" : {
      "start" : 1736990809507,
      "stop" : 1736990809776,
      "duration" : 269
    },
    "status" : "passed",
    "steps" : [ ],
    "attachments" : [ ],
    "parameters" : [ ],
    "stepsCount" : 0,
    "attachmentsCount" : 0,
    "shouldDisplayMessage" : false,
    "hasContent" : false
  } ],
  "testStage" : {
    "status" : "broken",
    "statusMessage" : "selenium.common.exceptions.TimeoutException: Message: Can't find element by locator ('xpath', '//div[@id=\"msg_from_server\"]')",
    "statusTrace" : "self = <tests_ui.test_ui.TestProfilePage object at 0x7f4b9dfc0590>\ndriver = <selenium.webdriver.chrome.webdriver.WebDriver (session=\"79f9e20769b3aaff57a2220338d112cb\")>\nauthorization_user = None\n\n    @allure.title('test_create_database')\n    def test_create_database(self, driver, authorization_user):\n        page = ProfilePage(driver, authorization_user)\n>       page.compare_database_status()\n\ntests_ui/test_ui.py:83: \n_ _ _ _ _ _ _ _ _ _ _ _ _ _ _ _ _ _ _ _ _ _ _ _ _ _ _ _ _ _ _ _ _ _ _ _ _ _ _ _ \ntests_ui/profile_page.py:150: in compare_database_status\n    msg = self.element_is_visible(self.locators.MSG_FROM_SERVER).text\ntests_ui/base_page.py:34: in element_is_visible\n    return Wait(self.driver, self.timeout).until(\n_ _ _ _ _ _ _ _ _ _ _ _ _ _ _ _ _ _ _ _ _ _ _ _ _ _ _ _ _ _ _ _ _ _ _ _ _ _ _ _ \n\nself = <selenium.webdriver.support.wait.WebDriverWait (session=\"79f9e20769b3aaff57a2220338d112cb\")>\nmethod = <function visibility_of_element_located.<locals>._predicate at 0x7f4b9dccbce0>\nmessage = 'Can\\'t find element by locator (\\'xpath\\', \\'//div[@id=\"msg_from_server\"]\\')'\n\n    def until(self, method: Callable[[D], Union[Literal[False], T]], message: str = \"\") -> T:\n        \"\"\"Calls the method provided with the driver as an argument until the \\\n        return value does not evaluate to ``False``.\n    \n        :param method: callable(WebDriver)\n        :param message: optional message for :exc:`TimeoutException`\n        :returns: the result of the last call to `method`\n        :raises: :exc:`selenium.common.exceptions.TimeoutException` if timeout occurs\n        \"\"\"\n        screen = None\n        stacktrace = None\n    \n        end_time = time.monotonic() + self._timeout\n        while True:\n            try:\n                value = method(self._driver)\n                if value:\n                    return value\n            except self._ignored_exceptions as exc:\n                screen = getattr(exc, \"screen\", None)\n                stacktrace = getattr(exc, \"stacktrace\", None)\n            time.sleep(self._poll)\n            if time.monotonic() > end_time:\n                break\n>       raise TimeoutException(message, screen, stacktrace)\nE       selenium.common.exceptions.TimeoutException: Message: Can't find element by locator ('xpath', '//div[@id=\"msg_from_server\"]')\n\n/opt/hostedtoolcache/Python/3.12.8/x64/lib/python3.12/site-packages/selenium/webdriver/support/wait.py:105: TimeoutException",
    "steps" : [ {
      "name" : "Click button Status.",
      "time" : {
        "start" : 1736990811281,
        "stop" : 1736990811351,
        "duration" : 70
      },
      "status" : "passed",
      "steps" : [ ],
      "attachments" : [ ],
      "parameters" : [ ],
      "stepsCount" : 0,
      "attachmentsCount" : 0,
      "shouldDisplayMessage" : false,
      "hasContent" : false
    }, {
      "name" : "Get status data.",
      "time" : {
        "start" : 1736990811748,
        "stop" : 1736990811749,
        "duration" : 1
      },
      "status" : "passed",
      "steps" : [ {
        "name" : "Status data is: {'Email:': 'test4@mail.com', 'is blocked?': '0', 'is db creation allowed?': '0', 'disk db quota, mb': '4', 'disk db used, mb': '9', 'db qty quota': '100', 'db qty used': '16', 'site qty quota': '5', 'site qty used': '0', 'is site deploy allowed?': '1'}",
        "time" : {
          "start" : 1736990811749,
          "stop" : 1736990811749,
          "duration" : 0
        },
        "status" : "passed",
        "steps" : [ ],
        "attachments" : [ ],
        "parameters" : [ ],
        "stepsCount" : 0,
        "attachmentsCount" : 0,
        "shouldDisplayMessage" : false,
        "hasContent" : false
      } ],
      "attachments" : [ ],
      "parameters" : [ ],
      "stepsCount" : 1,
      "attachmentsCount" : 0,
      "shouldDisplayMessage" : false,
      "hasContent" : true
    }, {
      "name" : "Click \"Databases\" button.",
      "time" : {
        "start" : 1736990811749,
        "stop" : 1736990811814,
        "duration" : 65
      },
      "status" : "passed",
      "steps" : [ ],
      "attachments" : [ ],
      "parameters" : [ ],
      "stepsCount" : 0,
      "attachmentsCount" : 0,
      "shouldDisplayMessage" : false,
      "hasContent" : false
    }, {
      "name" : "Click \"Create new DB\" button.",
      "time" : {
        "start" : 1736990811814,
        "stop" : 1736990812355,
        "duration" : 541
      },
      "status" : "passed",
      "steps" : [ ],
      "attachments" : [ ],
      "parameters" : [ ],
      "stepsCount" : 0,
      "attachmentsCount" : 0,
      "shouldDisplayMessage" : false,
      "hasContent" : false
    }, {
      "name" : "Select region \"CIS\".",
      "time" : {
        "start" : 1736990812355,
        "stop" : 1736990813616,
        "duration" : 1261
      },
      "status" : "passed",
      "steps" : [ ],
      "attachments" : [ ],
      "parameters" : [ ],
      "stepsCount" : 0,
      "attachmentsCount" : 0,
      "shouldDisplayMessage" : false,
      "hasContent" : false
    }, {
      "name" : "Click \"Create\" button.",
      "time" : {
        "start" : 1736990813616,
        "stop" : 1736990813721,
        "duration" : 105
      },
      "status" : "passed",
      "steps" : [ ],
      "attachments" : [ ],
      "parameters" : [ ],
      "stepsCount" : 0,
      "attachmentsCount" : 0,
      "shouldDisplayMessage" : false,
      "hasContent" : false
    } ],
    "attachments" : [ {
      "uid" : "f903015ed0ce178",
      "name" : "Screenshot 2025-01-16 01:26:58.936296",
      "source" : "f903015ed0ce178.png",
      "type" : "image/png",
      "size" : 27487
    } ],
    "parameters" : [ ],
    "stepsCount" : 7,
    "attachmentsCount" : 1,
    "shouldDisplayMessage" : true,
    "hasContent" : true
  },
  "afterStages" : [ {
    "name" : "driver::0",
    "time" : {
      "start" : 1736990818937,
      "stop" : 1736990819003,
      "duration" : 66
    },
    "status" : "passed",
    "steps" : [ ],
    "attachments" : [ ],
    "parameters" : [ ],
    "stepsCount" : 0,
    "attachmentsCount" : 0,
    "shouldDisplayMessage" : false,
    "hasContent" : false
  } ],
  "labels" : [ {
    "name" : "suite",
    "value" : "Test Profile Page."
  }, {
    "name" : "parentSuite",
    "value" : "tests_ui"
  }, {
    "name" : "subSuite",
    "value" : "TestProfilePage"
  }, {
    "name" : "host",
    "value" : "fv-az1779-562"
  }, {
    "name" : "thread",
    "value" : "2426-MainThread"
  }, {
    "name" : "framework",
    "value" : "pytest"
  }, {
    "name" : "language",
    "value" : "cpython3"
  }, {
    "name" : "package",
    "value" : "tests_ui.test_ui"
  }, {
    "name" : "resultFormat",
    "value" : "allure2"
  } ],
  "parameters" : [ ],
  "links" : [ ],
  "hidden" : false,
  "retry" : false,
  "extra" : {
    "severity" : "normal",
    "retries" : [ ],
    "categories" : [ {
      "name" : "Test defects",
      "matchedStatuses" : [ ],
      "flaky" : false
    } ],
    "history" : {
      "statistic" : {
        "failed" : 0,
        "broken" : 147,
        "skipped" : 0,
        "passed" : 8,
        "unknown" : 0,
        "total" : 155
      },
      "items" : [ {
        "uid" : "920ddece224ef06f",
        "reportUrl" : "https://Areso.github.io/Oblache/279//#testresult/920ddece224ef06f",
        "status" : "broken",
        "statusDetails" : "selenium.common.exceptions.TimeoutException: Message: Can't find element by locator ('xpath', '//div[@id=\"msg_from_server\"]')",
        "time" : {
          "start" : 1736904426966,
          "stop" : 1736904434888,
          "duration" : 7922
        }
      }, {
        "uid" : "daa782438084aad9",
        "reportUrl" : "https://Areso.github.io/Oblache/278//#testresult/daa782438084aad9",
        "status" : "broken",
        "statusDetails" : "selenium.common.exceptions.TimeoutException: Message: Can't find element by locator ('xpath', '//div[@id=\"msg_from_server\"]')",
        "time" : {
          "start" : 1736817916361,
          "stop" : 1736817924318,
          "duration" : 7957
        }
      }, {
        "uid" : "680a4409aadbbd2",
        "reportUrl" : "https://Areso.github.io/Oblache/277//#testresult/680a4409aadbbd2",
        "status" : "broken",
        "statusDetails" : "selenium.common.exceptions.TimeoutException: Message: Can't find element by locator ('xpath', '//div[@id=\"msg_from_server\"]')",
        "time" : {
          "start" : 1736732468949,
          "stop" : 1736732476934,
          "duration" : 7985
        }
      }, {
        "uid" : "b0e89658549fadcf",
        "reportUrl" : "https://Areso.github.io/Oblache/276//#testresult/b0e89658549fadcf",
        "status" : "broken",
        "statusDetails" : "selenium.common.exceptions.TimeoutException: Message: Can't find element by locator ('xpath', '//div[@id=\"msg_from_server\"]')",
        "time" : {
          "start" : 1736646193905,
          "stop" : 1736646201830,
          "duration" : 7925
        }
      }, {
        "uid" : "52d010bef83502d4",
        "reportUrl" : "https://Areso.github.io/Oblache/275//#testresult/52d010bef83502d4",
        "status" : "broken",
        "statusDetails" : "selenium.common.exceptions.TimeoutException: Message: Can't find element by locator ('xpath', '//div[@id=\"msg_from_server\"]')",
        "time" : {
          "start" : 1736558948497,
          "stop" : 1736558956374,
          "duration" : 7877
        }
      }, {
        "uid" : "de5a7b6cdf8eaeb3",
        "reportUrl" : "https://Areso.github.io/Oblache/274//#testresult/de5a7b6cdf8eaeb3",
        "status" : "broken",
        "statusDetails" : "selenium.common.exceptions.TimeoutException: Message: Can't find element by locator ('xpath', '//div[@id=\"msg_from_server\"]')",
        "time" : {
          "start" : 1736473090280,
          "stop" : 1736473098301,
          "duration" : 8021
        }
      }, {
        "uid" : "e6d8174664ab2375",
        "reportUrl" : "https://Areso.github.io/Oblache/273//#testresult/e6d8174664ab2375",
        "status" : "broken",
        "statusDetails" : "selenium.common.exceptions.TimeoutException: Message: Can't find element by locator ('xpath', '//div[@id=\"msg_from_server\"]')",
        "time" : {
          "start" : 1736386092256,
          "stop" : 1736386100983,
          "duration" : 8727
        }
      }, {
        "uid" : "e4a734c4c25edb45",
        "reportUrl" : "https://Areso.github.io/Oblache/272//#testresult/e4a734c4c25edb45",
        "status" : "broken",
        "statusDetails" : "selenium.common.exceptions.TimeoutException: Message: Can't find element by locator ('xpath', '//div[@id=\"msg_from_server\"]')",
        "time" : {
          "start" : 1736299748862,
          "stop" : 1736299756771,
          "duration" : 7909
        }
      }, {
        "uid" : "74d6f168796c9eef",
        "reportUrl" : "https://Areso.github.io/Oblache/271//#testresult/74d6f168796c9eef",
        "status" : "broken",
        "statusDetails" : "selenium.common.exceptions.TimeoutException: Message: Can't find element by locator ('xpath', '//div[@id=\"msg_from_server\"]')",
        "time" : {
          "start" : 1736213349766,
          "stop" : 1736213357771,
          "duration" : 8005
        }
      }, {
        "uid" : "83efb7f8b972c78c",
        "reportUrl" : "https://Areso.github.io/Oblache/270//#testresult/83efb7f8b972c78c",
        "status" : "broken",
        "statusDetails" : "selenium.common.exceptions.TimeoutException: Message: Can't find element by locator ('xpath', '//div[@id=\"msg_from_server\"]')",
        "time" : {
          "start" : 1736127617047,
          "stop" : 1736127625825,
          "duration" : 8778
        }
      }, {
        "uid" : "39607b6b12cad502",
        "reportUrl" : "https://Areso.github.io/Oblache/269//#testresult/39607b6b12cad502",
        "status" : "broken",
        "statusDetails" : "selenium.common.exceptions.TimeoutException: Message: Can't find element by locator ('xpath', '//div[@id=\"msg_from_server\"]')",
        "time" : {
          "start" : 1736041351529,
          "stop" : 1736041360480,
          "duration" : 8951
        }
      }, {
        "uid" : "80f6e0e76b40ac47",
        "reportUrl" : "https://Areso.github.io/Oblache/268//#testresult/80f6e0e76b40ac47",
        "status" : "broken",
        "statusDetails" : "selenium.common.exceptions.TimeoutException: Message: Can't find element by locator ('xpath', '//div[@id=\"msg_from_server\"]')",
        "time" : {
          "start" : 1735954049155,
          "stop" : 1735954058041,
          "duration" : 8886
        }
      }, {
        "uid" : "58e835aacc85ae56",
        "reportUrl" : "https://Areso.github.io/Oblache/267//#testresult/58e835aacc85ae56",
        "status" : "broken",
        "statusDetails" : "selenium.common.exceptions.TimeoutException: Message: Can't find element by locator ('xpath', '//div[@id=\"msg_from_server\"]')",
        "time" : {
          "start" : 1735867748783,
          "stop" : 1735867756661,
          "duration" : 7878
        }
      }, {
        "uid" : "973c29e12b12d91d",
        "reportUrl" : "https://Areso.github.io/Oblache/266//#testresult/973c29e12b12d91d",
        "status" : "broken",
        "statusDetails" : "selenium.common.exceptions.TimeoutException: Message: Can't find element by locator ('xpath', '//div[@id=\"msg_from_server\"]')",
        "time" : {
          "start" : 1735781312502,
          "stop" : 1735781321530,
          "duration" : 9028
        }
      }, {
        "uid" : "8eb00682ddb01ab1",
        "reportUrl" : "https://Areso.github.io/Oblache/265//#testresult/8eb00682ddb01ab1",
        "status" : "broken",
        "statusDetails" : "selenium.common.exceptions.TimeoutException: Message: Can't find element by locator ('xpath', '//div[@id=\"msg_from_server\"]')",
        "time" : {
          "start" : 1735695802247,
          "stop" : 1735695810368,
          "duration" : 8121
        }
      }, {
        "uid" : "aa2b7b7bb26c0616",
        "reportUrl" : "https://Areso.github.io/Oblache/264//#testresult/aa2b7b7bb26c0616",
        "status" : "broken",
        "statusDetails" : "selenium.common.exceptions.TimeoutException: Message: Can't find element by locator ('xpath', '//div[@id=\"msg_from_server\"]')",
        "time" : {
          "start" : 1735608493590,
          "stop" : 1735608502295,
          "duration" : 8705
        }
      }, {
        "uid" : "d65ef63b3684c93a",
        "reportUrl" : "https://Areso.github.io/Oblache/263//#testresult/d65ef63b3684c93a",
        "status" : "broken",
        "statusDetails" : "selenium.common.exceptions.TimeoutException: Message: Can't find element by locator ('xpath', '//div[@id=\"msg_from_server\"]')",
        "time" : {
          "start" : 1735522756062,
          "stop" : 1735522764861,
          "duration" : 8799
        }
      }, {
        "uid" : "72f327303c9c8918",
        "reportUrl" : "https://Areso.github.io/Oblache/262//#testresult/72f327303c9c8918",
        "status" : "broken",
        "statusDetails" : "selenium.common.exceptions.TimeoutException: Message: Can't find element by locator ('xpath', '//div[@id=\"msg_from_server\"]')",
        "time" : {
          "start" : 1735436610480,
          "stop" : 1735436619490,
          "duration" : 9010
        }
      }, {
        "uid" : "6b992536019e2f6",
        "reportUrl" : "https://Areso.github.io/Oblache/261//#testresult/6b992536019e2f6",
        "status" : "broken",
        "statusDetails" : "selenium.common.exceptions.TimeoutException: Message: Can't find element by locator ('xpath', '//select[@id=\"selectDBRegion\"] /option[@value=\"3\"]')\nStacktrace:\n#0 0x558eeb77b31a <unknown>\n#1 0x558eeb2916e0 <unknown>\n#2 0x558eeb2e03e6 <unknown>\n#3 0x558eeb2e0681 <unknown>\n#4 0x558eeb325b04 <unknown>\n#5 0x558eeb30448d <unknown>\n#6 0x558eeb322ed7 <unknown>\n#7 0x558eeb304203 <unknown>\n#8 0x558eeb2d2cc0 <unknown>\n#9 0x558eeb2d3c9e <unknown>\n#10 0x558eeb748d0b <unknown>\n#11 0x558eeb74cc92 <unknown>\n#12 0x558eeb735b3c <unknown>\n#13 0x558eeb74d807 <unknown>\n#14 0x558eeb71b0df <unknown>\n#15 0x558eeb76a578 <unknown>\n#16 0x558eeb76a740 <unknown>\n#17 0x558eeb77a196 <unknown>\n#18 0x7f390dc9ca94 <unknown>\n#19 0x7f390dd29c3c <unknown>",
        "time" : {
          "start" : 1735349230807,
          "stop" : 1735349237609,
          "duration" : 6802
        }
      }, {
        "uid" : "d5bb3ec0f3a25bf1",
        "reportUrl" : "https://Areso.github.io/Oblache/260//#testresult/d5bb3ec0f3a25bf1",
        "status" : "broken",
        "statusDetails" : "selenium.common.exceptions.TimeoutException: Message: Can't find element by locator ('xpath', '//div[@id=\"msg_from_server\"]')",
        "time" : {
          "start" : 1735262887187,
          "stop" : 1735262895090,
          "duration" : 7903
        }
      } ]
    },
    "tags" : [ ]
  },
  "source" : "852389d7b7b0a5e7.json",
  "parameterValues" : [ ]
}