{
  "uid" : "23cd16c6bda083bf",
  "name" : "test_clipboard_jdbc",
  "fullName" : "tests_ui.test_ui.TestProfilePage#test_clipboard_jdbc",
  "historyId" : "3c3bc2de59af179987e51569fc1d3309",
  "time" : {
    "start" : 1725672168839,
    "stop" : 1725672175940,
    "duration" : 7101
  },
  "status" : "broken",
  "statusMessage" : "selenium.common.exceptions.TimeoutException: Message: Can't find element by locator ('xpath', '//tbody[@id=\"tbody_dbs\"] /tr[1]/td[7] /button')\nStacktrace:\n#0 0x5565674c38da <unknown>\n#1 0x556567191e50 <unknown>\n#2 0x5565671e1644 <unknown>\n#3 0x5565671e1931 <unknown>\n#4 0x556567227534 <unknown>\n#5 0x5565672064bd <unknown>\n#6 0x5565672249c6 <unknown>\n#7 0x556567206233 <unknown>\n#8 0x5565671d4093 <unknown>\n#9 0x5565671d509e <unknown>\n#10 0x55656748ab3b <unknown>\n#11 0x55656748eaf1 <unknown>\n#12 0x556567476705 <unknown>\n#13 0x55656748f662 <unknown>\n#14 0x55656745b8df <unknown>\n#15 0x5565674b26d8 <unknown>\n#16 0x5565674b28a2 <unknown>\n#17 0x5565674c26cc <unknown>\n#18 0x7f91e4494ac3 <unknown>",
  "statusTrace" : "self = <tests_ui.test_ui.TestProfilePage object at 0x7fb60157c410>\ndriver = <selenium.webdriver.chrome.webdriver.WebDriver (session=\"904ddececc93065309a202a216ac041f\")>\nauthorization_user = None\n\n    @allure.title('test_clipboard_jdbc')\n    def test_clipboard_jdbc(self, driver, authorization_user):\n        page = ProfilePage(driver, authorization_user)\n        page.click_button_databases()\n>       page.check_clipboard_jdbc(token=TestProfilePage.token)\n\ntests_ui/test_ui.py:93: \n_ _ _ _ _ _ _ _ _ _ _ _ _ _ _ _ _ _ _ _ _ _ _ _ _ _ _ _ _ _ _ _ _ _ _ _ _ _ _ _ \ntests_ui/profile_page.py:117: in check_clipboard_jdbc\n    button = self.element_is_visible((By.XPATH, '//tbody[@id=\"tbody_dbs\"] /tr[1]/td[7] /button'))\ntests_ui/base_page.py:32: in element_is_visible\n    self.go_to_element(self.element_is_present(locator))\ntests_ui/base_page.py:45: in element_is_present\n    return Wait(self.driver, self.timeout).until(\n_ _ _ _ _ _ _ _ _ _ _ _ _ _ _ _ _ _ _ _ _ _ _ _ _ _ _ _ _ _ _ _ _ _ _ _ _ _ _ _ \n\nself = <selenium.webdriver.support.wait.WebDriverWait (session=\"904ddececc93065309a202a216ac041f\")>\nmethod = <function presence_of_element_located.<locals>._predicate at 0x7fb60123f240>\nmessage = 'Can\\'t find element by locator (\\'xpath\\', \\'//tbody[@id=\"tbody_dbs\"] /tr[1]/td[7] /button\\')'\n\n    def until(self, method: Callable[[D], Union[Literal[False], T]], message: str = \"\") -> T:\n        \"\"\"Calls the method provided with the driver as an argument until the \\\n        return value does not evaluate to ``False``.\n    \n        :param method: callable(WebDriver)\n        :param message: optional message for :exc:`TimeoutException`\n        :returns: the result of the last call to `method`\n        :raises: :exc:`selenium.common.exceptions.TimeoutException` if timeout occurs\n        \"\"\"\n        screen = None\n        stacktrace = None\n    \n        end_time = time.monotonic() + self._timeout\n        while True:\n            try:\n                value = method(self._driver)\n                if value:\n                    return value\n            except self._ignored_exceptions as exc:\n                screen = getattr(exc, \"screen\", None)\n                stacktrace = getattr(exc, \"stacktrace\", None)\n            time.sleep(self._poll)\n            if time.monotonic() > end_time:\n                break\n>       raise TimeoutException(message, screen, stacktrace)\nE       selenium.common.exceptions.TimeoutException: Message: Can't find element by locator ('xpath', '//tbody[@id=\"tbody_dbs\"] /tr[1]/td[7] /button')\nE       Stacktrace:\nE       #0 0x5565674c38da <unknown>\nE       #1 0x556567191e50 <unknown>\nE       #2 0x5565671e1644 <unknown>\nE       #3 0x5565671e1931 <unknown>\nE       #4 0x556567227534 <unknown>\nE       #5 0x5565672064bd <unknown>\nE       #6 0x5565672249c6 <unknown>\nE       #7 0x556567206233 <unknown>\nE       #8 0x5565671d4093 <unknown>\nE       #9 0x5565671d509e <unknown>\nE       #10 0x55656748ab3b <unknown>\nE       #11 0x55656748eaf1 <unknown>\nE       #12 0x556567476705 <unknown>\nE       #13 0x55656748f662 <unknown>\nE       #14 0x55656745b8df <unknown>\nE       #15 0x5565674b26d8 <unknown>\nE       #16 0x5565674b28a2 <unknown>\nE       #17 0x5565674c26cc <unknown>\nE       #18 0x7f91e4494ac3 <unknown>\n\n/opt/hostedtoolcache/Python/3.12.5/x64/lib/python3.12/site-packages/selenium/webdriver/support/wait.py:105: TimeoutException",
  "flaky" : false,
  "newFailed" : false,
  "beforeStages" : [ {
    "name" : "driver",
    "time" : {
      "start" : 1725672167888,
      "stop" : 1725672168165,
      "duration" : 277
    },
    "status" : "passed",
    "steps" : [ ],
    "attachments" : [ ],
    "parameters" : [ ],
    "attachmentsCount" : 0,
    "shouldDisplayMessage" : false,
    "hasContent" : false,
    "stepsCount" : 0
  }, {
    "name" : "authorization_user",
    "time" : {
      "start" : 1725672168165,
      "stop" : 1725672168838,
      "duration" : 673
    },
    "status" : "passed",
    "steps" : [ {
      "name" : "Open page: https://oblache.areso.pro/register.html",
      "time" : {
        "start" : 1725672168165,
        "stop" : 1725672168665,
        "duration" : 500
      },
      "status" : "passed",
      "steps" : [ ],
      "attachments" : [ ],
      "parameters" : [ ],
      "attachmentsCount" : 0,
      "shouldDisplayMessage" : false,
      "hasContent" : false,
      "stepsCount" : 0
    }, {
      "name" : "login_user",
      "time" : {
        "start" : 1725672168666,
        "stop" : 1725672168838,
        "duration" : 172
      },
      "status" : "passed",
      "steps" : [ {
        "name" : "Enter email.",
        "time" : {
          "start" : 1725672168666,
          "stop" : 1725672168722,
          "duration" : 56
        },
        "status" : "passed",
        "steps" : [ ],
        "attachments" : [ ],
        "parameters" : [ ],
        "attachmentsCount" : 0,
        "shouldDisplayMessage" : false,
        "hasContent" : false,
        "stepsCount" : 0
      }, {
        "name" : "Enter password.",
        "time" : {
          "start" : 1725672168722,
          "stop" : 1725672168766,
          "duration" : 44
        },
        "status" : "passed",
        "steps" : [ ],
        "attachments" : [ ],
        "parameters" : [ ],
        "attachmentsCount" : 0,
        "shouldDisplayMessage" : false,
        "hasContent" : false,
        "stepsCount" : 0
      }, {
        "name" : "Click button \"Login\"",
        "time" : {
          "start" : 1725672168767,
          "stop" : 1725672168836,
          "duration" : 69
        },
        "status" : "passed",
        "steps" : [ {
          "name" : "element_is_present_and_clickable",
          "time" : {
            "start" : 1725672168767,
            "stop" : 1725672168803,
            "duration" : 36
          },
          "status" : "passed",
          "steps" : [ ],
          "attachments" : [ ],
          "parameters" : [ {
            "name" : "locator",
            "value" : "('xpath', '//input[@id=\"inp_regform_login_submit\"]')"
          } ],
          "attachmentsCount" : 0,
          "shouldDisplayMessage" : false,
          "hasContent" : true,
          "stepsCount" : 0
        } ],
        "attachments" : [ ],
        "parameters" : [ ],
        "attachmentsCount" : 0,
        "shouldDisplayMessage" : false,
        "hasContent" : true,
        "stepsCount" : 1
      }, {
        "name" : "Check url is present: https://oblache.areso.pro/register.html",
        "time" : {
          "start" : 1725672168836,
          "stop" : 1725672168838,
          "duration" : 2
        },
        "status" : "passed",
        "steps" : [ ],
        "attachments" : [ ],
        "parameters" : [ ],
        "attachmentsCount" : 0,
        "shouldDisplayMessage" : false,
        "hasContent" : false,
        "stepsCount" : 0
      } ],
      "attachments" : [ ],
      "parameters" : [ ],
      "attachmentsCount" : 0,
      "shouldDisplayMessage" : false,
      "hasContent" : true,
      "stepsCount" : 5
    } ],
    "attachments" : [ ],
    "parameters" : [ ],
    "attachmentsCount" : 0,
    "shouldDisplayMessage" : false,
    "hasContent" : true,
    "stepsCount" : 7
  } ],
  "testStage" : {
    "status" : "broken",
    "statusMessage" : "selenium.common.exceptions.TimeoutException: Message: Can't find element by locator ('xpath', '//tbody[@id=\"tbody_dbs\"] /tr[1]/td[7] /button')\nStacktrace:\n#0 0x5565674c38da <unknown>\n#1 0x556567191e50 <unknown>\n#2 0x5565671e1644 <unknown>\n#3 0x5565671e1931 <unknown>\n#4 0x556567227534 <unknown>\n#5 0x5565672064bd <unknown>\n#6 0x5565672249c6 <unknown>\n#7 0x556567206233 <unknown>\n#8 0x5565671d4093 <unknown>\n#9 0x5565671d509e <unknown>\n#10 0x55656748ab3b <unknown>\n#11 0x55656748eaf1 <unknown>\n#12 0x556567476705 <unknown>\n#13 0x55656748f662 <unknown>\n#14 0x55656745b8df <unknown>\n#15 0x5565674b26d8 <unknown>\n#16 0x5565674b28a2 <unknown>\n#17 0x5565674c26cc <unknown>\n#18 0x7f91e4494ac3 <unknown>",
    "statusTrace" : "self = <tests_ui.test_ui.TestProfilePage object at 0x7fb60157c410>\ndriver = <selenium.webdriver.chrome.webdriver.WebDriver (session=\"904ddececc93065309a202a216ac041f\")>\nauthorization_user = None\n\n    @allure.title('test_clipboard_jdbc')\n    def test_clipboard_jdbc(self, driver, authorization_user):\n        page = ProfilePage(driver, authorization_user)\n        page.click_button_databases()\n>       page.check_clipboard_jdbc(token=TestProfilePage.token)\n\ntests_ui/test_ui.py:93: \n_ _ _ _ _ _ _ _ _ _ _ _ _ _ _ _ _ _ _ _ _ _ _ _ _ _ _ _ _ _ _ _ _ _ _ _ _ _ _ _ \ntests_ui/profile_page.py:117: in check_clipboard_jdbc\n    button = self.element_is_visible((By.XPATH, '//tbody[@id=\"tbody_dbs\"] /tr[1]/td[7] /button'))\ntests_ui/base_page.py:32: in element_is_visible\n    self.go_to_element(self.element_is_present(locator))\ntests_ui/base_page.py:45: in element_is_present\n    return Wait(self.driver, self.timeout).until(\n_ _ _ _ _ _ _ _ _ _ _ _ _ _ _ _ _ _ _ _ _ _ _ _ _ _ _ _ _ _ _ _ _ _ _ _ _ _ _ _ \n\nself = <selenium.webdriver.support.wait.WebDriverWait (session=\"904ddececc93065309a202a216ac041f\")>\nmethod = <function presence_of_element_located.<locals>._predicate at 0x7fb60123f240>\nmessage = 'Can\\'t find element by locator (\\'xpath\\', \\'//tbody[@id=\"tbody_dbs\"] /tr[1]/td[7] /button\\')'\n\n    def until(self, method: Callable[[D], Union[Literal[False], T]], message: str = \"\") -> T:\n        \"\"\"Calls the method provided with the driver as an argument until the \\\n        return value does not evaluate to ``False``.\n    \n        :param method: callable(WebDriver)\n        :param message: optional message for :exc:`TimeoutException`\n        :returns: the result of the last call to `method`\n        :raises: :exc:`selenium.common.exceptions.TimeoutException` if timeout occurs\n        \"\"\"\n        screen = None\n        stacktrace = None\n    \n        end_time = time.monotonic() + self._timeout\n        while True:\n            try:\n                value = method(self._driver)\n                if value:\n                    return value\n            except self._ignored_exceptions as exc:\n                screen = getattr(exc, \"screen\", None)\n                stacktrace = getattr(exc, \"stacktrace\", None)\n            time.sleep(self._poll)\n            if time.monotonic() > end_time:\n                break\n>       raise TimeoutException(message, screen, stacktrace)\nE       selenium.common.exceptions.TimeoutException: Message: Can't find element by locator ('xpath', '//tbody[@id=\"tbody_dbs\"] /tr[1]/td[7] /button')\nE       Stacktrace:\nE       #0 0x5565674c38da <unknown>\nE       #1 0x556567191e50 <unknown>\nE       #2 0x5565671e1644 <unknown>\nE       #3 0x5565671e1931 <unknown>\nE       #4 0x556567227534 <unknown>\nE       #5 0x5565672064bd <unknown>\nE       #6 0x5565672249c6 <unknown>\nE       #7 0x556567206233 <unknown>\nE       #8 0x5565671d4093 <unknown>\nE       #9 0x5565671d509e <unknown>\nE       #10 0x55656748ab3b <unknown>\nE       #11 0x55656748eaf1 <unknown>\nE       #12 0x556567476705 <unknown>\nE       #13 0x55656748f662 <unknown>\nE       #14 0x55656745b8df <unknown>\nE       #15 0x5565674b26d8 <unknown>\nE       #16 0x5565674b28a2 <unknown>\nE       #17 0x5565674c26cc <unknown>\nE       #18 0x7f91e4494ac3 <unknown>\n\n/opt/hostedtoolcache/Python/3.12.5/x64/lib/python3.12/site-packages/selenium/webdriver/support/wait.py:105: TimeoutException",
    "steps" : [ {
      "name" : "Click \"Databases\" button.",
      "time" : {
        "start" : 1725672168839,
        "stop" : 1725672170208,
        "duration" : 1369
      },
      "status" : "passed",
      "steps" : [ {
        "name" : "element_is_present_and_clickable",
        "time" : {
          "start" : 1725672168839,
          "stop" : 1725672170185,
          "duration" : 1346
        },
        "status" : "passed",
        "steps" : [ ],
        "attachments" : [ ],
        "parameters" : [ {
          "name" : "locator",
          "value" : "('xpath', '//button[@id = \"menu_button_databases\"]')"
        } ],
        "attachmentsCount" : 0,
        "shouldDisplayMessage" : false,
        "hasContent" : true,
        "stepsCount" : 0
      } ],
      "attachments" : [ ],
      "parameters" : [ ],
      "attachmentsCount" : 0,
      "shouldDisplayMessage" : false,
      "hasContent" : true,
      "stepsCount" : 1
    }, {
      "name" : "check_clipboard_jdbc",
      "time" : {
        "start" : 1725672170209,
        "stop" : 1725672175940,
        "duration" : 5731
      },
      "status" : "broken",
      "statusMessage" : "selenium.common.exceptions.TimeoutException: Message: Can't find element by locator ('xpath', '//tbody[@id=\"tbody_dbs\"] /tr[1]/td[7] /button')\nStacktrace:\n#0 0x5565674c38da <unknown>\n#1 0x556567191e50 <unknown>\n#2 0x5565671e1644 <unknown>\n#3 0x5565671e1931 <unknown>\n#4 0x556567227534 <unknown>\n#5 0x5565672064bd <unknown>\n#6 0x5565672249c6 <unknown>\n#7 0x556567206233 <unknown>\n#8 0x5565671d4093 <unknown>\n#9 0x5565671d509e <unknown>\n#10 0x55656748ab3b <unknown>\n#11 0x55656748eaf1 <unknown>\n#12 0x556567476705 <unknown>\n#13 0x55656748f662 <unknown>\n#14 0x55656745b8df <unknown>\n#15 0x5565674b26d8 <unknown>\n#16 0x5565674b28a2 <unknown>\n#17 0x5565674c26cc <unknown>\n#18 0x7f91e4494ac3 <unknown>\n\n",
      "statusTrace" : "  File \"/opt/hostedtoolcache/Python/3.12.5/x64/lib/python3.12/site-packages/allure_commons/_allure.py\", line 192, in impl\n    return func(*a, **kw)\n           ^^^^^^^^^^^^^^\n  File \"/home/runner/work/Oblache/Oblache/tests_ui/profile_page.py\", line 117, in check_clipboard_jdbc\n    button = self.element_is_visible((By.XPATH, '//tbody[@id=\"tbody_dbs\"] /tr[1]/td[7] /button'))\n             ^^^^^^^^^^^^^^^^^^^^^^^^^^^^^^^^^^^^^^^^^^^^^^^^^^^^^^^^^^^^^^^^^^^^^^^^^^^^^^^^^^^^\n  File \"/home/runner/work/Oblache/Oblache/tests_ui/base_page.py\", line 32, in element_is_visible\n    self.go_to_element(self.element_is_present(locator))\n                       ^^^^^^^^^^^^^^^^^^^^^^^^^^^^^^^^\n  File \"/home/runner/work/Oblache/Oblache/tests_ui/base_page.py\", line 45, in element_is_present\n    return Wait(self.driver, self.timeout).until(\n           ^^^^^^^^^^^^^^^^^^^^^^^^^^^^^^^^^^^^^^\n  File \"/opt/hostedtoolcache/Python/3.12.5/x64/lib/python3.12/site-packages/selenium/webdriver/support/wait.py\", line 105, in until\n    raise TimeoutException(message, screen, stacktrace)\n",
      "steps" : [ ],
      "attachments" : [ ],
      "parameters" : [ {
        "name" : "token",
        "value" : "'6d55440d-5e1a-4e75-977a-19a96339fb07'"
      } ],
      "attachmentsCount" : 0,
      "shouldDisplayMessage" : true,
      "hasContent" : true,
      "stepsCount" : 0
    } ],
    "attachments" : [ ],
    "parameters" : [ ],
    "attachmentsCount" : 0,
    "shouldDisplayMessage" : true,
    "hasContent" : true,
    "stepsCount" : 3
  },
  "afterStages" : [ {
    "name" : "driver::0",
    "time" : {
      "start" : 1725672175955,
      "stop" : 1725672176102,
      "duration" : 147
    },
    "status" : "passed",
    "steps" : [ ],
    "attachments" : [ {
      "uid" : "b12e3b440f6e2c9f",
      "name" : "Screenshot 2024-09-07 01:22:56.037518",
      "source" : "b12e3b440f6e2c9f.png",
      "type" : "image/png",
      "size" : 104012
    } ],
    "parameters" : [ ],
    "attachmentsCount" : 1,
    "shouldDisplayMessage" : false,
    "hasContent" : true,
    "stepsCount" : 0
  } ],
  "labels" : [ {
    "name" : "suite",
    "value" : "Test Profile Page."
  }, {
    "name" : "parentSuite",
    "value" : "tests_ui"
  }, {
    "name" : "subSuite",
    "value" : "TestProfilePage"
  }, {
    "name" : "host",
    "value" : "fv-az841-119"
  }, {
    "name" : "thread",
    "value" : "2353-MainThread"
  }, {
    "name" : "framework",
    "value" : "pytest"
  }, {
    "name" : "language",
    "value" : "cpython3"
  }, {
    "name" : "package",
    "value" : "tests_ui.test_ui"
  }, {
    "name" : "resultFormat",
    "value" : "allure2"
  } ],
  "parameters" : [ ],
  "links" : [ ],
  "hidden" : false,
  "retry" : false,
  "extra" : {
    "severity" : "normal",
    "retries" : [ ],
    "categories" : [ {
      "name" : "Test defects",
      "matchedStatuses" : [ ],
      "flaky" : false
    } ],
    "history" : {
      "statistic" : {
        "failed" : 0,
        "broken" : 24,
        "skipped" : 0,
        "passed" : 0,
        "unknown" : 0,
        "total" : 24
      },
      "items" : [ {
        "uid" : "10ffc2b12ff40f63",
        "reportUrl" : "https://Areso.github.io/Oblache/148//#testresult/10ffc2b12ff40f63",
        "status" : "broken",
        "statusDetails" : "selenium.common.exceptions.TimeoutException: Message: Can't find element by locator ('xpath', '//tbody[@id=\"tbody_dbs\"] /tr[1]/td[7] /button')\nStacktrace:\n#0 0x55ef013f38da <unknown>\n#1 0x55ef010c1e50 <unknown>\n#2 0x55ef01111644 <unknown>\n#3 0x55ef01111931 <unknown>\n#4 0x55ef01157534 <unknown>\n#5 0x55ef011364bd <unknown>\n#6 0x55ef011549c6 <unknown>\n#7 0x55ef01136233 <unknown>\n#8 0x55ef01104093 <unknown>\n#9 0x55ef0110509e <unknown>\n#10 0x55ef013bab3b <unknown>\n#11 0x55ef013beaf1 <unknown>\n#12 0x55ef013a6705 <unknown>\n#13 0x55ef013bf662 <unknown>\n#14 0x55ef0138b8df <unknown>\n#15 0x55ef013e26d8 <unknown>\n#16 0x55ef013e28a2 <unknown>\n#17 0x55ef013f26cc <unknown>\n#18 0x7fc60c894ac3 <unknown>",
        "time" : {
          "start" : 1725585955384,
          "stop" : 1725585961963,
          "duration" : 6579
        }
      }, {
        "uid" : "e6cefbb1ff9128b",
        "reportUrl" : "https://Areso.github.io/Oblache/147//#testresult/e6cefbb1ff9128b",
        "status" : "broken",
        "statusDetails" : "selenium.common.exceptions.TimeoutException: Message: Can't find element by locator ('xpath', '//tbody[@id=\"tbody_dbs\"] /tr[1]/td[7] /button')\nStacktrace:\n#0 0x5608608408da <unknown>\n#1 0x56086050ee50 <unknown>\n#2 0x56086055e644 <unknown>\n#3 0x56086055e931 <unknown>\n#4 0x5608605a4534 <unknown>\n#5 0x5608605834bd <unknown>\n#6 0x5608605a19c6 <unknown>\n#7 0x560860583233 <unknown>\n#8 0x560860551093 <unknown>\n#9 0x56086055209e <unknown>\n#10 0x560860807b3b <unknown>\n#11 0x56086080baf1 <unknown>\n#12 0x5608607f3705 <unknown>\n#13 0x56086080c662 <unknown>\n#14 0x5608607d88df <unknown>\n#15 0x56086082f6d8 <unknown>\n#16 0x56086082f8a2 <unknown>\n#17 0x56086083f6cc <unknown>\n#18 0x7f4871894ac3 <unknown>",
        "time" : {
          "start" : 1725499612401,
          "stop" : 1725499619085,
          "duration" : 6684
        }
      }, {
        "uid" : "168ca524e6e3486c",
        "reportUrl" : "https://Areso.github.io/Oblache/146//#testresult/168ca524e6e3486c",
        "status" : "broken",
        "statusDetails" : "selenium.common.exceptions.TimeoutException: Message: Can't find element by locator ('xpath', '//tbody[@id=\"tbody_dbs\"] /tr[1]/td[7] /button')\nStacktrace:\n#0 0x5629e7f0e81a <unknown>\n#1 0x5629e7bdce50 <unknown>\n#2 0x5629e7c2c644 <unknown>\n#3 0x5629e7c2c931 <unknown>\n#4 0x5629e7c72534 <unknown>\n#5 0x5629e7c514bd <unknown>\n#6 0x5629e7c6f9c6 <unknown>\n#7 0x5629e7c51233 <unknown>\n#8 0x5629e7c1f093 <unknown>\n#9 0x5629e7c2009e <unknown>\n#10 0x5629e7ed5a7b <unknown>\n#11 0x5629e7ed9a31 <unknown>\n#12 0x5629e7ec1645 <unknown>\n#13 0x5629e7eda5a2 <unknown>\n#14 0x5629e7ea681f <unknown>\n#15 0x5629e7efd618 <unknown>\n#16 0x5629e7efd7e2 <unknown>\n#17 0x5629e7f0d60c <unknown>\n#18 0x7f039fe94ac3 <unknown>",
        "time" : {
          "start" : 1725413027531,
          "stop" : 1725413034608,
          "duration" : 7077
        }
      }, {
        "uid" : "6ccd45259cc896b1",
        "reportUrl" : "https://Areso.github.io/Oblache/145//#testresult/6ccd45259cc896b1",
        "status" : "broken",
        "statusDetails" : "selenium.common.exceptions.TimeoutException: Message: Can't find element by locator ('xpath', '//tbody[@id=\"tbody_dbs\"] /tr[1]/td[7] /button')\nStacktrace:\n#0 0x55ef08ede81a <unknown>\n#1 0x55ef08bace50 <unknown>\n#2 0x55ef08bfc644 <unknown>\n#3 0x55ef08bfc931 <unknown>\n#4 0x55ef08c42534 <unknown>\n#5 0x55ef08c214bd <unknown>\n#6 0x55ef08c3f9c6 <unknown>\n#7 0x55ef08c21233 <unknown>\n#8 0x55ef08bef093 <unknown>\n#9 0x55ef08bf009e <unknown>\n#10 0x55ef08ea5a7b <unknown>\n#11 0x55ef08ea9a31 <unknown>\n#12 0x55ef08e91645 <unknown>\n#13 0x55ef08eaa5a2 <unknown>\n#14 0x55ef08e7681f <unknown>\n#15 0x55ef08ecd618 <unknown>\n#16 0x55ef08ecd7e2 <unknown>\n#17 0x55ef08edd60c <unknown>\n#18 0x7ff583e94ac3 <unknown>",
        "time" : {
          "start" : 1725326570530,
          "stop" : 1725326578089,
          "duration" : 7559
        }
      }, {
        "uid" : "767d5de654e404d4",
        "reportUrl" : "https://Areso.github.io/Oblache/144//#testresult/767d5de654e404d4",
        "status" : "broken",
        "statusDetails" : "selenium.common.exceptions.TimeoutException: Message: Can't find element by locator ('xpath', '//tbody[@id=\"tbody_dbs\"] /tr[1]/td[7] /button')\nStacktrace:\n#0 0x55d0c676c81a <unknown>\n#1 0x55d0c643ae50 <unknown>\n#2 0x55d0c648a644 <unknown>\n#3 0x55d0c648a931 <unknown>\n#4 0x55d0c64d0534 <unknown>\n#5 0x55d0c64af4bd <unknown>\n#6 0x55d0c64cd9c6 <unknown>\n#7 0x55d0c64af233 <unknown>\n#8 0x55d0c647d093 <unknown>\n#9 0x55d0c647e09e <unknown>\n#10 0x55d0c6733a7b <unknown>\n#11 0x55d0c6737a31 <unknown>\n#12 0x55d0c671f645 <unknown>\n#13 0x55d0c67385a2 <unknown>\n#14 0x55d0c670481f <unknown>\n#15 0x55d0c675b618 <unknown>\n#16 0x55d0c675b7e2 <unknown>\n#17 0x55d0c676b60c <unknown>\n#18 0x7fd19b494ac3 <unknown>",
        "time" : {
          "start" : 1725240286930,
          "stop" : 1725240293998,
          "duration" : 7068
        }
      }, {
        "uid" : "8fe1844360646ef7",
        "reportUrl" : "https://Areso.github.io/Oblache/143//#testresult/8fe1844360646ef7",
        "status" : "broken",
        "statusDetails" : "selenium.common.exceptions.TimeoutException: Message: Can't find element by locator ('xpath', '//tbody[@id=\"tbody_dbs\"] /tr[1]/td[7] /button')\nStacktrace:\n#0 0x55e1d030b81a <unknown>\n#1 0x55e1cffd9e50 <unknown>\n#2 0x55e1d0029644 <unknown>\n#3 0x55e1d0029931 <unknown>\n#4 0x55e1d006f534 <unknown>\n#5 0x55e1d004e4bd <unknown>\n#6 0x55e1d006c9c6 <unknown>\n#7 0x55e1d004e233 <unknown>\n#8 0x55e1d001c093 <unknown>\n#9 0x55e1d001d09e <unknown>\n#10 0x55e1d02d2a7b <unknown>\n#11 0x55e1d02d6a31 <unknown>\n#12 0x55e1d02be645 <unknown>\n#13 0x55e1d02d75a2 <unknown>\n#14 0x55e1d02a381f <unknown>\n#15 0x55e1d02fa618 <unknown>\n#16 0x55e1d02fa7e2 <unknown>\n#17 0x55e1d030a60c <unknown>\n#18 0x7f40dee94ac3 <unknown>",
        "time" : {
          "start" : 1725154894296,
          "stop" : 1725154900988,
          "duration" : 6692
        }
      }, {
        "uid" : "6783ac93be358c1d",
        "reportUrl" : "https://Areso.github.io/Oblache/142//#testresult/6783ac93be358c1d",
        "status" : "broken",
        "statusDetails" : "selenium.common.exceptions.TimeoutException: Message: Can't find element by locator ('xpath', '//tbody[@id=\"tbody_dbs\"] /tr[1]/td[7] /button')\nStacktrace:\n#0 0x56108f78981a <unknown>\n#1 0x56108f457e50 <unknown>\n#2 0x56108f4a7644 <unknown>\n#3 0x56108f4a7931 <unknown>\n#4 0x56108f4ed534 <unknown>\n#5 0x56108f4cc4bd <unknown>\n#6 0x56108f4ea9c6 <unknown>\n#7 0x56108f4cc233 <unknown>\n#8 0x56108f49a093 <unknown>\n#9 0x56108f49b09e <unknown>\n#10 0x56108f750a7b <unknown>\n#11 0x56108f754a31 <unknown>\n#12 0x56108f73c645 <unknown>\n#13 0x56108f7555a2 <unknown>\n#14 0x56108f72181f <unknown>\n#15 0x56108f778618 <unknown>\n#16 0x56108f7787e2 <unknown>\n#17 0x56108f78860c <unknown>\n#18 0x7f430f494ac3 <unknown>",
        "time" : {
          "start" : 1725067367467,
          "stop" : 1725067373975,
          "duration" : 6508
        }
      }, {
        "uid" : "28635d4f7547684d",
        "reportUrl" : "https://Areso.github.io/Oblache/141//#testresult/28635d4f7547684d",
        "status" : "broken",
        "statusDetails" : "selenium.common.exceptions.TimeoutException: Message: Can't find element by locator ('xpath', '//tbody[@id=\"tbody_dbs\"] /tr[1]/td[7] /button')\nStacktrace:\n#0 0x55bb8ca5881a <unknown>\n#1 0x55bb8c726e50 <unknown>\n#2 0x55bb8c776644 <unknown>\n#3 0x55bb8c776931 <unknown>\n#4 0x55bb8c7bc534 <unknown>\n#5 0x55bb8c79b4bd <unknown>\n#6 0x55bb8c7b99c6 <unknown>\n#7 0x55bb8c79b233 <unknown>\n#8 0x55bb8c769093 <unknown>\n#9 0x55bb8c76a09e <unknown>\n#10 0x55bb8ca1fa7b <unknown>\n#11 0x55bb8ca23a31 <unknown>\n#12 0x55bb8ca0b645 <unknown>\n#13 0x55bb8ca245a2 <unknown>\n#14 0x55bb8c9f081f <unknown>\n#15 0x55bb8ca47618 <unknown>\n#16 0x55bb8ca477e2 <unknown>\n#17 0x55bb8ca5760c <unknown>\n#18 0x7fcb9b894ac3 <unknown>",
        "time" : {
          "start" : 1724980958993,
          "stop" : 1724980965556,
          "duration" : 6563
        }
      }, {
        "uid" : "b25d41f57b972c5a",
        "reportUrl" : "https://Areso.github.io/Oblache/140//#testresult/b25d41f57b972c5a",
        "status" : "broken",
        "statusDetails" : "selenium.common.exceptions.TimeoutException: Message: Can't find element by locator ('xpath', '//tbody[@id=\"tbody_dbs\"] /tr[1]/td[7] /button')\nStacktrace:\n#0 0x56209380b81a <unknown>\n#1 0x5620934d9e50 <unknown>\n#2 0x562093529644 <unknown>\n#3 0x562093529931 <unknown>\n#4 0x56209356f534 <unknown>\n#5 0x56209354e4bd <unknown>\n#6 0x56209356c9c6 <unknown>\n#7 0x56209354e233 <unknown>\n#8 0x56209351c093 <unknown>\n#9 0x56209351d09e <unknown>\n#10 0x5620937d2a7b <unknown>\n#11 0x5620937d6a31 <unknown>\n#12 0x5620937be645 <unknown>\n#13 0x5620937d75a2 <unknown>\n#14 0x5620937a381f <unknown>\n#15 0x5620937fa618 <unknown>\n#16 0x5620937fa7e2 <unknown>\n#17 0x56209380a60c <unknown>\n#18 0x7f7345694ac3 <unknown>",
        "time" : {
          "start" : 1724894569763,
          "stop" : 1724894576437,
          "duration" : 6674
        }
      }, {
        "uid" : "2c0d09204a8b5a34",
        "reportUrl" : "https://Areso.github.io/Oblache/139//#testresult/2c0d09204a8b5a34",
        "status" : "broken",
        "statusDetails" : "selenium.common.exceptions.TimeoutException: Message: Can't find element by locator ('xpath', '//tbody[@id=\"tbody_dbs\"] /tr[1]/td[7] /button')\nStacktrace:\n#0 0x557a047646ca <unknown>\n#1 0x557a04435600 <unknown>\n#2 0x557a04484bcb <unknown>\n#3 0x557a04484eb1 <unknown>\n#4 0x557a044c8b24 <unknown>\n#5 0x557a044a78cd <unknown>\n#6 0x557a044c604a <unknown>\n#7 0x557a044a7643 <unknown>\n#8 0x557a04477d31 <unknown>\n#9 0x557a0447879e <unknown>\n#10 0x557a0472c25b <unknown>\n#11 0x557a047301f2 <unknown>\n#12 0x557a04719615 <unknown>\n#13 0x557a04730d82 <unknown>\n#14 0x557a046fe25f <unknown>\n#15 0x557a04753e68 <unknown>\n#16 0x557a04754040 <unknown>\n#17 0x557a0476349c <unknown>\n#18 0x7f3649294ac3 <unknown>",
        "time" : {
          "start" : 1724808103843,
          "stop" : 1724808111068,
          "duration" : 7225
        }
      }, {
        "uid" : "117577e5328afee1",
        "reportUrl" : "https://Areso.github.io/Oblache/138//#testresult/117577e5328afee1",
        "status" : "broken",
        "statusDetails" : "selenium.common.exceptions.TimeoutException: Message: Can't find element by locator ('xpath', '//tbody[@id=\"tbody_dbs\"] /tr[1]/td[7] /button')\nStacktrace:\n#0 0x565554fd06ca <unknown>\n#1 0x565554ca1600 <unknown>\n#2 0x565554cf0bcb <unknown>\n#3 0x565554cf0eb1 <unknown>\n#4 0x565554d34b24 <unknown>\n#5 0x565554d138cd <unknown>\n#6 0x565554d3204a <unknown>\n#7 0x565554d13643 <unknown>\n#8 0x565554ce3d31 <unknown>\n#9 0x565554ce479e <unknown>\n#10 0x565554f9825b <unknown>\n#11 0x565554f9c1f2 <unknown>\n#12 0x565554f85615 <unknown>\n#13 0x565554f9cd82 <unknown>\n#14 0x565554f6a25f <unknown>\n#15 0x565554fbfe68 <unknown>\n#16 0x565554fc0040 <unknown>\n#17 0x565554fcf49c <unknown>\n#18 0x7f3936e94ac3 <unknown>",
        "time" : {
          "start" : 1724721700281,
          "stop" : 1724721706868,
          "duration" : 6587
        }
      }, {
        "uid" : "3af30c248c305668",
        "reportUrl" : "https://Areso.github.io/Oblache/137//#testresult/3af30c248c305668",
        "status" : "broken",
        "statusDetails" : "selenium.common.exceptions.TimeoutException: Message: Can't find element by locator ('xpath', '//tbody[@id=\"tbody_dbs\"] /tr[1]/td[7] /button')\nStacktrace:\n#0 0x557b29b796ca <unknown>\n#1 0x557b2984a600 <unknown>\n#2 0x557b29899bcb <unknown>\n#3 0x557b29899eb1 <unknown>\n#4 0x557b298ddb24 <unknown>\n#5 0x557b298bc8cd <unknown>\n#6 0x557b298db04a <unknown>\n#7 0x557b298bc643 <unknown>\n#8 0x557b2988cd31 <unknown>\n#9 0x557b2988d79e <unknown>\n#10 0x557b29b4125b <unknown>\n#11 0x557b29b451f2 <unknown>\n#12 0x557b29b2e615 <unknown>\n#13 0x557b29b45d82 <unknown>\n#14 0x557b29b1325f <unknown>\n#15 0x557b29b68e68 <unknown>\n#16 0x557b29b69040 <unknown>\n#17 0x557b29b7849c <unknown>\n#18 0x7f658da94ac3 <unknown>",
        "time" : {
          "start" : 1724635269439,
          "stop" : 1724635276682,
          "duration" : 7243
        }
      }, {
        "uid" : "184200b0646b4c70",
        "reportUrl" : "https://Areso.github.io/Oblache/136//#testresult/184200b0646b4c70",
        "status" : "broken",
        "statusDetails" : "selenium.common.exceptions.TimeoutException: Message: Can't find element by locator ('xpath', '//tbody[@id=\"tbody_dbs\"] /tr[1]/td[7] /button')\nStacktrace:\n#0 0x56274416c6ca <unknown>\n#1 0x562743e3d600 <unknown>\n#2 0x562743e8cbcb <unknown>\n#3 0x562743e8ceb1 <unknown>\n#4 0x562743ed0b24 <unknown>\n#5 0x562743eaf8cd <unknown>\n#6 0x562743ece04a <unknown>\n#7 0x562743eaf643 <unknown>\n#8 0x562743e7fd31 <unknown>\n#9 0x562743e8079e <unknown>\n#10 0x56274413425b <unknown>\n#11 0x5627441381f2 <unknown>\n#12 0x562744121615 <unknown>\n#13 0x562744138d82 <unknown>\n#14 0x56274410625f <unknown>\n#15 0x56274415be68 <unknown>\n#16 0x56274415c040 <unknown>\n#17 0x56274416b49c <unknown>\n#18 0x7fe80a694ac3 <unknown>",
        "time" : {
          "start" : 1724549139628,
          "stop" : 1724549146277,
          "duration" : 6649
        }
      }, {
        "uid" : "fa4e07fabb132f81",
        "reportUrl" : "https://Areso.github.io/Oblache/135//#testresult/fa4e07fabb132f81",
        "status" : "broken",
        "statusDetails" : "selenium.common.exceptions.TimeoutException: Message: Can't find element by locator ('xpath', '//tbody[@id=\"tbody_dbs\"] /tr[1]/td[7] /button')\nStacktrace:\n#0 0x5629bdc246ca <unknown>\n#1 0x5629bd8f5600 <unknown>\n#2 0x5629bd944bcb <unknown>\n#3 0x5629bd944eb1 <unknown>\n#4 0x5629bd988b24 <unknown>\n#5 0x5629bd9678cd <unknown>\n#6 0x5629bd98604a <unknown>\n#7 0x5629bd967643 <unknown>\n#8 0x5629bd937d31 <unknown>\n#9 0x5629bd93879e <unknown>\n#10 0x5629bdbec25b <unknown>\n#11 0x5629bdbf01f2 <unknown>\n#12 0x5629bdbd9615 <unknown>\n#13 0x5629bdbf0d82 <unknown>\n#14 0x5629bdbbe25f <unknown>\n#15 0x5629bdc13e68 <unknown>\n#16 0x5629bdc14040 <unknown>\n#17 0x5629bdc2349c <unknown>\n#18 0x7fa7fee94ac3 <unknown>",
        "time" : {
          "start" : 1724462322822,
          "stop" : 1724462329613,
          "duration" : 6791
        }
      }, {
        "uid" : "47c9358b00b47879",
        "reportUrl" : "https://Areso.github.io/Oblache/134//#testresult/47c9358b00b47879",
        "status" : "broken",
        "statusDetails" : "selenium.common.exceptions.TimeoutException: Message: Can't find element by locator ('xpath', '//tbody[@id=\"tbody_dbs\"] /tr[1]/td[7] /button')\nStacktrace:\n#0 0x5582913816ca <unknown>\n#1 0x558291052600 <unknown>\n#2 0x5582910a1bcb <unknown>\n#3 0x5582910a1eb1 <unknown>\n#4 0x5582910e5b24 <unknown>\n#5 0x5582910c48cd <unknown>\n#6 0x5582910e304a <unknown>\n#7 0x5582910c4643 <unknown>\n#8 0x558291094d31 <unknown>\n#9 0x55829109579e <unknown>\n#10 0x55829134925b <unknown>\n#11 0x55829134d1f2 <unknown>\n#12 0x558291336615 <unknown>\n#13 0x55829134dd82 <unknown>\n#14 0x55829131b25f <unknown>\n#15 0x558291370e68 <unknown>\n#16 0x558291371040 <unknown>\n#17 0x55829138049c <unknown>\n#18 0x7f10e7a94ac3 <unknown>",
        "time" : {
          "start" : 1724375982126,
          "stop" : 1724375988767,
          "duration" : 6641
        }
      }, {
        "uid" : "c4e5761eac83d66e",
        "reportUrl" : "https://Areso.github.io/Oblache/133//#testresult/c4e5761eac83d66e",
        "status" : "broken",
        "statusDetails" : "selenium.common.exceptions.TimeoutException: Message: Can't find element by locator ('xpath', '//tbody[@id=\"tbody_dbs\"] /tr[1]/td[7] /button')\nStacktrace:\n#0 0x5567d77746ca <unknown>\n#1 0x5567d7445600 <unknown>\n#2 0x5567d7494bcb <unknown>\n#3 0x5567d7494eb1 <unknown>\n#4 0x5567d74d8b24 <unknown>\n#5 0x5567d74b78cd <unknown>\n#6 0x5567d74d604a <unknown>\n#7 0x5567d74b7643 <unknown>\n#8 0x5567d7487d31 <unknown>\n#9 0x5567d748879e <unknown>\n#10 0x5567d773c25b <unknown>\n#11 0x5567d77401f2 <unknown>\n#12 0x5567d7729615 <unknown>\n#13 0x5567d7740d82 <unknown>\n#14 0x5567d770e25f <unknown>\n#15 0x5567d7763e68 <unknown>\n#16 0x5567d7764040 <unknown>\n#17 0x5567d777349c <unknown>\n#18 0x7fddce694ac3 <unknown>",
        "time" : {
          "start" : 1724289707198,
          "stop" : 1724289714442,
          "duration" : 7244
        }
      }, {
        "uid" : "efb2995e3f1df04d",
        "reportUrl" : "https://Areso.github.io/Oblache/132//#testresult/efb2995e3f1df04d",
        "status" : "broken",
        "statusDetails" : "selenium.common.exceptions.TimeoutException: Message: Can't find element by locator ('xpath', '//tbody[@id=\"tbody_dbs\"] /tr[1]/td[7] /button')\nStacktrace:\n#0 0x558230ae36aa <unknown>\n#1 0x5582307b4600 <unknown>\n#2 0x558230803bcb <unknown>\n#3 0x558230803eb1 <unknown>\n#4 0x558230847b24 <unknown>\n#5 0x5582308268cd <unknown>\n#6 0x55823084504a <unknown>\n#7 0x558230826643 <unknown>\n#8 0x5582307f6d31 <unknown>\n#9 0x5582307f779e <unknown>\n#10 0x558230aab23b <unknown>\n#11 0x558230aaf1d2 <unknown>\n#12 0x558230a985f5 <unknown>\n#13 0x558230aafd62 <unknown>\n#14 0x558230a7d23f <unknown>\n#15 0x558230ad2e48 <unknown>\n#16 0x558230ad3020 <unknown>\n#17 0x558230ae247c <unknown>\n#18 0x7f00eee94ac3 <unknown>",
        "time" : {
          "start" : 1724203200274,
          "stop" : 1724203207138,
          "duration" : 6864
        }
      }, {
        "uid" : "63ed6a1f08cc68f8",
        "reportUrl" : "https://Areso.github.io/Oblache/131//#testresult/63ed6a1f08cc68f8",
        "status" : "broken",
        "statusDetails" : "selenium.common.exceptions.TimeoutException: Message: Can't find element by locator ('xpath', '//tbody[@id=\"tbody_dbs\"] /tr[1]/td[7] /button')\nStacktrace:\n#0 0x55d49a09b6aa <unknown>\n#1 0x55d499d6c600 <unknown>\n#2 0x55d499dbbbcb <unknown>\n#3 0x55d499dbbeb1 <unknown>\n#4 0x55d499dffb24 <unknown>\n#5 0x55d499dde8cd <unknown>\n#6 0x55d499dfd04a <unknown>\n#7 0x55d499dde643 <unknown>\n#8 0x55d499daed31 <unknown>\n#9 0x55d499daf79e <unknown>\n#10 0x55d49a06323b <unknown>\n#11 0x55d49a0671d2 <unknown>\n#12 0x55d49a0505f5 <unknown>\n#13 0x55d49a067d62 <unknown>\n#14 0x55d49a03523f <unknown>\n#15 0x55d49a08ae48 <unknown>\n#16 0x55d49a08b020 <unknown>\n#17 0x55d49a09a47c <unknown>\n#18 0x7f34f2294ac3 <unknown>",
        "time" : {
          "start" : 1724116784518,
          "stop" : 1724116792274,
          "duration" : 7756
        }
      }, {
        "uid" : "e5f65cdbedd89969",
        "reportUrl" : "https://Areso.github.io/Oblache/130//#testresult/e5f65cdbedd89969",
        "status" : "broken",
        "statusDetails" : "selenium.common.exceptions.TimeoutException: Message: Can't find element by locator ('xpath', '//tbody[@id=\"tbody_dbs\"] /tr[1]/td[7] /button')\nStacktrace:\n#0 0x56331676b6aa <unknown>\n#1 0x56331643c600 <unknown>\n#2 0x56331648bbcb <unknown>\n#3 0x56331648beb1 <unknown>\n#4 0x5633164cfb24 <unknown>\n#5 0x5633164ae8cd <unknown>\n#6 0x5633164cd04a <unknown>\n#7 0x5633164ae643 <unknown>\n#8 0x56331647ed31 <unknown>\n#9 0x56331647f79e <unknown>\n#10 0x56331673323b <unknown>\n#11 0x5633167371d2 <unknown>\n#12 0x5633167205f5 <unknown>\n#13 0x563316737d62 <unknown>\n#14 0x56331670523f <unknown>\n#15 0x56331675ae48 <unknown>\n#16 0x56331675b020 <unknown>\n#17 0x56331676a47c <unknown>\n#18 0x7fc27ae94ac3 <unknown>",
        "time" : {
          "start" : 1724030431925,
          "stop" : 1724030438528,
          "duration" : 6603
        }
      }, {
        "uid" : "87bca9cb55edfecb",
        "reportUrl" : "https://Areso.github.io/Oblache/129//#testresult/87bca9cb55edfecb",
        "status" : "broken",
        "statusDetails" : "selenium.common.exceptions.TimeoutException: Message: Can't find element by locator ('xpath', '//tbody[@id=\"tbody_dbs\"] /tr[1]/td[7] /button')\nStacktrace:\n#0 0x563defc5e6aa <unknown>\n#1 0x563def92f600 <unknown>\n#2 0x563def97ebcb <unknown>\n#3 0x563def97eeb1 <unknown>\n#4 0x563def9c2b24 <unknown>\n#5 0x563def9a18cd <unknown>\n#6 0x563def9c004a <unknown>\n#7 0x563def9a1643 <unknown>\n#8 0x563def971d31 <unknown>\n#9 0x563def97279e <unknown>\n#10 0x563defc2623b <unknown>\n#11 0x563defc2a1d2 <unknown>\n#12 0x563defc135f5 <unknown>\n#13 0x563defc2ad62 <unknown>\n#14 0x563defbf823f <unknown>\n#15 0x563defc4de48 <unknown>\n#16 0x563defc4e020 <unknown>\n#17 0x563defc5d47c <unknown>\n#18 0x7f6c81094ac3 <unknown>",
        "time" : {
          "start" : 1723944288112,
          "stop" : 1723944294936,
          "duration" : 6824
        }
      } ]
    },
    "tags" : [ ]
  },
  "source" : "23cd16c6bda083bf.json",
  "parameterValues" : [ ]
}