{
  "uid" : "7591621a0c571423",
  "name" : "test_check_title_of_static_table",
  "fullName" : "tests_ui.test_ui.TestProfilePage#test_check_title_of_static_table",
  "historyId" : "eb2cea1546ad6874ff07a2bb88c686ae",
  "time" : {
    "start" : 1734744418725,
    "stop" : 1734744424174,
    "duration" : 5449
  },
  "status" : "broken",
  "statusMessage" : "selenium.common.exceptions.TimeoutException: Message: Can't find element by locator ('xpath', '//button[@id=\"menu_button_webpages\"]')\nStacktrace:\n#0 0x559ab905031a <unknown>\n#1 0x559ab8b666e0 <unknown>\n#2 0x559ab8bb53e6 <unknown>\n#3 0x559ab8bb5681 <unknown>\n#4 0x559ab8bfab04 <unknown>\n#5 0x559ab8bd948d <unknown>\n#6 0x559ab8bf7ed7 <unknown>\n#7 0x559ab8bd9203 <unknown>\n#8 0x559ab8ba7cc0 <unknown>\n#9 0x559ab8ba8c9e <unknown>\n#10 0x559ab901dd0b <unknown>\n#11 0x559ab9021c92 <unknown>\n#12 0x559ab900ab3c <unknown>\n#13 0x559ab9022807 <unknown>\n#14 0x559ab8ff00df <unknown>\n#15 0x559ab903f578 <unknown>\n#16 0x559ab903f740 <unknown>\n#17 0x559ab904f196 <unknown>\n#18 0x7f986ac9ca94 <unknown>\n#19 0x7f986ad29c3c <unknown>",
  "statusTrace" : "self = <tests_ui.test_ui.TestProfilePage object at 0x7fbc83454c80>\ndriver = <selenium.webdriver.chrome.webdriver.WebDriver (session=\"dfae91b046bb7db3a5a4282970ef018d\")>\nauthorization_user = None\n\n    @allure.title('test_check_title_of_static_table')\n    def test_check_title_of_static_table(self, driver, authorization_user):\n        page = ProfilePage(driver)\n>       page.click_static_site_button()\n\ntests_ui/test_ui.py:75: \n_ _ _ _ _ _ _ _ _ _ _ _ _ _ _ _ _ _ _ _ _ _ _ _ _ _ _ _ _ _ _ _ _ _ _ _ _ _ _ _ \ntests_ui/profile_page.py:40: in click_static_site_button\n    return self.element_is_present_and_clickable(self.locators.STATIC_BUTTON).click()\ntests_ui/base_page.py:28: in element_is_present_and_clickable\n    return (Wait(self.driver, self.timeout).until(\n_ _ _ _ _ _ _ _ _ _ _ _ _ _ _ _ _ _ _ _ _ _ _ _ _ _ _ _ _ _ _ _ _ _ _ _ _ _ _ _ \n\nself = <selenium.webdriver.support.wait.WebDriverWait (session=\"dfae91b046bb7db3a5a4282970ef018d\")>\nmethod = <function visibility_of_element_located.<locals>._predicate at 0x7fbc829bd4e0>\nmessage = 'Can\\'t find element by locator (\\'xpath\\', \\'//button[@id=\"menu_button_webpages\"]\\')'\n\n    def until(self, method: Callable[[D], Union[Literal[False], T]], message: str = \"\") -> T:\n        \"\"\"Calls the method provided with the driver as an argument until the \\\n        return value does not evaluate to ``False``.\n    \n        :param method: callable(WebDriver)\n        :param message: optional message for :exc:`TimeoutException`\n        :returns: the result of the last call to `method`\n        :raises: :exc:`selenium.common.exceptions.TimeoutException` if timeout occurs\n        \"\"\"\n        screen = None\n        stacktrace = None\n    \n        end_time = time.monotonic() + self._timeout\n        while True:\n            try:\n                value = method(self._driver)\n                if value:\n                    return value\n            except self._ignored_exceptions as exc:\n                screen = getattr(exc, \"screen\", None)\n                stacktrace = getattr(exc, \"stacktrace\", None)\n            time.sleep(self._poll)\n            if time.monotonic() > end_time:\n                break\n>       raise TimeoutException(message, screen, stacktrace)\nE       selenium.common.exceptions.TimeoutException: Message: Can't find element by locator ('xpath', '//button[@id=\"menu_button_webpages\"]')\nE       Stacktrace:\nE       #0 0x559ab905031a <unknown>\nE       #1 0x559ab8b666e0 <unknown>\nE       #2 0x559ab8bb53e6 <unknown>\nE       #3 0x559ab8bb5681 <unknown>\nE       #4 0x559ab8bfab04 <unknown>\nE       #5 0x559ab8bd948d <unknown>\nE       #6 0x559ab8bf7ed7 <unknown>\nE       #7 0x559ab8bd9203 <unknown>\nE       #8 0x559ab8ba7cc0 <unknown>\nE       #9 0x559ab8ba8c9e <unknown>\nE       #10 0x559ab901dd0b <unknown>\nE       #11 0x559ab9021c92 <unknown>\nE       #12 0x559ab900ab3c <unknown>\nE       #13 0x559ab9022807 <unknown>\nE       #14 0x559ab8ff00df <unknown>\nE       #15 0x559ab903f578 <unknown>\nE       #16 0x559ab903f740 <unknown>\nE       #17 0x559ab904f196 <unknown>\nE       #18 0x7f986ac9ca94 <unknown>\nE       #19 0x7f986ad29c3c <unknown>\n\n/opt/hostedtoolcache/Python/3.12.8/x64/lib/python3.12/site-packages/selenium/webdriver/support/wait.py:105: TimeoutException",
  "flaky" : false,
  "newFailed" : false,
  "beforeStages" : [ {
    "name" : "authorization_user",
    "time" : {
      "start" : 1734744418211,
      "stop" : 1734744418725,
      "duration" : 514
    },
    "status" : "passed",
    "steps" : [ {
      "name" : "Open page: https://oblache.areso.pro/register.html",
      "time" : {
        "start" : 1734744418211,
        "stop" : 1734744418525,
        "duration" : 314
      },
      "status" : "passed",
      "steps" : [ ],
      "attachments" : [ ],
      "parameters" : [ ],
      "stepsCount" : 0,
      "attachmentsCount" : 0,
      "shouldDisplayMessage" : false,
      "hasContent" : false
    }, {
      "name" : "Login user",
      "time" : {
        "start" : 1734744418525,
        "stop" : 1734744418725,
        "duration" : 200
      },
      "status" : "passed",
      "steps" : [ {
        "name" : "Enter email.",
        "time" : {
          "start" : 1734744418525,
          "stop" : 1734744418589,
          "duration" : 64
        },
        "status" : "passed",
        "steps" : [ ],
        "attachments" : [ ],
        "parameters" : [ ],
        "stepsCount" : 0,
        "attachmentsCount" : 0,
        "shouldDisplayMessage" : false,
        "hasContent" : false
      }, {
        "name" : "Enter password.",
        "time" : {
          "start" : 1734744418589,
          "stop" : 1734744418632,
          "duration" : 43
        },
        "status" : "passed",
        "steps" : [ ],
        "attachments" : [ ],
        "parameters" : [ ],
        "stepsCount" : 0,
        "attachmentsCount" : 0,
        "shouldDisplayMessage" : false,
        "hasContent" : false
      }, {
        "name" : "Click button \"Login\"",
        "time" : {
          "start" : 1734744418632,
          "stop" : 1734744418722,
          "duration" : 90
        },
        "status" : "passed",
        "steps" : [ ],
        "attachments" : [ ],
        "parameters" : [ ],
        "stepsCount" : 0,
        "attachmentsCount" : 0,
        "shouldDisplayMessage" : false,
        "hasContent" : false
      }, {
        "name" : "Check url is present: https://oblache.areso.pro/register.html",
        "time" : {
          "start" : 1734744418722,
          "stop" : 1734744418725,
          "duration" : 3
        },
        "status" : "passed",
        "steps" : [ ],
        "attachments" : [ ],
        "parameters" : [ ],
        "stepsCount" : 0,
        "attachmentsCount" : 0,
        "shouldDisplayMessage" : false,
        "hasContent" : false
      } ],
      "attachments" : [ ],
      "parameters" : [ ],
      "stepsCount" : 4,
      "attachmentsCount" : 0,
      "shouldDisplayMessage" : false,
      "hasContent" : true
    } ],
    "attachments" : [ ],
    "parameters" : [ ],
    "stepsCount" : 6,
    "attachmentsCount" : 0,
    "shouldDisplayMessage" : false,
    "hasContent" : true
  }, {
    "name" : "driver",
    "time" : {
      "start" : 1734744417932,
      "stop" : 1734744418211,
      "duration" : 279
    },
    "status" : "passed",
    "steps" : [ ],
    "attachments" : [ ],
    "parameters" : [ ],
    "stepsCount" : 0,
    "attachmentsCount" : 0,
    "shouldDisplayMessage" : false,
    "hasContent" : false
  } ],
  "testStage" : {
    "status" : "broken",
    "statusMessage" : "selenium.common.exceptions.TimeoutException: Message: Can't find element by locator ('xpath', '//button[@id=\"menu_button_webpages\"]')\nStacktrace:\n#0 0x559ab905031a <unknown>\n#1 0x559ab8b666e0 <unknown>\n#2 0x559ab8bb53e6 <unknown>\n#3 0x559ab8bb5681 <unknown>\n#4 0x559ab8bfab04 <unknown>\n#5 0x559ab8bd948d <unknown>\n#6 0x559ab8bf7ed7 <unknown>\n#7 0x559ab8bd9203 <unknown>\n#8 0x559ab8ba7cc0 <unknown>\n#9 0x559ab8ba8c9e <unknown>\n#10 0x559ab901dd0b <unknown>\n#11 0x559ab9021c92 <unknown>\n#12 0x559ab900ab3c <unknown>\n#13 0x559ab9022807 <unknown>\n#14 0x559ab8ff00df <unknown>\n#15 0x559ab903f578 <unknown>\n#16 0x559ab903f740 <unknown>\n#17 0x559ab904f196 <unknown>\n#18 0x7f986ac9ca94 <unknown>\n#19 0x7f986ad29c3c <unknown>",
    "statusTrace" : "self = <tests_ui.test_ui.TestProfilePage object at 0x7fbc83454c80>\ndriver = <selenium.webdriver.chrome.webdriver.WebDriver (session=\"dfae91b046bb7db3a5a4282970ef018d\")>\nauthorization_user = None\n\n    @allure.title('test_check_title_of_static_table')\n    def test_check_title_of_static_table(self, driver, authorization_user):\n        page = ProfilePage(driver)\n>       page.click_static_site_button()\n\ntests_ui/test_ui.py:75: \n_ _ _ _ _ _ _ _ _ _ _ _ _ _ _ _ _ _ _ _ _ _ _ _ _ _ _ _ _ _ _ _ _ _ _ _ _ _ _ _ \ntests_ui/profile_page.py:40: in click_static_site_button\n    return self.element_is_present_and_clickable(self.locators.STATIC_BUTTON).click()\ntests_ui/base_page.py:28: in element_is_present_and_clickable\n    return (Wait(self.driver, self.timeout).until(\n_ _ _ _ _ _ _ _ _ _ _ _ _ _ _ _ _ _ _ _ _ _ _ _ _ _ _ _ _ _ _ _ _ _ _ _ _ _ _ _ \n\nself = <selenium.webdriver.support.wait.WebDriverWait (session=\"dfae91b046bb7db3a5a4282970ef018d\")>\nmethod = <function visibility_of_element_located.<locals>._predicate at 0x7fbc829bd4e0>\nmessage = 'Can\\'t find element by locator (\\'xpath\\', \\'//button[@id=\"menu_button_webpages\"]\\')'\n\n    def until(self, method: Callable[[D], Union[Literal[False], T]], message: str = \"\") -> T:\n        \"\"\"Calls the method provided with the driver as an argument until the \\\n        return value does not evaluate to ``False``.\n    \n        :param method: callable(WebDriver)\n        :param message: optional message for :exc:`TimeoutException`\n        :returns: the result of the last call to `method`\n        :raises: :exc:`selenium.common.exceptions.TimeoutException` if timeout occurs\n        \"\"\"\n        screen = None\n        stacktrace = None\n    \n        end_time = time.monotonic() + self._timeout\n        while True:\n            try:\n                value = method(self._driver)\n                if value:\n                    return value\n            except self._ignored_exceptions as exc:\n                screen = getattr(exc, \"screen\", None)\n                stacktrace = getattr(exc, \"stacktrace\", None)\n            time.sleep(self._poll)\n            if time.monotonic() > end_time:\n                break\n>       raise TimeoutException(message, screen, stacktrace)\nE       selenium.common.exceptions.TimeoutException: Message: Can't find element by locator ('xpath', '//button[@id=\"menu_button_webpages\"]')\nE       Stacktrace:\nE       #0 0x559ab905031a <unknown>\nE       #1 0x559ab8b666e0 <unknown>\nE       #2 0x559ab8bb53e6 <unknown>\nE       #3 0x559ab8bb5681 <unknown>\nE       #4 0x559ab8bfab04 <unknown>\nE       #5 0x559ab8bd948d <unknown>\nE       #6 0x559ab8bf7ed7 <unknown>\nE       #7 0x559ab8bd9203 <unknown>\nE       #8 0x559ab8ba7cc0 <unknown>\nE       #9 0x559ab8ba8c9e <unknown>\nE       #10 0x559ab901dd0b <unknown>\nE       #11 0x559ab9021c92 <unknown>\nE       #12 0x559ab900ab3c <unknown>\nE       #13 0x559ab9022807 <unknown>\nE       #14 0x559ab8ff00df <unknown>\nE       #15 0x559ab903f578 <unknown>\nE       #16 0x559ab903f740 <unknown>\nE       #17 0x559ab904f196 <unknown>\nE       #18 0x7f986ac9ca94 <unknown>\nE       #19 0x7f986ad29c3c <unknown>\n\n/opt/hostedtoolcache/Python/3.12.8/x64/lib/python3.12/site-packages/selenium/webdriver/support/wait.py:105: TimeoutException",
    "steps" : [ {
      "name" : "Click \"Static site\" button.",
      "time" : {
        "start" : 1734744418725,
        "stop" : 1734744424174,
        "duration" : 5449
      },
      "status" : "broken",
      "statusMessage" : "selenium.common.exceptions.TimeoutException: Message: Can't find element by locator ('xpath', '//button[@id=\"menu_button_webpages\"]')\nStacktrace:\n#0 0x559ab905031a <unknown>\n#1 0x559ab8b666e0 <unknown>\n#2 0x559ab8bb53e6 <unknown>\n#3 0x559ab8bb5681 <unknown>\n#4 0x559ab8bfab04 <unknown>\n#5 0x559ab8bd948d <unknown>\n#6 0x559ab8bf7ed7 <unknown>\n#7 0x559ab8bd9203 <unknown>\n#8 0x559ab8ba7cc0 <unknown>\n#9 0x559ab8ba8c9e <unknown>\n#10 0x559ab901dd0b <unknown>\n#11 0x559ab9021c92 <unknown>\n#12 0x559ab900ab3c <unknown>\n#13 0x559ab9022807 <unknown>\n#14 0x559ab8ff00df <unknown>\n#15 0x559ab903f578 <unknown>\n#16 0x559ab903f740 <unknown>\n#17 0x559ab904f196 <unknown>\n#18 0x7f986ac9ca94 <unknown>\n#19 0x7f986ad29c3c <unknown>\n\n",
      "statusTrace" : "  File \"/home/runner/work/Oblache/Oblache/tests_ui/profile_page.py\", line 40, in click_static_site_button\n    return self.element_is_present_and_clickable(self.locators.STATIC_BUTTON).click()\n           ^^^^^^^^^^^^^^^^^^^^^^^^^^^^^^^^^^^^^^^^^^^^^^^^^^^^^^^^^^^^^^^^^^\n  File \"/home/runner/work/Oblache/Oblache/tests_ui/base_page.py\", line 28, in element_is_present_and_clickable\n    return (Wait(self.driver, self.timeout).until(\n            ^^^^^^^^^^^^^^^^^^^^^^^^^^^^^^^^^^^^^^\n  File \"/opt/hostedtoolcache/Python/3.12.8/x64/lib/python3.12/site-packages/selenium/webdriver/support/wait.py\", line 105, in until\n    raise TimeoutException(message, screen, stacktrace)\n",
      "steps" : [ ],
      "attachments" : [ ],
      "parameters" : [ ],
      "stepsCount" : 0,
      "attachmentsCount" : 0,
      "shouldDisplayMessage" : true,
      "hasContent" : true
    } ],
    "attachments" : [ {
      "uid" : "2a252a116d3ed96d",
      "name" : "Screenshot 2024-12-21 01:27:04.275062",
      "source" : "2a252a116d3ed96d.png",
      "type" : "image/png",
      "size" : 38409
    } ],
    "parameters" : [ ],
    "stepsCount" : 1,
    "attachmentsCount" : 1,
    "shouldDisplayMessage" : true,
    "hasContent" : true
  },
  "afterStages" : [ {
    "name" : "driver::0",
    "time" : {
      "start" : 1734744424276,
      "stop" : 1734744424342,
      "duration" : 66
    },
    "status" : "passed",
    "steps" : [ ],
    "attachments" : [ ],
    "parameters" : [ ],
    "stepsCount" : 0,
    "attachmentsCount" : 0,
    "shouldDisplayMessage" : false,
    "hasContent" : false
  } ],
  "labels" : [ {
    "name" : "suite",
    "value" : "Test Profile Page."
  }, {
    "name" : "parentSuite",
    "value" : "tests_ui"
  }, {
    "name" : "subSuite",
    "value" : "TestProfilePage"
  }, {
    "name" : "host",
    "value" : "fv-az1971-667"
  }, {
    "name" : "thread",
    "value" : "2428-MainThread"
  }, {
    "name" : "framework",
    "value" : "pytest"
  }, {
    "name" : "language",
    "value" : "cpython3"
  }, {
    "name" : "package",
    "value" : "tests_ui.test_ui"
  }, {
    "name" : "resultFormat",
    "value" : "allure2"
  } ],
  "parameters" : [ ],
  "links" : [ ],
  "hidden" : false,
  "retry" : false,
  "extra" : {
    "severity" : "normal",
    "retries" : [ ],
    "categories" : [ {
      "name" : "Test defects",
      "matchedStatuses" : [ ],
      "flaky" : false
    } ],
    "history" : {
      "statistic" : {
        "failed" : 0,
        "broken" : 94,
        "skipped" : 0,
        "passed" : 1,
        "unknown" : 0,
        "total" : 95
      },
      "items" : [ {
        "uid" : "a27817a7b43e01a6",
        "reportUrl" : "https://Areso.github.io/Oblache/253//#testresult/a27817a7b43e01a6",
        "status" : "broken",
        "statusDetails" : "selenium.common.exceptions.TimeoutException: Message: Can't find element by locator ('xpath', '//button[@id=\"menu_button_webpages\"]')\nStacktrace:\n#0 0x55cbead4331a <unknown>\n#1 0x55cbea8596e0 <unknown>\n#2 0x55cbea8a83e6 <unknown>\n#3 0x55cbea8a8681 <unknown>\n#4 0x55cbea8edb04 <unknown>\n#5 0x55cbea8cc48d <unknown>\n#6 0x55cbea8eaed7 <unknown>\n#7 0x55cbea8cc203 <unknown>\n#8 0x55cbea89acc0 <unknown>\n#9 0x55cbea89bc9e <unknown>\n#10 0x55cbead10d0b <unknown>\n#11 0x55cbead14c92 <unknown>\n#12 0x55cbeacfdb3c <unknown>\n#13 0x55cbead15807 <unknown>\n#14 0x55cbeace30df <unknown>\n#15 0x55cbead32578 <unknown>\n#16 0x55cbead32740 <unknown>\n#17 0x55cbead42196 <unknown>\n#18 0x7f178ce9ca94 <unknown>\n#19 0x7f178cf29c3c <unknown>",
        "time" : {
          "start" : 1734658138829,
          "stop" : 1734658144278,
          "duration" : 5449
        }
      }, {
        "uid" : "5b23854bb94744d1",
        "reportUrl" : "https://Areso.github.io/Oblache/252//#testresult/5b23854bb94744d1",
        "status" : "broken",
        "statusDetails" : "selenium.common.exceptions.TimeoutException: Message: Can't find element by locator ('xpath', '//button[@id=\"menu_button_webpages\"]')\nStacktrace:\n#0 0x562b1c4db31a <unknown>\n#1 0x562b1bff16e0 <unknown>\n#2 0x562b1c0403e6 <unknown>\n#3 0x562b1c040681 <unknown>\n#4 0x562b1c085b04 <unknown>\n#5 0x562b1c06448d <unknown>\n#6 0x562b1c082ed7 <unknown>\n#7 0x562b1c064203 <unknown>\n#8 0x562b1c032cc0 <unknown>\n#9 0x562b1c033c9e <unknown>\n#10 0x562b1c4a8d0b <unknown>\n#11 0x562b1c4acc92 <unknown>\n#12 0x562b1c495b3c <unknown>\n#13 0x562b1c4ad807 <unknown>\n#14 0x562b1c47b0df <unknown>\n#15 0x562b1c4ca578 <unknown>\n#16 0x562b1c4ca740 <unknown>\n#17 0x562b1c4da196 <unknown>\n#18 0x7f8e6969ca94 <unknown>\n#19 0x7f8e69729c3c <unknown>",
        "time" : {
          "start" : 1734572548107,
          "stop" : 1734572553514,
          "duration" : 5407
        }
      }, {
        "uid" : "4ce8a14db7ddc124",
        "reportUrl" : "https://Areso.github.io/Oblache/250//#testresult/4ce8a14db7ddc124",
        "status" : "broken",
        "statusDetails" : "selenium.common.exceptions.TimeoutException: Message: Can't find element by locator ('xpath', '//button[@id=\"menu_button_webpages\"]')\nStacktrace:\n#0 0x5570d69e234a <unknown>\n#1 0x5570d64f86e0 <unknown>\n#2 0x5570d65473e6 <unknown>\n#3 0x5570d6547681 <unknown>\n#4 0x5570d658cb04 <unknown>\n#5 0x5570d656b48d <unknown>\n#6 0x5570d6589ed7 <unknown>\n#7 0x5570d656b203 <unknown>\n#8 0x5570d6539cc0 <unknown>\n#9 0x5570d653ac9e <unknown>\n#10 0x5570d69afd3b <unknown>\n#11 0x5570d69b3cc2 <unknown>\n#12 0x5570d699cb6c <unknown>\n#13 0x5570d69b4837 <unknown>\n#14 0x5570d698210f <unknown>\n#15 0x5570d69d15a8 <unknown>\n#16 0x5570d69d1770 <unknown>\n#17 0x5570d69e11c6 <unknown>\n#18 0x7f098e29ca94 <unknown>\n#19 0x7f098e329c3c <unknown>",
        "time" : {
          "start" : 1734399840355,
          "stop" : 1734399845830,
          "duration" : 5475
        }
      }, {
        "uid" : "3e00a300cc4182ad",
        "reportUrl" : "https://Areso.github.io/Oblache/249//#testresult/3e00a300cc4182ad",
        "status" : "broken",
        "statusDetails" : "selenium.common.exceptions.TimeoutException: Message: Can't find element by locator ('xpath', '//button[@id=\"menu_button_webpages\"]')\nStacktrace:\n#0 0x5644ff00b31a <unknown>\n#1 0x5644feb216e0 <unknown>\n#2 0x5644feb703e6 <unknown>\n#3 0x5644feb70681 <unknown>\n#4 0x5644febb5b04 <unknown>\n#5 0x5644feb9448d <unknown>\n#6 0x5644febb2ed7 <unknown>\n#7 0x5644feb94203 <unknown>\n#8 0x5644feb62cc0 <unknown>\n#9 0x5644feb63c9e <unknown>\n#10 0x5644fefd8d0b <unknown>\n#11 0x5644fefdcc92 <unknown>\n#12 0x5644fefc5b3c <unknown>\n#13 0x5644fefdd807 <unknown>\n#14 0x5644fefab0df <unknown>\n#15 0x5644feffa578 <unknown>\n#16 0x5644feffa740 <unknown>\n#17 0x5644ff00a196 <unknown>\n#18 0x7f7399094ac3 <unknown>",
        "time" : {
          "start" : 1734313698631,
          "stop" : 1734313703694,
          "duration" : 5063
        }
      }, {
        "uid" : "f4a847b8e85f394a",
        "reportUrl" : "https://Areso.github.io/Oblache/248//#testresult/f4a847b8e85f394a",
        "status" : "broken",
        "statusDetails" : "selenium.common.exceptions.TimeoutException: Message: Can't find element by locator ('xpath', '//button[@id=\"menu_button_webpages\"]')\nStacktrace:\n#0 0x55db4289531a <unknown>\n#1 0x55db423ab6e0 <unknown>\n#2 0x55db423fa3e6 <unknown>\n#3 0x55db423fa681 <unknown>\n#4 0x55db4243fb04 <unknown>\n#5 0x55db4241e48d <unknown>\n#6 0x55db4243ced7 <unknown>\n#7 0x55db4241e203 <unknown>\n#8 0x55db423eccc0 <unknown>\n#9 0x55db423edc9e <unknown>\n#10 0x55db42862d0b <unknown>\n#11 0x55db42866c92 <unknown>\n#12 0x55db4284fb3c <unknown>\n#13 0x55db42867807 <unknown>\n#14 0x55db428350df <unknown>\n#15 0x55db42884578 <unknown>\n#16 0x55db42884740 <unknown>\n#17 0x55db42894196 <unknown>\n#18 0x7f8654a94ac3 <unknown>",
        "time" : {
          "start" : 1734227403553,
          "stop" : 1734227408614,
          "duration" : 5061
        }
      }, {
        "uid" : "555ccbb0308ffc3",
        "reportUrl" : "https://Areso.github.io/Oblache/247//#testresult/555ccbb0308ffc3",
        "status" : "broken",
        "statusDetails" : "selenium.common.exceptions.TimeoutException: Message: Can't find element by locator ('xpath', '//button[@id=\"menu_button_webpages\"]')\nStacktrace:\n#0 0x5627f5d2331a <unknown>\n#1 0x5627f58396e0 <unknown>\n#2 0x5627f58883e6 <unknown>\n#3 0x5627f5888681 <unknown>\n#4 0x5627f58cdb04 <unknown>\n#5 0x5627f58ac48d <unknown>\n#6 0x5627f58caed7 <unknown>\n#7 0x5627f58ac203 <unknown>\n#8 0x5627f587acc0 <unknown>\n#9 0x5627f587bc9e <unknown>\n#10 0x5627f5cf0d0b <unknown>\n#11 0x5627f5cf4c92 <unknown>\n#12 0x5627f5cddb3c <unknown>\n#13 0x5627f5cf5807 <unknown>\n#14 0x5627f5cc30df <unknown>\n#15 0x5627f5d12578 <unknown>\n#16 0x5627f5d12740 <unknown>\n#17 0x5627f5d22196 <unknown>\n#18 0x7ff24d094ac3 <unknown>",
        "time" : {
          "start" : 1734140467051,
          "stop" : 1734140472494,
          "duration" : 5443
        }
      }, {
        "uid" : "8cef30662ff1f55a",
        "reportUrl" : "https://Areso.github.io/Oblache/246//#testresult/8cef30662ff1f55a",
        "status" : "broken",
        "statusDetails" : "selenium.common.exceptions.TimeoutException: Message: Can't find element by locator ('xpath', '//button[@id=\"menu_button_webpages\"]')\nStacktrace:\n#0 0x55794626531a <unknown>\n#1 0x557945d7b6e0 <unknown>\n#2 0x557945dca3e6 <unknown>\n#3 0x557945dca681 <unknown>\n#4 0x557945e0fb04 <unknown>\n#5 0x557945dee48d <unknown>\n#6 0x557945e0ced7 <unknown>\n#7 0x557945dee203 <unknown>\n#8 0x557945dbccc0 <unknown>\n#9 0x557945dbdc9e <unknown>\n#10 0x557946232d0b <unknown>\n#11 0x557946236c92 <unknown>\n#12 0x55794621fb3c <unknown>\n#13 0x557946237807 <unknown>\n#14 0x5579462050df <unknown>\n#15 0x557946254578 <unknown>\n#16 0x557946254740 <unknown>\n#17 0x557946264196 <unknown>\n#18 0x7f570be94ac3 <unknown>",
        "time" : {
          "start" : 1734054318870,
          "stop" : 1734054324309,
          "duration" : 5439
        }
      }, {
        "uid" : "f1a132b33f8a2767",
        "reportUrl" : "https://Areso.github.io/Oblache/245//#testresult/f1a132b33f8a2767",
        "status" : "broken",
        "statusDetails" : "selenium.common.exceptions.TimeoutException: Message: Can't find element by locator ('xpath', '//button[@id=\"menu_button_webpages\"]')\nStacktrace:\n#0 0x55ec4e06631a <unknown>\n#1 0x55ec4db7c6e0 <unknown>\n#2 0x55ec4dbcb3e6 <unknown>\n#3 0x55ec4dbcb681 <unknown>\n#4 0x55ec4dc10b04 <unknown>\n#5 0x55ec4dbef48d <unknown>\n#6 0x55ec4dc0ded7 <unknown>\n#7 0x55ec4dbef203 <unknown>\n#8 0x55ec4dbbdcc0 <unknown>\n#9 0x55ec4dbbec9e <unknown>\n#10 0x55ec4e033d0b <unknown>\n#11 0x55ec4e037c92 <unknown>\n#12 0x55ec4e020b3c <unknown>\n#13 0x55ec4e038807 <unknown>\n#14 0x55ec4e0060df <unknown>\n#15 0x55ec4e055578 <unknown>\n#16 0x55ec4e055740 <unknown>\n#17 0x55ec4e065196 <unknown>\n#18 0x7f3866e94ac3 <unknown>",
        "time" : {
          "start" : 1733967856154,
          "stop" : 1733967861582,
          "duration" : 5428
        }
      }, {
        "uid" : "24611349d4cd605f",
        "reportUrl" : "https://Areso.github.io/Oblache/244//#testresult/24611349d4cd605f",
        "status" : "broken",
        "statusDetails" : "selenium.common.exceptions.TimeoutException: Message: Can't find element by locator ('xpath', '//button[@id=\"menu_button_webpages\"]')\nStacktrace:\n#0 0x558b08a6031a <unknown>\n#1 0x558b085766e0 <unknown>\n#2 0x558b085c53e6 <unknown>\n#3 0x558b085c5681 <unknown>\n#4 0x558b0860ab04 <unknown>\n#5 0x558b085e948d <unknown>\n#6 0x558b08607ed7 <unknown>\n#7 0x558b085e9203 <unknown>\n#8 0x558b085b7cc0 <unknown>\n#9 0x558b085b8c9e <unknown>\n#10 0x558b08a2dd0b <unknown>\n#11 0x558b08a31c92 <unknown>\n#12 0x558b08a1ab3c <unknown>\n#13 0x558b08a32807 <unknown>\n#14 0x558b08a000df <unknown>\n#15 0x558b08a4f578 <unknown>\n#16 0x558b08a4f740 <unknown>\n#17 0x558b08a5f196 <unknown>\n#18 0x7fcfcb694ac3 <unknown>",
        "time" : {
          "start" : 1733881508871,
          "stop" : 1733881514316,
          "duration" : 5445
        }
      }, {
        "uid" : "571ecde670c3fbe4",
        "reportUrl" : "https://Areso.github.io/Oblache/243//#testresult/571ecde670c3fbe4",
        "status" : "broken",
        "statusDetails" : "selenium.common.exceptions.TimeoutException: Message: Can't find element by locator ('xpath', '//button[@id=\"menu_button_webpages\"]')\nStacktrace:\n#0 0x5644d0e4331a <unknown>\n#1 0x5644d09596e0 <unknown>\n#2 0x5644d09a83e6 <unknown>\n#3 0x5644d09a8681 <unknown>\n#4 0x5644d09edb04 <unknown>\n#5 0x5644d09cc48d <unknown>\n#6 0x5644d09eaed7 <unknown>\n#7 0x5644d09cc203 <unknown>\n#8 0x5644d099acc0 <unknown>\n#9 0x5644d099bc9e <unknown>\n#10 0x5644d0e10d0b <unknown>\n#11 0x5644d0e14c92 <unknown>\n#12 0x5644d0dfdb3c <unknown>\n#13 0x5644d0e15807 <unknown>\n#14 0x5644d0de30df <unknown>\n#15 0x5644d0e32578 <unknown>\n#16 0x5644d0e32740 <unknown>\n#17 0x5644d0e42196 <unknown>\n#18 0x7f8d9ba94ac3 <unknown>",
        "time" : {
          "start" : 1733795168231,
          "stop" : 1733795173688,
          "duration" : 5457
        }
      }, {
        "uid" : "97b538df9dbb5ce3",
        "reportUrl" : "https://Areso.github.io/Oblache/242//#testresult/97b538df9dbb5ce3",
        "status" : "broken",
        "statusDetails" : "selenium.common.exceptions.TimeoutException: Message: Can't find element by locator ('xpath', '//button[@id=\"menu_button_webpages\"]')\nStacktrace:\n#0 0x55916826d31a <unknown>\n#1 0x559167d836e0 <unknown>\n#2 0x559167dd23e6 <unknown>\n#3 0x559167dd2681 <unknown>\n#4 0x559167e17b04 <unknown>\n#5 0x559167df648d <unknown>\n#6 0x559167e14ed7 <unknown>\n#7 0x559167df6203 <unknown>\n#8 0x559167dc4cc0 <unknown>\n#9 0x559167dc5c9e <unknown>\n#10 0x55916823ad0b <unknown>\n#11 0x55916823ec92 <unknown>\n#12 0x559168227b3c <unknown>\n#13 0x55916823f807 <unknown>\n#14 0x55916820d0df <unknown>\n#15 0x55916825c578 <unknown>\n#16 0x55916825c740 <unknown>\n#17 0x55916826c196 <unknown>\n#18 0x7fdc91a94ac3 <unknown>",
        "time" : {
          "start" : 1733708842848,
          "stop" : 1733708848292,
          "duration" : 5444
        }
      }, {
        "uid" : "b6e93caf340e7643",
        "reportUrl" : "https://Areso.github.io/Oblache/241//#testresult/b6e93caf340e7643",
        "status" : "broken",
        "statusDetails" : "selenium.common.exceptions.TimeoutException: Message: Can't find element by locator ('xpath', '//button[@id=\"menu_button_webpages\"]')\nStacktrace:\n#0 0x55e8c256231a <unknown>\n#1 0x55e8c20786e0 <unknown>\n#2 0x55e8c20c73e6 <unknown>\n#3 0x55e8c20c7681 <unknown>\n#4 0x55e8c210cb04 <unknown>\n#5 0x55e8c20eb48d <unknown>\n#6 0x55e8c2109ed7 <unknown>\n#7 0x55e8c20eb203 <unknown>\n#8 0x55e8c20b9cc0 <unknown>\n#9 0x55e8c20bac9e <unknown>\n#10 0x55e8c252fd0b <unknown>\n#11 0x55e8c2533c92 <unknown>\n#12 0x55e8c251cb3c <unknown>\n#13 0x55e8c2534807 <unknown>\n#14 0x55e8c25020df <unknown>\n#15 0x55e8c2551578 <unknown>\n#16 0x55e8c2551740 <unknown>\n#17 0x55e8c2561196 <unknown>\n#18 0x7f2201494ac3 <unknown>",
        "time" : {
          "start" : 1733622634593,
          "stop" : 1733622639632,
          "duration" : 5039
        }
      }, {
        "uid" : "37c02b83a36b2d5e",
        "reportUrl" : "https://Areso.github.io/Oblache/240//#testresult/37c02b83a36b2d5e",
        "status" : "broken",
        "statusDetails" : "selenium.common.exceptions.TimeoutException: Message: Can't find element by locator ('xpath', '//button[@id=\"menu_button_webpages\"]')\nStacktrace:\n#0 0x561c8dbd831a <unknown>\n#1 0x561c8d6ee6e0 <unknown>\n#2 0x561c8d73d3e6 <unknown>\n#3 0x561c8d73d681 <unknown>\n#4 0x561c8d782b04 <unknown>\n#5 0x561c8d76148d <unknown>\n#6 0x561c8d77fed7 <unknown>\n#7 0x561c8d761203 <unknown>\n#8 0x561c8d72fcc0 <unknown>\n#9 0x561c8d730c9e <unknown>\n#10 0x561c8dba5d0b <unknown>\n#11 0x561c8dba9c92 <unknown>\n#12 0x561c8db92b3c <unknown>\n#13 0x561c8dbaa807 <unknown>\n#14 0x561c8db780df <unknown>\n#15 0x561c8dbc7578 <unknown>\n#16 0x561c8dbc7740 <unknown>\n#17 0x561c8dbd7196 <unknown>\n#18 0x7f1dbb294ac3 <unknown>",
        "time" : {
          "start" : 1733535723318,
          "stop" : 1733535728753,
          "duration" : 5435
        }
      }, {
        "uid" : "fa930e8ecfc5bcf9",
        "reportUrl" : "https://Areso.github.io/Oblache/239//#testresult/fa930e8ecfc5bcf9",
        "status" : "broken",
        "statusDetails" : "selenium.common.exceptions.TimeoutException: Message: Can't find element by locator ('xpath', '//button[@id=\"menu_button_webpages\"]')\nStacktrace:\n#0 0x565480c8831a <unknown>\n#1 0x56548079e6e0 <unknown>\n#2 0x5654807ed3e6 <unknown>\n#3 0x5654807ed681 <unknown>\n#4 0x565480832b04 <unknown>\n#5 0x56548081148d <unknown>\n#6 0x56548082fed7 <unknown>\n#7 0x565480811203 <unknown>\n#8 0x5654807dfcc0 <unknown>\n#9 0x5654807e0c9e <unknown>\n#10 0x565480c55d0b <unknown>\n#11 0x565480c59c92 <unknown>\n#12 0x565480c42b3c <unknown>\n#13 0x565480c5a807 <unknown>\n#14 0x565480c280df <unknown>\n#15 0x565480c77578 <unknown>\n#16 0x565480c77740 <unknown>\n#17 0x565480c87196 <unknown>\n#18 0x7f6ff6894ac3 <unknown>",
        "time" : {
          "start" : 1733449382109,
          "stop" : 1733449387145,
          "duration" : 5036
        }
      }, {
        "uid" : "a26c0bcd2bc51c4b",
        "reportUrl" : "https://Areso.github.io/Oblache/238//#testresult/a26c0bcd2bc51c4b",
        "status" : "broken",
        "statusDetails" : "selenium.common.exceptions.TimeoutException: Message: Can't find element by locator ('xpath', '//button[@id=\"menu_button_webpages\"]')\nStacktrace:\n#0 0x559dc9e2d31a <unknown>\n#1 0x559dc99436e0 <unknown>\n#2 0x559dc99923e6 <unknown>\n#3 0x559dc9992681 <unknown>\n#4 0x559dc99d7b04 <unknown>\n#5 0x559dc99b648d <unknown>\n#6 0x559dc99d4ed7 <unknown>\n#7 0x559dc99b6203 <unknown>\n#8 0x559dc9984cc0 <unknown>\n#9 0x559dc9985c9e <unknown>\n#10 0x559dc9dfad0b <unknown>\n#11 0x559dc9dfec92 <unknown>\n#12 0x559dc9de7b3c <unknown>\n#13 0x559dc9dff807 <unknown>\n#14 0x559dc9dcd0df <unknown>\n#15 0x559dc9e1c578 <unknown>\n#16 0x559dc9e1c740 <unknown>\n#17 0x559dc9e2c196 <unknown>\n#18 0x7fd6cd294ac3 <unknown>",
        "time" : {
          "start" : 1733363040975,
          "stop" : 1733363046021,
          "duration" : 5046
        }
      }, {
        "uid" : "b82d3d116e1936b5",
        "reportUrl" : "https://Areso.github.io/Oblache/237//#testresult/b82d3d116e1936b5",
        "status" : "broken",
        "statusDetails" : "selenium.common.exceptions.TimeoutException: Message: Can't find element by locator ('xpath', '//button[@id=\"menu_button_webpages\"]')\nStacktrace:\n#0 0x562c7824231a <unknown>\n#1 0x562c77d586e0 <unknown>\n#2 0x562c77da73e6 <unknown>\n#3 0x562c77da7681 <unknown>\n#4 0x562c77decb04 <unknown>\n#5 0x562c77dcb48d <unknown>\n#6 0x562c77de9ed7 <unknown>\n#7 0x562c77dcb203 <unknown>\n#8 0x562c77d99cc0 <unknown>\n#9 0x562c77d9ac9e <unknown>\n#10 0x562c7820fd0b <unknown>\n#11 0x562c78213c92 <unknown>\n#12 0x562c781fcb3c <unknown>\n#13 0x562c78214807 <unknown>\n#14 0x562c781e20df <unknown>\n#15 0x562c78231578 <unknown>\n#16 0x562c78231740 <unknown>\n#17 0x562c78241196 <unknown>\n#18 0x7faa50694ac3 <unknown>",
        "time" : {
          "start" : 1733276715440,
          "stop" : 1733276720903,
          "duration" : 5463
        }
      }, {
        "uid" : "fb252c8b50747525",
        "reportUrl" : "https://Areso.github.io/Oblache/236//#testresult/fb252c8b50747525",
        "status" : "broken",
        "statusDetails" : "selenium.common.exceptions.TimeoutException: Message: Can't find element by locator ('xpath', '//button[@id=\"menu_button_webpages\"]')\nStacktrace:\n#0 0x564b1a78531a <unknown>\n#1 0x564b1a29b6e0 <unknown>\n#2 0x564b1a2ea3e6 <unknown>\n#3 0x564b1a2ea681 <unknown>\n#4 0x564b1a32fb04 <unknown>\n#5 0x564b1a30e48d <unknown>\n#6 0x564b1a32ced7 <unknown>\n#7 0x564b1a30e203 <unknown>\n#8 0x564b1a2dccc0 <unknown>\n#9 0x564b1a2ddc9e <unknown>\n#10 0x564b1a752d0b <unknown>\n#11 0x564b1a756c92 <unknown>\n#12 0x564b1a73fb3c <unknown>\n#13 0x564b1a757807 <unknown>\n#14 0x564b1a7250df <unknown>\n#15 0x564b1a774578 <unknown>\n#16 0x564b1a774740 <unknown>\n#17 0x564b1a784196 <unknown>\n#18 0x7fc785c94ac3 <unknown>",
        "time" : {
          "start" : 1733190240356,
          "stop" : 1733190245443,
          "duration" : 5087
        }
      }, {
        "uid" : "d0680c3a7f3e0a30",
        "reportUrl" : "https://Areso.github.io/Oblache/235//#testresult/d0680c3a7f3e0a30",
        "status" : "broken",
        "statusDetails" : "selenium.common.exceptions.TimeoutException: Message: Can't find element by locator ('xpath', '//button[@id=\"menu_button_webpages\"]')\nStacktrace:\n#0 0x55efbca9031a <unknown>\n#1 0x55efbc5a66e0 <unknown>\n#2 0x55efbc5f53e6 <unknown>\n#3 0x55efbc5f5681 <unknown>\n#4 0x55efbc63ab04 <unknown>\n#5 0x55efbc61948d <unknown>\n#6 0x55efbc637ed7 <unknown>\n#7 0x55efbc619203 <unknown>\n#8 0x55efbc5e7cc0 <unknown>\n#9 0x55efbc5e8c9e <unknown>\n#10 0x55efbca5dd0b <unknown>\n#11 0x55efbca61c92 <unknown>\n#12 0x55efbca4ab3c <unknown>\n#13 0x55efbca62807 <unknown>\n#14 0x55efbca300df <unknown>\n#15 0x55efbca7f578 <unknown>\n#16 0x55efbca7f740 <unknown>\n#17 0x55efbca8f196 <unknown>\n#18 0x7fd7ad494ac3 <unknown>",
        "time" : {
          "start" : 1733103909834,
          "stop" : 1733103915258,
          "duration" : 5424
        }
      }, {
        "uid" : "705438843ab324d5",
        "reportUrl" : "https://Areso.github.io/Oblache/234//#testresult/705438843ab324d5",
        "status" : "broken",
        "statusDetails" : "selenium.common.exceptions.TimeoutException: Message: Can't find element by locator ('xpath', '//button[@id=\"menu_button_webpages\"]')\nStacktrace:\n#0 0x56128258531a <unknown>\n#1 0x56128209b6e0 <unknown>\n#2 0x5612820ea3e6 <unknown>\n#3 0x5612820ea681 <unknown>\n#4 0x56128212fb04 <unknown>\n#5 0x56128210e48d <unknown>\n#6 0x56128212ced7 <unknown>\n#7 0x56128210e203 <unknown>\n#8 0x5612820dccc0 <unknown>\n#9 0x5612820ddc9e <unknown>\n#10 0x561282552d0b <unknown>\n#11 0x561282556c92 <unknown>\n#12 0x56128253fb3c <unknown>\n#13 0x561282557807 <unknown>\n#14 0x5612825250df <unknown>\n#15 0x561282574578 <unknown>\n#16 0x561282574740 <unknown>\n#17 0x561282584196 <unknown>\n#18 0x7ffaa5894ac3 <unknown>",
        "time" : {
          "start" : 1733018176056,
          "stop" : 1733018181482,
          "duration" : 5426
        }
      }, {
        "uid" : "398151153a5e441",
        "reportUrl" : "https://Areso.github.io/Oblache/233//#testresult/398151153a5e441",
        "status" : "broken",
        "statusDetails" : "selenium.common.exceptions.TimeoutException: Message: Can't find element by locator ('xpath', '//button[@id=\"menu_button_webpages\"]')\nStacktrace:\n#0 0x55f9a984231a <unknown>\n#1 0x55f9a93586e0 <unknown>\n#2 0x55f9a93a73e6 <unknown>\n#3 0x55f9a93a7681 <unknown>\n#4 0x55f9a93ecb04 <unknown>\n#5 0x55f9a93cb48d <unknown>\n#6 0x55f9a93e9ed7 <unknown>\n#7 0x55f9a93cb203 <unknown>\n#8 0x55f9a9399cc0 <unknown>\n#9 0x55f9a939ac9e <unknown>\n#10 0x55f9a980fd0b <unknown>\n#11 0x55f9a9813c92 <unknown>\n#12 0x55f9a97fcb3c <unknown>\n#13 0x55f9a9814807 <unknown>\n#14 0x55f9a97e20df <unknown>\n#15 0x55f9a9831578 <unknown>\n#16 0x55f9a9831740 <unknown>\n#17 0x55f9a9841196 <unknown>\n#18 0x7faf38094ac3 <unknown>",
        "time" : {
          "start" : 1732930816824,
          "stop" : 1732930821872,
          "duration" : 5048
        }
      } ]
    },
    "tags" : [ ]
  },
  "source" : "7591621a0c571423.json",
  "parameterValues" : [ ]
}