{
  "uid" : "45dbf6ad19e119d6",
  "name" : "test_clipboard",
  "fullName" : "tests_ui.test_ui.TestProfilePage#test_clipboard_uuid_db",
  "historyId" : "b32cefb1d87a8aa3bb37280cb980702f",
  "time" : {
    "start" : 1739154930660,
    "stop" : 1739154935786,
    "duration" : 5126
  },
  "status" : "broken",
  "statusMessage" : "selenium.common.exceptions.TimeoutException: Message: Can't find element by locator ('xpath', '//button[@id = \"menu_button_databases\"]')\nStacktrace:\n#0 0x562466ebc53a <unknown>\n#1 0x5624669b7f00 <unknown>\n#2 0x562466a07c0c <unknown>\n#3 0x562466a07e31 <unknown>\n#4 0x562466a4dbd4 <unknown>\n#5 0x562466a2c5cd <unknown>\n#6 0x562466a4af84 <unknown>\n#7 0x562466a2c343 <unknown>\n#8 0x5624669f978a <unknown>\n#9 0x5624669fa9de <unknown>\n#10 0x562466e862cb <unknown>\n#11 0x562466e8a242 <unknown>\n#12 0x562466e737ac <unknown>\n#13 0x562466e8adf7 <unknown>\n#14 0x562466e57b2f <unknown>\n#15 0x562466eab1a8 <unknown>\n#16 0x562466eab370 <unknown>\n#17 0x562466ebb3b6 <unknown>\n#18 0x7ff54be9ca94 <unknown>\n#19 0x7ff54bf29c3c <unknown>",
  "statusTrace" : "self = <tests_ui.test_ui.TestProfilePage object at 0x7f2937214470>\ndriver = <selenium.webdriver.chrome.webdriver.WebDriver (session=\"fadd96c532fabf8417f51c0d79072da3\")>\nauthorization_user = None\n\n    @allure.title('test_clipboard')\n    def test_clipboard_uuid_db(self, driver, authorization_user):\n        page = ProfilePage(driver, authorization_user)\n>       page.click_button_databases()\n\ntests_ui/test_ui.py:98: \n_ _ _ _ _ _ _ _ _ _ _ _ _ _ _ _ _ _ _ _ _ _ _ _ _ _ _ _ _ _ _ _ _ _ _ _ _ _ _ _ \ntests_ui/profile_page.py:36: in click_button_databases\n    return self.element_is_present_and_clickable(self.locators.DATABASE_BUTTON).click()\ntests_ui/base_page.py:28: in element_is_present_and_clickable\n    return (Wait(self.driver, self.timeout).until(\n_ _ _ _ _ _ _ _ _ _ _ _ _ _ _ _ _ _ _ _ _ _ _ _ _ _ _ _ _ _ _ _ _ _ _ _ _ _ _ _ \n\nself = <selenium.webdriver.support.wait.WebDriverWait (session=\"fadd96c532fabf8417f51c0d79072da3\")>\nmethod = <function visibility_of_element_located.<locals>._predicate at 0x7f2936171da0>\nmessage = 'Can\\'t find element by locator (\\'xpath\\', \\'//button[@id = \"menu_button_databases\"]\\')'\n\n    def until(self, method: Callable[[D], Union[Literal[False], T]], message: str = \"\") -> T:\n        \"\"\"Calls the method provided with the driver as an argument until the \\\n        return value does not evaluate to ``False``.\n    \n        :param method: callable(WebDriver)\n        :param message: optional message for :exc:`TimeoutException`\n        :returns: the result of the last call to `method`\n        :raises: :exc:`selenium.common.exceptions.TimeoutException` if timeout occurs\n        \"\"\"\n        screen = None\n        stacktrace = None\n    \n        end_time = time.monotonic() + self._timeout\n        while True:\n            try:\n                value = method(self._driver)\n                if value:\n                    return value\n            except self._ignored_exceptions as exc:\n                screen = getattr(exc, \"screen\", None)\n                stacktrace = getattr(exc, \"stacktrace\", None)\n            time.sleep(self._poll)\n            if time.monotonic() > end_time:\n                break\n>       raise TimeoutException(message, screen, stacktrace)\nE       selenium.common.exceptions.TimeoutException: Message: Can't find element by locator ('xpath', '//button[@id = \"menu_button_databases\"]')\nE       Stacktrace:\nE       #0 0x562466ebc53a <unknown>\nE       #1 0x5624669b7f00 <unknown>\nE       #2 0x562466a07c0c <unknown>\nE       #3 0x562466a07e31 <unknown>\nE       #4 0x562466a4dbd4 <unknown>\nE       #5 0x562466a2c5cd <unknown>\nE       #6 0x562466a4af84 <unknown>\nE       #7 0x562466a2c343 <unknown>\nE       #8 0x5624669f978a <unknown>\nE       #9 0x5624669fa9de <unknown>\nE       #10 0x562466e862cb <unknown>\nE       #11 0x562466e8a242 <unknown>\nE       #12 0x562466e737ac <unknown>\nE       #13 0x562466e8adf7 <unknown>\nE       #14 0x562466e57b2f <unknown>\nE       #15 0x562466eab1a8 <unknown>\nE       #16 0x562466eab370 <unknown>\nE       #17 0x562466ebb3b6 <unknown>\nE       #18 0x7ff54be9ca94 <unknown>\nE       #19 0x7ff54bf29c3c <unknown>\n\n/opt/hostedtoolcache/Python/3.12.8/x64/lib/python3.12/site-packages/selenium/webdriver/support/wait.py:105: TimeoutException",
  "flaky" : false,
  "newFailed" : false,
  "beforeStages" : [ {
    "name" : "driver",
    "time" : {
      "start" : 1739154929819,
      "stop" : 1739154930147,
      "duration" : 328
    },
    "status" : "passed",
    "steps" : [ ],
    "attachments" : [ ],
    "parameters" : [ ],
    "stepsCount" : 0,
    "attachmentsCount" : 0,
    "shouldDisplayMessage" : false,
    "hasContent" : false
  }, {
    "name" : "authorization_user",
    "time" : {
      "start" : 1739154930147,
      "stop" : 1739154930660,
      "duration" : 513
    },
    "status" : "passed",
    "steps" : [ {
      "name" : "Open page: https://oblache.areso.pro/register.html",
      "time" : {
        "start" : 1739154930147,
        "stop" : 1739154930469,
        "duration" : 322
      },
      "status" : "passed",
      "steps" : [ ],
      "attachments" : [ ],
      "parameters" : [ ],
      "stepsCount" : 0,
      "attachmentsCount" : 0,
      "shouldDisplayMessage" : false,
      "hasContent" : false
    }, {
      "name" : "Login user",
      "time" : {
        "start" : 1739154930469,
        "stop" : 1739154930660,
        "duration" : 191
      },
      "status" : "passed",
      "steps" : [ {
        "name" : "Enter email.",
        "time" : {
          "start" : 1739154930469,
          "stop" : 1739154930530,
          "duration" : 61
        },
        "status" : "passed",
        "steps" : [ ],
        "attachments" : [ ],
        "parameters" : [ ],
        "stepsCount" : 0,
        "attachmentsCount" : 0,
        "shouldDisplayMessage" : false,
        "hasContent" : false
      }, {
        "name" : "Enter password.",
        "time" : {
          "start" : 1739154930530,
          "stop" : 1739154930573,
          "duration" : 43
        },
        "status" : "passed",
        "steps" : [ ],
        "attachments" : [ ],
        "parameters" : [ ],
        "stepsCount" : 0,
        "attachmentsCount" : 0,
        "shouldDisplayMessage" : false,
        "hasContent" : false
      }, {
        "name" : "Click button \"Login\"",
        "time" : {
          "start" : 1739154930573,
          "stop" : 1739154930657,
          "duration" : 84
        },
        "status" : "passed",
        "steps" : [ ],
        "attachments" : [ ],
        "parameters" : [ ],
        "stepsCount" : 0,
        "attachmentsCount" : 0,
        "shouldDisplayMessage" : false,
        "hasContent" : false
      }, {
        "name" : "Check url is present: https://oblache.areso.pro/register.html",
        "time" : {
          "start" : 1739154930658,
          "stop" : 1739154930660,
          "duration" : 2
        },
        "status" : "passed",
        "steps" : [ ],
        "attachments" : [ ],
        "parameters" : [ ],
        "stepsCount" : 0,
        "attachmentsCount" : 0,
        "shouldDisplayMessage" : false,
        "hasContent" : false
      } ],
      "attachments" : [ ],
      "parameters" : [ ],
      "stepsCount" : 4,
      "attachmentsCount" : 0,
      "shouldDisplayMessage" : false,
      "hasContent" : true
    } ],
    "attachments" : [ ],
    "parameters" : [ ],
    "stepsCount" : 6,
    "attachmentsCount" : 0,
    "shouldDisplayMessage" : false,
    "hasContent" : true
  } ],
  "testStage" : {
    "status" : "broken",
    "statusMessage" : "selenium.common.exceptions.TimeoutException: Message: Can't find element by locator ('xpath', '//button[@id = \"menu_button_databases\"]')\nStacktrace:\n#0 0x562466ebc53a <unknown>\n#1 0x5624669b7f00 <unknown>\n#2 0x562466a07c0c <unknown>\n#3 0x562466a07e31 <unknown>\n#4 0x562466a4dbd4 <unknown>\n#5 0x562466a2c5cd <unknown>\n#6 0x562466a4af84 <unknown>\n#7 0x562466a2c343 <unknown>\n#8 0x5624669f978a <unknown>\n#9 0x5624669fa9de <unknown>\n#10 0x562466e862cb <unknown>\n#11 0x562466e8a242 <unknown>\n#12 0x562466e737ac <unknown>\n#13 0x562466e8adf7 <unknown>\n#14 0x562466e57b2f <unknown>\n#15 0x562466eab1a8 <unknown>\n#16 0x562466eab370 <unknown>\n#17 0x562466ebb3b6 <unknown>\n#18 0x7ff54be9ca94 <unknown>\n#19 0x7ff54bf29c3c <unknown>",
    "statusTrace" : "self = <tests_ui.test_ui.TestProfilePage object at 0x7f2937214470>\ndriver = <selenium.webdriver.chrome.webdriver.WebDriver (session=\"fadd96c532fabf8417f51c0d79072da3\")>\nauthorization_user = None\n\n    @allure.title('test_clipboard')\n    def test_clipboard_uuid_db(self, driver, authorization_user):\n        page = ProfilePage(driver, authorization_user)\n>       page.click_button_databases()\n\ntests_ui/test_ui.py:98: \n_ _ _ _ _ _ _ _ _ _ _ _ _ _ _ _ _ _ _ _ _ _ _ _ _ _ _ _ _ _ _ _ _ _ _ _ _ _ _ _ \ntests_ui/profile_page.py:36: in click_button_databases\n    return self.element_is_present_and_clickable(self.locators.DATABASE_BUTTON).click()\ntests_ui/base_page.py:28: in element_is_present_and_clickable\n    return (Wait(self.driver, self.timeout).until(\n_ _ _ _ _ _ _ _ _ _ _ _ _ _ _ _ _ _ _ _ _ _ _ _ _ _ _ _ _ _ _ _ _ _ _ _ _ _ _ _ \n\nself = <selenium.webdriver.support.wait.WebDriverWait (session=\"fadd96c532fabf8417f51c0d79072da3\")>\nmethod = <function visibility_of_element_located.<locals>._predicate at 0x7f2936171da0>\nmessage = 'Can\\'t find element by locator (\\'xpath\\', \\'//button[@id = \"menu_button_databases\"]\\')'\n\n    def until(self, method: Callable[[D], Union[Literal[False], T]], message: str = \"\") -> T:\n        \"\"\"Calls the method provided with the driver as an argument until the \\\n        return value does not evaluate to ``False``.\n    \n        :param method: callable(WebDriver)\n        :param message: optional message for :exc:`TimeoutException`\n        :returns: the result of the last call to `method`\n        :raises: :exc:`selenium.common.exceptions.TimeoutException` if timeout occurs\n        \"\"\"\n        screen = None\n        stacktrace = None\n    \n        end_time = time.monotonic() + self._timeout\n        while True:\n            try:\n                value = method(self._driver)\n                if value:\n                    return value\n            except self._ignored_exceptions as exc:\n                screen = getattr(exc, \"screen\", None)\n                stacktrace = getattr(exc, \"stacktrace\", None)\n            time.sleep(self._poll)\n            if time.monotonic() > end_time:\n                break\n>       raise TimeoutException(message, screen, stacktrace)\nE       selenium.common.exceptions.TimeoutException: Message: Can't find element by locator ('xpath', '//button[@id = \"menu_button_databases\"]')\nE       Stacktrace:\nE       #0 0x562466ebc53a <unknown>\nE       #1 0x5624669b7f00 <unknown>\nE       #2 0x562466a07c0c <unknown>\nE       #3 0x562466a07e31 <unknown>\nE       #4 0x562466a4dbd4 <unknown>\nE       #5 0x562466a2c5cd <unknown>\nE       #6 0x562466a4af84 <unknown>\nE       #7 0x562466a2c343 <unknown>\nE       #8 0x5624669f978a <unknown>\nE       #9 0x5624669fa9de <unknown>\nE       #10 0x562466e862cb <unknown>\nE       #11 0x562466e8a242 <unknown>\nE       #12 0x562466e737ac <unknown>\nE       #13 0x562466e8adf7 <unknown>\nE       #14 0x562466e57b2f <unknown>\nE       #15 0x562466eab1a8 <unknown>\nE       #16 0x562466eab370 <unknown>\nE       #17 0x562466ebb3b6 <unknown>\nE       #18 0x7ff54be9ca94 <unknown>\nE       #19 0x7ff54bf29c3c <unknown>\n\n/opt/hostedtoolcache/Python/3.12.8/x64/lib/python3.12/site-packages/selenium/webdriver/support/wait.py:105: TimeoutException",
    "steps" : [ {
      "name" : "Click \"Databases\" button.",
      "time" : {
        "start" : 1739154930660,
        "stop" : 1739154935786,
        "duration" : 5126
      },
      "status" : "broken",
      "statusMessage" : "selenium.common.exceptions.TimeoutException: Message: Can't find element by locator ('xpath', '//button[@id = \"menu_button_databases\"]')\nStacktrace:\n#0 0x562466ebc53a <unknown>\n#1 0x5624669b7f00 <unknown>\n#2 0x562466a07c0c <unknown>\n#3 0x562466a07e31 <unknown>\n#4 0x562466a4dbd4 <unknown>\n#5 0x562466a2c5cd <unknown>\n#6 0x562466a4af84 <unknown>\n#7 0x562466a2c343 <unknown>\n#8 0x5624669f978a <unknown>\n#9 0x5624669fa9de <unknown>\n#10 0x562466e862cb <unknown>\n#11 0x562466e8a242 <unknown>\n#12 0x562466e737ac <unknown>\n#13 0x562466e8adf7 <unknown>\n#14 0x562466e57b2f <unknown>\n#15 0x562466eab1a8 <unknown>\n#16 0x562466eab370 <unknown>\n#17 0x562466ebb3b6 <unknown>\n#18 0x7ff54be9ca94 <unknown>\n#19 0x7ff54bf29c3c <unknown>\n\n",
      "statusTrace" : "  File \"/home/runner/work/Oblache/Oblache/tests_ui/profile_page.py\", line 36, in click_button_databases\n    return self.element_is_present_and_clickable(self.locators.DATABASE_BUTTON).click()\n           ^^^^^^^^^^^^^^^^^^^^^^^^^^^^^^^^^^^^^^^^^^^^^^^^^^^^^^^^^^^^^^^^^^^^\n  File \"/home/runner/work/Oblache/Oblache/tests_ui/base_page.py\", line 28, in element_is_present_and_clickable\n    return (Wait(self.driver, self.timeout).until(\n            ^^^^^^^^^^^^^^^^^^^^^^^^^^^^^^^^^^^^^^\n  File \"/opt/hostedtoolcache/Python/3.12.8/x64/lib/python3.12/site-packages/selenium/webdriver/support/wait.py\", line 105, in until\n    raise TimeoutException(message, screen, stacktrace)\n",
      "steps" : [ ],
      "attachments" : [ ],
      "parameters" : [ ],
      "stepsCount" : 0,
      "attachmentsCount" : 0,
      "shouldDisplayMessage" : true,
      "hasContent" : true
    } ],
    "attachments" : [ {
      "uid" : "bbc4c9d7c5a327f2",
      "name" : "Screenshot 2025-02-10 02:35:35.886296",
      "source" : "bbc4c9d7c5a327f2.png",
      "type" : "image/png",
      "size" : 15571
    } ],
    "parameters" : [ ],
    "stepsCount" : 1,
    "attachmentsCount" : 1,
    "shouldDisplayMessage" : true,
    "hasContent" : true
  },
  "afterStages" : [ {
    "name" : "driver::0",
    "time" : {
      "start" : 1739154935887,
      "stop" : 1739154935951,
      "duration" : 64
    },
    "status" : "passed",
    "steps" : [ ],
    "attachments" : [ ],
    "parameters" : [ ],
    "stepsCount" : 0,
    "attachmentsCount" : 0,
    "shouldDisplayMessage" : false,
    "hasContent" : false
  } ],
  "labels" : [ {
    "name" : "suite",
    "value" : "Test Profile Page."
  }, {
    "name" : "parentSuite",
    "value" : "tests_ui"
  }, {
    "name" : "subSuite",
    "value" : "TestProfilePage"
  }, {
    "name" : "host",
    "value" : "fv-az1938-722"
  }, {
    "name" : "thread",
    "value" : "2470-MainThread"
  }, {
    "name" : "framework",
    "value" : "pytest"
  }, {
    "name" : "language",
    "value" : "cpython3"
  }, {
    "name" : "package",
    "value" : "tests_ui.test_ui"
  }, {
    "name" : "resultFormat",
    "value" : "allure2"
  } ],
  "parameters" : [ ],
  "links" : [ ],
  "hidden" : false,
  "retry" : false,
  "extra" : {
    "severity" : "normal",
    "retries" : [ ],
    "categories" : [ {
      "name" : "Test defects",
      "matchedStatuses" : [ ],
      "flaky" : false
    } ],
    "history" : {
      "statistic" : {
        "failed" : 0,
        "broken" : 19,
        "skipped" : 0,
        "passed" : 161,
        "unknown" : 0,
        "total" : 180
      },
      "items" : [ {
        "uid" : "e0834d26100680bf",
        "reportUrl" : "https://Areso.github.io/Oblache/304//#testresult/e0834d26100680bf",
        "status" : "broken",
        "statusDetails" : "selenium.common.exceptions.TimeoutException: Message: Can't find element by locator ('xpath', '//button[@id = \"menu_button_databases\"]')\nStacktrace:\n#0 0x558c36a1a53a <unknown>\n#1 0x558c36515f00 <unknown>\n#2 0x558c36565c0c <unknown>\n#3 0x558c36565e31 <unknown>\n#4 0x558c365abbd4 <unknown>\n#5 0x558c3658a5cd <unknown>\n#6 0x558c365a8f84 <unknown>\n#7 0x558c3658a343 <unknown>\n#8 0x558c3655778a <unknown>\n#9 0x558c365589de <unknown>\n#10 0x558c369e42cb <unknown>\n#11 0x558c369e8242 <unknown>\n#12 0x558c369d17ac <unknown>\n#13 0x558c369e8df7 <unknown>\n#14 0x558c369b5b2f <unknown>\n#15 0x558c36a091a8 <unknown>\n#16 0x558c36a09370 <unknown>\n#17 0x558c36a193b6 <unknown>\n#18 0x7fb0f249ca94 <unknown>\n#19 0x7fb0f2529c3c <unknown>",
        "time" : {
          "start" : 1739069149588,
          "stop" : 1739069154715,
          "duration" : 5127
        }
      }, {
        "uid" : "3b441452900b6489",
        "reportUrl" : "https://Areso.github.io/Oblache/303//#testresult/3b441452900b6489",
        "status" : "broken",
        "statusDetails" : "selenium.common.exceptions.TimeoutException: Message: Can't find element by locator ('xpath', '//button[@id = \"menu_button_databases\"]')\nStacktrace:\n#0 0x559bb577a53a <unknown>\n#1 0x559bb5275f00 <unknown>\n#2 0x559bb52c5c0c <unknown>\n#3 0x559bb52c5e31 <unknown>\n#4 0x559bb530bbd4 <unknown>\n#5 0x559bb52ea5cd <unknown>\n#6 0x559bb5308f84 <unknown>\n#7 0x559bb52ea343 <unknown>\n#8 0x559bb52b778a <unknown>\n#9 0x559bb52b89de <unknown>\n#10 0x559bb57442cb <unknown>\n#11 0x559bb5748242 <unknown>\n#12 0x559bb57317ac <unknown>\n#13 0x559bb5748df7 <unknown>\n#14 0x559bb5715b2f <unknown>\n#15 0x559bb57691a8 <unknown>\n#16 0x559bb5769370 <unknown>\n#17 0x559bb57793b6 <unknown>\n#18 0x7f185129ca94 <unknown>\n#19 0x7f1851329c3c <unknown>",
        "time" : {
          "start" : 1738981968294,
          "stop" : 1738981973422,
          "duration" : 5128
        }
      }, {
        "uid" : "bd5eea4524574e3f",
        "reportUrl" : "https://Areso.github.io/Oblache/302//#testresult/bd5eea4524574e3f",
        "status" : "broken",
        "statusDetails" : "selenium.common.exceptions.TimeoutException: Message: Can't find element by locator ('xpath', '//button[@id = \"menu_button_databases\"]')\nStacktrace:\n#0 0x55d11ac1853a <unknown>\n#1 0x55d11a713f00 <unknown>\n#2 0x55d11a763c0c <unknown>\n#3 0x55d11a763e31 <unknown>\n#4 0x55d11a7a9bd4 <unknown>\n#5 0x55d11a7885cd <unknown>\n#6 0x55d11a7a6f84 <unknown>\n#7 0x55d11a788343 <unknown>\n#8 0x55d11a75578a <unknown>\n#9 0x55d11a7569de <unknown>\n#10 0x55d11abe22cb <unknown>\n#11 0x55d11abe6242 <unknown>\n#12 0x55d11abcf7ac <unknown>\n#13 0x55d11abe6df7 <unknown>\n#14 0x55d11abb3b2f <unknown>\n#15 0x55d11ac071a8 <unknown>\n#16 0x55d11ac07370 <unknown>\n#17 0x55d11ac173b6 <unknown>\n#18 0x7f61dba9ca94 <unknown>\n#19 0x7f61dbb29c3c <unknown>",
        "time" : {
          "start" : 1738895699515,
          "stop" : 1738895704630,
          "duration" : 5115
        }
      }, {
        "uid" : "5174399a91eb257e",
        "reportUrl" : "https://Areso.github.io/Oblache/301//#testresult/5174399a91eb257e",
        "status" : "broken",
        "statusDetails" : "selenium.common.exceptions.TimeoutException: Message: Can't find element by locator ('xpath', '//button[@id = \"menu_button_databases\"]')\nStacktrace:\n#0 0x55789d31053a <unknown>\n#1 0x55789ce0bf00 <unknown>\n#2 0x55789ce5bc0c <unknown>\n#3 0x55789ce5be31 <unknown>\n#4 0x55789cea1bd4 <unknown>\n#5 0x55789ce805cd <unknown>\n#6 0x55789ce9ef84 <unknown>\n#7 0x55789ce80343 <unknown>\n#8 0x55789ce4d78a <unknown>\n#9 0x55789ce4e9de <unknown>\n#10 0x55789d2da2cb <unknown>\n#11 0x55789d2de242 <unknown>\n#12 0x55789d2c77ac <unknown>\n#13 0x55789d2dedf7 <unknown>\n#14 0x55789d2abb2f <unknown>\n#15 0x55789d2ff1a8 <unknown>\n#16 0x55789d2ff370 <unknown>\n#17 0x55789d30f3b6 <unknown>\n#18 0x7f59f3e9ca94 <unknown>\n#19 0x7f59f3f29c3c <unknown>",
        "time" : {
          "start" : 1738809279975,
          "stop" : 1738809285103,
          "duration" : 5128
        }
      }, {
        "uid" : "bb34b5d8b2bec999",
        "reportUrl" : "https://Areso.github.io/Oblache/300//#testresult/bb34b5d8b2bec999",
        "status" : "broken",
        "statusDetails" : "selenium.common.exceptions.TimeoutException: Message: Can't find element by locator ('xpath', '//button[@id = \"menu_button_databases\"]')\nStacktrace:\n#0 0x55f8cac3cdca <unknown>\n#1 0x55f8ca7333f0 <unknown>\n#2 0x55f8ca78310c <unknown>\n#3 0x55f8ca783331 <unknown>\n#4 0x55f8ca7c9154 <unknown>\n#5 0x55f8ca7a7abd <unknown>\n#6 0x55f8ca7c64b3 <unknown>\n#7 0x55f8ca7a7833 <unknown>\n#8 0x55f8ca7745a0 <unknown>\n#9 0x55f8ca775ece <unknown>\n#10 0x55f8cac06bdb <unknown>\n#11 0x55f8cac0ab67 <unknown>\n#12 0x55f8cabf23bc <unknown>\n#13 0x55f8cac0b727 <unknown>\n#14 0x55f8cabd674f <unknown>\n#15 0x55f8cac2b938 <unknown>\n#16 0x55f8cac2bb00 <unknown>\n#17 0x55f8cac3bc46 <unknown>\n#18 0x7f9c8c09ca94 <unknown>\n#19 0x7f9c8c129c3c <unknown>",
        "time" : {
          "start" : 1738722866873,
          "stop" : 1738722871999,
          "duration" : 5126
        }
      }, {
        "uid" : "1caf17f4f5bb24a",
        "reportUrl" : "https://Areso.github.io/Oblache/299//#testresult/1caf17f4f5bb24a",
        "status" : "broken",
        "statusDetails" : "selenium.common.exceptions.TimeoutException: Message: Can't find element by locator ('xpath', '//button[@id = \"menu_button_databases\"]')\nStacktrace:\n#0 0x565426da7dca <unknown>\n#1 0x56542689e3f0 <unknown>\n#2 0x5654268ee10c <unknown>\n#3 0x5654268ee331 <unknown>\n#4 0x565426934154 <unknown>\n#5 0x565426912abd <unknown>\n#6 0x5654269314b3 <unknown>\n#7 0x565426912833 <unknown>\n#8 0x5654268df5a0 <unknown>\n#9 0x5654268e0ece <unknown>\n#10 0x565426d71bdb <unknown>\n#11 0x565426d75b67 <unknown>\n#12 0x565426d5d3bc <unknown>\n#13 0x565426d76727 <unknown>\n#14 0x565426d4174f <unknown>\n#15 0x565426d96938 <unknown>\n#16 0x565426d96b00 <unknown>\n#17 0x565426da6c46 <unknown>\n#18 0x7f98d8a9ca94 <unknown>\n#19 0x7f98d8b29c3c <unknown>",
        "time" : {
          "start" : 1738636402820,
          "stop" : 1738636407948,
          "duration" : 5128
        }
      }, {
        "uid" : "1541f2d85564cdda",
        "reportUrl" : "https://Areso.github.io/Oblache/298//#testresult/1541f2d85564cdda",
        "status" : "broken",
        "statusDetails" : "selenium.common.exceptions.TimeoutException: Message: Can't find element by locator ('xpath', '//button[@id = \"menu_button_databases\"]')\nStacktrace:\n#0 0x561505cbcdca <unknown>\n#1 0x5615057b33f0 <unknown>\n#2 0x56150580310c <unknown>\n#3 0x561505803331 <unknown>\n#4 0x561505849154 <unknown>\n#5 0x561505827abd <unknown>\n#6 0x5615058464b3 <unknown>\n#7 0x561505827833 <unknown>\n#8 0x5615057f45a0 <unknown>\n#9 0x5615057f5ece <unknown>\n#10 0x561505c86bdb <unknown>\n#11 0x561505c8ab67 <unknown>\n#12 0x561505c723bc <unknown>\n#13 0x561505c8b727 <unknown>\n#14 0x561505c5674f <unknown>\n#15 0x561505cab938 <unknown>\n#16 0x561505cabb00 <unknown>\n#17 0x561505cbbc46 <unknown>\n#18 0x7f748169ca94 <unknown>\n#19 0x7f7481729c3c <unknown>",
        "time" : {
          "start" : 1738550060842,
          "stop" : 1738550065976,
          "duration" : 5134
        }
      }, {
        "uid" : "283b69dd33d7a365",
        "reportUrl" : "https://Areso.github.io/Oblache/297//#testresult/283b69dd33d7a365",
        "status" : "broken",
        "statusDetails" : "selenium.common.exceptions.TimeoutException: Message: Can't find element by locator ('xpath', '//button[@id = \"menu_button_databases\"]')\nStacktrace:\n#0 0x558790781dca <unknown>\n#1 0x5587902783f0 <unknown>\n#2 0x5587902c810c <unknown>\n#3 0x5587902c8331 <unknown>\n#4 0x55879030e154 <unknown>\n#5 0x5587902ecabd <unknown>\n#6 0x55879030b4b3 <unknown>\n#7 0x5587902ec833 <unknown>\n#8 0x5587902b95a0 <unknown>\n#9 0x5587902baece <unknown>\n#10 0x55879074bbdb <unknown>\n#11 0x55879074fb67 <unknown>\n#12 0x5587907373bc <unknown>\n#13 0x558790750727 <unknown>\n#14 0x55879071b74f <unknown>\n#15 0x558790770938 <unknown>\n#16 0x558790770b00 <unknown>\n#17 0x558790780c46 <unknown>\n#18 0x7f2136c9ca94 <unknown>\n#19 0x7f2136d29c3c <unknown>",
        "time" : {
          "start" : 1738464263633,
          "stop" : 1738464268755,
          "duration" : 5122
        }
      }, {
        "uid" : "615fb8ef96dcd16a",
        "reportUrl" : "https://Areso.github.io/Oblache/296//#testresult/615fb8ef96dcd16a",
        "status" : "passed",
        "time" : {
          "start" : 1738373943310,
          "stop" : 1738373945492,
          "duration" : 2182
        }
      }, {
        "uid" : "1b9e17ec750994f",
        "reportUrl" : "https://Areso.github.io/Oblache/295//#testresult/1b9e17ec750994f",
        "status" : "passed",
        "time" : {
          "start" : 1738286839058,
          "stop" : 1738286841252,
          "duration" : 2194
        }
      }, {
        "uid" : "78a7a946b3edd3eb",
        "reportUrl" : "https://Areso.github.io/Oblache/294//#testresult/78a7a946b3edd3eb",
        "status" : "passed",
        "time" : {
          "start" : 1738200323913,
          "stop" : 1738200325969,
          "duration" : 2056
        }
      }, {
        "uid" : "f5b52404462821f2",
        "reportUrl" : "https://Areso.github.io/Oblache/293//#testresult/f5b52404462821f2",
        "status" : "passed",
        "time" : {
          "start" : 1738113990405,
          "stop" : 1738113993089,
          "duration" : 2684
        }
      }, {
        "uid" : "5bb2c15cb6140d53",
        "reportUrl" : "https://Areso.github.io/Oblache/292//#testresult/5bb2c15cb6140d53",
        "status" : "passed",
        "time" : {
          "start" : 1738027581328,
          "stop" : 1738027583519,
          "duration" : 2191
        }
      }, {
        "uid" : "951c6c0624af2f08",
        "reportUrl" : "https://Areso.github.io/Oblache/291//#testresult/951c6c0624af2f08",
        "status" : "passed",
        "time" : {
          "start" : 1737941312491,
          "stop" : 1737941314730,
          "duration" : 2239
        }
      }, {
        "uid" : "d6fb2c972ea45df1",
        "reportUrl" : "https://Areso.github.io/Oblache/290//#testresult/d6fb2c972ea45df1",
        "status" : "passed",
        "time" : {
          "start" : 1737854967967,
          "stop" : 1737854969982,
          "duration" : 2015
        }
      }, {
        "uid" : "fbc395d203e2df98",
        "reportUrl" : "https://Areso.github.io/Oblache/289//#testresult/fbc395d203e2df98",
        "status" : "passed",
        "time" : {
          "start" : 1737768204981,
          "stop" : 1737768206975,
          "duration" : 1994
        }
      }, {
        "uid" : "545729b54be00070",
        "reportUrl" : "https://Areso.github.io/Oblache/288//#testresult/545729b54be00070",
        "status" : "passed",
        "time" : {
          "start" : 1737682061535,
          "stop" : 1737682064295,
          "duration" : 2760
        }
      }, {
        "uid" : "a1d4fb33a2b9cbae",
        "reportUrl" : "https://Areso.github.io/Oblache/287//#testresult/a1d4fb33a2b9cbae",
        "status" : "passed",
        "time" : {
          "start" : 1737595578713,
          "stop" : 1737595580921,
          "duration" : 2208
        }
      }, {
        "uid" : "6b4d4a39ae6c5dc9",
        "reportUrl" : "https://Areso.github.io/Oblache/286//#testresult/6b4d4a39ae6c5dc9",
        "status" : "passed",
        "time" : {
          "start" : 1737509320808,
          "stop" : 1737509323555,
          "duration" : 2747
        }
      }, {
        "uid" : "664ff349ac1930b1",
        "reportUrl" : "https://Areso.github.io/Oblache/285//#testresult/664ff349ac1930b1",
        "status" : "passed",
        "time" : {
          "start" : 1737422787731,
          "stop" : 1737422789770,
          "duration" : 2039
        }
      } ]
    },
    "tags" : [ ]
  },
  "source" : "45dbf6ad19e119d6.json",
  "parameterValues" : [ ]
}