{
  "uid" : "fbfa10c752743118",
  "name" : "test_check_title_of_static_table",
  "fullName" : "tests_ui.test_ui.TestProfilePage#test_check_title_of_static_table",
  "historyId" : "eb2cea1546ad6874ff07a2bb88c686ae",
  "time" : {
    "start" : 1731288546390,
    "stop" : 1731288551857,
    "duration" : 5467
  },
  "status" : "broken",
  "statusMessage" : "selenium.common.exceptions.TimeoutException: Message: Can't find element by locator ('xpath', '//button[@id=\"menu_button_webpages\"]')\nStacktrace:\n#0 0x55b94ec2713a <unknown>\n#1 0x55b94e742460 <unknown>\n#2 0x55b94e78ef96 <unknown>\n#3 0x55b94e78f221 <unknown>\n#4 0x55b94e7d45d4 <unknown>\n#5 0x55b94e7b303d <unknown>\n#6 0x55b94e7d1af6 <unknown>\n#7 0x55b94e7b2db3 <unknown>\n#8 0x55b94e781c10 <unknown>\n#9 0x55b94e782bee <unknown>\n#10 0x55b94ebf33cb <unknown>\n#11 0x55b94ebf7368 <unknown>\n#12 0x55b94ebe0eec <unknown>\n#13 0x55b94ebf7ee7 <unknown>\n#14 0x55b94ebc613f <unknown>\n#15 0x55b94ec15858 <unknown>\n#16 0x55b94ec15a20 <unknown>\n#17 0x55b94ec25fb6 <unknown>\n#18 0x7fb82dc94ac3 <unknown>",
  "statusTrace" : "self = <tests_ui.test_ui.TestProfilePage object at 0x7f56bed18410>\ndriver = <selenium.webdriver.chrome.webdriver.WebDriver (session=\"87975d537b7f3f9bc4167f455dcfb672\")>\nauthorization_user = None\n\n    @allure.title('test_check_title_of_static_table')\n    def test_check_title_of_static_table(self, driver, authorization_user):\n        page = ProfilePage(driver)\n>       page.click_static_site_button()\n\ntests_ui/test_ui.py:75: \n_ _ _ _ _ _ _ _ _ _ _ _ _ _ _ _ _ _ _ _ _ _ _ _ _ _ _ _ _ _ _ _ _ _ _ _ _ _ _ _ \ntests_ui/profile_page.py:40: in click_static_site_button\n    return self.element_is_present_and_clickable(self.locators.STATIC_BUTTON).click()\ntests_ui/base_page.py:28: in element_is_present_and_clickable\n    return (Wait(self.driver, self.timeout).until(\n_ _ _ _ _ _ _ _ _ _ _ _ _ _ _ _ _ _ _ _ _ _ _ _ _ _ _ _ _ _ _ _ _ _ _ _ _ _ _ _ \n\nself = <selenium.webdriver.support.wait.WebDriverWait (session=\"87975d537b7f3f9bc4167f455dcfb672\")>\nmethod = <function visibility_of_element_located.<locals>._predicate at 0x7f56be1df380>\nmessage = 'Can\\'t find element by locator (\\'xpath\\', \\'//button[@id=\"menu_button_webpages\"]\\')'\n\n    def until(self, method: Callable[[D], Union[Literal[False], T]], message: str = \"\") -> T:\n        \"\"\"Calls the method provided with the driver as an argument until the \\\n        return value does not evaluate to ``False``.\n    \n        :param method: callable(WebDriver)\n        :param message: optional message for :exc:`TimeoutException`\n        :returns: the result of the last call to `method`\n        :raises: :exc:`selenium.common.exceptions.TimeoutException` if timeout occurs\n        \"\"\"\n        screen = None\n        stacktrace = None\n    \n        end_time = time.monotonic() + self._timeout\n        while True:\n            try:\n                value = method(self._driver)\n                if value:\n                    return value\n            except self._ignored_exceptions as exc:\n                screen = getattr(exc, \"screen\", None)\n                stacktrace = getattr(exc, \"stacktrace\", None)\n            time.sleep(self._poll)\n            if time.monotonic() > end_time:\n                break\n>       raise TimeoutException(message, screen, stacktrace)\nE       selenium.common.exceptions.TimeoutException: Message: Can't find element by locator ('xpath', '//button[@id=\"menu_button_webpages\"]')\nE       Stacktrace:\nE       #0 0x55b94ec2713a <unknown>\nE       #1 0x55b94e742460 <unknown>\nE       #2 0x55b94e78ef96 <unknown>\nE       #3 0x55b94e78f221 <unknown>\nE       #4 0x55b94e7d45d4 <unknown>\nE       #5 0x55b94e7b303d <unknown>\nE       #6 0x55b94e7d1af6 <unknown>\nE       #7 0x55b94e7b2db3 <unknown>\nE       #8 0x55b94e781c10 <unknown>\nE       #9 0x55b94e782bee <unknown>\nE       #10 0x55b94ebf33cb <unknown>\nE       #11 0x55b94ebf7368 <unknown>\nE       #12 0x55b94ebe0eec <unknown>\nE       #13 0x55b94ebf7ee7 <unknown>\nE       #14 0x55b94ebc613f <unknown>\nE       #15 0x55b94ec15858 <unknown>\nE       #16 0x55b94ec15a20 <unknown>\nE       #17 0x55b94ec25fb6 <unknown>\nE       #18 0x7fb82dc94ac3 <unknown>\n\n/opt/hostedtoolcache/Python/3.12.7/x64/lib/python3.12/site-packages/selenium/webdriver/support/wait.py:105: TimeoutException",
  "flaky" : false,
  "newFailed" : false,
  "beforeStages" : [ {
    "name" : "driver",
    "time" : {
      "start" : 1731288545409,
      "stop" : 1731288545695,
      "duration" : 286
    },
    "status" : "passed",
    "steps" : [ ],
    "attachments" : [ ],
    "parameters" : [ ],
    "stepsCount" : 0,
    "attachmentsCount" : 0,
    "shouldDisplayMessage" : false,
    "hasContent" : false
  }, {
    "name" : "authorization_user",
    "time" : {
      "start" : 1731288545695,
      "stop" : 1731288546390,
      "duration" : 695
    },
    "status" : "passed",
    "steps" : [ {
      "name" : "Open page: https://oblache.areso.pro/register.html",
      "time" : {
        "start" : 1731288545695,
        "stop" : 1731288546205,
        "duration" : 510
      },
      "status" : "passed",
      "steps" : [ ],
      "attachments" : [ ],
      "parameters" : [ ],
      "stepsCount" : 0,
      "attachmentsCount" : 0,
      "shouldDisplayMessage" : false,
      "hasContent" : false
    }, {
      "name" : "Login user",
      "time" : {
        "start" : 1731288546205,
        "stop" : 1731288546390,
        "duration" : 185
      },
      "status" : "passed",
      "steps" : [ {
        "name" : "Enter email.",
        "time" : {
          "start" : 1731288546205,
          "stop" : 1731288546263,
          "duration" : 58
        },
        "status" : "passed",
        "steps" : [ ],
        "attachments" : [ ],
        "parameters" : [ ],
        "stepsCount" : 0,
        "attachmentsCount" : 0,
        "shouldDisplayMessage" : false,
        "hasContent" : false
      }, {
        "name" : "Enter password.",
        "time" : {
          "start" : 1731288546263,
          "stop" : 1731288546311,
          "duration" : 48
        },
        "status" : "passed",
        "steps" : [ ],
        "attachments" : [ ],
        "parameters" : [ ],
        "stepsCount" : 0,
        "attachmentsCount" : 0,
        "shouldDisplayMessage" : false,
        "hasContent" : false
      }, {
        "name" : "Click button \"Login\"",
        "time" : {
          "start" : 1731288546311,
          "stop" : 1731288546386,
          "duration" : 75
        },
        "status" : "passed",
        "steps" : [ ],
        "attachments" : [ ],
        "parameters" : [ ],
        "stepsCount" : 0,
        "attachmentsCount" : 0,
        "shouldDisplayMessage" : false,
        "hasContent" : false
      }, {
        "name" : "Check url is present: https://oblache.areso.pro/register.html",
        "time" : {
          "start" : 1731288546386,
          "stop" : 1731288546390,
          "duration" : 4
        },
        "status" : "passed",
        "steps" : [ ],
        "attachments" : [ ],
        "parameters" : [ ],
        "stepsCount" : 0,
        "attachmentsCount" : 0,
        "shouldDisplayMessage" : false,
        "hasContent" : false
      } ],
      "attachments" : [ ],
      "parameters" : [ ],
      "stepsCount" : 4,
      "attachmentsCount" : 0,
      "shouldDisplayMessage" : false,
      "hasContent" : true
    } ],
    "attachments" : [ ],
    "parameters" : [ ],
    "stepsCount" : 6,
    "attachmentsCount" : 0,
    "shouldDisplayMessage" : false,
    "hasContent" : true
  } ],
  "testStage" : {
    "status" : "broken",
    "statusMessage" : "selenium.common.exceptions.TimeoutException: Message: Can't find element by locator ('xpath', '//button[@id=\"menu_button_webpages\"]')\nStacktrace:\n#0 0x55b94ec2713a <unknown>\n#1 0x55b94e742460 <unknown>\n#2 0x55b94e78ef96 <unknown>\n#3 0x55b94e78f221 <unknown>\n#4 0x55b94e7d45d4 <unknown>\n#5 0x55b94e7b303d <unknown>\n#6 0x55b94e7d1af6 <unknown>\n#7 0x55b94e7b2db3 <unknown>\n#8 0x55b94e781c10 <unknown>\n#9 0x55b94e782bee <unknown>\n#10 0x55b94ebf33cb <unknown>\n#11 0x55b94ebf7368 <unknown>\n#12 0x55b94ebe0eec <unknown>\n#13 0x55b94ebf7ee7 <unknown>\n#14 0x55b94ebc613f <unknown>\n#15 0x55b94ec15858 <unknown>\n#16 0x55b94ec15a20 <unknown>\n#17 0x55b94ec25fb6 <unknown>\n#18 0x7fb82dc94ac3 <unknown>",
    "statusTrace" : "self = <tests_ui.test_ui.TestProfilePage object at 0x7f56bed18410>\ndriver = <selenium.webdriver.chrome.webdriver.WebDriver (session=\"87975d537b7f3f9bc4167f455dcfb672\")>\nauthorization_user = None\n\n    @allure.title('test_check_title_of_static_table')\n    def test_check_title_of_static_table(self, driver, authorization_user):\n        page = ProfilePage(driver)\n>       page.click_static_site_button()\n\ntests_ui/test_ui.py:75: \n_ _ _ _ _ _ _ _ _ _ _ _ _ _ _ _ _ _ _ _ _ _ _ _ _ _ _ _ _ _ _ _ _ _ _ _ _ _ _ _ \ntests_ui/profile_page.py:40: in click_static_site_button\n    return self.element_is_present_and_clickable(self.locators.STATIC_BUTTON).click()\ntests_ui/base_page.py:28: in element_is_present_and_clickable\n    return (Wait(self.driver, self.timeout).until(\n_ _ _ _ _ _ _ _ _ _ _ _ _ _ _ _ _ _ _ _ _ _ _ _ _ _ _ _ _ _ _ _ _ _ _ _ _ _ _ _ \n\nself = <selenium.webdriver.support.wait.WebDriverWait (session=\"87975d537b7f3f9bc4167f455dcfb672\")>\nmethod = <function visibility_of_element_located.<locals>._predicate at 0x7f56be1df380>\nmessage = 'Can\\'t find element by locator (\\'xpath\\', \\'//button[@id=\"menu_button_webpages\"]\\')'\n\n    def until(self, method: Callable[[D], Union[Literal[False], T]], message: str = \"\") -> T:\n        \"\"\"Calls the method provided with the driver as an argument until the \\\n        return value does not evaluate to ``False``.\n    \n        :param method: callable(WebDriver)\n        :param message: optional message for :exc:`TimeoutException`\n        :returns: the result of the last call to `method`\n        :raises: :exc:`selenium.common.exceptions.TimeoutException` if timeout occurs\n        \"\"\"\n        screen = None\n        stacktrace = None\n    \n        end_time = time.monotonic() + self._timeout\n        while True:\n            try:\n                value = method(self._driver)\n                if value:\n                    return value\n            except self._ignored_exceptions as exc:\n                screen = getattr(exc, \"screen\", None)\n                stacktrace = getattr(exc, \"stacktrace\", None)\n            time.sleep(self._poll)\n            if time.monotonic() > end_time:\n                break\n>       raise TimeoutException(message, screen, stacktrace)\nE       selenium.common.exceptions.TimeoutException: Message: Can't find element by locator ('xpath', '//button[@id=\"menu_button_webpages\"]')\nE       Stacktrace:\nE       #0 0x55b94ec2713a <unknown>\nE       #1 0x55b94e742460 <unknown>\nE       #2 0x55b94e78ef96 <unknown>\nE       #3 0x55b94e78f221 <unknown>\nE       #4 0x55b94e7d45d4 <unknown>\nE       #5 0x55b94e7b303d <unknown>\nE       #6 0x55b94e7d1af6 <unknown>\nE       #7 0x55b94e7b2db3 <unknown>\nE       #8 0x55b94e781c10 <unknown>\nE       #9 0x55b94e782bee <unknown>\nE       #10 0x55b94ebf33cb <unknown>\nE       #11 0x55b94ebf7368 <unknown>\nE       #12 0x55b94ebe0eec <unknown>\nE       #13 0x55b94ebf7ee7 <unknown>\nE       #14 0x55b94ebc613f <unknown>\nE       #15 0x55b94ec15858 <unknown>\nE       #16 0x55b94ec15a20 <unknown>\nE       #17 0x55b94ec25fb6 <unknown>\nE       #18 0x7fb82dc94ac3 <unknown>\n\n/opt/hostedtoolcache/Python/3.12.7/x64/lib/python3.12/site-packages/selenium/webdriver/support/wait.py:105: TimeoutException",
    "steps" : [ {
      "name" : "Click \"Static site\" button.",
      "time" : {
        "start" : 1731288546390,
        "stop" : 1731288551856,
        "duration" : 5466
      },
      "status" : "broken",
      "statusMessage" : "selenium.common.exceptions.TimeoutException: Message: Can't find element by locator ('xpath', '//button[@id=\"menu_button_webpages\"]')\nStacktrace:\n#0 0x55b94ec2713a <unknown>\n#1 0x55b94e742460 <unknown>\n#2 0x55b94e78ef96 <unknown>\n#3 0x55b94e78f221 <unknown>\n#4 0x55b94e7d45d4 <unknown>\n#5 0x55b94e7b303d <unknown>\n#6 0x55b94e7d1af6 <unknown>\n#7 0x55b94e7b2db3 <unknown>\n#8 0x55b94e781c10 <unknown>\n#9 0x55b94e782bee <unknown>\n#10 0x55b94ebf33cb <unknown>\n#11 0x55b94ebf7368 <unknown>\n#12 0x55b94ebe0eec <unknown>\n#13 0x55b94ebf7ee7 <unknown>\n#14 0x55b94ebc613f <unknown>\n#15 0x55b94ec15858 <unknown>\n#16 0x55b94ec15a20 <unknown>\n#17 0x55b94ec25fb6 <unknown>\n#18 0x7fb82dc94ac3 <unknown>\n\n",
      "statusTrace" : "  File \"/home/runner/work/Oblache/Oblache/tests_ui/profile_page.py\", line 40, in click_static_site_button\n    return self.element_is_present_and_clickable(self.locators.STATIC_BUTTON).click()\n           ^^^^^^^^^^^^^^^^^^^^^^^^^^^^^^^^^^^^^^^^^^^^^^^^^^^^^^^^^^^^^^^^^^\n  File \"/home/runner/work/Oblache/Oblache/tests_ui/base_page.py\", line 28, in element_is_present_and_clickable\n    return (Wait(self.driver, self.timeout).until(\n            ^^^^^^^^^^^^^^^^^^^^^^^^^^^^^^^^^^^^^^\n  File \"/opt/hostedtoolcache/Python/3.12.7/x64/lib/python3.12/site-packages/selenium/webdriver/support/wait.py\", line 105, in until\n    raise TimeoutException(message, screen, stacktrace)\n",
      "steps" : [ ],
      "attachments" : [ ],
      "parameters" : [ ],
      "stepsCount" : 0,
      "attachmentsCount" : 0,
      "shouldDisplayMessage" : true,
      "hasContent" : true
    } ],
    "attachments" : [ {
      "uid" : "d1049b7141a00b22",
      "name" : "Screenshot 2024-11-11 01:29:11.957837",
      "source" : "d1049b7141a00b22.png",
      "type" : "image/png",
      "size" : 42093
    } ],
    "parameters" : [ ],
    "stepsCount" : 1,
    "attachmentsCount" : 1,
    "shouldDisplayMessage" : true,
    "hasContent" : true
  },
  "afterStages" : [ {
    "name" : "driver::0",
    "time" : {
      "start" : 1731288551959,
      "stop" : 1731288552024,
      "duration" : 65
    },
    "status" : "passed",
    "steps" : [ ],
    "attachments" : [ ],
    "parameters" : [ ],
    "stepsCount" : 0,
    "attachmentsCount" : 0,
    "shouldDisplayMessage" : false,
    "hasContent" : false
  } ],
  "labels" : [ {
    "name" : "suite",
    "value" : "Test Profile Page."
  }, {
    "name" : "parentSuite",
    "value" : "tests_ui"
  }, {
    "name" : "subSuite",
    "value" : "TestProfilePage"
  }, {
    "name" : "host",
    "value" : "fv-az1148-756"
  }, {
    "name" : "thread",
    "value" : "2265-MainThread"
  }, {
    "name" : "framework",
    "value" : "pytest"
  }, {
    "name" : "language",
    "value" : "cpython3"
  }, {
    "name" : "package",
    "value" : "tests_ui.test_ui"
  }, {
    "name" : "resultFormat",
    "value" : "allure2"
  } ],
  "parameters" : [ ],
  "links" : [ ],
  "hidden" : false,
  "retry" : false,
  "extra" : {
    "severity" : "normal",
    "retries" : [ ],
    "categories" : [ {
      "name" : "Test defects",
      "matchedStatuses" : [ ],
      "flaky" : false
    } ],
    "history" : {
      "statistic" : {
        "failed" : 0,
        "broken" : 55,
        "skipped" : 0,
        "passed" : 1,
        "unknown" : 0,
        "total" : 56
      },
      "items" : [ {
        "uid" : "503eac777239b2d1",
        "reportUrl" : "https://Areso.github.io/Oblache/213//#testresult/503eac777239b2d1",
        "status" : "broken",
        "statusDetails" : "selenium.common.exceptions.TimeoutException: Message: Can't find element by locator ('xpath', '//button[@id=\"menu_button_webpages\"]')\nStacktrace:\n#0 0x55e15354413a <unknown>\n#1 0x55e15305f460 <unknown>\n#2 0x55e1530abf96 <unknown>\n#3 0x55e1530ac221 <unknown>\n#4 0x55e1530f15d4 <unknown>\n#5 0x55e1530d003d <unknown>\n#6 0x55e1530eeaf6 <unknown>\n#7 0x55e1530cfdb3 <unknown>\n#8 0x55e15309ec10 <unknown>\n#9 0x55e15309fbee <unknown>\n#10 0x55e1535103cb <unknown>\n#11 0x55e153514368 <unknown>\n#12 0x55e1534fdeec <unknown>\n#13 0x55e153514ee7 <unknown>\n#14 0x55e1534e313f <unknown>\n#15 0x55e153532858 <unknown>\n#16 0x55e153532a20 <unknown>\n#17 0x55e153542fb6 <unknown>\n#18 0x7f3828894ac3 <unknown>",
        "time" : {
          "start" : 1731202741658,
          "stop" : 1731202747094,
          "duration" : 5436
        }
      }, {
        "uid" : "123b71871fc0b59f",
        "reportUrl" : "https://Areso.github.io/Oblache/212//#testresult/123b71871fc0b59f",
        "status" : "broken",
        "statusDetails" : "selenium.common.exceptions.TimeoutException: Message: Can't find element by locator ('xpath', '//button[@id=\"menu_button_webpages\"]')\nStacktrace:\n#0 0x55ad7229e13a <unknown>\n#1 0x55ad71db9460 <unknown>\n#2 0x55ad71e05f96 <unknown>\n#3 0x55ad71e06221 <unknown>\n#4 0x55ad71e4b5d4 <unknown>\n#5 0x55ad71e2a03d <unknown>\n#6 0x55ad71e48af6 <unknown>\n#7 0x55ad71e29db3 <unknown>\n#8 0x55ad71df8c10 <unknown>\n#9 0x55ad71df9bee <unknown>\n#10 0x55ad7226a3cb <unknown>\n#11 0x55ad7226e368 <unknown>\n#12 0x55ad72257eec <unknown>\n#13 0x55ad7226eee7 <unknown>\n#14 0x55ad7223d13f <unknown>\n#15 0x55ad7228c858 <unknown>\n#16 0x55ad7228ca20 <unknown>\n#17 0x55ad7229cfb6 <unknown>\n#18 0x7f271ec94ac3 <unknown>",
        "time" : {
          "start" : 1731115502765,
          "stop" : 1731115507817,
          "duration" : 5052
        }
      }, {
        "uid" : "510e9bcb467e60b1",
        "reportUrl" : "https://Areso.github.io/Oblache/211//#testresult/510e9bcb467e60b1",
        "status" : "broken",
        "statusDetails" : "selenium.common.exceptions.TimeoutException: Message: Can't find element by locator ('xpath', '//button[@id=\"menu_button_webpages\"]')\nStacktrace:\n#0 0x55be77b7113a <unknown>\n#1 0x55be7768c460 <unknown>\n#2 0x55be776d8f96 <unknown>\n#3 0x55be776d9221 <unknown>\n#4 0x55be7771e5d4 <unknown>\n#5 0x55be776fd03d <unknown>\n#6 0x55be7771baf6 <unknown>\n#7 0x55be776fcdb3 <unknown>\n#8 0x55be776cbc10 <unknown>\n#9 0x55be776ccbee <unknown>\n#10 0x55be77b3d3cb <unknown>\n#11 0x55be77b41368 <unknown>\n#12 0x55be77b2aeec <unknown>\n#13 0x55be77b41ee7 <unknown>\n#14 0x55be77b1013f <unknown>\n#15 0x55be77b5f858 <unknown>\n#16 0x55be77b5fa20 <unknown>\n#17 0x55be77b6ffb6 <unknown>\n#18 0x7f859a294ac3 <unknown>",
        "time" : {
          "start" : 1731029291960,
          "stop" : 1731029297377,
          "duration" : 5417
        }
      }, {
        "uid" : "5485bb754107d166",
        "reportUrl" : "https://Areso.github.io/Oblache/210//#testresult/5485bb754107d166",
        "status" : "broken",
        "statusDetails" : "selenium.common.exceptions.TimeoutException: Message: Can't find element by locator ('xpath', '//button[@id=\"menu_button_webpages\"]')\nStacktrace:\n#0 0x559d8352d13a <unknown>\n#1 0x559d83048460 <unknown>\n#2 0x559d83094f96 <unknown>\n#3 0x559d83095221 <unknown>\n#4 0x559d830da5d4 <unknown>\n#5 0x559d830b903d <unknown>\n#6 0x559d830d7af6 <unknown>\n#7 0x559d830b8db3 <unknown>\n#8 0x559d83087c10 <unknown>\n#9 0x559d83088bee <unknown>\n#10 0x559d834f93cb <unknown>\n#11 0x559d834fd368 <unknown>\n#12 0x559d834e6eec <unknown>\n#13 0x559d834fdee7 <unknown>\n#14 0x559d834cc13f <unknown>\n#15 0x559d8351b858 <unknown>\n#16 0x559d8351ba20 <unknown>\n#17 0x559d8352bfb6 <unknown>\n#18 0x7fd99ee94ac3 <unknown>",
        "time" : {
          "start" : 1730942904252,
          "stop" : 1730942909669,
          "duration" : 5417
        }
      }, {
        "uid" : "efa9d0a006aeaa43",
        "reportUrl" : "https://Areso.github.io/Oblache/209//#testresult/efa9d0a006aeaa43",
        "status" : "broken",
        "statusDetails" : "selenium.common.exceptions.TimeoutException: Message: Can't find element by locator ('xpath', '//button[@id=\"menu_button_webpages\"]')\nStacktrace:\n#0 0x55c27cfb00aa <unknown>\n#1 0x55c27cac71a0 <unknown>\n#2 0x55c27cb13d06 <unknown>\n#3 0x55c27cb13fa1 <unknown>\n#4 0x55c27cb59344 <unknown>\n#5 0x55c27cb37dad <unknown>\n#6 0x55c27cb56866 <unknown>\n#7 0x55c27cb37b23 <unknown>\n#8 0x55c27cb06990 <unknown>\n#9 0x55c27cb0796e <unknown>\n#10 0x55c27cf7c16b <unknown>\n#11 0x55c27cf7ff68 <unknown>\n#12 0x55c27cf6964c <unknown>\n#13 0x55c27cf80ae7 <unknown>\n#14 0x55c27cf4e4af <unknown>\n#15 0x55c27cf9e4f8 <unknown>\n#16 0x55c27cf9e6c0 <unknown>\n#17 0x55c27cfaef26 <unknown>\n#18 0x7f0e55694ac3 <unknown>",
        "time" : {
          "start" : 1730856420887,
          "stop" : 1730856426269,
          "duration" : 5382
        }
      }, {
        "uid" : "52dbb0ad636abac4",
        "reportUrl" : "https://Areso.github.io/Oblache/208//#testresult/52dbb0ad636abac4",
        "status" : "broken",
        "statusDetails" : "selenium.common.exceptions.TimeoutException: Message: Can't find element by locator ('xpath', '//button[@id=\"menu_button_webpages\"]')\nStacktrace:\n#0 0x55e4a20bc0aa <unknown>\n#1 0x55e4a1bd31a0 <unknown>\n#2 0x55e4a1c1fd06 <unknown>\n#3 0x55e4a1c1ffa1 <unknown>\n#4 0x55e4a1c65344 <unknown>\n#5 0x55e4a1c43dad <unknown>\n#6 0x55e4a1c62866 <unknown>\n#7 0x55e4a1c43b23 <unknown>\n#8 0x55e4a1c12990 <unknown>\n#9 0x55e4a1c1396e <unknown>\n#10 0x55e4a208816b <unknown>\n#11 0x55e4a208bf68 <unknown>\n#12 0x55e4a207564c <unknown>\n#13 0x55e4a208cae7 <unknown>\n#14 0x55e4a205a4af <unknown>\n#15 0x55e4a20aa4f8 <unknown>\n#16 0x55e4a20aa6c0 <unknown>\n#17 0x55e4a20baf26 <unknown>\n#18 0x7f0538094ac3 <unknown>",
        "time" : {
          "start" : 1730770086246,
          "stop" : 1730770091696,
          "duration" : 5450
        }
      }, {
        "uid" : "3414d205fcf9aced",
        "reportUrl" : "https://Areso.github.io/Oblache/207//#testresult/3414d205fcf9aced",
        "status" : "broken",
        "statusDetails" : "selenium.common.exceptions.TimeoutException: Message: Can't find element by locator ('xpath', '//button[@id=\"menu_button_webpages\"]')\nStacktrace:\n#0 0x563e6143c0aa <unknown>\n#1 0x563e60f531a0 <unknown>\n#2 0x563e60f9fd06 <unknown>\n#3 0x563e60f9ffa1 <unknown>\n#4 0x563e60fe5344 <unknown>\n#5 0x563e60fc3dad <unknown>\n#6 0x563e60fe2866 <unknown>\n#7 0x563e60fc3b23 <unknown>\n#8 0x563e60f92990 <unknown>\n#9 0x563e60f9396e <unknown>\n#10 0x563e6140816b <unknown>\n#11 0x563e6140bf68 <unknown>\n#12 0x563e613f564c <unknown>\n#13 0x563e6140cae7 <unknown>\n#14 0x563e613da4af <unknown>\n#15 0x563e6142a4f8 <unknown>\n#16 0x563e6142a6c0 <unknown>\n#17 0x563e6143af26 <unknown>\n#18 0x7f6ed8494ac3 <unknown>",
        "time" : {
          "start" : 1730684341387,
          "stop" : 1730684346846,
          "duration" : 5459
        }
      }, {
        "uid" : "56b7288a27816b7",
        "reportUrl" : "https://Areso.github.io/Oblache/206//#testresult/56b7288a27816b7",
        "status" : "broken",
        "statusDetails" : "selenium.common.exceptions.TimeoutException: Message: Can't find element by locator ('xpath', '//button[@id=\"menu_button_webpages\"]')\nStacktrace:\n#0 0x556356fab0aa <unknown>\n#1 0x556356ac21a0 <unknown>\n#2 0x556356b0ed06 <unknown>\n#3 0x556356b0efa1 <unknown>\n#4 0x556356b54344 <unknown>\n#5 0x556356b32dad <unknown>\n#6 0x556356b51866 <unknown>\n#7 0x556356b32b23 <unknown>\n#8 0x556356b01990 <unknown>\n#9 0x556356b0296e <unknown>\n#10 0x556356f7716b <unknown>\n#11 0x556356f7af68 <unknown>\n#12 0x556356f6464c <unknown>\n#13 0x556356f7bae7 <unknown>\n#14 0x556356f494af <unknown>\n#15 0x556356f994f8 <unknown>\n#16 0x556356f996c0 <unknown>\n#17 0x556356fa9f26 <unknown>\n#18 0x7f7074494ac3 <unknown>",
        "time" : {
          "start" : 1730598077428,
          "stop" : 1730598082842,
          "duration" : 5414
        }
      }, {
        "uid" : "8603128b839d8527",
        "reportUrl" : "https://Areso.github.io/Oblache/205//#testresult/8603128b839d8527",
        "status" : "broken",
        "statusDetails" : "selenium.common.exceptions.TimeoutException: Message: Can't find element by locator ('xpath', '//button[@id=\"menu_button_webpages\"]')\nStacktrace:\n#0 0x56545bd780aa <unknown>\n#1 0x56545b88f1a0 <unknown>\n#2 0x56545b8dbd06 <unknown>\n#3 0x56545b8dbfa1 <unknown>\n#4 0x56545b921344 <unknown>\n#5 0x56545b8ffdad <unknown>\n#6 0x56545b91e866 <unknown>\n#7 0x56545b8ffb23 <unknown>\n#8 0x56545b8ce990 <unknown>\n#9 0x56545b8cf96e <unknown>\n#10 0x56545bd4416b <unknown>\n#11 0x56545bd47f68 <unknown>\n#12 0x56545bd3164c <unknown>\n#13 0x56545bd48ae7 <unknown>\n#14 0x56545bd164af <unknown>\n#15 0x56545bd664f8 <unknown>\n#16 0x56545bd666c0 <unknown>\n#17 0x56545bd76f26 <unknown>\n#18 0x7efc8fe94ac3 <unknown>",
        "time" : {
          "start" : 1730510829179,
          "stop" : 1730510834613,
          "duration" : 5434
        }
      }, {
        "uid" : "5277c06797366012",
        "reportUrl" : "https://Areso.github.io/Oblache/204//#testresult/5277c06797366012",
        "status" : "broken",
        "statusDetails" : "selenium.common.exceptions.TimeoutException: Message: Can't find element by locator ('xpath', '//button[@id=\"menu_button_webpages\"]')\nStacktrace:\n#0 0x562a977f30aa <unknown>\n#1 0x562a9730a1a0 <unknown>\n#2 0x562a97356d06 <unknown>\n#3 0x562a97356fa1 <unknown>\n#4 0x562a9739c344 <unknown>\n#5 0x562a9737adad <unknown>\n#6 0x562a97399866 <unknown>\n#7 0x562a9737ab23 <unknown>\n#8 0x562a97349990 <unknown>\n#9 0x562a9734a96e <unknown>\n#10 0x562a977bf16b <unknown>\n#11 0x562a977c2f68 <unknown>\n#12 0x562a977ac64c <unknown>\n#13 0x562a977c3ae7 <unknown>\n#14 0x562a977914af <unknown>\n#15 0x562a977e14f8 <unknown>\n#16 0x562a977e16c0 <unknown>\n#17 0x562a977f1f26 <unknown>\n#18 0x7f6be1494ac3 <unknown>",
        "time" : {
          "start" : 1730425394123,
          "stop" : 1730425399567,
          "duration" : 5444
        }
      }, {
        "uid" : "64e065728624adad",
        "reportUrl" : "https://Areso.github.io/Oblache/203//#testresult/64e065728624adad",
        "status" : "broken",
        "statusDetails" : "selenium.common.exceptions.TimeoutException: Message: Can't find element by locator ('xpath', '//button[@id=\"menu_button_webpages\"]')\nStacktrace:\n#0 0x55aa918880aa <unknown>\n#1 0x55aa9139f1a0 <unknown>\n#2 0x55aa913ebd06 <unknown>\n#3 0x55aa913ebfa1 <unknown>\n#4 0x55aa91431344 <unknown>\n#5 0x55aa9140fdad <unknown>\n#6 0x55aa9142e866 <unknown>\n#7 0x55aa9140fb23 <unknown>\n#8 0x55aa913de990 <unknown>\n#9 0x55aa913df96e <unknown>\n#10 0x55aa9185416b <unknown>\n#11 0x55aa91857f68 <unknown>\n#12 0x55aa9184164c <unknown>\n#13 0x55aa91858ae7 <unknown>\n#14 0x55aa918264af <unknown>\n#15 0x55aa918764f8 <unknown>\n#16 0x55aa918766c0 <unknown>\n#17 0x55aa91886f26 <unknown>\n#18 0x7f1696294ac3 <unknown>",
        "time" : {
          "start" : 1730338220746,
          "stop" : 1730338226191,
          "duration" : 5445
        }
      }, {
        "uid" : "1176228a12e6efeb",
        "reportUrl" : "https://Areso.github.io/Oblache/202//#testresult/1176228a12e6efeb",
        "status" : "broken",
        "statusDetails" : "selenium.common.exceptions.TimeoutException: Message: Can't find element by locator ('xpath', '//button[@id=\"menu_button_webpages\"]')\nStacktrace:\n#0 0x555b793530aa <unknown>\n#1 0x555b78e6a1a0 <unknown>\n#2 0x555b78eb6d06 <unknown>\n#3 0x555b78eb6fa1 <unknown>\n#4 0x555b78efc344 <unknown>\n#5 0x555b78edadad <unknown>\n#6 0x555b78ef9866 <unknown>\n#7 0x555b78edab23 <unknown>\n#8 0x555b78ea9990 <unknown>\n#9 0x555b78eaa96e <unknown>\n#10 0x555b7931f16b <unknown>\n#11 0x555b79322f68 <unknown>\n#12 0x555b7930c64c <unknown>\n#13 0x555b79323ae7 <unknown>\n#14 0x555b792f14af <unknown>\n#15 0x555b793414f8 <unknown>\n#16 0x555b793416c0 <unknown>\n#17 0x555b79351f26 <unknown>\n#18 0x7f6d5d094ac3 <unknown>",
        "time" : {
          "start" : 1730251744388,
          "stop" : 1730251749805,
          "duration" : 5417
        }
      }, {
        "uid" : "143eec136b7213f9",
        "reportUrl" : "https://Areso.github.io/Oblache/201//#testresult/143eec136b7213f9",
        "status" : "broken",
        "statusDetails" : "selenium.common.exceptions.TimeoutException: Message: Can't find element by locator ('xpath', '//button[@id=\"menu_button_webpages\"]')\nStacktrace:\n#0 0x5620599640aa <unknown>\n#1 0x56205947b1a0 <unknown>\n#2 0x5620594c7d06 <unknown>\n#3 0x5620594c7fa1 <unknown>\n#4 0x56205950d344 <unknown>\n#5 0x5620594ebdad <unknown>\n#6 0x56205950a866 <unknown>\n#7 0x5620594ebb23 <unknown>\n#8 0x5620594ba990 <unknown>\n#9 0x5620594bb96e <unknown>\n#10 0x56205993016b <unknown>\n#11 0x562059933f68 <unknown>\n#12 0x56205991d64c <unknown>\n#13 0x562059934ae7 <unknown>\n#14 0x5620599024af <unknown>\n#15 0x5620599524f8 <unknown>\n#16 0x5620599526c0 <unknown>\n#17 0x562059962f26 <unknown>\n#18 0x7f6e72e94ac3 <unknown>",
        "time" : {
          "start" : 1730165396754,
          "stop" : 1730165402131,
          "duration" : 5377
        }
      }, {
        "uid" : "38406c44677a8b3e",
        "reportUrl" : "https://Areso.github.io/Oblache/200//#testresult/38406c44677a8b3e",
        "status" : "broken",
        "statusDetails" : "selenium.common.exceptions.TimeoutException: Message: Can't find element by locator ('xpath', '//button[@id=\"menu_button_webpages\"]')\nStacktrace:\n#0 0x56375fb840aa <unknown>\n#1 0x56375f69b1a0 <unknown>\n#2 0x56375f6e7d06 <unknown>\n#3 0x56375f6e7fa1 <unknown>\n#4 0x56375f72d344 <unknown>\n#5 0x56375f70bdad <unknown>\n#6 0x56375f72a866 <unknown>\n#7 0x56375f70bb23 <unknown>\n#8 0x56375f6da990 <unknown>\n#9 0x56375f6db96e <unknown>\n#10 0x56375fb5016b <unknown>\n#11 0x56375fb53f68 <unknown>\n#12 0x56375fb3d64c <unknown>\n#13 0x56375fb54ae7 <unknown>\n#14 0x56375fb224af <unknown>\n#15 0x56375fb724f8 <unknown>\n#16 0x56375fb726c0 <unknown>\n#17 0x56375fb82f26 <unknown>\n#18 0x7f88aca94ac3 <unknown>",
        "time" : {
          "start" : 1730079605616,
          "stop" : 1730079611008,
          "duration" : 5392
        }
      }, {
        "uid" : "4f3c52fa92f089b7",
        "reportUrl" : "https://Areso.github.io/Oblache/199//#testresult/4f3c52fa92f089b7",
        "status" : "broken",
        "statusDetails" : "selenium.common.exceptions.TimeoutException: Message: Can't find element by locator ('xpath', '//button[@id=\"menu_button_webpages\"]')\nStacktrace:\n#0 0x5649878c00aa <unknown>\n#1 0x5649873d71a0 <unknown>\n#2 0x564987423d06 <unknown>\n#3 0x564987423fa1 <unknown>\n#4 0x564987469344 <unknown>\n#5 0x564987447dad <unknown>\n#6 0x564987466866 <unknown>\n#7 0x564987447b23 <unknown>\n#8 0x564987416990 <unknown>\n#9 0x56498741796e <unknown>\n#10 0x56498788c16b <unknown>\n#11 0x56498788ff68 <unknown>\n#12 0x56498787964c <unknown>\n#13 0x564987890ae7 <unknown>\n#14 0x56498785e4af <unknown>\n#15 0x5649878ae4f8 <unknown>\n#16 0x5649878ae6c0 <unknown>\n#17 0x5649878bef26 <unknown>\n#18 0x7fb189694ac3 <unknown>",
        "time" : {
          "start" : 1729993269654,
          "stop" : 1729993275082,
          "duration" : 5428
        }
      }, {
        "uid" : "8fd93ecb1d02cf53",
        "reportUrl" : "https://Areso.github.io/Oblache/198//#testresult/8fd93ecb1d02cf53",
        "status" : "broken",
        "statusDetails" : "selenium.common.exceptions.TimeoutException: Message: Can't find element by locator ('xpath', '//button[@id=\"menu_button_webpages\"]')\nStacktrace:\n#0 0x5561700550aa <unknown>\n#1 0x55616fb6c1a0 <unknown>\n#2 0x55616fbb8d06 <unknown>\n#3 0x55616fbb8fa1 <unknown>\n#4 0x55616fbfe344 <unknown>\n#5 0x55616fbdcdad <unknown>\n#6 0x55616fbfb866 <unknown>\n#7 0x55616fbdcb23 <unknown>\n#8 0x55616fbab990 <unknown>\n#9 0x55616fbac96e <unknown>\n#10 0x55617002116b <unknown>\n#11 0x556170024f68 <unknown>\n#12 0x55617000e64c <unknown>\n#13 0x556170025ae7 <unknown>\n#14 0x55616fff34af <unknown>\n#15 0x5561700434f8 <unknown>\n#16 0x5561700436c0 <unknown>\n#17 0x556170053f26 <unknown>\n#18 0x7fdc75c94ac3 <unknown>",
        "time" : {
          "start" : 1729905968306,
          "stop" : 1729905973757,
          "duration" : 5451
        }
      }, {
        "uid" : "1fcfeac22673b393",
        "reportUrl" : "https://Areso.github.io/Oblache/197//#testresult/1fcfeac22673b393",
        "status" : "broken",
        "statusDetails" : "selenium.common.exceptions.TimeoutException: Message: Can't find element by locator ('xpath', '//button[@id=\"menu_button_webpages\"]')\nStacktrace:\n#0 0x558ce64b60aa <unknown>\n#1 0x558ce5fcd1a0 <unknown>\n#2 0x558ce6019d06 <unknown>\n#3 0x558ce6019fa1 <unknown>\n#4 0x558ce605f344 <unknown>\n#5 0x558ce603ddad <unknown>\n#6 0x558ce605c866 <unknown>\n#7 0x558ce603db23 <unknown>\n#8 0x558ce600c990 <unknown>\n#9 0x558ce600d96e <unknown>\n#10 0x558ce648216b <unknown>\n#11 0x558ce6485f68 <unknown>\n#12 0x558ce646f64c <unknown>\n#13 0x558ce6486ae7 <unknown>\n#14 0x558ce64544af <unknown>\n#15 0x558ce64a44f8 <unknown>\n#16 0x558ce64a46c0 <unknown>\n#17 0x558ce64b4f26 <unknown>\n#18 0x7fe3ef294ac3 <unknown>",
        "time" : {
          "start" : 1729819755702,
          "stop" : 1729819760733,
          "duration" : 5031
        }
      }, {
        "uid" : "1686a2020423d98d",
        "reportUrl" : "https://Areso.github.io/Oblache/196//#testresult/1686a2020423d98d",
        "status" : "broken",
        "statusDetails" : "selenium.common.exceptions.TimeoutException: Message: Can't find element by locator ('xpath', '//button[@id=\"menu_button_webpages\"]')\nStacktrace:\n#0 0x5564e184c0aa <unknown>\n#1 0x5564e13631a0 <unknown>\n#2 0x5564e13afd06 <unknown>\n#3 0x5564e13affa1 <unknown>\n#4 0x5564e13f5344 <unknown>\n#5 0x5564e13d3dad <unknown>\n#6 0x5564e13f2866 <unknown>\n#7 0x5564e13d3b23 <unknown>\n#8 0x5564e13a2990 <unknown>\n#9 0x5564e13a396e <unknown>\n#10 0x5564e181816b <unknown>\n#11 0x5564e181bf68 <unknown>\n#12 0x5564e180564c <unknown>\n#13 0x5564e181cae7 <unknown>\n#14 0x5564e17ea4af <unknown>\n#15 0x5564e183a4f8 <unknown>\n#16 0x5564e183a6c0 <unknown>\n#17 0x5564e184af26 <unknown>\n#18 0x7fcb89a94ac3 <unknown>",
        "time" : {
          "start" : 1729733292147,
          "stop" : 1729733297572,
          "duration" : 5425
        }
      }, {
        "uid" : "fa14f027b232d8d5",
        "reportUrl" : "https://Areso.github.io/Oblache/195//#testresult/fa14f027b232d8d5",
        "status" : "broken",
        "statusDetails" : "selenium.common.exceptions.TimeoutException: Message: Can't find element by locator ('xpath', '//button[@id=\"menu_button_webpages\"]')\nStacktrace:\n#0 0x55746492d0aa <unknown>\n#1 0x5574644441a0 <unknown>\n#2 0x557464490d06 <unknown>\n#3 0x557464490fa1 <unknown>\n#4 0x5574644d6344 <unknown>\n#5 0x5574644b4dad <unknown>\n#6 0x5574644d3866 <unknown>\n#7 0x5574644b4b23 <unknown>\n#8 0x557464483990 <unknown>\n#9 0x55746448496e <unknown>\n#10 0x5574648f916b <unknown>\n#11 0x5574648fcf68 <unknown>\n#12 0x5574648e664c <unknown>\n#13 0x5574648fdae7 <unknown>\n#14 0x5574648cb4af <unknown>\n#15 0x55746491b4f8 <unknown>\n#16 0x55746491b6c0 <unknown>\n#17 0x55746492bf26 <unknown>\n#18 0x7effe6294ac3 <unknown>",
        "time" : {
          "start" : 1729646877660,
          "stop" : 1729646883039,
          "duration" : 5379
        }
      }, {
        "uid" : "dc68d4c64bd55c9d",
        "reportUrl" : "https://Areso.github.io/Oblache/194//#testresult/dc68d4c64bd55c9d",
        "status" : "broken",
        "statusDetails" : "selenium.common.exceptions.TimeoutException: Message: Can't find element by locator ('xpath', '//button[@id=\"menu_button_webpages\"]')\nStacktrace:\n#0 0x561ee28920aa <unknown>\n#1 0x561ee23a91a0 <unknown>\n#2 0x561ee23f5d06 <unknown>\n#3 0x561ee23f5fa1 <unknown>\n#4 0x561ee243b344 <unknown>\n#5 0x561ee2419dad <unknown>\n#6 0x561ee2438866 <unknown>\n#7 0x561ee2419b23 <unknown>\n#8 0x561ee23e8990 <unknown>\n#9 0x561ee23e996e <unknown>\n#10 0x561ee285e16b <unknown>\n#11 0x561ee2861f68 <unknown>\n#12 0x561ee284b64c <unknown>\n#13 0x561ee2862ae7 <unknown>\n#14 0x561ee28304af <unknown>\n#15 0x561ee28804f8 <unknown>\n#16 0x561ee28806c0 <unknown>\n#17 0x561ee2890f26 <unknown>\n#18 0x7f4794e94ac3 <unknown>",
        "time" : {
          "start" : 1729560541520,
          "stop" : 1729560546980,
          "duration" : 5460
        }
      } ]
    },
    "tags" : [ ]
  },
  "source" : "fbfa10c752743118.json",
  "parameterValues" : [ ]
}