{
  "uid" : "b4c3b20fe55d13fa",
  "name" : "test_clipboard_uuid_docker",
  "fullName" : "tests_ui.test_ui.TestProfilePage#test_clipboard_uuid_docker",
  "historyId" : "11f91f43cfea2a231aececf29c7ed302",
  "time" : {
    "start" : 1713229027054,
    "stop" : 1713229032218,
    "duration" : 5164
  },
  "status" : "broken",
  "statusMessage" : "selenium.common.exceptions.TimeoutException: Message: Can't find element by locator ('xpath', '//table[@id=\"table_containers\"] //tr[1]/td[3] /button')\nStacktrace:\n#0 0x560399309873 <unknown>\n#1 0x560398fff8c6 <unknown>\n#2 0x56039904a618 <unknown>\n#3 0x56039904a6d1 <unknown>\n#4 0x56039908d744 <unknown>\n#5 0x56039906c5cd <unknown>\n#6 0x56039908ac19 <unknown>\n#7 0x56039906c343 <unknown>\n#8 0x56039903d593 <unknown>\n#9 0x56039903df5e <unknown>\n#10 0x5603992cd85b <unknown>\n#11 0x5603992d17b5 <unknown>\n#12 0x5603992bb581 <unknown>\n#13 0x5603992d2342 <unknown>\n#14 0x5603992a088f <unknown>\n#15 0x5603992f8738 <unknown>\n#16 0x5603992f890b <unknown>\n#17 0x5603993089c4 <unknown>\n#18 0x7f8965894ac3 <unknown>",
  "statusTrace" : "self = <tests_ui.test_ui.TestUI.TestProfilePage object at 0x7f055a6f8290>\ndriver = <selenium.webdriver.chrome.webdriver.WebDriver (session=\"2d4c7418d85e29d9104b749b1b4e42c3\")>\nauthorization_user = <tests_ui.login_page.LoginPage object at 0x7f055a710e30>\n\n    @allure.title('test_clipboard_uuid_docker')\n    def test_clipboard_uuid_docker(self, driver, authorization_user):\n        page = ProfilePage(driver)\n        page.click_button_docker_containers()\n>       page.check_clipboard('//table[@id=\"table_containers\"]')\n\ntests_ui/test_ui.py:92: \n_ _ _ _ _ _ _ _ _ _ _ _ _ _ _ _ _ _ _ _ _ _ _ _ _ _ _ _ _ _ _ _ _ _ _ _ _ _ _ _ \ntests_ui/profile_page.py:82: in check_clipboard\n    button = self.element_is_visible((By.XPATH, f'{table_xpath} //tr[1]/td[3] /button'))\ntests_ui/base_page.py:32: in element_is_visible\n    self.go_to_element(self.element_is_present(locator))\ntests_ui/base_page.py:45: in element_is_present\n    return Wait(self.driver, self.timeout).until(\n_ _ _ _ _ _ _ _ _ _ _ _ _ _ _ _ _ _ _ _ _ _ _ _ _ _ _ _ _ _ _ _ _ _ _ _ _ _ _ _ \n\nself = <selenium.webdriver.support.wait.WebDriverWait (session=\"2d4c7418d85e29d9104b749b1b4e42c3\")>\nmethod = <function presence_of_element_located.<locals>._predicate at 0x7f0559da1800>\nmessage = 'Can\\'t find element by locator (\\'xpath\\', \\'//table[@id=\"table_containers\"] //tr[1]/td[3] /button\\')'\n\n    def until(self, method: Callable[[D], Union[Literal[False], T]], message: str = \"\") -> T:\n        \"\"\"Calls the method provided with the driver as an argument until the \\\n        return value does not evaluate to ``False``.\n    \n        :param method: callable(WebDriver)\n        :param message: optional message for :exc:`TimeoutException`\n        :returns: the result of the last call to `method`\n        :raises: :exc:`selenium.common.exceptions.TimeoutException` if timeout occurs\n        \"\"\"\n        screen = None\n        stacktrace = None\n    \n        end_time = time.monotonic() + self._timeout\n        while True:\n            try:\n                value = method(self._driver)\n                if value:\n                    return value\n            except self._ignored_exceptions as exc:\n                screen = getattr(exc, \"screen\", None)\n                stacktrace = getattr(exc, \"stacktrace\", None)\n            time.sleep(self._poll)\n            if time.monotonic() > end_time:\n                break\n>       raise TimeoutException(message, screen, stacktrace)\nE       selenium.common.exceptions.TimeoutException: Message: Can't find element by locator ('xpath', '//table[@id=\"table_containers\"] //tr[1]/td[3] /button')\nE       Stacktrace:\nE       #0 0x560399309873 <unknown>\nE       #1 0x560398fff8c6 <unknown>\nE       #2 0x56039904a618 <unknown>\nE       #3 0x56039904a6d1 <unknown>\nE       #4 0x56039908d744 <unknown>\nE       #5 0x56039906c5cd <unknown>\nE       #6 0x56039908ac19 <unknown>\nE       #7 0x56039906c343 <unknown>\nE       #8 0x56039903d593 <unknown>\nE       #9 0x56039903df5e <unknown>\nE       #10 0x5603992cd85b <unknown>\nE       #11 0x5603992d17b5 <unknown>\nE       #12 0x5603992bb581 <unknown>\nE       #13 0x5603992d2342 <unknown>\nE       #14 0x5603992a088f <unknown>\nE       #15 0x5603992f8738 <unknown>\nE       #16 0x5603992f890b <unknown>\nE       #17 0x5603993089c4 <unknown>\nE       #18 0x7f8965894ac3 <unknown>\n\n/opt/hostedtoolcache/Python/3.12.2/x64/lib/python3.12/site-packages/selenium/webdriver/support/wait.py:105: TimeoutException",
  "flaky" : false,
  "newFailed" : false,
  "beforeStages" : [ {
    "name" : "authorization_user",
    "time" : {
      "start" : 1713229025817,
      "stop" : 1713229027053,
      "duration" : 1236
    },
    "status" : "passed",
    "steps" : [ {
      "name" : "Open page: https://oblache.areso.pro/register.html",
      "time" : {
        "start" : 1713229025817,
        "stop" : 1713229026128,
        "duration" : 311
      },
      "status" : "passed",
      "steps" : [ ],
      "attachments" : [ ],
      "parameters" : [ ],
      "stepsCount" : 0,
      "attachmentsCount" : 0,
      "shouldDisplayMessage" : false,
      "hasContent" : false
    }, {
      "name" : "login_user",
      "time" : {
        "start" : 1713229026128,
        "stop" : 1713229027053,
        "duration" : 925
      },
      "status" : "passed",
      "steps" : [ {
        "name" : "Enter email.",
        "time" : {
          "start" : 1713229026128,
          "stop" : 1713229026180,
          "duration" : 52
        },
        "status" : "passed",
        "steps" : [ ],
        "attachments" : [ ],
        "parameters" : [ ],
        "stepsCount" : 0,
        "attachmentsCount" : 0,
        "shouldDisplayMessage" : false,
        "hasContent" : false
      }, {
        "name" : "Enter password.",
        "time" : {
          "start" : 1713229026180,
          "stop" : 1713229026220,
          "duration" : 40
        },
        "status" : "passed",
        "steps" : [ ],
        "attachments" : [ ],
        "parameters" : [ ],
        "stepsCount" : 0,
        "attachmentsCount" : 0,
        "shouldDisplayMessage" : false,
        "hasContent" : false
      }, {
        "name" : "Click button \"Login\"",
        "time" : {
          "start" : 1713229026220,
          "stop" : 1713229026283,
          "duration" : 63
        },
        "status" : "passed",
        "steps" : [ {
          "name" : "element_is_present_and_clickable",
          "time" : {
            "start" : 1713229026220,
            "stop" : 1713229026255,
            "duration" : 35
          },
          "status" : "passed",
          "steps" : [ ],
          "attachments" : [ ],
          "parameters" : [ {
            "name" : "locator",
            "value" : "('xpath', '//input[@id=\"inp_regform_login_submit\"]')"
          } ],
          "stepsCount" : 0,
          "attachmentsCount" : 0,
          "shouldDisplayMessage" : false,
          "hasContent" : true
        } ],
        "attachments" : [ ],
        "parameters" : [ ],
        "stepsCount" : 1,
        "attachmentsCount" : 0,
        "shouldDisplayMessage" : false,
        "hasContent" : true
      }, {
        "name" : "Check url is present: https://oblache.areso.pro/profile.html",
        "time" : {
          "start" : 1713229026283,
          "stop" : 1713229027053,
          "duration" : 770
        },
        "status" : "passed",
        "steps" : [ ],
        "attachments" : [ ],
        "parameters" : [ ],
        "stepsCount" : 0,
        "attachmentsCount" : 0,
        "shouldDisplayMessage" : false,
        "hasContent" : false
      } ],
      "attachments" : [ ],
      "parameters" : [ ],
      "stepsCount" : 5,
      "attachmentsCount" : 0,
      "shouldDisplayMessage" : false,
      "hasContent" : true
    } ],
    "attachments" : [ ],
    "parameters" : [ ],
    "stepsCount" : 7,
    "attachmentsCount" : 0,
    "shouldDisplayMessage" : false,
    "hasContent" : true
  }, {
    "name" : "driver",
    "time" : {
      "start" : 1713229025535,
      "stop" : 1713229025817,
      "duration" : 282
    },
    "status" : "passed",
    "steps" : [ ],
    "attachments" : [ ],
    "parameters" : [ ],
    "stepsCount" : 0,
    "attachmentsCount" : 0,
    "shouldDisplayMessage" : false,
    "hasContent" : false
  } ],
  "testStage" : {
    "status" : "broken",
    "statusMessage" : "selenium.common.exceptions.TimeoutException: Message: Can't find element by locator ('xpath', '//table[@id=\"table_containers\"] //tr[1]/td[3] /button')\nStacktrace:\n#0 0x560399309873 <unknown>\n#1 0x560398fff8c6 <unknown>\n#2 0x56039904a618 <unknown>\n#3 0x56039904a6d1 <unknown>\n#4 0x56039908d744 <unknown>\n#5 0x56039906c5cd <unknown>\n#6 0x56039908ac19 <unknown>\n#7 0x56039906c343 <unknown>\n#8 0x56039903d593 <unknown>\n#9 0x56039903df5e <unknown>\n#10 0x5603992cd85b <unknown>\n#11 0x5603992d17b5 <unknown>\n#12 0x5603992bb581 <unknown>\n#13 0x5603992d2342 <unknown>\n#14 0x5603992a088f <unknown>\n#15 0x5603992f8738 <unknown>\n#16 0x5603992f890b <unknown>\n#17 0x5603993089c4 <unknown>\n#18 0x7f8965894ac3 <unknown>",
    "statusTrace" : "self = <tests_ui.test_ui.TestUI.TestProfilePage object at 0x7f055a6f8290>\ndriver = <selenium.webdriver.chrome.webdriver.WebDriver (session=\"2d4c7418d85e29d9104b749b1b4e42c3\")>\nauthorization_user = <tests_ui.login_page.LoginPage object at 0x7f055a710e30>\n\n    @allure.title('test_clipboard_uuid_docker')\n    def test_clipboard_uuid_docker(self, driver, authorization_user):\n        page = ProfilePage(driver)\n        page.click_button_docker_containers()\n>       page.check_clipboard('//table[@id=\"table_containers\"]')\n\ntests_ui/test_ui.py:92: \n_ _ _ _ _ _ _ _ _ _ _ _ _ _ _ _ _ _ _ _ _ _ _ _ _ _ _ _ _ _ _ _ _ _ _ _ _ _ _ _ \ntests_ui/profile_page.py:82: in check_clipboard\n    button = self.element_is_visible((By.XPATH, f'{table_xpath} //tr[1]/td[3] /button'))\ntests_ui/base_page.py:32: in element_is_visible\n    self.go_to_element(self.element_is_present(locator))\ntests_ui/base_page.py:45: in element_is_present\n    return Wait(self.driver, self.timeout).until(\n_ _ _ _ _ _ _ _ _ _ _ _ _ _ _ _ _ _ _ _ _ _ _ _ _ _ _ _ _ _ _ _ _ _ _ _ _ _ _ _ \n\nself = <selenium.webdriver.support.wait.WebDriverWait (session=\"2d4c7418d85e29d9104b749b1b4e42c3\")>\nmethod = <function presence_of_element_located.<locals>._predicate at 0x7f0559da1800>\nmessage = 'Can\\'t find element by locator (\\'xpath\\', \\'//table[@id=\"table_containers\"] //tr[1]/td[3] /button\\')'\n\n    def until(self, method: Callable[[D], Union[Literal[False], T]], message: str = \"\") -> T:\n        \"\"\"Calls the method provided with the driver as an argument until the \\\n        return value does not evaluate to ``False``.\n    \n        :param method: callable(WebDriver)\n        :param message: optional message for :exc:`TimeoutException`\n        :returns: the result of the last call to `method`\n        :raises: :exc:`selenium.common.exceptions.TimeoutException` if timeout occurs\n        \"\"\"\n        screen = None\n        stacktrace = None\n    \n        end_time = time.monotonic() + self._timeout\n        while True:\n            try:\n                value = method(self._driver)\n                if value:\n                    return value\n            except self._ignored_exceptions as exc:\n                screen = getattr(exc, \"screen\", None)\n                stacktrace = getattr(exc, \"stacktrace\", None)\n            time.sleep(self._poll)\n            if time.monotonic() > end_time:\n                break\n>       raise TimeoutException(message, screen, stacktrace)\nE       selenium.common.exceptions.TimeoutException: Message: Can't find element by locator ('xpath', '//table[@id=\"table_containers\"] //tr[1]/td[3] /button')\nE       Stacktrace:\nE       #0 0x560399309873 <unknown>\nE       #1 0x560398fff8c6 <unknown>\nE       #2 0x56039904a618 <unknown>\nE       #3 0x56039904a6d1 <unknown>\nE       #4 0x56039908d744 <unknown>\nE       #5 0x56039906c5cd <unknown>\nE       #6 0x56039908ac19 <unknown>\nE       #7 0x56039906c343 <unknown>\nE       #8 0x56039903d593 <unknown>\nE       #9 0x56039903df5e <unknown>\nE       #10 0x5603992cd85b <unknown>\nE       #11 0x5603992d17b5 <unknown>\nE       #12 0x5603992bb581 <unknown>\nE       #13 0x5603992d2342 <unknown>\nE       #14 0x5603992a088f <unknown>\nE       #15 0x5603992f8738 <unknown>\nE       #16 0x5603992f890b <unknown>\nE       #17 0x5603993089c4 <unknown>\nE       #18 0x7f8965894ac3 <unknown>\n\n/opt/hostedtoolcache/Python/3.12.2/x64/lib/python3.12/site-packages/selenium/webdriver/support/wait.py:105: TimeoutException",
    "steps" : [ {
      "name" : "Click \"Docker containers\" button.",
      "time" : {
        "start" : 1713229027054,
        "stop" : 1713229027107,
        "duration" : 53
      },
      "status" : "passed",
      "steps" : [ {
        "name" : "element_is_present_and_clickable",
        "time" : {
          "start" : 1713229027054,
          "stop" : 1713229027084,
          "duration" : 30
        },
        "status" : "passed",
        "steps" : [ ],
        "attachments" : [ ],
        "parameters" : [ {
          "name" : "locator",
          "value" : "('xpath', '//button[@id=\"menu_button_containers\"]')"
        } ],
        "stepsCount" : 0,
        "attachmentsCount" : 0,
        "shouldDisplayMessage" : false,
        "hasContent" : true
      } ],
      "attachments" : [ ],
      "parameters" : [ ],
      "stepsCount" : 1,
      "attachmentsCount" : 0,
      "shouldDisplayMessage" : false,
      "hasContent" : true
    }, {
      "name" : "check_clipboard",
      "time" : {
        "start" : 1713229027107,
        "stop" : 1713229032217,
        "duration" : 5110
      },
      "status" : "broken",
      "statusMessage" : "selenium.common.exceptions.TimeoutException: Message: Can't find element by locator ('xpath', '//table[@id=\"table_containers\"] //tr[1]/td[3] /button')\nStacktrace:\n#0 0x560399309873 <unknown>\n#1 0x560398fff8c6 <unknown>\n#2 0x56039904a618 <unknown>\n#3 0x56039904a6d1 <unknown>\n#4 0x56039908d744 <unknown>\n#5 0x56039906c5cd <unknown>\n#6 0x56039908ac19 <unknown>\n#7 0x56039906c343 <unknown>\n#8 0x56039903d593 <unknown>\n#9 0x56039903df5e <unknown>\n#10 0x5603992cd85b <unknown>\n#11 0x5603992d17b5 <unknown>\n#12 0x5603992bb581 <unknown>\n#13 0x5603992d2342 <unknown>\n#14 0x5603992a088f <unknown>\n#15 0x5603992f8738 <unknown>\n#16 0x5603992f890b <unknown>\n#17 0x5603993089c4 <unknown>\n#18 0x7f8965894ac3 <unknown>\n\n",
      "statusTrace" : "  File \"/opt/hostedtoolcache/Python/3.12.2/x64/lib/python3.12/site-packages/allure_commons/_allure.py\", line 192, in impl\n    return func(*a, **kw)\n           ^^^^^^^^^^^^^^\n  File \"/home/runner/work/Oblache/Oblache/tests_ui/profile_page.py\", line 82, in check_clipboard\n    button = self.element_is_visible((By.XPATH, f'{table_xpath} //tr[1]/td[3] /button'))\n             ^^^^^^^^^^^^^^^^^^^^^^^^^^^^^^^^^^^^^^^^^^^^^^^^^^^^^^^^^^^^^^^^^^^^^^^^^^^\n  File \"/home/runner/work/Oblache/Oblache/tests_ui/base_page.py\", line 32, in element_is_visible\n    self.go_to_element(self.element_is_present(locator))\n                       ^^^^^^^^^^^^^^^^^^^^^^^^^^^^^^^^\n  File \"/home/runner/work/Oblache/Oblache/tests_ui/base_page.py\", line 45, in element_is_present\n    return Wait(self.driver, self.timeout).until(\n           ^^^^^^^^^^^^^^^^^^^^^^^^^^^^^^^^^^^^^^\n  File \"/opt/hostedtoolcache/Python/3.12.2/x64/lib/python3.12/site-packages/selenium/webdriver/support/wait.py\", line 105, in until\n    raise TimeoutException(message, screen, stacktrace)\n",
      "steps" : [ ],
      "attachments" : [ ],
      "parameters" : [ {
        "name" : "table_xpath",
        "value" : "'//table[@id=\"table_containers\"]'"
      } ],
      "stepsCount" : 0,
      "attachmentsCount" : 0,
      "shouldDisplayMessage" : true,
      "hasContent" : true
    } ],
    "attachments" : [ ],
    "parameters" : [ ],
    "stepsCount" : 3,
    "attachmentsCount" : 0,
    "shouldDisplayMessage" : true,
    "hasContent" : true
  },
  "afterStages" : [ {
    "name" : "driver::0",
    "time" : {
      "start" : 1713229032230,
      "stop" : 1713229032398,
      "duration" : 168
    },
    "status" : "passed",
    "steps" : [ ],
    "attachments" : [ {
      "uid" : "73abb65753e8cc0c",
      "name" : "Screenshot 2024-04-16 00:57:12.340387",
      "source" : "73abb65753e8cc0c.png",
      "type" : "image/png",
      "size" : 35123
    } ],
    "parameters" : [ ],
    "stepsCount" : 0,
    "attachmentsCount" : 1,
    "shouldDisplayMessage" : false,
    "hasContent" : true
  } ],
  "labels" : [ {
    "name" : "suite",
    "value" : "Test Profile Page."
  }, {
    "name" : "epic",
    "value" : "UI Tests"
  }, {
    "name" : "parentSuite",
    "value" : "tests_ui"
  }, {
    "name" : "subSuite",
    "value" : "TestUI"
  }, {
    "name" : "host",
    "value" : "fv-az1501-923"
  }, {
    "name" : "thread",
    "value" : "2315-MainThread"
  }, {
    "name" : "framework",
    "value" : "pytest"
  }, {
    "name" : "language",
    "value" : "cpython3"
  }, {
    "name" : "package",
    "value" : "tests_ui.test_ui"
  }, {
    "name" : "resultFormat",
    "value" : "allure2"
  } ],
  "parameters" : [ ],
  "links" : [ ],
  "hidden" : false,
  "retry" : false,
  "extra" : {
    "severity" : "normal",
    "retries" : [ ],
    "categories" : [ {
      "name" : "Test defects",
      "matchedStatuses" : [ ],
      "flaky" : false
    } ],
    "history" : {
      "statistic" : {
        "failed" : 0,
        "broken" : 6,
        "skipped" : 0,
        "passed" : 1,
        "unknown" : 0,
        "total" : 7
      },
      "items" : [ {
        "uid" : "cf57490492ef8ba7",
        "reportUrl" : "https://Areso.github.io/Oblache/5//#testresult/cf57490492ef8ba7",
        "status" : "broken",
        "statusDetails" : "selenium.common.exceptions.TimeoutException: Message: Can't find element by locator ('xpath', '//table[@id=\"table_containers\"] //tr[1]/td[3] /button')\nStacktrace:\n#0 0x55cec7339873 <unknown>\n#1 0x55cec702f8c6 <unknown>\n#2 0x55cec707a618 <unknown>\n#3 0x55cec707a6d1 <unknown>\n#4 0x55cec70bd744 <unknown>\n#5 0x55cec709c5cd <unknown>\n#6 0x55cec70bac19 <unknown>\n#7 0x55cec709c343 <unknown>\n#8 0x55cec706d593 <unknown>\n#9 0x55cec706df5e <unknown>\n#10 0x55cec72fd85b <unknown>\n#11 0x55cec73017b5 <unknown>\n#12 0x55cec72eb581 <unknown>\n#13 0x55cec7302342 <unknown>\n#14 0x55cec72d088f <unknown>\n#15 0x55cec7328738 <unknown>\n#16 0x55cec732890b <unknown>\n#17 0x55cec73389c4 <unknown>\n#18 0x7fee18894ac3 <unknown>",
        "time" : {
          "start" : 1713153122875,
          "stop" : 1713153128037,
          "duration" : 5162
        }
      }, {
        "uid" : "577f8101025071fa",
        "reportUrl" : "https://Areso.github.io/Oblache/4//#testresult/577f8101025071fa",
        "status" : "broken",
        "statusDetails" : "selenium.common.exceptions.TimeoutException: Message: Can't find element by locator ('xpath', '//table[@id=\"table_containers\"] //tr[1]/td[3] /button')\nStacktrace:\n#0 0x55fe34efb873 <unknown>\n#1 0x55fe34bf18c6 <unknown>\n#2 0x55fe34c3c618 <unknown>\n#3 0x55fe34c3c6d1 <unknown>\n#4 0x55fe34c7f744 <unknown>\n#5 0x55fe34c5e5cd <unknown>\n#6 0x55fe34c7cc19 <unknown>\n#7 0x55fe34c5e343 <unknown>\n#8 0x55fe34c2f593 <unknown>\n#9 0x55fe34c2ff5e <unknown>\n#10 0x55fe34ebf85b <unknown>\n#11 0x55fe34ec37b5 <unknown>\n#12 0x55fe34ead581 <unknown>\n#13 0x55fe34ec4342 <unknown>\n#14 0x55fe34e9288f <unknown>\n#15 0x55fe34eea738 <unknown>\n#16 0x55fe34eea90b <unknown>\n#17 0x55fe34efa9c4 <unknown>\n#18 0x7fa124e94ac3 <unknown>",
        "time" : {
          "start" : 1713057460306,
          "stop" : 1713057465467,
          "duration" : 5161
        }
      }, {
        "uid" : "d27b5516fa7261b",
        "reportUrl" : "https://Areso.github.io/Oblache/3//#testresult/d27b5516fa7261b",
        "status" : "broken",
        "statusDetails" : "selenium.common.exceptions.TimeoutException: Message: Can't find element by locator ('xpath', '//table[@id=\"table_containers\"] //tr[1]/td[3] /button')\nStacktrace:\n#0 0x561454350873 <unknown>\n#1 0x5614540468c6 <unknown>\n#2 0x561454091618 <unknown>\n#3 0x5614540916d1 <unknown>\n#4 0x5614540d4744 <unknown>\n#5 0x5614540b35cd <unknown>\n#6 0x5614540d1c19 <unknown>\n#7 0x5614540b3343 <unknown>\n#8 0x561454084593 <unknown>\n#9 0x561454084f5e <unknown>\n#10 0x56145431485b <unknown>\n#11 0x5614543187b5 <unknown>\n#12 0x561454302581 <unknown>\n#13 0x561454319342 <unknown>\n#14 0x5614542e788f <unknown>\n#15 0x56145433f738 <unknown>\n#16 0x56145433f90b <unknown>\n#17 0x56145434f9c4 <unknown>\n#18 0x7f8ba8294ac3 <unknown>",
        "time" : {
          "start" : 1712969285140,
          "stop" : 1712969290304,
          "duration" : 5164
        }
      }, {
        "uid" : "a9fef18f0a57e6",
        "reportUrl" : "https://Areso.github.io/Oblache/2//#testresult/a9fef18f0a57e6",
        "status" : "broken",
        "statusDetails" : "selenium.common.exceptions.TimeoutException: Message: Can't find element by locator ('xpath', '//table[@id=\"table_containers\"] //tr[1]/td[3] /button')\nStacktrace:\n#0 0x562f38e94873 <unknown>\n#1 0x562f38b8a8c6 <unknown>\n#2 0x562f38bd5618 <unknown>\n#3 0x562f38bd56d1 <unknown>\n#4 0x562f38c18744 <unknown>\n#5 0x562f38bf75cd <unknown>\n#6 0x562f38c15c19 <unknown>\n#7 0x562f38bf7343 <unknown>\n#8 0x562f38bc8593 <unknown>\n#9 0x562f38bc8f5e <unknown>\n#10 0x562f38e5885b <unknown>\n#11 0x562f38e5c7b5 <unknown>\n#12 0x562f38e46581 <unknown>\n#13 0x562f38e5d342 <unknown>\n#14 0x562f38e2b88f <unknown>\n#15 0x562f38e83738 <unknown>\n#16 0x562f38e8390b <unknown>\n#17 0x562f38e939c4 <unknown>\n#18 0x7f6f6b094ac3 <unknown>",
        "time" : {
          "start" : 1712883499261,
          "stop" : 1712883504432,
          "duration" : 5171
        }
      }, {
        "uid" : "e6cee5bade562080",
        "reportUrl" : "https://Areso.github.io/Oblache/1//#testresult/e6cee5bade562080",
        "status" : "broken",
        "statusDetails" : "selenium.common.exceptions.TimeoutException: Message: Can't find element by locator ('xpath', '//table[@id=\"table_containers\"] //tr[1]/td[3] /button')\nStacktrace:\n#0 0x562b15a7d873 <unknown>\n#1 0x562b157738c6 <unknown>\n#2 0x562b157be618 <unknown>\n#3 0x562b157be6d1 <unknown>\n#4 0x562b15801744 <unknown>\n#5 0x562b157e05cd <unknown>\n#6 0x562b157fec19 <unknown>\n#7 0x562b157e0343 <unknown>\n#8 0x562b157b1593 <unknown>\n#9 0x562b157b1f5e <unknown>\n#10 0x562b15a4185b <unknown>\n#11 0x562b15a457b5 <unknown>\n#12 0x562b15a2f581 <unknown>\n#13 0x562b15a46342 <unknown>\n#14 0x562b15a1488f <unknown>\n#15 0x562b15a6c738 <unknown>\n#16 0x562b15a6c90b <unknown>\n#17 0x562b15a7c9c4 <unknown>\n#18 0x7f84d7e94ac3 <unknown>",
        "time" : {
          "start" : 1712797116347,
          "stop" : 1712797121506,
          "duration" : 5159
        }
      }, {
        "uid" : "b61cd02a361f7bf9",
        "reportUrl" : "https://Areso.github.io/Oblache/1//#testresult/b61cd02a361f7bf9",
        "status" : "passed",
        "time" : {
          "start" : 1712762737565,
          "stop" : 1712762738733,
          "duration" : 1168
        }
      } ]
    },
    "tags" : [ ]
  },
  "source" : "b4c3b20fe55d13fa.json",
  "parameterValues" : [ ]
}