{
  "uid" : "a03078da6534122",
  "name" : "test_create_database",
  "fullName" : "tests_ui.test_ui.TestProfilePage#test_create_database",
  "historyId" : "4762f7b87391625d86f9ea8dbdd3b406",
  "time" : {
    "start" : 1738981953625,
    "stop" : 1738981959754,
    "duration" : 6129
  },
  "status" : "broken",
  "statusMessage" : "selenium.common.exceptions.TimeoutException: Message: Can't find element by locator ('xpath', '//button[@id=\"menu_button_status\"]')\nStacktrace:\n#0 0x5566bf8a453a <unknown>\n#1 0x5566bf39ff00 <unknown>\n#2 0x5566bf3efc0c <unknown>\n#3 0x5566bf3efe31 <unknown>\n#4 0x5566bf435bd4 <unknown>\n#5 0x5566bf4145cd <unknown>\n#6 0x5566bf432f84 <unknown>\n#7 0x5566bf414343 <unknown>\n#8 0x5566bf3e178a <unknown>\n#9 0x5566bf3e29de <unknown>\n#10 0x5566bf86e2cb <unknown>\n#11 0x5566bf872242 <unknown>\n#12 0x5566bf85b7ac <unknown>\n#13 0x5566bf872df7 <unknown>\n#14 0x5566bf83fb2f <unknown>\n#15 0x5566bf8931a8 <unknown>\n#16 0x5566bf893370 <unknown>\n#17 0x5566bf8a33b6 <unknown>\n#18 0x7f13c0a9ca94 <unknown>\n#19 0x7f13c0b29c3c <unknown>",
  "statusTrace" : "self = <tests_ui.test_ui.TestProfilePage object at 0x7fc823ab0890>\ndriver = <selenium.webdriver.chrome.webdriver.WebDriver (session=\"9d058a394325220f0fe21b6a660a7080\")>\nauthorization_user = None\n\n    @allure.title('test_create_database')\n    def test_create_database(self, driver, authorization_user):\n        page = ProfilePage(driver, authorization_user)\n>       page.compare_database_status()\n\ntests_ui/test_ui.py:83: \n_ _ _ _ _ _ _ _ _ _ _ _ _ _ _ _ _ _ _ _ _ _ _ _ _ _ _ _ _ _ _ _ _ _ _ _ _ _ _ _ \ntests_ui/profile_page.py:144: in compare_database_status\n    self.click_button_status()\ntests_ui/profile_page.py:18: in click_button_status\n    return self.element_is_present_and_clickable(self.locators.STATUS_BUTTON).click()\ntests_ui/base_page.py:28: in element_is_present_and_clickable\n    return (Wait(self.driver, self.timeout).until(\n_ _ _ _ _ _ _ _ _ _ _ _ _ _ _ _ _ _ _ _ _ _ _ _ _ _ _ _ _ _ _ _ _ _ _ _ _ _ _ _ \n\nself = <selenium.webdriver.support.wait.WebDriverWait (session=\"9d058a394325220f0fe21b6a660a7080\")>\nmethod = <function visibility_of_element_located.<locals>._predicate at 0x7fc822a51120>\nmessage = 'Can\\'t find element by locator (\\'xpath\\', \\'//button[@id=\"menu_button_status\"]\\')'\n\n    def until(self, method: Callable[[D], Union[Literal[False], T]], message: str = \"\") -> T:\n        \"\"\"Calls the method provided with the driver as an argument until the \\\n        return value does not evaluate to ``False``.\n    \n        :param method: callable(WebDriver)\n        :param message: optional message for :exc:`TimeoutException`\n        :returns: the result of the last call to `method`\n        :raises: :exc:`selenium.common.exceptions.TimeoutException` if timeout occurs\n        \"\"\"\n        screen = None\n        stacktrace = None\n    \n        end_time = time.monotonic() + self._timeout\n        while True:\n            try:\n                value = method(self._driver)\n                if value:\n                    return value\n            except self._ignored_exceptions as exc:\n                screen = getattr(exc, \"screen\", None)\n                stacktrace = getattr(exc, \"stacktrace\", None)\n            time.sleep(self._poll)\n            if time.monotonic() > end_time:\n                break\n>       raise TimeoutException(message, screen, stacktrace)\nE       selenium.common.exceptions.TimeoutException: Message: Can't find element by locator ('xpath', '//button[@id=\"menu_button_status\"]')\nE       Stacktrace:\nE       #0 0x5566bf8a453a <unknown>\nE       #1 0x5566bf39ff00 <unknown>\nE       #2 0x5566bf3efc0c <unknown>\nE       #3 0x5566bf3efe31 <unknown>\nE       #4 0x5566bf435bd4 <unknown>\nE       #5 0x5566bf4145cd <unknown>\nE       #6 0x5566bf432f84 <unknown>\nE       #7 0x5566bf414343 <unknown>\nE       #8 0x5566bf3e178a <unknown>\nE       #9 0x5566bf3e29de <unknown>\nE       #10 0x5566bf86e2cb <unknown>\nE       #11 0x5566bf872242 <unknown>\nE       #12 0x5566bf85b7ac <unknown>\nE       #13 0x5566bf872df7 <unknown>\nE       #14 0x5566bf83fb2f <unknown>\nE       #15 0x5566bf8931a8 <unknown>\nE       #16 0x5566bf893370 <unknown>\nE       #17 0x5566bf8a33b6 <unknown>\nE       #18 0x7f13c0a9ca94 <unknown>\nE       #19 0x7f13c0b29c3c <unknown>\n\n/opt/hostedtoolcache/Python/3.12.8/x64/lib/python3.12/site-packages/selenium/webdriver/support/wait.py:105: TimeoutException",
  "flaky" : false,
  "newFailed" : false,
  "beforeStages" : [ {
    "name" : "authorization_user",
    "time" : {
      "start" : 1738981952917,
      "stop" : 1738981953625,
      "duration" : 708
    },
    "status" : "passed",
    "steps" : [ {
      "name" : "Open page: https://oblache.areso.pro/register.html",
      "time" : {
        "start" : 1738981952917,
        "stop" : 1738981953437,
        "duration" : 520
      },
      "status" : "passed",
      "steps" : [ ],
      "attachments" : [ ],
      "parameters" : [ ],
      "stepsCount" : 0,
      "attachmentsCount" : 0,
      "shouldDisplayMessage" : false,
      "hasContent" : false
    }, {
      "name" : "Login user",
      "time" : {
        "start" : 1738981953437,
        "stop" : 1738981953625,
        "duration" : 188
      },
      "status" : "passed",
      "steps" : [ {
        "name" : "Enter email.",
        "time" : {
          "start" : 1738981953437,
          "stop" : 1738981953495,
          "duration" : 58
        },
        "status" : "passed",
        "steps" : [ ],
        "attachments" : [ ],
        "parameters" : [ ],
        "stepsCount" : 0,
        "attachmentsCount" : 0,
        "shouldDisplayMessage" : false,
        "hasContent" : false
      }, {
        "name" : "Enter password.",
        "time" : {
          "start" : 1738981953495,
          "stop" : 1738981953536,
          "duration" : 41
        },
        "status" : "passed",
        "steps" : [ ],
        "attachments" : [ ],
        "parameters" : [ ],
        "stepsCount" : 0,
        "attachmentsCount" : 0,
        "shouldDisplayMessage" : false,
        "hasContent" : false
      }, {
        "name" : "Click button \"Login\"",
        "time" : {
          "start" : 1738981953536,
          "stop" : 1738981953622,
          "duration" : 86
        },
        "status" : "passed",
        "steps" : [ ],
        "attachments" : [ ],
        "parameters" : [ ],
        "stepsCount" : 0,
        "attachmentsCount" : 0,
        "shouldDisplayMessage" : false,
        "hasContent" : false
      }, {
        "name" : "Check url is present: https://oblache.areso.pro/register.html",
        "time" : {
          "start" : 1738981953622,
          "stop" : 1738981953625,
          "duration" : 3
        },
        "status" : "passed",
        "steps" : [ ],
        "attachments" : [ ],
        "parameters" : [ ],
        "stepsCount" : 0,
        "attachmentsCount" : 0,
        "shouldDisplayMessage" : false,
        "hasContent" : false
      } ],
      "attachments" : [ ],
      "parameters" : [ ],
      "stepsCount" : 4,
      "attachmentsCount" : 0,
      "shouldDisplayMessage" : false,
      "hasContent" : true
    } ],
    "attachments" : [ ],
    "parameters" : [ ],
    "stepsCount" : 6,
    "attachmentsCount" : 0,
    "shouldDisplayMessage" : false,
    "hasContent" : true
  }, {
    "name" : "driver",
    "time" : {
      "start" : 1738981952578,
      "stop" : 1738981952917,
      "duration" : 339
    },
    "status" : "passed",
    "steps" : [ ],
    "attachments" : [ ],
    "parameters" : [ ],
    "stepsCount" : 0,
    "attachmentsCount" : 0,
    "shouldDisplayMessage" : false,
    "hasContent" : false
  } ],
  "testStage" : {
    "status" : "broken",
    "statusMessage" : "selenium.common.exceptions.TimeoutException: Message: Can't find element by locator ('xpath', '//button[@id=\"menu_button_status\"]')\nStacktrace:\n#0 0x5566bf8a453a <unknown>\n#1 0x5566bf39ff00 <unknown>\n#2 0x5566bf3efc0c <unknown>\n#3 0x5566bf3efe31 <unknown>\n#4 0x5566bf435bd4 <unknown>\n#5 0x5566bf4145cd <unknown>\n#6 0x5566bf432f84 <unknown>\n#7 0x5566bf414343 <unknown>\n#8 0x5566bf3e178a <unknown>\n#9 0x5566bf3e29de <unknown>\n#10 0x5566bf86e2cb <unknown>\n#11 0x5566bf872242 <unknown>\n#12 0x5566bf85b7ac <unknown>\n#13 0x5566bf872df7 <unknown>\n#14 0x5566bf83fb2f <unknown>\n#15 0x5566bf8931a8 <unknown>\n#16 0x5566bf893370 <unknown>\n#17 0x5566bf8a33b6 <unknown>\n#18 0x7f13c0a9ca94 <unknown>\n#19 0x7f13c0b29c3c <unknown>",
    "statusTrace" : "self = <tests_ui.test_ui.TestProfilePage object at 0x7fc823ab0890>\ndriver = <selenium.webdriver.chrome.webdriver.WebDriver (session=\"9d058a394325220f0fe21b6a660a7080\")>\nauthorization_user = None\n\n    @allure.title('test_create_database')\n    def test_create_database(self, driver, authorization_user):\n        page = ProfilePage(driver, authorization_user)\n>       page.compare_database_status()\n\ntests_ui/test_ui.py:83: \n_ _ _ _ _ _ _ _ _ _ _ _ _ _ _ _ _ _ _ _ _ _ _ _ _ _ _ _ _ _ _ _ _ _ _ _ _ _ _ _ \ntests_ui/profile_page.py:144: in compare_database_status\n    self.click_button_status()\ntests_ui/profile_page.py:18: in click_button_status\n    return self.element_is_present_and_clickable(self.locators.STATUS_BUTTON).click()\ntests_ui/base_page.py:28: in element_is_present_and_clickable\n    return (Wait(self.driver, self.timeout).until(\n_ _ _ _ _ _ _ _ _ _ _ _ _ _ _ _ _ _ _ _ _ _ _ _ _ _ _ _ _ _ _ _ _ _ _ _ _ _ _ _ \n\nself = <selenium.webdriver.support.wait.WebDriverWait (session=\"9d058a394325220f0fe21b6a660a7080\")>\nmethod = <function visibility_of_element_located.<locals>._predicate at 0x7fc822a51120>\nmessage = 'Can\\'t find element by locator (\\'xpath\\', \\'//button[@id=\"menu_button_status\"]\\')'\n\n    def until(self, method: Callable[[D], Union[Literal[False], T]], message: str = \"\") -> T:\n        \"\"\"Calls the method provided with the driver as an argument until the \\\n        return value does not evaluate to ``False``.\n    \n        :param method: callable(WebDriver)\n        :param message: optional message for :exc:`TimeoutException`\n        :returns: the result of the last call to `method`\n        :raises: :exc:`selenium.common.exceptions.TimeoutException` if timeout occurs\n        \"\"\"\n        screen = None\n        stacktrace = None\n    \n        end_time = time.monotonic() + self._timeout\n        while True:\n            try:\n                value = method(self._driver)\n                if value:\n                    return value\n            except self._ignored_exceptions as exc:\n                screen = getattr(exc, \"screen\", None)\n                stacktrace = getattr(exc, \"stacktrace\", None)\n            time.sleep(self._poll)\n            if time.monotonic() > end_time:\n                break\n>       raise TimeoutException(message, screen, stacktrace)\nE       selenium.common.exceptions.TimeoutException: Message: Can't find element by locator ('xpath', '//button[@id=\"menu_button_status\"]')\nE       Stacktrace:\nE       #0 0x5566bf8a453a <unknown>\nE       #1 0x5566bf39ff00 <unknown>\nE       #2 0x5566bf3efc0c <unknown>\nE       #3 0x5566bf3efe31 <unknown>\nE       #4 0x5566bf435bd4 <unknown>\nE       #5 0x5566bf4145cd <unknown>\nE       #6 0x5566bf432f84 <unknown>\nE       #7 0x5566bf414343 <unknown>\nE       #8 0x5566bf3e178a <unknown>\nE       #9 0x5566bf3e29de <unknown>\nE       #10 0x5566bf86e2cb <unknown>\nE       #11 0x5566bf872242 <unknown>\nE       #12 0x5566bf85b7ac <unknown>\nE       #13 0x5566bf872df7 <unknown>\nE       #14 0x5566bf83fb2f <unknown>\nE       #15 0x5566bf8931a8 <unknown>\nE       #16 0x5566bf893370 <unknown>\nE       #17 0x5566bf8a33b6 <unknown>\nE       #18 0x7f13c0a9ca94 <unknown>\nE       #19 0x7f13c0b29c3c <unknown>\n\n/opt/hostedtoolcache/Python/3.12.8/x64/lib/python3.12/site-packages/selenium/webdriver/support/wait.py:105: TimeoutException",
    "steps" : [ {
      "name" : "Click button Status.",
      "time" : {
        "start" : 1738981954625,
        "stop" : 1738981959754,
        "duration" : 5129
      },
      "status" : "broken",
      "statusMessage" : "selenium.common.exceptions.TimeoutException: Message: Can't find element by locator ('xpath', '//button[@id=\"menu_button_status\"]')\nStacktrace:\n#0 0x5566bf8a453a <unknown>\n#1 0x5566bf39ff00 <unknown>\n#2 0x5566bf3efc0c <unknown>\n#3 0x5566bf3efe31 <unknown>\n#4 0x5566bf435bd4 <unknown>\n#5 0x5566bf4145cd <unknown>\n#6 0x5566bf432f84 <unknown>\n#7 0x5566bf414343 <unknown>\n#8 0x5566bf3e178a <unknown>\n#9 0x5566bf3e29de <unknown>\n#10 0x5566bf86e2cb <unknown>\n#11 0x5566bf872242 <unknown>\n#12 0x5566bf85b7ac <unknown>\n#13 0x5566bf872df7 <unknown>\n#14 0x5566bf83fb2f <unknown>\n#15 0x5566bf8931a8 <unknown>\n#16 0x5566bf893370 <unknown>\n#17 0x5566bf8a33b6 <unknown>\n#18 0x7f13c0a9ca94 <unknown>\n#19 0x7f13c0b29c3c <unknown>\n\n",
      "statusTrace" : "  File \"/home/runner/work/Oblache/Oblache/tests_ui/profile_page.py\", line 18, in click_button_status\n    return self.element_is_present_and_clickable(self.locators.STATUS_BUTTON).click()\n           ^^^^^^^^^^^^^^^^^^^^^^^^^^^^^^^^^^^^^^^^^^^^^^^^^^^^^^^^^^^^^^^^^^\n  File \"/home/runner/work/Oblache/Oblache/tests_ui/base_page.py\", line 28, in element_is_present_and_clickable\n    return (Wait(self.driver, self.timeout).until(\n            ^^^^^^^^^^^^^^^^^^^^^^^^^^^^^^^^^^^^^^\n  File \"/opt/hostedtoolcache/Python/3.12.8/x64/lib/python3.12/site-packages/selenium/webdriver/support/wait.py\", line 105, in until\n    raise TimeoutException(message, screen, stacktrace)\n",
      "steps" : [ ],
      "attachments" : [ ],
      "parameters" : [ ],
      "stepsCount" : 0,
      "attachmentsCount" : 0,
      "shouldDisplayMessage" : true,
      "hasContent" : true
    } ],
    "attachments" : [ {
      "uid" : "4a42503861444de9",
      "name" : "Screenshot 2025-02-08 02:32:39.844756",
      "source" : "4a42503861444de9.png",
      "type" : "image/png",
      "size" : 15571
    } ],
    "parameters" : [ ],
    "stepsCount" : 1,
    "attachmentsCount" : 1,
    "shouldDisplayMessage" : true,
    "hasContent" : true
  },
  "afterStages" : [ {
    "name" : "driver::0",
    "time" : {
      "start" : 1738981959846,
      "stop" : 1738981959910,
      "duration" : 64
    },
    "status" : "passed",
    "steps" : [ ],
    "attachments" : [ ],
    "parameters" : [ ],
    "stepsCount" : 0,
    "attachmentsCount" : 0,
    "shouldDisplayMessage" : false,
    "hasContent" : false
  } ],
  "labels" : [ {
    "name" : "suite",
    "value" : "Test Profile Page."
  }, {
    "name" : "parentSuite",
    "value" : "tests_ui"
  }, {
    "name" : "subSuite",
    "value" : "TestProfilePage"
  }, {
    "name" : "host",
    "value" : "fv-az1922-49"
  }, {
    "name" : "thread",
    "value" : "2436-MainThread"
  }, {
    "name" : "framework",
    "value" : "pytest"
  }, {
    "name" : "language",
    "value" : "cpython3"
  }, {
    "name" : "package",
    "value" : "tests_ui.test_ui"
  }, {
    "name" : "resultFormat",
    "value" : "allure2"
  } ],
  "parameters" : [ ],
  "links" : [ ],
  "hidden" : false,
  "retry" : false,
  "extra" : {
    "severity" : "normal",
    "retries" : [ ],
    "categories" : [ {
      "name" : "Test defects",
      "matchedStatuses" : [ ],
      "flaky" : false
    } ],
    "history" : {
      "statistic" : {
        "failed" : 0,
        "broken" : 170,
        "skipped" : 0,
        "passed" : 8,
        "unknown" : 0,
        "total" : 178
      },
      "items" : [ {
        "uid" : "33e37361206372c2",
        "reportUrl" : "https://Areso.github.io/Oblache/302//#testresult/33e37361206372c2",
        "status" : "broken",
        "statusDetails" : "selenium.common.exceptions.TimeoutException: Message: Can't find element by locator ('xpath', '//button[@id=\"menu_button_status\"]')\nStacktrace:\n#0 0x55e89b3a753a <unknown>\n#1 0x55e89aea2f00 <unknown>\n#2 0x55e89aef2c0c <unknown>\n#3 0x55e89aef2e31 <unknown>\n#4 0x55e89af38bd4 <unknown>\n#5 0x55e89af175cd <unknown>\n#6 0x55e89af35f84 <unknown>\n#7 0x55e89af17343 <unknown>\n#8 0x55e89aee478a <unknown>\n#9 0x55e89aee59de <unknown>\n#10 0x55e89b3712cb <unknown>\n#11 0x55e89b375242 <unknown>\n#12 0x55e89b35e7ac <unknown>\n#13 0x55e89b375df7 <unknown>\n#14 0x55e89b342b2f <unknown>\n#15 0x55e89b3961a8 <unknown>\n#16 0x55e89b396370 <unknown>\n#17 0x55e89b3a63b6 <unknown>\n#18 0x7f7204e9ca94 <unknown>\n#19 0x7f7204f29c3c <unknown>",
        "time" : {
          "start" : 1738895685366,
          "stop" : 1738895691483,
          "duration" : 6117
        }
      }, {
        "uid" : "b2e9fd785b3be51d",
        "reportUrl" : "https://Areso.github.io/Oblache/301//#testresult/b2e9fd785b3be51d",
        "status" : "broken",
        "statusDetails" : "selenium.common.exceptions.TimeoutException: Message: Can't find element by locator ('xpath', '//button[@id=\"menu_button_status\"]')\nStacktrace:\n#0 0x55a711b8653a <unknown>\n#1 0x55a711681f00 <unknown>\n#2 0x55a7116d1c0c <unknown>\n#3 0x55a7116d1e31 <unknown>\n#4 0x55a711717bd4 <unknown>\n#5 0x55a7116f65cd <unknown>\n#6 0x55a711714f84 <unknown>\n#7 0x55a7116f6343 <unknown>\n#8 0x55a7116c378a <unknown>\n#9 0x55a7116c49de <unknown>\n#10 0x55a711b502cb <unknown>\n#11 0x55a711b54242 <unknown>\n#12 0x55a711b3d7ac <unknown>\n#13 0x55a711b54df7 <unknown>\n#14 0x55a711b21b2f <unknown>\n#15 0x55a711b751a8 <unknown>\n#16 0x55a711b75370 <unknown>\n#17 0x55a711b853b6 <unknown>\n#18 0x7fa66629ca94 <unknown>\n#19 0x7fa666329c3c <unknown>",
        "time" : {
          "start" : 1738809265666,
          "stop" : 1738809271793,
          "duration" : 6127
        }
      }, {
        "uid" : "c69d1ca4feb9223b",
        "reportUrl" : "https://Areso.github.io/Oblache/300//#testresult/c69d1ca4feb9223b",
        "status" : "broken",
        "statusDetails" : "selenium.common.exceptions.TimeoutException: Message: Can't find element by locator ('xpath', '//button[@id=\"menu_button_status\"]')\nStacktrace:\n#0 0x55fa035fbdca <unknown>\n#1 0x55fa030f23f0 <unknown>\n#2 0x55fa0314210c <unknown>\n#3 0x55fa03142331 <unknown>\n#4 0x55fa03188154 <unknown>\n#5 0x55fa03166abd <unknown>\n#6 0x55fa031854b3 <unknown>\n#7 0x55fa03166833 <unknown>\n#8 0x55fa031335a0 <unknown>\n#9 0x55fa03134ece <unknown>\n#10 0x55fa035c5bdb <unknown>\n#11 0x55fa035c9b67 <unknown>\n#12 0x55fa035b13bc <unknown>\n#13 0x55fa035ca727 <unknown>\n#14 0x55fa0359574f <unknown>\n#15 0x55fa035ea938 <unknown>\n#16 0x55fa035eab00 <unknown>\n#17 0x55fa035fac46 <unknown>\n#18 0x7fd5a4c9ca94 <unknown>\n#19 0x7fd5a4d29c3c <unknown>",
        "time" : {
          "start" : 1738722852774,
          "stop" : 1738722858902,
          "duration" : 6128
        }
      }, {
        "uid" : "e9beb8165ea0ea8a",
        "reportUrl" : "https://Areso.github.io/Oblache/299//#testresult/e9beb8165ea0ea8a",
        "status" : "broken",
        "statusDetails" : "selenium.common.exceptions.TimeoutException: Message: Can't find element by locator ('xpath', '//button[@id=\"menu_button_status\"]')\nStacktrace:\n#0 0x55ef38066dca <unknown>\n#1 0x55ef37b5d3f0 <unknown>\n#2 0x55ef37bad10c <unknown>\n#3 0x55ef37bad331 <unknown>\n#4 0x55ef37bf3154 <unknown>\n#5 0x55ef37bd1abd <unknown>\n#6 0x55ef37bf04b3 <unknown>\n#7 0x55ef37bd1833 <unknown>\n#8 0x55ef37b9e5a0 <unknown>\n#9 0x55ef37b9fece <unknown>\n#10 0x55ef38030bdb <unknown>\n#11 0x55ef38034b67 <unknown>\n#12 0x55ef3801c3bc <unknown>\n#13 0x55ef38035727 <unknown>\n#14 0x55ef3800074f <unknown>\n#15 0x55ef38055938 <unknown>\n#16 0x55ef38055b00 <unknown>\n#17 0x55ef38065c46 <unknown>\n#18 0x7f6dd889ca94 <unknown>\n#19 0x7f6dd8929c3c <unknown>",
        "time" : {
          "start" : 1738636388676,
          "stop" : 1738636394807,
          "duration" : 6131
        }
      }, {
        "uid" : "715592450db1a4fa",
        "reportUrl" : "https://Areso.github.io/Oblache/298//#testresult/715592450db1a4fa",
        "status" : "broken",
        "statusDetails" : "selenium.common.exceptions.TimeoutException: Message: Can't find element by locator ('xpath', '//button[@id=\"menu_button_status\"]')\nStacktrace:\n#0 0x55fe9397edca <unknown>\n#1 0x55fe934753f0 <unknown>\n#2 0x55fe934c510c <unknown>\n#3 0x55fe934c5331 <unknown>\n#4 0x55fe9350b154 <unknown>\n#5 0x55fe934e9abd <unknown>\n#6 0x55fe935084b3 <unknown>\n#7 0x55fe934e9833 <unknown>\n#8 0x55fe934b65a0 <unknown>\n#9 0x55fe934b7ece <unknown>\n#10 0x55fe93948bdb <unknown>\n#11 0x55fe9394cb67 <unknown>\n#12 0x55fe939343bc <unknown>\n#13 0x55fe9394d727 <unknown>\n#14 0x55fe9391874f <unknown>\n#15 0x55fe9396d938 <unknown>\n#16 0x55fe9396db00 <unknown>\n#17 0x55fe9397dc46 <unknown>\n#18 0x7fa62fa9ca94 <unknown>\n#19 0x7fa62fb29c3c <unknown>",
        "time" : {
          "start" : 1738550046675,
          "stop" : 1738550052801,
          "duration" : 6126
        }
      }, {
        "uid" : "3e88df7540e4abd",
        "reportUrl" : "https://Areso.github.io/Oblache/297//#testresult/3e88df7540e4abd",
        "status" : "broken",
        "statusDetails" : "selenium.common.exceptions.TimeoutException: Message: Can't find element by locator ('xpath', '//button[@id=\"menu_button_status\"]')\nStacktrace:\n#0 0x5632b3a47dca <unknown>\n#1 0x5632b353e3f0 <unknown>\n#2 0x5632b358e10c <unknown>\n#3 0x5632b358e331 <unknown>\n#4 0x5632b35d4154 <unknown>\n#5 0x5632b35b2abd <unknown>\n#6 0x5632b35d14b3 <unknown>\n#7 0x5632b35b2833 <unknown>\n#8 0x5632b357f5a0 <unknown>\n#9 0x5632b3580ece <unknown>\n#10 0x5632b3a11bdb <unknown>\n#11 0x5632b3a15b67 <unknown>\n#12 0x5632b39fd3bc <unknown>\n#13 0x5632b3a16727 <unknown>\n#14 0x5632b39e174f <unknown>\n#15 0x5632b3a36938 <unknown>\n#16 0x5632b3a36b00 <unknown>\n#17 0x5632b3a46c46 <unknown>\n#18 0x7f620e69ca94 <unknown>\n#19 0x7f620e729c3c <unknown>",
        "time" : {
          "start" : 1738464249529,
          "stop" : 1738464255651,
          "duration" : 6122
        }
      }, {
        "uid" : "ddaecc364587216",
        "reportUrl" : "https://Areso.github.io/Oblache/296//#testresult/ddaecc364587216",
        "status" : "broken",
        "statusDetails" : "selenium.common.exceptions.TimeoutException: Message: Can't find element by locator ('xpath', '//div[@id=\"msg_from_server\"]')",
        "time" : {
          "start" : 1738373929824,
          "stop" : 1738373938156,
          "duration" : 8332
        }
      }, {
        "uid" : "4a3b3f83cec36407",
        "reportUrl" : "https://Areso.github.io/Oblache/295//#testresult/4a3b3f83cec36407",
        "status" : "broken",
        "statusDetails" : "selenium.common.exceptions.TimeoutException: Message: Can't find element by locator ('xpath', '//div[@id=\"msg_from_server\"]')",
        "time" : {
          "start" : 1738286825895,
          "stop" : 1738286833772,
          "duration" : 7877
        }
      }, {
        "uid" : "cc12578e20625a2f",
        "reportUrl" : "https://Areso.github.io/Oblache/294//#testresult/cc12578e20625a2f",
        "status" : "broken",
        "statusDetails" : "selenium.common.exceptions.TimeoutException: Message: Can't find element by locator ('xpath', '//div[@id=\"msg_from_server\"]')",
        "time" : {
          "start" : 1738200310841,
          "stop" : 1738200318769,
          "duration" : 7928
        }
      }, {
        "uid" : "eead2dc438b965b4",
        "reportUrl" : "https://Areso.github.io/Oblache/293//#testresult/eead2dc438b965b4",
        "status" : "broken",
        "statusDetails" : "selenium.common.exceptions.TimeoutException: Message: Can't find element by locator ('xpath', '//div[@id=\"msg_from_server\"]')",
        "time" : {
          "start" : 1738113975829,
          "stop" : 1738113984509,
          "duration" : 8680
        }
      }, {
        "uid" : "f466ef0d7621e84e",
        "reportUrl" : "https://Areso.github.io/Oblache/292//#testresult/f466ef0d7621e84e",
        "status" : "broken",
        "statusDetails" : "selenium.common.exceptions.TimeoutException: Message: Can't find element by locator ('xpath', '//div[@id=\"msg_from_server\"]')",
        "time" : {
          "start" : 1738027568140,
          "stop" : 1738027576073,
          "duration" : 7933
        }
      }, {
        "uid" : "a92f78c6d06aca0b",
        "reportUrl" : "https://Areso.github.io/Oblache/291//#testresult/a92f78c6d06aca0b",
        "status" : "broken",
        "statusDetails" : "selenium.common.exceptions.TimeoutException: Message: Can't find element by locator ('xpath', '//div[@id=\"msg_from_server\"]')",
        "time" : {
          "start" : 1737941299247,
          "stop" : 1737941307193,
          "duration" : 7946
        }
      }, {
        "uid" : "f87d2f35c1289e6f",
        "reportUrl" : "https://Areso.github.io/Oblache/290//#testresult/f87d2f35c1289e6f",
        "status" : "broken",
        "statusDetails" : "selenium.common.exceptions.TimeoutException: Message: Can't find element by locator ('xpath', '//div[@id=\"msg_from_server\"]')",
        "time" : {
          "start" : 1737854954776,
          "stop" : 1737854962783,
          "duration" : 8007
        }
      }, {
        "uid" : "387b7833bb9f483d",
        "reportUrl" : "https://Areso.github.io/Oblache/289//#testresult/387b7833bb9f483d",
        "status" : "broken",
        "statusDetails" : "selenium.common.exceptions.TimeoutException: Message: Can't find element by locator ('xpath', '//div[@id=\"msg_from_server\"]')",
        "time" : {
          "start" : 1737768191734,
          "stop" : 1737768199682,
          "duration" : 7948
        }
      }, {
        "uid" : "5bc5af9bab554358",
        "reportUrl" : "https://Areso.github.io/Oblache/288//#testresult/5bc5af9bab554358",
        "status" : "broken",
        "statusDetails" : "selenium.common.exceptions.TimeoutException: Message: Can't find element by locator ('xpath', '//div[@id=\"msg_from_server\"]')",
        "time" : {
          "start" : 1737682046739,
          "stop" : 1737682055571,
          "duration" : 8832
        }
      }, {
        "uid" : "3a6877edd8ef165f",
        "reportUrl" : "https://Areso.github.io/Oblache/287//#testresult/3a6877edd8ef165f",
        "status" : "broken",
        "statusDetails" : "selenium.common.exceptions.TimeoutException: Message: Can't find element by locator ('xpath', '//div[@id=\"msg_from_server\"]')",
        "time" : {
          "start" : 1737595565293,
          "stop" : 1737595573290,
          "duration" : 7997
        }
      }, {
        "uid" : "c3aadecd70f02ea4",
        "reportUrl" : "https://Areso.github.io/Oblache/286//#testresult/c3aadecd70f02ea4",
        "status" : "broken",
        "statusDetails" : "selenium.common.exceptions.TimeoutException: Message: Can't find element by locator ('xpath', '//div[@id=\"msg_from_server\"]')",
        "time" : {
          "start" : 1737509306009,
          "stop" : 1737509314886,
          "duration" : 8877
        }
      }, {
        "uid" : "7529b8098ddac019",
        "reportUrl" : "https://Areso.github.io/Oblache/285//#testresult/7529b8098ddac019",
        "status" : "broken",
        "statusDetails" : "selenium.common.exceptions.TimeoutException: Message: Can't find element by locator ('xpath', '//div[@id=\"msg_from_server\"]')",
        "time" : {
          "start" : 1737422774566,
          "stop" : 1737422782513,
          "duration" : 7947
        }
      }, {
        "uid" : "66424963ebfdae8e",
        "reportUrl" : "https://Areso.github.io/Oblache/284//#testresult/66424963ebfdae8e",
        "status" : "broken",
        "statusDetails" : "selenium.common.exceptions.TimeoutException: Message: Can't find element by locator ('xpath', '//div[@id=\"msg_from_server\"]')",
        "time" : {
          "start" : 1737336488425,
          "stop" : 1737336496375,
          "duration" : 7950
        }
      }, {
        "uid" : "32a4ad9c90987e84",
        "reportUrl" : "https://Areso.github.io/Oblache/283//#testresult/32a4ad9c90987e84",
        "status" : "broken",
        "statusDetails" : "selenium.common.exceptions.TimeoutException: Message: Can't find element by locator ('xpath', '//div[@id=\"msg_from_server\"]')",
        "time" : {
          "start" : 1737250757494,
          "stop" : 1737250765552,
          "duration" : 8058
        }
      } ]
    },
    "tags" : [ ]
  },
  "source" : "a03078da6534122.json",
  "parameterValues" : [ ]
}