{
  "uid" : "692cf188788a35c1",
  "name" : "test_create_database",
  "fullName" : "tests_ui.test_ui.TestProfilePage#test_create_database",
  "historyId" : "4762f7b87391625d86f9ea8dbdd3b406",
  "time" : {
    "start" : 1724635246924,
    "stop" : 1724635255903,
    "duration" : 8979
  },
  "status" : "broken",
  "statusMessage" : "selenium.common.exceptions.TimeoutException: Message: Can't find element by locator ('xpath', '//div[@id=\"msg_from_server\"]')",
  "statusTrace" : "self = <tests_ui.test_ui.TestProfilePage object at 0x7ffa5716f4a0>\ndriver = <selenium.webdriver.chrome.webdriver.WebDriver (session=\"a45d45c2665a672da419fc3cc20b21c5\")>\nauthorization_user = None\n\n    @allure.title('test_create_database')\n    def test_create_database(self, driver, authorization_user):\n        page = ProfilePage(driver, authorization_user)\n>       page.compare_database_status()\n\ntests_ui/test_ui.py:69: \n_ _ _ _ _ _ _ _ _ _ _ _ _ _ _ _ _ _ _ _ _ _ _ _ _ _ _ _ _ _ _ _ _ _ _ _ _ _ _ _ \ntests_ui/profile_page.py:144: in compare_database_status\n    msg = self.element_is_visible(self.locators.MSG_FROM_SERVER).text\ntests_ui/base_page.py:33: in element_is_visible\n    return Wait(self.driver, self.timeout).until(\n_ _ _ _ _ _ _ _ _ _ _ _ _ _ _ _ _ _ _ _ _ _ _ _ _ _ _ _ _ _ _ _ _ _ _ _ _ _ _ _ \n\nself = <selenium.webdriver.support.wait.WebDriverWait (session=\"a45d45c2665a672da419fc3cc20b21c5\")>\nmethod = <function visibility_of_element_located.<locals>._predicate at 0x7ffa56e4cf40>\nmessage = 'Can\\'t find element by locator (\\'xpath\\', \\'//div[@id=\"msg_from_server\"]\\')'\n\n    def until(self, method: Callable[[D], Union[Literal[False], T]], message: str = \"\") -> T:\n        \"\"\"Calls the method provided with the driver as an argument until the \\\n        return value does not evaluate to ``False``.\n    \n        :param method: callable(WebDriver)\n        :param message: optional message for :exc:`TimeoutException`\n        :returns: the result of the last call to `method`\n        :raises: :exc:`selenium.common.exceptions.TimeoutException` if timeout occurs\n        \"\"\"\n        screen = None\n        stacktrace = None\n    \n        end_time = time.monotonic() + self._timeout\n        while True:\n            try:\n                value = method(self._driver)\n                if value:\n                    return value\n            except self._ignored_exceptions as exc:\n                screen = getattr(exc, \"screen\", None)\n                stacktrace = getattr(exc, \"stacktrace\", None)\n            time.sleep(self._poll)\n            if time.monotonic() > end_time:\n                break\n>       raise TimeoutException(message, screen, stacktrace)\nE       selenium.common.exceptions.TimeoutException: Message: Can't find element by locator ('xpath', '//div[@id=\"msg_from_server\"]')\n\n/opt/hostedtoolcache/Python/3.12.5/x64/lib/python3.12/site-packages/selenium/webdriver/support/wait.py:105: TimeoutException",
  "flaky" : false,
  "newFailed" : false,
  "beforeStages" : [ {
    "name" : "authorization_user",
    "time" : {
      "start" : 1724635246256,
      "stop" : 1724635246924,
      "duration" : 668
    },
    "status" : "passed",
    "steps" : [ {
      "name" : "Open page: https://oblache.areso.pro/register.html",
      "time" : {
        "start" : 1724635246256,
        "stop" : 1724635246757,
        "duration" : 501
      },
      "status" : "passed",
      "steps" : [ ],
      "attachments" : [ ],
      "parameters" : [ ],
      "stepsCount" : 0,
      "attachmentsCount" : 0,
      "shouldDisplayMessage" : false,
      "hasContent" : false
    }, {
      "name" : "login_user",
      "time" : {
        "start" : 1724635246757,
        "stop" : 1724635246924,
        "duration" : 167
      },
      "status" : "passed",
      "steps" : [ {
        "name" : "Enter email.",
        "time" : {
          "start" : 1724635246757,
          "stop" : 1724635246809,
          "duration" : 52
        },
        "status" : "passed",
        "steps" : [ ],
        "attachments" : [ ],
        "parameters" : [ ],
        "stepsCount" : 0,
        "attachmentsCount" : 0,
        "shouldDisplayMessage" : false,
        "hasContent" : false
      }, {
        "name" : "Enter password.",
        "time" : {
          "start" : 1724635246809,
          "stop" : 1724635246852,
          "duration" : 43
        },
        "status" : "passed",
        "steps" : [ ],
        "attachments" : [ ],
        "parameters" : [ ],
        "stepsCount" : 0,
        "attachmentsCount" : 0,
        "shouldDisplayMessage" : false,
        "hasContent" : false
      }, {
        "name" : "Click button \"Login\"",
        "time" : {
          "start" : 1724635246852,
          "stop" : 1724635246921,
          "duration" : 69
        },
        "status" : "passed",
        "steps" : [ {
          "name" : "element_is_present_and_clickable",
          "time" : {
            "start" : 1724635246852,
            "stop" : 1724635246889,
            "duration" : 37
          },
          "status" : "passed",
          "steps" : [ ],
          "attachments" : [ ],
          "parameters" : [ {
            "name" : "locator",
            "value" : "('xpath', '//input[@id=\"inp_regform_login_submit\"]')"
          } ],
          "stepsCount" : 0,
          "attachmentsCount" : 0,
          "shouldDisplayMessage" : false,
          "hasContent" : true
        } ],
        "attachments" : [ ],
        "parameters" : [ ],
        "stepsCount" : 1,
        "attachmentsCount" : 0,
        "shouldDisplayMessage" : false,
        "hasContent" : true
      }, {
        "name" : "Check url is present: https://oblache.areso.pro/register.html",
        "time" : {
          "start" : 1724635246921,
          "stop" : 1724635246923,
          "duration" : 2
        },
        "status" : "passed",
        "steps" : [ ],
        "attachments" : [ ],
        "parameters" : [ ],
        "stepsCount" : 0,
        "attachmentsCount" : 0,
        "shouldDisplayMessage" : false,
        "hasContent" : false
      } ],
      "attachments" : [ ],
      "parameters" : [ ],
      "stepsCount" : 5,
      "attachmentsCount" : 0,
      "shouldDisplayMessage" : false,
      "hasContent" : true
    } ],
    "attachments" : [ ],
    "parameters" : [ ],
    "stepsCount" : 7,
    "attachmentsCount" : 0,
    "shouldDisplayMessage" : false,
    "hasContent" : true
  }, {
    "name" : "driver",
    "time" : {
      "start" : 1724635246054,
      "stop" : 1724635246256,
      "duration" : 202
    },
    "status" : "passed",
    "steps" : [ ],
    "attachments" : [ ],
    "parameters" : [ ],
    "stepsCount" : 0,
    "attachmentsCount" : 0,
    "shouldDisplayMessage" : false,
    "hasContent" : false
  } ],
  "testStage" : {
    "status" : "broken",
    "statusMessage" : "selenium.common.exceptions.TimeoutException: Message: Can't find element by locator ('xpath', '//div[@id=\"msg_from_server\"]')",
    "statusTrace" : "self = <tests_ui.test_ui.TestProfilePage object at 0x7ffa5716f4a0>\ndriver = <selenium.webdriver.chrome.webdriver.WebDriver (session=\"a45d45c2665a672da419fc3cc20b21c5\")>\nauthorization_user = None\n\n    @allure.title('test_create_database')\n    def test_create_database(self, driver, authorization_user):\n        page = ProfilePage(driver, authorization_user)\n>       page.compare_database_status()\n\ntests_ui/test_ui.py:69: \n_ _ _ _ _ _ _ _ _ _ _ _ _ _ _ _ _ _ _ _ _ _ _ _ _ _ _ _ _ _ _ _ _ _ _ _ _ _ _ _ \ntests_ui/profile_page.py:144: in compare_database_status\n    msg = self.element_is_visible(self.locators.MSG_FROM_SERVER).text\ntests_ui/base_page.py:33: in element_is_visible\n    return Wait(self.driver, self.timeout).until(\n_ _ _ _ _ _ _ _ _ _ _ _ _ _ _ _ _ _ _ _ _ _ _ _ _ _ _ _ _ _ _ _ _ _ _ _ _ _ _ _ \n\nself = <selenium.webdriver.support.wait.WebDriverWait (session=\"a45d45c2665a672da419fc3cc20b21c5\")>\nmethod = <function visibility_of_element_located.<locals>._predicate at 0x7ffa56e4cf40>\nmessage = 'Can\\'t find element by locator (\\'xpath\\', \\'//div[@id=\"msg_from_server\"]\\')'\n\n    def until(self, method: Callable[[D], Union[Literal[False], T]], message: str = \"\") -> T:\n        \"\"\"Calls the method provided with the driver as an argument until the \\\n        return value does not evaluate to ``False``.\n    \n        :param method: callable(WebDriver)\n        :param message: optional message for :exc:`TimeoutException`\n        :returns: the result of the last call to `method`\n        :raises: :exc:`selenium.common.exceptions.TimeoutException` if timeout occurs\n        \"\"\"\n        screen = None\n        stacktrace = None\n    \n        end_time = time.monotonic() + self._timeout\n        while True:\n            try:\n                value = method(self._driver)\n                if value:\n                    return value\n            except self._ignored_exceptions as exc:\n                screen = getattr(exc, \"screen\", None)\n                stacktrace = getattr(exc, \"stacktrace\", None)\n            time.sleep(self._poll)\n            if time.monotonic() > end_time:\n                break\n>       raise TimeoutException(message, screen, stacktrace)\nE       selenium.common.exceptions.TimeoutException: Message: Can't find element by locator ('xpath', '//div[@id=\"msg_from_server\"]')\n\n/opt/hostedtoolcache/Python/3.12.5/x64/lib/python3.12/site-packages/selenium/webdriver/support/wait.py:105: TimeoutException",
    "steps" : [ {
      "name" : "compare_database_status",
      "time" : {
        "start" : 1724635246924,
        "stop" : 1724635255902,
        "duration" : 8978
      },
      "status" : "broken",
      "statusMessage" : "selenium.common.exceptions.TimeoutException: Message: Can't find element by locator ('xpath', '//div[@id=\"msg_from_server\"]')\n\n",
      "statusTrace" : "  File \"/opt/hostedtoolcache/Python/3.12.5/x64/lib/python3.12/site-packages/allure_commons/_allure.py\", line 192, in impl\n    return func(*a, **kw)\n           ^^^^^^^^^^^^^^\n  File \"/home/runner/work/Oblache/Oblache/tests_ui/profile_page.py\", line 144, in compare_database_status\n    msg = self.element_is_visible(self.locators.MSG_FROM_SERVER).text\n          ^^^^^^^^^^^^^^^^^^^^^^^^^^^^^^^^^^^^^^^^^^^^^^^^^^^^^^\n  File \"/home/runner/work/Oblache/Oblache/tests_ui/base_page.py\", line 33, in element_is_visible\n    return Wait(self.driver, self.timeout).until(\n           ^^^^^^^^^^^^^^^^^^^^^^^^^^^^^^^^^^^^^^\n  File \"/opt/hostedtoolcache/Python/3.12.5/x64/lib/python3.12/site-packages/selenium/webdriver/support/wait.py\", line 105, in until\n    raise TimeoutException(message, screen, stacktrace)\n",
      "steps" : [ {
        "name" : "Click button Status.",
        "time" : {
          "start" : 1724635246924,
          "stop" : 1724635248462,
          "duration" : 1538
        },
        "status" : "passed",
        "steps" : [ {
          "name" : "element_is_present_and_clickable",
          "time" : {
            "start" : 1724635247924,
            "stop" : 1724635248439,
            "duration" : 515
          },
          "status" : "passed",
          "steps" : [ ],
          "attachments" : [ ],
          "parameters" : [ {
            "name" : "locator",
            "value" : "('xpath', '//button[@id=\"menu_button_status\"]')"
          } ],
          "stepsCount" : 0,
          "attachmentsCount" : 0,
          "shouldDisplayMessage" : false,
          "hasContent" : true
        } ],
        "attachments" : [ ],
        "parameters" : [ ],
        "stepsCount" : 1,
        "attachmentsCount" : 0,
        "shouldDisplayMessage" : false,
        "hasContent" : true
      }, {
        "name" : "get_status_data",
        "time" : {
          "start" : 1724635248462,
          "stop" : 1724635248837,
          "duration" : 375
        },
        "status" : "passed",
        "steps" : [ {
          "name" : "Get status data.",
          "time" : {
            "start" : 1724635248836,
            "stop" : 1724635248837,
            "duration" : 1
          },
          "status" : "passed",
          "steps" : [ {
            "name" : "Status data is: {'Email:': 'nodata', 'is blocked?': 'nodata', 'is db creation allowed?': 'nodata', 'disk db quota, mb': 'nodata', 'disk db used, mb': 'nodata', 'db qty quota': 'nodata', 'db qty used': 'nodata'}",
            "time" : {
              "start" : 1724635248837,
              "stop" : 1724635248837,
              "duration" : 0
            },
            "status" : "passed",
            "steps" : [ ],
            "attachments" : [ ],
            "parameters" : [ ],
            "stepsCount" : 0,
            "attachmentsCount" : 0,
            "shouldDisplayMessage" : false,
            "hasContent" : false
          } ],
          "attachments" : [ ],
          "parameters" : [ ],
          "stepsCount" : 1,
          "attachmentsCount" : 0,
          "shouldDisplayMessage" : false,
          "hasContent" : true
        } ],
        "attachments" : [ ],
        "parameters" : [ ],
        "stepsCount" : 2,
        "attachmentsCount" : 0,
        "shouldDisplayMessage" : false,
        "hasContent" : true
      }, {
        "name" : "Click \"Databases\" button.",
        "time" : {
          "start" : 1724635248837,
          "stop" : 1724635248890,
          "duration" : 53
        },
        "status" : "passed",
        "steps" : [ {
          "name" : "element_is_present_and_clickable",
          "time" : {
            "start" : 1724635248837,
            "stop" : 1724635248867,
            "duration" : 30
          },
          "status" : "passed",
          "steps" : [ ],
          "attachments" : [ ],
          "parameters" : [ {
            "name" : "locator",
            "value" : "('xpath', '//button[@id = \"menu_button_databases\"]')"
          } ],
          "stepsCount" : 0,
          "attachmentsCount" : 0,
          "shouldDisplayMessage" : false,
          "hasContent" : true
        } ],
        "attachments" : [ ],
        "parameters" : [ ],
        "stepsCount" : 1,
        "attachmentsCount" : 0,
        "shouldDisplayMessage" : false,
        "hasContent" : true
      }, {
        "name" : "click_buttons_create_new_db",
        "time" : {
          "start" : 1724635248890,
          "stop" : 1724635248947,
          "duration" : 57
        },
        "status" : "passed",
        "steps" : [ {
          "name" : "Click \"Create new DB\" button.",
          "time" : {
            "start" : 1724635248890,
            "stop" : 1724635248947,
            "duration" : 57
          },
          "status" : "passed",
          "steps" : [ {
            "name" : "element_is_present_and_clickable",
            "time" : {
              "start" : 1724635248890,
              "stop" : 1724635248922,
              "duration" : 32
            },
            "status" : "passed",
            "steps" : [ ],
            "attachments" : [ ],
            "parameters" : [ {
              "name" : "locator",
              "value" : "('xpath', '//button[@id=\"btn_new_db\"]')"
            } ],
            "stepsCount" : 0,
            "attachmentsCount" : 0,
            "shouldDisplayMessage" : false,
            "hasContent" : true
          } ],
          "attachments" : [ ],
          "parameters" : [ ],
          "stepsCount" : 1,
          "attachmentsCount" : 0,
          "shouldDisplayMessage" : false,
          "hasContent" : true
        } ],
        "attachments" : [ ],
        "parameters" : [ ],
        "stepsCount" : 2,
        "attachmentsCount" : 0,
        "shouldDisplayMessage" : false,
        "hasContent" : true
      }, {
        "name" : "Select region \"CIS\".",
        "time" : {
          "start" : 1724635248947,
          "stop" : 1724635250723,
          "duration" : 1776
        },
        "status" : "passed",
        "steps" : [ {
          "name" : "element_is_present_and_clickable",
          "time" : {
            "start" : 1724635248947,
            "stop" : 1724635248978,
            "duration" : 31
          },
          "status" : "passed",
          "steps" : [ ],
          "attachments" : [ ],
          "parameters" : [ {
            "name" : "locator",
            "value" : "('xpath', '//select[@id=\"selectDBRegion\"]')"
          } ],
          "stepsCount" : 0,
          "attachmentsCount" : 0,
          "shouldDisplayMessage" : false,
          "hasContent" : true
        }, {
          "name" : "element_is_present_and_clickable",
          "time" : {
            "start" : 1724635249136,
            "stop" : 1724635250707,
            "duration" : 1571
          },
          "status" : "passed",
          "steps" : [ ],
          "attachments" : [ ],
          "parameters" : [ {
            "name" : "locator",
            "value" : "('xpath', '//select[@id=\"selectDBRegion\"] /option[@value=\"3\"]')"
          } ],
          "stepsCount" : 0,
          "attachmentsCount" : 0,
          "shouldDisplayMessage" : false,
          "hasContent" : true
        } ],
        "attachments" : [ ],
        "parameters" : [ ],
        "stepsCount" : 2,
        "attachmentsCount" : 0,
        "shouldDisplayMessage" : false,
        "hasContent" : true
      }, {
        "name" : "click_buttons_create",
        "time" : {
          "start" : 1724635250723,
          "stop" : 1724635250768,
          "duration" : 45
        },
        "status" : "passed",
        "steps" : [ {
          "name" : "Click \"Create\" button.",
          "time" : {
            "start" : 1724635250723,
            "stop" : 1724635250768,
            "duration" : 45
          },
          "status" : "passed",
          "steps" : [ ],
          "attachments" : [ ],
          "parameters" : [ ],
          "stepsCount" : 0,
          "attachmentsCount" : 0,
          "shouldDisplayMessage" : false,
          "hasContent" : false
        } ],
        "attachments" : [ ],
        "parameters" : [ ],
        "stepsCount" : 1,
        "attachmentsCount" : 0,
        "shouldDisplayMessage" : false,
        "hasContent" : true
      } ],
      "attachments" : [ ],
      "parameters" : [ ],
      "stepsCount" : 15,
      "attachmentsCount" : 0,
      "shouldDisplayMessage" : true,
      "hasContent" : true
    } ],
    "attachments" : [ ],
    "parameters" : [ ],
    "stepsCount" : 16,
    "attachmentsCount" : 0,
    "shouldDisplayMessage" : true,
    "hasContent" : true
  },
  "afterStages" : [ {
    "name" : "driver::0",
    "time" : {
      "start" : 1724635255917,
      "stop" : 1724635256068,
      "duration" : 151
    },
    "status" : "passed",
    "steps" : [ ],
    "attachments" : [ {
      "uid" : "e8db4c643462cce8",
      "name" : "Screenshot 2024-08-26 01:20:56.007965",
      "source" : "e8db4c643462cce8.png",
      "type" : "image/png",
      "size" : 30493
    } ],
    "parameters" : [ ],
    "stepsCount" : 0,
    "attachmentsCount" : 1,
    "shouldDisplayMessage" : false,
    "hasContent" : true
  } ],
  "labels" : [ {
    "name" : "suite",
    "value" : "Test Profile Page."
  }, {
    "name" : "parentSuite",
    "value" : "tests_ui"
  }, {
    "name" : "subSuite",
    "value" : "TestProfilePage"
  }, {
    "name" : "host",
    "value" : "fv-az1269-257"
  }, {
    "name" : "thread",
    "value" : "2283-MainThread"
  }, {
    "name" : "framework",
    "value" : "pytest"
  }, {
    "name" : "language",
    "value" : "cpython3"
  }, {
    "name" : "package",
    "value" : "tests_ui.test_ui"
  }, {
    "name" : "resultFormat",
    "value" : "allure2"
  } ],
  "parameters" : [ ],
  "links" : [ ],
  "hidden" : false,
  "retry" : false,
  "extra" : {
    "severity" : "normal",
    "retries" : [ ],
    "categories" : [ {
      "name" : "Test defects",
      "matchedStatuses" : [ ],
      "flaky" : false
    } ],
    "history" : {
      "statistic" : {
        "failed" : 0,
        "broken" : 12,
        "skipped" : 0,
        "passed" : 0,
        "unknown" : 0,
        "total" : 12
      },
      "items" : [ {
        "uid" : "40279d19066c3bca",
        "reportUrl" : "https://Areso.github.io/Oblache/136//#testresult/40279d19066c3bca",
        "status" : "broken",
        "statusDetails" : "selenium.common.exceptions.TimeoutException: Message: Can't find element by locator ('xpath', '//div[@id=\"msg_from_server\"]')",
        "time" : {
          "start" : 1724549119691,
          "stop" : 1724549127447,
          "duration" : 7756
        }
      }, {
        "uid" : "ea453b10727d87",
        "reportUrl" : "https://Areso.github.io/Oblache/135//#testresult/ea453b10727d87",
        "status" : "broken",
        "statusDetails" : "selenium.common.exceptions.TimeoutException: Message: Can't find element by locator ('xpath', '//div[@id=\"msg_from_server\"]')",
        "time" : {
          "start" : 1724462307086,
          "stop" : 1724462314872,
          "duration" : 7786
        }
      }, {
        "uid" : "2b30140deae92cfd",
        "reportUrl" : "https://Areso.github.io/Oblache/134//#testresult/2b30140deae92cfd",
        "status" : "broken",
        "statusDetails" : "selenium.common.exceptions.TimeoutException: Message: Can't find element by locator ('xpath', '//div[@id=\"msg_from_server\"]')",
        "time" : {
          "start" : 1724375966759,
          "stop" : 1724375974493,
          "duration" : 7734
        }
      }, {
        "uid" : "5b866b7f82297501",
        "reportUrl" : "https://Areso.github.io/Oblache/133//#testresult/5b866b7f82297501",
        "status" : "broken",
        "statusDetails" : "selenium.common.exceptions.TimeoutException: Message: Can't find element by locator ('xpath', '//div[@id=\"msg_from_server\"]')",
        "time" : {
          "start" : 1724289688647,
          "stop" : 1724289697527,
          "duration" : 8880
        }
      }, {
        "uid" : "58a32f15f35755c2",
        "reportUrl" : "https://Areso.github.io/Oblache/132//#testresult/58a32f15f35755c2",
        "status" : "broken",
        "statusDetails" : "selenium.common.exceptions.TimeoutException: Message: Can't find element by locator ('xpath', '//div[@id=\"msg_from_server\"]')",
        "time" : {
          "start" : 1724203182986,
          "stop" : 1724203191294,
          "duration" : 8308
        }
      }, {
        "uid" : "4d982aebd7747289",
        "reportUrl" : "https://Areso.github.io/Oblache/131//#testresult/4d982aebd7747289",
        "status" : "broken",
        "statusDetails" : "selenium.common.exceptions.TimeoutException: Message: Can't find element by locator ('xpath', '//div[@id=\"msg_from_server\"]')",
        "time" : {
          "start" : 1724116766125,
          "stop" : 1724116774907,
          "duration" : 8782
        }
      }, {
        "uid" : "a7dfccbfd97aec6a",
        "reportUrl" : "https://Areso.github.io/Oblache/130//#testresult/a7dfccbfd97aec6a",
        "status" : "broken",
        "statusDetails" : "selenium.common.exceptions.TimeoutException: Message: Can't find element by locator ('xpath', '//div[@id=\"msg_from_server\"]')",
        "time" : {
          "start" : 1724030416731,
          "stop" : 1724030424420,
          "duration" : 7689
        }
      }, {
        "uid" : "3fee997e18851dcf",
        "reportUrl" : "https://Areso.github.io/Oblache/129//#testresult/3fee997e18851dcf",
        "status" : "broken",
        "statusDetails" : "selenium.common.exceptions.TimeoutException: Message: Can't find element by locator ('xpath', '//select[@id=\"selectDBRegion\"] /option[@value=\"3\"]')\nStacktrace:\n#0 0x55e62f5fb6aa <unknown>\n#1 0x55e62f2cc600 <unknown>\n#2 0x55e62f31bbcb <unknown>\n#3 0x55e62f31beb1 <unknown>\n#4 0x55e62f35fb24 <unknown>\n#5 0x55e62f33e8cd <unknown>\n#6 0x55e62f35d04a <unknown>\n#7 0x55e62f33e643 <unknown>\n#8 0x55e62f30ed31 <unknown>\n#9 0x55e62f30f79e <unknown>\n#10 0x55e62f5c323b <unknown>\n#11 0x55e62f5c71d2 <unknown>\n#12 0x55e62f5b05f5 <unknown>\n#13 0x55e62f5c7d62 <unknown>\n#14 0x55e62f59523f <unknown>\n#15 0x55e62f5eae48 <unknown>\n#16 0x55e62f5eb020 <unknown>\n#17 0x55e62f5fa47c <unknown>\n#18 0x7fb621294ac3 <unknown>",
        "time" : {
          "start" : 1723944273103,
          "stop" : 1723944279878,
          "duration" : 6775
        }
      }, {
        "uid" : "2eefe10a4620b0a",
        "reportUrl" : "https://Areso.github.io/Oblache/128//#testresult/2eefe10a4620b0a",
        "status" : "broken",
        "statusDetails" : "selenium.common.exceptions.TimeoutException: Message: Can't find element by locator ('xpath', '//div[@id=\"msg_from_server\"]')",
        "time" : {
          "start" : 1723857440850,
          "stop" : 1723857448672,
          "duration" : 7822
        }
      }, {
        "uid" : "deb8eea357576831",
        "reportUrl" : "https://Areso.github.io/Oblache/127//#testresult/deb8eea357576831",
        "status" : "broken",
        "statusDetails" : "selenium.common.exceptions.TimeoutException: Message: Can't find element by locator ('xpath', '//div[@id=\"msg_from_server\"]')",
        "time" : {
          "start" : 1723696351609,
          "stop" : 1723696359410,
          "duration" : 7801
        }
      }, {
        "uid" : "b74041edf802e46b",
        "reportUrl" : "https://Areso.github.io/Oblache/127//#testresult/b74041edf802e46b",
        "status" : "broken",
        "statusDetails" : "selenium.common.exceptions.TimeoutException: Message: Can't find element by locator ('xpath', '//button[@id=\"menu_button_status\"]')\nStacktrace:\n#0 0x56405ac766aa <unknown>\n#1 0x56405a947600 <unknown>\n#2 0x56405a996bcb <unknown>\n#3 0x56405a996eb1 <unknown>\n#4 0x56405a9dab24 <unknown>\n#5 0x56405a9b98cd <unknown>\n#6 0x56405a9d804a <unknown>\n#7 0x56405a9b9643 <unknown>\n#8 0x56405a989d31 <unknown>\n#9 0x56405a98a79e <unknown>\n#10 0x56405ac3e23b <unknown>\n#11 0x56405ac421d2 <unknown>\n#12 0x56405ac2b5f5 <unknown>\n#13 0x56405ac42d62 <unknown>\n#14 0x56405ac1023f <unknown>\n#15 0x56405ac65e48 <unknown>\n#16 0x56405ac66020 <unknown>\n#17 0x56405ac7547c <unknown>\n#18 0x7fee8d294ac3 <unknown>",
        "time" : {
          "start" : 1723670732044,
          "stop" : 1723670738181,
          "duration" : 6137
        }
      } ]
    },
    "tags" : [ ]
  },
  "source" : "692cf188788a35c1.json",
  "parameterValues" : [ ]
}