{
  "uid" : "337918a9f35a8326",
  "name" : "test_clipboard_uuid_docker",
  "fullName" : "tests_ui.test_ui.TestProfilePage#test_clipboard_uuid_docker",
  "historyId" : "11f91f43cfea2a231aececf29c7ed302",
  "time" : {
    "start" : 1723670761234,
    "stop" : 1723670766369,
    "duration" : 5135
  },
  "status" : "broken",
  "statusMessage" : "selenium.common.exceptions.TimeoutException: Message: Can't find element by locator ('xpath', '//button[@id=\"menu_button_containers\"]')\nStacktrace:\n#0 0x55de821546aa <unknown>\n#1 0x55de81e25600 <unknown>\n#2 0x55de81e74bcb <unknown>\n#3 0x55de81e74eb1 <unknown>\n#4 0x55de81eb8b24 <unknown>\n#5 0x55de81e978cd <unknown>\n#6 0x55de81eb604a <unknown>\n#7 0x55de81e97643 <unknown>\n#8 0x55de81e67d31 <unknown>\n#9 0x55de81e6879e <unknown>\n#10 0x55de8211c23b <unknown>\n#11 0x55de821201d2 <unknown>\n#12 0x55de821095f5 <unknown>\n#13 0x55de82120d62 <unknown>\n#14 0x55de820ee23f <unknown>\n#15 0x55de82143e48 <unknown>\n#16 0x55de82144020 <unknown>\n#17 0x55de8215347c <unknown>\n#18 0x7f8d2b894ac3 <unknown>",
  "statusTrace" : "self = <tests_ui.test_ui.TestProfilePage object at 0x7f64a506c080>\ndriver = <selenium.webdriver.chrome.webdriver.WebDriver (session=\"6022f7171b3772f124841b5db9656d3d\")>\nauthorization_user = None\n\n    @allure.title('test_clipboard_uuid_docker')\n    def test_clipboard_uuid_docker(self, driver, authorization_user):\n        page = ProfilePage(driver, authorization_user)\n>       page.click_button_docker_containers()\n\ntests_ui/test_ui.py:98: \n_ _ _ _ _ _ _ _ _ _ _ _ _ _ _ _ _ _ _ _ _ _ _ _ _ _ _ _ _ _ _ _ _ _ _ _ _ _ _ _ \ntests_ui/profile_page.py:42: in click_button_docker_containers\n    return self.element_is_present_and_clickable(self.locators.BUTTON_DOCKER_CONTAINER).click()\ntests_ui/base_page.py:27: in element_is_present_and_clickable\n    return (Wait(self.driver, self.timeout).until(\n_ _ _ _ _ _ _ _ _ _ _ _ _ _ _ _ _ _ _ _ _ _ _ _ _ _ _ _ _ _ _ _ _ _ _ _ _ _ _ _ \n\nself = <selenium.webdriver.support.wait.WebDriverWait (session=\"6022f7171b3772f124841b5db9656d3d\")>\nmethod = <function visibility_of_element_located.<locals>._predicate at 0x7f64a4105e40>\nmessage = 'Can\\'t find element by locator (\\'xpath\\', \\'//button[@id=\"menu_button_containers\"]\\')'\n\n    def until(self, method: Callable[[D], Union[Literal[False], T]], message: str = \"\") -> T:\n        \"\"\"Calls the method provided with the driver as an argument until the \\\n        return value does not evaluate to ``False``.\n    \n        :param method: callable(WebDriver)\n        :param message: optional message for :exc:`TimeoutException`\n        :returns: the result of the last call to `method`\n        :raises: :exc:`selenium.common.exceptions.TimeoutException` if timeout occurs\n        \"\"\"\n        screen = None\n        stacktrace = None\n    \n        end_time = time.monotonic() + self._timeout\n        while True:\n            try:\n                value = method(self._driver)\n                if value:\n                    return value\n            except self._ignored_exceptions as exc:\n                screen = getattr(exc, \"screen\", None)\n                stacktrace = getattr(exc, \"stacktrace\", None)\n            time.sleep(self._poll)\n            if time.monotonic() > end_time:\n                break\n>       raise TimeoutException(message, screen, stacktrace)\nE       selenium.common.exceptions.TimeoutException: Message: Can't find element by locator ('xpath', '//button[@id=\"menu_button_containers\"]')\nE       Stacktrace:\nE       #0 0x55de821546aa <unknown>\nE       #1 0x55de81e25600 <unknown>\nE       #2 0x55de81e74bcb <unknown>\nE       #3 0x55de81e74eb1 <unknown>\nE       #4 0x55de81eb8b24 <unknown>\nE       #5 0x55de81e978cd <unknown>\nE       #6 0x55de81eb604a <unknown>\nE       #7 0x55de81e97643 <unknown>\nE       #8 0x55de81e67d31 <unknown>\nE       #9 0x55de81e6879e <unknown>\nE       #10 0x55de8211c23b <unknown>\nE       #11 0x55de821201d2 <unknown>\nE       #12 0x55de821095f5 <unknown>\nE       #13 0x55de82120d62 <unknown>\nE       #14 0x55de820ee23f <unknown>\nE       #15 0x55de82143e48 <unknown>\nE       #16 0x55de82144020 <unknown>\nE       #17 0x55de8215347c <unknown>\nE       #18 0x7f8d2b894ac3 <unknown>\n\n/opt/hostedtoolcache/Python/3.12.4/x64/lib/python3.12/site-packages/selenium/webdriver/support/wait.py:105: TimeoutException",
  "flaky" : false,
  "newFailed" : false,
  "beforeStages" : [ {
    "name" : "driver",
    "time" : {
      "start" : 1723670760558,
      "stop" : 1723670760759,
      "duration" : 201
    },
    "status" : "passed",
    "steps" : [ ],
    "attachments" : [ ],
    "parameters" : [ ],
    "stepsCount" : 0,
    "attachmentsCount" : 0,
    "shouldDisplayMessage" : false,
    "hasContent" : false
  }, {
    "name" : "authorization_user",
    "time" : {
      "start" : 1723670760759,
      "stop" : 1723670761234,
      "duration" : 475
    },
    "status" : "passed",
    "steps" : [ {
      "name" : "Open page: https://oblache.areso.pro/register.html",
      "time" : {
        "start" : 1723670760759,
        "stop" : 1723670761068,
        "duration" : 309
      },
      "status" : "passed",
      "steps" : [ ],
      "attachments" : [ ],
      "parameters" : [ ],
      "stepsCount" : 0,
      "attachmentsCount" : 0,
      "shouldDisplayMessage" : false,
      "hasContent" : false
    }, {
      "name" : "login_user",
      "time" : {
        "start" : 1723670761068,
        "stop" : 1723670761234,
        "duration" : 166
      },
      "status" : "passed",
      "steps" : [ {
        "name" : "Enter email.",
        "time" : {
          "start" : 1723670761068,
          "stop" : 1723670761120,
          "duration" : 52
        },
        "status" : "passed",
        "steps" : [ ],
        "attachments" : [ ],
        "parameters" : [ ],
        "stepsCount" : 0,
        "attachmentsCount" : 0,
        "shouldDisplayMessage" : false,
        "hasContent" : false
      }, {
        "name" : "Enter password.",
        "time" : {
          "start" : 1723670761120,
          "stop" : 1723670761162,
          "duration" : 42
        },
        "status" : "passed",
        "steps" : [ ],
        "attachments" : [ ],
        "parameters" : [ ],
        "stepsCount" : 0,
        "attachmentsCount" : 0,
        "shouldDisplayMessage" : false,
        "hasContent" : false
      }, {
        "name" : "Click button \"Login\"",
        "time" : {
          "start" : 1723670761162,
          "stop" : 1723670761231,
          "duration" : 69
        },
        "status" : "passed",
        "steps" : [ {
          "name" : "element_is_present_and_clickable",
          "time" : {
            "start" : 1723670761162,
            "stop" : 1723670761199,
            "duration" : 37
          },
          "status" : "passed",
          "steps" : [ ],
          "attachments" : [ ],
          "parameters" : [ {
            "name" : "locator",
            "value" : "('xpath', '//input[@id=\"inp_regform_login_submit\"]')"
          } ],
          "stepsCount" : 0,
          "attachmentsCount" : 0,
          "shouldDisplayMessage" : false,
          "hasContent" : true
        } ],
        "attachments" : [ ],
        "parameters" : [ ],
        "stepsCount" : 1,
        "attachmentsCount" : 0,
        "shouldDisplayMessage" : false,
        "hasContent" : true
      }, {
        "name" : "Check url is present: https://oblache.areso.pro/register.html",
        "time" : {
          "start" : 1723670761231,
          "stop" : 1723670761233,
          "duration" : 2
        },
        "status" : "passed",
        "steps" : [ ],
        "attachments" : [ ],
        "parameters" : [ ],
        "stepsCount" : 0,
        "attachmentsCount" : 0,
        "shouldDisplayMessage" : false,
        "hasContent" : false
      } ],
      "attachments" : [ ],
      "parameters" : [ ],
      "stepsCount" : 5,
      "attachmentsCount" : 0,
      "shouldDisplayMessage" : false,
      "hasContent" : true
    } ],
    "attachments" : [ ],
    "parameters" : [ ],
    "stepsCount" : 7,
    "attachmentsCount" : 0,
    "shouldDisplayMessage" : false,
    "hasContent" : true
  } ],
  "testStage" : {
    "status" : "broken",
    "statusMessage" : "selenium.common.exceptions.TimeoutException: Message: Can't find element by locator ('xpath', '//button[@id=\"menu_button_containers\"]')\nStacktrace:\n#0 0x55de821546aa <unknown>\n#1 0x55de81e25600 <unknown>\n#2 0x55de81e74bcb <unknown>\n#3 0x55de81e74eb1 <unknown>\n#4 0x55de81eb8b24 <unknown>\n#5 0x55de81e978cd <unknown>\n#6 0x55de81eb604a <unknown>\n#7 0x55de81e97643 <unknown>\n#8 0x55de81e67d31 <unknown>\n#9 0x55de81e6879e <unknown>\n#10 0x55de8211c23b <unknown>\n#11 0x55de821201d2 <unknown>\n#12 0x55de821095f5 <unknown>\n#13 0x55de82120d62 <unknown>\n#14 0x55de820ee23f <unknown>\n#15 0x55de82143e48 <unknown>\n#16 0x55de82144020 <unknown>\n#17 0x55de8215347c <unknown>\n#18 0x7f8d2b894ac3 <unknown>",
    "statusTrace" : "self = <tests_ui.test_ui.TestProfilePage object at 0x7f64a506c080>\ndriver = <selenium.webdriver.chrome.webdriver.WebDriver (session=\"6022f7171b3772f124841b5db9656d3d\")>\nauthorization_user = None\n\n    @allure.title('test_clipboard_uuid_docker')\n    def test_clipboard_uuid_docker(self, driver, authorization_user):\n        page = ProfilePage(driver, authorization_user)\n>       page.click_button_docker_containers()\n\ntests_ui/test_ui.py:98: \n_ _ _ _ _ _ _ _ _ _ _ _ _ _ _ _ _ _ _ _ _ _ _ _ _ _ _ _ _ _ _ _ _ _ _ _ _ _ _ _ \ntests_ui/profile_page.py:42: in click_button_docker_containers\n    return self.element_is_present_and_clickable(self.locators.BUTTON_DOCKER_CONTAINER).click()\ntests_ui/base_page.py:27: in element_is_present_and_clickable\n    return (Wait(self.driver, self.timeout).until(\n_ _ _ _ _ _ _ _ _ _ _ _ _ _ _ _ _ _ _ _ _ _ _ _ _ _ _ _ _ _ _ _ _ _ _ _ _ _ _ _ \n\nself = <selenium.webdriver.support.wait.WebDriverWait (session=\"6022f7171b3772f124841b5db9656d3d\")>\nmethod = <function visibility_of_element_located.<locals>._predicate at 0x7f64a4105e40>\nmessage = 'Can\\'t find element by locator (\\'xpath\\', \\'//button[@id=\"menu_button_containers\"]\\')'\n\n    def until(self, method: Callable[[D], Union[Literal[False], T]], message: str = \"\") -> T:\n        \"\"\"Calls the method provided with the driver as an argument until the \\\n        return value does not evaluate to ``False``.\n    \n        :param method: callable(WebDriver)\n        :param message: optional message for :exc:`TimeoutException`\n        :returns: the result of the last call to `method`\n        :raises: :exc:`selenium.common.exceptions.TimeoutException` if timeout occurs\n        \"\"\"\n        screen = None\n        stacktrace = None\n    \n        end_time = time.monotonic() + self._timeout\n        while True:\n            try:\n                value = method(self._driver)\n                if value:\n                    return value\n            except self._ignored_exceptions as exc:\n                screen = getattr(exc, \"screen\", None)\n                stacktrace = getattr(exc, \"stacktrace\", None)\n            time.sleep(self._poll)\n            if time.monotonic() > end_time:\n                break\n>       raise TimeoutException(message, screen, stacktrace)\nE       selenium.common.exceptions.TimeoutException: Message: Can't find element by locator ('xpath', '//button[@id=\"menu_button_containers\"]')\nE       Stacktrace:\nE       #0 0x55de821546aa <unknown>\nE       #1 0x55de81e25600 <unknown>\nE       #2 0x55de81e74bcb <unknown>\nE       #3 0x55de81e74eb1 <unknown>\nE       #4 0x55de81eb8b24 <unknown>\nE       #5 0x55de81e978cd <unknown>\nE       #6 0x55de81eb604a <unknown>\nE       #7 0x55de81e97643 <unknown>\nE       #8 0x55de81e67d31 <unknown>\nE       #9 0x55de81e6879e <unknown>\nE       #10 0x55de8211c23b <unknown>\nE       #11 0x55de821201d2 <unknown>\nE       #12 0x55de821095f5 <unknown>\nE       #13 0x55de82120d62 <unknown>\nE       #14 0x55de820ee23f <unknown>\nE       #15 0x55de82143e48 <unknown>\nE       #16 0x55de82144020 <unknown>\nE       #17 0x55de8215347c <unknown>\nE       #18 0x7f8d2b894ac3 <unknown>\n\n/opt/hostedtoolcache/Python/3.12.4/x64/lib/python3.12/site-packages/selenium/webdriver/support/wait.py:105: TimeoutException",
    "steps" : [ {
      "name" : "Click \"Docker containers\" button.",
      "time" : {
        "start" : 1723670761234,
        "stop" : 1723670766368,
        "duration" : 5134
      },
      "status" : "broken",
      "statusMessage" : "selenium.common.exceptions.TimeoutException: Message: Can't find element by locator ('xpath', '//button[@id=\"menu_button_containers\"]')\nStacktrace:\n#0 0x55de821546aa <unknown>\n#1 0x55de81e25600 <unknown>\n#2 0x55de81e74bcb <unknown>\n#3 0x55de81e74eb1 <unknown>\n#4 0x55de81eb8b24 <unknown>\n#5 0x55de81e978cd <unknown>\n#6 0x55de81eb604a <unknown>\n#7 0x55de81e97643 <unknown>\n#8 0x55de81e67d31 <unknown>\n#9 0x55de81e6879e <unknown>\n#10 0x55de8211c23b <unknown>\n#11 0x55de821201d2 <unknown>\n#12 0x55de821095f5 <unknown>\n#13 0x55de82120d62 <unknown>\n#14 0x55de820ee23f <unknown>\n#15 0x55de82143e48 <unknown>\n#16 0x55de82144020 <unknown>\n#17 0x55de8215347c <unknown>\n#18 0x7f8d2b894ac3 <unknown>\n\n",
      "statusTrace" : "  File \"/opt/hostedtoolcache/Python/3.12.4/x64/lib/python3.12/site-packages/allure_commons/_allure.py\", line 192, in impl\n    return func(*a, **kw)\n           ^^^^^^^^^^^^^^\n  File \"/home/runner/work/Oblache/Oblache/tests_ui/profile_page.py\", line 42, in click_button_docker_containers\n    return self.element_is_present_and_clickable(self.locators.BUTTON_DOCKER_CONTAINER).click()\n           ^^^^^^^^^^^^^^^^^^^^^^^^^^^^^^^^^^^^^^^^^^^^^^^^^^^^^^^^^^^^^^^^^^^^^^^^^^^^\n  File \"/opt/hostedtoolcache/Python/3.12.4/x64/lib/python3.12/site-packages/allure_commons/_allure.py\", line 192, in impl\n    return func(*a, **kw)\n           ^^^^^^^^^^^^^^\n  File \"/home/runner/work/Oblache/Oblache/tests_ui/base_page.py\", line 27, in element_is_present_and_clickable\n    return (Wait(self.driver, self.timeout).until(\n            ^^^^^^^^^^^^^^^^^^^^^^^^^^^^^^^^^^^^^^\n  File \"/opt/hostedtoolcache/Python/3.12.4/x64/lib/python3.12/site-packages/selenium/webdriver/support/wait.py\", line 105, in until\n    raise TimeoutException(message, screen, stacktrace)\n",
      "steps" : [ {
        "name" : "element_is_present_and_clickable",
        "time" : {
          "start" : 1723670761234,
          "stop" : 1723670766368,
          "duration" : 5134
        },
        "status" : "broken",
        "statusMessage" : "selenium.common.exceptions.TimeoutException: Message: Can't find element by locator ('xpath', '//button[@id=\"menu_button_containers\"]')\nStacktrace:\n#0 0x55de821546aa <unknown>\n#1 0x55de81e25600 <unknown>\n#2 0x55de81e74bcb <unknown>\n#3 0x55de81e74eb1 <unknown>\n#4 0x55de81eb8b24 <unknown>\n#5 0x55de81e978cd <unknown>\n#6 0x55de81eb604a <unknown>\n#7 0x55de81e97643 <unknown>\n#8 0x55de81e67d31 <unknown>\n#9 0x55de81e6879e <unknown>\n#10 0x55de8211c23b <unknown>\n#11 0x55de821201d2 <unknown>\n#12 0x55de821095f5 <unknown>\n#13 0x55de82120d62 <unknown>\n#14 0x55de820ee23f <unknown>\n#15 0x55de82143e48 <unknown>\n#16 0x55de82144020 <unknown>\n#17 0x55de8215347c <unknown>\n#18 0x7f8d2b894ac3 <unknown>\n\n",
        "statusTrace" : "  File \"/opt/hostedtoolcache/Python/3.12.4/x64/lib/python3.12/site-packages/allure_commons/_allure.py\", line 192, in impl\n    return func(*a, **kw)\n           ^^^^^^^^^^^^^^\n  File \"/home/runner/work/Oblache/Oblache/tests_ui/base_page.py\", line 27, in element_is_present_and_clickable\n    return (Wait(self.driver, self.timeout).until(\n            ^^^^^^^^^^^^^^^^^^^^^^^^^^^^^^^^^^^^^^\n  File \"/opt/hostedtoolcache/Python/3.12.4/x64/lib/python3.12/site-packages/selenium/webdriver/support/wait.py\", line 105, in until\n    raise TimeoutException(message, screen, stacktrace)\n",
        "steps" : [ ],
        "attachments" : [ ],
        "parameters" : [ {
          "name" : "locator",
          "value" : "('xpath', '//button[@id=\"menu_button_containers\"]')"
        } ],
        "stepsCount" : 0,
        "attachmentsCount" : 0,
        "shouldDisplayMessage" : true,
        "hasContent" : true
      } ],
      "attachments" : [ ],
      "parameters" : [ ],
      "stepsCount" : 1,
      "attachmentsCount" : 0,
      "shouldDisplayMessage" : false,
      "hasContent" : true
    } ],
    "attachments" : [ ],
    "parameters" : [ ],
    "stepsCount" : 2,
    "attachmentsCount" : 0,
    "shouldDisplayMessage" : true,
    "hasContent" : true
  },
  "afterStages" : [ {
    "name" : "driver::0",
    "time" : {
      "start" : 1723670766381,
      "stop" : 1723670766540,
      "duration" : 159
    },
    "status" : "passed",
    "steps" : [ ],
    "attachments" : [ {
      "uid" : "1c2b930a469c0e65",
      "name" : "Screenshot 2024-08-14 21:26:06.479628",
      "source" : "1c2b930a469c0e65.png",
      "type" : "image/png",
      "size" : 17586
    } ],
    "parameters" : [ ],
    "stepsCount" : 0,
    "attachmentsCount" : 1,
    "shouldDisplayMessage" : false,
    "hasContent" : true
  } ],
  "labels" : [ {
    "name" : "suite",
    "value" : "Test Profile Page."
  }, {
    "name" : "parentSuite",
    "value" : "tests_ui"
  }, {
    "name" : "subSuite",
    "value" : "TestProfilePage"
  }, {
    "name" : "host",
    "value" : "fv-az1153-613"
  }, {
    "name" : "thread",
    "value" : "2300-MainThread"
  }, {
    "name" : "framework",
    "value" : "pytest"
  }, {
    "name" : "language",
    "value" : "cpython3"
  }, {
    "name" : "package",
    "value" : "tests_ui.test_ui"
  }, {
    "name" : "resultFormat",
    "value" : "allure2"
  } ],
  "parameters" : [ ],
  "links" : [ ],
  "hidden" : false,
  "retry" : false,
  "extra" : {
    "severity" : "normal",
    "retries" : [ ],
    "categories" : [ {
      "name" : "Test defects",
      "matchedStatuses" : [ ],
      "flaky" : false
    } ],
    "tags" : [ ]
  },
  "source" : "337918a9f35a8326.json",
  "parameterValues" : [ ]
}