{
  "uid" : "6c851565201dd366",
  "name" : "test_clipboard_jdbc",
  "fullName" : "tests_ui.test_ui.TestProfilePage#test_clipboard_jdbc",
  "historyId" : "3c3bc2de59af179987e51569fc1d3309",
  "time" : {
    "start" : 1723696367003,
    "stop" : 1723696373618,
    "duration" : 6615
  },
  "status" : "broken",
  "statusMessage" : "selenium.common.exceptions.TimeoutException: Message: Can't find element by locator ('xpath', '//tbody[@id=\"tbody_dbs\"] /tr[1]/td[7] /button')\nStacktrace:\n#0 0x55956c67b6aa <unknown>\n#1 0x55956c34c600 <unknown>\n#2 0x55956c39bbcb <unknown>\n#3 0x55956c39beb1 <unknown>\n#4 0x55956c3dfb24 <unknown>\n#5 0x55956c3be8cd <unknown>\n#6 0x55956c3dd04a <unknown>\n#7 0x55956c3be643 <unknown>\n#8 0x55956c38ed31 <unknown>\n#9 0x55956c38f79e <unknown>\n#10 0x55956c64323b <unknown>\n#11 0x55956c6471d2 <unknown>\n#12 0x55956c6305f5 <unknown>\n#13 0x55956c647d62 <unknown>\n#14 0x55956c61523f <unknown>\n#15 0x55956c66ae48 <unknown>\n#16 0x55956c66b020 <unknown>\n#17 0x55956c67a47c <unknown>\n#18 0x7f7998494ac3 <unknown>",
  "statusTrace" : "self = <tests_ui.test_ui.TestProfilePage object at 0x7f21c36af9e0>\ndriver = <selenium.webdriver.chrome.webdriver.WebDriver (session=\"448976f51823449c8744e278a6372847\")>\nauthorization_user = None\n\n    @allure.title('test_clipboard_jdbc')\n    def test_clipboard_jdbc(self, driver, authorization_user):\n        page = ProfilePage(driver, authorization_user)\n        page.click_button_databases()\n>       page.check_clipboard_jdbc(token=TestProfilePage.token)\n\ntests_ui/test_ui.py:93: \n_ _ _ _ _ _ _ _ _ _ _ _ _ _ _ _ _ _ _ _ _ _ _ _ _ _ _ _ _ _ _ _ _ _ _ _ _ _ _ _ \ntests_ui/profile_page.py:117: in check_clipboard_jdbc\n    button = self.element_is_visible((By.XPATH, '//tbody[@id=\"tbody_dbs\"] /tr[1]/td[7] /button'))\ntests_ui/base_page.py:32: in element_is_visible\n    self.go_to_element(self.element_is_present(locator))\ntests_ui/base_page.py:45: in element_is_present\n    return Wait(self.driver, self.timeout).until(\n_ _ _ _ _ _ _ _ _ _ _ _ _ _ _ _ _ _ _ _ _ _ _ _ _ _ _ _ _ _ _ _ _ _ _ _ _ _ _ _ \n\nself = <selenium.webdriver.support.wait.WebDriverWait (session=\"448976f51823449c8744e278a6372847\")>\nmethod = <function presence_of_element_located.<locals>._predicate at 0x7f21c3532700>\nmessage = 'Can\\'t find element by locator (\\'xpath\\', \\'//tbody[@id=\"tbody_dbs\"] /tr[1]/td[7] /button\\')'\n\n    def until(self, method: Callable[[D], Union[Literal[False], T]], message: str = \"\") -> T:\n        \"\"\"Calls the method provided with the driver as an argument until the \\\n        return value does not evaluate to ``False``.\n    \n        :param method: callable(WebDriver)\n        :param message: optional message for :exc:`TimeoutException`\n        :returns: the result of the last call to `method`\n        :raises: :exc:`selenium.common.exceptions.TimeoutException` if timeout occurs\n        \"\"\"\n        screen = None\n        stacktrace = None\n    \n        end_time = time.monotonic() + self._timeout\n        while True:\n            try:\n                value = method(self._driver)\n                if value:\n                    return value\n            except self._ignored_exceptions as exc:\n                screen = getattr(exc, \"screen\", None)\n                stacktrace = getattr(exc, \"stacktrace\", None)\n            time.sleep(self._poll)\n            if time.monotonic() > end_time:\n                break\n>       raise TimeoutException(message, screen, stacktrace)\nE       selenium.common.exceptions.TimeoutException: Message: Can't find element by locator ('xpath', '//tbody[@id=\"tbody_dbs\"] /tr[1]/td[7] /button')\nE       Stacktrace:\nE       #0 0x55956c67b6aa <unknown>\nE       #1 0x55956c34c600 <unknown>\nE       #2 0x55956c39bbcb <unknown>\nE       #3 0x55956c39beb1 <unknown>\nE       #4 0x55956c3dfb24 <unknown>\nE       #5 0x55956c3be8cd <unknown>\nE       #6 0x55956c3dd04a <unknown>\nE       #7 0x55956c3be643 <unknown>\nE       #8 0x55956c38ed31 <unknown>\nE       #9 0x55956c38f79e <unknown>\nE       #10 0x55956c64323b <unknown>\nE       #11 0x55956c6471d2 <unknown>\nE       #12 0x55956c6305f5 <unknown>\nE       #13 0x55956c647d62 <unknown>\nE       #14 0x55956c61523f <unknown>\nE       #15 0x55956c66ae48 <unknown>\nE       #16 0x55956c66b020 <unknown>\nE       #17 0x55956c67a47c <unknown>\nE       #18 0x7f7998494ac3 <unknown>\n\n/opt/hostedtoolcache/Python/3.12.4/x64/lib/python3.12/site-packages/selenium/webdriver/support/wait.py:105: TimeoutException",
  "flaky" : false,
  "newFailed" : false,
  "beforeStages" : [ {
    "name" : "driver",
    "time" : {
      "start" : 1723696366338,
      "stop" : 1723696366538,
      "duration" : 200
    },
    "status" : "passed",
    "steps" : [ ],
    "attachments" : [ ],
    "parameters" : [ ],
    "stepsCount" : 0,
    "attachmentsCount" : 0,
    "shouldDisplayMessage" : false,
    "hasContent" : false
  }, {
    "name" : "authorization_user",
    "time" : {
      "start" : 1723696366538,
      "stop" : 1723696367002,
      "duration" : 464
    },
    "status" : "passed",
    "steps" : [ {
      "name" : "Open page: https://oblache.areso.pro/register.html",
      "time" : {
        "start" : 1723696366539,
        "stop" : 1723696366841,
        "duration" : 302
      },
      "status" : "passed",
      "steps" : [ ],
      "attachments" : [ ],
      "parameters" : [ ],
      "stepsCount" : 0,
      "attachmentsCount" : 0,
      "shouldDisplayMessage" : false,
      "hasContent" : false
    }, {
      "name" : "login_user",
      "time" : {
        "start" : 1723696366841,
        "stop" : 1723696367002,
        "duration" : 161
      },
      "status" : "passed",
      "steps" : [ {
        "name" : "Enter email.",
        "time" : {
          "start" : 1723696366841,
          "stop" : 1723696366893,
          "duration" : 52
        },
        "status" : "passed",
        "steps" : [ ],
        "attachments" : [ ],
        "parameters" : [ ],
        "stepsCount" : 0,
        "attachmentsCount" : 0,
        "shouldDisplayMessage" : false,
        "hasContent" : false
      }, {
        "name" : "Enter password.",
        "time" : {
          "start" : 1723696366893,
          "stop" : 1723696366933,
          "duration" : 40
        },
        "status" : "passed",
        "steps" : [ ],
        "attachments" : [ ],
        "parameters" : [ ],
        "stepsCount" : 0,
        "attachmentsCount" : 0,
        "shouldDisplayMessage" : false,
        "hasContent" : false
      }, {
        "name" : "Click button \"Login\"",
        "time" : {
          "start" : 1723696366934,
          "stop" : 1723696367000,
          "duration" : 66
        },
        "status" : "passed",
        "steps" : [ {
          "name" : "element_is_present_and_clickable",
          "time" : {
            "start" : 1723696366934,
            "stop" : 1723696366969,
            "duration" : 35
          },
          "status" : "passed",
          "steps" : [ ],
          "attachments" : [ ],
          "parameters" : [ {
            "name" : "locator",
            "value" : "('xpath', '//input[@id=\"inp_regform_login_submit\"]')"
          } ],
          "stepsCount" : 0,
          "attachmentsCount" : 0,
          "shouldDisplayMessage" : false,
          "hasContent" : true
        } ],
        "attachments" : [ ],
        "parameters" : [ ],
        "stepsCount" : 1,
        "attachmentsCount" : 0,
        "shouldDisplayMessage" : false,
        "hasContent" : true
      }, {
        "name" : "Check url is present: https://oblache.areso.pro/register.html",
        "time" : {
          "start" : 1723696367000,
          "stop" : 1723696367002,
          "duration" : 2
        },
        "status" : "passed",
        "steps" : [ ],
        "attachments" : [ ],
        "parameters" : [ ],
        "stepsCount" : 0,
        "attachmentsCount" : 0,
        "shouldDisplayMessage" : false,
        "hasContent" : false
      } ],
      "attachments" : [ ],
      "parameters" : [ ],
      "stepsCount" : 5,
      "attachmentsCount" : 0,
      "shouldDisplayMessage" : false,
      "hasContent" : true
    } ],
    "attachments" : [ ],
    "parameters" : [ ],
    "stepsCount" : 7,
    "attachmentsCount" : 0,
    "shouldDisplayMessage" : false,
    "hasContent" : true
  } ],
  "testStage" : {
    "status" : "broken",
    "statusMessage" : "selenium.common.exceptions.TimeoutException: Message: Can't find element by locator ('xpath', '//tbody[@id=\"tbody_dbs\"] /tr[1]/td[7] /button')\nStacktrace:\n#0 0x55956c67b6aa <unknown>\n#1 0x55956c34c600 <unknown>\n#2 0x55956c39bbcb <unknown>\n#3 0x55956c39beb1 <unknown>\n#4 0x55956c3dfb24 <unknown>\n#5 0x55956c3be8cd <unknown>\n#6 0x55956c3dd04a <unknown>\n#7 0x55956c3be643 <unknown>\n#8 0x55956c38ed31 <unknown>\n#9 0x55956c38f79e <unknown>\n#10 0x55956c64323b <unknown>\n#11 0x55956c6471d2 <unknown>\n#12 0x55956c6305f5 <unknown>\n#13 0x55956c647d62 <unknown>\n#14 0x55956c61523f <unknown>\n#15 0x55956c66ae48 <unknown>\n#16 0x55956c66b020 <unknown>\n#17 0x55956c67a47c <unknown>\n#18 0x7f7998494ac3 <unknown>",
    "statusTrace" : "self = <tests_ui.test_ui.TestProfilePage object at 0x7f21c36af9e0>\ndriver = <selenium.webdriver.chrome.webdriver.WebDriver (session=\"448976f51823449c8744e278a6372847\")>\nauthorization_user = None\n\n    @allure.title('test_clipboard_jdbc')\n    def test_clipboard_jdbc(self, driver, authorization_user):\n        page = ProfilePage(driver, authorization_user)\n        page.click_button_databases()\n>       page.check_clipboard_jdbc(token=TestProfilePage.token)\n\ntests_ui/test_ui.py:93: \n_ _ _ _ _ _ _ _ _ _ _ _ _ _ _ _ _ _ _ _ _ _ _ _ _ _ _ _ _ _ _ _ _ _ _ _ _ _ _ _ \ntests_ui/profile_page.py:117: in check_clipboard_jdbc\n    button = self.element_is_visible((By.XPATH, '//tbody[@id=\"tbody_dbs\"] /tr[1]/td[7] /button'))\ntests_ui/base_page.py:32: in element_is_visible\n    self.go_to_element(self.element_is_present(locator))\ntests_ui/base_page.py:45: in element_is_present\n    return Wait(self.driver, self.timeout).until(\n_ _ _ _ _ _ _ _ _ _ _ _ _ _ _ _ _ _ _ _ _ _ _ _ _ _ _ _ _ _ _ _ _ _ _ _ _ _ _ _ \n\nself = <selenium.webdriver.support.wait.WebDriverWait (session=\"448976f51823449c8744e278a6372847\")>\nmethod = <function presence_of_element_located.<locals>._predicate at 0x7f21c3532700>\nmessage = 'Can\\'t find element by locator (\\'xpath\\', \\'//tbody[@id=\"tbody_dbs\"] /tr[1]/td[7] /button\\')'\n\n    def until(self, method: Callable[[D], Union[Literal[False], T]], message: str = \"\") -> T:\n        \"\"\"Calls the method provided with the driver as an argument until the \\\n        return value does not evaluate to ``False``.\n    \n        :param method: callable(WebDriver)\n        :param message: optional message for :exc:`TimeoutException`\n        :returns: the result of the last call to `method`\n        :raises: :exc:`selenium.common.exceptions.TimeoutException` if timeout occurs\n        \"\"\"\n        screen = None\n        stacktrace = None\n    \n        end_time = time.monotonic() + self._timeout\n        while True:\n            try:\n                value = method(self._driver)\n                if value:\n                    return value\n            except self._ignored_exceptions as exc:\n                screen = getattr(exc, \"screen\", None)\n                stacktrace = getattr(exc, \"stacktrace\", None)\n            time.sleep(self._poll)\n            if time.monotonic() > end_time:\n                break\n>       raise TimeoutException(message, screen, stacktrace)\nE       selenium.common.exceptions.TimeoutException: Message: Can't find element by locator ('xpath', '//tbody[@id=\"tbody_dbs\"] /tr[1]/td[7] /button')\nE       Stacktrace:\nE       #0 0x55956c67b6aa <unknown>\nE       #1 0x55956c34c600 <unknown>\nE       #2 0x55956c39bbcb <unknown>\nE       #3 0x55956c39beb1 <unknown>\nE       #4 0x55956c3dfb24 <unknown>\nE       #5 0x55956c3be8cd <unknown>\nE       #6 0x55956c3dd04a <unknown>\nE       #7 0x55956c3be643 <unknown>\nE       #8 0x55956c38ed31 <unknown>\nE       #9 0x55956c38f79e <unknown>\nE       #10 0x55956c64323b <unknown>\nE       #11 0x55956c6471d2 <unknown>\nE       #12 0x55956c6305f5 <unknown>\nE       #13 0x55956c647d62 <unknown>\nE       #14 0x55956c61523f <unknown>\nE       #15 0x55956c66ae48 <unknown>\nE       #16 0x55956c66b020 <unknown>\nE       #17 0x55956c67a47c <unknown>\nE       #18 0x7f7998494ac3 <unknown>\n\n/opt/hostedtoolcache/Python/3.12.4/x64/lib/python3.12/site-packages/selenium/webdriver/support/wait.py:105: TimeoutException",
    "steps" : [ {
      "name" : "Click \"Databases\" button.",
      "time" : {
        "start" : 1723696367003,
        "stop" : 1723696367915,
        "duration" : 912
      },
      "status" : "passed",
      "steps" : [ {
        "name" : "element_is_present_and_clickable",
        "time" : {
          "start" : 1723696367003,
          "stop" : 1723696367892,
          "duration" : 889
        },
        "status" : "passed",
        "steps" : [ ],
        "attachments" : [ ],
        "parameters" : [ {
          "name" : "locator",
          "value" : "('xpath', '//button[@id = \"menu_button_databases\"]')"
        } ],
        "stepsCount" : 0,
        "attachmentsCount" : 0,
        "shouldDisplayMessage" : false,
        "hasContent" : true
      } ],
      "attachments" : [ ],
      "parameters" : [ ],
      "stepsCount" : 1,
      "attachmentsCount" : 0,
      "shouldDisplayMessage" : false,
      "hasContent" : true
    }, {
      "name" : "check_clipboard_jdbc",
      "time" : {
        "start" : 1723696367915,
        "stop" : 1723696373617,
        "duration" : 5702
      },
      "status" : "broken",
      "statusMessage" : "selenium.common.exceptions.TimeoutException: Message: Can't find element by locator ('xpath', '//tbody[@id=\"tbody_dbs\"] /tr[1]/td[7] /button')\nStacktrace:\n#0 0x55956c67b6aa <unknown>\n#1 0x55956c34c600 <unknown>\n#2 0x55956c39bbcb <unknown>\n#3 0x55956c39beb1 <unknown>\n#4 0x55956c3dfb24 <unknown>\n#5 0x55956c3be8cd <unknown>\n#6 0x55956c3dd04a <unknown>\n#7 0x55956c3be643 <unknown>\n#8 0x55956c38ed31 <unknown>\n#9 0x55956c38f79e <unknown>\n#10 0x55956c64323b <unknown>\n#11 0x55956c6471d2 <unknown>\n#12 0x55956c6305f5 <unknown>\n#13 0x55956c647d62 <unknown>\n#14 0x55956c61523f <unknown>\n#15 0x55956c66ae48 <unknown>\n#16 0x55956c66b020 <unknown>\n#17 0x55956c67a47c <unknown>\n#18 0x7f7998494ac3 <unknown>\n\n",
      "statusTrace" : "  File \"/opt/hostedtoolcache/Python/3.12.4/x64/lib/python3.12/site-packages/allure_commons/_allure.py\", line 192, in impl\n    return func(*a, **kw)\n           ^^^^^^^^^^^^^^\n  File \"/home/runner/work/Oblache/Oblache/tests_ui/profile_page.py\", line 117, in check_clipboard_jdbc\n    button = self.element_is_visible((By.XPATH, '//tbody[@id=\"tbody_dbs\"] /tr[1]/td[7] /button'))\n             ^^^^^^^^^^^^^^^^^^^^^^^^^^^^^^^^^^^^^^^^^^^^^^^^^^^^^^^^^^^^^^^^^^^^^^^^^^^^^^^^^^^^\n  File \"/home/runner/work/Oblache/Oblache/tests_ui/base_page.py\", line 32, in element_is_visible\n    self.go_to_element(self.element_is_present(locator))\n                       ^^^^^^^^^^^^^^^^^^^^^^^^^^^^^^^^\n  File \"/home/runner/work/Oblache/Oblache/tests_ui/base_page.py\", line 45, in element_is_present\n    return Wait(self.driver, self.timeout).until(\n           ^^^^^^^^^^^^^^^^^^^^^^^^^^^^^^^^^^^^^^\n  File \"/opt/hostedtoolcache/Python/3.12.4/x64/lib/python3.12/site-packages/selenium/webdriver/support/wait.py\", line 105, in until\n    raise TimeoutException(message, screen, stacktrace)\n",
      "steps" : [ ],
      "attachments" : [ ],
      "parameters" : [ {
        "name" : "token",
        "value" : "'f5374c0a-a9f1-4991-a703-31aa46d3c940'"
      } ],
      "stepsCount" : 0,
      "attachmentsCount" : 0,
      "shouldDisplayMessage" : true,
      "hasContent" : true
    } ],
    "attachments" : [ ],
    "parameters" : [ ],
    "stepsCount" : 3,
    "attachmentsCount" : 0,
    "shouldDisplayMessage" : true,
    "hasContent" : true
  },
  "afterStages" : [ {
    "name" : "driver::0",
    "time" : {
      "start" : 1723696373631,
      "stop" : 1723696373786,
      "duration" : 155
    },
    "status" : "passed",
    "steps" : [ ],
    "attachments" : [ {
      "uid" : "719d1ee6be8d6288",
      "name" : "Screenshot 2024-08-15 04:32:53.725809",
      "source" : "719d1ee6be8d6288.png",
      "type" : "image/png",
      "size" : 81543
    } ],
    "parameters" : [ ],
    "stepsCount" : 0,
    "attachmentsCount" : 1,
    "shouldDisplayMessage" : false,
    "hasContent" : true
  } ],
  "labels" : [ {
    "name" : "suite",
    "value" : "Test Profile Page."
  }, {
    "name" : "parentSuite",
    "value" : "tests_ui"
  }, {
    "name" : "subSuite",
    "value" : "TestProfilePage"
  }, {
    "name" : "host",
    "value" : "fv-az1391-344"
  }, {
    "name" : "thread",
    "value" : "2396-MainThread"
  }, {
    "name" : "framework",
    "value" : "pytest"
  }, {
    "name" : "language",
    "value" : "cpython3"
  }, {
    "name" : "package",
    "value" : "tests_ui.test_ui"
  }, {
    "name" : "resultFormat",
    "value" : "allure2"
  } ],
  "parameters" : [ ],
  "links" : [ ],
  "hidden" : false,
  "retry" : false,
  "extra" : {
    "severity" : "normal",
    "retries" : [ ],
    "categories" : [ {
      "name" : "Test defects",
      "matchedStatuses" : [ ],
      "flaky" : false
    } ],
    "history" : {
      "statistic" : {
        "failed" : 0,
        "broken" : 2,
        "skipped" : 0,
        "passed" : 0,
        "unknown" : 0,
        "total" : 2
      },
      "items" : [ {
        "uid" : "3241635415f6a187",
        "reportUrl" : "https://Areso.github.io/Oblache/127//#testresult/3241635415f6a187",
        "status" : "broken",
        "statusDetails" : "selenium.common.exceptions.TimeoutException: Message: Can't find element by locator ('xpath', '//button[@id = \"menu_button_databases\"]')\nStacktrace:\n#0 0x558bed19d6aa <unknown>\n#1 0x558bece6e600 <unknown>\n#2 0x558becebdbcb <unknown>\n#3 0x558becebdeb1 <unknown>\n#4 0x558becf01b24 <unknown>\n#5 0x558becee08cd <unknown>\n#6 0x558beceff04a <unknown>\n#7 0x558becee0643 <unknown>\n#8 0x558beceb0d31 <unknown>\n#9 0x558beceb179e <unknown>\n#10 0x558bed16523b <unknown>\n#11 0x558bed1691d2 <unknown>\n#12 0x558bed1525f5 <unknown>\n#13 0x558bed169d62 <unknown>\n#14 0x558bed13723f <unknown>\n#15 0x558bed18ce48 <unknown>\n#16 0x558bed18d020 <unknown>\n#17 0x558bed19c47c <unknown>\n#18 0x7fc606494ac3 <unknown>",
        "time" : {
          "start" : 1723670755247,
          "stop" : 1723670760379,
          "duration" : 5132
        }
      } ]
    },
    "tags" : [ ]
  },
  "source" : "6c851565201dd366.json",
  "parameterValues" : [ ]
}