{
  "uid" : "8dec1e1f761c194",
  "name" : "test_clipboard",
  "fullName" : "tests_ui.test_ui.TestProfilePage#test_clipboard_uuid_db",
  "historyId" : "b32cefb1d87a8aa3bb37280cb980702f",
  "time" : {
    "start" : 1723670747534,
    "stop" : 1723670754409,
    "duration" : 6875
  },
  "status" : "broken",
  "statusMessage" : "selenium.common.exceptions.TimeoutException: Message: Can't find elements by locator ('xpath', '//tbody[@id=\"tbody_dbs\"]//tr')",
  "statusTrace" : "self = <tests_ui.test_ui.TestProfilePage object at 0x7f64a5167e00>\ndriver = <selenium.webdriver.chrome.webdriver.WebDriver (session=\"d9b33027cddb0febf85d8b698aba5696\")>\nauthorization_user = None\n\n    @allure.title('test_clipboard')\n    def test_clipboard_uuid_db(self, driver, authorization_user):\n        page = ProfilePage(driver, authorization_user)\n        page.click_button_databases()\n>       page.check_clipboard(\n            table_xpath='//tbody[@id=\"tbody_dbs\"]',\n            token=TestProfilePage.token)\n\ntests_ui/test_ui.py:85: \n_ _ _ _ _ _ _ _ _ _ _ _ _ _ _ _ _ _ _ _ _ _ _ _ _ _ _ _ _ _ _ _ _ _ _ _ _ _ _ _ \ntests_ui/profile_page.py:89: in check_clipboard\n    databases_list = self.elements_are_present((By.XPATH, f'{table_xpath}//tr'))\ntests_ui/base_page.py:49: in elements_are_present\n    return Wait(self.driver, self.timeout).until(\n_ _ _ _ _ _ _ _ _ _ _ _ _ _ _ _ _ _ _ _ _ _ _ _ _ _ _ _ _ _ _ _ _ _ _ _ _ _ _ _ \n\nself = <selenium.webdriver.support.wait.WebDriverWait (session=\"d9b33027cddb0febf85d8b698aba5696\")>\nmethod = <function presence_of_all_elements_located.<locals>._predicate at 0x7f64a3dbcfe0>\nmessage = 'Can\\'t find elements by locator (\\'xpath\\', \\'//tbody[@id=\"tbody_dbs\"]//tr\\')'\n\n    def until(self, method: Callable[[D], Union[Literal[False], T]], message: str = \"\") -> T:\n        \"\"\"Calls the method provided with the driver as an argument until the \\\n        return value does not evaluate to ``False``.\n    \n        :param method: callable(WebDriver)\n        :param message: optional message for :exc:`TimeoutException`\n        :returns: the result of the last call to `method`\n        :raises: :exc:`selenium.common.exceptions.TimeoutException` if timeout occurs\n        \"\"\"\n        screen = None\n        stacktrace = None\n    \n        end_time = time.monotonic() + self._timeout\n        while True:\n            try:\n                value = method(self._driver)\n                if value:\n                    return value\n            except self._ignored_exceptions as exc:\n                screen = getattr(exc, \"screen\", None)\n                stacktrace = getattr(exc, \"stacktrace\", None)\n            time.sleep(self._poll)\n            if time.monotonic() > end_time:\n                break\n>       raise TimeoutException(message, screen, stacktrace)\nE       selenium.common.exceptions.TimeoutException: Message: Can't find elements by locator ('xpath', '//tbody[@id=\"tbody_dbs\"]//tr')\n\n/opt/hostedtoolcache/Python/3.12.4/x64/lib/python3.12/site-packages/selenium/webdriver/support/wait.py:105: TimeoutException",
  "flaky" : false,
  "newFailed" : false,
  "beforeStages" : [ {
    "name" : "authorization_user",
    "time" : {
      "start" : 1723670747050,
      "stop" : 1723670747533,
      "duration" : 483
    },
    "status" : "passed",
    "steps" : [ {
      "name" : "Open page: https://oblache.areso.pro/register.html",
      "time" : {
        "start" : 1723670747050,
        "stop" : 1723670747361,
        "duration" : 311
      },
      "status" : "passed",
      "steps" : [ ],
      "attachments" : [ ],
      "parameters" : [ ],
      "stepsCount" : 0,
      "attachmentsCount" : 0,
      "shouldDisplayMessage" : false,
      "hasContent" : false
    }, {
      "name" : "login_user",
      "time" : {
        "start" : 1723670747361,
        "stop" : 1723670747533,
        "duration" : 172
      },
      "status" : "passed",
      "steps" : [ {
        "name" : "Enter email.",
        "time" : {
          "start" : 1723670747361,
          "stop" : 1723670747416,
          "duration" : 55
        },
        "status" : "passed",
        "steps" : [ ],
        "attachments" : [ ],
        "parameters" : [ ],
        "stepsCount" : 0,
        "attachmentsCount" : 0,
        "shouldDisplayMessage" : false,
        "hasContent" : false
      }, {
        "name" : "Enter password.",
        "time" : {
          "start" : 1723670747416,
          "stop" : 1723670747460,
          "duration" : 44
        },
        "status" : "passed",
        "steps" : [ ],
        "attachments" : [ ],
        "parameters" : [ ],
        "stepsCount" : 0,
        "attachmentsCount" : 0,
        "shouldDisplayMessage" : false,
        "hasContent" : false
      }, {
        "name" : "Click button \"Login\"",
        "time" : {
          "start" : 1723670747460,
          "stop" : 1723670747530,
          "duration" : 70
        },
        "status" : "passed",
        "steps" : [ {
          "name" : "element_is_present_and_clickable",
          "time" : {
            "start" : 1723670747460,
            "stop" : 1723670747498,
            "duration" : 38
          },
          "status" : "passed",
          "steps" : [ ],
          "attachments" : [ ],
          "parameters" : [ {
            "name" : "locator",
            "value" : "('xpath', '//input[@id=\"inp_regform_login_submit\"]')"
          } ],
          "stepsCount" : 0,
          "attachmentsCount" : 0,
          "shouldDisplayMessage" : false,
          "hasContent" : true
        } ],
        "attachments" : [ ],
        "parameters" : [ ],
        "stepsCount" : 1,
        "attachmentsCount" : 0,
        "shouldDisplayMessage" : false,
        "hasContent" : true
      }, {
        "name" : "Check url is present: https://oblache.areso.pro/register.html",
        "time" : {
          "start" : 1723670747530,
          "stop" : 1723670747533,
          "duration" : 3
        },
        "status" : "passed",
        "steps" : [ ],
        "attachments" : [ ],
        "parameters" : [ ],
        "stepsCount" : 0,
        "attachmentsCount" : 0,
        "shouldDisplayMessage" : false,
        "hasContent" : false
      } ],
      "attachments" : [ ],
      "parameters" : [ ],
      "stepsCount" : 5,
      "attachmentsCount" : 0,
      "shouldDisplayMessage" : false,
      "hasContent" : true
    } ],
    "attachments" : [ ],
    "parameters" : [ ],
    "stepsCount" : 7,
    "attachmentsCount" : 0,
    "shouldDisplayMessage" : false,
    "hasContent" : true
  }, {
    "name" : "driver",
    "time" : {
      "start" : 1723670746843,
      "stop" : 1723670747050,
      "duration" : 207
    },
    "status" : "passed",
    "steps" : [ ],
    "attachments" : [ ],
    "parameters" : [ ],
    "stepsCount" : 0,
    "attachmentsCount" : 0,
    "shouldDisplayMessage" : false,
    "hasContent" : false
  } ],
  "testStage" : {
    "status" : "broken",
    "statusMessage" : "selenium.common.exceptions.TimeoutException: Message: Can't find elements by locator ('xpath', '//tbody[@id=\"tbody_dbs\"]//tr')",
    "statusTrace" : "self = <tests_ui.test_ui.TestProfilePage object at 0x7f64a5167e00>\ndriver = <selenium.webdriver.chrome.webdriver.WebDriver (session=\"d9b33027cddb0febf85d8b698aba5696\")>\nauthorization_user = None\n\n    @allure.title('test_clipboard')\n    def test_clipboard_uuid_db(self, driver, authorization_user):\n        page = ProfilePage(driver, authorization_user)\n        page.click_button_databases()\n>       page.check_clipboard(\n            table_xpath='//tbody[@id=\"tbody_dbs\"]',\n            token=TestProfilePage.token)\n\ntests_ui/test_ui.py:85: \n_ _ _ _ _ _ _ _ _ _ _ _ _ _ _ _ _ _ _ _ _ _ _ _ _ _ _ _ _ _ _ _ _ _ _ _ _ _ _ _ \ntests_ui/profile_page.py:89: in check_clipboard\n    databases_list = self.elements_are_present((By.XPATH, f'{table_xpath}//tr'))\ntests_ui/base_page.py:49: in elements_are_present\n    return Wait(self.driver, self.timeout).until(\n_ _ _ _ _ _ _ _ _ _ _ _ _ _ _ _ _ _ _ _ _ _ _ _ _ _ _ _ _ _ _ _ _ _ _ _ _ _ _ _ \n\nself = <selenium.webdriver.support.wait.WebDriverWait (session=\"d9b33027cddb0febf85d8b698aba5696\")>\nmethod = <function presence_of_all_elements_located.<locals>._predicate at 0x7f64a3dbcfe0>\nmessage = 'Can\\'t find elements by locator (\\'xpath\\', \\'//tbody[@id=\"tbody_dbs\"]//tr\\')'\n\n    def until(self, method: Callable[[D], Union[Literal[False], T]], message: str = \"\") -> T:\n        \"\"\"Calls the method provided with the driver as an argument until the \\\n        return value does not evaluate to ``False``.\n    \n        :param method: callable(WebDriver)\n        :param message: optional message for :exc:`TimeoutException`\n        :returns: the result of the last call to `method`\n        :raises: :exc:`selenium.common.exceptions.TimeoutException` if timeout occurs\n        \"\"\"\n        screen = None\n        stacktrace = None\n    \n        end_time = time.monotonic() + self._timeout\n        while True:\n            try:\n                value = method(self._driver)\n                if value:\n                    return value\n            except self._ignored_exceptions as exc:\n                screen = getattr(exc, \"screen\", None)\n                stacktrace = getattr(exc, \"stacktrace\", None)\n            time.sleep(self._poll)\n            if time.monotonic() > end_time:\n                break\n>       raise TimeoutException(message, screen, stacktrace)\nE       selenium.common.exceptions.TimeoutException: Message: Can't find elements by locator ('xpath', '//tbody[@id=\"tbody_dbs\"]//tr')\n\n/opt/hostedtoolcache/Python/3.12.4/x64/lib/python3.12/site-packages/selenium/webdriver/support/wait.py:105: TimeoutException",
    "steps" : [ {
      "name" : "Click \"Databases\" button.",
      "time" : {
        "start" : 1723670747534,
        "stop" : 1723670749348,
        "duration" : 1814
      },
      "status" : "passed",
      "steps" : [ {
        "name" : "element_is_present_and_clickable",
        "time" : {
          "start" : 1723670747534,
          "stop" : 1723670749324,
          "duration" : 1790
        },
        "status" : "passed",
        "steps" : [ ],
        "attachments" : [ ],
        "parameters" : [ {
          "name" : "locator",
          "value" : "('xpath', '//button[@id = \"menu_button_databases\"]')"
        } ],
        "stepsCount" : 0,
        "attachmentsCount" : 0,
        "shouldDisplayMessage" : false,
        "hasContent" : true
      } ],
      "attachments" : [ ],
      "parameters" : [ ],
      "stepsCount" : 1,
      "attachmentsCount" : 0,
      "shouldDisplayMessage" : false,
      "hasContent" : true
    }, {
      "name" : "check_clipboard",
      "time" : {
        "start" : 1723670749348,
        "stop" : 1723670754409,
        "duration" : 5061
      },
      "status" : "broken",
      "statusMessage" : "selenium.common.exceptions.TimeoutException: Message: Can't find elements by locator ('xpath', '//tbody[@id=\"tbody_dbs\"]//tr')\n\n",
      "statusTrace" : "  File \"/opt/hostedtoolcache/Python/3.12.4/x64/lib/python3.12/site-packages/allure_commons/_allure.py\", line 192, in impl\n    return func(*a, **kw)\n           ^^^^^^^^^^^^^^\n  File \"/home/runner/work/Oblache/Oblache/tests_ui/profile_page.py\", line 89, in check_clipboard\n    databases_list = self.elements_are_present((By.XPATH, f'{table_xpath}//tr'))\n                     ^^^^^^^^^^^^^^^^^^^^^^^^^^^^^^^^^^^^^^^^^^^^^^^^^^^^^^^^^^^\n  File \"/home/runner/work/Oblache/Oblache/tests_ui/base_page.py\", line 49, in elements_are_present\n    return Wait(self.driver, self.timeout).until(\n           ^^^^^^^^^^^^^^^^^^^^^^^^^^^^^^^^^^^^^^\n  File \"/opt/hostedtoolcache/Python/3.12.4/x64/lib/python3.12/site-packages/selenium/webdriver/support/wait.py\", line 105, in until\n    raise TimeoutException(message, screen, stacktrace)\n",
      "steps" : [ ],
      "attachments" : [ ],
      "parameters" : [ {
        "name" : "table_xpath",
        "value" : "'//tbody[@id=\"tbody_dbs\"]'"
      }, {
        "name" : "token",
        "value" : "None"
      } ],
      "stepsCount" : 0,
      "attachmentsCount" : 0,
      "shouldDisplayMessage" : true,
      "hasContent" : true
    } ],
    "attachments" : [ ],
    "parameters" : [ ],
    "stepsCount" : 3,
    "attachmentsCount" : 0,
    "shouldDisplayMessage" : true,
    "hasContent" : true
  },
  "afterStages" : [ {
    "name" : "driver::0",
    "time" : {
      "start" : 1723670754423,
      "stop" : 1723670754574,
      "duration" : 151
    },
    "status" : "passed",
    "steps" : [ ],
    "attachments" : [ {
      "uid" : "e26537729f2848ac",
      "name" : "Screenshot 2024-08-14 21:25:54.513584",
      "source" : "e26537729f2848ac.png",
      "type" : "image/png",
      "size" : 29143
    } ],
    "parameters" : [ ],
    "stepsCount" : 0,
    "attachmentsCount" : 1,
    "shouldDisplayMessage" : false,
    "hasContent" : true
  } ],
  "labels" : [ {
    "name" : "suite",
    "value" : "Test Profile Page."
  }, {
    "name" : "parentSuite",
    "value" : "tests_ui"
  }, {
    "name" : "subSuite",
    "value" : "TestProfilePage"
  }, {
    "name" : "host",
    "value" : "fv-az1153-613"
  }, {
    "name" : "thread",
    "value" : "2300-MainThread"
  }, {
    "name" : "framework",
    "value" : "pytest"
  }, {
    "name" : "language",
    "value" : "cpython3"
  }, {
    "name" : "package",
    "value" : "tests_ui.test_ui"
  }, {
    "name" : "resultFormat",
    "value" : "allure2"
  } ],
  "parameters" : [ ],
  "links" : [ ],
  "hidden" : false,
  "retry" : false,
  "extra" : {
    "severity" : "normal",
    "retries" : [ ],
    "categories" : [ {
      "name" : "Test defects",
      "matchedStatuses" : [ ],
      "flaky" : false
    } ],
    "tags" : [ ]
  },
  "source" : "8dec1e1f761c194.json",
  "parameterValues" : [ ]
}