{
  "uid" : "deb8eea357576831",
  "name" : "test_create_database",
  "fullName" : "tests_ui.test_ui.TestProfilePage#test_create_database",
  "historyId" : "4762f7b87391625d86f9ea8dbdd3b406",
  "time" : {
    "start" : 1723696351609,
    "stop" : 1723696359410,
    "duration" : 7801
  },
  "status" : "broken",
  "statusMessage" : "selenium.common.exceptions.TimeoutException: Message: Can't find element by locator ('xpath', '//div[@id=\"msg_from_server\"]')",
  "statusTrace" : "self = <tests_ui.test_ui.TestProfilePage object at 0x7f21c36af5c0>\ndriver = <selenium.webdriver.chrome.webdriver.WebDriver (session=\"e9298eb2dfcc6c6cf5db8239d1fbb307\")>\nauthorization_user = None\n\n    @allure.title('test_create_database')\n    def test_create_database(self, driver, authorization_user):\n        page = ProfilePage(driver, authorization_user)\n>       page.compare_database_status()\n\ntests_ui/test_ui.py:69: \n_ _ _ _ _ _ _ _ _ _ _ _ _ _ _ _ _ _ _ _ _ _ _ _ _ _ _ _ _ _ _ _ _ _ _ _ _ _ _ _ \ntests_ui/profile_page.py:144: in compare_database_status\n    msg = self.element_is_visible(self.locators.MSG_FROM_SERVER).text\ntests_ui/base_page.py:33: in element_is_visible\n    return Wait(self.driver, self.timeout).until(\n_ _ _ _ _ _ _ _ _ _ _ _ _ _ _ _ _ _ _ _ _ _ _ _ _ _ _ _ _ _ _ _ _ _ _ _ _ _ _ _ \n\nself = <selenium.webdriver.support.wait.WebDriverWait (session=\"e9298eb2dfcc6c6cf5db8239d1fbb307\")>\nmethod = <function visibility_of_element_located.<locals>._predicate at 0x7f21c3530ae0>\nmessage = 'Can\\'t find element by locator (\\'xpath\\', \\'//div[@id=\"msg_from_server\"]\\')'\n\n    def until(self, method: Callable[[D], Union[Literal[False], T]], message: str = \"\") -> T:\n        \"\"\"Calls the method provided with the driver as an argument until the \\\n        return value does not evaluate to ``False``.\n    \n        :param method: callable(WebDriver)\n        :param message: optional message for :exc:`TimeoutException`\n        :returns: the result of the last call to `method`\n        :raises: :exc:`selenium.common.exceptions.TimeoutException` if timeout occurs\n        \"\"\"\n        screen = None\n        stacktrace = None\n    \n        end_time = time.monotonic() + self._timeout\n        while True:\n            try:\n                value = method(self._driver)\n                if value:\n                    return value\n            except self._ignored_exceptions as exc:\n                screen = getattr(exc, \"screen\", None)\n                stacktrace = getattr(exc, \"stacktrace\", None)\n            time.sleep(self._poll)\n            if time.monotonic() > end_time:\n                break\n>       raise TimeoutException(message, screen, stacktrace)\nE       selenium.common.exceptions.TimeoutException: Message: Can't find element by locator ('xpath', '//div[@id=\"msg_from_server\"]')\n\n/opt/hostedtoolcache/Python/3.12.4/x64/lib/python3.12/site-packages/selenium/webdriver/support/wait.py:105: TimeoutException",
  "flaky" : false,
  "newFailed" : false,
  "beforeStages" : [ {
    "name" : "authorization_user",
    "time" : {
      "start" : 1723696351149,
      "stop" : 1723696351609,
      "duration" : 460
    },
    "status" : "passed",
    "steps" : [ {
      "name" : "Open page: https://oblache.areso.pro/register.html",
      "time" : {
        "start" : 1723696351149,
        "stop" : 1723696351449,
        "duration" : 300
      },
      "status" : "passed",
      "steps" : [ ],
      "attachments" : [ ],
      "parameters" : [ ],
      "stepsCount" : 0,
      "attachmentsCount" : 0,
      "shouldDisplayMessage" : false,
      "hasContent" : false
    }, {
      "name" : "login_user",
      "time" : {
        "start" : 1723696351449,
        "stop" : 1723696351609,
        "duration" : 160
      },
      "status" : "passed",
      "steps" : [ {
        "name" : "Enter email.",
        "time" : {
          "start" : 1723696351449,
          "stop" : 1723696351501,
          "duration" : 52
        },
        "status" : "passed",
        "steps" : [ ],
        "attachments" : [ ],
        "parameters" : [ ],
        "stepsCount" : 0,
        "attachmentsCount" : 0,
        "shouldDisplayMessage" : false,
        "hasContent" : false
      }, {
        "name" : "Enter password.",
        "time" : {
          "start" : 1723696351501,
          "stop" : 1723696351540,
          "duration" : 39
        },
        "status" : "passed",
        "steps" : [ ],
        "attachments" : [ ],
        "parameters" : [ ],
        "stepsCount" : 0,
        "attachmentsCount" : 0,
        "shouldDisplayMessage" : false,
        "hasContent" : false
      }, {
        "name" : "Click button \"Login\"",
        "time" : {
          "start" : 1723696351540,
          "stop" : 1723696351606,
          "duration" : 66
        },
        "status" : "passed",
        "steps" : [ {
          "name" : "element_is_present_and_clickable",
          "time" : {
            "start" : 1723696351541,
            "stop" : 1723696351576,
            "duration" : 35
          },
          "status" : "passed",
          "steps" : [ ],
          "attachments" : [ ],
          "parameters" : [ {
            "name" : "locator",
            "value" : "('xpath', '//input[@id=\"inp_regform_login_submit\"]')"
          } ],
          "stepsCount" : 0,
          "attachmentsCount" : 0,
          "shouldDisplayMessage" : false,
          "hasContent" : true
        } ],
        "attachments" : [ ],
        "parameters" : [ ],
        "stepsCount" : 1,
        "attachmentsCount" : 0,
        "shouldDisplayMessage" : false,
        "hasContent" : true
      }, {
        "name" : "Check url is present: https://oblache.areso.pro/register.html",
        "time" : {
          "start" : 1723696351606,
          "stop" : 1723696351609,
          "duration" : 3
        },
        "status" : "passed",
        "steps" : [ ],
        "attachments" : [ ],
        "parameters" : [ ],
        "stepsCount" : 0,
        "attachmentsCount" : 0,
        "shouldDisplayMessage" : false,
        "hasContent" : false
      } ],
      "attachments" : [ ],
      "parameters" : [ ],
      "stepsCount" : 5,
      "attachmentsCount" : 0,
      "shouldDisplayMessage" : false,
      "hasContent" : true
    } ],
    "attachments" : [ ],
    "parameters" : [ ],
    "stepsCount" : 7,
    "attachmentsCount" : 0,
    "shouldDisplayMessage" : false,
    "hasContent" : true
  }, {
    "name" : "driver",
    "time" : {
      "start" : 1723696350950,
      "stop" : 1723696351149,
      "duration" : 199
    },
    "status" : "passed",
    "steps" : [ ],
    "attachments" : [ ],
    "parameters" : [ ],
    "stepsCount" : 0,
    "attachmentsCount" : 0,
    "shouldDisplayMessage" : false,
    "hasContent" : false
  } ],
  "testStage" : {
    "status" : "broken",
    "statusMessage" : "selenium.common.exceptions.TimeoutException: Message: Can't find element by locator ('xpath', '//div[@id=\"msg_from_server\"]')",
    "statusTrace" : "self = <tests_ui.test_ui.TestProfilePage object at 0x7f21c36af5c0>\ndriver = <selenium.webdriver.chrome.webdriver.WebDriver (session=\"e9298eb2dfcc6c6cf5db8239d1fbb307\")>\nauthorization_user = None\n\n    @allure.title('test_create_database')\n    def test_create_database(self, driver, authorization_user):\n        page = ProfilePage(driver, authorization_user)\n>       page.compare_database_status()\n\ntests_ui/test_ui.py:69: \n_ _ _ _ _ _ _ _ _ _ _ _ _ _ _ _ _ _ _ _ _ _ _ _ _ _ _ _ _ _ _ _ _ _ _ _ _ _ _ _ \ntests_ui/profile_page.py:144: in compare_database_status\n    msg = self.element_is_visible(self.locators.MSG_FROM_SERVER).text\ntests_ui/base_page.py:33: in element_is_visible\n    return Wait(self.driver, self.timeout).until(\n_ _ _ _ _ _ _ _ _ _ _ _ _ _ _ _ _ _ _ _ _ _ _ _ _ _ _ _ _ _ _ _ _ _ _ _ _ _ _ _ \n\nself = <selenium.webdriver.support.wait.WebDriverWait (session=\"e9298eb2dfcc6c6cf5db8239d1fbb307\")>\nmethod = <function visibility_of_element_located.<locals>._predicate at 0x7f21c3530ae0>\nmessage = 'Can\\'t find element by locator (\\'xpath\\', \\'//div[@id=\"msg_from_server\"]\\')'\n\n    def until(self, method: Callable[[D], Union[Literal[False], T]], message: str = \"\") -> T:\n        \"\"\"Calls the method provided with the driver as an argument until the \\\n        return value does not evaluate to ``False``.\n    \n        :param method: callable(WebDriver)\n        :param message: optional message for :exc:`TimeoutException`\n        :returns: the result of the last call to `method`\n        :raises: :exc:`selenium.common.exceptions.TimeoutException` if timeout occurs\n        \"\"\"\n        screen = None\n        stacktrace = None\n    \n        end_time = time.monotonic() + self._timeout\n        while True:\n            try:\n                value = method(self._driver)\n                if value:\n                    return value\n            except self._ignored_exceptions as exc:\n                screen = getattr(exc, \"screen\", None)\n                stacktrace = getattr(exc, \"stacktrace\", None)\n            time.sleep(self._poll)\n            if time.monotonic() > end_time:\n                break\n>       raise TimeoutException(message, screen, stacktrace)\nE       selenium.common.exceptions.TimeoutException: Message: Can't find element by locator ('xpath', '//div[@id=\"msg_from_server\"]')\n\n/opt/hostedtoolcache/Python/3.12.4/x64/lib/python3.12/site-packages/selenium/webdriver/support/wait.py:105: TimeoutException",
    "steps" : [ {
      "name" : "compare_database_status",
      "time" : {
        "start" : 1723696351609,
        "stop" : 1723696359409,
        "duration" : 7800
      },
      "status" : "broken",
      "statusMessage" : "selenium.common.exceptions.TimeoutException: Message: Can't find element by locator ('xpath', '//div[@id=\"msg_from_server\"]')\n\n",
      "statusTrace" : "  File \"/opt/hostedtoolcache/Python/3.12.4/x64/lib/python3.12/site-packages/allure_commons/_allure.py\", line 192, in impl\n    return func(*a, **kw)\n           ^^^^^^^^^^^^^^\n  File \"/home/runner/work/Oblache/Oblache/tests_ui/profile_page.py\", line 144, in compare_database_status\n    msg = self.element_is_visible(self.locators.MSG_FROM_SERVER).text\n          ^^^^^^^^^^^^^^^^^^^^^^^^^^^^^^^^^^^^^^^^^^^^^^^^^^^^^^\n  File \"/home/runner/work/Oblache/Oblache/tests_ui/base_page.py\", line 33, in element_is_visible\n    return Wait(self.driver, self.timeout).until(\n           ^^^^^^^^^^^^^^^^^^^^^^^^^^^^^^^^^^^^^^\n  File \"/opt/hostedtoolcache/Python/3.12.4/x64/lib/python3.12/site-packages/selenium/webdriver/support/wait.py\", line 105, in until\n    raise TimeoutException(message, screen, stacktrace)\n",
      "steps" : [ {
        "name" : "Click button Status.",
        "time" : {
          "start" : 1723696351609,
          "stop" : 1723696352662,
          "duration" : 1053
        },
        "status" : "passed",
        "steps" : [ {
          "name" : "element_is_present_and_clickable",
          "time" : {
            "start" : 1723696352610,
            "stop" : 1723696352641,
            "duration" : 31
          },
          "status" : "passed",
          "steps" : [ ],
          "attachments" : [ ],
          "parameters" : [ {
            "name" : "locator",
            "value" : "('xpath', '//button[@id=\"menu_button_status\"]')"
          } ],
          "stepsCount" : 0,
          "attachmentsCount" : 0,
          "shouldDisplayMessage" : false,
          "hasContent" : true
        } ],
        "attachments" : [ ],
        "parameters" : [ ],
        "stepsCount" : 1,
        "attachmentsCount" : 0,
        "shouldDisplayMessage" : false,
        "hasContent" : true
      }, {
        "name" : "get_status_data",
        "time" : {
          "start" : 1723696352663,
          "stop" : 1723696352937,
          "duration" : 274
        },
        "status" : "passed",
        "steps" : [ {
          "name" : "Get status data.",
          "time" : {
            "start" : 1723696352937,
            "stop" : 1723696352937,
            "duration" : 0
          },
          "status" : "passed",
          "steps" : [ {
            "name" : "Status data is: {'Email:': 'nodata', 'is blocked?': 'nodata', 'is db creation allowed?': '0', 'disk db quota, mb': '4', 'disk db used, mb': '9', 'db qty quota': '100', 'db qty used': '8'}",
            "time" : {
              "start" : 1723696352937,
              "stop" : 1723696352937,
              "duration" : 0
            },
            "status" : "passed",
            "steps" : [ ],
            "attachments" : [ ],
            "parameters" : [ ],
            "stepsCount" : 0,
            "attachmentsCount" : 0,
            "shouldDisplayMessage" : false,
            "hasContent" : false
          } ],
          "attachments" : [ ],
          "parameters" : [ ],
          "stepsCount" : 1,
          "attachmentsCount" : 0,
          "shouldDisplayMessage" : false,
          "hasContent" : true
        } ],
        "attachments" : [ ],
        "parameters" : [ ],
        "stepsCount" : 2,
        "attachmentsCount" : 0,
        "shouldDisplayMessage" : false,
        "hasContent" : true
      }, {
        "name" : "Click \"Databases\" button.",
        "time" : {
          "start" : 1723696352937,
          "stop" : 1723696352987,
          "duration" : 50
        },
        "status" : "passed",
        "steps" : [ {
          "name" : "element_is_present_and_clickable",
          "time" : {
            "start" : 1723696352937,
            "stop" : 1723696352966,
            "duration" : 29
          },
          "status" : "passed",
          "steps" : [ ],
          "attachments" : [ ],
          "parameters" : [ {
            "name" : "locator",
            "value" : "('xpath', '//button[@id = \"menu_button_databases\"]')"
          } ],
          "stepsCount" : 0,
          "attachmentsCount" : 0,
          "shouldDisplayMessage" : false,
          "hasContent" : true
        } ],
        "attachments" : [ ],
        "parameters" : [ ],
        "stepsCount" : 1,
        "attachmentsCount" : 0,
        "shouldDisplayMessage" : false,
        "hasContent" : true
      }, {
        "name" : "click_buttons_create_new_db",
        "time" : {
          "start" : 1723696352987,
          "stop" : 1723696353040,
          "duration" : 53
        },
        "status" : "passed",
        "steps" : [ {
          "name" : "Click \"Create new DB\" button.",
          "time" : {
            "start" : 1723696352987,
            "stop" : 1723696353040,
            "duration" : 53
          },
          "status" : "passed",
          "steps" : [ {
            "name" : "element_is_present_and_clickable",
            "time" : {
              "start" : 1723696352987,
              "stop" : 1723696353017,
              "duration" : 30
            },
            "status" : "passed",
            "steps" : [ ],
            "attachments" : [ ],
            "parameters" : [ {
              "name" : "locator",
              "value" : "('xpath', '//button[@id=\"btn_new_db\"]')"
            } ],
            "stepsCount" : 0,
            "attachmentsCount" : 0,
            "shouldDisplayMessage" : false,
            "hasContent" : true
          } ],
          "attachments" : [ ],
          "parameters" : [ ],
          "stepsCount" : 1,
          "attachmentsCount" : 0,
          "shouldDisplayMessage" : false,
          "hasContent" : true
        } ],
        "attachments" : [ ],
        "parameters" : [ ],
        "stepsCount" : 2,
        "attachmentsCount" : 0,
        "shouldDisplayMessage" : false,
        "hasContent" : true
      }, {
        "name" : "Select region \"CIS\".",
        "time" : {
          "start" : 1723696353040,
          "stop" : 1723696354237,
          "duration" : 1197
        },
        "status" : "passed",
        "steps" : [ {
          "name" : "element_is_present_and_clickable",
          "time" : {
            "start" : 1723696353040,
            "stop" : 1723696353069,
            "duration" : 29
          },
          "status" : "passed",
          "steps" : [ ],
          "attachments" : [ ],
          "parameters" : [ {
            "name" : "locator",
            "value" : "('xpath', '//select[@id=\"selectDBRegion\"]')"
          } ],
          "stepsCount" : 0,
          "attachmentsCount" : 0,
          "shouldDisplayMessage" : false,
          "hasContent" : true
        }, {
          "name" : "element_is_present_and_clickable",
          "time" : {
            "start" : 1723696353165,
            "stop" : 1723696354221,
            "duration" : 1056
          },
          "status" : "passed",
          "steps" : [ ],
          "attachments" : [ ],
          "parameters" : [ {
            "name" : "locator",
            "value" : "('xpath', '//select[@id=\"selectDBRegion\"] /option[@value=\"3\"]')"
          } ],
          "stepsCount" : 0,
          "attachmentsCount" : 0,
          "shouldDisplayMessage" : false,
          "hasContent" : true
        } ],
        "attachments" : [ ],
        "parameters" : [ ],
        "stepsCount" : 2,
        "attachmentsCount" : 0,
        "shouldDisplayMessage" : false,
        "hasContent" : true
      }, {
        "name" : "click_buttons_create",
        "time" : {
          "start" : 1723696354237,
          "stop" : 1723696354278,
          "duration" : 41
        },
        "status" : "passed",
        "steps" : [ {
          "name" : "Click \"Create\" button.",
          "time" : {
            "start" : 1723696354237,
            "stop" : 1723696354278,
            "duration" : 41
          },
          "status" : "passed",
          "steps" : [ ],
          "attachments" : [ ],
          "parameters" : [ ],
          "stepsCount" : 0,
          "attachmentsCount" : 0,
          "shouldDisplayMessage" : false,
          "hasContent" : false
        } ],
        "attachments" : [ ],
        "parameters" : [ ],
        "stepsCount" : 1,
        "attachmentsCount" : 0,
        "shouldDisplayMessage" : false,
        "hasContent" : true
      } ],
      "attachments" : [ ],
      "parameters" : [ ],
      "stepsCount" : 15,
      "attachmentsCount" : 0,
      "shouldDisplayMessage" : true,
      "hasContent" : true
    } ],
    "attachments" : [ ],
    "parameters" : [ ],
    "stepsCount" : 16,
    "attachmentsCount" : 0,
    "shouldDisplayMessage" : true,
    "hasContent" : true
  },
  "afterStages" : [ {
    "name" : "driver::0",
    "time" : {
      "start" : 1723696359423,
      "stop" : 1723696359581,
      "duration" : 158
    },
    "status" : "passed",
    "steps" : [ ],
    "attachments" : [ {
      "uid" : "958f6a63f8fbaf28",
      "name" : "Screenshot 2024-08-15 04:32:39.521324",
      "source" : "958f6a63f8fbaf28.png",
      "type" : "image/png",
      "size" : 30493
    } ],
    "parameters" : [ ],
    "stepsCount" : 0,
    "attachmentsCount" : 1,
    "shouldDisplayMessage" : false,
    "hasContent" : true
  } ],
  "labels" : [ {
    "name" : "suite",
    "value" : "Test Profile Page."
  }, {
    "name" : "parentSuite",
    "value" : "tests_ui"
  }, {
    "name" : "subSuite",
    "value" : "TestProfilePage"
  }, {
    "name" : "host",
    "value" : "fv-az1391-344"
  }, {
    "name" : "thread",
    "value" : "2396-MainThread"
  }, {
    "name" : "framework",
    "value" : "pytest"
  }, {
    "name" : "language",
    "value" : "cpython3"
  }, {
    "name" : "package",
    "value" : "tests_ui.test_ui"
  }, {
    "name" : "resultFormat",
    "value" : "allure2"
  } ],
  "parameters" : [ ],
  "links" : [ ],
  "hidden" : false,
  "retry" : false,
  "extra" : {
    "severity" : "normal",
    "retries" : [ ],
    "categories" : [ {
      "name" : "Test defects",
      "matchedStatuses" : [ ],
      "flaky" : false
    } ],
    "history" : {
      "statistic" : {
        "failed" : 0,
        "broken" : 2,
        "skipped" : 0,
        "passed" : 0,
        "unknown" : 0,
        "total" : 2
      },
      "items" : [ {
        "uid" : "b74041edf802e46b",
        "reportUrl" : "https://Areso.github.io/Oblache/127//#testresult/b74041edf802e46b",
        "status" : "broken",
        "statusDetails" : "selenium.common.exceptions.TimeoutException: Message: Can't find element by locator ('xpath', '//button[@id=\"menu_button_status\"]')\nStacktrace:\n#0 0x56405ac766aa <unknown>\n#1 0x56405a947600 <unknown>\n#2 0x56405a996bcb <unknown>\n#3 0x56405a996eb1 <unknown>\n#4 0x56405a9dab24 <unknown>\n#5 0x56405a9b98cd <unknown>\n#6 0x56405a9d804a <unknown>\n#7 0x56405a9b9643 <unknown>\n#8 0x56405a989d31 <unknown>\n#9 0x56405a98a79e <unknown>\n#10 0x56405ac3e23b <unknown>\n#11 0x56405ac421d2 <unknown>\n#12 0x56405ac2b5f5 <unknown>\n#13 0x56405ac42d62 <unknown>\n#14 0x56405ac1023f <unknown>\n#15 0x56405ac65e48 <unknown>\n#16 0x56405ac66020 <unknown>\n#17 0x56405ac7547c <unknown>\n#18 0x7fee8d294ac3 <unknown>",
        "time" : {
          "start" : 1723670732044,
          "stop" : 1723670738181,
          "duration" : 6137
        }
      } ]
    },
    "tags" : [ ]
  },
  "source" : "deb8eea357576831.json",
  "parameterValues" : [ ]
}