{
  "uid" : "59181b417fd77e8a",
  "name" : "test_clipboard_uuid_docker",
  "fullName" : "tests_ui.test_ui.TestProfilePage#test_clipboard_uuid_docker",
  "historyId" : "11f91f43cfea2a231aececf29c7ed302",
  "time" : {
    "start" : 1725758993788,
    "stop" : 1725758998921,
    "duration" : 5133
  },
  "status" : "broken",
  "statusMessage" : "selenium.common.exceptions.TimeoutException: Message: Can't find element by locator ('xpath', '//button[@id=\"menu_button_containers\"]')\nStacktrace:\n#0 0x564b661b58da <unknown>\n#1 0x564b65e83e50 <unknown>\n#2 0x564b65ed3644 <unknown>\n#3 0x564b65ed3931 <unknown>\n#4 0x564b65f19534 <unknown>\n#5 0x564b65ef84bd <unknown>\n#6 0x564b65f169c6 <unknown>\n#7 0x564b65ef8233 <unknown>\n#8 0x564b65ec6093 <unknown>\n#9 0x564b65ec709e <unknown>\n#10 0x564b6617cb3b <unknown>\n#11 0x564b66180af1 <unknown>\n#12 0x564b66168705 <unknown>\n#13 0x564b66181662 <unknown>\n#14 0x564b6614d8df <unknown>\n#15 0x564b661a46d8 <unknown>\n#16 0x564b661a48a2 <unknown>\n#17 0x564b661b46cc <unknown>\n#18 0x7f4f0f694ac3 <unknown>",
  "statusTrace" : "self = <tests_ui.test_ui.TestProfilePage object at 0x7f0dd739a930>\ndriver = <selenium.webdriver.chrome.webdriver.WebDriver (session=\"7809d5a222c7b3d9dc3d2260aeab7f55\")>\nauthorization_user = None\n\n    @allure.title('test_clipboard_uuid_docker')\n    def test_clipboard_uuid_docker(self, driver, authorization_user):\n        page = ProfilePage(driver, authorization_user)\n>       page.click_button_docker_containers()\n\ntests_ui/test_ui.py:98: \n_ _ _ _ _ _ _ _ _ _ _ _ _ _ _ _ _ _ _ _ _ _ _ _ _ _ _ _ _ _ _ _ _ _ _ _ _ _ _ _ \ntests_ui/profile_page.py:42: in click_button_docker_containers\n    return self.element_is_present_and_clickable(self.locators.BUTTON_DOCKER_CONTAINER).click()\ntests_ui/base_page.py:27: in element_is_present_and_clickable\n    return (Wait(self.driver, self.timeout).until(\n_ _ _ _ _ _ _ _ _ _ _ _ _ _ _ _ _ _ _ _ _ _ _ _ _ _ _ _ _ _ _ _ _ _ _ _ _ _ _ _ \n\nself = <selenium.webdriver.support.wait.WebDriverWait (session=\"7809d5a222c7b3d9dc3d2260aeab7f55\")>\nmethod = <function visibility_of_element_located.<locals>._predicate at 0x7f0dd69a2f20>\nmessage = 'Can\\'t find element by locator (\\'xpath\\', \\'//button[@id=\"menu_button_containers\"]\\')'\n\n    def until(self, method: Callable[[D], Union[Literal[False], T]], message: str = \"\") -> T:\n        \"\"\"Calls the method provided with the driver as an argument until the \\\n        return value does not evaluate to ``False``.\n    \n        :param method: callable(WebDriver)\n        :param message: optional message for :exc:`TimeoutException`\n        :returns: the result of the last call to `method`\n        :raises: :exc:`selenium.common.exceptions.TimeoutException` if timeout occurs\n        \"\"\"\n        screen = None\n        stacktrace = None\n    \n        end_time = time.monotonic() + self._timeout\n        while True:\n            try:\n                value = method(self._driver)\n                if value:\n                    return value\n            except self._ignored_exceptions as exc:\n                screen = getattr(exc, \"screen\", None)\n                stacktrace = getattr(exc, \"stacktrace\", None)\n            time.sleep(self._poll)\n            if time.monotonic() > end_time:\n                break\n>       raise TimeoutException(message, screen, stacktrace)\nE       selenium.common.exceptions.TimeoutException: Message: Can't find element by locator ('xpath', '//button[@id=\"menu_button_containers\"]')\nE       Stacktrace:\nE       #0 0x564b661b58da <unknown>\nE       #1 0x564b65e83e50 <unknown>\nE       #2 0x564b65ed3644 <unknown>\nE       #3 0x564b65ed3931 <unknown>\nE       #4 0x564b65f19534 <unknown>\nE       #5 0x564b65ef84bd <unknown>\nE       #6 0x564b65f169c6 <unknown>\nE       #7 0x564b65ef8233 <unknown>\nE       #8 0x564b65ec6093 <unknown>\nE       #9 0x564b65ec709e <unknown>\nE       #10 0x564b6617cb3b <unknown>\nE       #11 0x564b66180af1 <unknown>\nE       #12 0x564b66168705 <unknown>\nE       #13 0x564b66181662 <unknown>\nE       #14 0x564b6614d8df <unknown>\nE       #15 0x564b661a46d8 <unknown>\nE       #16 0x564b661a48a2 <unknown>\nE       #17 0x564b661b46cc <unknown>\nE       #18 0x7f4f0f694ac3 <unknown>\n\n/opt/hostedtoolcache/Python/3.12.5/x64/lib/python3.12/site-packages/selenium/webdriver/support/wait.py:105: TimeoutException",
  "flaky" : false,
  "newFailed" : false,
  "beforeStages" : [ {
    "name" : "driver",
    "time" : {
      "start" : 1725758992980,
      "stop" : 1725758993260,
      "duration" : 280
    },
    "status" : "passed",
    "steps" : [ ],
    "attachments" : [ ],
    "parameters" : [ ],
    "stepsCount" : 0,
    "attachmentsCount" : 0,
    "shouldDisplayMessage" : false,
    "hasContent" : false
  }, {
    "name" : "authorization_user",
    "time" : {
      "start" : 1725758993260,
      "stop" : 1725758993788,
      "duration" : 528
    },
    "status" : "passed",
    "steps" : [ {
      "name" : "Open page: https://oblache.areso.pro/register.html",
      "time" : {
        "start" : 1725758993260,
        "stop" : 1725758993619,
        "duration" : 359
      },
      "status" : "passed",
      "steps" : [ ],
      "attachments" : [ ],
      "parameters" : [ ],
      "stepsCount" : 0,
      "attachmentsCount" : 0,
      "shouldDisplayMessage" : false,
      "hasContent" : false
    }, {
      "name" : "login_user",
      "time" : {
        "start" : 1725758993619,
        "stop" : 1725758993788,
        "duration" : 169
      },
      "status" : "passed",
      "steps" : [ {
        "name" : "Enter email.",
        "time" : {
          "start" : 1725758993619,
          "stop" : 1725758993672,
          "duration" : 53
        },
        "status" : "passed",
        "steps" : [ ],
        "attachments" : [ ],
        "parameters" : [ ],
        "stepsCount" : 0,
        "attachmentsCount" : 0,
        "shouldDisplayMessage" : false,
        "hasContent" : false
      }, {
        "name" : "Enter password.",
        "time" : {
          "start" : 1725758993673,
          "stop" : 1725758993715,
          "duration" : 42
        },
        "status" : "passed",
        "steps" : [ ],
        "attachments" : [ ],
        "parameters" : [ ],
        "stepsCount" : 0,
        "attachmentsCount" : 0,
        "shouldDisplayMessage" : false,
        "hasContent" : false
      }, {
        "name" : "Click button \"Login\"",
        "time" : {
          "start" : 1725758993715,
          "stop" : 1725758993785,
          "duration" : 70
        },
        "status" : "passed",
        "steps" : [ {
          "name" : "element_is_present_and_clickable",
          "time" : {
            "start" : 1725758993715,
            "stop" : 1725758993752,
            "duration" : 37
          },
          "status" : "passed",
          "steps" : [ ],
          "attachments" : [ ],
          "parameters" : [ {
            "name" : "locator",
            "value" : "('xpath', '//input[@id=\"inp_regform_login_submit\"]')"
          } ],
          "stepsCount" : 0,
          "attachmentsCount" : 0,
          "shouldDisplayMessage" : false,
          "hasContent" : true
        } ],
        "attachments" : [ ],
        "parameters" : [ ],
        "stepsCount" : 1,
        "attachmentsCount" : 0,
        "shouldDisplayMessage" : false,
        "hasContent" : true
      }, {
        "name" : "Check url is present: https://oblache.areso.pro/register.html",
        "time" : {
          "start" : 1725758993785,
          "stop" : 1725758993788,
          "duration" : 3
        },
        "status" : "passed",
        "steps" : [ ],
        "attachments" : [ ],
        "parameters" : [ ],
        "stepsCount" : 0,
        "attachmentsCount" : 0,
        "shouldDisplayMessage" : false,
        "hasContent" : false
      } ],
      "attachments" : [ ],
      "parameters" : [ ],
      "stepsCount" : 5,
      "attachmentsCount" : 0,
      "shouldDisplayMessage" : false,
      "hasContent" : true
    } ],
    "attachments" : [ ],
    "parameters" : [ ],
    "stepsCount" : 7,
    "attachmentsCount" : 0,
    "shouldDisplayMessage" : false,
    "hasContent" : true
  } ],
  "testStage" : {
    "status" : "broken",
    "statusMessage" : "selenium.common.exceptions.TimeoutException: Message: Can't find element by locator ('xpath', '//button[@id=\"menu_button_containers\"]')\nStacktrace:\n#0 0x564b661b58da <unknown>\n#1 0x564b65e83e50 <unknown>\n#2 0x564b65ed3644 <unknown>\n#3 0x564b65ed3931 <unknown>\n#4 0x564b65f19534 <unknown>\n#5 0x564b65ef84bd <unknown>\n#6 0x564b65f169c6 <unknown>\n#7 0x564b65ef8233 <unknown>\n#8 0x564b65ec6093 <unknown>\n#9 0x564b65ec709e <unknown>\n#10 0x564b6617cb3b <unknown>\n#11 0x564b66180af1 <unknown>\n#12 0x564b66168705 <unknown>\n#13 0x564b66181662 <unknown>\n#14 0x564b6614d8df <unknown>\n#15 0x564b661a46d8 <unknown>\n#16 0x564b661a48a2 <unknown>\n#17 0x564b661b46cc <unknown>\n#18 0x7f4f0f694ac3 <unknown>",
    "statusTrace" : "self = <tests_ui.test_ui.TestProfilePage object at 0x7f0dd739a930>\ndriver = <selenium.webdriver.chrome.webdriver.WebDriver (session=\"7809d5a222c7b3d9dc3d2260aeab7f55\")>\nauthorization_user = None\n\n    @allure.title('test_clipboard_uuid_docker')\n    def test_clipboard_uuid_docker(self, driver, authorization_user):\n        page = ProfilePage(driver, authorization_user)\n>       page.click_button_docker_containers()\n\ntests_ui/test_ui.py:98: \n_ _ _ _ _ _ _ _ _ _ _ _ _ _ _ _ _ _ _ _ _ _ _ _ _ _ _ _ _ _ _ _ _ _ _ _ _ _ _ _ \ntests_ui/profile_page.py:42: in click_button_docker_containers\n    return self.element_is_present_and_clickable(self.locators.BUTTON_DOCKER_CONTAINER).click()\ntests_ui/base_page.py:27: in element_is_present_and_clickable\n    return (Wait(self.driver, self.timeout).until(\n_ _ _ _ _ _ _ _ _ _ _ _ _ _ _ _ _ _ _ _ _ _ _ _ _ _ _ _ _ _ _ _ _ _ _ _ _ _ _ _ \n\nself = <selenium.webdriver.support.wait.WebDriverWait (session=\"7809d5a222c7b3d9dc3d2260aeab7f55\")>\nmethod = <function visibility_of_element_located.<locals>._predicate at 0x7f0dd69a2f20>\nmessage = 'Can\\'t find element by locator (\\'xpath\\', \\'//button[@id=\"menu_button_containers\"]\\')'\n\n    def until(self, method: Callable[[D], Union[Literal[False], T]], message: str = \"\") -> T:\n        \"\"\"Calls the method provided with the driver as an argument until the \\\n        return value does not evaluate to ``False``.\n    \n        :param method: callable(WebDriver)\n        :param message: optional message for :exc:`TimeoutException`\n        :returns: the result of the last call to `method`\n        :raises: :exc:`selenium.common.exceptions.TimeoutException` if timeout occurs\n        \"\"\"\n        screen = None\n        stacktrace = None\n    \n        end_time = time.monotonic() + self._timeout\n        while True:\n            try:\n                value = method(self._driver)\n                if value:\n                    return value\n            except self._ignored_exceptions as exc:\n                screen = getattr(exc, \"screen\", None)\n                stacktrace = getattr(exc, \"stacktrace\", None)\n            time.sleep(self._poll)\n            if time.monotonic() > end_time:\n                break\n>       raise TimeoutException(message, screen, stacktrace)\nE       selenium.common.exceptions.TimeoutException: Message: Can't find element by locator ('xpath', '//button[@id=\"menu_button_containers\"]')\nE       Stacktrace:\nE       #0 0x564b661b58da <unknown>\nE       #1 0x564b65e83e50 <unknown>\nE       #2 0x564b65ed3644 <unknown>\nE       #3 0x564b65ed3931 <unknown>\nE       #4 0x564b65f19534 <unknown>\nE       #5 0x564b65ef84bd <unknown>\nE       #6 0x564b65f169c6 <unknown>\nE       #7 0x564b65ef8233 <unknown>\nE       #8 0x564b65ec6093 <unknown>\nE       #9 0x564b65ec709e <unknown>\nE       #10 0x564b6617cb3b <unknown>\nE       #11 0x564b66180af1 <unknown>\nE       #12 0x564b66168705 <unknown>\nE       #13 0x564b66181662 <unknown>\nE       #14 0x564b6614d8df <unknown>\nE       #15 0x564b661a46d8 <unknown>\nE       #16 0x564b661a48a2 <unknown>\nE       #17 0x564b661b46cc <unknown>\nE       #18 0x7f4f0f694ac3 <unknown>\n\n/opt/hostedtoolcache/Python/3.12.5/x64/lib/python3.12/site-packages/selenium/webdriver/support/wait.py:105: TimeoutException",
    "steps" : [ {
      "name" : "Click \"Docker containers\" button.",
      "time" : {
        "start" : 1725758993788,
        "stop" : 1725758998920,
        "duration" : 5132
      },
      "status" : "broken",
      "statusMessage" : "selenium.common.exceptions.TimeoutException: Message: Can't find element by locator ('xpath', '//button[@id=\"menu_button_containers\"]')\nStacktrace:\n#0 0x564b661b58da <unknown>\n#1 0x564b65e83e50 <unknown>\n#2 0x564b65ed3644 <unknown>\n#3 0x564b65ed3931 <unknown>\n#4 0x564b65f19534 <unknown>\n#5 0x564b65ef84bd <unknown>\n#6 0x564b65f169c6 <unknown>\n#7 0x564b65ef8233 <unknown>\n#8 0x564b65ec6093 <unknown>\n#9 0x564b65ec709e <unknown>\n#10 0x564b6617cb3b <unknown>\n#11 0x564b66180af1 <unknown>\n#12 0x564b66168705 <unknown>\n#13 0x564b66181662 <unknown>\n#14 0x564b6614d8df <unknown>\n#15 0x564b661a46d8 <unknown>\n#16 0x564b661a48a2 <unknown>\n#17 0x564b661b46cc <unknown>\n#18 0x7f4f0f694ac3 <unknown>\n\n",
      "statusTrace" : "  File \"/opt/hostedtoolcache/Python/3.12.5/x64/lib/python3.12/site-packages/allure_commons/_allure.py\", line 192, in impl\n    return func(*a, **kw)\n           ^^^^^^^^^^^^^^\n  File \"/home/runner/work/Oblache/Oblache/tests_ui/profile_page.py\", line 42, in click_button_docker_containers\n    return self.element_is_present_and_clickable(self.locators.BUTTON_DOCKER_CONTAINER).click()\n           ^^^^^^^^^^^^^^^^^^^^^^^^^^^^^^^^^^^^^^^^^^^^^^^^^^^^^^^^^^^^^^^^^^^^^^^^^^^^\n  File \"/opt/hostedtoolcache/Python/3.12.5/x64/lib/python3.12/site-packages/allure_commons/_allure.py\", line 192, in impl\n    return func(*a, **kw)\n           ^^^^^^^^^^^^^^\n  File \"/home/runner/work/Oblache/Oblache/tests_ui/base_page.py\", line 27, in element_is_present_and_clickable\n    return (Wait(self.driver, self.timeout).until(\n            ^^^^^^^^^^^^^^^^^^^^^^^^^^^^^^^^^^^^^^\n  File \"/opt/hostedtoolcache/Python/3.12.5/x64/lib/python3.12/site-packages/selenium/webdriver/support/wait.py\", line 105, in until\n    raise TimeoutException(message, screen, stacktrace)\n",
      "steps" : [ {
        "name" : "element_is_present_and_clickable",
        "time" : {
          "start" : 1725758993788,
          "stop" : 1725758998920,
          "duration" : 5132
        },
        "status" : "broken",
        "statusMessage" : "selenium.common.exceptions.TimeoutException: Message: Can't find element by locator ('xpath', '//button[@id=\"menu_button_containers\"]')\nStacktrace:\n#0 0x564b661b58da <unknown>\n#1 0x564b65e83e50 <unknown>\n#2 0x564b65ed3644 <unknown>\n#3 0x564b65ed3931 <unknown>\n#4 0x564b65f19534 <unknown>\n#5 0x564b65ef84bd <unknown>\n#6 0x564b65f169c6 <unknown>\n#7 0x564b65ef8233 <unknown>\n#8 0x564b65ec6093 <unknown>\n#9 0x564b65ec709e <unknown>\n#10 0x564b6617cb3b <unknown>\n#11 0x564b66180af1 <unknown>\n#12 0x564b66168705 <unknown>\n#13 0x564b66181662 <unknown>\n#14 0x564b6614d8df <unknown>\n#15 0x564b661a46d8 <unknown>\n#16 0x564b661a48a2 <unknown>\n#17 0x564b661b46cc <unknown>\n#18 0x7f4f0f694ac3 <unknown>\n\n",
        "statusTrace" : "  File \"/opt/hostedtoolcache/Python/3.12.5/x64/lib/python3.12/site-packages/allure_commons/_allure.py\", line 192, in impl\n    return func(*a, **kw)\n           ^^^^^^^^^^^^^^\n  File \"/home/runner/work/Oblache/Oblache/tests_ui/base_page.py\", line 27, in element_is_present_and_clickable\n    return (Wait(self.driver, self.timeout).until(\n            ^^^^^^^^^^^^^^^^^^^^^^^^^^^^^^^^^^^^^^\n  File \"/opt/hostedtoolcache/Python/3.12.5/x64/lib/python3.12/site-packages/selenium/webdriver/support/wait.py\", line 105, in until\n    raise TimeoutException(message, screen, stacktrace)\n",
        "steps" : [ ],
        "attachments" : [ ],
        "parameters" : [ {
          "name" : "locator",
          "value" : "('xpath', '//button[@id=\"menu_button_containers\"]')"
        } ],
        "stepsCount" : 0,
        "attachmentsCount" : 0,
        "shouldDisplayMessage" : true,
        "hasContent" : true
      } ],
      "attachments" : [ ],
      "parameters" : [ ],
      "stepsCount" : 1,
      "attachmentsCount" : 0,
      "shouldDisplayMessage" : false,
      "hasContent" : true
    } ],
    "attachments" : [ ],
    "parameters" : [ ],
    "stepsCount" : 2,
    "attachmentsCount" : 0,
    "shouldDisplayMessage" : true,
    "hasContent" : true
  },
  "afterStages" : [ {
    "name" : "driver::0",
    "time" : {
      "start" : 1725758998933,
      "stop" : 1725758999078,
      "duration" : 145
    },
    "status" : "passed",
    "steps" : [ ],
    "attachments" : [ {
      "uid" : "38584ef5563d8e60",
      "name" : "Screenshot 2024-09-08 01:29:59.012945",
      "source" : "38584ef5563d8e60.png",
      "type" : "image/png",
      "size" : 18615
    } ],
    "parameters" : [ ],
    "stepsCount" : 0,
    "attachmentsCount" : 1,
    "shouldDisplayMessage" : false,
    "hasContent" : true
  } ],
  "labels" : [ {
    "name" : "suite",
    "value" : "Test Profile Page."
  }, {
    "name" : "parentSuite",
    "value" : "tests_ui"
  }, {
    "name" : "subSuite",
    "value" : "TestProfilePage"
  }, {
    "name" : "host",
    "value" : "fv-az730-295"
  }, {
    "name" : "thread",
    "value" : "2289-MainThread"
  }, {
    "name" : "framework",
    "value" : "pytest"
  }, {
    "name" : "language",
    "value" : "cpython3"
  }, {
    "name" : "package",
    "value" : "tests_ui.test_ui"
  }, {
    "name" : "resultFormat",
    "value" : "allure2"
  } ],
  "parameters" : [ ],
  "links" : [ ],
  "hidden" : false,
  "retry" : false,
  "extra" : {
    "severity" : "normal",
    "retries" : [ ],
    "categories" : [ {
      "name" : "Test defects",
      "matchedStatuses" : [ ],
      "flaky" : false
    } ],
    "history" : {
      "statistic" : {
        "failed" : 0,
        "broken" : 2,
        "skipped" : 0,
        "passed" : 23,
        "unknown" : 0,
        "total" : 25
      },
      "items" : [ {
        "uid" : "3ab15e75d798c0a4",
        "reportUrl" : "https://Areso.github.io/Oblache/149//#testresult/3ab15e75d798c0a4",
        "status" : "passed",
        "time" : {
          "start" : 1725672177077,
          "stop" : 1725672180281,
          "duration" : 3204
        }
      }, {
        "uid" : "e8f16d944d2ca1b3",
        "reportUrl" : "https://Areso.github.io/Oblache/148//#testresult/e8f16d944d2ca1b3",
        "status" : "passed",
        "time" : {
          "start" : 1725585962884,
          "stop" : 1725585965333,
          "duration" : 2449
        }
      }, {
        "uid" : "bc2479a7760449f0",
        "reportUrl" : "https://Areso.github.io/Oblache/147//#testresult/bc2479a7760449f0",
        "status" : "passed",
        "time" : {
          "start" : 1725499620065,
          "stop" : 1725499622659,
          "duration" : 2594
        }
      }, {
        "uid" : "fa407518029f68d1",
        "reportUrl" : "https://Areso.github.io/Oblache/146//#testresult/fa407518029f68d1",
        "status" : "passed",
        "time" : {
          "start" : 1725413035714,
          "stop" : 1725413038911,
          "duration" : 3197
        }
      }, {
        "uid" : "dcc3fe6e8b706cac",
        "reportUrl" : "https://Areso.github.io/Oblache/145//#testresult/dcc3fe6e8b706cac",
        "status" : "passed",
        "time" : {
          "start" : 1725326579215,
          "stop" : 1725326582394,
          "duration" : 3179
        }
      }, {
        "uid" : "9366773277588292",
        "reportUrl" : "https://Areso.github.io/Oblache/144//#testresult/9366773277588292",
        "status" : "passed",
        "time" : {
          "start" : 1725240295142,
          "stop" : 1725240298343,
          "duration" : 3201
        }
      }, {
        "uid" : "1b590edfd42ef150",
        "reportUrl" : "https://Areso.github.io/Oblache/143//#testresult/1b590edfd42ef150",
        "status" : "passed",
        "time" : {
          "start" : 1725154901933,
          "stop" : 1725154904537,
          "duration" : 2604
        }
      }, {
        "uid" : "117c6983eb71b734",
        "reportUrl" : "https://Areso.github.io/Oblache/142//#testresult/117c6983eb71b734",
        "status" : "passed",
        "time" : {
          "start" : 1725067374888,
          "stop" : 1725067377306,
          "duration" : 2418
        }
      }, {
        "uid" : "4d7d89e7afe70f36",
        "reportUrl" : "https://Areso.github.io/Oblache/141//#testresult/4d7d89e7afe70f36",
        "status" : "passed",
        "time" : {
          "start" : 1724980966470,
          "stop" : 1724980968872,
          "duration" : 2402
        }
      }, {
        "uid" : "69a5a332db648720",
        "reportUrl" : "https://Areso.github.io/Oblache/140//#testresult/69a5a332db648720",
        "status" : "passed",
        "time" : {
          "start" : 1724894577400,
          "stop" : 1724894579965,
          "duration" : 2565
        }
      }, {
        "uid" : "20e2e3363e1b8476",
        "reportUrl" : "https://Areso.github.io/Oblache/139//#testresult/20e2e3363e1b8476",
        "status" : "passed",
        "time" : {
          "start" : 1724808112115,
          "stop" : 1724808115567,
          "duration" : 3452
        }
      }, {
        "uid" : "64eba298751ff756",
        "reportUrl" : "https://Areso.github.io/Oblache/138//#testresult/64eba298751ff756",
        "status" : "passed",
        "time" : {
          "start" : 1724721707697,
          "stop" : 1724721710136,
          "duration" : 2439
        }
      }, {
        "uid" : "6a572d8d638c16ca",
        "reportUrl" : "https://Areso.github.io/Oblache/137//#testresult/6a572d8d638c16ca",
        "status" : "passed",
        "time" : {
          "start" : 1724635277742,
          "stop" : 1724635281456,
          "duration" : 3714
        }
      }, {
        "uid" : "fc0f688160871d09",
        "reportUrl" : "https://Areso.github.io/Oblache/136//#testresult/fc0f688160871d09",
        "status" : "passed",
        "time" : {
          "start" : 1724549147130,
          "stop" : 1724549149638,
          "duration" : 2508
        }
      }, {
        "uid" : "20048087300640ee",
        "reportUrl" : "https://Areso.github.io/Oblache/135//#testresult/20048087300640ee",
        "status" : "passed",
        "time" : {
          "start" : 1724462330520,
          "stop" : 1724462333216,
          "duration" : 2696
        }
      }, {
        "uid" : "19b035a298b787b1",
        "reportUrl" : "https://Areso.github.io/Oblache/134//#testresult/19b035a298b787b1",
        "status" : "passed",
        "time" : {
          "start" : 1724375989606,
          "stop" : 1724375992104,
          "duration" : 2498
        }
      }, {
        "uid" : "5539ce74b118339a",
        "reportUrl" : "https://Areso.github.io/Oblache/133//#testresult/5539ce74b118339a",
        "status" : "passed",
        "time" : {
          "start" : 1724289715498,
          "stop" : 1724289719080,
          "duration" : 3582
        }
      }, {
        "uid" : "55aab7497cf0477b",
        "reportUrl" : "https://Areso.github.io/Oblache/132//#testresult/55aab7497cf0477b",
        "status" : "passed",
        "time" : {
          "start" : 1724203208262,
          "stop" : 1724203211041,
          "duration" : 2779
        }
      }, {
        "uid" : "eb86eaa075276aca",
        "reportUrl" : "https://Areso.github.io/Oblache/131//#testresult/eb86eaa075276aca",
        "status" : "passed",
        "time" : {
          "start" : 1724116793317,
          "stop" : 1724116796807,
          "duration" : 3490
        }
      }, {
        "uid" : "33130ba47052e57c",
        "reportUrl" : "https://Areso.github.io/Oblache/130//#testresult/33130ba47052e57c",
        "status" : "passed",
        "time" : {
          "start" : 1724030439367,
          "stop" : 1724030441856,
          "duration" : 2489
        }
      } ]
    },
    "tags" : [ ]
  },
  "source" : "59181b417fd77e8a.json",
  "parameterValues" : [ ]
}