{
  "uid" : "759a7d1d11978dea",
  "name" : "test_delete_database",
  "fullName" : "tests_ui.test_ui.TestProfilePage#test_delete_database",
  "historyId" : "79ccd4aa4a29c03ae3f72e89c73351ae",
  "time" : {
    "start" : 1738636395757,
    "stop" : 1738636401887,
    "duration" : 6130
  },
  "status" : "broken",
  "statusMessage" : "selenium.common.exceptions.TimeoutException: Message: Can't find element by locator ('xpath', '//button[@id=\"menu_button_status\"]')\nStacktrace:\n#0 0x5624cdcecdca <unknown>\n#1 0x5624cd7e33f0 <unknown>\n#2 0x5624cd83310c <unknown>\n#3 0x5624cd833331 <unknown>\n#4 0x5624cd879154 <unknown>\n#5 0x5624cd857abd <unknown>\n#6 0x5624cd8764b3 <unknown>\n#7 0x5624cd857833 <unknown>\n#8 0x5624cd8245a0 <unknown>\n#9 0x5624cd825ece <unknown>\n#10 0x5624cdcb6bdb <unknown>\n#11 0x5624cdcbab67 <unknown>\n#12 0x5624cdca23bc <unknown>\n#13 0x5624cdcbb727 <unknown>\n#14 0x5624cdc8674f <unknown>\n#15 0x5624cdcdb938 <unknown>\n#16 0x5624cdcdbb00 <unknown>\n#17 0x5624cdcebc46 <unknown>\n#18 0x7fd3d6c9ca94 <unknown>\n#19 0x7fd3d6d29c3c <unknown>",
  "statusTrace" : "self = <tests_ui.test_ui.TestProfilePage object at 0x7efe751b87d0>\ndriver = <selenium.webdriver.chrome.webdriver.WebDriver (session=\"609e3e620cf7d9c21cce92116657dce8\")>\nauthorization_user = None\n\n    @allure.title('test_delete_database')\n    def test_delete_database(self, driver, authorization_user):\n        page = ProfilePage(driver, authorization_user)\n>       page.click_button_status()\n\ntests_ui/test_ui.py:88: \n_ _ _ _ _ _ _ _ _ _ _ _ _ _ _ _ _ _ _ _ _ _ _ _ _ _ _ _ _ _ _ _ _ _ _ _ _ _ _ _ \ntests_ui/profile_page.py:18: in click_button_status\n    return self.element_is_present_and_clickable(self.locators.STATUS_BUTTON).click()\ntests_ui/base_page.py:28: in element_is_present_and_clickable\n    return (Wait(self.driver, self.timeout).until(\n_ _ _ _ _ _ _ _ _ _ _ _ _ _ _ _ _ _ _ _ _ _ _ _ _ _ _ _ _ _ _ _ _ _ _ _ _ _ _ _ \n\nself = <selenium.webdriver.support.wait.WebDriverWait (session=\"609e3e620cf7d9c21cce92116657dce8\")>\nmethod = <function visibility_of_element_located.<locals>._predicate at 0x7efe7419a480>\nmessage = 'Can\\'t find element by locator (\\'xpath\\', \\'//button[@id=\"menu_button_status\"]\\')'\n\n    def until(self, method: Callable[[D], Union[Literal[False], T]], message: str = \"\") -> T:\n        \"\"\"Calls the method provided with the driver as an argument until the \\\n        return value does not evaluate to ``False``.\n    \n        :param method: callable(WebDriver)\n        :param message: optional message for :exc:`TimeoutException`\n        :returns: the result of the last call to `method`\n        :raises: :exc:`selenium.common.exceptions.TimeoutException` if timeout occurs\n        \"\"\"\n        screen = None\n        stacktrace = None\n    \n        end_time = time.monotonic() + self._timeout\n        while True:\n            try:\n                value = method(self._driver)\n                if value:\n                    return value\n            except self._ignored_exceptions as exc:\n                screen = getattr(exc, \"screen\", None)\n                stacktrace = getattr(exc, \"stacktrace\", None)\n            time.sleep(self._poll)\n            if time.monotonic() > end_time:\n                break\n>       raise TimeoutException(message, screen, stacktrace)\nE       selenium.common.exceptions.TimeoutException: Message: Can't find element by locator ('xpath', '//button[@id=\"menu_button_status\"]')\nE       Stacktrace:\nE       #0 0x5624cdcecdca <unknown>\nE       #1 0x5624cd7e33f0 <unknown>\nE       #2 0x5624cd83310c <unknown>\nE       #3 0x5624cd833331 <unknown>\nE       #4 0x5624cd879154 <unknown>\nE       #5 0x5624cd857abd <unknown>\nE       #6 0x5624cd8764b3 <unknown>\nE       #7 0x5624cd857833 <unknown>\nE       #8 0x5624cd8245a0 <unknown>\nE       #9 0x5624cd825ece <unknown>\nE       #10 0x5624cdcb6bdb <unknown>\nE       #11 0x5624cdcbab67 <unknown>\nE       #12 0x5624cdca23bc <unknown>\nE       #13 0x5624cdcbb727 <unknown>\nE       #14 0x5624cdc8674f <unknown>\nE       #15 0x5624cdcdb938 <unknown>\nE       #16 0x5624cdcdbb00 <unknown>\nE       #17 0x5624cdcebc46 <unknown>\nE       #18 0x7fd3d6c9ca94 <unknown>\nE       #19 0x7fd3d6d29c3c <unknown>\n\n/opt/hostedtoolcache/Python/3.12.8/x64/lib/python3.12/site-packages/selenium/webdriver/support/wait.py:105: TimeoutException",
  "flaky" : false,
  "newFailed" : false,
  "beforeStages" : [ {
    "name" : "driver",
    "time" : {
      "start" : 1738636394969,
      "stop" : 1738636395246,
      "duration" : 277
    },
    "status" : "passed",
    "steps" : [ ],
    "attachments" : [ ],
    "parameters" : [ ],
    "stepsCount" : 0,
    "attachmentsCount" : 0,
    "shouldDisplayMessage" : false,
    "hasContent" : false
  }, {
    "name" : "authorization_user",
    "time" : {
      "start" : 1738636395246,
      "stop" : 1738636395757,
      "duration" : 511
    },
    "status" : "passed",
    "steps" : [ {
      "name" : "Open page: https://oblache.areso.pro/register.html",
      "time" : {
        "start" : 1738636395246,
        "stop" : 1738636395566,
        "duration" : 320
      },
      "status" : "passed",
      "steps" : [ ],
      "attachments" : [ ],
      "parameters" : [ ],
      "stepsCount" : 0,
      "attachmentsCount" : 0,
      "shouldDisplayMessage" : false,
      "hasContent" : false
    }, {
      "name" : "Login user",
      "time" : {
        "start" : 1738636395566,
        "stop" : 1738636395757,
        "duration" : 191
      },
      "status" : "passed",
      "steps" : [ {
        "name" : "Enter email.",
        "time" : {
          "start" : 1738636395566,
          "stop" : 1738636395624,
          "duration" : 58
        },
        "status" : "passed",
        "steps" : [ ],
        "attachments" : [ ],
        "parameters" : [ ],
        "stepsCount" : 0,
        "attachmentsCount" : 0,
        "shouldDisplayMessage" : false,
        "hasContent" : false
      }, {
        "name" : "Enter password.",
        "time" : {
          "start" : 1738636395624,
          "stop" : 1738636395667,
          "duration" : 43
        },
        "status" : "passed",
        "steps" : [ ],
        "attachments" : [ ],
        "parameters" : [ ],
        "stepsCount" : 0,
        "attachmentsCount" : 0,
        "shouldDisplayMessage" : false,
        "hasContent" : false
      }, {
        "name" : "Click button \"Login\"",
        "time" : {
          "start" : 1738636395667,
          "stop" : 1738636395754,
          "duration" : 87
        },
        "status" : "passed",
        "steps" : [ ],
        "attachments" : [ ],
        "parameters" : [ ],
        "stepsCount" : 0,
        "attachmentsCount" : 0,
        "shouldDisplayMessage" : false,
        "hasContent" : false
      }, {
        "name" : "Check url is present: https://oblache.areso.pro/register.html",
        "time" : {
          "start" : 1738636395754,
          "stop" : 1738636395757,
          "duration" : 3
        },
        "status" : "passed",
        "steps" : [ ],
        "attachments" : [ ],
        "parameters" : [ ],
        "stepsCount" : 0,
        "attachmentsCount" : 0,
        "shouldDisplayMessage" : false,
        "hasContent" : false
      } ],
      "attachments" : [ ],
      "parameters" : [ ],
      "stepsCount" : 4,
      "attachmentsCount" : 0,
      "shouldDisplayMessage" : false,
      "hasContent" : true
    } ],
    "attachments" : [ ],
    "parameters" : [ ],
    "stepsCount" : 6,
    "attachmentsCount" : 0,
    "shouldDisplayMessage" : false,
    "hasContent" : true
  } ],
  "testStage" : {
    "status" : "broken",
    "statusMessage" : "selenium.common.exceptions.TimeoutException: Message: Can't find element by locator ('xpath', '//button[@id=\"menu_button_status\"]')\nStacktrace:\n#0 0x5624cdcecdca <unknown>\n#1 0x5624cd7e33f0 <unknown>\n#2 0x5624cd83310c <unknown>\n#3 0x5624cd833331 <unknown>\n#4 0x5624cd879154 <unknown>\n#5 0x5624cd857abd <unknown>\n#6 0x5624cd8764b3 <unknown>\n#7 0x5624cd857833 <unknown>\n#8 0x5624cd8245a0 <unknown>\n#9 0x5624cd825ece <unknown>\n#10 0x5624cdcb6bdb <unknown>\n#11 0x5624cdcbab67 <unknown>\n#12 0x5624cdca23bc <unknown>\n#13 0x5624cdcbb727 <unknown>\n#14 0x5624cdc8674f <unknown>\n#15 0x5624cdcdb938 <unknown>\n#16 0x5624cdcdbb00 <unknown>\n#17 0x5624cdcebc46 <unknown>\n#18 0x7fd3d6c9ca94 <unknown>\n#19 0x7fd3d6d29c3c <unknown>",
    "statusTrace" : "self = <tests_ui.test_ui.TestProfilePage object at 0x7efe751b87d0>\ndriver = <selenium.webdriver.chrome.webdriver.WebDriver (session=\"609e3e620cf7d9c21cce92116657dce8\")>\nauthorization_user = None\n\n    @allure.title('test_delete_database')\n    def test_delete_database(self, driver, authorization_user):\n        page = ProfilePage(driver, authorization_user)\n>       page.click_button_status()\n\ntests_ui/test_ui.py:88: \n_ _ _ _ _ _ _ _ _ _ _ _ _ _ _ _ _ _ _ _ _ _ _ _ _ _ _ _ _ _ _ _ _ _ _ _ _ _ _ _ \ntests_ui/profile_page.py:18: in click_button_status\n    return self.element_is_present_and_clickable(self.locators.STATUS_BUTTON).click()\ntests_ui/base_page.py:28: in element_is_present_and_clickable\n    return (Wait(self.driver, self.timeout).until(\n_ _ _ _ _ _ _ _ _ _ _ _ _ _ _ _ _ _ _ _ _ _ _ _ _ _ _ _ _ _ _ _ _ _ _ _ _ _ _ _ \n\nself = <selenium.webdriver.support.wait.WebDriverWait (session=\"609e3e620cf7d9c21cce92116657dce8\")>\nmethod = <function visibility_of_element_located.<locals>._predicate at 0x7efe7419a480>\nmessage = 'Can\\'t find element by locator (\\'xpath\\', \\'//button[@id=\"menu_button_status\"]\\')'\n\n    def until(self, method: Callable[[D], Union[Literal[False], T]], message: str = \"\") -> T:\n        \"\"\"Calls the method provided with the driver as an argument until the \\\n        return value does not evaluate to ``False``.\n    \n        :param method: callable(WebDriver)\n        :param message: optional message for :exc:`TimeoutException`\n        :returns: the result of the last call to `method`\n        :raises: :exc:`selenium.common.exceptions.TimeoutException` if timeout occurs\n        \"\"\"\n        screen = None\n        stacktrace = None\n    \n        end_time = time.monotonic() + self._timeout\n        while True:\n            try:\n                value = method(self._driver)\n                if value:\n                    return value\n            except self._ignored_exceptions as exc:\n                screen = getattr(exc, \"screen\", None)\n                stacktrace = getattr(exc, \"stacktrace\", None)\n            time.sleep(self._poll)\n            if time.monotonic() > end_time:\n                break\n>       raise TimeoutException(message, screen, stacktrace)\nE       selenium.common.exceptions.TimeoutException: Message: Can't find element by locator ('xpath', '//button[@id=\"menu_button_status\"]')\nE       Stacktrace:\nE       #0 0x5624cdcecdca <unknown>\nE       #1 0x5624cd7e33f0 <unknown>\nE       #2 0x5624cd83310c <unknown>\nE       #3 0x5624cd833331 <unknown>\nE       #4 0x5624cd879154 <unknown>\nE       #5 0x5624cd857abd <unknown>\nE       #6 0x5624cd8764b3 <unknown>\nE       #7 0x5624cd857833 <unknown>\nE       #8 0x5624cd8245a0 <unknown>\nE       #9 0x5624cd825ece <unknown>\nE       #10 0x5624cdcb6bdb <unknown>\nE       #11 0x5624cdcbab67 <unknown>\nE       #12 0x5624cdca23bc <unknown>\nE       #13 0x5624cdcbb727 <unknown>\nE       #14 0x5624cdc8674f <unknown>\nE       #15 0x5624cdcdb938 <unknown>\nE       #16 0x5624cdcdbb00 <unknown>\nE       #17 0x5624cdcebc46 <unknown>\nE       #18 0x7fd3d6c9ca94 <unknown>\nE       #19 0x7fd3d6d29c3c <unknown>\n\n/opt/hostedtoolcache/Python/3.12.8/x64/lib/python3.12/site-packages/selenium/webdriver/support/wait.py:105: TimeoutException",
    "steps" : [ {
      "name" : "Click button Status.",
      "time" : {
        "start" : 1738636396757,
        "stop" : 1738636401887,
        "duration" : 5130
      },
      "status" : "broken",
      "statusMessage" : "selenium.common.exceptions.TimeoutException: Message: Can't find element by locator ('xpath', '//button[@id=\"menu_button_status\"]')\nStacktrace:\n#0 0x5624cdcecdca <unknown>\n#1 0x5624cd7e33f0 <unknown>\n#2 0x5624cd83310c <unknown>\n#3 0x5624cd833331 <unknown>\n#4 0x5624cd879154 <unknown>\n#5 0x5624cd857abd <unknown>\n#6 0x5624cd8764b3 <unknown>\n#7 0x5624cd857833 <unknown>\n#8 0x5624cd8245a0 <unknown>\n#9 0x5624cd825ece <unknown>\n#10 0x5624cdcb6bdb <unknown>\n#11 0x5624cdcbab67 <unknown>\n#12 0x5624cdca23bc <unknown>\n#13 0x5624cdcbb727 <unknown>\n#14 0x5624cdc8674f <unknown>\n#15 0x5624cdcdb938 <unknown>\n#16 0x5624cdcdbb00 <unknown>\n#17 0x5624cdcebc46 <unknown>\n#18 0x7fd3d6c9ca94 <unknown>\n#19 0x7fd3d6d29c3c <unknown>\n\n",
      "statusTrace" : "  File \"/home/runner/work/Oblache/Oblache/tests_ui/profile_page.py\", line 18, in click_button_status\n    return self.element_is_present_and_clickable(self.locators.STATUS_BUTTON).click()\n           ^^^^^^^^^^^^^^^^^^^^^^^^^^^^^^^^^^^^^^^^^^^^^^^^^^^^^^^^^^^^^^^^^^\n  File \"/home/runner/work/Oblache/Oblache/tests_ui/base_page.py\", line 28, in element_is_present_and_clickable\n    return (Wait(self.driver, self.timeout).until(\n            ^^^^^^^^^^^^^^^^^^^^^^^^^^^^^^^^^^^^^^\n  File \"/opt/hostedtoolcache/Python/3.12.8/x64/lib/python3.12/site-packages/selenium/webdriver/support/wait.py\", line 105, in until\n    raise TimeoutException(message, screen, stacktrace)\n",
      "steps" : [ ],
      "attachments" : [ ],
      "parameters" : [ ],
      "stepsCount" : 0,
      "attachmentsCount" : 0,
      "shouldDisplayMessage" : true,
      "hasContent" : true
    } ],
    "attachments" : [ {
      "uid" : "54b316ab561f7ba2",
      "name" : "Screenshot 2025-02-04 02:33:21.983180",
      "source" : "54b316ab561f7ba2.png",
      "type" : "image/png",
      "size" : 15571
    } ],
    "parameters" : [ ],
    "stepsCount" : 1,
    "attachmentsCount" : 1,
    "shouldDisplayMessage" : true,
    "hasContent" : true
  },
  "afterStages" : [ {
    "name" : "driver::0",
    "time" : {
      "start" : 1738636401984,
      "stop" : 1738636402048,
      "duration" : 64
    },
    "status" : "passed",
    "steps" : [ ],
    "attachments" : [ ],
    "parameters" : [ ],
    "stepsCount" : 0,
    "attachmentsCount" : 0,
    "shouldDisplayMessage" : false,
    "hasContent" : false
  } ],
  "labels" : [ {
    "name" : "suite",
    "value" : "Test Profile Page."
  }, {
    "name" : "parentSuite",
    "value" : "tests_ui"
  }, {
    "name" : "subSuite",
    "value" : "TestProfilePage"
  }, {
    "name" : "host",
    "value" : "fv-az810-215"
  }, {
    "name" : "thread",
    "value" : "2447-MainThread"
  }, {
    "name" : "framework",
    "value" : "pytest"
  }, {
    "name" : "language",
    "value" : "cpython3"
  }, {
    "name" : "package",
    "value" : "tests_ui.test_ui"
  }, {
    "name" : "resultFormat",
    "value" : "allure2"
  } ],
  "parameters" : [ ],
  "links" : [ ],
  "hidden" : false,
  "retry" : false,
  "extra" : {
    "severity" : "normal",
    "retries" : [ ],
    "categories" : [ {
      "name" : "Test defects",
      "matchedStatuses" : [ ],
      "flaky" : false
    } ],
    "history" : {
      "statistic" : {
        "failed" : 163,
        "broken" : 11,
        "skipped" : 0,
        "passed" : 0,
        "unknown" : 0,
        "total" : 174
      },
      "items" : [ {
        "uid" : "3ff9793e3561f256",
        "reportUrl" : "https://Areso.github.io/Oblache/298//#testresult/3ff9793e3561f256",
        "status" : "broken",
        "statusDetails" : "selenium.common.exceptions.TimeoutException: Message: Can't find element by locator ('xpath', '//button[@id=\"menu_button_status\"]')\nStacktrace:\n#0 0x556c16969dca <unknown>\n#1 0x556c164603f0 <unknown>\n#2 0x556c164b010c <unknown>\n#3 0x556c164b0331 <unknown>\n#4 0x556c164f6154 <unknown>\n#5 0x556c164d4abd <unknown>\n#6 0x556c164f34b3 <unknown>\n#7 0x556c164d4833 <unknown>\n#8 0x556c164a15a0 <unknown>\n#9 0x556c164a2ece <unknown>\n#10 0x556c16933bdb <unknown>\n#11 0x556c16937b67 <unknown>\n#12 0x556c1691f3bc <unknown>\n#13 0x556c16938727 <unknown>\n#14 0x556c1690374f <unknown>\n#15 0x556c16958938 <unknown>\n#16 0x556c16958b00 <unknown>\n#17 0x556c16968c46 <unknown>\n#18 0x7fa08709ca94 <unknown>\n#19 0x7fa087129c3c <unknown>",
        "time" : {
          "start" : 1738550053768,
          "stop" : 1738550059911,
          "duration" : 6143
        }
      }, {
        "uid" : "3781cc830472d9c5",
        "reportUrl" : "https://Areso.github.io/Oblache/297//#testresult/3781cc830472d9c5",
        "status" : "broken",
        "statusDetails" : "selenium.common.exceptions.TimeoutException: Message: Can't find element by locator ('xpath', '//button[@id=\"menu_button_status\"]')\nStacktrace:\n#0 0x55b70a1cddca <unknown>\n#1 0x55b709cc43f0 <unknown>\n#2 0x55b709d1410c <unknown>\n#3 0x55b709d14331 <unknown>\n#4 0x55b709d5a154 <unknown>\n#5 0x55b709d38abd <unknown>\n#6 0x55b709d574b3 <unknown>\n#7 0x55b709d38833 <unknown>\n#8 0x55b709d055a0 <unknown>\n#9 0x55b709d06ece <unknown>\n#10 0x55b70a197bdb <unknown>\n#11 0x55b70a19bb67 <unknown>\n#12 0x55b70a1833bc <unknown>\n#13 0x55b70a19c727 <unknown>\n#14 0x55b70a16774f <unknown>\n#15 0x55b70a1bc938 <unknown>\n#16 0x55b70a1bcb00 <unknown>\n#17 0x55b70a1ccc46 <unknown>\n#18 0x7f428669ca94 <unknown>\n#19 0x7f4286729c3c <unknown>",
        "time" : {
          "start" : 1738464256588,
          "stop" : 1738464262711,
          "duration" : 6123
        }
      }, {
        "uid" : "c835c88980d36f8b",
        "reportUrl" : "https://Areso.github.io/Oblache/296//#testresult/c835c88980d36f8b",
        "status" : "failed",
        "statusDetails" : "AssertionError: Wrong answer from server or need manual deleting!!!",
        "time" : {
          "start" : 1738373939075,
          "stop" : 1738373942372,
          "duration" : 3297
        }
      }, {
        "uid" : "cbace3ffd2c4abc1",
        "reportUrl" : "https://Areso.github.io/Oblache/295//#testresult/cbace3ffd2c4abc1",
        "status" : "failed",
        "statusDetails" : "AssertionError: Wrong answer from server or need manual deleting!!!",
        "time" : {
          "start" : 1738286834748,
          "stop" : 1738286838057,
          "duration" : 3309
        }
      }, {
        "uid" : "e0c8c34273d49124",
        "reportUrl" : "https://Areso.github.io/Oblache/294//#testresult/e0c8c34273d49124",
        "status" : "failed",
        "statusDetails" : "AssertionError: Wrong answer from server or need manual deleting!!!",
        "time" : {
          "start" : 1738200319677,
          "stop" : 1738200322972,
          "duration" : 3295
        }
      }, {
        "uid" : "dd6dcfee900e192b",
        "reportUrl" : "https://Areso.github.io/Oblache/293//#testresult/dd6dcfee900e192b",
        "status" : "failed",
        "statusDetails" : "AssertionError: Wrong answer from server or need manual deleting!!!",
        "time" : {
          "start" : 1738113985638,
          "stop" : 1738113989258,
          "duration" : 3620
        }
      }, {
        "uid" : "d049434a6a5d2bce",
        "reportUrl" : "https://Areso.github.io/Oblache/292//#testresult/d049434a6a5d2bce",
        "status" : "failed",
        "statusDetails" : "AssertionError: Wrong answer from server or need manual deleting!!!",
        "time" : {
          "start" : 1738027577039,
          "stop" : 1738027580357,
          "duration" : 3318
        }
      }, {
        "uid" : "38d757c0b7359d46",
        "reportUrl" : "https://Areso.github.io/Oblache/291//#testresult/38d757c0b7359d46",
        "status" : "failed",
        "statusDetails" : "AssertionError: Wrong answer from server or need manual deleting!!!",
        "time" : {
          "start" : 1737941308187,
          "stop" : 1737941311495,
          "duration" : 3308
        }
      }, {
        "uid" : "b2115493fe5c1087",
        "reportUrl" : "https://Areso.github.io/Oblache/290//#testresult/b2115493fe5c1087",
        "status" : "failed",
        "statusDetails" : "AssertionError: Wrong answer from server or need manual deleting!!!",
        "time" : {
          "start" : 1737854963703,
          "stop" : 1737854967020,
          "duration" : 3317
        }
      }, {
        "uid" : "c346b9da42addeec",
        "reportUrl" : "https://Areso.github.io/Oblache/289//#testresult/c346b9da42addeec",
        "status" : "failed",
        "statusDetails" : "AssertionError: Wrong answer from server or need manual deleting!!!",
        "time" : {
          "start" : 1737768200660,
          "stop" : 1737768204024,
          "duration" : 3364
        }
      }, {
        "uid" : "ea28cfad7ca1dddc",
        "reportUrl" : "https://Areso.github.io/Oblache/288//#testresult/ea28cfad7ca1dddc",
        "status" : "failed",
        "statusDetails" : "AssertionError: Wrong answer from server or need manual deleting!!!",
        "time" : {
          "start" : 1737682056710,
          "stop" : 1737682060381,
          "duration" : 3671
        }
      }, {
        "uid" : "2bebc6b50bb48a2",
        "reportUrl" : "https://Areso.github.io/Oblache/287//#testresult/2bebc6b50bb48a2",
        "status" : "failed",
        "statusDetails" : "AssertionError: Wrong answer from server or need manual deleting!!!",
        "time" : {
          "start" : 1737595574303,
          "stop" : 1737595577674,
          "duration" : 3371
        }
      }, {
        "uid" : "a383c88c5bfb72d5",
        "reportUrl" : "https://Areso.github.io/Oblache/286//#testresult/a383c88c5bfb72d5",
        "status" : "failed",
        "statusDetails" : "AssertionError: Wrong answer from server or need manual deleting!!!",
        "time" : {
          "start" : 1737509316023,
          "stop" : 1737509319681,
          "duration" : 3658
        }
      }, {
        "uid" : "992305742d93d001",
        "reportUrl" : "https://Areso.github.io/Oblache/285//#testresult/992305742d93d001",
        "status" : "failed",
        "statusDetails" : "AssertionError: Wrong answer from server or need manual deleting!!!",
        "time" : {
          "start" : 1737422783454,
          "stop" : 1737422786760,
          "duration" : 3306
        }
      }, {
        "uid" : "a4ab5b51dd03f68f",
        "reportUrl" : "https://Areso.github.io/Oblache/284//#testresult/a4ab5b51dd03f68f",
        "status" : "failed",
        "statusDetails" : "AssertionError: Wrong answer from server or need manual deleting!!!",
        "time" : {
          "start" : 1737336497373,
          "stop" : 1737336500688,
          "duration" : 3315
        }
      }, {
        "uid" : "4308af9084340d02",
        "reportUrl" : "https://Areso.github.io/Oblache/283//#testresult/4308af9084340d02",
        "status" : "failed",
        "statusDetails" : "AssertionError: Wrong answer from server or need manual deleting!!!",
        "time" : {
          "start" : 1737250766518,
          "stop" : 1737250769821,
          "duration" : 3303
        }
      }, {
        "uid" : "5939296e3a70a59a",
        "reportUrl" : "https://Areso.github.io/Oblache/282//#testresult/5939296e3a70a59a",
        "status" : "failed",
        "statusDetails" : "AssertionError: Wrong answer from server or need manual deleting!!!",
        "time" : {
          "start" : 1737163466142,
          "stop" : 1737163469431,
          "duration" : 3289
        }
      }, {
        "uid" : "6055e5e432b9497f",
        "reportUrl" : "https://Areso.github.io/Oblache/281//#testresult/6055e5e432b9497f",
        "status" : "failed",
        "statusDetails" : "AssertionError: Wrong answer from server or need manual deleting!!!",
        "time" : {
          "start" : 1737077175459,
          "stop" : 1737077178818,
          "duration" : 3359
        }
      }, {
        "uid" : "e8f750cee0d7a6ae",
        "reportUrl" : "https://Areso.github.io/Oblache/280//#testresult/e8f750cee0d7a6ae",
        "status" : "failed",
        "statusDetails" : "AssertionError: Wrong answer from server or need manual deleting!!!",
        "time" : {
          "start" : 1736990819775,
          "stop" : 1736990823095,
          "duration" : 3320
        }
      }, {
        "uid" : "5c120e58aff28cf9",
        "reportUrl" : "https://Areso.github.io/Oblache/279//#testresult/5c120e58aff28cf9",
        "status" : "failed",
        "statusDetails" : "AssertionError: Wrong answer from server or need manual deleting!!!",
        "time" : {
          "start" : 1736904435887,
          "stop" : 1736904439221,
          "duration" : 3334
        }
      } ]
    },
    "tags" : [ ]
  },
  "source" : "759a7d1d11978dea.json",
  "parameterValues" : [ ]
}