{
  "uid" : "787d9a3cc00b02ab",
  "name" : "test_open_static_site_page",
  "fullName" : "tests_ui.test_ui.TestProfilePage#test_open_statistic_page",
  "historyId" : "d5ae1e2d5dedc1997262906d6ec2db80",
  "time" : {
    "start" : 1734917405189,
    "stop" : 1734917410673,
    "duration" : 5484
  },
  "status" : "broken",
  "statusMessage" : "selenium.common.exceptions.TimeoutException: Message: Can't find element by locator ('xpath', '//button[@id=\"menu_button_webpages\"]')\nStacktrace:\n#0 0x5568a36c431a <unknown>\n#1 0x5568a31da6e0 <unknown>\n#2 0x5568a32293e6 <unknown>\n#3 0x5568a3229681 <unknown>\n#4 0x5568a326eb04 <unknown>\n#5 0x5568a324d48d <unknown>\n#6 0x5568a326bed7 <unknown>\n#7 0x5568a324d203 <unknown>\n#8 0x5568a321bcc0 <unknown>\n#9 0x5568a321cc9e <unknown>\n#10 0x5568a3691d0b <unknown>\n#11 0x5568a3695c92 <unknown>\n#12 0x5568a367eb3c <unknown>\n#13 0x5568a3696807 <unknown>\n#14 0x5568a36640df <unknown>\n#15 0x5568a36b3578 <unknown>\n#16 0x5568a36b3740 <unknown>\n#17 0x5568a36c3196 <unknown>\n#18 0x7fcf4049ca94 <unknown>\n#19 0x7fcf40529c3c <unknown>",
  "statusTrace" : "self = <tests_ui.test_ui.TestProfilePage object at 0x7fda185205c0>\ndriver = <selenium.webdriver.chrome.webdriver.WebDriver (session=\"c9f3dd29160288128ab79598a057ef9a\")>\nauthorization_user = None\n\n    @allure.title('test_open_static_site_page')\n    def test_open_statistic_page(self, driver, authorization_user):\n        page = ProfilePage(driver)\n>       page.click_static_site_button()\n\ntests_ui/test_ui.py:69: \n_ _ _ _ _ _ _ _ _ _ _ _ _ _ _ _ _ _ _ _ _ _ _ _ _ _ _ _ _ _ _ _ _ _ _ _ _ _ _ _ \ntests_ui/profile_page.py:40: in click_static_site_button\n    return self.element_is_present_and_clickable(self.locators.STATIC_BUTTON).click()\ntests_ui/base_page.py:28: in element_is_present_and_clickable\n    return (Wait(self.driver, self.timeout).until(\n_ _ _ _ _ _ _ _ _ _ _ _ _ _ _ _ _ _ _ _ _ _ _ _ _ _ _ _ _ _ _ _ _ _ _ _ _ _ _ _ \n\nself = <selenium.webdriver.support.wait.WebDriverWait (session=\"c9f3dd29160288128ab79598a057ef9a\")>\nmethod = <function visibility_of_element_located.<locals>._predicate at 0x7fda179e79c0>\nmessage = 'Can\\'t find element by locator (\\'xpath\\', \\'//button[@id=\"menu_button_webpages\"]\\')'\n\n    def until(self, method: Callable[[D], Union[Literal[False], T]], message: str = \"\") -> T:\n        \"\"\"Calls the method provided with the driver as an argument until the \\\n        return value does not evaluate to ``False``.\n    \n        :param method: callable(WebDriver)\n        :param message: optional message for :exc:`TimeoutException`\n        :returns: the result of the last call to `method`\n        :raises: :exc:`selenium.common.exceptions.TimeoutException` if timeout occurs\n        \"\"\"\n        screen = None\n        stacktrace = None\n    \n        end_time = time.monotonic() + self._timeout\n        while True:\n            try:\n                value = method(self._driver)\n                if value:\n                    return value\n            except self._ignored_exceptions as exc:\n                screen = getattr(exc, \"screen\", None)\n                stacktrace = getattr(exc, \"stacktrace\", None)\n            time.sleep(self._poll)\n            if time.monotonic() > end_time:\n                break\n>       raise TimeoutException(message, screen, stacktrace)\nE       selenium.common.exceptions.TimeoutException: Message: Can't find element by locator ('xpath', '//button[@id=\"menu_button_webpages\"]')\nE       Stacktrace:\nE       #0 0x5568a36c431a <unknown>\nE       #1 0x5568a31da6e0 <unknown>\nE       #2 0x5568a32293e6 <unknown>\nE       #3 0x5568a3229681 <unknown>\nE       #4 0x5568a326eb04 <unknown>\nE       #5 0x5568a324d48d <unknown>\nE       #6 0x5568a326bed7 <unknown>\nE       #7 0x5568a324d203 <unknown>\nE       #8 0x5568a321bcc0 <unknown>\nE       #9 0x5568a321cc9e <unknown>\nE       #10 0x5568a3691d0b <unknown>\nE       #11 0x5568a3695c92 <unknown>\nE       #12 0x5568a367eb3c <unknown>\nE       #13 0x5568a3696807 <unknown>\nE       #14 0x5568a36640df <unknown>\nE       #15 0x5568a36b3578 <unknown>\nE       #16 0x5568a36b3740 <unknown>\nE       #17 0x5568a36c3196 <unknown>\nE       #18 0x7fcf4049ca94 <unknown>\nE       #19 0x7fcf40529c3c <unknown>\n\n/opt/hostedtoolcache/Python/3.12.8/x64/lib/python3.12/site-packages/selenium/webdriver/support/wait.py:105: TimeoutException",
  "flaky" : false,
  "newFailed" : false,
  "beforeStages" : [ {
    "name" : "driver",
    "time" : {
      "start" : 1734917404231,
      "stop" : 1734917404487,
      "duration" : 256
    },
    "status" : "passed",
    "steps" : [ ],
    "attachments" : [ ],
    "parameters" : [ ],
    "stepsCount" : 0,
    "attachmentsCount" : 0,
    "shouldDisplayMessage" : false,
    "hasContent" : false
  }, {
    "name" : "authorization_user",
    "time" : {
      "start" : 1734917404487,
      "stop" : 1734917405189,
      "duration" : 702
    },
    "status" : "passed",
    "steps" : [ {
      "name" : "Open page: https://oblache.areso.pro/register.html",
      "time" : {
        "start" : 1734917404487,
        "stop" : 1734917405002,
        "duration" : 515
      },
      "status" : "passed",
      "steps" : [ ],
      "attachments" : [ ],
      "parameters" : [ ],
      "stepsCount" : 0,
      "attachmentsCount" : 0,
      "shouldDisplayMessage" : false,
      "hasContent" : false
    }, {
      "name" : "Login user",
      "time" : {
        "start" : 1734917405002,
        "stop" : 1734917405189,
        "duration" : 187
      },
      "status" : "passed",
      "steps" : [ {
        "name" : "Enter email.",
        "time" : {
          "start" : 1734917405002,
          "stop" : 1734917405056,
          "duration" : 54
        },
        "status" : "passed",
        "steps" : [ ],
        "attachments" : [ ],
        "parameters" : [ ],
        "stepsCount" : 0,
        "attachmentsCount" : 0,
        "shouldDisplayMessage" : false,
        "hasContent" : false
      }, {
        "name" : "Enter password.",
        "time" : {
          "start" : 1734917405056,
          "stop" : 1734917405101,
          "duration" : 45
        },
        "status" : "passed",
        "steps" : [ ],
        "attachments" : [ ],
        "parameters" : [ ],
        "stepsCount" : 0,
        "attachmentsCount" : 0,
        "shouldDisplayMessage" : false,
        "hasContent" : false
      }, {
        "name" : "Click button \"Login\"",
        "time" : {
          "start" : 1734917405101,
          "stop" : 1734917405187,
          "duration" : 86
        },
        "status" : "passed",
        "steps" : [ ],
        "attachments" : [ ],
        "parameters" : [ ],
        "stepsCount" : 0,
        "attachmentsCount" : 0,
        "shouldDisplayMessage" : false,
        "hasContent" : false
      }, {
        "name" : "Check url is present: https://oblache.areso.pro/register.html",
        "time" : {
          "start" : 1734917405187,
          "stop" : 1734917405189,
          "duration" : 2
        },
        "status" : "passed",
        "steps" : [ ],
        "attachments" : [ ],
        "parameters" : [ ],
        "stepsCount" : 0,
        "attachmentsCount" : 0,
        "shouldDisplayMessage" : false,
        "hasContent" : false
      } ],
      "attachments" : [ ],
      "parameters" : [ ],
      "stepsCount" : 4,
      "attachmentsCount" : 0,
      "shouldDisplayMessage" : false,
      "hasContent" : true
    } ],
    "attachments" : [ ],
    "parameters" : [ ],
    "stepsCount" : 6,
    "attachmentsCount" : 0,
    "shouldDisplayMessage" : false,
    "hasContent" : true
  } ],
  "testStage" : {
    "status" : "broken",
    "statusMessage" : "selenium.common.exceptions.TimeoutException: Message: Can't find element by locator ('xpath', '//button[@id=\"menu_button_webpages\"]')\nStacktrace:\n#0 0x5568a36c431a <unknown>\n#1 0x5568a31da6e0 <unknown>\n#2 0x5568a32293e6 <unknown>\n#3 0x5568a3229681 <unknown>\n#4 0x5568a326eb04 <unknown>\n#5 0x5568a324d48d <unknown>\n#6 0x5568a326bed7 <unknown>\n#7 0x5568a324d203 <unknown>\n#8 0x5568a321bcc0 <unknown>\n#9 0x5568a321cc9e <unknown>\n#10 0x5568a3691d0b <unknown>\n#11 0x5568a3695c92 <unknown>\n#12 0x5568a367eb3c <unknown>\n#13 0x5568a3696807 <unknown>\n#14 0x5568a36640df <unknown>\n#15 0x5568a36b3578 <unknown>\n#16 0x5568a36b3740 <unknown>\n#17 0x5568a36c3196 <unknown>\n#18 0x7fcf4049ca94 <unknown>\n#19 0x7fcf40529c3c <unknown>",
    "statusTrace" : "self = <tests_ui.test_ui.TestProfilePage object at 0x7fda185205c0>\ndriver = <selenium.webdriver.chrome.webdriver.WebDriver (session=\"c9f3dd29160288128ab79598a057ef9a\")>\nauthorization_user = None\n\n    @allure.title('test_open_static_site_page')\n    def test_open_statistic_page(self, driver, authorization_user):\n        page = ProfilePage(driver)\n>       page.click_static_site_button()\n\ntests_ui/test_ui.py:69: \n_ _ _ _ _ _ _ _ _ _ _ _ _ _ _ _ _ _ _ _ _ _ _ _ _ _ _ _ _ _ _ _ _ _ _ _ _ _ _ _ \ntests_ui/profile_page.py:40: in click_static_site_button\n    return self.element_is_present_and_clickable(self.locators.STATIC_BUTTON).click()\ntests_ui/base_page.py:28: in element_is_present_and_clickable\n    return (Wait(self.driver, self.timeout).until(\n_ _ _ _ _ _ _ _ _ _ _ _ _ _ _ _ _ _ _ _ _ _ _ _ _ _ _ _ _ _ _ _ _ _ _ _ _ _ _ _ \n\nself = <selenium.webdriver.support.wait.WebDriverWait (session=\"c9f3dd29160288128ab79598a057ef9a\")>\nmethod = <function visibility_of_element_located.<locals>._predicate at 0x7fda179e79c0>\nmessage = 'Can\\'t find element by locator (\\'xpath\\', \\'//button[@id=\"menu_button_webpages\"]\\')'\n\n    def until(self, method: Callable[[D], Union[Literal[False], T]], message: str = \"\") -> T:\n        \"\"\"Calls the method provided with the driver as an argument until the \\\n        return value does not evaluate to ``False``.\n    \n        :param method: callable(WebDriver)\n        :param message: optional message for :exc:`TimeoutException`\n        :returns: the result of the last call to `method`\n        :raises: :exc:`selenium.common.exceptions.TimeoutException` if timeout occurs\n        \"\"\"\n        screen = None\n        stacktrace = None\n    \n        end_time = time.monotonic() + self._timeout\n        while True:\n            try:\n                value = method(self._driver)\n                if value:\n                    return value\n            except self._ignored_exceptions as exc:\n                screen = getattr(exc, \"screen\", None)\n                stacktrace = getattr(exc, \"stacktrace\", None)\n            time.sleep(self._poll)\n            if time.monotonic() > end_time:\n                break\n>       raise TimeoutException(message, screen, stacktrace)\nE       selenium.common.exceptions.TimeoutException: Message: Can't find element by locator ('xpath', '//button[@id=\"menu_button_webpages\"]')\nE       Stacktrace:\nE       #0 0x5568a36c431a <unknown>\nE       #1 0x5568a31da6e0 <unknown>\nE       #2 0x5568a32293e6 <unknown>\nE       #3 0x5568a3229681 <unknown>\nE       #4 0x5568a326eb04 <unknown>\nE       #5 0x5568a324d48d <unknown>\nE       #6 0x5568a326bed7 <unknown>\nE       #7 0x5568a324d203 <unknown>\nE       #8 0x5568a321bcc0 <unknown>\nE       #9 0x5568a321cc9e <unknown>\nE       #10 0x5568a3691d0b <unknown>\nE       #11 0x5568a3695c92 <unknown>\nE       #12 0x5568a367eb3c <unknown>\nE       #13 0x5568a3696807 <unknown>\nE       #14 0x5568a36640df <unknown>\nE       #15 0x5568a36b3578 <unknown>\nE       #16 0x5568a36b3740 <unknown>\nE       #17 0x5568a36c3196 <unknown>\nE       #18 0x7fcf4049ca94 <unknown>\nE       #19 0x7fcf40529c3c <unknown>\n\n/opt/hostedtoolcache/Python/3.12.8/x64/lib/python3.12/site-packages/selenium/webdriver/support/wait.py:105: TimeoutException",
    "steps" : [ {
      "name" : "Click \"Static site\" button.",
      "time" : {
        "start" : 1734917405190,
        "stop" : 1734917410672,
        "duration" : 5482
      },
      "status" : "broken",
      "statusMessage" : "selenium.common.exceptions.TimeoutException: Message: Can't find element by locator ('xpath', '//button[@id=\"menu_button_webpages\"]')\nStacktrace:\n#0 0x5568a36c431a <unknown>\n#1 0x5568a31da6e0 <unknown>\n#2 0x5568a32293e6 <unknown>\n#3 0x5568a3229681 <unknown>\n#4 0x5568a326eb04 <unknown>\n#5 0x5568a324d48d <unknown>\n#6 0x5568a326bed7 <unknown>\n#7 0x5568a324d203 <unknown>\n#8 0x5568a321bcc0 <unknown>\n#9 0x5568a321cc9e <unknown>\n#10 0x5568a3691d0b <unknown>\n#11 0x5568a3695c92 <unknown>\n#12 0x5568a367eb3c <unknown>\n#13 0x5568a3696807 <unknown>\n#14 0x5568a36640df <unknown>\n#15 0x5568a36b3578 <unknown>\n#16 0x5568a36b3740 <unknown>\n#17 0x5568a36c3196 <unknown>\n#18 0x7fcf4049ca94 <unknown>\n#19 0x7fcf40529c3c <unknown>\n\n",
      "statusTrace" : "  File \"/home/runner/work/Oblache/Oblache/tests_ui/profile_page.py\", line 40, in click_static_site_button\n    return self.element_is_present_and_clickable(self.locators.STATIC_BUTTON).click()\n           ^^^^^^^^^^^^^^^^^^^^^^^^^^^^^^^^^^^^^^^^^^^^^^^^^^^^^^^^^^^^^^^^^^\n  File \"/home/runner/work/Oblache/Oblache/tests_ui/base_page.py\", line 28, in element_is_present_and_clickable\n    return (Wait(self.driver, self.timeout).until(\n            ^^^^^^^^^^^^^^^^^^^^^^^^^^^^^^^^^^^^^^\n  File \"/opt/hostedtoolcache/Python/3.12.8/x64/lib/python3.12/site-packages/selenium/webdriver/support/wait.py\", line 105, in until\n    raise TimeoutException(message, screen, stacktrace)\n",
      "steps" : [ ],
      "attachments" : [ ],
      "parameters" : [ ],
      "stepsCount" : 0,
      "attachmentsCount" : 0,
      "shouldDisplayMessage" : true,
      "hasContent" : true
    } ],
    "attachments" : [ {
      "uid" : "7e716a5817a23c4c",
      "name" : "Screenshot 2024-12-23 01:30:10.785094",
      "source" : "7e716a5817a23c4c.png",
      "type" : "image/png",
      "size" : 38409
    } ],
    "parameters" : [ ],
    "stepsCount" : 1,
    "attachmentsCount" : 1,
    "shouldDisplayMessage" : true,
    "hasContent" : true
  },
  "afterStages" : [ {
    "name" : "driver::0",
    "time" : {
      "start" : 1734917410786,
      "stop" : 1734917410852,
      "duration" : 66
    },
    "status" : "passed",
    "steps" : [ ],
    "attachments" : [ ],
    "parameters" : [ ],
    "stepsCount" : 0,
    "attachmentsCount" : 0,
    "shouldDisplayMessage" : false,
    "hasContent" : false
  } ],
  "labels" : [ {
    "name" : "suite",
    "value" : "Test Profile Page."
  }, {
    "name" : "parentSuite",
    "value" : "tests_ui"
  }, {
    "name" : "subSuite",
    "value" : "TestProfilePage"
  }, {
    "name" : "host",
    "value" : "fv-az1694-299"
  }, {
    "name" : "thread",
    "value" : "2439-MainThread"
  }, {
    "name" : "framework",
    "value" : "pytest"
  }, {
    "name" : "language",
    "value" : "cpython3"
  }, {
    "name" : "package",
    "value" : "tests_ui.test_ui"
  }, {
    "name" : "resultFormat",
    "value" : "allure2"
  } ],
  "parameters" : [ ],
  "links" : [ ],
  "hidden" : false,
  "retry" : false,
  "extra" : {
    "severity" : "normal",
    "retries" : [ ],
    "categories" : [ {
      "name" : "Test defects",
      "matchedStatuses" : [ ],
      "flaky" : false
    } ],
    "history" : {
      "statistic" : {
        "failed" : 0,
        "broken" : 96,
        "skipped" : 0,
        "passed" : 1,
        "unknown" : 0,
        "total" : 97
      },
      "items" : [ {
        "uid" : "a7f701f566ce3dc5",
        "reportUrl" : "https://Areso.github.io/Oblache/255//#testresult/a7f701f566ce3dc5",
        "status" : "broken",
        "statusDetails" : "selenium.common.exceptions.TimeoutException: Message: Can't find element by locator ('xpath', '//button[@id=\"menu_button_webpages\"]')\nStacktrace:\n#0 0x563c4a40b31a <unknown>\n#1 0x563c49f216e0 <unknown>\n#2 0x563c49f703e6 <unknown>\n#3 0x563c49f70681 <unknown>\n#4 0x563c49fb5b04 <unknown>\n#5 0x563c49f9448d <unknown>\n#6 0x563c49fb2ed7 <unknown>\n#7 0x563c49f94203 <unknown>\n#8 0x563c49f62cc0 <unknown>\n#9 0x563c49f63c9e <unknown>\n#10 0x563c4a3d8d0b <unknown>\n#11 0x563c4a3dcc92 <unknown>\n#12 0x563c4a3c5b3c <unknown>\n#13 0x563c4a3dd807 <unknown>\n#14 0x563c4a3ab0df <unknown>\n#15 0x563c4a3fa578 <unknown>\n#16 0x563c4a3fa740 <unknown>\n#17 0x563c4a40a196 <unknown>\n#18 0x7fd69809ca94 <unknown>\n#19 0x7fd698129c3c <unknown>",
        "time" : {
          "start" : 1734831713451,
          "stop" : 1734831718867,
          "duration" : 5416
        }
      }, {
        "uid" : "1d4d001e555467d9",
        "reportUrl" : "https://Areso.github.io/Oblache/254//#testresult/1d4d001e555467d9",
        "status" : "broken",
        "statusDetails" : "selenium.common.exceptions.TimeoutException: Message: Can't find element by locator ('xpath', '//button[@id=\"menu_button_webpages\"]')\nStacktrace:\n#0 0x55f4f878a31a <unknown>\n#1 0x55f4f82a06e0 <unknown>\n#2 0x55f4f82ef3e6 <unknown>\n#3 0x55f4f82ef681 <unknown>\n#4 0x55f4f8334b04 <unknown>\n#5 0x55f4f831348d <unknown>\n#6 0x55f4f8331ed7 <unknown>\n#7 0x55f4f8313203 <unknown>\n#8 0x55f4f82e1cc0 <unknown>\n#9 0x55f4f82e2c9e <unknown>\n#10 0x55f4f8757d0b <unknown>\n#11 0x55f4f875bc92 <unknown>\n#12 0x55f4f8744b3c <unknown>\n#13 0x55f4f875c807 <unknown>\n#14 0x55f4f872a0df <unknown>\n#15 0x55f4f8779578 <unknown>\n#16 0x55f4f8779740 <unknown>\n#17 0x55f4f8789196 <unknown>\n#18 0x7f7e0b89ca94 <unknown>\n#19 0x7f7e0b929c3c <unknown>",
        "time" : {
          "start" : 1734744412318,
          "stop" : 1734744417765,
          "duration" : 5447
        }
      }, {
        "uid" : "dfd865299a346f49",
        "reportUrl" : "https://Areso.github.io/Oblache/253//#testresult/dfd865299a346f49",
        "status" : "broken",
        "statusDetails" : "selenium.common.exceptions.TimeoutException: Message: Can't find element by locator ('xpath', '//button[@id=\"menu_button_webpages\"]')\nStacktrace:\n#0 0x55902e66a31a <unknown>\n#1 0x55902e1806e0 <unknown>\n#2 0x55902e1cf3e6 <unknown>\n#3 0x55902e1cf681 <unknown>\n#4 0x55902e214b04 <unknown>\n#5 0x55902e1f348d <unknown>\n#6 0x55902e211ed7 <unknown>\n#7 0x55902e1f3203 <unknown>\n#8 0x55902e1c1cc0 <unknown>\n#9 0x55902e1c2c9e <unknown>\n#10 0x55902e637d0b <unknown>\n#11 0x55902e63bc92 <unknown>\n#12 0x55902e624b3c <unknown>\n#13 0x55902e63c807 <unknown>\n#14 0x55902e60a0df <unknown>\n#15 0x55902e659578 <unknown>\n#16 0x55902e659740 <unknown>\n#17 0x55902e669196 <unknown>\n#18 0x7f4f2369ca94 <unknown>\n#19 0x7f4f23729c3c <unknown>",
        "time" : {
          "start" : 1734658132442,
          "stop" : 1734658137890,
          "duration" : 5448
        }
      }, {
        "uid" : "4ced22b76e446236",
        "reportUrl" : "https://Areso.github.io/Oblache/252//#testresult/4ced22b76e446236",
        "status" : "broken",
        "statusDetails" : "selenium.common.exceptions.TimeoutException: Message: Can't find element by locator ('xpath', '//button[@id=\"menu_button_webpages\"]')\nStacktrace:\n#0 0x55f44492731a <unknown>\n#1 0x55f44443d6e0 <unknown>\n#2 0x55f44448c3e6 <unknown>\n#3 0x55f44448c681 <unknown>\n#4 0x55f4444d1b04 <unknown>\n#5 0x55f4444b048d <unknown>\n#6 0x55f4444ceed7 <unknown>\n#7 0x55f4444b0203 <unknown>\n#8 0x55f44447ecc0 <unknown>\n#9 0x55f44447fc9e <unknown>\n#10 0x55f4448f4d0b <unknown>\n#11 0x55f4448f8c92 <unknown>\n#12 0x55f4448e1b3c <unknown>\n#13 0x55f4448f9807 <unknown>\n#14 0x55f4448c70df <unknown>\n#15 0x55f444916578 <unknown>\n#16 0x55f444916740 <unknown>\n#17 0x55f444926196 <unknown>\n#18 0x7f4d5329ca94 <unknown>\n#19 0x7f4d53329c3c <unknown>",
        "time" : {
          "start" : 1734572541492,
          "stop" : 1734572546951,
          "duration" : 5459
        }
      }, {
        "uid" : "f6cbbaff34dd08ce",
        "reportUrl" : "https://Areso.github.io/Oblache/250//#testresult/f6cbbaff34dd08ce",
        "status" : "broken",
        "statusDetails" : "selenium.common.exceptions.TimeoutException: Message: Can't find element by locator ('xpath', '//button[@id=\"menu_button_webpages\"]')\nStacktrace:\n#0 0x55fa4de5334a <unknown>\n#1 0x55fa4d9696e0 <unknown>\n#2 0x55fa4d9b83e6 <unknown>\n#3 0x55fa4d9b8681 <unknown>\n#4 0x55fa4d9fdb04 <unknown>\n#5 0x55fa4d9dc48d <unknown>\n#6 0x55fa4d9faed7 <unknown>\n#7 0x55fa4d9dc203 <unknown>\n#8 0x55fa4d9aacc0 <unknown>\n#9 0x55fa4d9abc9e <unknown>\n#10 0x55fa4de20d3b <unknown>\n#11 0x55fa4de24cc2 <unknown>\n#12 0x55fa4de0db6c <unknown>\n#13 0x55fa4de25837 <unknown>\n#14 0x55fa4ddf310f <unknown>\n#15 0x55fa4de425a8 <unknown>\n#16 0x55fa4de42770 <unknown>\n#17 0x55fa4de521c6 <unknown>\n#18 0x7f63ace9ca94 <unknown>\n#19 0x7f63acf29c3c <unknown>",
        "time" : {
          "start" : 1734399833990,
          "stop" : 1734399839422,
          "duration" : 5432
        }
      }, {
        "uid" : "4e2088eac59ba564",
        "reportUrl" : "https://Areso.github.io/Oblache/249//#testresult/4e2088eac59ba564",
        "status" : "broken",
        "statusDetails" : "selenium.common.exceptions.TimeoutException: Message: Can't find element by locator ('xpath', '//button[@id=\"menu_button_webpages\"]')\nStacktrace:\n#0 0x55e6b074e31a <unknown>\n#1 0x55e6b02646e0 <unknown>\n#2 0x55e6b02b33e6 <unknown>\n#3 0x55e6b02b3681 <unknown>\n#4 0x55e6b02f8b04 <unknown>\n#5 0x55e6b02d748d <unknown>\n#6 0x55e6b02f5ed7 <unknown>\n#7 0x55e6b02d7203 <unknown>\n#8 0x55e6b02a5cc0 <unknown>\n#9 0x55e6b02a6c9e <unknown>\n#10 0x55e6b071bd0b <unknown>\n#11 0x55e6b071fc92 <unknown>\n#12 0x55e6b0708b3c <unknown>\n#13 0x55e6b0720807 <unknown>\n#14 0x55e6b06ee0df <unknown>\n#15 0x55e6b073d578 <unknown>\n#16 0x55e6b073d740 <unknown>\n#17 0x55e6b074d196 <unknown>\n#18 0x7f8ef9a94ac3 <unknown>",
        "time" : {
          "start" : 1734313692519,
          "stop" : 1734313697617,
          "duration" : 5098
        }
      }, {
        "uid" : "cce53c8c5f0c1727",
        "reportUrl" : "https://Areso.github.io/Oblache/248//#testresult/cce53c8c5f0c1727",
        "status" : "broken",
        "statusDetails" : "selenium.common.exceptions.TimeoutException: Message: Can't find element by locator ('xpath', '//button[@id=\"menu_button_webpages\"]')\nStacktrace:\n#0 0x5586932fa31a <unknown>\n#1 0x558692e106e0 <unknown>\n#2 0x558692e5f3e6 <unknown>\n#3 0x558692e5f681 <unknown>\n#4 0x558692ea4b04 <unknown>\n#5 0x558692e8348d <unknown>\n#6 0x558692ea1ed7 <unknown>\n#7 0x558692e83203 <unknown>\n#8 0x558692e51cc0 <unknown>\n#9 0x558692e52c9e <unknown>\n#10 0x5586932c7d0b <unknown>\n#11 0x5586932cbc92 <unknown>\n#12 0x5586932b4b3c <unknown>\n#13 0x5586932cc807 <unknown>\n#14 0x55869329a0df <unknown>\n#15 0x5586932e9578 <unknown>\n#16 0x5586932e9740 <unknown>\n#17 0x5586932f9196 <unknown>\n#18 0x7f2195494ac3 <unknown>",
        "time" : {
          "start" : 1734227397484,
          "stop" : 1734227402546,
          "duration" : 5062
        }
      }, {
        "uid" : "961a318e67c5c9a5",
        "reportUrl" : "https://Areso.github.io/Oblache/247//#testresult/961a318e67c5c9a5",
        "status" : "broken",
        "statusDetails" : "selenium.common.exceptions.TimeoutException: Message: Can't find element by locator ('xpath', '//button[@id=\"menu_button_webpages\"]')\nStacktrace:\n#0 0x559fae67931a <unknown>\n#1 0x559fae18f6e0 <unknown>\n#2 0x559fae1de3e6 <unknown>\n#3 0x559fae1de681 <unknown>\n#4 0x559fae223b04 <unknown>\n#5 0x559fae20248d <unknown>\n#6 0x559fae220ed7 <unknown>\n#7 0x559fae202203 <unknown>\n#8 0x559fae1d0cc0 <unknown>\n#9 0x559fae1d1c9e <unknown>\n#10 0x559fae646d0b <unknown>\n#11 0x559fae64ac92 <unknown>\n#12 0x559fae633b3c <unknown>\n#13 0x559fae64b807 <unknown>\n#14 0x559fae6190df <unknown>\n#15 0x559fae668578 <unknown>\n#16 0x559fae668740 <unknown>\n#17 0x559fae678196 <unknown>\n#18 0x7f527bc94ac3 <unknown>",
        "time" : {
          "start" : 1734140460609,
          "stop" : 1734140466062,
          "duration" : 5453
        }
      }, {
        "uid" : "b9ca2f0bb700b82f",
        "reportUrl" : "https://Areso.github.io/Oblache/246//#testresult/b9ca2f0bb700b82f",
        "status" : "broken",
        "statusDetails" : "selenium.common.exceptions.TimeoutException: Message: Can't find element by locator ('xpath', '//button[@id=\"menu_button_webpages\"]')\nStacktrace:\n#0 0x55f6cbe9431a <unknown>\n#1 0x55f6cb9aa6e0 <unknown>\n#2 0x55f6cb9f93e6 <unknown>\n#3 0x55f6cb9f9681 <unknown>\n#4 0x55f6cba3eb04 <unknown>\n#5 0x55f6cba1d48d <unknown>\n#6 0x55f6cba3bed7 <unknown>\n#7 0x55f6cba1d203 <unknown>\n#8 0x55f6cb9ebcc0 <unknown>\n#9 0x55f6cb9ecc9e <unknown>\n#10 0x55f6cbe61d0b <unknown>\n#11 0x55f6cbe65c92 <unknown>\n#12 0x55f6cbe4eb3c <unknown>\n#13 0x55f6cbe66807 <unknown>\n#14 0x55f6cbe340df <unknown>\n#15 0x55f6cbe83578 <unknown>\n#16 0x55f6cbe83740 <unknown>\n#17 0x55f6cbe93196 <unknown>\n#18 0x7fe4ebc94ac3 <unknown>",
        "time" : {
          "start" : 1734054312221,
          "stop" : 1734054317699,
          "duration" : 5478
        }
      }, {
        "uid" : "ba6dd64fdd78e871",
        "reportUrl" : "https://Areso.github.io/Oblache/245//#testresult/ba6dd64fdd78e871",
        "status" : "broken",
        "statusDetails" : "selenium.common.exceptions.TimeoutException: Message: Can't find element by locator ('xpath', '//button[@id=\"menu_button_webpages\"]')\nStacktrace:\n#0 0x562c49b3d31a <unknown>\n#1 0x562c496536e0 <unknown>\n#2 0x562c496a23e6 <unknown>\n#3 0x562c496a2681 <unknown>\n#4 0x562c496e7b04 <unknown>\n#5 0x562c496c648d <unknown>\n#6 0x562c496e4ed7 <unknown>\n#7 0x562c496c6203 <unknown>\n#8 0x562c49694cc0 <unknown>\n#9 0x562c49695c9e <unknown>\n#10 0x562c49b0ad0b <unknown>\n#11 0x562c49b0ec92 <unknown>\n#12 0x562c49af7b3c <unknown>\n#13 0x562c49b0f807 <unknown>\n#14 0x562c49add0df <unknown>\n#15 0x562c49b2c578 <unknown>\n#16 0x562c49b2c740 <unknown>\n#17 0x562c49b3c196 <unknown>\n#18 0x7f6f7da94ac3 <unknown>",
        "time" : {
          "start" : 1733967849504,
          "stop" : 1733967854978,
          "duration" : 5474
        }
      }, {
        "uid" : "21a2ef0952501847",
        "reportUrl" : "https://Areso.github.io/Oblache/244//#testresult/21a2ef0952501847",
        "status" : "broken",
        "statusDetails" : "selenium.common.exceptions.TimeoutException: Message: Can't find element by locator ('xpath', '//button[@id=\"menu_button_webpages\"]')\nStacktrace:\n#0 0x55b30008631a <unknown>\n#1 0x55b2ffb9c6e0 <unknown>\n#2 0x55b2ffbeb3e6 <unknown>\n#3 0x55b2ffbeb681 <unknown>\n#4 0x55b2ffc30b04 <unknown>\n#5 0x55b2ffc0f48d <unknown>\n#6 0x55b2ffc2ded7 <unknown>\n#7 0x55b2ffc0f203 <unknown>\n#8 0x55b2ffbddcc0 <unknown>\n#9 0x55b2ffbdec9e <unknown>\n#10 0x55b300053d0b <unknown>\n#11 0x55b300057c92 <unknown>\n#12 0x55b300040b3c <unknown>\n#13 0x55b300058807 <unknown>\n#14 0x55b3000260df <unknown>\n#15 0x55b300075578 <unknown>\n#16 0x55b300075740 <unknown>\n#17 0x55b300085196 <unknown>\n#18 0x7f166ce94ac3 <unknown>",
        "time" : {
          "start" : 1733881502268,
          "stop" : 1733881507732,
          "duration" : 5464
        }
      }, {
        "uid" : "f4c1c4b03ed78201",
        "reportUrl" : "https://Areso.github.io/Oblache/243//#testresult/f4c1c4b03ed78201",
        "status" : "broken",
        "statusDetails" : "selenium.common.exceptions.TimeoutException: Message: Can't find element by locator ('xpath', '//button[@id=\"menu_button_webpages\"]')\nStacktrace:\n#0 0x561610c4731a <unknown>\n#1 0x56161075d6e0 <unknown>\n#2 0x5616107ac3e6 <unknown>\n#3 0x5616107ac681 <unknown>\n#4 0x5616107f1b04 <unknown>\n#5 0x5616107d048d <unknown>\n#6 0x5616107eeed7 <unknown>\n#7 0x5616107d0203 <unknown>\n#8 0x56161079ecc0 <unknown>\n#9 0x56161079fc9e <unknown>\n#10 0x561610c14d0b <unknown>\n#11 0x561610c18c92 <unknown>\n#12 0x561610c01b3c <unknown>\n#13 0x561610c19807 <unknown>\n#14 0x561610be70df <unknown>\n#15 0x561610c36578 <unknown>\n#16 0x561610c36740 <unknown>\n#17 0x561610c46196 <unknown>\n#18 0x7f7a70c94ac3 <unknown>",
        "time" : {
          "start" : 1733795161660,
          "stop" : 1733795167085,
          "duration" : 5425
        }
      }, {
        "uid" : "365efc8ee5c335d8",
        "reportUrl" : "https://Areso.github.io/Oblache/242//#testresult/365efc8ee5c335d8",
        "status" : "broken",
        "statusDetails" : "selenium.common.exceptions.TimeoutException: Message: Can't find element by locator ('xpath', '//button[@id=\"menu_button_webpages\"]')\nStacktrace:\n#0 0x55c66229531a <unknown>\n#1 0x55c661dab6e0 <unknown>\n#2 0x55c661dfa3e6 <unknown>\n#3 0x55c661dfa681 <unknown>\n#4 0x55c661e3fb04 <unknown>\n#5 0x55c661e1e48d <unknown>\n#6 0x55c661e3ced7 <unknown>\n#7 0x55c661e1e203 <unknown>\n#8 0x55c661deccc0 <unknown>\n#9 0x55c661dedc9e <unknown>\n#10 0x55c662262d0b <unknown>\n#11 0x55c662266c92 <unknown>\n#12 0x55c66224fb3c <unknown>\n#13 0x55c662267807 <unknown>\n#14 0x55c6622350df <unknown>\n#15 0x55c662284578 <unknown>\n#16 0x55c662284740 <unknown>\n#17 0x55c662294196 <unknown>\n#18 0x7f5a76e94ac3 <unknown>",
        "time" : {
          "start" : 1733708836216,
          "stop" : 1733708841680,
          "duration" : 5464
        }
      }, {
        "uid" : "ecda0a39284e069b",
        "reportUrl" : "https://Areso.github.io/Oblache/241//#testresult/ecda0a39284e069b",
        "status" : "broken",
        "statusDetails" : "selenium.common.exceptions.TimeoutException: Message: Can't find element by locator ('xpath', '//button[@id=\"menu_button_webpages\"]')\nStacktrace:\n#0 0x56483e9ba31a <unknown>\n#1 0x56483e4d06e0 <unknown>\n#2 0x56483e51f3e6 <unknown>\n#3 0x56483e51f681 <unknown>\n#4 0x56483e564b04 <unknown>\n#5 0x56483e54348d <unknown>\n#6 0x56483e561ed7 <unknown>\n#7 0x56483e543203 <unknown>\n#8 0x56483e511cc0 <unknown>\n#9 0x56483e512c9e <unknown>\n#10 0x56483e987d0b <unknown>\n#11 0x56483e98bc92 <unknown>\n#12 0x56483e974b3c <unknown>\n#13 0x56483e98c807 <unknown>\n#14 0x56483e95a0df <unknown>\n#15 0x56483e9a9578 <unknown>\n#16 0x56483e9a9740 <unknown>\n#17 0x56483e9b9196 <unknown>\n#18 0x7fb3d4694ac3 <unknown>",
        "time" : {
          "start" : 1733622628442,
          "stop" : 1733622633528,
          "duration" : 5086
        }
      }, {
        "uid" : "283cb8b71f859726",
        "reportUrl" : "https://Areso.github.io/Oblache/240//#testresult/283cb8b71f859726",
        "status" : "broken",
        "statusDetails" : "selenium.common.exceptions.TimeoutException: Message: Can't find element by locator ('xpath', '//button[@id=\"menu_button_webpages\"]')\nStacktrace:\n#0 0x55b25e28a31a <unknown>\n#1 0x55b25dda06e0 <unknown>\n#2 0x55b25ddef3e6 <unknown>\n#3 0x55b25ddef681 <unknown>\n#4 0x55b25de34b04 <unknown>\n#5 0x55b25de1348d <unknown>\n#6 0x55b25de31ed7 <unknown>\n#7 0x55b25de13203 <unknown>\n#8 0x55b25dde1cc0 <unknown>\n#9 0x55b25dde2c9e <unknown>\n#10 0x55b25e257d0b <unknown>\n#11 0x55b25e25bc92 <unknown>\n#12 0x55b25e244b3c <unknown>\n#13 0x55b25e25c807 <unknown>\n#14 0x55b25e22a0df <unknown>\n#15 0x55b25e279578 <unknown>\n#16 0x55b25e279740 <unknown>\n#17 0x55b25e289196 <unknown>\n#18 0x7ff8c4694ac3 <unknown>",
        "time" : {
          "start" : 1733535716894,
          "stop" : 1733535722349,
          "duration" : 5455
        }
      }, {
        "uid" : "5168dd5bc63fe753",
        "reportUrl" : "https://Areso.github.io/Oblache/239//#testresult/5168dd5bc63fe753",
        "status" : "broken",
        "statusDetails" : "selenium.common.exceptions.TimeoutException: Message: Can't find element by locator ('xpath', '//button[@id=\"menu_button_webpages\"]')\nStacktrace:\n#0 0x5556fe27431a <unknown>\n#1 0x5556fdd8a6e0 <unknown>\n#2 0x5556fddd93e6 <unknown>\n#3 0x5556fddd9681 <unknown>\n#4 0x5556fde1eb04 <unknown>\n#5 0x5556fddfd48d <unknown>\n#6 0x5556fde1bed7 <unknown>\n#7 0x5556fddfd203 <unknown>\n#8 0x5556fddcbcc0 <unknown>\n#9 0x5556fddccc9e <unknown>\n#10 0x5556fe241d0b <unknown>\n#11 0x5556fe245c92 <unknown>\n#12 0x5556fe22eb3c <unknown>\n#13 0x5556fe246807 <unknown>\n#14 0x5556fe2140df <unknown>\n#15 0x5556fe263578 <unknown>\n#16 0x5556fe263740 <unknown>\n#17 0x5556fe273196 <unknown>\n#18 0x7fee45894ac3 <unknown>",
        "time" : {
          "start" : 1733449376050,
          "stop" : 1733449381120,
          "duration" : 5070
        }
      }, {
        "uid" : "8f53b7de5398ab03",
        "reportUrl" : "https://Areso.github.io/Oblache/238//#testresult/8f53b7de5398ab03",
        "status" : "broken",
        "statusDetails" : "selenium.common.exceptions.TimeoutException: Message: Can't find element by locator ('xpath', '//button[@id=\"menu_button_webpages\"]')\nStacktrace:\n#0 0x55c82c1eb31a <unknown>\n#1 0x55c82bd016e0 <unknown>\n#2 0x55c82bd503e6 <unknown>\n#3 0x55c82bd50681 <unknown>\n#4 0x55c82bd95b04 <unknown>\n#5 0x55c82bd7448d <unknown>\n#6 0x55c82bd92ed7 <unknown>\n#7 0x55c82bd74203 <unknown>\n#8 0x55c82bd42cc0 <unknown>\n#9 0x55c82bd43c9e <unknown>\n#10 0x55c82c1b8d0b <unknown>\n#11 0x55c82c1bcc92 <unknown>\n#12 0x55c82c1a5b3c <unknown>\n#13 0x55c82c1bd807 <unknown>\n#14 0x55c82c18b0df <unknown>\n#15 0x55c82c1da578 <unknown>\n#16 0x55c82c1da740 <unknown>\n#17 0x55c82c1ea196 <unknown>\n#18 0x7fcdd1e94ac3 <unknown>",
        "time" : {
          "start" : 1733363034913,
          "stop" : 1733363039979,
          "duration" : 5066
        }
      }, {
        "uid" : "15df29b90d67b4c8",
        "reportUrl" : "https://Areso.github.io/Oblache/237//#testresult/15df29b90d67b4c8",
        "status" : "broken",
        "statusDetails" : "selenium.common.exceptions.TimeoutException: Message: Can't find element by locator ('xpath', '//button[@id=\"menu_button_webpages\"]')\nStacktrace:\n#0 0x55e5825c231a <unknown>\n#1 0x55e5820d86e0 <unknown>\n#2 0x55e5821273e6 <unknown>\n#3 0x55e582127681 <unknown>\n#4 0x55e58216cb04 <unknown>\n#5 0x55e58214b48d <unknown>\n#6 0x55e582169ed7 <unknown>\n#7 0x55e58214b203 <unknown>\n#8 0x55e582119cc0 <unknown>\n#9 0x55e58211ac9e <unknown>\n#10 0x55e58258fd0b <unknown>\n#11 0x55e582593c92 <unknown>\n#12 0x55e58257cb3c <unknown>\n#13 0x55e582594807 <unknown>\n#14 0x55e5825620df <unknown>\n#15 0x55e5825b1578 <unknown>\n#16 0x55e5825b1740 <unknown>\n#17 0x55e5825c1196 <unknown>\n#18 0x7f7952694ac3 <unknown>",
        "time" : {
          "start" : 1733276708784,
          "stop" : 1733276714248,
          "duration" : 5464
        }
      }, {
        "uid" : "f8999047e6871b6",
        "reportUrl" : "https://Areso.github.io/Oblache/236//#testresult/f8999047e6871b6",
        "status" : "broken",
        "statusDetails" : "selenium.common.exceptions.TimeoutException: Message: Can't find element by locator ('xpath', '//button[@id=\"menu_button_webpages\"]')\nStacktrace:\n#0 0x55ff188c931a <unknown>\n#1 0x55ff183df6e0 <unknown>\n#2 0x55ff1842e3e6 <unknown>\n#3 0x55ff1842e681 <unknown>\n#4 0x55ff18473b04 <unknown>\n#5 0x55ff1845248d <unknown>\n#6 0x55ff18470ed7 <unknown>\n#7 0x55ff18452203 <unknown>\n#8 0x55ff18420cc0 <unknown>\n#9 0x55ff18421c9e <unknown>\n#10 0x55ff18896d0b <unknown>\n#11 0x55ff1889ac92 <unknown>\n#12 0x55ff18883b3c <unknown>\n#13 0x55ff1889b807 <unknown>\n#14 0x55ff188690df <unknown>\n#15 0x55ff188b8578 <unknown>\n#16 0x55ff188b8740 <unknown>\n#17 0x55ff188c8196 <unknown>\n#18 0x7fcee8094ac3 <unknown>",
        "time" : {
          "start" : 1733190234261,
          "stop" : 1733190239331,
          "duration" : 5070
        }
      }, {
        "uid" : "146cb6b20fa410b9",
        "reportUrl" : "https://Areso.github.io/Oblache/235//#testresult/146cb6b20fa410b9",
        "status" : "broken",
        "statusDetails" : "selenium.common.exceptions.TimeoutException: Message: Can't find element by locator ('xpath', '//button[@id=\"menu_button_webpages\"]')\nStacktrace:\n#0 0x5581f6ca131a <unknown>\n#1 0x5581f67b76e0 <unknown>\n#2 0x5581f68063e6 <unknown>\n#3 0x5581f6806681 <unknown>\n#4 0x5581f684bb04 <unknown>\n#5 0x5581f682a48d <unknown>\n#6 0x5581f6848ed7 <unknown>\n#7 0x5581f682a203 <unknown>\n#8 0x5581f67f8cc0 <unknown>\n#9 0x5581f67f9c9e <unknown>\n#10 0x5581f6c6ed0b <unknown>\n#11 0x5581f6c72c92 <unknown>\n#12 0x5581f6c5bb3c <unknown>\n#13 0x5581f6c73807 <unknown>\n#14 0x5581f6c410df <unknown>\n#15 0x5581f6c90578 <unknown>\n#16 0x5581f6c90740 <unknown>\n#17 0x5581f6ca0196 <unknown>\n#18 0x7f6914094ac3 <unknown>",
        "time" : {
          "start" : 1733103903428,
          "stop" : 1733103908891,
          "duration" : 5463
        }
      } ]
    },
    "tags" : [ ]
  },
  "source" : "787d9a3cc00b02ab.json",
  "parameterValues" : [ ]
}