{
  "uid" : "723e3f9d9599bc5e",
  "name" : "test_create_database",
  "fullName" : "tests_ui.test_ui.TestProfilePage#test_create_database",
  "historyId" : "4762f7b87391625d86f9ea8dbdd3b406",
  "time" : {
    "start" : 1745113878770,
    "stop" : 1745113886737,
    "duration" : 7967
  },
  "status" : "broken",
  "statusMessage" : "selenium.common.exceptions.TimeoutException: Message: Can't find element by locator ('xpath', '//div[@id=\"msg_from_server\"]')",
  "statusTrace" : "self = <tests_ui.test_ui.TestProfilePage object at 0x7f63e35db230>\ndriver = <selenium.webdriver.chrome.webdriver.WebDriver (session=\"81773f93d85643e72586b45637ebcd23\")>\nauthorization_user = None\n\n    @allure.title('test_create_database')\n    def test_create_database(self, driver, authorization_user):\n        page = ProfilePage(driver, authorization_user)\n>       page.compare_database_status()\n\ntests_ui/test_ui.py:83: \n_ _ _ _ _ _ _ _ _ _ _ _ _ _ _ _ _ _ _ _ _ _ _ _ _ _ _ _ _ _ _ _ _ _ _ _ _ _ _ _ \ntests_ui/profile_page.py:150: in compare_database_status\n    msg = self.element_is_visible(self.locators.MSG_FROM_SERVER).text\ntests_ui/base_page.py:34: in element_is_visible\n    return Wait(self.driver, self.timeout).until(\n_ _ _ _ _ _ _ _ _ _ _ _ _ _ _ _ _ _ _ _ _ _ _ _ _ _ _ _ _ _ _ _ _ _ _ _ _ _ _ _ \n\nself = <selenium.webdriver.support.wait.WebDriverWait (session=\"81773f93d85643e72586b45637ebcd23\")>\nmethod = <function visibility_of_element_located.<locals>._predicate at 0x7f63e26aef20>\nmessage = 'Can\\'t find element by locator (\\'xpath\\', \\'//div[@id=\"msg_from_server\"]\\')'\n\n    def until(self, method: Callable[[D], Union[Literal[False], T]], message: str = \"\") -> T:\n        \"\"\"Calls the method provided with the driver as an argument until the \\\n        return value does not evaluate to ``False``.\n    \n        :param method: callable(WebDriver)\n        :param message: optional message for :exc:`TimeoutException`\n        :returns: the result of the last call to `method`\n        :raises: :exc:`selenium.common.exceptions.TimeoutException` if timeout occurs\n        \"\"\"\n        screen = None\n        stacktrace = None\n    \n        end_time = time.monotonic() + self._timeout\n        while True:\n            try:\n                value = method(self._driver)\n                if value:\n                    return value\n            except self._ignored_exceptions as exc:\n                screen = getattr(exc, \"screen\", None)\n                stacktrace = getattr(exc, \"stacktrace\", None)\n            time.sleep(self._poll)\n            if time.monotonic() > end_time:\n                break\n>       raise TimeoutException(message, screen, stacktrace)\nE       selenium.common.exceptions.TimeoutException: Message: Can't find element by locator ('xpath', '//div[@id=\"msg_from_server\"]')\n\n/opt/hostedtoolcache/Python/3.12.10/x64/lib/python3.12/site-packages/selenium/webdriver/support/wait.py:105: TimeoutException",
  "flaky" : false,
  "newFailed" : false,
  "beforeStages" : [ {
    "name" : "driver",
    "time" : {
      "start" : 1745113877931,
      "stop" : 1745113878267,
      "duration" : 336
    },
    "status" : "passed",
    "steps" : [ ],
    "attachments" : [ ],
    "parameters" : [ ],
    "attachmentsCount" : 0,
    "shouldDisplayMessage" : false,
    "hasContent" : false,
    "stepsCount" : 0
  }, {
    "name" : "authorization_user",
    "time" : {
      "start" : 1745113878267,
      "stop" : 1745113878769,
      "duration" : 502
    },
    "status" : "passed",
    "steps" : [ {
      "name" : "Open page: https://oblache.areso.pro/register.html",
      "time" : {
        "start" : 1745113878267,
        "stop" : 1745113878579,
        "duration" : 312
      },
      "status" : "passed",
      "steps" : [ ],
      "attachments" : [ ],
      "parameters" : [ ],
      "attachmentsCount" : 0,
      "shouldDisplayMessage" : false,
      "hasContent" : false,
      "stepsCount" : 0
    }, {
      "name" : "Login user",
      "time" : {
        "start" : 1745113878579,
        "stop" : 1745113878769,
        "duration" : 190
      },
      "status" : "passed",
      "steps" : [ {
        "name" : "Enter email.",
        "time" : {
          "start" : 1745113878579,
          "stop" : 1745113878638,
          "duration" : 59
        },
        "status" : "passed",
        "steps" : [ ],
        "attachments" : [ ],
        "parameters" : [ ],
        "attachmentsCount" : 0,
        "shouldDisplayMessage" : false,
        "hasContent" : false,
        "stepsCount" : 0
      }, {
        "name" : "Enter password.",
        "time" : {
          "start" : 1745113878638,
          "stop" : 1745113878681,
          "duration" : 43
        },
        "status" : "passed",
        "steps" : [ ],
        "attachments" : [ ],
        "parameters" : [ ],
        "attachmentsCount" : 0,
        "shouldDisplayMessage" : false,
        "hasContent" : false,
        "stepsCount" : 0
      }, {
        "name" : "Click button \"Login\"",
        "time" : {
          "start" : 1745113878681,
          "stop" : 1745113878767,
          "duration" : 86
        },
        "status" : "passed",
        "steps" : [ ],
        "attachments" : [ ],
        "parameters" : [ ],
        "attachmentsCount" : 0,
        "shouldDisplayMessage" : false,
        "hasContent" : false,
        "stepsCount" : 0
      }, {
        "name" : "Check url is present: https://oblache.areso.pro/register.html",
        "time" : {
          "start" : 1745113878767,
          "stop" : 1745113878769,
          "duration" : 2
        },
        "status" : "passed",
        "steps" : [ ],
        "attachments" : [ ],
        "parameters" : [ ],
        "attachmentsCount" : 0,
        "shouldDisplayMessage" : false,
        "hasContent" : false,
        "stepsCount" : 0
      } ],
      "attachments" : [ ],
      "parameters" : [ ],
      "attachmentsCount" : 0,
      "shouldDisplayMessage" : false,
      "hasContent" : true,
      "stepsCount" : 4
    } ],
    "attachments" : [ ],
    "parameters" : [ ],
    "attachmentsCount" : 0,
    "shouldDisplayMessage" : false,
    "hasContent" : true,
    "stepsCount" : 6
  } ],
  "testStage" : {
    "status" : "broken",
    "statusMessage" : "selenium.common.exceptions.TimeoutException: Message: Can't find element by locator ('xpath', '//div[@id=\"msg_from_server\"]')",
    "statusTrace" : "self = <tests_ui.test_ui.TestProfilePage object at 0x7f63e35db230>\ndriver = <selenium.webdriver.chrome.webdriver.WebDriver (session=\"81773f93d85643e72586b45637ebcd23\")>\nauthorization_user = None\n\n    @allure.title('test_create_database')\n    def test_create_database(self, driver, authorization_user):\n        page = ProfilePage(driver, authorization_user)\n>       page.compare_database_status()\n\ntests_ui/test_ui.py:83: \n_ _ _ _ _ _ _ _ _ _ _ _ _ _ _ _ _ _ _ _ _ _ _ _ _ _ _ _ _ _ _ _ _ _ _ _ _ _ _ _ \ntests_ui/profile_page.py:150: in compare_database_status\n    msg = self.element_is_visible(self.locators.MSG_FROM_SERVER).text\ntests_ui/base_page.py:34: in element_is_visible\n    return Wait(self.driver, self.timeout).until(\n_ _ _ _ _ _ _ _ _ _ _ _ _ _ _ _ _ _ _ _ _ _ _ _ _ _ _ _ _ _ _ _ _ _ _ _ _ _ _ _ \n\nself = <selenium.webdriver.support.wait.WebDriverWait (session=\"81773f93d85643e72586b45637ebcd23\")>\nmethod = <function visibility_of_element_located.<locals>._predicate at 0x7f63e26aef20>\nmessage = 'Can\\'t find element by locator (\\'xpath\\', \\'//div[@id=\"msg_from_server\"]\\')'\n\n    def until(self, method: Callable[[D], Union[Literal[False], T]], message: str = \"\") -> T:\n        \"\"\"Calls the method provided with the driver as an argument until the \\\n        return value does not evaluate to ``False``.\n    \n        :param method: callable(WebDriver)\n        :param message: optional message for :exc:`TimeoutException`\n        :returns: the result of the last call to `method`\n        :raises: :exc:`selenium.common.exceptions.TimeoutException` if timeout occurs\n        \"\"\"\n        screen = None\n        stacktrace = None\n    \n        end_time = time.monotonic() + self._timeout\n        while True:\n            try:\n                value = method(self._driver)\n                if value:\n                    return value\n            except self._ignored_exceptions as exc:\n                screen = getattr(exc, \"screen\", None)\n                stacktrace = getattr(exc, \"stacktrace\", None)\n            time.sleep(self._poll)\n            if time.monotonic() > end_time:\n                break\n>       raise TimeoutException(message, screen, stacktrace)\nE       selenium.common.exceptions.TimeoutException: Message: Can't find element by locator ('xpath', '//div[@id=\"msg_from_server\"]')\n\n/opt/hostedtoolcache/Python/3.12.10/x64/lib/python3.12/site-packages/selenium/webdriver/support/wait.py:105: TimeoutException",
    "steps" : [ {
      "name" : "Click button Status.",
      "time" : {
        "start" : 1745113879770,
        "stop" : 1745113879841,
        "duration" : 71
      },
      "status" : "passed",
      "steps" : [ ],
      "attachments" : [ ],
      "parameters" : [ ],
      "attachmentsCount" : 0,
      "shouldDisplayMessage" : false,
      "hasContent" : false,
      "stepsCount" : 0
    }, {
      "name" : "Get status data.",
      "time" : {
        "start" : 1745113880215,
        "stop" : 1745113880216,
        "duration" : 1
      },
      "status" : "passed",
      "steps" : [ {
        "name" : "Status data is: {'Email:': 'test4@mail.com', 'is blocked?': '0', 'is db creation allowed?': '0', 'disk db quota, mb': '4', 'disk db used, mb': '9', 'db qty quota': '100', 'db qty used': '16', 'site qty quota': '5', 'site qty used': '0', 'site disk quota': '300', 'site disk usage': '0', 'is site deploy allowed?': '1'}",
        "time" : {
          "start" : 1745113880216,
          "stop" : 1745113880216,
          "duration" : 0
        },
        "status" : "passed",
        "steps" : [ ],
        "attachments" : [ ],
        "parameters" : [ ],
        "attachmentsCount" : 0,
        "shouldDisplayMessage" : false,
        "hasContent" : false,
        "stepsCount" : 0
      } ],
      "attachments" : [ ],
      "parameters" : [ ],
      "attachmentsCount" : 0,
      "shouldDisplayMessage" : false,
      "hasContent" : true,
      "stepsCount" : 1
    }, {
      "name" : "Click \"Databases\" button.",
      "time" : {
        "start" : 1745113880216,
        "stop" : 1745113880348,
        "duration" : 132
      },
      "status" : "passed",
      "steps" : [ ],
      "attachments" : [ ],
      "parameters" : [ ],
      "attachmentsCount" : 0,
      "shouldDisplayMessage" : false,
      "hasContent" : false,
      "stepsCount" : 0
    }, {
      "name" : "Click \"Create new DB\" button.",
      "time" : {
        "start" : 1745113880348,
        "stop" : 1745113880414,
        "duration" : 66
      },
      "status" : "passed",
      "steps" : [ ],
      "attachments" : [ ],
      "parameters" : [ ],
      "attachmentsCount" : 0,
      "shouldDisplayMessage" : false,
      "hasContent" : false,
      "stepsCount" : 0
    }, {
      "name" : "Select region \"CIS\".",
      "time" : {
        "start" : 1745113880414,
        "stop" : 1745113881556,
        "duration" : 1142
      },
      "status" : "passed",
      "steps" : [ ],
      "attachments" : [ ],
      "parameters" : [ ],
      "attachmentsCount" : 0,
      "shouldDisplayMessage" : false,
      "hasContent" : false,
      "stepsCount" : 0
    }, {
      "name" : "Click \"Create\" button.",
      "time" : {
        "start" : 1745113881556,
        "stop" : 1745113881612,
        "duration" : 56
      },
      "status" : "passed",
      "steps" : [ ],
      "attachments" : [ ],
      "parameters" : [ ],
      "attachmentsCount" : 0,
      "shouldDisplayMessage" : false,
      "hasContent" : false,
      "stepsCount" : 0
    } ],
    "attachments" : [ {
      "uid" : "67b553c434b93b5c",
      "name" : "Screenshot 2025-04-20 01:51:26.835235",
      "source" : "67b553c434b93b5c.png",
      "type" : "image/png",
      "size" : 27487
    } ],
    "parameters" : [ ],
    "attachmentsCount" : 1,
    "shouldDisplayMessage" : true,
    "hasContent" : true,
    "stepsCount" : 7
  },
  "afterStages" : [ {
    "name" : "driver::0",
    "time" : {
      "start" : 1745113886836,
      "stop" : 1745113886896,
      "duration" : 60
    },
    "status" : "passed",
    "steps" : [ ],
    "attachments" : [ ],
    "parameters" : [ ],
    "attachmentsCount" : 0,
    "shouldDisplayMessage" : false,
    "hasContent" : false,
    "stepsCount" : 0
  } ],
  "labels" : [ {
    "name" : "suite",
    "value" : "Test Profile Page."
  }, {
    "name" : "parentSuite",
    "value" : "tests_ui"
  }, {
    "name" : "subSuite",
    "value" : "TestProfilePage"
  }, {
    "name" : "host",
    "value" : "fv-az1315-757"
  }, {
    "name" : "thread",
    "value" : "2525-MainThread"
  }, {
    "name" : "framework",
    "value" : "pytest"
  }, {
    "name" : "language",
    "value" : "cpython3"
  }, {
    "name" : "package",
    "value" : "tests_ui.test_ui"
  }, {
    "name" : "resultFormat",
    "value" : "allure2"
  } ],
  "parameters" : [ ],
  "links" : [ ],
  "hidden" : false,
  "retry" : false,
  "extra" : {
    "severity" : "normal",
    "retries" : [ ],
    "categories" : [ {
      "name" : "Test defects",
      "matchedStatuses" : [ ],
      "flaky" : false
    } ],
    "history" : {
      "statistic" : {
        "failed" : 0,
        "broken" : 241,
        "skipped" : 0,
        "passed" : 8,
        "unknown" : 0,
        "total" : 249
      },
      "items" : [ {
        "uid" : "d7eab5ef0b7299a",
        "reportUrl" : "https://Areso.github.io/Oblache/373//#testresult/d7eab5ef0b7299a",
        "status" : "broken",
        "statusDetails" : "selenium.common.exceptions.TimeoutException: Message: Can't find element by locator ('xpath', '//div[@id=\"msg_from_server\"]')",
        "time" : {
          "start" : 1745026865776,
          "stop" : 1745026873765,
          "duration" : 7989
        }
      }, {
        "uid" : "88145488dc375512",
        "reportUrl" : "https://Areso.github.io/Oblache/372//#testresult/88145488dc375512",
        "status" : "broken",
        "statusDetails" : "selenium.common.exceptions.TimeoutException: Message: Can't find element by locator ('xpath', '//div[@id=\"msg_from_server\"]')",
        "time" : {
          "start" : 1744940596552,
          "stop" : 1744940604577,
          "duration" : 8025
        }
      }, {
        "uid" : "94168c41a58bed15",
        "reportUrl" : "https://Areso.github.io/Oblache/371//#testresult/94168c41a58bed15",
        "status" : "broken",
        "statusDetails" : "selenium.common.exceptions.TimeoutException: Message: Can't find element by locator ('xpath', '//div[@id=\"msg_from_server\"]')",
        "time" : {
          "start" : 1744854337470,
          "stop" : 1744854345628,
          "duration" : 8158
        }
      }, {
        "uid" : "7994ebb5202e9b71",
        "reportUrl" : "https://Areso.github.io/Oblache/370//#testresult/7994ebb5202e9b71",
        "status" : "broken",
        "statusDetails" : "selenium.common.exceptions.TimeoutException: Message: Can't find element by locator ('xpath', '//div[@id=\"msg_from_server\"]')",
        "time" : {
          "start" : 1744768030542,
          "stop" : 1744768038480,
          "duration" : 7938
        }
      }, {
        "uid" : "60e19a4ef63d3f93",
        "reportUrl" : "https://Areso.github.io/Oblache/369//#testresult/60e19a4ef63d3f93",
        "status" : "broken",
        "statusDetails" : "selenium.common.exceptions.TimeoutException: Message: Can't find element by locator ('xpath', '//div[@id=\"msg_from_server\"]')",
        "time" : {
          "start" : 1744681637511,
          "stop" : 1744681646339,
          "duration" : 8828
        }
      }, {
        "uid" : "6c19ed0113130c2a",
        "reportUrl" : "https://Areso.github.io/Oblache/368//#testresult/6c19ed0113130c2a",
        "status" : "broken",
        "statusDetails" : "selenium.common.exceptions.TimeoutException: Message: Can't find element by locator ('xpath', '//div[@id=\"msg_from_server\"]')",
        "time" : {
          "start" : 1744595285873,
          "stop" : 1744595293806,
          "duration" : 7933
        }
      }, {
        "uid" : "77f45721a425031e",
        "reportUrl" : "https://Areso.github.io/Oblache/367//#testresult/77f45721a425031e",
        "status" : "broken",
        "statusDetails" : "selenium.common.exceptions.TimeoutException: Message: Can't find element by locator ('xpath', '//div[@id=\"msg_from_server\"]')",
        "time" : {
          "start" : 1744513879345,
          "stop" : 1744513888122,
          "duration" : 8777
        }
      }, {
        "uid" : "1dfab95ea7d8969e",
        "reportUrl" : "https://Areso.github.io/Oblache/366//#testresult/1dfab95ea7d8969e",
        "status" : "broken",
        "statusDetails" : "selenium.common.exceptions.TimeoutException: Message: Can't find element by locator ('xpath', '//div[@id=\"msg_from_server\"]')",
        "time" : {
          "start" : 1744422066624,
          "stop" : 1744422074530,
          "duration" : 7906
        }
      }, {
        "uid" : "c82dfcb3a3a218db",
        "reportUrl" : "https://Areso.github.io/Oblache/365//#testresult/c82dfcb3a3a218db",
        "status" : "broken",
        "statusDetails" : "selenium.common.exceptions.TimeoutException: Message: Can't find element by locator ('xpath', '//div[@id=\"msg_from_server\"]')",
        "time" : {
          "start" : 1744335921821,
          "stop" : 1744335929819,
          "duration" : 7998
        }
      }, {
        "uid" : "711d1ac866d0f340",
        "reportUrl" : "https://Areso.github.io/Oblache/364//#testresult/711d1ac866d0f340",
        "status" : "broken",
        "statusDetails" : "selenium.common.exceptions.TimeoutException: Message: Can't find element by locator ('xpath', '//div[@id=\"msg_from_server\"]')",
        "time" : {
          "start" : 1744249482527,
          "stop" : 1744249490554,
          "duration" : 8027
        }
      }, {
        "uid" : "47395b47196bb813",
        "reportUrl" : "https://Areso.github.io/Oblache/363//#testresult/47395b47196bb813",
        "status" : "broken",
        "statusDetails" : "selenium.common.exceptions.TimeoutException: Message: Can't find element by locator ('xpath', '//div[@id=\"msg_from_server\"]')",
        "time" : {
          "start" : 1744163049793,
          "stop" : 1744163057646,
          "duration" : 7853
        }
      }, {
        "uid" : "7d362f5afaadf8c5",
        "reportUrl" : "https://Areso.github.io/Oblache/362//#testresult/7d362f5afaadf8c5",
        "status" : "broken",
        "statusDetails" : "selenium.common.exceptions.TimeoutException: Message: Can't find element by locator ('xpath', '//div[@id=\"msg_from_server\"]')",
        "time" : {
          "start" : 1744076661501,
          "stop" : 1744076670381,
          "duration" : 8880
        }
      }, {
        "uid" : "8ce44573b8337f90",
        "reportUrl" : "https://Areso.github.io/Oblache/361//#testresult/8ce44573b8337f90",
        "status" : "broken",
        "statusDetails" : "selenium.common.exceptions.TimeoutException: Message: Can't find element by locator ('xpath', '//button[@id=\"menu_button_status\"]')\nStacktrace:\n#0 0x562403612ffa <unknown>\n#1 0x5624030d1970 <unknown>\n#2 0x562403123385 <unknown>\n#3 0x5624031235b1 <unknown>\n#4 0x5624031723c4 <unknown>\n#5 0x5624031492bd <unknown>\n#6 0x56240316f70c <unknown>\n#7 0x562403149063 <unknown>\n#8 0x562403115328 <unknown>\n#9 0x562403116491 <unknown>\n#10 0x5624035da42b <unknown>\n#11 0x5624035de2ec <unknown>\n#12 0x5624035c1a22 <unknown>\n#13 0x5624035dee64 <unknown>\n#14 0x5624035a5bef <unknown>\n#15 0x562403601558 <unknown>\n#16 0x562403601736 <unknown>\n#17 0x562403611e76 <unknown>\n#18 0x7fcaeee9caa4 <unknown>\n#19 0x7fcaeef29c3c <unknown>",
        "time" : {
          "start" : 1743990276447,
          "stop" : 1743990282579,
          "duration" : 6132
        }
      }, {
        "uid" : "c0c7dce44403c17f",
        "reportUrl" : "https://Areso.github.io/Oblache/360//#testresult/c0c7dce44403c17f",
        "status" : "broken",
        "statusDetails" : "selenium.common.exceptions.TimeoutException: Message: Can't find element by locator ('xpath', '//button[@id=\"menu_button_status\"]')\nStacktrace:\n#0 0x55845cc22ffa <unknown>\n#1 0x55845c6e1970 <unknown>\n#2 0x55845c733385 <unknown>\n#3 0x55845c7335b1 <unknown>\n#4 0x55845c7823c4 <unknown>\n#5 0x55845c7592bd <unknown>\n#6 0x55845c77f70c <unknown>\n#7 0x55845c759063 <unknown>\n#8 0x55845c725328 <unknown>\n#9 0x55845c726491 <unknown>\n#10 0x55845cbea42b <unknown>\n#11 0x55845cbee2ec <unknown>\n#12 0x55845cbd1a22 <unknown>\n#13 0x55845cbeee64 <unknown>\n#14 0x55845cbb5bef <unknown>\n#15 0x55845cc11558 <unknown>\n#16 0x55845cc11736 <unknown>\n#17 0x55845cc21e76 <unknown>\n#18 0x7f7d18e9caa4 <unknown>\n#19 0x7f7d18f29c3c <unknown>",
        "time" : {
          "start" : 1743904013643,
          "stop" : 1743904019768,
          "duration" : 6125
        }
      }, {
        "uid" : "4050e331273e248d",
        "reportUrl" : "https://Areso.github.io/Oblache/359//#testresult/4050e331273e248d",
        "status" : "broken",
        "statusDetails" : "selenium.common.exceptions.TimeoutException: Message: Can't find element by locator ('xpath', '//div[@id=\"msg_from_server\"]')",
        "time" : {
          "start" : 1743817267232,
          "stop" : 1743817275087,
          "duration" : 7855
        }
      }, {
        "uid" : "fcacce7fd98b6730",
        "reportUrl" : "https://Areso.github.io/Oblache/358//#testresult/fcacce7fd98b6730",
        "status" : "broken",
        "statusDetails" : "selenium.common.exceptions.TimeoutException: Message: Can't find element by locator ('xpath', '//div[@id=\"msg_from_server\"]')",
        "time" : {
          "start" : 1743730992117,
          "stop" : 1743731000024,
          "duration" : 7907
        }
      }, {
        "uid" : "3f2efb34f6599850",
        "reportUrl" : "https://Areso.github.io/Oblache/357//#testresult/3f2efb34f6599850",
        "status" : "broken",
        "statusDetails" : "selenium.common.exceptions.TimeoutException: Message: Can't find element by locator ('xpath', '//div[@id=\"msg_from_server\"]')",
        "time" : {
          "start" : 1743644592643,
          "stop" : 1743644601360,
          "duration" : 8717
        }
      }, {
        "uid" : "f1fb3928e4c53241",
        "reportUrl" : "https://Areso.github.io/Oblache/356//#testresult/f1fb3928e4c53241",
        "status" : "broken",
        "statusDetails" : "selenium.common.exceptions.TimeoutException: Message: Can't find element by locator ('xpath', '//div[@id=\"msg_from_server\"]')",
        "time" : {
          "start" : 1743558249009,
          "stop" : 1743558256961,
          "duration" : 7952
        }
      }, {
        "uid" : "dab44a3d96bc63af",
        "reportUrl" : "https://Areso.github.io/Oblache/355//#testresult/dab44a3d96bc63af",
        "status" : "broken",
        "statusDetails" : "selenium.common.exceptions.TimeoutException: Message: Can't find element by locator ('xpath', '//div[@id=\"msg_from_server\"]')",
        "time" : {
          "start" : 1743472454366,
          "stop" : 1743472463074,
          "duration" : 8708
        }
      }, {
        "uid" : "a65404e1ea7c8411",
        "reportUrl" : "https://Areso.github.io/Oblache/354//#testresult/a65404e1ea7c8411",
        "status" : "broken",
        "statusDetails" : "selenium.common.exceptions.TimeoutException: Message: Can't find element by locator ('xpath', '//div[@id=\"msg_from_server\"]')",
        "time" : {
          "start" : 1743385693297,
          "stop" : 1743385702021,
          "duration" : 8724
        }
      } ]
    },
    "tags" : [ ]
  },
  "source" : "723e3f9d9599bc5e.json",
  "parameterValues" : [ ]
}