{
  "uid" : "c3349f39b8f9efba",
  "name" : "test_create_database",
  "fullName" : "tests_ui.test_ui.TestProfilePage#test_create_database",
  "historyId" : "4762f7b87391625d86f9ea8dbdd3b406",
  "time" : {
    "start" : 1740274942881,
    "stop" : 1740274951691,
    "duration" : 8810
  },
  "status" : "broken",
  "statusMessage" : "selenium.common.exceptions.TimeoutException: Message: Can't find element by locator ('xpath', '//div[@id=\"msg_from_server\"]')",
  "statusTrace" : "self = <tests_ui.test_ui.TestProfilePage object at 0x7fac06d20a10>\ndriver = <selenium.webdriver.chrome.webdriver.WebDriver (session=\"fdb9b7d7898b8c2b22c830902fc6e4de\")>\nauthorization_user = None\n\n    @allure.title('test_create_database')\n    def test_create_database(self, driver, authorization_user):\n        page = ProfilePage(driver, authorization_user)\n>       page.compare_database_status()\n\ntests_ui/test_ui.py:83: \n_ _ _ _ _ _ _ _ _ _ _ _ _ _ _ _ _ _ _ _ _ _ _ _ _ _ _ _ _ _ _ _ _ _ _ _ _ _ _ _ \ntests_ui/profile_page.py:150: in compare_database_status\n    msg = self.element_is_visible(self.locators.MSG_FROM_SERVER).text\ntests_ui/base_page.py:34: in element_is_visible\n    return Wait(self.driver, self.timeout).until(\n_ _ _ _ _ _ _ _ _ _ _ _ _ _ _ _ _ _ _ _ _ _ _ _ _ _ _ _ _ _ _ _ _ _ _ _ _ _ _ _ \n\nself = <selenium.webdriver.support.wait.WebDriverWait (session=\"fdb9b7d7898b8c2b22c830902fc6e4de\")>\nmethod = <function visibility_of_element_located.<locals>._predicate at 0x7fac061edf80>\nmessage = 'Can\\'t find element by locator (\\'xpath\\', \\'//div[@id=\"msg_from_server\"]\\')'\n\n    def until(self, method: Callable[[D], Union[Literal[False], T]], message: str = \"\") -> T:\n        \"\"\"Calls the method provided with the driver as an argument until the \\\n        return value does not evaluate to ``False``.\n    \n        :param method: callable(WebDriver)\n        :param message: optional message for :exc:`TimeoutException`\n        :returns: the result of the last call to `method`\n        :raises: :exc:`selenium.common.exceptions.TimeoutException` if timeout occurs\n        \"\"\"\n        screen = None\n        stacktrace = None\n    \n        end_time = time.monotonic() + self._timeout\n        while True:\n            try:\n                value = method(self._driver)\n                if value:\n                    return value\n            except self._ignored_exceptions as exc:\n                screen = getattr(exc, \"screen\", None)\n                stacktrace = getattr(exc, \"stacktrace\", None)\n            time.sleep(self._poll)\n            if time.monotonic() > end_time:\n                break\n>       raise TimeoutException(message, screen, stacktrace)\nE       selenium.common.exceptions.TimeoutException: Message: Can't find element by locator ('xpath', '//div[@id=\"msg_from_server\"]')\n\n/opt/hostedtoolcache/Python/3.12.9/x64/lib/python3.12/site-packages/selenium/webdriver/support/wait.py:105: TimeoutException",
  "flaky" : false,
  "newFailed" : false,
  "beforeStages" : [ {
    "name" : "driver",
    "time" : {
      "start" : 1740274941849,
      "stop" : 1740274942185,
      "duration" : 336
    },
    "status" : "passed",
    "steps" : [ ],
    "attachments" : [ ],
    "parameters" : [ ],
    "stepsCount" : 0,
    "attachmentsCount" : 0,
    "shouldDisplayMessage" : false,
    "hasContent" : false
  }, {
    "name" : "authorization_user",
    "time" : {
      "start" : 1740274942185,
      "stop" : 1740274942881,
      "duration" : 696
    },
    "status" : "passed",
    "steps" : [ {
      "name" : "Open page: https://oblache.areso.pro/register.html",
      "time" : {
        "start" : 1740274942185,
        "stop" : 1740274942690,
        "duration" : 505
      },
      "status" : "passed",
      "steps" : [ ],
      "attachments" : [ ],
      "parameters" : [ ],
      "stepsCount" : 0,
      "attachmentsCount" : 0,
      "shouldDisplayMessage" : false,
      "hasContent" : false
    }, {
      "name" : "Login user",
      "time" : {
        "start" : 1740274942691,
        "stop" : 1740274942881,
        "duration" : 190
      },
      "status" : "passed",
      "steps" : [ {
        "name" : "Enter email.",
        "time" : {
          "start" : 1740274942691,
          "stop" : 1740274942750,
          "duration" : 59
        },
        "status" : "passed",
        "steps" : [ ],
        "attachments" : [ ],
        "parameters" : [ ],
        "stepsCount" : 0,
        "attachmentsCount" : 0,
        "shouldDisplayMessage" : false,
        "hasContent" : false
      }, {
        "name" : "Enter password.",
        "time" : {
          "start" : 1740274942750,
          "stop" : 1740274942792,
          "duration" : 42
        },
        "status" : "passed",
        "steps" : [ ],
        "attachments" : [ ],
        "parameters" : [ ],
        "stepsCount" : 0,
        "attachmentsCount" : 0,
        "shouldDisplayMessage" : false,
        "hasContent" : false
      }, {
        "name" : "Click button \"Login\"",
        "time" : {
          "start" : 1740274942792,
          "stop" : 1740274942878,
          "duration" : 86
        },
        "status" : "passed",
        "steps" : [ ],
        "attachments" : [ ],
        "parameters" : [ ],
        "stepsCount" : 0,
        "attachmentsCount" : 0,
        "shouldDisplayMessage" : false,
        "hasContent" : false
      }, {
        "name" : "Check url is present: https://oblache.areso.pro/register.html",
        "time" : {
          "start" : 1740274942878,
          "stop" : 1740274942881,
          "duration" : 3
        },
        "status" : "passed",
        "steps" : [ ],
        "attachments" : [ ],
        "parameters" : [ ],
        "stepsCount" : 0,
        "attachmentsCount" : 0,
        "shouldDisplayMessage" : false,
        "hasContent" : false
      } ],
      "attachments" : [ ],
      "parameters" : [ ],
      "stepsCount" : 4,
      "attachmentsCount" : 0,
      "shouldDisplayMessage" : false,
      "hasContent" : true
    } ],
    "attachments" : [ ],
    "parameters" : [ ],
    "stepsCount" : 6,
    "attachmentsCount" : 0,
    "shouldDisplayMessage" : false,
    "hasContent" : true
  } ],
  "testStage" : {
    "status" : "broken",
    "statusMessage" : "selenium.common.exceptions.TimeoutException: Message: Can't find element by locator ('xpath', '//div[@id=\"msg_from_server\"]')",
    "statusTrace" : "self = <tests_ui.test_ui.TestProfilePage object at 0x7fac06d20a10>\ndriver = <selenium.webdriver.chrome.webdriver.WebDriver (session=\"fdb9b7d7898b8c2b22c830902fc6e4de\")>\nauthorization_user = None\n\n    @allure.title('test_create_database')\n    def test_create_database(self, driver, authorization_user):\n        page = ProfilePage(driver, authorization_user)\n>       page.compare_database_status()\n\ntests_ui/test_ui.py:83: \n_ _ _ _ _ _ _ _ _ _ _ _ _ _ _ _ _ _ _ _ _ _ _ _ _ _ _ _ _ _ _ _ _ _ _ _ _ _ _ _ \ntests_ui/profile_page.py:150: in compare_database_status\n    msg = self.element_is_visible(self.locators.MSG_FROM_SERVER).text\ntests_ui/base_page.py:34: in element_is_visible\n    return Wait(self.driver, self.timeout).until(\n_ _ _ _ _ _ _ _ _ _ _ _ _ _ _ _ _ _ _ _ _ _ _ _ _ _ _ _ _ _ _ _ _ _ _ _ _ _ _ _ \n\nself = <selenium.webdriver.support.wait.WebDriverWait (session=\"fdb9b7d7898b8c2b22c830902fc6e4de\")>\nmethod = <function visibility_of_element_located.<locals>._predicate at 0x7fac061edf80>\nmessage = 'Can\\'t find element by locator (\\'xpath\\', \\'//div[@id=\"msg_from_server\"]\\')'\n\n    def until(self, method: Callable[[D], Union[Literal[False], T]], message: str = \"\") -> T:\n        \"\"\"Calls the method provided with the driver as an argument until the \\\n        return value does not evaluate to ``False``.\n    \n        :param method: callable(WebDriver)\n        :param message: optional message for :exc:`TimeoutException`\n        :returns: the result of the last call to `method`\n        :raises: :exc:`selenium.common.exceptions.TimeoutException` if timeout occurs\n        \"\"\"\n        screen = None\n        stacktrace = None\n    \n        end_time = time.monotonic() + self._timeout\n        while True:\n            try:\n                value = method(self._driver)\n                if value:\n                    return value\n            except self._ignored_exceptions as exc:\n                screen = getattr(exc, \"screen\", None)\n                stacktrace = getattr(exc, \"stacktrace\", None)\n            time.sleep(self._poll)\n            if time.monotonic() > end_time:\n                break\n>       raise TimeoutException(message, screen, stacktrace)\nE       selenium.common.exceptions.TimeoutException: Message: Can't find element by locator ('xpath', '//div[@id=\"msg_from_server\"]')\n\n/opt/hostedtoolcache/Python/3.12.9/x64/lib/python3.12/site-packages/selenium/webdriver/support/wait.py:105: TimeoutException",
    "steps" : [ {
      "name" : "Click button Status.",
      "time" : {
        "start" : 1740274943881,
        "stop" : 1740274944269,
        "duration" : 388
      },
      "status" : "passed",
      "steps" : [ ],
      "attachments" : [ ],
      "parameters" : [ ],
      "stepsCount" : 0,
      "attachmentsCount" : 0,
      "shouldDisplayMessage" : false,
      "hasContent" : false
    }, {
      "name" : "Get status data.",
      "time" : {
        "start" : 1740274944618,
        "stop" : 1740274944618,
        "duration" : 0
      },
      "status" : "passed",
      "steps" : [ {
        "name" : "Status data is: {'Email:': 'nodata', 'is blocked?': 'nodata', 'is db creation allowed?': 'nodata', 'disk db quota, mb': 'nodata', 'disk db used, mb': 'nodata', 'db qty quota': 'nodata', 'db qty used': 'nodata', 'site qty quota': 'nodata', 'site qty used': '0', 'is site deploy allowed?': '1'}",
        "time" : {
          "start" : 1740274944618,
          "stop" : 1740274944618,
          "duration" : 0
        },
        "status" : "passed",
        "steps" : [ ],
        "attachments" : [ ],
        "parameters" : [ ],
        "stepsCount" : 0,
        "attachmentsCount" : 0,
        "shouldDisplayMessage" : false,
        "hasContent" : false
      } ],
      "attachments" : [ ],
      "parameters" : [ ],
      "stepsCount" : 1,
      "attachmentsCount" : 0,
      "shouldDisplayMessage" : false,
      "hasContent" : true
    }, {
      "name" : "Click \"Databases\" button.",
      "time" : {
        "start" : 1740274944618,
        "stop" : 1740274944688,
        "duration" : 70
      },
      "status" : "passed",
      "steps" : [ ],
      "attachments" : [ ],
      "parameters" : [ ],
      "stepsCount" : 0,
      "attachmentsCount" : 0,
      "shouldDisplayMessage" : false,
      "hasContent" : false
    }, {
      "name" : "Click \"Create new DB\" button.",
      "time" : {
        "start" : 1740274944688,
        "stop" : 1740274944828,
        "duration" : 140
      },
      "status" : "passed",
      "steps" : [ ],
      "attachments" : [ ],
      "parameters" : [ ],
      "stepsCount" : 0,
      "attachmentsCount" : 0,
      "shouldDisplayMessage" : false,
      "hasContent" : false
    }, {
      "name" : "Select region \"CIS\".",
      "time" : {
        "start" : 1740274944828,
        "stop" : 1740274946504,
        "duration" : 1676
      },
      "status" : "passed",
      "steps" : [ ],
      "attachments" : [ ],
      "parameters" : [ ],
      "stepsCount" : 0,
      "attachmentsCount" : 0,
      "shouldDisplayMessage" : false,
      "hasContent" : false
    }, {
      "name" : "Click \"Create\" button.",
      "time" : {
        "start" : 1740274946504,
        "stop" : 1740274946561,
        "duration" : 57
      },
      "status" : "passed",
      "steps" : [ ],
      "attachments" : [ ],
      "parameters" : [ ],
      "stepsCount" : 0,
      "attachmentsCount" : 0,
      "shouldDisplayMessage" : false,
      "hasContent" : false
    } ],
    "attachments" : [ {
      "uid" : "a820ac95fcdd20d0",
      "name" : "Screenshot 2025-02-23 01:42:31.786136",
      "source" : "a820ac95fcdd20d0.png",
      "type" : "image/png",
      "size" : 27487
    } ],
    "parameters" : [ ],
    "stepsCount" : 7,
    "attachmentsCount" : 1,
    "shouldDisplayMessage" : true,
    "hasContent" : true
  },
  "afterStages" : [ {
    "name" : "driver::0",
    "time" : {
      "start" : 1740274951787,
      "stop" : 1740274951847,
      "duration" : 60
    },
    "status" : "passed",
    "steps" : [ ],
    "attachments" : [ ],
    "parameters" : [ ],
    "stepsCount" : 0,
    "attachmentsCount" : 0,
    "shouldDisplayMessage" : false,
    "hasContent" : false
  } ],
  "labels" : [ {
    "name" : "suite",
    "value" : "Test Profile Page."
  }, {
    "name" : "parentSuite",
    "value" : "tests_ui"
  }, {
    "name" : "subSuite",
    "value" : "TestProfilePage"
  }, {
    "name" : "host",
    "value" : "fv-az1055-6"
  }, {
    "name" : "thread",
    "value" : "2514-MainThread"
  }, {
    "name" : "framework",
    "value" : "pytest"
  }, {
    "name" : "language",
    "value" : "cpython3"
  }, {
    "name" : "package",
    "value" : "tests_ui.test_ui"
  }, {
    "name" : "resultFormat",
    "value" : "allure2"
  } ],
  "parameters" : [ ],
  "links" : [ ],
  "hidden" : false,
  "retry" : false,
  "extra" : {
    "severity" : "normal",
    "retries" : [ ],
    "categories" : [ {
      "name" : "Test defects",
      "matchedStatuses" : [ ],
      "flaky" : false
    } ],
    "history" : {
      "statistic" : {
        "failed" : 0,
        "broken" : 185,
        "skipped" : 0,
        "passed" : 8,
        "unknown" : 0,
        "total" : 193
      },
      "items" : [ {
        "uid" : "e4d8fddce771414d",
        "reportUrl" : "https://Areso.github.io/Oblache/317//#testresult/e4d8fddce771414d",
        "status" : "broken",
        "statusDetails" : "selenium.common.exceptions.TimeoutException: Message: Can't find element by locator ('xpath', '//div[@id=\"msg_from_server\"]')",
        "time" : {
          "start" : 1740187627106,
          "stop" : 1740187634997,
          "duration" : 7891
        }
      }, {
        "uid" : "25cd9a5887ac1adc",
        "reportUrl" : "https://Areso.github.io/Oblache/316//#testresult/25cd9a5887ac1adc",
        "status" : "broken",
        "statusDetails" : "selenium.common.exceptions.TimeoutException: Message: Can't find element by locator ('xpath', '//div[@id=\"msg_from_server\"]')",
        "time" : {
          "start" : 1740101357746,
          "stop" : 1740101366636,
          "duration" : 8890
        }
      }, {
        "uid" : "ee4f96e499fcc87d",
        "reportUrl" : "https://Areso.github.io/Oblache/315//#testresult/ee4f96e499fcc87d",
        "status" : "broken",
        "statusDetails" : "selenium.common.exceptions.TimeoutException: Message: Can't find element by locator ('xpath', '//div[@id=\"msg_from_server\"]')",
        "time" : {
          "start" : 1740014964683,
          "stop" : 1740014972735,
          "duration" : 8052
        }
      }, {
        "uid" : "199df7d7eb146f79",
        "reportUrl" : "https://Areso.github.io/Oblache/314//#testresult/199df7d7eb146f79",
        "status" : "broken",
        "statusDetails" : "selenium.common.exceptions.TimeoutException: Message: Can't find element by locator ('xpath', '//div[@id=\"msg_from_server\"]')",
        "time" : {
          "start" : 1739928560696,
          "stop" : 1739928568727,
          "duration" : 8031
        }
      }, {
        "uid" : "c3da223b9f75ff99",
        "reportUrl" : "https://Areso.github.io/Oblache/313//#testresult/c3da223b9f75ff99",
        "status" : "broken",
        "statusDetails" : "selenium.common.exceptions.TimeoutException: Message: Can't find element by locator ('xpath', '//div[@id=\"msg_from_server\"]')",
        "time" : {
          "start" : 1739842088877,
          "stop" : 1739842096745,
          "duration" : 7868
        }
      }, {
        "uid" : "283b5f9422325333",
        "reportUrl" : "https://Areso.github.io/Oblache/312//#testresult/283b5f9422325333",
        "status" : "broken",
        "statusDetails" : "selenium.common.exceptions.TimeoutException: Message: Can't find element by locator ('xpath', '//div[@id=\"msg_from_server\"]')",
        "time" : {
          "start" : 1739756357243,
          "stop" : 1739756365975,
          "duration" : 8732
        }
      }, {
        "uid" : "9916522651984250",
        "reportUrl" : "https://Areso.github.io/Oblache/311//#testresult/9916522651984250",
        "status" : "broken",
        "statusDetails" : "selenium.common.exceptions.TimeoutException: Message: Can't find element by locator ('xpath', '//div[@id=\"msg_from_server\"]')",
        "time" : {
          "start" : 1739670133434,
          "stop" : 1739670142153,
          "duration" : 8719
        }
      }, {
        "uid" : "3cf64dfe4e88b555",
        "reportUrl" : "https://Areso.github.io/Oblache/310//#testresult/3cf64dfe4e88b555",
        "status" : "broken",
        "statusDetails" : "selenium.common.exceptions.TimeoutException: Message: Can't find element by locator ('xpath', '//div[@id=\"msg_from_server\"]')",
        "time" : {
          "start" : 1739582830422,
          "stop" : 1739582838287,
          "duration" : 7865
        }
      }, {
        "uid" : "c15206c79c9a8a31",
        "reportUrl" : "https://Areso.github.io/Oblache/309//#testresult/c15206c79c9a8a31",
        "status" : "broken",
        "statusDetails" : "selenium.common.exceptions.TimeoutException: Message: Can't find element by locator ('xpath', '//div[@id=\"msg_from_server\"]')",
        "time" : {
          "start" : 1739496501085,
          "stop" : 1739496509035,
          "duration" : 7950
        }
      }, {
        "uid" : "41528c1a7aab3e6a",
        "reportUrl" : "https://Areso.github.io/Oblache/308//#testresult/41528c1a7aab3e6a",
        "status" : "broken",
        "statusDetails" : "selenium.common.exceptions.TimeoutException: Message: Can't find element by locator ('xpath', '//div[@id=\"msg_from_server\"]')",
        "time" : {
          "start" : 1739410107304,
          "stop" : 1739410116198,
          "duration" : 8894
        }
      }, {
        "uid" : "2eb79128d8e8dfa0",
        "reportUrl" : "https://Areso.github.io/Oblache/307//#testresult/2eb79128d8e8dfa0",
        "status" : "broken",
        "statusDetails" : "selenium.common.exceptions.TimeoutException: Message: Can't find element by locator ('xpath', '//div[@id=\"msg_from_server\"]')",
        "time" : {
          "start" : 1739323687286,
          "stop" : 1739323695135,
          "duration" : 7849
        }
      }, {
        "uid" : "3735a16b69f3d53d",
        "reportUrl" : "https://Areso.github.io/Oblache/306//#testresult/3735a16b69f3d53d",
        "status" : "broken",
        "statusDetails" : "selenium.common.exceptions.TimeoutException: Message: Can't find element by locator ('xpath', '//button[@id=\"menu_button_status\"]')\nStacktrace:\n#0 0x5629a322a53a <unknown>\n#1 0x5629a2d25f00 <unknown>\n#2 0x5629a2d75c0c <unknown>\n#3 0x5629a2d75e31 <unknown>\n#4 0x5629a2dbbbd4 <unknown>\n#5 0x5629a2d9a5cd <unknown>\n#6 0x5629a2db8f84 <unknown>\n#7 0x5629a2d9a343 <unknown>\n#8 0x5629a2d6778a <unknown>\n#9 0x5629a2d689de <unknown>\n#10 0x5629a31f42cb <unknown>\n#11 0x5629a31f8242 <unknown>\n#12 0x5629a31e17ac <unknown>\n#13 0x5629a31f8df7 <unknown>\n#14 0x5629a31c5b2f <unknown>\n#15 0x5629a32191a8 <unknown>\n#16 0x5629a3219370 <unknown>\n#17 0x5629a32293b6 <unknown>\n#18 0x7fa6f489ca94 <unknown>\n#19 0x7fa6f4929c3c <unknown>",
        "time" : {
          "start" : 1739241250490,
          "stop" : 1739241256619,
          "duration" : 6129
        }
      }, {
        "uid" : "b78f878dfd91a34",
        "reportUrl" : "https://Areso.github.io/Oblache/305//#testresult/b78f878dfd91a34",
        "status" : "broken",
        "statusDetails" : "selenium.common.exceptions.TimeoutException: Message: Can't find element by locator ('xpath', '//button[@id=\"menu_button_status\"]')\nStacktrace:\n#0 0x55850a71453a <unknown>\n#1 0x55850a20ff00 <unknown>\n#2 0x55850a25fc0c <unknown>\n#3 0x55850a25fe31 <unknown>\n#4 0x55850a2a5bd4 <unknown>\n#5 0x55850a2845cd <unknown>\n#6 0x55850a2a2f84 <unknown>\n#7 0x55850a284343 <unknown>\n#8 0x55850a25178a <unknown>\n#9 0x55850a2529de <unknown>\n#10 0x55850a6de2cb <unknown>\n#11 0x55850a6e2242 <unknown>\n#12 0x55850a6cb7ac <unknown>\n#13 0x55850a6e2df7 <unknown>\n#14 0x55850a6afb2f <unknown>\n#15 0x55850a7031a8 <unknown>\n#16 0x55850a703370 <unknown>\n#17 0x55850a7133b6 <unknown>\n#18 0x7fb61609ca94 <unknown>\n#19 0x7fb616129c3c <unknown>",
        "time" : {
          "start" : 1739154916391,
          "stop" : 1739154922517,
          "duration" : 6126
        }
      }, {
        "uid" : "4f5fddb48a835cb2",
        "reportUrl" : "https://Areso.github.io/Oblache/304//#testresult/4f5fddb48a835cb2",
        "status" : "broken",
        "statusDetails" : "selenium.common.exceptions.TimeoutException: Message: Can't find element by locator ('xpath', '//button[@id=\"menu_button_status\"]')\nStacktrace:\n#0 0x561acb0a953a <unknown>\n#1 0x561acaba4f00 <unknown>\n#2 0x561acabf4c0c <unknown>\n#3 0x561acabf4e31 <unknown>\n#4 0x561acac3abd4 <unknown>\n#5 0x561acac195cd <unknown>\n#6 0x561acac37f84 <unknown>\n#7 0x561acac19343 <unknown>\n#8 0x561acabe678a <unknown>\n#9 0x561acabe79de <unknown>\n#10 0x561acb0732cb <unknown>\n#11 0x561acb077242 <unknown>\n#12 0x561acb0607ac <unknown>\n#13 0x561acb077df7 <unknown>\n#14 0x561acb044b2f <unknown>\n#15 0x561acb0981a8 <unknown>\n#16 0x561acb098370 <unknown>\n#17 0x561acb0a83b6 <unknown>\n#18 0x7fb7ff29ca94 <unknown>\n#19 0x7fb7ff329c3c <unknown>",
        "time" : {
          "start" : 1739069135211,
          "stop" : 1739069141340,
          "duration" : 6129
        }
      }, {
        "uid" : "a03078da6534122",
        "reportUrl" : "https://Areso.github.io/Oblache/303//#testresult/a03078da6534122",
        "status" : "broken",
        "statusDetails" : "selenium.common.exceptions.TimeoutException: Message: Can't find element by locator ('xpath', '//button[@id=\"menu_button_status\"]')\nStacktrace:\n#0 0x5566bf8a453a <unknown>\n#1 0x5566bf39ff00 <unknown>\n#2 0x5566bf3efc0c <unknown>\n#3 0x5566bf3efe31 <unknown>\n#4 0x5566bf435bd4 <unknown>\n#5 0x5566bf4145cd <unknown>\n#6 0x5566bf432f84 <unknown>\n#7 0x5566bf414343 <unknown>\n#8 0x5566bf3e178a <unknown>\n#9 0x5566bf3e29de <unknown>\n#10 0x5566bf86e2cb <unknown>\n#11 0x5566bf872242 <unknown>\n#12 0x5566bf85b7ac <unknown>\n#13 0x5566bf872df7 <unknown>\n#14 0x5566bf83fb2f <unknown>\n#15 0x5566bf8931a8 <unknown>\n#16 0x5566bf893370 <unknown>\n#17 0x5566bf8a33b6 <unknown>\n#18 0x7f13c0a9ca94 <unknown>\n#19 0x7f13c0b29c3c <unknown>",
        "time" : {
          "start" : 1738981953625,
          "stop" : 1738981959754,
          "duration" : 6129
        }
      }, {
        "uid" : "33e37361206372c2",
        "reportUrl" : "https://Areso.github.io/Oblache/302//#testresult/33e37361206372c2",
        "status" : "broken",
        "statusDetails" : "selenium.common.exceptions.TimeoutException: Message: Can't find element by locator ('xpath', '//button[@id=\"menu_button_status\"]')\nStacktrace:\n#0 0x55e89b3a753a <unknown>\n#1 0x55e89aea2f00 <unknown>\n#2 0x55e89aef2c0c <unknown>\n#3 0x55e89aef2e31 <unknown>\n#4 0x55e89af38bd4 <unknown>\n#5 0x55e89af175cd <unknown>\n#6 0x55e89af35f84 <unknown>\n#7 0x55e89af17343 <unknown>\n#8 0x55e89aee478a <unknown>\n#9 0x55e89aee59de <unknown>\n#10 0x55e89b3712cb <unknown>\n#11 0x55e89b375242 <unknown>\n#12 0x55e89b35e7ac <unknown>\n#13 0x55e89b375df7 <unknown>\n#14 0x55e89b342b2f <unknown>\n#15 0x55e89b3961a8 <unknown>\n#16 0x55e89b396370 <unknown>\n#17 0x55e89b3a63b6 <unknown>\n#18 0x7f7204e9ca94 <unknown>\n#19 0x7f7204f29c3c <unknown>",
        "time" : {
          "start" : 1738895685366,
          "stop" : 1738895691483,
          "duration" : 6117
        }
      }, {
        "uid" : "b2e9fd785b3be51d",
        "reportUrl" : "https://Areso.github.io/Oblache/301//#testresult/b2e9fd785b3be51d",
        "status" : "broken",
        "statusDetails" : "selenium.common.exceptions.TimeoutException: Message: Can't find element by locator ('xpath', '//button[@id=\"menu_button_status\"]')\nStacktrace:\n#0 0x55a711b8653a <unknown>\n#1 0x55a711681f00 <unknown>\n#2 0x55a7116d1c0c <unknown>\n#3 0x55a7116d1e31 <unknown>\n#4 0x55a711717bd4 <unknown>\n#5 0x55a7116f65cd <unknown>\n#6 0x55a711714f84 <unknown>\n#7 0x55a7116f6343 <unknown>\n#8 0x55a7116c378a <unknown>\n#9 0x55a7116c49de <unknown>\n#10 0x55a711b502cb <unknown>\n#11 0x55a711b54242 <unknown>\n#12 0x55a711b3d7ac <unknown>\n#13 0x55a711b54df7 <unknown>\n#14 0x55a711b21b2f <unknown>\n#15 0x55a711b751a8 <unknown>\n#16 0x55a711b75370 <unknown>\n#17 0x55a711b853b6 <unknown>\n#18 0x7fa66629ca94 <unknown>\n#19 0x7fa666329c3c <unknown>",
        "time" : {
          "start" : 1738809265666,
          "stop" : 1738809271793,
          "duration" : 6127
        }
      }, {
        "uid" : "c69d1ca4feb9223b",
        "reportUrl" : "https://Areso.github.io/Oblache/300//#testresult/c69d1ca4feb9223b",
        "status" : "broken",
        "statusDetails" : "selenium.common.exceptions.TimeoutException: Message: Can't find element by locator ('xpath', '//button[@id=\"menu_button_status\"]')\nStacktrace:\n#0 0x55fa035fbdca <unknown>\n#1 0x55fa030f23f0 <unknown>\n#2 0x55fa0314210c <unknown>\n#3 0x55fa03142331 <unknown>\n#4 0x55fa03188154 <unknown>\n#5 0x55fa03166abd <unknown>\n#6 0x55fa031854b3 <unknown>\n#7 0x55fa03166833 <unknown>\n#8 0x55fa031335a0 <unknown>\n#9 0x55fa03134ece <unknown>\n#10 0x55fa035c5bdb <unknown>\n#11 0x55fa035c9b67 <unknown>\n#12 0x55fa035b13bc <unknown>\n#13 0x55fa035ca727 <unknown>\n#14 0x55fa0359574f <unknown>\n#15 0x55fa035ea938 <unknown>\n#16 0x55fa035eab00 <unknown>\n#17 0x55fa035fac46 <unknown>\n#18 0x7fd5a4c9ca94 <unknown>\n#19 0x7fd5a4d29c3c <unknown>",
        "time" : {
          "start" : 1738722852774,
          "stop" : 1738722858902,
          "duration" : 6128
        }
      }, {
        "uid" : "e9beb8165ea0ea8a",
        "reportUrl" : "https://Areso.github.io/Oblache/299//#testresult/e9beb8165ea0ea8a",
        "status" : "broken",
        "statusDetails" : "selenium.common.exceptions.TimeoutException: Message: Can't find element by locator ('xpath', '//button[@id=\"menu_button_status\"]')\nStacktrace:\n#0 0x55ef38066dca <unknown>\n#1 0x55ef37b5d3f0 <unknown>\n#2 0x55ef37bad10c <unknown>\n#3 0x55ef37bad331 <unknown>\n#4 0x55ef37bf3154 <unknown>\n#5 0x55ef37bd1abd <unknown>\n#6 0x55ef37bf04b3 <unknown>\n#7 0x55ef37bd1833 <unknown>\n#8 0x55ef37b9e5a0 <unknown>\n#9 0x55ef37b9fece <unknown>\n#10 0x55ef38030bdb <unknown>\n#11 0x55ef38034b67 <unknown>\n#12 0x55ef3801c3bc <unknown>\n#13 0x55ef38035727 <unknown>\n#14 0x55ef3800074f <unknown>\n#15 0x55ef38055938 <unknown>\n#16 0x55ef38055b00 <unknown>\n#17 0x55ef38065c46 <unknown>\n#18 0x7f6dd889ca94 <unknown>\n#19 0x7f6dd8929c3c <unknown>",
        "time" : {
          "start" : 1738636388676,
          "stop" : 1738636394807,
          "duration" : 6131
        }
      }, {
        "uid" : "715592450db1a4fa",
        "reportUrl" : "https://Areso.github.io/Oblache/298//#testresult/715592450db1a4fa",
        "status" : "broken",
        "statusDetails" : "selenium.common.exceptions.TimeoutException: Message: Can't find element by locator ('xpath', '//button[@id=\"menu_button_status\"]')\nStacktrace:\n#0 0x55fe9397edca <unknown>\n#1 0x55fe934753f0 <unknown>\n#2 0x55fe934c510c <unknown>\n#3 0x55fe934c5331 <unknown>\n#4 0x55fe9350b154 <unknown>\n#5 0x55fe934e9abd <unknown>\n#6 0x55fe935084b3 <unknown>\n#7 0x55fe934e9833 <unknown>\n#8 0x55fe934b65a0 <unknown>\n#9 0x55fe934b7ece <unknown>\n#10 0x55fe93948bdb <unknown>\n#11 0x55fe9394cb67 <unknown>\n#12 0x55fe939343bc <unknown>\n#13 0x55fe9394d727 <unknown>\n#14 0x55fe9391874f <unknown>\n#15 0x55fe9396d938 <unknown>\n#16 0x55fe9396db00 <unknown>\n#17 0x55fe9397dc46 <unknown>\n#18 0x7fa62fa9ca94 <unknown>\n#19 0x7fa62fb29c3c <unknown>",
        "time" : {
          "start" : 1738550046675,
          "stop" : 1738550052801,
          "duration" : 6126
        }
      } ]
    },
    "tags" : [ ]
  },
  "source" : "c3349f39b8f9efba.json",
  "parameterValues" : [ ]
}