{
  "uid" : "e6cee5bade562080",
  "name" : "test_clipboard_uuid_docker",
  "fullName" : "tests_ui.test_ui.TestProfilePage#test_clipboard_uuid_docker",
  "historyId" : "11f91f43cfea2a231aececf29c7ed302",
  "time" : {
    "start" : 1712797116347,
    "stop" : 1712797121506,
    "duration" : 5159
  },
  "status" : "broken",
  "statusMessage" : "selenium.common.exceptions.TimeoutException: Message: Can't find element by locator ('xpath', '//table[@id=\"table_containers\"] //tr[1]/td[3] /button')\nStacktrace:\n#0 0x562b15a7d873 <unknown>\n#1 0x562b157738c6 <unknown>\n#2 0x562b157be618 <unknown>\n#3 0x562b157be6d1 <unknown>\n#4 0x562b15801744 <unknown>\n#5 0x562b157e05cd <unknown>\n#6 0x562b157fec19 <unknown>\n#7 0x562b157e0343 <unknown>\n#8 0x562b157b1593 <unknown>\n#9 0x562b157b1f5e <unknown>\n#10 0x562b15a4185b <unknown>\n#11 0x562b15a457b5 <unknown>\n#12 0x562b15a2f581 <unknown>\n#13 0x562b15a46342 <unknown>\n#14 0x562b15a1488f <unknown>\n#15 0x562b15a6c738 <unknown>\n#16 0x562b15a6c90b <unknown>\n#17 0x562b15a7c9c4 <unknown>\n#18 0x7f84d7e94ac3 <unknown>",
  "statusTrace" : "self = <tests_ui.test_ui.TestUI.TestProfilePage object at 0x7f9d08187b60>\ndriver = <selenium.webdriver.chrome.webdriver.WebDriver (session=\"9818f0f92309ecfc72162477a5d865e0\")>\nauthorization_user = <tests_ui.login_page.LoginPage object at 0x7f9d081a85f0>\n\n    @allure.title('test_clipboard_uuid_docker')\n    def test_clipboard_uuid_docker(self, driver, authorization_user):\n        page = ProfilePage(driver)\n        page.click_button_docker_containers()\n>       page.check_clipboard('//table[@id=\"table_containers\"]')\n\ntests_ui/test_ui.py:92: \n_ _ _ _ _ _ _ _ _ _ _ _ _ _ _ _ _ _ _ _ _ _ _ _ _ _ _ _ _ _ _ _ _ _ _ _ _ _ _ _ \ntests_ui/profile_page.py:82: in check_clipboard\n    button = self.element_is_visible((By.XPATH, f'{table_xpath} //tr[1]/td[3] /button'))\ntests_ui/base_page.py:32: in element_is_visible\n    self.go_to_element(self.element_is_present(locator))\ntests_ui/base_page.py:45: in element_is_present\n    return Wait(self.driver, self.timeout).until(\n_ _ _ _ _ _ _ _ _ _ _ _ _ _ _ _ _ _ _ _ _ _ _ _ _ _ _ _ _ _ _ _ _ _ _ _ _ _ _ _ \n\nself = <selenium.webdriver.support.wait.WebDriverWait (session=\"9818f0f92309ecfc72162477a5d865e0\")>\nmethod = <function presence_of_element_located.<locals>._predicate at 0x7f9d080c4360>\nmessage = 'Can\\'t find element by locator (\\'xpath\\', \\'//table[@id=\"table_containers\"] //tr[1]/td[3] /button\\')'\n\n    def until(self, method: Callable[[D], Union[Literal[False], T]], message: str = \"\") -> T:\n        \"\"\"Calls the method provided with the driver as an argument until the \\\n        return value does not evaluate to ``False``.\n    \n        :param method: callable(WebDriver)\n        :param message: optional message for :exc:`TimeoutException`\n        :returns: the result of the last call to `method`\n        :raises: :exc:`selenium.common.exceptions.TimeoutException` if timeout occurs\n        \"\"\"\n        screen = None\n        stacktrace = None\n    \n        end_time = time.monotonic() + self._timeout\n        while True:\n            try:\n                value = method(self._driver)\n                if value:\n                    return value\n            except self._ignored_exceptions as exc:\n                screen = getattr(exc, \"screen\", None)\n                stacktrace = getattr(exc, \"stacktrace\", None)\n            time.sleep(self._poll)\n            if time.monotonic() > end_time:\n                break\n>       raise TimeoutException(message, screen, stacktrace)\nE       selenium.common.exceptions.TimeoutException: Message: Can't find element by locator ('xpath', '//table[@id=\"table_containers\"] //tr[1]/td[3] /button')\nE       Stacktrace:\nE       #0 0x562b15a7d873 <unknown>\nE       #1 0x562b157738c6 <unknown>\nE       #2 0x562b157be618 <unknown>\nE       #3 0x562b157be6d1 <unknown>\nE       #4 0x562b15801744 <unknown>\nE       #5 0x562b157e05cd <unknown>\nE       #6 0x562b157fec19 <unknown>\nE       #7 0x562b157e0343 <unknown>\nE       #8 0x562b157b1593 <unknown>\nE       #9 0x562b157b1f5e <unknown>\nE       #10 0x562b15a4185b <unknown>\nE       #11 0x562b15a457b5 <unknown>\nE       #12 0x562b15a2f581 <unknown>\nE       #13 0x562b15a46342 <unknown>\nE       #14 0x562b15a1488f <unknown>\nE       #15 0x562b15a6c738 <unknown>\nE       #16 0x562b15a6c90b <unknown>\nE       #17 0x562b15a7c9c4 <unknown>\nE       #18 0x7f84d7e94ac3 <unknown>\n\n/opt/hostedtoolcache/Python/3.12.2/x64/lib/python3.12/site-packages/selenium/webdriver/support/wait.py:105: TimeoutException",
  "flaky" : false,
  "newFailed" : false,
  "beforeStages" : [ {
    "name" : "driver",
    "time" : {
      "start" : 1712797114680,
      "stop" : 1712797114959,
      "duration" : 279
    },
    "status" : "passed",
    "steps" : [ ],
    "attachments" : [ ],
    "parameters" : [ ],
    "stepsCount" : 0,
    "attachmentsCount" : 0,
    "shouldDisplayMessage" : false,
    "hasContent" : false
  }, {
    "name" : "authorization_user",
    "time" : {
      "start" : 1712797114959,
      "stop" : 1712797116346,
      "duration" : 1387
    },
    "status" : "passed",
    "steps" : [ {
      "name" : "Open page: https://oblache.areso.pro/register.html",
      "time" : {
        "start" : 1712797114959,
        "stop" : 1712797115306,
        "duration" : 347
      },
      "status" : "passed",
      "steps" : [ ],
      "attachments" : [ ],
      "parameters" : [ ],
      "stepsCount" : 0,
      "attachmentsCount" : 0,
      "shouldDisplayMessage" : false,
      "hasContent" : false
    }, {
      "name" : "login_user",
      "time" : {
        "start" : 1712797115306,
        "stop" : 1712797116346,
        "duration" : 1040
      },
      "status" : "passed",
      "steps" : [ {
        "name" : "Enter email.",
        "time" : {
          "start" : 1712797115306,
          "stop" : 1712797115357,
          "duration" : 51
        },
        "status" : "passed",
        "steps" : [ ],
        "attachments" : [ ],
        "parameters" : [ ],
        "stepsCount" : 0,
        "attachmentsCount" : 0,
        "shouldDisplayMessage" : false,
        "hasContent" : false
      }, {
        "name" : "Enter password.",
        "time" : {
          "start" : 1712797115357,
          "stop" : 1712797115399,
          "duration" : 42
        },
        "status" : "passed",
        "steps" : [ ],
        "attachments" : [ ],
        "parameters" : [ ],
        "stepsCount" : 0,
        "attachmentsCount" : 0,
        "shouldDisplayMessage" : false,
        "hasContent" : false
      }, {
        "name" : "Click button \"Login\"",
        "time" : {
          "start" : 1712797115399,
          "stop" : 1712797115461,
          "duration" : 62
        },
        "status" : "passed",
        "steps" : [ {
          "name" : "element_is_present_and_clickable",
          "time" : {
            "start" : 1712797115399,
            "stop" : 1712797115434,
            "duration" : 35
          },
          "status" : "passed",
          "steps" : [ ],
          "attachments" : [ ],
          "parameters" : [ {
            "name" : "locator",
            "value" : "('xpath', '//input[@id=\"inp_regform_login_submit\"]')"
          } ],
          "stepsCount" : 0,
          "attachmentsCount" : 0,
          "shouldDisplayMessage" : false,
          "hasContent" : true
        } ],
        "attachments" : [ ],
        "parameters" : [ ],
        "stepsCount" : 1,
        "attachmentsCount" : 0,
        "shouldDisplayMessage" : false,
        "hasContent" : true
      }, {
        "name" : "Check url is present: https://oblache.areso.pro/profile.html",
        "time" : {
          "start" : 1712797115461,
          "stop" : 1712797116346,
          "duration" : 885
        },
        "status" : "passed",
        "steps" : [ ],
        "attachments" : [ ],
        "parameters" : [ ],
        "stepsCount" : 0,
        "attachmentsCount" : 0,
        "shouldDisplayMessage" : false,
        "hasContent" : false
      } ],
      "attachments" : [ ],
      "parameters" : [ ],
      "stepsCount" : 5,
      "attachmentsCount" : 0,
      "shouldDisplayMessage" : false,
      "hasContent" : true
    } ],
    "attachments" : [ ],
    "parameters" : [ ],
    "stepsCount" : 7,
    "attachmentsCount" : 0,
    "shouldDisplayMessage" : false,
    "hasContent" : true
  } ],
  "testStage" : {
    "status" : "broken",
    "statusMessage" : "selenium.common.exceptions.TimeoutException: Message: Can't find element by locator ('xpath', '//table[@id=\"table_containers\"] //tr[1]/td[3] /button')\nStacktrace:\n#0 0x562b15a7d873 <unknown>\n#1 0x562b157738c6 <unknown>\n#2 0x562b157be618 <unknown>\n#3 0x562b157be6d1 <unknown>\n#4 0x562b15801744 <unknown>\n#5 0x562b157e05cd <unknown>\n#6 0x562b157fec19 <unknown>\n#7 0x562b157e0343 <unknown>\n#8 0x562b157b1593 <unknown>\n#9 0x562b157b1f5e <unknown>\n#10 0x562b15a4185b <unknown>\n#11 0x562b15a457b5 <unknown>\n#12 0x562b15a2f581 <unknown>\n#13 0x562b15a46342 <unknown>\n#14 0x562b15a1488f <unknown>\n#15 0x562b15a6c738 <unknown>\n#16 0x562b15a6c90b <unknown>\n#17 0x562b15a7c9c4 <unknown>\n#18 0x7f84d7e94ac3 <unknown>",
    "statusTrace" : "self = <tests_ui.test_ui.TestUI.TestProfilePage object at 0x7f9d08187b60>\ndriver = <selenium.webdriver.chrome.webdriver.WebDriver (session=\"9818f0f92309ecfc72162477a5d865e0\")>\nauthorization_user = <tests_ui.login_page.LoginPage object at 0x7f9d081a85f0>\n\n    @allure.title('test_clipboard_uuid_docker')\n    def test_clipboard_uuid_docker(self, driver, authorization_user):\n        page = ProfilePage(driver)\n        page.click_button_docker_containers()\n>       page.check_clipboard('//table[@id=\"table_containers\"]')\n\ntests_ui/test_ui.py:92: \n_ _ _ _ _ _ _ _ _ _ _ _ _ _ _ _ _ _ _ _ _ _ _ _ _ _ _ _ _ _ _ _ _ _ _ _ _ _ _ _ \ntests_ui/profile_page.py:82: in check_clipboard\n    button = self.element_is_visible((By.XPATH, f'{table_xpath} //tr[1]/td[3] /button'))\ntests_ui/base_page.py:32: in element_is_visible\n    self.go_to_element(self.element_is_present(locator))\ntests_ui/base_page.py:45: in element_is_present\n    return Wait(self.driver, self.timeout).until(\n_ _ _ _ _ _ _ _ _ _ _ _ _ _ _ _ _ _ _ _ _ _ _ _ _ _ _ _ _ _ _ _ _ _ _ _ _ _ _ _ \n\nself = <selenium.webdriver.support.wait.WebDriverWait (session=\"9818f0f92309ecfc72162477a5d865e0\")>\nmethod = <function presence_of_element_located.<locals>._predicate at 0x7f9d080c4360>\nmessage = 'Can\\'t find element by locator (\\'xpath\\', \\'//table[@id=\"table_containers\"] //tr[1]/td[3] /button\\')'\n\n    def until(self, method: Callable[[D], Union[Literal[False], T]], message: str = \"\") -> T:\n        \"\"\"Calls the method provided with the driver as an argument until the \\\n        return value does not evaluate to ``False``.\n    \n        :param method: callable(WebDriver)\n        :param message: optional message for :exc:`TimeoutException`\n        :returns: the result of the last call to `method`\n        :raises: :exc:`selenium.common.exceptions.TimeoutException` if timeout occurs\n        \"\"\"\n        screen = None\n        stacktrace = None\n    \n        end_time = time.monotonic() + self._timeout\n        while True:\n            try:\n                value = method(self._driver)\n                if value:\n                    return value\n            except self._ignored_exceptions as exc:\n                screen = getattr(exc, \"screen\", None)\n                stacktrace = getattr(exc, \"stacktrace\", None)\n            time.sleep(self._poll)\n            if time.monotonic() > end_time:\n                break\n>       raise TimeoutException(message, screen, stacktrace)\nE       selenium.common.exceptions.TimeoutException: Message: Can't find element by locator ('xpath', '//table[@id=\"table_containers\"] //tr[1]/td[3] /button')\nE       Stacktrace:\nE       #0 0x562b15a7d873 <unknown>\nE       #1 0x562b157738c6 <unknown>\nE       #2 0x562b157be618 <unknown>\nE       #3 0x562b157be6d1 <unknown>\nE       #4 0x562b15801744 <unknown>\nE       #5 0x562b157e05cd <unknown>\nE       #6 0x562b157fec19 <unknown>\nE       #7 0x562b157e0343 <unknown>\nE       #8 0x562b157b1593 <unknown>\nE       #9 0x562b157b1f5e <unknown>\nE       #10 0x562b15a4185b <unknown>\nE       #11 0x562b15a457b5 <unknown>\nE       #12 0x562b15a2f581 <unknown>\nE       #13 0x562b15a46342 <unknown>\nE       #14 0x562b15a1488f <unknown>\nE       #15 0x562b15a6c738 <unknown>\nE       #16 0x562b15a6c90b <unknown>\nE       #17 0x562b15a7c9c4 <unknown>\nE       #18 0x7f84d7e94ac3 <unknown>\n\n/opt/hostedtoolcache/Python/3.12.2/x64/lib/python3.12/site-packages/selenium/webdriver/support/wait.py:105: TimeoutException",
    "steps" : [ {
      "name" : "Click \"Docker containers\" button.",
      "time" : {
        "start" : 1712797116347,
        "stop" : 1712797116400,
        "duration" : 53
      },
      "status" : "passed",
      "steps" : [ {
        "name" : "element_is_present_and_clickable",
        "time" : {
          "start" : 1712797116347,
          "stop" : 1712797116377,
          "duration" : 30
        },
        "status" : "passed",
        "steps" : [ ],
        "attachments" : [ ],
        "parameters" : [ {
          "name" : "locator",
          "value" : "('xpath', '//button[@id=\"menu_button_containers\"]')"
        } ],
        "stepsCount" : 0,
        "attachmentsCount" : 0,
        "shouldDisplayMessage" : false,
        "hasContent" : true
      } ],
      "attachments" : [ ],
      "parameters" : [ ],
      "stepsCount" : 1,
      "attachmentsCount" : 0,
      "shouldDisplayMessage" : false,
      "hasContent" : true
    }, {
      "name" : "check_clipboard",
      "time" : {
        "start" : 1712797116400,
        "stop" : 1712797121506,
        "duration" : 5106
      },
      "status" : "broken",
      "statusMessage" : "selenium.common.exceptions.TimeoutException: Message: Can't find element by locator ('xpath', '//table[@id=\"table_containers\"] //tr[1]/td[3] /button')\nStacktrace:\n#0 0x562b15a7d873 <unknown>\n#1 0x562b157738c6 <unknown>\n#2 0x562b157be618 <unknown>\n#3 0x562b157be6d1 <unknown>\n#4 0x562b15801744 <unknown>\n#5 0x562b157e05cd <unknown>\n#6 0x562b157fec19 <unknown>\n#7 0x562b157e0343 <unknown>\n#8 0x562b157b1593 <unknown>\n#9 0x562b157b1f5e <unknown>\n#10 0x562b15a4185b <unknown>\n#11 0x562b15a457b5 <unknown>\n#12 0x562b15a2f581 <unknown>\n#13 0x562b15a46342 <unknown>\n#14 0x562b15a1488f <unknown>\n#15 0x562b15a6c738 <unknown>\n#16 0x562b15a6c90b <unknown>\n#17 0x562b15a7c9c4 <unknown>\n#18 0x7f84d7e94ac3 <unknown>\n\n",
      "statusTrace" : "  File \"/opt/hostedtoolcache/Python/3.12.2/x64/lib/python3.12/site-packages/allure_commons/_allure.py\", line 192, in impl\n    return func(*a, **kw)\n           ^^^^^^^^^^^^^^\n  File \"/home/runner/work/Oblache/Oblache/tests_ui/profile_page.py\", line 82, in check_clipboard\n    button = self.element_is_visible((By.XPATH, f'{table_xpath} //tr[1]/td[3] /button'))\n             ^^^^^^^^^^^^^^^^^^^^^^^^^^^^^^^^^^^^^^^^^^^^^^^^^^^^^^^^^^^^^^^^^^^^^^^^^^^\n  File \"/home/runner/work/Oblache/Oblache/tests_ui/base_page.py\", line 32, in element_is_visible\n    self.go_to_element(self.element_is_present(locator))\n                       ^^^^^^^^^^^^^^^^^^^^^^^^^^^^^^^^\n  File \"/home/runner/work/Oblache/Oblache/tests_ui/base_page.py\", line 45, in element_is_present\n    return Wait(self.driver, self.timeout).until(\n           ^^^^^^^^^^^^^^^^^^^^^^^^^^^^^^^^^^^^^^\n  File \"/opt/hostedtoolcache/Python/3.12.2/x64/lib/python3.12/site-packages/selenium/webdriver/support/wait.py\", line 105, in until\n    raise TimeoutException(message, screen, stacktrace)\n",
      "steps" : [ ],
      "attachments" : [ ],
      "parameters" : [ {
        "name" : "table_xpath",
        "value" : "'//table[@id=\"table_containers\"]'"
      } ],
      "stepsCount" : 0,
      "attachmentsCount" : 0,
      "shouldDisplayMessage" : true,
      "hasContent" : true
    } ],
    "attachments" : [ ],
    "parameters" : [ ],
    "stepsCount" : 3,
    "attachmentsCount" : 0,
    "shouldDisplayMessage" : true,
    "hasContent" : true
  },
  "afterStages" : [ {
    "name" : "driver::0",
    "time" : {
      "start" : 1712797121517,
      "stop" : 1712797121687,
      "duration" : 170
    },
    "status" : "passed",
    "steps" : [ ],
    "attachments" : [ {
      "uid" : "8facffcf61eec913",
      "name" : "Screenshot 2024-04-11 00:58:41.630636",
      "source" : "8facffcf61eec913.png",
      "type" : "image/png",
      "size" : 35123
    } ],
    "parameters" : [ ],
    "stepsCount" : 0,
    "attachmentsCount" : 1,
    "shouldDisplayMessage" : false,
    "hasContent" : true
  } ],
  "labels" : [ {
    "name" : "epic",
    "value" : "UI Tests"
  }, {
    "name" : "suite",
    "value" : "Test Profile Page."
  }, {
    "name" : "parentSuite",
    "value" : "tests_ui"
  }, {
    "name" : "subSuite",
    "value" : "TestUI"
  }, {
    "name" : "host",
    "value" : "fv-az1427-290"
  }, {
    "name" : "thread",
    "value" : "2379-MainThread"
  }, {
    "name" : "framework",
    "value" : "pytest"
  }, {
    "name" : "language",
    "value" : "cpython3"
  }, {
    "name" : "package",
    "value" : "tests_ui.test_ui"
  }, {
    "name" : "resultFormat",
    "value" : "allure2"
  } ],
  "parameters" : [ ],
  "links" : [ ],
  "hidden" : false,
  "retry" : false,
  "extra" : {
    "severity" : "normal",
    "retries" : [ ],
    "categories" : [ {
      "name" : "Test defects",
      "matchedStatuses" : [ ],
      "flaky" : false
    } ],
    "history" : {
      "statistic" : {
        "failed" : 0,
        "broken" : 1,
        "skipped" : 0,
        "passed" : 1,
        "unknown" : 0,
        "total" : 2
      },
      "items" : [ {
        "uid" : "b61cd02a361f7bf9",
        "reportUrl" : "https://Areso.github.io/Oblache/1//#testresult/b61cd02a361f7bf9",
        "status" : "passed",
        "time" : {
          "start" : 1712762737565,
          "stop" : 1712762738733,
          "duration" : 1168
        }
      } ]
    },
    "tags" : [ ]
  },
  "source" : "e6cee5bade562080.json",
  "parameterValues" : [ ]
}