{
  "uid" : "a9fef18f0a57e6",
  "name" : "test_clipboard_uuid_docker",
  "fullName" : "tests_ui.test_ui.TestProfilePage#test_clipboard_uuid_docker",
  "historyId" : "11f91f43cfea2a231aececf29c7ed302",
  "time" : {
    "start" : 1712883499261,
    "stop" : 1712883504432,
    "duration" : 5171
  },
  "status" : "broken",
  "statusMessage" : "selenium.common.exceptions.TimeoutException: Message: Can't find element by locator ('xpath', '//table[@id=\"table_containers\"] //tr[1]/td[3] /button')\nStacktrace:\n#0 0x562f38e94873 <unknown>\n#1 0x562f38b8a8c6 <unknown>\n#2 0x562f38bd5618 <unknown>\n#3 0x562f38bd56d1 <unknown>\n#4 0x562f38c18744 <unknown>\n#5 0x562f38bf75cd <unknown>\n#6 0x562f38c15c19 <unknown>\n#7 0x562f38bf7343 <unknown>\n#8 0x562f38bc8593 <unknown>\n#9 0x562f38bc8f5e <unknown>\n#10 0x562f38e5885b <unknown>\n#11 0x562f38e5c7b5 <unknown>\n#12 0x562f38e46581 <unknown>\n#13 0x562f38e5d342 <unknown>\n#14 0x562f38e2b88f <unknown>\n#15 0x562f38e83738 <unknown>\n#16 0x562f38e8390b <unknown>\n#17 0x562f38e939c4 <unknown>\n#18 0x7f6f6b094ac3 <unknown>",
  "statusTrace" : "self = <tests_ui.test_ui.TestUI.TestProfilePage object at 0x7fd1f4ccb980>\ndriver = <selenium.webdriver.chrome.webdriver.WebDriver (session=\"3459982955fbb15c9ad9147d7a7eae4d\")>\nauthorization_user = <tests_ui.login_page.LoginPage object at 0x7fd1f4cee8d0>\n\n    @allure.title('test_clipboard_uuid_docker')\n    def test_clipboard_uuid_docker(self, driver, authorization_user):\n        page = ProfilePage(driver)\n        page.click_button_docker_containers()\n>       page.check_clipboard('//table[@id=\"table_containers\"]')\n\ntests_ui/test_ui.py:92: \n_ _ _ _ _ _ _ _ _ _ _ _ _ _ _ _ _ _ _ _ _ _ _ _ _ _ _ _ _ _ _ _ _ _ _ _ _ _ _ _ \ntests_ui/profile_page.py:82: in check_clipboard\n    button = self.element_is_visible((By.XPATH, f'{table_xpath} //tr[1]/td[3] /button'))\ntests_ui/base_page.py:32: in element_is_visible\n    self.go_to_element(self.element_is_present(locator))\ntests_ui/base_page.py:45: in element_is_present\n    return Wait(self.driver, self.timeout).until(\n_ _ _ _ _ _ _ _ _ _ _ _ _ _ _ _ _ _ _ _ _ _ _ _ _ _ _ _ _ _ _ _ _ _ _ _ _ _ _ _ \n\nself = <selenium.webdriver.support.wait.WebDriverWait (session=\"3459982955fbb15c9ad9147d7a7eae4d\")>\nmethod = <function presence_of_element_located.<locals>._predicate at 0x7fd1f43fc860>\nmessage = 'Can\\'t find element by locator (\\'xpath\\', \\'//table[@id=\"table_containers\"] //tr[1]/td[3] /button\\')'\n\n    def until(self, method: Callable[[D], Union[Literal[False], T]], message: str = \"\") -> T:\n        \"\"\"Calls the method provided with the driver as an argument until the \\\n        return value does not evaluate to ``False``.\n    \n        :param method: callable(WebDriver)\n        :param message: optional message for :exc:`TimeoutException`\n        :returns: the result of the last call to `method`\n        :raises: :exc:`selenium.common.exceptions.TimeoutException` if timeout occurs\n        \"\"\"\n        screen = None\n        stacktrace = None\n    \n        end_time = time.monotonic() + self._timeout\n        while True:\n            try:\n                value = method(self._driver)\n                if value:\n                    return value\n            except self._ignored_exceptions as exc:\n                screen = getattr(exc, \"screen\", None)\n                stacktrace = getattr(exc, \"stacktrace\", None)\n            time.sleep(self._poll)\n            if time.monotonic() > end_time:\n                break\n>       raise TimeoutException(message, screen, stacktrace)\nE       selenium.common.exceptions.TimeoutException: Message: Can't find element by locator ('xpath', '//table[@id=\"table_containers\"] //tr[1]/td[3] /button')\nE       Stacktrace:\nE       #0 0x562f38e94873 <unknown>\nE       #1 0x562f38b8a8c6 <unknown>\nE       #2 0x562f38bd5618 <unknown>\nE       #3 0x562f38bd56d1 <unknown>\nE       #4 0x562f38c18744 <unknown>\nE       #5 0x562f38bf75cd <unknown>\nE       #6 0x562f38c15c19 <unknown>\nE       #7 0x562f38bf7343 <unknown>\nE       #8 0x562f38bc8593 <unknown>\nE       #9 0x562f38bc8f5e <unknown>\nE       #10 0x562f38e5885b <unknown>\nE       #11 0x562f38e5c7b5 <unknown>\nE       #12 0x562f38e46581 <unknown>\nE       #13 0x562f38e5d342 <unknown>\nE       #14 0x562f38e2b88f <unknown>\nE       #15 0x562f38e83738 <unknown>\nE       #16 0x562f38e8390b <unknown>\nE       #17 0x562f38e939c4 <unknown>\nE       #18 0x7f6f6b094ac3 <unknown>\n\n/opt/hostedtoolcache/Python/3.12.2/x64/lib/python3.12/site-packages/selenium/webdriver/support/wait.py:105: TimeoutException",
  "flaky" : false,
  "newFailed" : false,
  "beforeStages" : [ {
    "name" : "authorization_user",
    "time" : {
      "start" : 1712883497846,
      "stop" : 1712883499261,
      "duration" : 1415
    },
    "status" : "passed",
    "steps" : [ {
      "name" : "Open page: https://oblache.areso.pro/register.html",
      "time" : {
        "start" : 1712883497846,
        "stop" : 1712883498200,
        "duration" : 354
      },
      "status" : "passed",
      "steps" : [ ],
      "attachments" : [ ],
      "parameters" : [ ],
      "stepsCount" : 0,
      "attachmentsCount" : 0,
      "shouldDisplayMessage" : false,
      "hasContent" : false
    }, {
      "name" : "login_user",
      "time" : {
        "start" : 1712883498201,
        "stop" : 1712883499261,
        "duration" : 1060
      },
      "status" : "passed",
      "steps" : [ {
        "name" : "Enter email.",
        "time" : {
          "start" : 1712883498201,
          "stop" : 1712883498253,
          "duration" : 52
        },
        "status" : "passed",
        "steps" : [ ],
        "attachments" : [ ],
        "parameters" : [ ],
        "stepsCount" : 0,
        "attachmentsCount" : 0,
        "shouldDisplayMessage" : false,
        "hasContent" : false
      }, {
        "name" : "Enter password.",
        "time" : {
          "start" : 1712883498253,
          "stop" : 1712883498296,
          "duration" : 43
        },
        "status" : "passed",
        "steps" : [ ],
        "attachments" : [ ],
        "parameters" : [ ],
        "stepsCount" : 0,
        "attachmentsCount" : 0,
        "shouldDisplayMessage" : false,
        "hasContent" : false
      }, {
        "name" : "Click button \"Login\"",
        "time" : {
          "start" : 1712883498296,
          "stop" : 1712883498362,
          "duration" : 66
        },
        "status" : "passed",
        "steps" : [ {
          "name" : "element_is_present_and_clickable",
          "time" : {
            "start" : 1712883498296,
            "stop" : 1712883498333,
            "duration" : 37
          },
          "status" : "passed",
          "steps" : [ ],
          "attachments" : [ ],
          "parameters" : [ {
            "name" : "locator",
            "value" : "('xpath', '//input[@id=\"inp_regform_login_submit\"]')"
          } ],
          "stepsCount" : 0,
          "attachmentsCount" : 0,
          "shouldDisplayMessage" : false,
          "hasContent" : true
        } ],
        "attachments" : [ ],
        "parameters" : [ ],
        "stepsCount" : 1,
        "attachmentsCount" : 0,
        "shouldDisplayMessage" : false,
        "hasContent" : true
      }, {
        "name" : "Check url is present: https://oblache.areso.pro/profile.html",
        "time" : {
          "start" : 1712883498362,
          "stop" : 1712883499261,
          "duration" : 899
        },
        "status" : "passed",
        "steps" : [ ],
        "attachments" : [ ],
        "parameters" : [ ],
        "stepsCount" : 0,
        "attachmentsCount" : 0,
        "shouldDisplayMessage" : false,
        "hasContent" : false
      } ],
      "attachments" : [ ],
      "parameters" : [ ],
      "stepsCount" : 5,
      "attachmentsCount" : 0,
      "shouldDisplayMessage" : false,
      "hasContent" : true
    } ],
    "attachments" : [ ],
    "parameters" : [ ],
    "stepsCount" : 7,
    "attachmentsCount" : 0,
    "shouldDisplayMessage" : false,
    "hasContent" : true
  }, {
    "name" : "driver",
    "time" : {
      "start" : 1712883497564,
      "stop" : 1712883497846,
      "duration" : 282
    },
    "status" : "passed",
    "steps" : [ ],
    "attachments" : [ ],
    "parameters" : [ ],
    "stepsCount" : 0,
    "attachmentsCount" : 0,
    "shouldDisplayMessage" : false,
    "hasContent" : false
  } ],
  "testStage" : {
    "status" : "broken",
    "statusMessage" : "selenium.common.exceptions.TimeoutException: Message: Can't find element by locator ('xpath', '//table[@id=\"table_containers\"] //tr[1]/td[3] /button')\nStacktrace:\n#0 0x562f38e94873 <unknown>\n#1 0x562f38b8a8c6 <unknown>\n#2 0x562f38bd5618 <unknown>\n#3 0x562f38bd56d1 <unknown>\n#4 0x562f38c18744 <unknown>\n#5 0x562f38bf75cd <unknown>\n#6 0x562f38c15c19 <unknown>\n#7 0x562f38bf7343 <unknown>\n#8 0x562f38bc8593 <unknown>\n#9 0x562f38bc8f5e <unknown>\n#10 0x562f38e5885b <unknown>\n#11 0x562f38e5c7b5 <unknown>\n#12 0x562f38e46581 <unknown>\n#13 0x562f38e5d342 <unknown>\n#14 0x562f38e2b88f <unknown>\n#15 0x562f38e83738 <unknown>\n#16 0x562f38e8390b <unknown>\n#17 0x562f38e939c4 <unknown>\n#18 0x7f6f6b094ac3 <unknown>",
    "statusTrace" : "self = <tests_ui.test_ui.TestUI.TestProfilePage object at 0x7fd1f4ccb980>\ndriver = <selenium.webdriver.chrome.webdriver.WebDriver (session=\"3459982955fbb15c9ad9147d7a7eae4d\")>\nauthorization_user = <tests_ui.login_page.LoginPage object at 0x7fd1f4cee8d0>\n\n    @allure.title('test_clipboard_uuid_docker')\n    def test_clipboard_uuid_docker(self, driver, authorization_user):\n        page = ProfilePage(driver)\n        page.click_button_docker_containers()\n>       page.check_clipboard('//table[@id=\"table_containers\"]')\n\ntests_ui/test_ui.py:92: \n_ _ _ _ _ _ _ _ _ _ _ _ _ _ _ _ _ _ _ _ _ _ _ _ _ _ _ _ _ _ _ _ _ _ _ _ _ _ _ _ \ntests_ui/profile_page.py:82: in check_clipboard\n    button = self.element_is_visible((By.XPATH, f'{table_xpath} //tr[1]/td[3] /button'))\ntests_ui/base_page.py:32: in element_is_visible\n    self.go_to_element(self.element_is_present(locator))\ntests_ui/base_page.py:45: in element_is_present\n    return Wait(self.driver, self.timeout).until(\n_ _ _ _ _ _ _ _ _ _ _ _ _ _ _ _ _ _ _ _ _ _ _ _ _ _ _ _ _ _ _ _ _ _ _ _ _ _ _ _ \n\nself = <selenium.webdriver.support.wait.WebDriverWait (session=\"3459982955fbb15c9ad9147d7a7eae4d\")>\nmethod = <function presence_of_element_located.<locals>._predicate at 0x7fd1f43fc860>\nmessage = 'Can\\'t find element by locator (\\'xpath\\', \\'//table[@id=\"table_containers\"] //tr[1]/td[3] /button\\')'\n\n    def until(self, method: Callable[[D], Union[Literal[False], T]], message: str = \"\") -> T:\n        \"\"\"Calls the method provided with the driver as an argument until the \\\n        return value does not evaluate to ``False``.\n    \n        :param method: callable(WebDriver)\n        :param message: optional message for :exc:`TimeoutException`\n        :returns: the result of the last call to `method`\n        :raises: :exc:`selenium.common.exceptions.TimeoutException` if timeout occurs\n        \"\"\"\n        screen = None\n        stacktrace = None\n    \n        end_time = time.monotonic() + self._timeout\n        while True:\n            try:\n                value = method(self._driver)\n                if value:\n                    return value\n            except self._ignored_exceptions as exc:\n                screen = getattr(exc, \"screen\", None)\n                stacktrace = getattr(exc, \"stacktrace\", None)\n            time.sleep(self._poll)\n            if time.monotonic() > end_time:\n                break\n>       raise TimeoutException(message, screen, stacktrace)\nE       selenium.common.exceptions.TimeoutException: Message: Can't find element by locator ('xpath', '//table[@id=\"table_containers\"] //tr[1]/td[3] /button')\nE       Stacktrace:\nE       #0 0x562f38e94873 <unknown>\nE       #1 0x562f38b8a8c6 <unknown>\nE       #2 0x562f38bd5618 <unknown>\nE       #3 0x562f38bd56d1 <unknown>\nE       #4 0x562f38c18744 <unknown>\nE       #5 0x562f38bf75cd <unknown>\nE       #6 0x562f38c15c19 <unknown>\nE       #7 0x562f38bf7343 <unknown>\nE       #8 0x562f38bc8593 <unknown>\nE       #9 0x562f38bc8f5e <unknown>\nE       #10 0x562f38e5885b <unknown>\nE       #11 0x562f38e5c7b5 <unknown>\nE       #12 0x562f38e46581 <unknown>\nE       #13 0x562f38e5d342 <unknown>\nE       #14 0x562f38e2b88f <unknown>\nE       #15 0x562f38e83738 <unknown>\nE       #16 0x562f38e8390b <unknown>\nE       #17 0x562f38e939c4 <unknown>\nE       #18 0x7f6f6b094ac3 <unknown>\n\n/opt/hostedtoolcache/Python/3.12.2/x64/lib/python3.12/site-packages/selenium/webdriver/support/wait.py:105: TimeoutException",
    "steps" : [ {
      "name" : "Click \"Docker containers\" button.",
      "time" : {
        "start" : 1712883499262,
        "stop" : 1712883499317,
        "duration" : 55
      },
      "status" : "passed",
      "steps" : [ {
        "name" : "element_is_present_and_clickable",
        "time" : {
          "start" : 1712883499262,
          "stop" : 1712883499293,
          "duration" : 31
        },
        "status" : "passed",
        "steps" : [ ],
        "attachments" : [ ],
        "parameters" : [ {
          "name" : "locator",
          "value" : "('xpath', '//button[@id=\"menu_button_containers\"]')"
        } ],
        "stepsCount" : 0,
        "attachmentsCount" : 0,
        "shouldDisplayMessage" : false,
        "hasContent" : true
      } ],
      "attachments" : [ ],
      "parameters" : [ ],
      "stepsCount" : 1,
      "attachmentsCount" : 0,
      "shouldDisplayMessage" : false,
      "hasContent" : true
    }, {
      "name" : "check_clipboard",
      "time" : {
        "start" : 1712883499317,
        "stop" : 1712883504431,
        "duration" : 5114
      },
      "status" : "broken",
      "statusMessage" : "selenium.common.exceptions.TimeoutException: Message: Can't find element by locator ('xpath', '//table[@id=\"table_containers\"] //tr[1]/td[3] /button')\nStacktrace:\n#0 0x562f38e94873 <unknown>\n#1 0x562f38b8a8c6 <unknown>\n#2 0x562f38bd5618 <unknown>\n#3 0x562f38bd56d1 <unknown>\n#4 0x562f38c18744 <unknown>\n#5 0x562f38bf75cd <unknown>\n#6 0x562f38c15c19 <unknown>\n#7 0x562f38bf7343 <unknown>\n#8 0x562f38bc8593 <unknown>\n#9 0x562f38bc8f5e <unknown>\n#10 0x562f38e5885b <unknown>\n#11 0x562f38e5c7b5 <unknown>\n#12 0x562f38e46581 <unknown>\n#13 0x562f38e5d342 <unknown>\n#14 0x562f38e2b88f <unknown>\n#15 0x562f38e83738 <unknown>\n#16 0x562f38e8390b <unknown>\n#17 0x562f38e939c4 <unknown>\n#18 0x7f6f6b094ac3 <unknown>\n\n",
      "statusTrace" : "  File \"/opt/hostedtoolcache/Python/3.12.2/x64/lib/python3.12/site-packages/allure_commons/_allure.py\", line 192, in impl\n    return func(*a, **kw)\n           ^^^^^^^^^^^^^^\n  File \"/home/runner/work/Oblache/Oblache/tests_ui/profile_page.py\", line 82, in check_clipboard\n    button = self.element_is_visible((By.XPATH, f'{table_xpath} //tr[1]/td[3] /button'))\n             ^^^^^^^^^^^^^^^^^^^^^^^^^^^^^^^^^^^^^^^^^^^^^^^^^^^^^^^^^^^^^^^^^^^^^^^^^^^\n  File \"/home/runner/work/Oblache/Oblache/tests_ui/base_page.py\", line 32, in element_is_visible\n    self.go_to_element(self.element_is_present(locator))\n                       ^^^^^^^^^^^^^^^^^^^^^^^^^^^^^^^^\n  File \"/home/runner/work/Oblache/Oblache/tests_ui/base_page.py\", line 45, in element_is_present\n    return Wait(self.driver, self.timeout).until(\n           ^^^^^^^^^^^^^^^^^^^^^^^^^^^^^^^^^^^^^^\n  File \"/opt/hostedtoolcache/Python/3.12.2/x64/lib/python3.12/site-packages/selenium/webdriver/support/wait.py\", line 105, in until\n    raise TimeoutException(message, screen, stacktrace)\n",
      "steps" : [ ],
      "attachments" : [ ],
      "parameters" : [ {
        "name" : "table_xpath",
        "value" : "'//table[@id=\"table_containers\"]'"
      } ],
      "stepsCount" : 0,
      "attachmentsCount" : 0,
      "shouldDisplayMessage" : true,
      "hasContent" : true
    } ],
    "attachments" : [ ],
    "parameters" : [ ],
    "stepsCount" : 3,
    "attachmentsCount" : 0,
    "shouldDisplayMessage" : true,
    "hasContent" : true
  },
  "afterStages" : [ {
    "name" : "driver::0",
    "time" : {
      "start" : 1712883504442,
      "stop" : 1712883504619,
      "duration" : 177
    },
    "status" : "passed",
    "steps" : [ ],
    "attachments" : [ {
      "uid" : "404986525febbc03",
      "name" : "Screenshot 2024-04-12 00:58:24.561854",
      "source" : "404986525febbc03.png",
      "type" : "image/png",
      "size" : 35123
    } ],
    "parameters" : [ ],
    "stepsCount" : 0,
    "attachmentsCount" : 1,
    "shouldDisplayMessage" : false,
    "hasContent" : true
  } ],
  "labels" : [ {
    "name" : "suite",
    "value" : "Test Profile Page."
  }, {
    "name" : "epic",
    "value" : "UI Tests"
  }, {
    "name" : "parentSuite",
    "value" : "tests_ui"
  }, {
    "name" : "subSuite",
    "value" : "TestUI"
  }, {
    "name" : "host",
    "value" : "fv-az1427-290"
  }, {
    "name" : "thread",
    "value" : "2341-MainThread"
  }, {
    "name" : "framework",
    "value" : "pytest"
  }, {
    "name" : "language",
    "value" : "cpython3"
  }, {
    "name" : "package",
    "value" : "tests_ui.test_ui"
  }, {
    "name" : "resultFormat",
    "value" : "allure2"
  } ],
  "parameters" : [ ],
  "links" : [ ],
  "hidden" : false,
  "retry" : false,
  "extra" : {
    "severity" : "normal",
    "retries" : [ ],
    "categories" : [ {
      "name" : "Test defects",
      "matchedStatuses" : [ ],
      "flaky" : false
    } ],
    "history" : {
      "statistic" : {
        "failed" : 0,
        "broken" : 2,
        "skipped" : 0,
        "passed" : 1,
        "unknown" : 0,
        "total" : 3
      },
      "items" : [ {
        "uid" : "e6cee5bade562080",
        "reportUrl" : "https://Areso.github.io/Oblache/1//#testresult/e6cee5bade562080",
        "status" : "broken",
        "statusDetails" : "selenium.common.exceptions.TimeoutException: Message: Can't find element by locator ('xpath', '//table[@id=\"table_containers\"] //tr[1]/td[3] /button')\nStacktrace:\n#0 0x562b15a7d873 <unknown>\n#1 0x562b157738c6 <unknown>\n#2 0x562b157be618 <unknown>\n#3 0x562b157be6d1 <unknown>\n#4 0x562b15801744 <unknown>\n#5 0x562b157e05cd <unknown>\n#6 0x562b157fec19 <unknown>\n#7 0x562b157e0343 <unknown>\n#8 0x562b157b1593 <unknown>\n#9 0x562b157b1f5e <unknown>\n#10 0x562b15a4185b <unknown>\n#11 0x562b15a457b5 <unknown>\n#12 0x562b15a2f581 <unknown>\n#13 0x562b15a46342 <unknown>\n#14 0x562b15a1488f <unknown>\n#15 0x562b15a6c738 <unknown>\n#16 0x562b15a6c90b <unknown>\n#17 0x562b15a7c9c4 <unknown>\n#18 0x7f84d7e94ac3 <unknown>",
        "time" : {
          "start" : 1712797116347,
          "stop" : 1712797121506,
          "duration" : 5159
        }
      }, {
        "uid" : "b61cd02a361f7bf9",
        "reportUrl" : "https://Areso.github.io/Oblache/1//#testresult/b61cd02a361f7bf9",
        "status" : "passed",
        "time" : {
          "start" : 1712762737565,
          "stop" : 1712762738733,
          "duration" : 1168
        }
      } ]
    },
    "tags" : [ ]
  },
  "source" : "a9fef18f0a57e6.json",
  "parameterValues" : [ ]
}