{
  "uid" : "2c07ea984563b5aa",
  "name" : "test_open_static_site_page",
  "fullName" : "tests_ui.test_ui.TestProfilePage#test_open_statistic_page",
  "historyId" : "d5ae1e2d5dedc1997262906d6ec2db80",
  "time" : {
    "start" : 1732671790827,
    "stop" : 1732671796319,
    "duration" : 5492
  },
  "status" : "broken",
  "statusMessage" : "selenium.common.exceptions.TimeoutException: Message: Can't find element by locator ('xpath', '//button[@id=\"menu_button_webpages\"]')\nStacktrace:\n#0 0x5557d234a31a <unknown>\n#1 0x5557d1e606e0 <unknown>\n#2 0x5557d1eaf3e6 <unknown>\n#3 0x5557d1eaf681 <unknown>\n#4 0x5557d1ef4b04 <unknown>\n#5 0x5557d1ed348d <unknown>\n#6 0x5557d1ef1ed7 <unknown>\n#7 0x5557d1ed3203 <unknown>\n#8 0x5557d1ea1cc0 <unknown>\n#9 0x5557d1ea2c9e <unknown>\n#10 0x5557d2317d0b <unknown>\n#11 0x5557d231bc92 <unknown>\n#12 0x5557d2304b3c <unknown>\n#13 0x5557d231c807 <unknown>\n#14 0x5557d22ea0df <unknown>\n#15 0x5557d2339578 <unknown>\n#16 0x5557d2339740 <unknown>\n#17 0x5557d2349196 <unknown>\n#18 0x7f6ba2494ac3 <unknown>",
  "statusTrace" : "self = <tests_ui.test_ui.TestProfilePage object at 0x7fee5cc48a70>\ndriver = <selenium.webdriver.chrome.webdriver.WebDriver (session=\"20ae7a9c90ffbb938361ce90564b40f5\")>\nauthorization_user = None\n\n    @allure.title('test_open_static_site_page')\n    def test_open_statistic_page(self, driver, authorization_user):\n        page = ProfilePage(driver)\n>       page.click_static_site_button()\n\ntests_ui/test_ui.py:69: \n_ _ _ _ _ _ _ _ _ _ _ _ _ _ _ _ _ _ _ _ _ _ _ _ _ _ _ _ _ _ _ _ _ _ _ _ _ _ _ _ \ntests_ui/profile_page.py:40: in click_static_site_button\n    return self.element_is_present_and_clickable(self.locators.STATIC_BUTTON).click()\ntests_ui/base_page.py:28: in element_is_present_and_clickable\n    return (Wait(self.driver, self.timeout).until(\n_ _ _ _ _ _ _ _ _ _ _ _ _ _ _ _ _ _ _ _ _ _ _ _ _ _ _ _ _ _ _ _ _ _ _ _ _ _ _ _ \n\nself = <selenium.webdriver.support.wait.WebDriverWait (session=\"20ae7a9c90ffbb938361ce90564b40f5\")>\nmethod = <function visibility_of_element_located.<locals>._predicate at 0x7fee5c1e6e80>\nmessage = 'Can\\'t find element by locator (\\'xpath\\', \\'//button[@id=\"menu_button_webpages\"]\\')'\n\n    def until(self, method: Callable[[D], Union[Literal[False], T]], message: str = \"\") -> T:\n        \"\"\"Calls the method provided with the driver as an argument until the \\\n        return value does not evaluate to ``False``.\n    \n        :param method: callable(WebDriver)\n        :param message: optional message for :exc:`TimeoutException`\n        :returns: the result of the last call to `method`\n        :raises: :exc:`selenium.common.exceptions.TimeoutException` if timeout occurs\n        \"\"\"\n        screen = None\n        stacktrace = None\n    \n        end_time = time.monotonic() + self._timeout\n        while True:\n            try:\n                value = method(self._driver)\n                if value:\n                    return value\n            except self._ignored_exceptions as exc:\n                screen = getattr(exc, \"screen\", None)\n                stacktrace = getattr(exc, \"stacktrace\", None)\n            time.sleep(self._poll)\n            if time.monotonic() > end_time:\n                break\n>       raise TimeoutException(message, screen, stacktrace)\nE       selenium.common.exceptions.TimeoutException: Message: Can't find element by locator ('xpath', '//button[@id=\"menu_button_webpages\"]')\nE       Stacktrace:\nE       #0 0x5557d234a31a <unknown>\nE       #1 0x5557d1e606e0 <unknown>\nE       #2 0x5557d1eaf3e6 <unknown>\nE       #3 0x5557d1eaf681 <unknown>\nE       #4 0x5557d1ef4b04 <unknown>\nE       #5 0x5557d1ed348d <unknown>\nE       #6 0x5557d1ef1ed7 <unknown>\nE       #7 0x5557d1ed3203 <unknown>\nE       #8 0x5557d1ea1cc0 <unknown>\nE       #9 0x5557d1ea2c9e <unknown>\nE       #10 0x5557d2317d0b <unknown>\nE       #11 0x5557d231bc92 <unknown>\nE       #12 0x5557d2304b3c <unknown>\nE       #13 0x5557d231c807 <unknown>\nE       #14 0x5557d22ea0df <unknown>\nE       #15 0x5557d2339578 <unknown>\nE       #16 0x5557d2339740 <unknown>\nE       #17 0x5557d2349196 <unknown>\nE       #18 0x7f6ba2494ac3 <unknown>\n\n/opt/hostedtoolcache/Python/3.12.7/x64/lib/python3.12/site-packages/selenium/webdriver/support/wait.py:105: TimeoutException",
  "flaky" : false,
  "newFailed" : false,
  "beforeStages" : [ {
    "name" : "driver",
    "time" : {
      "start" : 1732671789829,
      "stop" : 1732671790115,
      "duration" : 286
    },
    "status" : "passed",
    "steps" : [ ],
    "attachments" : [ ],
    "parameters" : [ ],
    "shouldDisplayMessage" : false,
    "hasContent" : false,
    "stepsCount" : 0,
    "attachmentsCount" : 0
  }, {
    "name" : "authorization_user",
    "time" : {
      "start" : 1732671790115,
      "stop" : 1732671790827,
      "duration" : 712
    },
    "status" : "passed",
    "steps" : [ {
      "name" : "Open page: https://oblache.areso.pro/register.html",
      "time" : {
        "start" : 1732671790115,
        "stop" : 1732671790633,
        "duration" : 518
      },
      "status" : "passed",
      "steps" : [ ],
      "attachments" : [ ],
      "parameters" : [ ],
      "shouldDisplayMessage" : false,
      "hasContent" : false,
      "stepsCount" : 0,
      "attachmentsCount" : 0
    }, {
      "name" : "Login user",
      "time" : {
        "start" : 1732671790633,
        "stop" : 1732671790827,
        "duration" : 194
      },
      "status" : "passed",
      "steps" : [ {
        "name" : "Enter email.",
        "time" : {
          "start" : 1732671790633,
          "stop" : 1732671790688,
          "duration" : 55
        },
        "status" : "passed",
        "steps" : [ ],
        "attachments" : [ ],
        "parameters" : [ ],
        "shouldDisplayMessage" : false,
        "hasContent" : false,
        "stepsCount" : 0,
        "attachmentsCount" : 0
      }, {
        "name" : "Enter password.",
        "time" : {
          "start" : 1732671790688,
          "stop" : 1732671790736,
          "duration" : 48
        },
        "status" : "passed",
        "steps" : [ ],
        "attachments" : [ ],
        "parameters" : [ ],
        "shouldDisplayMessage" : false,
        "hasContent" : false,
        "stepsCount" : 0,
        "attachmentsCount" : 0
      }, {
        "name" : "Click button \"Login\"",
        "time" : {
          "start" : 1732671790736,
          "stop" : 1732671790824,
          "duration" : 88
        },
        "status" : "passed",
        "steps" : [ ],
        "attachments" : [ ],
        "parameters" : [ ],
        "shouldDisplayMessage" : false,
        "hasContent" : false,
        "stepsCount" : 0,
        "attachmentsCount" : 0
      }, {
        "name" : "Check url is present: https://oblache.areso.pro/register.html",
        "time" : {
          "start" : 1732671790824,
          "stop" : 1732671790827,
          "duration" : 3
        },
        "status" : "passed",
        "steps" : [ ],
        "attachments" : [ ],
        "parameters" : [ ],
        "shouldDisplayMessage" : false,
        "hasContent" : false,
        "stepsCount" : 0,
        "attachmentsCount" : 0
      } ],
      "attachments" : [ ],
      "parameters" : [ ],
      "shouldDisplayMessage" : false,
      "hasContent" : true,
      "stepsCount" : 4,
      "attachmentsCount" : 0
    } ],
    "attachments" : [ ],
    "parameters" : [ ],
    "shouldDisplayMessage" : false,
    "hasContent" : true,
    "stepsCount" : 6,
    "attachmentsCount" : 0
  } ],
  "testStage" : {
    "status" : "broken",
    "statusMessage" : "selenium.common.exceptions.TimeoutException: Message: Can't find element by locator ('xpath', '//button[@id=\"menu_button_webpages\"]')\nStacktrace:\n#0 0x5557d234a31a <unknown>\n#1 0x5557d1e606e0 <unknown>\n#2 0x5557d1eaf3e6 <unknown>\n#3 0x5557d1eaf681 <unknown>\n#4 0x5557d1ef4b04 <unknown>\n#5 0x5557d1ed348d <unknown>\n#6 0x5557d1ef1ed7 <unknown>\n#7 0x5557d1ed3203 <unknown>\n#8 0x5557d1ea1cc0 <unknown>\n#9 0x5557d1ea2c9e <unknown>\n#10 0x5557d2317d0b <unknown>\n#11 0x5557d231bc92 <unknown>\n#12 0x5557d2304b3c <unknown>\n#13 0x5557d231c807 <unknown>\n#14 0x5557d22ea0df <unknown>\n#15 0x5557d2339578 <unknown>\n#16 0x5557d2339740 <unknown>\n#17 0x5557d2349196 <unknown>\n#18 0x7f6ba2494ac3 <unknown>",
    "statusTrace" : "self = <tests_ui.test_ui.TestProfilePage object at 0x7fee5cc48a70>\ndriver = <selenium.webdriver.chrome.webdriver.WebDriver (session=\"20ae7a9c90ffbb938361ce90564b40f5\")>\nauthorization_user = None\n\n    @allure.title('test_open_static_site_page')\n    def test_open_statistic_page(self, driver, authorization_user):\n        page = ProfilePage(driver)\n>       page.click_static_site_button()\n\ntests_ui/test_ui.py:69: \n_ _ _ _ _ _ _ _ _ _ _ _ _ _ _ _ _ _ _ _ _ _ _ _ _ _ _ _ _ _ _ _ _ _ _ _ _ _ _ _ \ntests_ui/profile_page.py:40: in click_static_site_button\n    return self.element_is_present_and_clickable(self.locators.STATIC_BUTTON).click()\ntests_ui/base_page.py:28: in element_is_present_and_clickable\n    return (Wait(self.driver, self.timeout).until(\n_ _ _ _ _ _ _ _ _ _ _ _ _ _ _ _ _ _ _ _ _ _ _ _ _ _ _ _ _ _ _ _ _ _ _ _ _ _ _ _ \n\nself = <selenium.webdriver.support.wait.WebDriverWait (session=\"20ae7a9c90ffbb938361ce90564b40f5\")>\nmethod = <function visibility_of_element_located.<locals>._predicate at 0x7fee5c1e6e80>\nmessage = 'Can\\'t find element by locator (\\'xpath\\', \\'//button[@id=\"menu_button_webpages\"]\\')'\n\n    def until(self, method: Callable[[D], Union[Literal[False], T]], message: str = \"\") -> T:\n        \"\"\"Calls the method provided with the driver as an argument until the \\\n        return value does not evaluate to ``False``.\n    \n        :param method: callable(WebDriver)\n        :param message: optional message for :exc:`TimeoutException`\n        :returns: the result of the last call to `method`\n        :raises: :exc:`selenium.common.exceptions.TimeoutException` if timeout occurs\n        \"\"\"\n        screen = None\n        stacktrace = None\n    \n        end_time = time.monotonic() + self._timeout\n        while True:\n            try:\n                value = method(self._driver)\n                if value:\n                    return value\n            except self._ignored_exceptions as exc:\n                screen = getattr(exc, \"screen\", None)\n                stacktrace = getattr(exc, \"stacktrace\", None)\n            time.sleep(self._poll)\n            if time.monotonic() > end_time:\n                break\n>       raise TimeoutException(message, screen, stacktrace)\nE       selenium.common.exceptions.TimeoutException: Message: Can't find element by locator ('xpath', '//button[@id=\"menu_button_webpages\"]')\nE       Stacktrace:\nE       #0 0x5557d234a31a <unknown>\nE       #1 0x5557d1e606e0 <unknown>\nE       #2 0x5557d1eaf3e6 <unknown>\nE       #3 0x5557d1eaf681 <unknown>\nE       #4 0x5557d1ef4b04 <unknown>\nE       #5 0x5557d1ed348d <unknown>\nE       #6 0x5557d1ef1ed7 <unknown>\nE       #7 0x5557d1ed3203 <unknown>\nE       #8 0x5557d1ea1cc0 <unknown>\nE       #9 0x5557d1ea2c9e <unknown>\nE       #10 0x5557d2317d0b <unknown>\nE       #11 0x5557d231bc92 <unknown>\nE       #12 0x5557d2304b3c <unknown>\nE       #13 0x5557d231c807 <unknown>\nE       #14 0x5557d22ea0df <unknown>\nE       #15 0x5557d2339578 <unknown>\nE       #16 0x5557d2339740 <unknown>\nE       #17 0x5557d2349196 <unknown>\nE       #18 0x7f6ba2494ac3 <unknown>\n\n/opt/hostedtoolcache/Python/3.12.7/x64/lib/python3.12/site-packages/selenium/webdriver/support/wait.py:105: TimeoutException",
    "steps" : [ {
      "name" : "Click \"Static site\" button.",
      "time" : {
        "start" : 1732671790827,
        "stop" : 1732671796319,
        "duration" : 5492
      },
      "status" : "broken",
      "statusMessage" : "selenium.common.exceptions.TimeoutException: Message: Can't find element by locator ('xpath', '//button[@id=\"menu_button_webpages\"]')\nStacktrace:\n#0 0x5557d234a31a <unknown>\n#1 0x5557d1e606e0 <unknown>\n#2 0x5557d1eaf3e6 <unknown>\n#3 0x5557d1eaf681 <unknown>\n#4 0x5557d1ef4b04 <unknown>\n#5 0x5557d1ed348d <unknown>\n#6 0x5557d1ef1ed7 <unknown>\n#7 0x5557d1ed3203 <unknown>\n#8 0x5557d1ea1cc0 <unknown>\n#9 0x5557d1ea2c9e <unknown>\n#10 0x5557d2317d0b <unknown>\n#11 0x5557d231bc92 <unknown>\n#12 0x5557d2304b3c <unknown>\n#13 0x5557d231c807 <unknown>\n#14 0x5557d22ea0df <unknown>\n#15 0x5557d2339578 <unknown>\n#16 0x5557d2339740 <unknown>\n#17 0x5557d2349196 <unknown>\n#18 0x7f6ba2494ac3 <unknown>\n\n",
      "statusTrace" : "  File \"/home/runner/work/Oblache/Oblache/tests_ui/profile_page.py\", line 40, in click_static_site_button\n    return self.element_is_present_and_clickable(self.locators.STATIC_BUTTON).click()\n           ^^^^^^^^^^^^^^^^^^^^^^^^^^^^^^^^^^^^^^^^^^^^^^^^^^^^^^^^^^^^^^^^^^\n  File \"/home/runner/work/Oblache/Oblache/tests_ui/base_page.py\", line 28, in element_is_present_and_clickable\n    return (Wait(self.driver, self.timeout).until(\n            ^^^^^^^^^^^^^^^^^^^^^^^^^^^^^^^^^^^^^^\n  File \"/opt/hostedtoolcache/Python/3.12.7/x64/lib/python3.12/site-packages/selenium/webdriver/support/wait.py\", line 105, in until\n    raise TimeoutException(message, screen, stacktrace)\n",
      "steps" : [ ],
      "attachments" : [ ],
      "parameters" : [ ],
      "shouldDisplayMessage" : true,
      "hasContent" : true,
      "stepsCount" : 0,
      "attachmentsCount" : 0
    } ],
    "attachments" : [ {
      "uid" : "1ac466a3eeb939c8",
      "name" : "Screenshot 2024-11-27 01:43:16.438595",
      "source" : "1ac466a3eeb939c8.png",
      "type" : "image/png",
      "size" : 42314
    } ],
    "parameters" : [ ],
    "shouldDisplayMessage" : true,
    "hasContent" : true,
    "stepsCount" : 1,
    "attachmentsCount" : 1
  },
  "afterStages" : [ {
    "name" : "driver::0",
    "time" : {
      "start" : 1732671796440,
      "stop" : 1732671796505,
      "duration" : 65
    },
    "status" : "passed",
    "steps" : [ ],
    "attachments" : [ ],
    "parameters" : [ ],
    "shouldDisplayMessage" : false,
    "hasContent" : false,
    "stepsCount" : 0,
    "attachmentsCount" : 0
  } ],
  "labels" : [ {
    "name" : "suite",
    "value" : "Test Profile Page."
  }, {
    "name" : "parentSuite",
    "value" : "tests_ui"
  }, {
    "name" : "subSuite",
    "value" : "TestProfilePage"
  }, {
    "name" : "host",
    "value" : "fv-az1269-216"
  }, {
    "name" : "thread",
    "value" : "2313-MainThread"
  }, {
    "name" : "framework",
    "value" : "pytest"
  }, {
    "name" : "language",
    "value" : "cpython3"
  }, {
    "name" : "package",
    "value" : "tests_ui.test_ui"
  }, {
    "name" : "resultFormat",
    "value" : "allure2"
  } ],
  "parameters" : [ ],
  "links" : [ ],
  "hidden" : false,
  "retry" : false,
  "extra" : {
    "severity" : "normal",
    "retries" : [ ],
    "categories" : [ {
      "name" : "Test defects",
      "matchedStatuses" : [ ],
      "flaky" : false
    } ],
    "history" : {
      "statistic" : {
        "failed" : 0,
        "broken" : 71,
        "skipped" : 0,
        "passed" : 1,
        "unknown" : 0,
        "total" : 72
      },
      "items" : [ {
        "uid" : "926e6b2768185055",
        "reportUrl" : "https://Areso.github.io/Oblache/229//#testresult/926e6b2768185055",
        "status" : "broken",
        "statusDetails" : "selenium.common.exceptions.TimeoutException: Message: Can't find element by locator ('xpath', '//button[@id=\"menu_button_webpages\"]')\nStacktrace:\n#0 0x55dabe6834ca <unknown>\n#1 0x55dabe196620 <unknown>\n#2 0x55dabe1e5306 <unknown>\n#3 0x55dabe1e55a1 <unknown>\n#4 0x55dabe22aa04 <unknown>\n#5 0x55dabe20939d <unknown>\n#6 0x55dabe227de0 <unknown>\n#7 0x55dabe209113 <unknown>\n#8 0x55dabe1d7be0 <unknown>\n#9 0x55dabe1d8bbe <unknown>\n#10 0x55dabe64fe4b <unknown>\n#11 0x55dabe653de2 <unknown>\n#12 0x55dabe63cd2c <unknown>\n#13 0x55dabe654957 <unknown>\n#14 0x55dabe6224bf <unknown>\n#15 0x55dabe672348 <unknown>\n#16 0x55dabe672510 <unknown>\n#17 0x55dabe682346 <unknown>\n#18 0x7f7bd5894ac3 <unknown>",
        "time" : {
          "start" : 1732585255952,
          "stop" : 1732585261408,
          "duration" : 5456
        }
      }, {
        "uid" : "aaf3f5e608f6ed89",
        "reportUrl" : "https://Areso.github.io/Oblache/228//#testresult/aaf3f5e608f6ed89",
        "status" : "broken",
        "statusDetails" : "selenium.common.exceptions.TimeoutException: Message: Can't find element by locator ('xpath', '//button[@id=\"menu_button_webpages\"]')\nStacktrace:\n#0 0x5619b82164ca <unknown>\n#1 0x5619b7d29620 <unknown>\n#2 0x5619b7d78306 <unknown>\n#3 0x5619b7d785a1 <unknown>\n#4 0x5619b7dbda04 <unknown>\n#5 0x5619b7d9c39d <unknown>\n#6 0x5619b7dbade0 <unknown>\n#7 0x5619b7d9c113 <unknown>\n#8 0x5619b7d6abe0 <unknown>\n#9 0x5619b7d6bbbe <unknown>\n#10 0x5619b81e2e4b <unknown>\n#11 0x5619b81e6de2 <unknown>\n#12 0x5619b81cfd2c <unknown>\n#13 0x5619b81e7957 <unknown>\n#14 0x5619b81b54bf <unknown>\n#15 0x5619b8205348 <unknown>\n#16 0x5619b8205510 <unknown>\n#17 0x5619b8215346 <unknown>\n#18 0x7f78ade94ac3 <unknown>",
        "time" : {
          "start" : 1732498916256,
          "stop" : 1732498921325,
          "duration" : 5069
        }
      }, {
        "uid" : "40e9ccce2ec7a885",
        "reportUrl" : "https://Areso.github.io/Oblache/227//#testresult/40e9ccce2ec7a885",
        "status" : "broken",
        "statusDetails" : "selenium.common.exceptions.TimeoutException: Message: Can't find element by locator ('xpath', '//button[@id=\"menu_button_webpages\"]')\nStacktrace:\n#0 0x563c8394b4ca <unknown>\n#1 0x563c8345e620 <unknown>\n#2 0x563c834ad306 <unknown>\n#3 0x563c834ad5a1 <unknown>\n#4 0x563c834f2a04 <unknown>\n#5 0x563c834d139d <unknown>\n#6 0x563c834efde0 <unknown>\n#7 0x563c834d1113 <unknown>\n#8 0x563c8349fbe0 <unknown>\n#9 0x563c834a0bbe <unknown>\n#10 0x563c83917e4b <unknown>\n#11 0x563c8391bde2 <unknown>\n#12 0x563c83904d2c <unknown>\n#13 0x563c8391c957 <unknown>\n#14 0x563c838ea4bf <unknown>\n#15 0x563c8393a348 <unknown>\n#16 0x563c8393a510 <unknown>\n#17 0x563c8394a346 <unknown>\n#18 0x7ff3aca94ac3 <unknown>",
        "time" : {
          "start" : 1732412710343,
          "stop" : 1732412715804,
          "duration" : 5461
        }
      }, {
        "uid" : "3c8a86b1378cdac7",
        "reportUrl" : "https://Areso.github.io/Oblache/226//#testresult/3c8a86b1378cdac7",
        "status" : "broken",
        "statusDetails" : "selenium.common.exceptions.TimeoutException: Message: Can't find element by locator ('xpath', '//button[@id=\"menu_button_webpages\"]')\nStacktrace:\n#0 0x55a24b8e04ca <unknown>\n#1 0x55a24b3f3620 <unknown>\n#2 0x55a24b442306 <unknown>\n#3 0x55a24b4425a1 <unknown>\n#4 0x55a24b487a04 <unknown>\n#5 0x55a24b46639d <unknown>\n#6 0x55a24b484de0 <unknown>\n#7 0x55a24b466113 <unknown>\n#8 0x55a24b434be0 <unknown>\n#9 0x55a24b435bbe <unknown>\n#10 0x55a24b8ace4b <unknown>\n#11 0x55a24b8b0de2 <unknown>\n#12 0x55a24b899d2c <unknown>\n#13 0x55a24b8b1957 <unknown>\n#14 0x55a24b87f4bf <unknown>\n#15 0x55a24b8cf348 <unknown>\n#16 0x55a24b8cf510 <unknown>\n#17 0x55a24b8df346 <unknown>\n#18 0x7f4368a94ac3 <unknown>",
        "time" : {
          "start" : 1732325455359,
          "stop" : 1732325460834,
          "duration" : 5475
        }
      }, {
        "uid" : "ca3ffe4abbce3adf",
        "reportUrl" : "https://Areso.github.io/Oblache/225//#testresult/ca3ffe4abbce3adf",
        "status" : "broken",
        "statusDetails" : "selenium.common.exceptions.TimeoutException: Message: Can't find element by locator ('xpath', '//button[@id=\"menu_button_webpages\"]')\nStacktrace:\n#0 0x55dbf827d4ca <unknown>\n#1 0x55dbf7d90620 <unknown>\n#2 0x55dbf7ddf306 <unknown>\n#3 0x55dbf7ddf5a1 <unknown>\n#4 0x55dbf7e24a04 <unknown>\n#5 0x55dbf7e0339d <unknown>\n#6 0x55dbf7e21de0 <unknown>\n#7 0x55dbf7e03113 <unknown>\n#8 0x55dbf7dd1be0 <unknown>\n#9 0x55dbf7dd2bbe <unknown>\n#10 0x55dbf8249e4b <unknown>\n#11 0x55dbf824dde2 <unknown>\n#12 0x55dbf8236d2c <unknown>\n#13 0x55dbf824e957 <unknown>\n#14 0x55dbf821c4bf <unknown>\n#15 0x55dbf826c348 <unknown>\n#16 0x55dbf826c510 <unknown>\n#17 0x55dbf827c346 <unknown>\n#18 0x7f5d98a94ac3 <unknown>",
        "time" : {
          "start" : 1732239664625,
          "stop" : 1732239669701,
          "duration" : 5076
        }
      }, {
        "uid" : "414d929e874adea7",
        "reportUrl" : "https://Areso.github.io/Oblache/224//#testresult/414d929e874adea7",
        "status" : "broken",
        "statusDetails" : "selenium.common.exceptions.TimeoutException: Message: Can't find element by locator ('xpath', '//button[@id=\"menu_button_webpages\"]')\nStacktrace:\n#0 0x5610e40b44ca <unknown>\n#1 0x5610e3bc7620 <unknown>\n#2 0x5610e3c16306 <unknown>\n#3 0x5610e3c165a1 <unknown>\n#4 0x5610e3c5ba04 <unknown>\n#5 0x5610e3c3a39d <unknown>\n#6 0x5610e3c58de0 <unknown>\n#7 0x5610e3c3a113 <unknown>\n#8 0x5610e3c08be0 <unknown>\n#9 0x5610e3c09bbe <unknown>\n#10 0x5610e4080e4b <unknown>\n#11 0x5610e4084de2 <unknown>\n#12 0x5610e406dd2c <unknown>\n#13 0x5610e4085957 <unknown>\n#14 0x5610e40534bf <unknown>\n#15 0x5610e40a3348 <unknown>\n#16 0x5610e40a3510 <unknown>\n#17 0x5610e40b3346 <unknown>\n#18 0x7f0806c94ac3 <unknown>",
        "time" : {
          "start" : 1732153136602,
          "stop" : 1732153142013,
          "duration" : 5411
        }
      }, {
        "uid" : "f3552de49e7478a5",
        "reportUrl" : "https://Areso.github.io/Oblache/223//#testresult/f3552de49e7478a5",
        "status" : "broken",
        "statusDetails" : "selenium.common.exceptions.TimeoutException: Message: Can't find element by locator ('xpath', '//button[@id=\"menu_button_webpages\"]')\nStacktrace:\n#0 0x5638021304ca <unknown>\n#1 0x563801c43620 <unknown>\n#2 0x563801c92306 <unknown>\n#3 0x563801c925a1 <unknown>\n#4 0x563801cd7a04 <unknown>\n#5 0x563801cb639d <unknown>\n#6 0x563801cd4de0 <unknown>\n#7 0x563801cb6113 <unknown>\n#8 0x563801c84be0 <unknown>\n#9 0x563801c85bbe <unknown>\n#10 0x5638020fce4b <unknown>\n#11 0x563802100de2 <unknown>\n#12 0x5638020e9d2c <unknown>\n#13 0x563802101957 <unknown>\n#14 0x5638020cf4bf <unknown>\n#15 0x56380211f348 <unknown>\n#16 0x56380211f510 <unknown>\n#17 0x56380212f346 <unknown>\n#18 0x7f3c26694ac3 <unknown>",
        "time" : {
          "start" : 1732066796211,
          "stop" : 1732066801655,
          "duration" : 5444
        }
      }, {
        "uid" : "c61cddf21382fd80",
        "reportUrl" : "https://Areso.github.io/Oblache/222//#testresult/c61cddf21382fd80",
        "status" : "broken",
        "statusDetails" : "selenium.common.exceptions.TimeoutException: Message: Can't find element by locator ('xpath', '//button[@id=\"menu_button_webpages\"]')\nStacktrace:\n#0 0x558c00bb24ca <unknown>\n#1 0x558c006c5620 <unknown>\n#2 0x558c00714306 <unknown>\n#3 0x558c007145a1 <unknown>\n#4 0x558c00759a04 <unknown>\n#5 0x558c0073839d <unknown>\n#6 0x558c00756de0 <unknown>\n#7 0x558c00738113 <unknown>\n#8 0x558c00706be0 <unknown>\n#9 0x558c00707bbe <unknown>\n#10 0x558c00b7ee4b <unknown>\n#11 0x558c00b82de2 <unknown>\n#12 0x558c00b6bd2c <unknown>\n#13 0x558c00b83957 <unknown>\n#14 0x558c00b514bf <unknown>\n#15 0x558c00ba1348 <unknown>\n#16 0x558c00ba1510 <unknown>\n#17 0x558c00bb1346 <unknown>\n#18 0x7fc463e94ac3 <unknown>",
        "time" : {
          "start" : 1731980465613,
          "stop" : 1731980471092,
          "duration" : 5479
        }
      }, {
        "uid" : "6db13a12bc667116",
        "reportUrl" : "https://Areso.github.io/Oblache/221//#testresult/6db13a12bc667116",
        "status" : "broken",
        "statusDetails" : "selenium.common.exceptions.TimeoutException: Message: Can't find element by locator ('xpath', '//button[@id=\"menu_button_webpages\"]')\nStacktrace:\n#0 0x558a68c244ca <unknown>\n#1 0x558a68737620 <unknown>\n#2 0x558a68786306 <unknown>\n#3 0x558a687865a1 <unknown>\n#4 0x558a687cba04 <unknown>\n#5 0x558a687aa39d <unknown>\n#6 0x558a687c8de0 <unknown>\n#7 0x558a687aa113 <unknown>\n#8 0x558a68778be0 <unknown>\n#9 0x558a68779bbe <unknown>\n#10 0x558a68bf0e4b <unknown>\n#11 0x558a68bf4de2 <unknown>\n#12 0x558a68bddd2c <unknown>\n#13 0x558a68bf5957 <unknown>\n#14 0x558a68bc34bf <unknown>\n#15 0x558a68c13348 <unknown>\n#16 0x558a68c13510 <unknown>\n#17 0x558a68c23346 <unknown>\n#18 0x7fbb88094ac3 <unknown>",
        "time" : {
          "start" : 1731894182266,
          "stop" : 1731894187724,
          "duration" : 5458
        }
      }, {
        "uid" : "bb5be66abc33576a",
        "reportUrl" : "https://Areso.github.io/Oblache/220//#testresult/bb5be66abc33576a",
        "status" : "broken",
        "statusDetails" : "selenium.common.exceptions.TimeoutException: Message: Can't find element by locator ('xpath', '//button[@id=\"menu_button_webpages\"]')\nStacktrace:\n#0 0x55e25e0394ca <unknown>\n#1 0x55e25db4c620 <unknown>\n#2 0x55e25db9b306 <unknown>\n#3 0x55e25db9b5a1 <unknown>\n#4 0x55e25dbe0a04 <unknown>\n#5 0x55e25dbbf39d <unknown>\n#6 0x55e25dbddde0 <unknown>\n#7 0x55e25dbbf113 <unknown>\n#8 0x55e25db8dbe0 <unknown>\n#9 0x55e25db8ebbe <unknown>\n#10 0x55e25e005e4b <unknown>\n#11 0x55e25e009de2 <unknown>\n#12 0x55e25dff2d2c <unknown>\n#13 0x55e25e00a957 <unknown>\n#14 0x55e25dfd84bf <unknown>\n#15 0x55e25e028348 <unknown>\n#16 0x55e25e028510 <unknown>\n#17 0x55e25e038346 <unknown>\n#18 0x7f0b84c94ac3 <unknown>",
        "time" : {
          "start" : 1731807851097,
          "stop" : 1731807856158,
          "duration" : 5061
        }
      }, {
        "uid" : "e5692791eea9e9e",
        "reportUrl" : "https://Areso.github.io/Oblache/219//#testresult/e5692791eea9e9e",
        "status" : "broken",
        "statusDetails" : "selenium.common.exceptions.TimeoutException: Message: Can't find element by locator ('xpath', '//button[@id=\"menu_button_webpages\"]')\nStacktrace:\n#0 0x56029d9414ca <unknown>\n#1 0x56029d454620 <unknown>\n#2 0x56029d4a3306 <unknown>\n#3 0x56029d4a35a1 <unknown>\n#4 0x56029d4e8a04 <unknown>\n#5 0x56029d4c739d <unknown>\n#6 0x56029d4e5de0 <unknown>\n#7 0x56029d4c7113 <unknown>\n#8 0x56029d495be0 <unknown>\n#9 0x56029d496bbe <unknown>\n#10 0x56029d90de4b <unknown>\n#11 0x56029d911de2 <unknown>\n#12 0x56029d8fad2c <unknown>\n#13 0x56029d912957 <unknown>\n#14 0x56029d8e04bf <unknown>\n#15 0x56029d930348 <unknown>\n#16 0x56029d930510 <unknown>\n#17 0x56029d940346 <unknown>\n#18 0x7f459be94ac3 <unknown>",
        "time" : {
          "start" : 1731721445075,
          "stop" : 1731721450557,
          "duration" : 5482
        }
      }, {
        "uid" : "d30a8712dfc74c7d",
        "reportUrl" : "https://Areso.github.io/Oblache/218//#testresult/d30a8712dfc74c7d",
        "status" : "broken",
        "statusDetails" : "selenium.common.exceptions.TimeoutException: Message: Can't find element by locator ('xpath', '//button[@id=\"menu_button_webpages\"]')\nStacktrace:\n#0 0x55d13c51c13a <unknown>\n#1 0x55d13c037460 <unknown>\n#2 0x55d13c083f96 <unknown>\n#3 0x55d13c084221 <unknown>\n#4 0x55d13c0c95d4 <unknown>\n#5 0x55d13c0a803d <unknown>\n#6 0x55d13c0c6af6 <unknown>\n#7 0x55d13c0a7db3 <unknown>\n#8 0x55d13c076c10 <unknown>\n#9 0x55d13c077bee <unknown>\n#10 0x55d13c4e83cb <unknown>\n#11 0x55d13c4ec368 <unknown>\n#12 0x55d13c4d5eec <unknown>\n#13 0x55d13c4ecee7 <unknown>\n#14 0x55d13c4bb13f <unknown>\n#15 0x55d13c50a858 <unknown>\n#16 0x55d13c50aa20 <unknown>\n#17 0x55d13c51afb6 <unknown>\n#18 0x7f1360694ac3 <unknown>",
        "time" : {
          "start" : 1731634931831,
          "stop" : 1731634937256,
          "duration" : 5425
        }
      }, {
        "uid" : "291a1c05061bd748",
        "reportUrl" : "https://Areso.github.io/Oblache/217//#testresult/291a1c05061bd748",
        "status" : "broken",
        "statusDetails" : "selenium.common.exceptions.TimeoutException: Message: Can't find element by locator ('xpath', '//button[@id=\"menu_button_webpages\"]')\nStacktrace:\n#0 0x5585f374d13a <unknown>\n#1 0x5585f3268460 <unknown>\n#2 0x5585f32b4f96 <unknown>\n#3 0x5585f32b5221 <unknown>\n#4 0x5585f32fa5d4 <unknown>\n#5 0x5585f32d903d <unknown>\n#6 0x5585f32f7af6 <unknown>\n#7 0x5585f32d8db3 <unknown>\n#8 0x5585f32a7c10 <unknown>\n#9 0x5585f32a8bee <unknown>\n#10 0x5585f37193cb <unknown>\n#11 0x5585f371d368 <unknown>\n#12 0x5585f3706eec <unknown>\n#13 0x5585f371dee7 <unknown>\n#14 0x5585f36ec13f <unknown>\n#15 0x5585f373b858 <unknown>\n#16 0x5585f373ba20 <unknown>\n#17 0x5585f374bfb6 <unknown>\n#18 0x7fcb2c894ac3 <unknown>",
        "time" : {
          "start" : 1731547704759,
          "stop" : 1731547709820,
          "duration" : 5061
        }
      }, {
        "uid" : "e2796aa0182e3b9c",
        "reportUrl" : "https://Areso.github.io/Oblache/216//#testresult/e2796aa0182e3b9c",
        "status" : "broken",
        "statusDetails" : "selenium.common.exceptions.TimeoutException: Message: Can't find element by locator ('xpath', '//button[@id=\"menu_button_webpages\"]')\nStacktrace:\n#0 0x56164777313a <unknown>\n#1 0x56164728e460 <unknown>\n#2 0x5616472daf96 <unknown>\n#3 0x5616472db221 <unknown>\n#4 0x5616473205d4 <unknown>\n#5 0x5616472ff03d <unknown>\n#6 0x56164731daf6 <unknown>\n#7 0x5616472fedb3 <unknown>\n#8 0x5616472cdc10 <unknown>\n#9 0x5616472cebee <unknown>\n#10 0x56164773f3cb <unknown>\n#11 0x561647743368 <unknown>\n#12 0x56164772ceec <unknown>\n#13 0x561647743ee7 <unknown>\n#14 0x56164771213f <unknown>\n#15 0x561647761858 <unknown>\n#16 0x561647761a20 <unknown>\n#17 0x561647771fb6 <unknown>\n#18 0x7f772f494ac3 <unknown>",
        "time" : {
          "start" : 1731461280051,
          "stop" : 1731461285473,
          "duration" : 5422
        }
      }, {
        "uid" : "7f02b1d5117b5f69",
        "reportUrl" : "https://Areso.github.io/Oblache/215//#testresult/7f02b1d5117b5f69",
        "status" : "broken",
        "statusDetails" : "selenium.common.exceptions.TimeoutException: Message: Can't find element by locator ('xpath', '//button[@id=\"menu_button_webpages\"]')\nStacktrace:\n#0 0x55581754013a <unknown>\n#1 0x55581705b460 <unknown>\n#2 0x5558170a7f96 <unknown>\n#3 0x5558170a8221 <unknown>\n#4 0x5558170ed5d4 <unknown>\n#5 0x5558170cc03d <unknown>\n#6 0x5558170eaaf6 <unknown>\n#7 0x5558170cbdb3 <unknown>\n#8 0x55581709ac10 <unknown>\n#9 0x55581709bbee <unknown>\n#10 0x55581750c3cb <unknown>\n#11 0x555817510368 <unknown>\n#12 0x5558174f9eec <unknown>\n#13 0x555817510ee7 <unknown>\n#14 0x5558174df13f <unknown>\n#15 0x55581752e858 <unknown>\n#16 0x55581752ea20 <unknown>\n#17 0x55581753efb6 <unknown>\n#18 0x7f680aa94ac3 <unknown>",
        "time" : {
          "start" : 1731374752574,
          "stop" : 1731374758002,
          "duration" : 5428
        }
      }, {
        "uid" : "18de9bae23221f40",
        "reportUrl" : "https://Areso.github.io/Oblache/214//#testresult/18de9bae23221f40",
        "status" : "broken",
        "statusDetails" : "selenium.common.exceptions.TimeoutException: Message: Can't find element by locator ('xpath', '//button[@id=\"menu_button_webpages\"]')\nStacktrace:\n#0 0x56073178d13a <unknown>\n#1 0x5607312a8460 <unknown>\n#2 0x5607312f4f96 <unknown>\n#3 0x5607312f5221 <unknown>\n#4 0x56073133a5d4 <unknown>\n#5 0x56073131903d <unknown>\n#6 0x560731337af6 <unknown>\n#7 0x560731318db3 <unknown>\n#8 0x5607312e7c10 <unknown>\n#9 0x5607312e8bee <unknown>\n#10 0x5607317593cb <unknown>\n#11 0x56073175d368 <unknown>\n#12 0x560731746eec <unknown>\n#13 0x56073175dee7 <unknown>\n#14 0x56073172c13f <unknown>\n#15 0x56073177b858 <unknown>\n#16 0x56073177ba20 <unknown>\n#17 0x56073178bfb6 <unknown>\n#18 0x7fa84c494ac3 <unknown>",
        "time" : {
          "start" : 1731288539812,
          "stop" : 1731288545255,
          "duration" : 5443
        }
      }, {
        "uid" : "958f5e2fa8f5cc14",
        "reportUrl" : "https://Areso.github.io/Oblache/213//#testresult/958f5e2fa8f5cc14",
        "status" : "broken",
        "statusDetails" : "selenium.common.exceptions.TimeoutException: Message: Can't find element by locator ('xpath', '//button[@id=\"menu_button_webpages\"]')\nStacktrace:\n#0 0x55914e3c113a <unknown>\n#1 0x55914dedc460 <unknown>\n#2 0x55914df28f96 <unknown>\n#3 0x55914df29221 <unknown>\n#4 0x55914df6e5d4 <unknown>\n#5 0x55914df4d03d <unknown>\n#6 0x55914df6baf6 <unknown>\n#7 0x55914df4cdb3 <unknown>\n#8 0x55914df1bc10 <unknown>\n#9 0x55914df1cbee <unknown>\n#10 0x55914e38d3cb <unknown>\n#11 0x55914e391368 <unknown>\n#12 0x55914e37aeec <unknown>\n#13 0x55914e391ee7 <unknown>\n#14 0x55914e36013f <unknown>\n#15 0x55914e3af858 <unknown>\n#16 0x55914e3afa20 <unknown>\n#17 0x55914e3bffb6 <unknown>\n#18 0x7f9840a94ac3 <unknown>",
        "time" : {
          "start" : 1731202735268,
          "stop" : 1731202740702,
          "duration" : 5434
        }
      }, {
        "uid" : "10e0fc19253f95c1",
        "reportUrl" : "https://Areso.github.io/Oblache/212//#testresult/10e0fc19253f95c1",
        "status" : "broken",
        "statusDetails" : "selenium.common.exceptions.TimeoutException: Message: Can't find element by locator ('xpath', '//button[@id=\"menu_button_webpages\"]')\nStacktrace:\n#0 0x55f0d919313a <unknown>\n#1 0x55f0d8cae460 <unknown>\n#2 0x55f0d8cfaf96 <unknown>\n#3 0x55f0d8cfb221 <unknown>\n#4 0x55f0d8d405d4 <unknown>\n#5 0x55f0d8d1f03d <unknown>\n#6 0x55f0d8d3daf6 <unknown>\n#7 0x55f0d8d1edb3 <unknown>\n#8 0x55f0d8cedc10 <unknown>\n#9 0x55f0d8ceebee <unknown>\n#10 0x55f0d915f3cb <unknown>\n#11 0x55f0d9163368 <unknown>\n#12 0x55f0d914ceec <unknown>\n#13 0x55f0d9163ee7 <unknown>\n#14 0x55f0d913213f <unknown>\n#15 0x55f0d9181858 <unknown>\n#16 0x55f0d9181a20 <unknown>\n#17 0x55f0d9191fb6 <unknown>\n#18 0x7fba33694ac3 <unknown>",
        "time" : {
          "start" : 1731115496754,
          "stop" : 1731115501791,
          "duration" : 5037
        }
      }, {
        "uid" : "214b067c58a706c3",
        "reportUrl" : "https://Areso.github.io/Oblache/211//#testresult/214b067c58a706c3",
        "status" : "broken",
        "statusDetails" : "selenium.common.exceptions.TimeoutException: Message: Can't find element by locator ('xpath', '//button[@id=\"menu_button_webpages\"]')\nStacktrace:\n#0 0x557c1ae3513a <unknown>\n#1 0x557c1a950460 <unknown>\n#2 0x557c1a99cf96 <unknown>\n#3 0x557c1a99d221 <unknown>\n#4 0x557c1a9e25d4 <unknown>\n#5 0x557c1a9c103d <unknown>\n#6 0x557c1a9dfaf6 <unknown>\n#7 0x557c1a9c0db3 <unknown>\n#8 0x557c1a98fc10 <unknown>\n#9 0x557c1a990bee <unknown>\n#10 0x557c1ae013cb <unknown>\n#11 0x557c1ae05368 <unknown>\n#12 0x557c1adeeeec <unknown>\n#13 0x557c1ae05ee7 <unknown>\n#14 0x557c1add413f <unknown>\n#15 0x557c1ae23858 <unknown>\n#16 0x557c1ae23a20 <unknown>\n#17 0x557c1ae33fb6 <unknown>\n#18 0x7f6d76094ac3 <unknown>",
        "time" : {
          "start" : 1731029285383,
          "stop" : 1731029290828,
          "duration" : 5445
        }
      }, {
        "uid" : "757f87eb49242c8b",
        "reportUrl" : "https://Areso.github.io/Oblache/210//#testresult/757f87eb49242c8b",
        "status" : "broken",
        "statusDetails" : "selenium.common.exceptions.TimeoutException: Message: Can't find element by locator ('xpath', '//button[@id=\"menu_button_webpages\"]')\nStacktrace:\n#0 0x55677f3f513a <unknown>\n#1 0x55677ef10460 <unknown>\n#2 0x55677ef5cf96 <unknown>\n#3 0x55677ef5d221 <unknown>\n#4 0x55677efa25d4 <unknown>\n#5 0x55677ef8103d <unknown>\n#6 0x55677ef9faf6 <unknown>\n#7 0x55677ef80db3 <unknown>\n#8 0x55677ef4fc10 <unknown>\n#9 0x55677ef50bee <unknown>\n#10 0x55677f3c13cb <unknown>\n#11 0x55677f3c5368 <unknown>\n#12 0x55677f3aeeec <unknown>\n#13 0x55677f3c5ee7 <unknown>\n#14 0x55677f39413f <unknown>\n#15 0x55677f3e3858 <unknown>\n#16 0x55677f3e3a20 <unknown>\n#17 0x55677f3f3fb6 <unknown>\n#18 0x7fd298694ac3 <unknown>",
        "time" : {
          "start" : 1730942897701,
          "stop" : 1730942903128,
          "duration" : 5427
        }
      } ]
    },
    "tags" : [ ]
  },
  "source" : "2c07ea984563b5aa.json",
  "parameterValues" : [ ]
}