{
  "uid" : "b52621263269aac9",
  "name" : "test_open_static_site_page",
  "fullName" : "tests_ui.test_ui.TestProfilePage#test_open_statistic_page",
  "historyId" : "d5ae1e2d5dedc1997262906d6ec2db80",
  "time" : {
    "start" : 1728265070235,
    "stop" : 1728265075642,
    "duration" : 5407
  },
  "status" : "broken",
  "statusMessage" : "selenium.common.exceptions.TimeoutException: Message: Can't find element by locator ('xpath', '//button[@id=\"menu_button_webpages\"]')\nStacktrace:\n#0 0x558f3ad5a13a <unknown>\n#1 0x558f3aa405e0 <unknown>\n#2 0x558f3aa8fbe8 <unknown>\n#3 0x558f3aa8fe81 <unknown>\n#4 0x558f3aad68c4 <unknown>\n#5 0x558f3aab4b4d <unknown>\n#6 0x558f3aad3d7d <unknown>\n#7 0x558f3aab48c3 <unknown>\n#8 0x558f3aa826b3 <unknown>\n#9 0x558f3aa8368e <unknown>\n#10 0x558f3ad24b3b <unknown>\n#11 0x558f3ad28ac1 <unknown>\n#12 0x558f3ad11335 <unknown>\n#13 0x558f3ad29642 <unknown>\n#14 0x558f3acf649f <unknown>\n#15 0x558f3ad49038 <unknown>\n#16 0x558f3ad49203 <unknown>\n#17 0x558f3ad58f8c <unknown>\n#18 0x7f914a094ac3 <unknown>",
  "statusTrace" : "self = <tests_ui.test_ui.TestProfilePage object at 0x7f80cb020620>\ndriver = <selenium.webdriver.chrome.webdriver.WebDriver (session=\"df4f9854ee42a5e340b6d51a30113e25\")>\nauthorization_user = None\n\n    @allure.title('test_open_static_site_page')\n    def test_open_statistic_page(self, driver, authorization_user):\n        page = ProfilePage(driver)\n>       page.click_static_site_button()\n\ntests_ui/test_ui.py:69: \n_ _ _ _ _ _ _ _ _ _ _ _ _ _ _ _ _ _ _ _ _ _ _ _ _ _ _ _ _ _ _ _ _ _ _ _ _ _ _ _ \ntests_ui/profile_page.py:40: in click_static_site_button\n    return self.element_is_present_and_clickable(self.locators.STATIC_BUTTON).click()\ntests_ui/base_page.py:28: in element_is_present_and_clickable\n    return (Wait(self.driver, self.timeout).until(\n_ _ _ _ _ _ _ _ _ _ _ _ _ _ _ _ _ _ _ _ _ _ _ _ _ _ _ _ _ _ _ _ _ _ _ _ _ _ _ _ \n\nself = <selenium.webdriver.support.wait.WebDriverWait (session=\"df4f9854ee42a5e340b6d51a30113e25\")>\nmethod = <function visibility_of_element_located.<locals>._predicate at 0x7f80cad1eac0>\nmessage = 'Can\\'t find element by locator (\\'xpath\\', \\'//button[@id=\"menu_button_webpages\"]\\')'\n\n    def until(self, method: Callable[[D], Union[Literal[False], T]], message: str = \"\") -> T:\n        \"\"\"Calls the method provided with the driver as an argument until the \\\n        return value does not evaluate to ``False``.\n    \n        :param method: callable(WebDriver)\n        :param message: optional message for :exc:`TimeoutException`\n        :returns: the result of the last call to `method`\n        :raises: :exc:`selenium.common.exceptions.TimeoutException` if timeout occurs\n        \"\"\"\n        screen = None\n        stacktrace = None\n    \n        end_time = time.monotonic() + self._timeout\n        while True:\n            try:\n                value = method(self._driver)\n                if value:\n                    return value\n            except self._ignored_exceptions as exc:\n                screen = getattr(exc, \"screen\", None)\n                stacktrace = getattr(exc, \"stacktrace\", None)\n            time.sleep(self._poll)\n            if time.monotonic() > end_time:\n                break\n>       raise TimeoutException(message, screen, stacktrace)\nE       selenium.common.exceptions.TimeoutException: Message: Can't find element by locator ('xpath', '//button[@id=\"menu_button_webpages\"]')\nE       Stacktrace:\nE       #0 0x558f3ad5a13a <unknown>\nE       #1 0x558f3aa405e0 <unknown>\nE       #2 0x558f3aa8fbe8 <unknown>\nE       #3 0x558f3aa8fe81 <unknown>\nE       #4 0x558f3aad68c4 <unknown>\nE       #5 0x558f3aab4b4d <unknown>\nE       #6 0x558f3aad3d7d <unknown>\nE       #7 0x558f3aab48c3 <unknown>\nE       #8 0x558f3aa826b3 <unknown>\nE       #9 0x558f3aa8368e <unknown>\nE       #10 0x558f3ad24b3b <unknown>\nE       #11 0x558f3ad28ac1 <unknown>\nE       #12 0x558f3ad11335 <unknown>\nE       #13 0x558f3ad29642 <unknown>\nE       #14 0x558f3acf649f <unknown>\nE       #15 0x558f3ad49038 <unknown>\nE       #16 0x558f3ad49203 <unknown>\nE       #17 0x558f3ad58f8c <unknown>\nE       #18 0x7f914a094ac3 <unknown>\n\n/opt/hostedtoolcache/Python/3.12.6/x64/lib/python3.12/site-packages/selenium/webdriver/support/wait.py:105: TimeoutException",
  "flaky" : false,
  "newFailed" : false,
  "beforeStages" : [ {
    "name" : "driver",
    "time" : {
      "start" : 1728265069499,
      "stop" : 1728265069752,
      "duration" : 253
    },
    "status" : "passed",
    "steps" : [ ],
    "attachments" : [ ],
    "parameters" : [ ],
    "stepsCount" : 0,
    "attachmentsCount" : 0,
    "shouldDisplayMessage" : false,
    "hasContent" : false
  }, {
    "name" : "authorization_user",
    "time" : {
      "start" : 1728265069752,
      "stop" : 1728265070234,
      "duration" : 482
    },
    "status" : "passed",
    "steps" : [ {
      "name" : "Open page: https://oblache.areso.pro/register.html",
      "time" : {
        "start" : 1728265069752,
        "stop" : 1728265070060,
        "duration" : 308
      },
      "status" : "passed",
      "steps" : [ ],
      "attachments" : [ ],
      "parameters" : [ ],
      "stepsCount" : 0,
      "attachmentsCount" : 0,
      "shouldDisplayMessage" : false,
      "hasContent" : false
    }, {
      "name" : "Login user",
      "time" : {
        "start" : 1728265070060,
        "stop" : 1728265070234,
        "duration" : 174
      },
      "status" : "passed",
      "steps" : [ {
        "name" : "Enter email.",
        "time" : {
          "start" : 1728265070060,
          "stop" : 1728265070119,
          "duration" : 59
        },
        "status" : "passed",
        "steps" : [ ],
        "attachments" : [ ],
        "parameters" : [ ],
        "stepsCount" : 0,
        "attachmentsCount" : 0,
        "shouldDisplayMessage" : false,
        "hasContent" : false
      }, {
        "name" : "Enter password.",
        "time" : {
          "start" : 1728265070119,
          "stop" : 1728265070162,
          "duration" : 43
        },
        "status" : "passed",
        "steps" : [ ],
        "attachments" : [ ],
        "parameters" : [ ],
        "stepsCount" : 0,
        "attachmentsCount" : 0,
        "shouldDisplayMessage" : false,
        "hasContent" : false
      }, {
        "name" : "Click button \"Login\"",
        "time" : {
          "start" : 1728265070162,
          "stop" : 1728265070232,
          "duration" : 70
        },
        "status" : "passed",
        "steps" : [ ],
        "attachments" : [ ],
        "parameters" : [ ],
        "stepsCount" : 0,
        "attachmentsCount" : 0,
        "shouldDisplayMessage" : false,
        "hasContent" : false
      }, {
        "name" : "Check url is present: https://oblache.areso.pro/register.html",
        "time" : {
          "start" : 1728265070232,
          "stop" : 1728265070234,
          "duration" : 2
        },
        "status" : "passed",
        "steps" : [ ],
        "attachments" : [ ],
        "parameters" : [ ],
        "stepsCount" : 0,
        "attachmentsCount" : 0,
        "shouldDisplayMessage" : false,
        "hasContent" : false
      } ],
      "attachments" : [ ],
      "parameters" : [ ],
      "stepsCount" : 4,
      "attachmentsCount" : 0,
      "shouldDisplayMessage" : false,
      "hasContent" : true
    } ],
    "attachments" : [ ],
    "parameters" : [ ],
    "stepsCount" : 6,
    "attachmentsCount" : 0,
    "shouldDisplayMessage" : false,
    "hasContent" : true
  } ],
  "testStage" : {
    "status" : "broken",
    "statusMessage" : "selenium.common.exceptions.TimeoutException: Message: Can't find element by locator ('xpath', '//button[@id=\"menu_button_webpages\"]')\nStacktrace:\n#0 0x558f3ad5a13a <unknown>\n#1 0x558f3aa405e0 <unknown>\n#2 0x558f3aa8fbe8 <unknown>\n#3 0x558f3aa8fe81 <unknown>\n#4 0x558f3aad68c4 <unknown>\n#5 0x558f3aab4b4d <unknown>\n#6 0x558f3aad3d7d <unknown>\n#7 0x558f3aab48c3 <unknown>\n#8 0x558f3aa826b3 <unknown>\n#9 0x558f3aa8368e <unknown>\n#10 0x558f3ad24b3b <unknown>\n#11 0x558f3ad28ac1 <unknown>\n#12 0x558f3ad11335 <unknown>\n#13 0x558f3ad29642 <unknown>\n#14 0x558f3acf649f <unknown>\n#15 0x558f3ad49038 <unknown>\n#16 0x558f3ad49203 <unknown>\n#17 0x558f3ad58f8c <unknown>\n#18 0x7f914a094ac3 <unknown>",
    "statusTrace" : "self = <tests_ui.test_ui.TestProfilePage object at 0x7f80cb020620>\ndriver = <selenium.webdriver.chrome.webdriver.WebDriver (session=\"df4f9854ee42a5e340b6d51a30113e25\")>\nauthorization_user = None\n\n    @allure.title('test_open_static_site_page')\n    def test_open_statistic_page(self, driver, authorization_user):\n        page = ProfilePage(driver)\n>       page.click_static_site_button()\n\ntests_ui/test_ui.py:69: \n_ _ _ _ _ _ _ _ _ _ _ _ _ _ _ _ _ _ _ _ _ _ _ _ _ _ _ _ _ _ _ _ _ _ _ _ _ _ _ _ \ntests_ui/profile_page.py:40: in click_static_site_button\n    return self.element_is_present_and_clickable(self.locators.STATIC_BUTTON).click()\ntests_ui/base_page.py:28: in element_is_present_and_clickable\n    return (Wait(self.driver, self.timeout).until(\n_ _ _ _ _ _ _ _ _ _ _ _ _ _ _ _ _ _ _ _ _ _ _ _ _ _ _ _ _ _ _ _ _ _ _ _ _ _ _ _ \n\nself = <selenium.webdriver.support.wait.WebDriverWait (session=\"df4f9854ee42a5e340b6d51a30113e25\")>\nmethod = <function visibility_of_element_located.<locals>._predicate at 0x7f80cad1eac0>\nmessage = 'Can\\'t find element by locator (\\'xpath\\', \\'//button[@id=\"menu_button_webpages\"]\\')'\n\n    def until(self, method: Callable[[D], Union[Literal[False], T]], message: str = \"\") -> T:\n        \"\"\"Calls the method provided with the driver as an argument until the \\\n        return value does not evaluate to ``False``.\n    \n        :param method: callable(WebDriver)\n        :param message: optional message for :exc:`TimeoutException`\n        :returns: the result of the last call to `method`\n        :raises: :exc:`selenium.common.exceptions.TimeoutException` if timeout occurs\n        \"\"\"\n        screen = None\n        stacktrace = None\n    \n        end_time = time.monotonic() + self._timeout\n        while True:\n            try:\n                value = method(self._driver)\n                if value:\n                    return value\n            except self._ignored_exceptions as exc:\n                screen = getattr(exc, \"screen\", None)\n                stacktrace = getattr(exc, \"stacktrace\", None)\n            time.sleep(self._poll)\n            if time.monotonic() > end_time:\n                break\n>       raise TimeoutException(message, screen, stacktrace)\nE       selenium.common.exceptions.TimeoutException: Message: Can't find element by locator ('xpath', '//button[@id=\"menu_button_webpages\"]')\nE       Stacktrace:\nE       #0 0x558f3ad5a13a <unknown>\nE       #1 0x558f3aa405e0 <unknown>\nE       #2 0x558f3aa8fbe8 <unknown>\nE       #3 0x558f3aa8fe81 <unknown>\nE       #4 0x558f3aad68c4 <unknown>\nE       #5 0x558f3aab4b4d <unknown>\nE       #6 0x558f3aad3d7d <unknown>\nE       #7 0x558f3aab48c3 <unknown>\nE       #8 0x558f3aa826b3 <unknown>\nE       #9 0x558f3aa8368e <unknown>\nE       #10 0x558f3ad24b3b <unknown>\nE       #11 0x558f3ad28ac1 <unknown>\nE       #12 0x558f3ad11335 <unknown>\nE       #13 0x558f3ad29642 <unknown>\nE       #14 0x558f3acf649f <unknown>\nE       #15 0x558f3ad49038 <unknown>\nE       #16 0x558f3ad49203 <unknown>\nE       #17 0x558f3ad58f8c <unknown>\nE       #18 0x7f914a094ac3 <unknown>\n\n/opt/hostedtoolcache/Python/3.12.6/x64/lib/python3.12/site-packages/selenium/webdriver/support/wait.py:105: TimeoutException",
    "steps" : [ {
      "name" : "Click \"Static site\" button.",
      "time" : {
        "start" : 1728265070235,
        "stop" : 1728265075641,
        "duration" : 5406
      },
      "status" : "broken",
      "statusMessage" : "selenium.common.exceptions.TimeoutException: Message: Can't find element by locator ('xpath', '//button[@id=\"menu_button_webpages\"]')\nStacktrace:\n#0 0x558f3ad5a13a <unknown>\n#1 0x558f3aa405e0 <unknown>\n#2 0x558f3aa8fbe8 <unknown>\n#3 0x558f3aa8fe81 <unknown>\n#4 0x558f3aad68c4 <unknown>\n#5 0x558f3aab4b4d <unknown>\n#6 0x558f3aad3d7d <unknown>\n#7 0x558f3aab48c3 <unknown>\n#8 0x558f3aa826b3 <unknown>\n#9 0x558f3aa8368e <unknown>\n#10 0x558f3ad24b3b <unknown>\n#11 0x558f3ad28ac1 <unknown>\n#12 0x558f3ad11335 <unknown>\n#13 0x558f3ad29642 <unknown>\n#14 0x558f3acf649f <unknown>\n#15 0x558f3ad49038 <unknown>\n#16 0x558f3ad49203 <unknown>\n#17 0x558f3ad58f8c <unknown>\n#18 0x7f914a094ac3 <unknown>\n\n",
      "statusTrace" : "  File \"/home/runner/work/Oblache/Oblache/tests_ui/profile_page.py\", line 40, in click_static_site_button\n    return self.element_is_present_and_clickable(self.locators.STATIC_BUTTON).click()\n           ^^^^^^^^^^^^^^^^^^^^^^^^^^^^^^^^^^^^^^^^^^^^^^^^^^^^^^^^^^^^^^^^^^\n  File \"/home/runner/work/Oblache/Oblache/tests_ui/base_page.py\", line 28, in element_is_present_and_clickable\n    return (Wait(self.driver, self.timeout).until(\n            ^^^^^^^^^^^^^^^^^^^^^^^^^^^^^^^^^^^^^^\n  File \"/opt/hostedtoolcache/Python/3.12.6/x64/lib/python3.12/site-packages/selenium/webdriver/support/wait.py\", line 105, in until\n    raise TimeoutException(message, screen, stacktrace)\n",
      "steps" : [ ],
      "attachments" : [ ],
      "parameters" : [ ],
      "stepsCount" : 0,
      "attachmentsCount" : 0,
      "shouldDisplayMessage" : true,
      "hasContent" : true
    } ],
    "attachments" : [ {
      "uid" : "2d9a2547fbb00f4c",
      "name" : "Screenshot 2024-10-07 01:37:55.730731",
      "source" : "2d9a2547fbb00f4c.png",
      "type" : "image/png",
      "size" : 42131
    } ],
    "parameters" : [ ],
    "stepsCount" : 1,
    "attachmentsCount" : 1,
    "shouldDisplayMessage" : true,
    "hasContent" : true
  },
  "afterStages" : [ {
    "name" : "driver::0",
    "time" : {
      "start" : 1728265075732,
      "stop" : 1728265075795,
      "duration" : 63
    },
    "status" : "passed",
    "steps" : [ ],
    "attachments" : [ ],
    "parameters" : [ ],
    "stepsCount" : 0,
    "attachmentsCount" : 0,
    "shouldDisplayMessage" : false,
    "hasContent" : false
  } ],
  "labels" : [ {
    "name" : "suite",
    "value" : "Test Profile Page."
  }, {
    "name" : "parentSuite",
    "value" : "tests_ui"
  }, {
    "name" : "subSuite",
    "value" : "TestProfilePage"
  }, {
    "name" : "host",
    "value" : "fv-az575-63"
  }, {
    "name" : "thread",
    "value" : "2300-MainThread"
  }, {
    "name" : "framework",
    "value" : "pytest"
  }, {
    "name" : "language",
    "value" : "cpython3"
  }, {
    "name" : "package",
    "value" : "tests_ui.test_ui"
  }, {
    "name" : "resultFormat",
    "value" : "allure2"
  } ],
  "parameters" : [ ],
  "links" : [ ],
  "hidden" : false,
  "retry" : false,
  "extra" : {
    "severity" : "normal",
    "retries" : [ ],
    "categories" : [ {
      "name" : "Test defects",
      "matchedStatuses" : [ ],
      "flaky" : false
    } ],
    "history" : {
      "statistic" : {
        "failed" : 0,
        "broken" : 20,
        "skipped" : 0,
        "passed" : 1,
        "unknown" : 0,
        "total" : 21
      },
      "items" : [ {
        "uid" : "63f48263240f155e",
        "reportUrl" : "https://Areso.github.io/Oblache/178//#testresult/63f48263240f155e",
        "status" : "broken",
        "statusDetails" : "selenium.common.exceptions.TimeoutException: Message: Can't find element by locator ('xpath', '//button[@id=\"menu_button_webpages\"]')\nStacktrace:\n#0 0x55664fadb13a <unknown>\n#1 0x55664f7c15e0 <unknown>\n#2 0x55664f810be8 <unknown>\n#3 0x55664f810e81 <unknown>\n#4 0x55664f8578c4 <unknown>\n#5 0x55664f835b4d <unknown>\n#6 0x55664f854d7d <unknown>\n#7 0x55664f8358c3 <unknown>\n#8 0x55664f8036b3 <unknown>\n#9 0x55664f80468e <unknown>\n#10 0x55664faa5b3b <unknown>\n#11 0x55664faa9ac1 <unknown>\n#12 0x55664fa92335 <unknown>\n#13 0x55664faaa642 <unknown>\n#14 0x55664fa7749f <unknown>\n#15 0x55664faca038 <unknown>\n#16 0x55664faca203 <unknown>\n#17 0x55664fad9f8c <unknown>\n#18 0x7f3da6694ac3 <unknown>",
        "time" : {
          "start" : 1728178855856,
          "stop" : 1728178861283,
          "duration" : 5427
        }
      }, {
        "uid" : "590c7c1a53681052",
        "reportUrl" : "https://Areso.github.io/Oblache/177//#testresult/590c7c1a53681052",
        "status" : "broken",
        "statusDetails" : "selenium.common.exceptions.TimeoutException: Message: Can't find element by locator ('xpath', '//button[@id=\"menu_button_webpages\"]')\nStacktrace:\n#0 0x55643ac8213a <unknown>\n#1 0x55643a9685e0 <unknown>\n#2 0x55643a9b7be8 <unknown>\n#3 0x55643a9b7e81 <unknown>\n#4 0x55643a9fe8c4 <unknown>\n#5 0x55643a9dcb4d <unknown>\n#6 0x55643a9fbd7d <unknown>\n#7 0x55643a9dc8c3 <unknown>\n#8 0x55643a9aa6b3 <unknown>\n#9 0x55643a9ab68e <unknown>\n#10 0x55643ac4cb3b <unknown>\n#11 0x55643ac50ac1 <unknown>\n#12 0x55643ac39335 <unknown>\n#13 0x55643ac51642 <unknown>\n#14 0x55643ac1e49f <unknown>\n#15 0x55643ac71038 <unknown>\n#16 0x55643ac71203 <unknown>\n#17 0x55643ac80f8c <unknown>\n#18 0x7f215f094ac3 <unknown>",
        "time" : {
          "start" : 1728091615621,
          "stop" : 1728091620632,
          "duration" : 5011
        }
      }, {
        "uid" : "57c1a2e0209f8ff9",
        "reportUrl" : "https://Areso.github.io/Oblache/176//#testresult/57c1a2e0209f8ff9",
        "status" : "broken",
        "statusDetails" : "selenium.common.exceptions.TimeoutException: Message: Can't find element by locator ('xpath', '//button[@id=\"menu_button_webpages\"]')\nStacktrace:\n#0 0x564fe313413a <unknown>\n#1 0x564fe2e1a5e0 <unknown>\n#2 0x564fe2e69be8 <unknown>\n#3 0x564fe2e69e81 <unknown>\n#4 0x564fe2eb08c4 <unknown>\n#5 0x564fe2e8eb4d <unknown>\n#6 0x564fe2eadd7d <unknown>\n#7 0x564fe2e8e8c3 <unknown>\n#8 0x564fe2e5c6b3 <unknown>\n#9 0x564fe2e5d68e <unknown>\n#10 0x564fe30feb3b <unknown>\n#11 0x564fe3102ac1 <unknown>\n#12 0x564fe30eb335 <unknown>\n#13 0x564fe3103642 <unknown>\n#14 0x564fe30d049f <unknown>\n#15 0x564fe3123038 <unknown>\n#16 0x564fe3123203 <unknown>\n#17 0x564fe3132f8c <unknown>\n#18 0x7febad094ac3 <unknown>",
        "time" : {
          "start" : 1728005275035,
          "stop" : 1728005280400,
          "duration" : 5365
        }
      }, {
        "uid" : "4ec1881f640d7394",
        "reportUrl" : "https://Areso.github.io/Oblache/175//#testresult/4ec1881f640d7394",
        "status" : "broken",
        "statusDetails" : "selenium.common.exceptions.TimeoutException: Message: Can't find element by locator ('xpath', '//button[@id=\"menu_button_webpages\"]')\nStacktrace:\n#0 0x55e529c9a13a <unknown>\n#1 0x55e5299805e0 <unknown>\n#2 0x55e5299cfbe8 <unknown>\n#3 0x55e5299cfe81 <unknown>\n#4 0x55e529a168c4 <unknown>\n#5 0x55e5299f4b4d <unknown>\n#6 0x55e529a13d7d <unknown>\n#7 0x55e5299f48c3 <unknown>\n#8 0x55e5299c26b3 <unknown>\n#9 0x55e5299c368e <unknown>\n#10 0x55e529c64b3b <unknown>\n#11 0x55e529c68ac1 <unknown>\n#12 0x55e529c51335 <unknown>\n#13 0x55e529c69642 <unknown>\n#14 0x55e529c3649f <unknown>\n#15 0x55e529c89038 <unknown>\n#16 0x55e529c89203 <unknown>\n#17 0x55e529c98f8c <unknown>\n#18 0x7f2675c94ac3 <unknown>",
        "time" : {
          "start" : 1727918882362,
          "stop" : 1727918887380,
          "duration" : 5018
        }
      }, {
        "uid" : "cb8562bbe43a69f",
        "reportUrl" : "https://Areso.github.io/Oblache/174//#testresult/cb8562bbe43a69f",
        "status" : "broken",
        "statusDetails" : "selenium.common.exceptions.TimeoutException: Message: Can't find element by locator ('xpath', '//button[@id=\"menu_button_webpages\"]')\nStacktrace:\n#0 0x55816cb8313a <unknown>\n#1 0x55816c8695e0 <unknown>\n#2 0x55816c8b8be8 <unknown>\n#3 0x55816c8b8e81 <unknown>\n#4 0x55816c8ff8c4 <unknown>\n#5 0x55816c8ddb4d <unknown>\n#6 0x55816c8fcd7d <unknown>\n#7 0x55816c8dd8c3 <unknown>\n#8 0x55816c8ab6b3 <unknown>\n#9 0x55816c8ac68e <unknown>\n#10 0x55816cb4db3b <unknown>\n#11 0x55816cb51ac1 <unknown>\n#12 0x55816cb3a335 <unknown>\n#13 0x55816cb52642 <unknown>\n#14 0x55816cb1f49f <unknown>\n#15 0x55816cb72038 <unknown>\n#16 0x55816cb72203 <unknown>\n#17 0x55816cb81f8c <unknown>\n#18 0x7f4551694ac3 <unknown>",
        "time" : {
          "start" : 1727832489556,
          "stop" : 1727832494966,
          "duration" : 5410
        }
      }, {
        "uid" : "8fb9b2d64c314254",
        "reportUrl" : "https://Areso.github.io/Oblache/173//#testresult/8fb9b2d64c314254",
        "status" : "broken",
        "statusDetails" : "selenium.common.exceptions.TimeoutException: Message: Can't find element by locator ('xpath', '//button[@id=\"menu_button_webpages\"]')\nStacktrace:\n#0 0x55c02ecb213a <unknown>\n#1 0x55c02e9985e0 <unknown>\n#2 0x55c02e9e7be8 <unknown>\n#3 0x55c02e9e7e81 <unknown>\n#4 0x55c02ea2e8c4 <unknown>\n#5 0x55c02ea0cb4d <unknown>\n#6 0x55c02ea2bd7d <unknown>\n#7 0x55c02ea0c8c3 <unknown>\n#8 0x55c02e9da6b3 <unknown>\n#9 0x55c02e9db68e <unknown>\n#10 0x55c02ec7cb3b <unknown>\n#11 0x55c02ec80ac1 <unknown>\n#12 0x55c02ec69335 <unknown>\n#13 0x55c02ec81642 <unknown>\n#14 0x55c02ec4e49f <unknown>\n#15 0x55c02eca1038 <unknown>\n#16 0x55c02eca1203 <unknown>\n#17 0x55c02ecb0f8c <unknown>\n#18 0x7fc380c94ac3 <unknown>",
        "time" : {
          "start" : 1727746986850,
          "stop" : 1727746992280,
          "duration" : 5430
        }
      }, {
        "uid" : "995e98bf33bf66ad",
        "reportUrl" : "https://Areso.github.io/Oblache/172//#testresult/995e98bf33bf66ad",
        "status" : "broken",
        "statusDetails" : "selenium.common.exceptions.TimeoutException: Message: Can't find element by locator ('xpath', '//button[@id=\"menu_button_webpages\"]')\nStacktrace:\n#0 0x559e7d88b13a <unknown>\n#1 0x559e7d5715e0 <unknown>\n#2 0x559e7d5c0be8 <unknown>\n#3 0x559e7d5c0e81 <unknown>\n#4 0x559e7d6078c4 <unknown>\n#5 0x559e7d5e5b4d <unknown>\n#6 0x559e7d604d7d <unknown>\n#7 0x559e7d5e58c3 <unknown>\n#8 0x559e7d5b36b3 <unknown>\n#9 0x559e7d5b468e <unknown>\n#10 0x559e7d855b3b <unknown>\n#11 0x559e7d859ac1 <unknown>\n#12 0x559e7d842335 <unknown>\n#13 0x559e7d85a642 <unknown>\n#14 0x559e7d82749f <unknown>\n#15 0x559e7d87a038 <unknown>\n#16 0x559e7d87a203 <unknown>\n#17 0x559e7d889f8c <unknown>\n#18 0x7f51d4294ac3 <unknown>",
        "time" : {
          "start" : 1727660270219,
          "stop" : 1727660275602,
          "duration" : 5383
        }
      }, {
        "uid" : "63e11c03117b5ea1",
        "reportUrl" : "https://Areso.github.io/Oblache/171//#testresult/63e11c03117b5ea1",
        "status" : "broken",
        "statusDetails" : "selenium.common.exceptions.TimeoutException: Message: Can't find element by locator ('xpath', '//button[@id=\"menu_button_webpages\"]')\nStacktrace:\n#0 0x55d8a657713a <unknown>\n#1 0x55d8a625d5e0 <unknown>\n#2 0x55d8a62acbe8 <unknown>\n#3 0x55d8a62ace81 <unknown>\n#4 0x55d8a62f38c4 <unknown>\n#5 0x55d8a62d1b4d <unknown>\n#6 0x55d8a62f0d7d <unknown>\n#7 0x55d8a62d18c3 <unknown>\n#8 0x55d8a629f6b3 <unknown>\n#9 0x55d8a62a068e <unknown>\n#10 0x55d8a6541b3b <unknown>\n#11 0x55d8a6545ac1 <unknown>\n#12 0x55d8a652e335 <unknown>\n#13 0x55d8a6546642 <unknown>\n#14 0x55d8a651349f <unknown>\n#15 0x55d8a6566038 <unknown>\n#16 0x55d8a6566203 <unknown>\n#17 0x55d8a6575f8c <unknown>\n#18 0x7fbeb6e94ac3 <unknown>",
        "time" : {
          "start" : 1727574062916,
          "stop" : 1727574067961,
          "duration" : 5045
        }
      }, {
        "uid" : "75841e03ca38ad87",
        "reportUrl" : "https://Areso.github.io/Oblache/170//#testresult/75841e03ca38ad87",
        "status" : "broken",
        "statusDetails" : "selenium.common.exceptions.TimeoutException: Message: Can't find element by locator ('xpath', '//button[@id=\"menu_button_webpages\"]')\nStacktrace:\n#0 0x55fe4c39613a <unknown>\n#1 0x55fe4c07c5e0 <unknown>\n#2 0x55fe4c0cbbe8 <unknown>\n#3 0x55fe4c0cbe81 <unknown>\n#4 0x55fe4c1128c4 <unknown>\n#5 0x55fe4c0f0b4d <unknown>\n#6 0x55fe4c10fd7d <unknown>\n#7 0x55fe4c0f08c3 <unknown>\n#8 0x55fe4c0be6b3 <unknown>\n#9 0x55fe4c0bf68e <unknown>\n#10 0x55fe4c360b3b <unknown>\n#11 0x55fe4c364ac1 <unknown>\n#12 0x55fe4c34d335 <unknown>\n#13 0x55fe4c365642 <unknown>\n#14 0x55fe4c33249f <unknown>\n#15 0x55fe4c385038 <unknown>\n#16 0x55fe4c385203 <unknown>\n#17 0x55fe4c394f8c <unknown>\n#18 0x7f9e7b694ac3 <unknown>",
        "time" : {
          "start" : 1727486804102,
          "stop" : 1727486809111,
          "duration" : 5009
        }
      }, {
        "uid" : "a1628bb2d1a49fc7",
        "reportUrl" : "https://Areso.github.io/Oblache/169//#testresult/a1628bb2d1a49fc7",
        "status" : "broken",
        "statusDetails" : "selenium.common.exceptions.TimeoutException: Message: Can't find element by locator ('xpath', '//button[@id=\"menu_button_webpages\"]')\nStacktrace:\n#0 0x5636a964f13a <unknown>\n#1 0x5636a93355e0 <unknown>\n#2 0x5636a9384be8 <unknown>\n#3 0x5636a9384e81 <unknown>\n#4 0x5636a93cb8c4 <unknown>\n#5 0x5636a93a9b4d <unknown>\n#6 0x5636a93c8d7d <unknown>\n#7 0x5636a93a98c3 <unknown>\n#8 0x5636a93776b3 <unknown>\n#9 0x5636a937868e <unknown>\n#10 0x5636a9619b3b <unknown>\n#11 0x5636a961dac1 <unknown>\n#12 0x5636a9606335 <unknown>\n#13 0x5636a961e642 <unknown>\n#14 0x5636a95eb49f <unknown>\n#15 0x5636a963e038 <unknown>\n#16 0x5636a963e203 <unknown>\n#17 0x5636a964df8c <unknown>\n#18 0x7fd62a094ac3 <unknown>",
        "time" : {
          "start" : 1727400477445,
          "stop" : 1727400482494,
          "duration" : 5049
        }
      }, {
        "uid" : "43ff9be3b7777a11",
        "reportUrl" : "https://Areso.github.io/Oblache/168//#testresult/43ff9be3b7777a11",
        "status" : "broken",
        "statusDetails" : "selenium.common.exceptions.TimeoutException: Message: Can't find element by locator ('xpath', '//button[@id=\"menu_button_webpages\"]')\nStacktrace:\n#0 0x5643b612513a <unknown>\n#1 0x5643b5e0b5e0 <unknown>\n#2 0x5643b5e5abe8 <unknown>\n#3 0x5643b5e5ae81 <unknown>\n#4 0x5643b5ea18c4 <unknown>\n#5 0x5643b5e7fb4d <unknown>\n#6 0x5643b5e9ed7d <unknown>\n#7 0x5643b5e7f8c3 <unknown>\n#8 0x5643b5e4d6b3 <unknown>\n#9 0x5643b5e4e68e <unknown>\n#10 0x5643b60efb3b <unknown>\n#11 0x5643b60f3ac1 <unknown>\n#12 0x5643b60dc335 <unknown>\n#13 0x5643b60f4642 <unknown>\n#14 0x5643b60c149f <unknown>\n#15 0x5643b6114038 <unknown>\n#16 0x5643b6114203 <unknown>\n#17 0x5643b6123f8c <unknown>\n#18 0x7fd1aba94ac3 <unknown>",
        "time" : {
          "start" : 1727314081543,
          "stop" : 1727314086962,
          "duration" : 5419
        }
      }, {
        "uid" : "920e2f44552b8a0d",
        "reportUrl" : "https://Areso.github.io/Oblache/167//#testresult/920e2f44552b8a0d",
        "status" : "broken",
        "statusDetails" : "selenium.common.exceptions.TimeoutException: Message: Can't find element by locator ('xpath', '//button[@id=\"menu_button_webpages\"]')\nStacktrace:\n#0 0x56539f8862da <unknown>\n#1 0x56539f554200 <unknown>\n#2 0x56539f5a3aa2 <unknown>\n#3 0x56539f5a3d41 <unknown>\n#4 0x56539f5e9964 <unknown>\n#5 0x56539f5c88fd <unknown>\n#6 0x56539f5e6dfd <unknown>\n#7 0x56539f5c8673 <unknown>\n#8 0x56539f596473 <unknown>\n#9 0x56539f59747e <unknown>\n#10 0x56539f84d0db <unknown>\n#11 0x56539f851071 <unknown>\n#12 0x56539f8399d5 <unknown>\n#13 0x56539f851bf2 <unknown>\n#14 0x56539f81eb6f <unknown>\n#15 0x56539f875248 <unknown>\n#16 0x56539f875417 <unknown>\n#17 0x56539f8850cc <unknown>\n#18 0x7f46a2494ac3 <unknown>",
        "time" : {
          "start" : 1727227740760,
          "stop" : 1727227746178,
          "duration" : 5418
        }
      }, {
        "uid" : "738a5cdd126aaa18",
        "reportUrl" : "https://Areso.github.io/Oblache/166//#testresult/738a5cdd126aaa18",
        "status" : "broken",
        "statusDetails" : "selenium.common.exceptions.TimeoutException: Message: Can't find element by locator ('xpath', '//button[@id=\"menu_button_webpages\"]')\nStacktrace:\n#0 0x562cdc7f82da <unknown>\n#1 0x562cdc4c6200 <unknown>\n#2 0x562cdc515aa2 <unknown>\n#3 0x562cdc515d41 <unknown>\n#4 0x562cdc55b964 <unknown>\n#5 0x562cdc53a8fd <unknown>\n#6 0x562cdc558dfd <unknown>\n#7 0x562cdc53a673 <unknown>\n#8 0x562cdc508473 <unknown>\n#9 0x562cdc50947e <unknown>\n#10 0x562cdc7bf0db <unknown>\n#11 0x562cdc7c3071 <unknown>\n#12 0x562cdc7ab9d5 <unknown>\n#13 0x562cdc7c3bf2 <unknown>\n#14 0x562cdc790b6f <unknown>\n#15 0x562cdc7e7248 <unknown>\n#16 0x562cdc7e7417 <unknown>\n#17 0x562cdc7f70cc <unknown>\n#18 0x7fdd71c94ac3 <unknown>",
        "time" : {
          "start" : 1727141282127,
          "stop" : 1727141287553,
          "duration" : 5426
        }
      }, {
        "uid" : "77d446cccc9b6c61",
        "reportUrl" : "https://Areso.github.io/Oblache/165//#testresult/77d446cccc9b6c61",
        "status" : "broken",
        "statusDetails" : "selenium.common.exceptions.TimeoutException: Message: Can't find element by locator ('xpath', '//button[@id=\"menu_button_webpages\"]')\nStacktrace:\n#0 0x557008bdf2da <unknown>\n#1 0x5570088ad200 <unknown>\n#2 0x5570088fcaa2 <unknown>\n#3 0x5570088fcd41 <unknown>\n#4 0x557008942964 <unknown>\n#5 0x5570089218fd <unknown>\n#6 0x55700893fdfd <unknown>\n#7 0x557008921673 <unknown>\n#8 0x5570088ef473 <unknown>\n#9 0x5570088f047e <unknown>\n#10 0x557008ba60db <unknown>\n#11 0x557008baa071 <unknown>\n#12 0x557008b929d5 <unknown>\n#13 0x557008baabf2 <unknown>\n#14 0x557008b77b6f <unknown>\n#15 0x557008bce248 <unknown>\n#16 0x557008bce417 <unknown>\n#17 0x557008bde0cc <unknown>\n#18 0x7f5e98a94ac3 <unknown>",
        "time" : {
          "start" : 1727054877049,
          "stop" : 1727054882465,
          "duration" : 5416
        }
      }, {
        "uid" : "f681d68c519ce6d9",
        "reportUrl" : "https://Areso.github.io/Oblache/164//#testresult/f681d68c519ce6d9",
        "status" : "broken",
        "statusDetails" : "selenium.common.exceptions.TimeoutException: Message: Can't find element by locator ('xpath', '//button[@id=\"menu_button_webpages\"]')\nStacktrace:\n#0 0x5593876142da <unknown>\n#1 0x5593872e2200 <unknown>\n#2 0x559387331aa2 <unknown>\n#3 0x559387331d41 <unknown>\n#4 0x559387377964 <unknown>\n#5 0x5593873568fd <unknown>\n#6 0x559387374dfd <unknown>\n#7 0x559387356673 <unknown>\n#8 0x559387324473 <unknown>\n#9 0x55938732547e <unknown>\n#10 0x5593875db0db <unknown>\n#11 0x5593875df071 <unknown>\n#12 0x5593875c79d5 <unknown>\n#13 0x5593875dfbf2 <unknown>\n#14 0x5593875acb6f <unknown>\n#15 0x559387603248 <unknown>\n#16 0x559387603417 <unknown>\n#17 0x5593876130cc <unknown>\n#18 0x7f00c1e94ac3 <unknown>",
        "time" : {
          "start" : 1726969203665,
          "stop" : 1726969209090,
          "duration" : 5425
        }
      }, {
        "uid" : "bfffa9bb5ad5c1f7",
        "reportUrl" : "https://Areso.github.io/Oblache/163//#testresult/bfffa9bb5ad5c1f7",
        "status" : "broken",
        "statusDetails" : "selenium.common.exceptions.TimeoutException: Message: Can't find element by locator ('xpath', '//button[@id=\"menu_button_webpages\"]')\nStacktrace:\n#0 0x55bbd7cad2da <unknown>\n#1 0x55bbd797b200 <unknown>\n#2 0x55bbd79caaa2 <unknown>\n#3 0x55bbd79cad41 <unknown>\n#4 0x55bbd7a10964 <unknown>\n#5 0x55bbd79ef8fd <unknown>\n#6 0x55bbd7a0ddfd <unknown>\n#7 0x55bbd79ef673 <unknown>\n#8 0x55bbd79bd473 <unknown>\n#9 0x55bbd79be47e <unknown>\n#10 0x55bbd7c740db <unknown>\n#11 0x55bbd7c78071 <unknown>\n#12 0x55bbd7c609d5 <unknown>\n#13 0x55bbd7c78bf2 <unknown>\n#14 0x55bbd7c45b6f <unknown>\n#15 0x55bbd7c9c248 <unknown>\n#16 0x55bbd7c9c417 <unknown>\n#17 0x55bbd7cac0cc <unknown>\n#18 0x7fe766494ac3 <unknown>",
        "time" : {
          "start" : 1726881844464,
          "stop" : 1726881849949,
          "duration" : 5485
        }
      }, {
        "uid" : "c41999917e3d2273",
        "reportUrl" : "https://Areso.github.io/Oblache/162//#testresult/c41999917e3d2273",
        "status" : "broken",
        "statusDetails" : "selenium.common.exceptions.TimeoutException: Message: Can't find element by locator ('xpath', '//button[@id=\"menu_button_webpages\"]')\nStacktrace:\n#0 0x561c6b4522da <unknown>\n#1 0x561c6b120200 <unknown>\n#2 0x561c6b16faa2 <unknown>\n#3 0x561c6b16fd41 <unknown>\n#4 0x561c6b1b5964 <unknown>\n#5 0x561c6b1948fd <unknown>\n#6 0x561c6b1b2dfd <unknown>\n#7 0x561c6b194673 <unknown>\n#8 0x561c6b162473 <unknown>\n#9 0x561c6b16347e <unknown>\n#10 0x561c6b4190db <unknown>\n#11 0x561c6b41d071 <unknown>\n#12 0x561c6b4059d5 <unknown>\n#13 0x561c6b41dbf2 <unknown>\n#14 0x561c6b3eab6f <unknown>\n#15 0x561c6b441248 <unknown>\n#16 0x561c6b441417 <unknown>\n#17 0x561c6b4510cc <unknown>\n#18 0x7fc745a94ac3 <unknown>",
        "time" : {
          "start" : 1726795555641,
          "stop" : 1726795560658,
          "duration" : 5017
        }
      }, {
        "uid" : "f7e43eee070e60f7",
        "reportUrl" : "https://Areso.github.io/Oblache/161//#testresult/f7e43eee070e60f7",
        "status" : "broken",
        "statusDetails" : "selenium.common.exceptions.TimeoutException: Message: Can't find element by locator ('xpath', '//button[@id=\"menu_button_webpages\"]')\nStacktrace:\n#0 0x55a14040f2da <unknown>\n#1 0x55a1400dd200 <unknown>\n#2 0x55a14012caa2 <unknown>\n#3 0x55a14012cd41 <unknown>\n#4 0x55a140172964 <unknown>\n#5 0x55a1401518fd <unknown>\n#6 0x55a14016fdfd <unknown>\n#7 0x55a140151673 <unknown>\n#8 0x55a14011f473 <unknown>\n#9 0x55a14012047e <unknown>\n#10 0x55a1403d60db <unknown>\n#11 0x55a1403da071 <unknown>\n#12 0x55a1403c29d5 <unknown>\n#13 0x55a1403dabf2 <unknown>\n#14 0x55a1403a7b6f <unknown>\n#15 0x55a1403fe248 <unknown>\n#16 0x55a1403fe417 <unknown>\n#17 0x55a14040e0cc <unknown>\n#18 0x7ff313094ac3 <unknown>",
        "time" : {
          "start" : 1726709182396,
          "stop" : 1726709187864,
          "duration" : 5468
        }
      }, {
        "uid" : "ee29ac0318355a6",
        "reportUrl" : "https://Areso.github.io/Oblache/160//#testresult/ee29ac0318355a6",
        "status" : "broken",
        "statusDetails" : "selenium.common.exceptions.TimeoutException: Message: Can't find element by locator ('xpath', '//button[@id=\"menu_button_webpages\"]')\nStacktrace:\n#0 0x56384b9db2da <unknown>\n#1 0x56384b6a9200 <unknown>\n#2 0x56384b6f8aa2 <unknown>\n#3 0x56384b6f8d41 <unknown>\n#4 0x56384b73e964 <unknown>\n#5 0x56384b71d8fd <unknown>\n#6 0x56384b73bdfd <unknown>\n#7 0x56384b71d673 <unknown>\n#8 0x56384b6eb473 <unknown>\n#9 0x56384b6ec47e <unknown>\n#10 0x56384b9a20db <unknown>\n#11 0x56384b9a6071 <unknown>\n#12 0x56384b98e9d5 <unknown>\n#13 0x56384b9a6bf2 <unknown>\n#14 0x56384b973b6f <unknown>\n#15 0x56384b9ca248 <unknown>\n#16 0x56384b9ca417 <unknown>\n#17 0x56384b9da0cc <unknown>\n#18 0x7f391d694ac3 <unknown>",
        "time" : {
          "start" : 1726622634171,
          "stop" : 1726622639567,
          "duration" : 5396
        }
      }, {
        "uid" : "7495ea55e44ab500",
        "reportUrl" : "https://Areso.github.io/Oblache/2//#testresult/7495ea55e44ab500",
        "status" : "passed",
        "time" : {
          "start" : 1726572606151,
          "stop" : 1726572607144,
          "duration" : 993
        }
      } ]
    },
    "tags" : [ ]
  },
  "source" : "b52621263269aac9.json",
  "parameterValues" : [ ]
}