{
  "uid" : "f1a132b33f8a2767",
  "name" : "test_check_title_of_static_table",
  "fullName" : "tests_ui.test_ui.TestProfilePage#test_check_title_of_static_table",
  "historyId" : "eb2cea1546ad6874ff07a2bb88c686ae",
  "time" : {
    "start" : 1733967856154,
    "stop" : 1733967861582,
    "duration" : 5428
  },
  "status" : "broken",
  "statusMessage" : "selenium.common.exceptions.TimeoutException: Message: Can't find element by locator ('xpath', '//button[@id=\"menu_button_webpages\"]')\nStacktrace:\n#0 0x55ec4e06631a <unknown>\n#1 0x55ec4db7c6e0 <unknown>\n#2 0x55ec4dbcb3e6 <unknown>\n#3 0x55ec4dbcb681 <unknown>\n#4 0x55ec4dc10b04 <unknown>\n#5 0x55ec4dbef48d <unknown>\n#6 0x55ec4dc0ded7 <unknown>\n#7 0x55ec4dbef203 <unknown>\n#8 0x55ec4dbbdcc0 <unknown>\n#9 0x55ec4dbbec9e <unknown>\n#10 0x55ec4e033d0b <unknown>\n#11 0x55ec4e037c92 <unknown>\n#12 0x55ec4e020b3c <unknown>\n#13 0x55ec4e038807 <unknown>\n#14 0x55ec4e0060df <unknown>\n#15 0x55ec4e055578 <unknown>\n#16 0x55ec4e055740 <unknown>\n#17 0x55ec4e065196 <unknown>\n#18 0x7f3866e94ac3 <unknown>",
  "statusTrace" : "self = <tests_ui.test_ui.TestProfilePage object at 0x7fe1f4644170>\ndriver = <selenium.webdriver.chrome.webdriver.WebDriver (session=\"23a4277f7719949270fe330b9a50d8e3\")>\nauthorization_user = None\n\n    @allure.title('test_check_title_of_static_table')\n    def test_check_title_of_static_table(self, driver, authorization_user):\n        page = ProfilePage(driver)\n>       page.click_static_site_button()\n\ntests_ui/test_ui.py:75: \n_ _ _ _ _ _ _ _ _ _ _ _ _ _ _ _ _ _ _ _ _ _ _ _ _ _ _ _ _ _ _ _ _ _ _ _ _ _ _ _ \ntests_ui/profile_page.py:40: in click_static_site_button\n    return self.element_is_present_and_clickable(self.locators.STATIC_BUTTON).click()\ntests_ui/base_page.py:28: in element_is_present_and_clickable\n    return (Wait(self.driver, self.timeout).until(\n_ _ _ _ _ _ _ _ _ _ _ _ _ _ _ _ _ _ _ _ _ _ _ _ _ _ _ _ _ _ _ _ _ _ _ _ _ _ _ _ \n\nself = <selenium.webdriver.support.wait.WebDriverWait (session=\"23a4277f7719949270fe330b9a50d8e3\")>\nmethod = <function visibility_of_element_located.<locals>._predicate at 0x7fe1f3bb89a0>\nmessage = 'Can\\'t find element by locator (\\'xpath\\', \\'//button[@id=\"menu_button_webpages\"]\\')'\n\n    def until(self, method: Callable[[D], Union[Literal[False], T]], message: str = \"\") -> T:\n        \"\"\"Calls the method provided with the driver as an argument until the \\\n        return value does not evaluate to ``False``.\n    \n        :param method: callable(WebDriver)\n        :param message: optional message for :exc:`TimeoutException`\n        :returns: the result of the last call to `method`\n        :raises: :exc:`selenium.common.exceptions.TimeoutException` if timeout occurs\n        \"\"\"\n        screen = None\n        stacktrace = None\n    \n        end_time = time.monotonic() + self._timeout\n        while True:\n            try:\n                value = method(self._driver)\n                if value:\n                    return value\n            except self._ignored_exceptions as exc:\n                screen = getattr(exc, \"screen\", None)\n                stacktrace = getattr(exc, \"stacktrace\", None)\n            time.sleep(self._poll)\n            if time.monotonic() > end_time:\n                break\n>       raise TimeoutException(message, screen, stacktrace)\nE       selenium.common.exceptions.TimeoutException: Message: Can't find element by locator ('xpath', '//button[@id=\"menu_button_webpages\"]')\nE       Stacktrace:\nE       #0 0x55ec4e06631a <unknown>\nE       #1 0x55ec4db7c6e0 <unknown>\nE       #2 0x55ec4dbcb3e6 <unknown>\nE       #3 0x55ec4dbcb681 <unknown>\nE       #4 0x55ec4dc10b04 <unknown>\nE       #5 0x55ec4dbef48d <unknown>\nE       #6 0x55ec4dc0ded7 <unknown>\nE       #7 0x55ec4dbef203 <unknown>\nE       #8 0x55ec4dbbdcc0 <unknown>\nE       #9 0x55ec4dbbec9e <unknown>\nE       #10 0x55ec4e033d0b <unknown>\nE       #11 0x55ec4e037c92 <unknown>\nE       #12 0x55ec4e020b3c <unknown>\nE       #13 0x55ec4e038807 <unknown>\nE       #14 0x55ec4e0060df <unknown>\nE       #15 0x55ec4e055578 <unknown>\nE       #16 0x55ec4e055740 <unknown>\nE       #17 0x55ec4e065196 <unknown>\nE       #18 0x7f3866e94ac3 <unknown>\n\n/opt/hostedtoolcache/Python/3.12.7/x64/lib/python3.12/site-packages/selenium/webdriver/support/wait.py:105: TimeoutException",
  "flaky" : false,
  "newFailed" : false,
  "beforeStages" : [ {
    "name" : "authorization_user",
    "time" : {
      "start" : 1733967855451,
      "stop" : 1733967856154,
      "duration" : 703
    },
    "status" : "passed",
    "steps" : [ {
      "name" : "Open page: https://oblache.areso.pro/register.html",
      "time" : {
        "start" : 1733967855451,
        "stop" : 1733967855956,
        "duration" : 505
      },
      "status" : "passed",
      "steps" : [ ],
      "attachments" : [ ],
      "parameters" : [ ],
      "stepsCount" : 0,
      "attachmentsCount" : 0,
      "shouldDisplayMessage" : false,
      "hasContent" : false
    }, {
      "name" : "Login user",
      "time" : {
        "start" : 1733967855956,
        "stop" : 1733967856154,
        "duration" : 198
      },
      "status" : "passed",
      "steps" : [ {
        "name" : "Enter email.",
        "time" : {
          "start" : 1733967855957,
          "stop" : 1733967856020,
          "duration" : 63
        },
        "status" : "passed",
        "steps" : [ ],
        "attachments" : [ ],
        "parameters" : [ ],
        "stepsCount" : 0,
        "attachmentsCount" : 0,
        "shouldDisplayMessage" : false,
        "hasContent" : false
      }, {
        "name" : "Enter password.",
        "time" : {
          "start" : 1733967856020,
          "stop" : 1733967856065,
          "duration" : 45
        },
        "status" : "passed",
        "steps" : [ ],
        "attachments" : [ ],
        "parameters" : [ ],
        "stepsCount" : 0,
        "attachmentsCount" : 0,
        "shouldDisplayMessage" : false,
        "hasContent" : false
      }, {
        "name" : "Click button \"Login\"",
        "time" : {
          "start" : 1733967856065,
          "stop" : 1733967856151,
          "duration" : 86
        },
        "status" : "passed",
        "steps" : [ ],
        "attachments" : [ ],
        "parameters" : [ ],
        "stepsCount" : 0,
        "attachmentsCount" : 0,
        "shouldDisplayMessage" : false,
        "hasContent" : false
      }, {
        "name" : "Check url is present: https://oblache.areso.pro/register.html",
        "time" : {
          "start" : 1733967856151,
          "stop" : 1733967856154,
          "duration" : 3
        },
        "status" : "passed",
        "steps" : [ ],
        "attachments" : [ ],
        "parameters" : [ ],
        "stepsCount" : 0,
        "attachmentsCount" : 0,
        "shouldDisplayMessage" : false,
        "hasContent" : false
      } ],
      "attachments" : [ ],
      "parameters" : [ ],
      "stepsCount" : 4,
      "attachmentsCount" : 0,
      "shouldDisplayMessage" : false,
      "hasContent" : true
    } ],
    "attachments" : [ ],
    "parameters" : [ ],
    "stepsCount" : 6,
    "attachmentsCount" : 0,
    "shouldDisplayMessage" : false,
    "hasContent" : true
  }, {
    "name" : "driver",
    "time" : {
      "start" : 1733967855164,
      "stop" : 1733967855451,
      "duration" : 287
    },
    "status" : "passed",
    "steps" : [ ],
    "attachments" : [ ],
    "parameters" : [ ],
    "stepsCount" : 0,
    "attachmentsCount" : 0,
    "shouldDisplayMessage" : false,
    "hasContent" : false
  } ],
  "testStage" : {
    "status" : "broken",
    "statusMessage" : "selenium.common.exceptions.TimeoutException: Message: Can't find element by locator ('xpath', '//button[@id=\"menu_button_webpages\"]')\nStacktrace:\n#0 0x55ec4e06631a <unknown>\n#1 0x55ec4db7c6e0 <unknown>\n#2 0x55ec4dbcb3e6 <unknown>\n#3 0x55ec4dbcb681 <unknown>\n#4 0x55ec4dc10b04 <unknown>\n#5 0x55ec4dbef48d <unknown>\n#6 0x55ec4dc0ded7 <unknown>\n#7 0x55ec4dbef203 <unknown>\n#8 0x55ec4dbbdcc0 <unknown>\n#9 0x55ec4dbbec9e <unknown>\n#10 0x55ec4e033d0b <unknown>\n#11 0x55ec4e037c92 <unknown>\n#12 0x55ec4e020b3c <unknown>\n#13 0x55ec4e038807 <unknown>\n#14 0x55ec4e0060df <unknown>\n#15 0x55ec4e055578 <unknown>\n#16 0x55ec4e055740 <unknown>\n#17 0x55ec4e065196 <unknown>\n#18 0x7f3866e94ac3 <unknown>",
    "statusTrace" : "self = <tests_ui.test_ui.TestProfilePage object at 0x7fe1f4644170>\ndriver = <selenium.webdriver.chrome.webdriver.WebDriver (session=\"23a4277f7719949270fe330b9a50d8e3\")>\nauthorization_user = None\n\n    @allure.title('test_check_title_of_static_table')\n    def test_check_title_of_static_table(self, driver, authorization_user):\n        page = ProfilePage(driver)\n>       page.click_static_site_button()\n\ntests_ui/test_ui.py:75: \n_ _ _ _ _ _ _ _ _ _ _ _ _ _ _ _ _ _ _ _ _ _ _ _ _ _ _ _ _ _ _ _ _ _ _ _ _ _ _ _ \ntests_ui/profile_page.py:40: in click_static_site_button\n    return self.element_is_present_and_clickable(self.locators.STATIC_BUTTON).click()\ntests_ui/base_page.py:28: in element_is_present_and_clickable\n    return (Wait(self.driver, self.timeout).until(\n_ _ _ _ _ _ _ _ _ _ _ _ _ _ _ _ _ _ _ _ _ _ _ _ _ _ _ _ _ _ _ _ _ _ _ _ _ _ _ _ \n\nself = <selenium.webdriver.support.wait.WebDriverWait (session=\"23a4277f7719949270fe330b9a50d8e3\")>\nmethod = <function visibility_of_element_located.<locals>._predicate at 0x7fe1f3bb89a0>\nmessage = 'Can\\'t find element by locator (\\'xpath\\', \\'//button[@id=\"menu_button_webpages\"]\\')'\n\n    def until(self, method: Callable[[D], Union[Literal[False], T]], message: str = \"\") -> T:\n        \"\"\"Calls the method provided with the driver as an argument until the \\\n        return value does not evaluate to ``False``.\n    \n        :param method: callable(WebDriver)\n        :param message: optional message for :exc:`TimeoutException`\n        :returns: the result of the last call to `method`\n        :raises: :exc:`selenium.common.exceptions.TimeoutException` if timeout occurs\n        \"\"\"\n        screen = None\n        stacktrace = None\n    \n        end_time = time.monotonic() + self._timeout\n        while True:\n            try:\n                value = method(self._driver)\n                if value:\n                    return value\n            except self._ignored_exceptions as exc:\n                screen = getattr(exc, \"screen\", None)\n                stacktrace = getattr(exc, \"stacktrace\", None)\n            time.sleep(self._poll)\n            if time.monotonic() > end_time:\n                break\n>       raise TimeoutException(message, screen, stacktrace)\nE       selenium.common.exceptions.TimeoutException: Message: Can't find element by locator ('xpath', '//button[@id=\"menu_button_webpages\"]')\nE       Stacktrace:\nE       #0 0x55ec4e06631a <unknown>\nE       #1 0x55ec4db7c6e0 <unknown>\nE       #2 0x55ec4dbcb3e6 <unknown>\nE       #3 0x55ec4dbcb681 <unknown>\nE       #4 0x55ec4dc10b04 <unknown>\nE       #5 0x55ec4dbef48d <unknown>\nE       #6 0x55ec4dc0ded7 <unknown>\nE       #7 0x55ec4dbef203 <unknown>\nE       #8 0x55ec4dbbdcc0 <unknown>\nE       #9 0x55ec4dbbec9e <unknown>\nE       #10 0x55ec4e033d0b <unknown>\nE       #11 0x55ec4e037c92 <unknown>\nE       #12 0x55ec4e020b3c <unknown>\nE       #13 0x55ec4e038807 <unknown>\nE       #14 0x55ec4e0060df <unknown>\nE       #15 0x55ec4e055578 <unknown>\nE       #16 0x55ec4e055740 <unknown>\nE       #17 0x55ec4e065196 <unknown>\nE       #18 0x7f3866e94ac3 <unknown>\n\n/opt/hostedtoolcache/Python/3.12.7/x64/lib/python3.12/site-packages/selenium/webdriver/support/wait.py:105: TimeoutException",
    "steps" : [ {
      "name" : "Click \"Static site\" button.",
      "time" : {
        "start" : 1733967856155,
        "stop" : 1733967861581,
        "duration" : 5426
      },
      "status" : "broken",
      "statusMessage" : "selenium.common.exceptions.TimeoutException: Message: Can't find element by locator ('xpath', '//button[@id=\"menu_button_webpages\"]')\nStacktrace:\n#0 0x55ec4e06631a <unknown>\n#1 0x55ec4db7c6e0 <unknown>\n#2 0x55ec4dbcb3e6 <unknown>\n#3 0x55ec4dbcb681 <unknown>\n#4 0x55ec4dc10b04 <unknown>\n#5 0x55ec4dbef48d <unknown>\n#6 0x55ec4dc0ded7 <unknown>\n#7 0x55ec4dbef203 <unknown>\n#8 0x55ec4dbbdcc0 <unknown>\n#9 0x55ec4dbbec9e <unknown>\n#10 0x55ec4e033d0b <unknown>\n#11 0x55ec4e037c92 <unknown>\n#12 0x55ec4e020b3c <unknown>\n#13 0x55ec4e038807 <unknown>\n#14 0x55ec4e0060df <unknown>\n#15 0x55ec4e055578 <unknown>\n#16 0x55ec4e055740 <unknown>\n#17 0x55ec4e065196 <unknown>\n#18 0x7f3866e94ac3 <unknown>\n\n",
      "statusTrace" : "  File \"/home/runner/work/Oblache/Oblache/tests_ui/profile_page.py\", line 40, in click_static_site_button\n    return self.element_is_present_and_clickable(self.locators.STATIC_BUTTON).click()\n           ^^^^^^^^^^^^^^^^^^^^^^^^^^^^^^^^^^^^^^^^^^^^^^^^^^^^^^^^^^^^^^^^^^\n  File \"/home/runner/work/Oblache/Oblache/tests_ui/base_page.py\", line 28, in element_is_present_and_clickable\n    return (Wait(self.driver, self.timeout).until(\n            ^^^^^^^^^^^^^^^^^^^^^^^^^^^^^^^^^^^^^^\n  File \"/opt/hostedtoolcache/Python/3.12.7/x64/lib/python3.12/site-packages/selenium/webdriver/support/wait.py\", line 105, in until\n    raise TimeoutException(message, screen, stacktrace)\n",
      "steps" : [ ],
      "attachments" : [ ],
      "parameters" : [ ],
      "stepsCount" : 0,
      "attachmentsCount" : 0,
      "shouldDisplayMessage" : true,
      "hasContent" : true
    } ],
    "attachments" : [ {
      "uid" : "1110096c14c4dad6",
      "name" : "Screenshot 2024-12-12 01:44:21.680200",
      "source" : "1110096c14c4dad6.png",
      "type" : "image/png",
      "size" : 42314
    } ],
    "parameters" : [ ],
    "stepsCount" : 1,
    "attachmentsCount" : 1,
    "shouldDisplayMessage" : true,
    "hasContent" : true
  },
  "afterStages" : [ {
    "name" : "driver::0",
    "time" : {
      "start" : 1733967861681,
      "stop" : 1733967861746,
      "duration" : 65
    },
    "status" : "passed",
    "steps" : [ ],
    "attachments" : [ ],
    "parameters" : [ ],
    "stepsCount" : 0,
    "attachmentsCount" : 0,
    "shouldDisplayMessage" : false,
    "hasContent" : false
  } ],
  "labels" : [ {
    "name" : "suite",
    "value" : "Test Profile Page."
  }, {
    "name" : "parentSuite",
    "value" : "tests_ui"
  }, {
    "name" : "subSuite",
    "value" : "TestProfilePage"
  }, {
    "name" : "host",
    "value" : "fv-az525-427"
  }, {
    "name" : "thread",
    "value" : "2392-MainThread"
  }, {
    "name" : "framework",
    "value" : "pytest"
  }, {
    "name" : "language",
    "value" : "cpython3"
  }, {
    "name" : "package",
    "value" : "tests_ui.test_ui"
  }, {
    "name" : "resultFormat",
    "value" : "allure2"
  } ],
  "parameters" : [ ],
  "links" : [ ],
  "hidden" : false,
  "retry" : false,
  "extra" : {
    "severity" : "normal",
    "retries" : [ ],
    "categories" : [ {
      "name" : "Test defects",
      "matchedStatuses" : [ ],
      "flaky" : false
    } ],
    "history" : {
      "statistic" : {
        "failed" : 0,
        "broken" : 86,
        "skipped" : 0,
        "passed" : 1,
        "unknown" : 0,
        "total" : 87
      },
      "items" : [ {
        "uid" : "24611349d4cd605f",
        "reportUrl" : "https://Areso.github.io/Oblache/244//#testresult/24611349d4cd605f",
        "status" : "broken",
        "statusDetails" : "selenium.common.exceptions.TimeoutException: Message: Can't find element by locator ('xpath', '//button[@id=\"menu_button_webpages\"]')\nStacktrace:\n#0 0x558b08a6031a <unknown>\n#1 0x558b085766e0 <unknown>\n#2 0x558b085c53e6 <unknown>\n#3 0x558b085c5681 <unknown>\n#4 0x558b0860ab04 <unknown>\n#5 0x558b085e948d <unknown>\n#6 0x558b08607ed7 <unknown>\n#7 0x558b085e9203 <unknown>\n#8 0x558b085b7cc0 <unknown>\n#9 0x558b085b8c9e <unknown>\n#10 0x558b08a2dd0b <unknown>\n#11 0x558b08a31c92 <unknown>\n#12 0x558b08a1ab3c <unknown>\n#13 0x558b08a32807 <unknown>\n#14 0x558b08a000df <unknown>\n#15 0x558b08a4f578 <unknown>\n#16 0x558b08a4f740 <unknown>\n#17 0x558b08a5f196 <unknown>\n#18 0x7fcfcb694ac3 <unknown>",
        "time" : {
          "start" : 1733881508871,
          "stop" : 1733881514316,
          "duration" : 5445
        }
      }, {
        "uid" : "571ecde670c3fbe4",
        "reportUrl" : "https://Areso.github.io/Oblache/243//#testresult/571ecde670c3fbe4",
        "status" : "broken",
        "statusDetails" : "selenium.common.exceptions.TimeoutException: Message: Can't find element by locator ('xpath', '//button[@id=\"menu_button_webpages\"]')\nStacktrace:\n#0 0x5644d0e4331a <unknown>\n#1 0x5644d09596e0 <unknown>\n#2 0x5644d09a83e6 <unknown>\n#3 0x5644d09a8681 <unknown>\n#4 0x5644d09edb04 <unknown>\n#5 0x5644d09cc48d <unknown>\n#6 0x5644d09eaed7 <unknown>\n#7 0x5644d09cc203 <unknown>\n#8 0x5644d099acc0 <unknown>\n#9 0x5644d099bc9e <unknown>\n#10 0x5644d0e10d0b <unknown>\n#11 0x5644d0e14c92 <unknown>\n#12 0x5644d0dfdb3c <unknown>\n#13 0x5644d0e15807 <unknown>\n#14 0x5644d0de30df <unknown>\n#15 0x5644d0e32578 <unknown>\n#16 0x5644d0e32740 <unknown>\n#17 0x5644d0e42196 <unknown>\n#18 0x7f8d9ba94ac3 <unknown>",
        "time" : {
          "start" : 1733795168231,
          "stop" : 1733795173688,
          "duration" : 5457
        }
      }, {
        "uid" : "97b538df9dbb5ce3",
        "reportUrl" : "https://Areso.github.io/Oblache/242//#testresult/97b538df9dbb5ce3",
        "status" : "broken",
        "statusDetails" : "selenium.common.exceptions.TimeoutException: Message: Can't find element by locator ('xpath', '//button[@id=\"menu_button_webpages\"]')\nStacktrace:\n#0 0x55916826d31a <unknown>\n#1 0x559167d836e0 <unknown>\n#2 0x559167dd23e6 <unknown>\n#3 0x559167dd2681 <unknown>\n#4 0x559167e17b04 <unknown>\n#5 0x559167df648d <unknown>\n#6 0x559167e14ed7 <unknown>\n#7 0x559167df6203 <unknown>\n#8 0x559167dc4cc0 <unknown>\n#9 0x559167dc5c9e <unknown>\n#10 0x55916823ad0b <unknown>\n#11 0x55916823ec92 <unknown>\n#12 0x559168227b3c <unknown>\n#13 0x55916823f807 <unknown>\n#14 0x55916820d0df <unknown>\n#15 0x55916825c578 <unknown>\n#16 0x55916825c740 <unknown>\n#17 0x55916826c196 <unknown>\n#18 0x7fdc91a94ac3 <unknown>",
        "time" : {
          "start" : 1733708842848,
          "stop" : 1733708848292,
          "duration" : 5444
        }
      }, {
        "uid" : "b6e93caf340e7643",
        "reportUrl" : "https://Areso.github.io/Oblache/241//#testresult/b6e93caf340e7643",
        "status" : "broken",
        "statusDetails" : "selenium.common.exceptions.TimeoutException: Message: Can't find element by locator ('xpath', '//button[@id=\"menu_button_webpages\"]')\nStacktrace:\n#0 0x55e8c256231a <unknown>\n#1 0x55e8c20786e0 <unknown>\n#2 0x55e8c20c73e6 <unknown>\n#3 0x55e8c20c7681 <unknown>\n#4 0x55e8c210cb04 <unknown>\n#5 0x55e8c20eb48d <unknown>\n#6 0x55e8c2109ed7 <unknown>\n#7 0x55e8c20eb203 <unknown>\n#8 0x55e8c20b9cc0 <unknown>\n#9 0x55e8c20bac9e <unknown>\n#10 0x55e8c252fd0b <unknown>\n#11 0x55e8c2533c92 <unknown>\n#12 0x55e8c251cb3c <unknown>\n#13 0x55e8c2534807 <unknown>\n#14 0x55e8c25020df <unknown>\n#15 0x55e8c2551578 <unknown>\n#16 0x55e8c2551740 <unknown>\n#17 0x55e8c2561196 <unknown>\n#18 0x7f2201494ac3 <unknown>",
        "time" : {
          "start" : 1733622634593,
          "stop" : 1733622639632,
          "duration" : 5039
        }
      }, {
        "uid" : "37c02b83a36b2d5e",
        "reportUrl" : "https://Areso.github.io/Oblache/240//#testresult/37c02b83a36b2d5e",
        "status" : "broken",
        "statusDetails" : "selenium.common.exceptions.TimeoutException: Message: Can't find element by locator ('xpath', '//button[@id=\"menu_button_webpages\"]')\nStacktrace:\n#0 0x561c8dbd831a <unknown>\n#1 0x561c8d6ee6e0 <unknown>\n#2 0x561c8d73d3e6 <unknown>\n#3 0x561c8d73d681 <unknown>\n#4 0x561c8d782b04 <unknown>\n#5 0x561c8d76148d <unknown>\n#6 0x561c8d77fed7 <unknown>\n#7 0x561c8d761203 <unknown>\n#8 0x561c8d72fcc0 <unknown>\n#9 0x561c8d730c9e <unknown>\n#10 0x561c8dba5d0b <unknown>\n#11 0x561c8dba9c92 <unknown>\n#12 0x561c8db92b3c <unknown>\n#13 0x561c8dbaa807 <unknown>\n#14 0x561c8db780df <unknown>\n#15 0x561c8dbc7578 <unknown>\n#16 0x561c8dbc7740 <unknown>\n#17 0x561c8dbd7196 <unknown>\n#18 0x7f1dbb294ac3 <unknown>",
        "time" : {
          "start" : 1733535723318,
          "stop" : 1733535728753,
          "duration" : 5435
        }
      }, {
        "uid" : "fa930e8ecfc5bcf9",
        "reportUrl" : "https://Areso.github.io/Oblache/239//#testresult/fa930e8ecfc5bcf9",
        "status" : "broken",
        "statusDetails" : "selenium.common.exceptions.TimeoutException: Message: Can't find element by locator ('xpath', '//button[@id=\"menu_button_webpages\"]')\nStacktrace:\n#0 0x565480c8831a <unknown>\n#1 0x56548079e6e0 <unknown>\n#2 0x5654807ed3e6 <unknown>\n#3 0x5654807ed681 <unknown>\n#4 0x565480832b04 <unknown>\n#5 0x56548081148d <unknown>\n#6 0x56548082fed7 <unknown>\n#7 0x565480811203 <unknown>\n#8 0x5654807dfcc0 <unknown>\n#9 0x5654807e0c9e <unknown>\n#10 0x565480c55d0b <unknown>\n#11 0x565480c59c92 <unknown>\n#12 0x565480c42b3c <unknown>\n#13 0x565480c5a807 <unknown>\n#14 0x565480c280df <unknown>\n#15 0x565480c77578 <unknown>\n#16 0x565480c77740 <unknown>\n#17 0x565480c87196 <unknown>\n#18 0x7f6ff6894ac3 <unknown>",
        "time" : {
          "start" : 1733449382109,
          "stop" : 1733449387145,
          "duration" : 5036
        }
      }, {
        "uid" : "a26c0bcd2bc51c4b",
        "reportUrl" : "https://Areso.github.io/Oblache/238//#testresult/a26c0bcd2bc51c4b",
        "status" : "broken",
        "statusDetails" : "selenium.common.exceptions.TimeoutException: Message: Can't find element by locator ('xpath', '//button[@id=\"menu_button_webpages\"]')\nStacktrace:\n#0 0x559dc9e2d31a <unknown>\n#1 0x559dc99436e0 <unknown>\n#2 0x559dc99923e6 <unknown>\n#3 0x559dc9992681 <unknown>\n#4 0x559dc99d7b04 <unknown>\n#5 0x559dc99b648d <unknown>\n#6 0x559dc99d4ed7 <unknown>\n#7 0x559dc99b6203 <unknown>\n#8 0x559dc9984cc0 <unknown>\n#9 0x559dc9985c9e <unknown>\n#10 0x559dc9dfad0b <unknown>\n#11 0x559dc9dfec92 <unknown>\n#12 0x559dc9de7b3c <unknown>\n#13 0x559dc9dff807 <unknown>\n#14 0x559dc9dcd0df <unknown>\n#15 0x559dc9e1c578 <unknown>\n#16 0x559dc9e1c740 <unknown>\n#17 0x559dc9e2c196 <unknown>\n#18 0x7fd6cd294ac3 <unknown>",
        "time" : {
          "start" : 1733363040975,
          "stop" : 1733363046021,
          "duration" : 5046
        }
      }, {
        "uid" : "b82d3d116e1936b5",
        "reportUrl" : "https://Areso.github.io/Oblache/237//#testresult/b82d3d116e1936b5",
        "status" : "broken",
        "statusDetails" : "selenium.common.exceptions.TimeoutException: Message: Can't find element by locator ('xpath', '//button[@id=\"menu_button_webpages\"]')\nStacktrace:\n#0 0x562c7824231a <unknown>\n#1 0x562c77d586e0 <unknown>\n#2 0x562c77da73e6 <unknown>\n#3 0x562c77da7681 <unknown>\n#4 0x562c77decb04 <unknown>\n#5 0x562c77dcb48d <unknown>\n#6 0x562c77de9ed7 <unknown>\n#7 0x562c77dcb203 <unknown>\n#8 0x562c77d99cc0 <unknown>\n#9 0x562c77d9ac9e <unknown>\n#10 0x562c7820fd0b <unknown>\n#11 0x562c78213c92 <unknown>\n#12 0x562c781fcb3c <unknown>\n#13 0x562c78214807 <unknown>\n#14 0x562c781e20df <unknown>\n#15 0x562c78231578 <unknown>\n#16 0x562c78231740 <unknown>\n#17 0x562c78241196 <unknown>\n#18 0x7faa50694ac3 <unknown>",
        "time" : {
          "start" : 1733276715440,
          "stop" : 1733276720903,
          "duration" : 5463
        }
      }, {
        "uid" : "fb252c8b50747525",
        "reportUrl" : "https://Areso.github.io/Oblache/236//#testresult/fb252c8b50747525",
        "status" : "broken",
        "statusDetails" : "selenium.common.exceptions.TimeoutException: Message: Can't find element by locator ('xpath', '//button[@id=\"menu_button_webpages\"]')\nStacktrace:\n#0 0x564b1a78531a <unknown>\n#1 0x564b1a29b6e0 <unknown>\n#2 0x564b1a2ea3e6 <unknown>\n#3 0x564b1a2ea681 <unknown>\n#4 0x564b1a32fb04 <unknown>\n#5 0x564b1a30e48d <unknown>\n#6 0x564b1a32ced7 <unknown>\n#7 0x564b1a30e203 <unknown>\n#8 0x564b1a2dccc0 <unknown>\n#9 0x564b1a2ddc9e <unknown>\n#10 0x564b1a752d0b <unknown>\n#11 0x564b1a756c92 <unknown>\n#12 0x564b1a73fb3c <unknown>\n#13 0x564b1a757807 <unknown>\n#14 0x564b1a7250df <unknown>\n#15 0x564b1a774578 <unknown>\n#16 0x564b1a774740 <unknown>\n#17 0x564b1a784196 <unknown>\n#18 0x7fc785c94ac3 <unknown>",
        "time" : {
          "start" : 1733190240356,
          "stop" : 1733190245443,
          "duration" : 5087
        }
      }, {
        "uid" : "d0680c3a7f3e0a30",
        "reportUrl" : "https://Areso.github.io/Oblache/235//#testresult/d0680c3a7f3e0a30",
        "status" : "broken",
        "statusDetails" : "selenium.common.exceptions.TimeoutException: Message: Can't find element by locator ('xpath', '//button[@id=\"menu_button_webpages\"]')\nStacktrace:\n#0 0x55efbca9031a <unknown>\n#1 0x55efbc5a66e0 <unknown>\n#2 0x55efbc5f53e6 <unknown>\n#3 0x55efbc5f5681 <unknown>\n#4 0x55efbc63ab04 <unknown>\n#5 0x55efbc61948d <unknown>\n#6 0x55efbc637ed7 <unknown>\n#7 0x55efbc619203 <unknown>\n#8 0x55efbc5e7cc0 <unknown>\n#9 0x55efbc5e8c9e <unknown>\n#10 0x55efbca5dd0b <unknown>\n#11 0x55efbca61c92 <unknown>\n#12 0x55efbca4ab3c <unknown>\n#13 0x55efbca62807 <unknown>\n#14 0x55efbca300df <unknown>\n#15 0x55efbca7f578 <unknown>\n#16 0x55efbca7f740 <unknown>\n#17 0x55efbca8f196 <unknown>\n#18 0x7fd7ad494ac3 <unknown>",
        "time" : {
          "start" : 1733103909834,
          "stop" : 1733103915258,
          "duration" : 5424
        }
      }, {
        "uid" : "705438843ab324d5",
        "reportUrl" : "https://Areso.github.io/Oblache/234//#testresult/705438843ab324d5",
        "status" : "broken",
        "statusDetails" : "selenium.common.exceptions.TimeoutException: Message: Can't find element by locator ('xpath', '//button[@id=\"menu_button_webpages\"]')\nStacktrace:\n#0 0x56128258531a <unknown>\n#1 0x56128209b6e0 <unknown>\n#2 0x5612820ea3e6 <unknown>\n#3 0x5612820ea681 <unknown>\n#4 0x56128212fb04 <unknown>\n#5 0x56128210e48d <unknown>\n#6 0x56128212ced7 <unknown>\n#7 0x56128210e203 <unknown>\n#8 0x5612820dccc0 <unknown>\n#9 0x5612820ddc9e <unknown>\n#10 0x561282552d0b <unknown>\n#11 0x561282556c92 <unknown>\n#12 0x56128253fb3c <unknown>\n#13 0x561282557807 <unknown>\n#14 0x5612825250df <unknown>\n#15 0x561282574578 <unknown>\n#16 0x561282574740 <unknown>\n#17 0x561282584196 <unknown>\n#18 0x7ffaa5894ac3 <unknown>",
        "time" : {
          "start" : 1733018176056,
          "stop" : 1733018181482,
          "duration" : 5426
        }
      }, {
        "uid" : "398151153a5e441",
        "reportUrl" : "https://Areso.github.io/Oblache/233//#testresult/398151153a5e441",
        "status" : "broken",
        "statusDetails" : "selenium.common.exceptions.TimeoutException: Message: Can't find element by locator ('xpath', '//button[@id=\"menu_button_webpages\"]')\nStacktrace:\n#0 0x55f9a984231a <unknown>\n#1 0x55f9a93586e0 <unknown>\n#2 0x55f9a93a73e6 <unknown>\n#3 0x55f9a93a7681 <unknown>\n#4 0x55f9a93ecb04 <unknown>\n#5 0x55f9a93cb48d <unknown>\n#6 0x55f9a93e9ed7 <unknown>\n#7 0x55f9a93cb203 <unknown>\n#8 0x55f9a9399cc0 <unknown>\n#9 0x55f9a939ac9e <unknown>\n#10 0x55f9a980fd0b <unknown>\n#11 0x55f9a9813c92 <unknown>\n#12 0x55f9a97fcb3c <unknown>\n#13 0x55f9a9814807 <unknown>\n#14 0x55f9a97e20df <unknown>\n#15 0x55f9a9831578 <unknown>\n#16 0x55f9a9831740 <unknown>\n#17 0x55f9a9841196 <unknown>\n#18 0x7faf38094ac3 <unknown>",
        "time" : {
          "start" : 1732930816824,
          "stop" : 1732930821872,
          "duration" : 5048
        }
      }, {
        "uid" : "c89121742564bd60",
        "reportUrl" : "https://Areso.github.io/Oblache/232//#testresult/c89121742564bd60",
        "status" : "broken",
        "statusDetails" : "selenium.common.exceptions.TimeoutException: Message: Can't find element by locator ('xpath', '//button[@id=\"menu_button_webpages\"]')\nStacktrace:\n#0 0x55d80617c31a <unknown>\n#1 0x55d805c926e0 <unknown>\n#2 0x55d805ce13e6 <unknown>\n#3 0x55d805ce1681 <unknown>\n#4 0x55d805d26b04 <unknown>\n#5 0x55d805d0548d <unknown>\n#6 0x55d805d23ed7 <unknown>\n#7 0x55d805d05203 <unknown>\n#8 0x55d805cd3cc0 <unknown>\n#9 0x55d805cd4c9e <unknown>\n#10 0x55d806149d0b <unknown>\n#11 0x55d80614dc92 <unknown>\n#12 0x55d806136b3c <unknown>\n#13 0x55d80614e807 <unknown>\n#14 0x55d80611c0df <unknown>\n#15 0x55d80616b578 <unknown>\n#16 0x55d80616b740 <unknown>\n#17 0x55d80617b196 <unknown>\n#18 0x7f9eac894ac3 <unknown>",
        "time" : {
          "start" : 1732844529267,
          "stop" : 1732844534707,
          "duration" : 5440
        }
      }, {
        "uid" : "b28a155ed383769",
        "reportUrl" : "https://Areso.github.io/Oblache/231//#testresult/b28a155ed383769",
        "status" : "broken",
        "statusDetails" : "selenium.common.exceptions.TimeoutException: Message: Can't find element by locator ('xpath', '//button[@id=\"menu_button_webpages\"]')\nStacktrace:\n#0 0x5562dd60531a <unknown>\n#1 0x5562dd11b6e0 <unknown>\n#2 0x5562dd16a3e6 <unknown>\n#3 0x5562dd16a681 <unknown>\n#4 0x5562dd1afb04 <unknown>\n#5 0x5562dd18e48d <unknown>\n#6 0x5562dd1aced7 <unknown>\n#7 0x5562dd18e203 <unknown>\n#8 0x5562dd15ccc0 <unknown>\n#9 0x5562dd15dc9e <unknown>\n#10 0x5562dd5d2d0b <unknown>\n#11 0x5562dd5d6c92 <unknown>\n#12 0x5562dd5bfb3c <unknown>\n#13 0x5562dd5d7807 <unknown>\n#14 0x5562dd5a50df <unknown>\n#15 0x5562dd5f4578 <unknown>\n#16 0x5562dd5f4740 <unknown>\n#17 0x5562dd604196 <unknown>\n#18 0x7f6082e94ac3 <unknown>",
        "time" : {
          "start" : 1732758151391,
          "stop" : 1732758156481,
          "duration" : 5090
        }
      }, {
        "uid" : "5c68b4d455d78e62",
        "reportUrl" : "https://Areso.github.io/Oblache/230//#testresult/5c68b4d455d78e62",
        "status" : "broken",
        "statusDetails" : "selenium.common.exceptions.TimeoutException: Message: Can't find element by locator ('xpath', '//button[@id=\"menu_button_webpages\"]')\nStacktrace:\n#0 0x55bc21b9531a <unknown>\n#1 0x55bc216ab6e0 <unknown>\n#2 0x55bc216fa3e6 <unknown>\n#3 0x55bc216fa681 <unknown>\n#4 0x55bc2173fb04 <unknown>\n#5 0x55bc2171e48d <unknown>\n#6 0x55bc2173ced7 <unknown>\n#7 0x55bc2171e203 <unknown>\n#8 0x55bc216eccc0 <unknown>\n#9 0x55bc216edc9e <unknown>\n#10 0x55bc21b62d0b <unknown>\n#11 0x55bc21b66c92 <unknown>\n#12 0x55bc21b4fb3c <unknown>\n#13 0x55bc21b67807 <unknown>\n#14 0x55bc21b350df <unknown>\n#15 0x55bc21b84578 <unknown>\n#16 0x55bc21b84740 <unknown>\n#17 0x55bc21b94196 <unknown>\n#18 0x7fb15e894ac3 <unknown>",
        "time" : {
          "start" : 1732671797492,
          "stop" : 1732671802986,
          "duration" : 5494
        }
      }, {
        "uid" : "d9fe0054326cb2b",
        "reportUrl" : "https://Areso.github.io/Oblache/229//#testresult/d9fe0054326cb2b",
        "status" : "broken",
        "statusDetails" : "selenium.common.exceptions.TimeoutException: Message: Can't find element by locator ('xpath', '//button[@id=\"menu_button_webpages\"]')\nStacktrace:\n#0 0x559044ad94ca <unknown>\n#1 0x5590445ec620 <unknown>\n#2 0x55904463b306 <unknown>\n#3 0x55904463b5a1 <unknown>\n#4 0x559044680a04 <unknown>\n#5 0x55904465f39d <unknown>\n#6 0x55904467dde0 <unknown>\n#7 0x55904465f113 <unknown>\n#8 0x55904462dbe0 <unknown>\n#9 0x55904462ebbe <unknown>\n#10 0x559044aa5e4b <unknown>\n#11 0x559044aa9de2 <unknown>\n#12 0x559044a92d2c <unknown>\n#13 0x559044aaa957 <unknown>\n#14 0x559044a784bf <unknown>\n#15 0x559044ac8348 <unknown>\n#16 0x559044ac8510 <unknown>\n#17 0x559044ad8346 <unknown>\n#18 0x7ff0cd094ac3 <unknown>",
        "time" : {
          "start" : 1732585262393,
          "stop" : 1732585267855,
          "duration" : 5462
        }
      }, {
        "uid" : "c6e28a0c25f100dd",
        "reportUrl" : "https://Areso.github.io/Oblache/228//#testresult/c6e28a0c25f100dd",
        "status" : "broken",
        "statusDetails" : "selenium.common.exceptions.TimeoutException: Message: Can't find element by locator ('xpath', '//button[@id=\"menu_button_webpages\"]')\nStacktrace:\n#0 0x55d4227dd4ca <unknown>\n#1 0x55d4222f0620 <unknown>\n#2 0x55d42233f306 <unknown>\n#3 0x55d42233f5a1 <unknown>\n#4 0x55d422384a04 <unknown>\n#5 0x55d42236339d <unknown>\n#6 0x55d422381de0 <unknown>\n#7 0x55d422363113 <unknown>\n#8 0x55d422331be0 <unknown>\n#9 0x55d422332bbe <unknown>\n#10 0x55d4227a9e4b <unknown>\n#11 0x55d4227adde2 <unknown>\n#12 0x55d422796d2c <unknown>\n#13 0x55d4227ae957 <unknown>\n#14 0x55d42277c4bf <unknown>\n#15 0x55d4227cc348 <unknown>\n#16 0x55d4227cc510 <unknown>\n#17 0x55d4227dc346 <unknown>\n#18 0x7fd7aba94ac3 <unknown>",
        "time" : {
          "start" : 1732498922318,
          "stop" : 1732498927371,
          "duration" : 5053
        }
      }, {
        "uid" : "b6584b98eae6d0c7",
        "reportUrl" : "https://Areso.github.io/Oblache/227//#testresult/b6584b98eae6d0c7",
        "status" : "broken",
        "statusDetails" : "selenium.common.exceptions.TimeoutException: Message: Can't find element by locator ('xpath', '//button[@id=\"menu_button_webpages\"]')\nStacktrace:\n#0 0x55a0bace04ca <unknown>\n#1 0x55a0ba7f3620 <unknown>\n#2 0x55a0ba842306 <unknown>\n#3 0x55a0ba8425a1 <unknown>\n#4 0x55a0ba887a04 <unknown>\n#5 0x55a0ba86639d <unknown>\n#6 0x55a0ba884de0 <unknown>\n#7 0x55a0ba866113 <unknown>\n#8 0x55a0ba834be0 <unknown>\n#9 0x55a0ba835bbe <unknown>\n#10 0x55a0bacace4b <unknown>\n#11 0x55a0bacb0de2 <unknown>\n#12 0x55a0bac99d2c <unknown>\n#13 0x55a0bacb1957 <unknown>\n#14 0x55a0bac7f4bf <unknown>\n#15 0x55a0baccf348 <unknown>\n#16 0x55a0baccf510 <unknown>\n#17 0x55a0bacdf346 <unknown>\n#18 0x7fa78fc94ac3 <unknown>",
        "time" : {
          "start" : 1732412717027,
          "stop" : 1732412722498,
          "duration" : 5471
        }
      }, {
        "uid" : "95348ad6f1a849d",
        "reportUrl" : "https://Areso.github.io/Oblache/226//#testresult/95348ad6f1a849d",
        "status" : "broken",
        "statusDetails" : "selenium.common.exceptions.TimeoutException: Message: Can't find element by locator ('xpath', '//button[@id=\"menu_button_webpages\"]')\nStacktrace:\n#0 0x55fa961fa4ca <unknown>\n#1 0x55fa95d0d620 <unknown>\n#2 0x55fa95d5c306 <unknown>\n#3 0x55fa95d5c5a1 <unknown>\n#4 0x55fa95da1a04 <unknown>\n#5 0x55fa95d8039d <unknown>\n#6 0x55fa95d9ede0 <unknown>\n#7 0x55fa95d80113 <unknown>\n#8 0x55fa95d4ebe0 <unknown>\n#9 0x55fa95d4fbbe <unknown>\n#10 0x55fa961c6e4b <unknown>\n#11 0x55fa961cade2 <unknown>\n#12 0x55fa961b3d2c <unknown>\n#13 0x55fa961cb957 <unknown>\n#14 0x55fa961994bf <unknown>\n#15 0x55fa961e9348 <unknown>\n#16 0x55fa961e9510 <unknown>\n#17 0x55fa961f9346 <unknown>\n#18 0x7f72ada94ac3 <unknown>",
        "time" : {
          "start" : 1732325461805,
          "stop" : 1732325467255,
          "duration" : 5450
        }
      }, {
        "uid" : "9d48895bd9cf7a5c",
        "reportUrl" : "https://Areso.github.io/Oblache/225//#testresult/9d48895bd9cf7a5c",
        "status" : "broken",
        "statusDetails" : "selenium.common.exceptions.TimeoutException: Message: Can't find element by locator ('xpath', '//button[@id=\"menu_button_webpages\"]')\nStacktrace:\n#0 0x56036ef1f4ca <unknown>\n#1 0x56036ea32620 <unknown>\n#2 0x56036ea81306 <unknown>\n#3 0x56036ea815a1 <unknown>\n#4 0x56036eac6a04 <unknown>\n#5 0x56036eaa539d <unknown>\n#6 0x56036eac3de0 <unknown>\n#7 0x56036eaa5113 <unknown>\n#8 0x56036ea73be0 <unknown>\n#9 0x56036ea74bbe <unknown>\n#10 0x56036eeebe4b <unknown>\n#11 0x56036eeefde2 <unknown>\n#12 0x56036eed8d2c <unknown>\n#13 0x56036eef0957 <unknown>\n#14 0x56036eebe4bf <unknown>\n#15 0x56036ef0e348 <unknown>\n#16 0x56036ef0e510 <unknown>\n#17 0x56036ef1e346 <unknown>\n#18 0x7fd5c5e94ac3 <unknown>",
        "time" : {
          "start" : 1732239670736,
          "stop" : 1732239675793,
          "duration" : 5057
        }
      } ]
    },
    "tags" : [ ]
  },
  "source" : "f1a132b33f8a2767.json",
  "parameterValues" : [ ]
}