{
  "uid" : "be14a3e287cfa99",
  "name" : "test_create_database",
  "fullName" : "tests_ui.test_ui.TestProfilePage#test_create_database",
  "historyId" : "4762f7b87391625d86f9ea8dbdd3b406",
  "time" : {
    "start" : 1742521329359,
    "stop" : 1742521336134,
    "duration" : 6775
  },
  "status" : "broken",
  "statusMessage" : "selenium.common.exceptions.TimeoutException: Message: Can't find element by locator ('xpath', '//select[@id=\"selectDBRegion\"] /option[@value=\"3\"]')\nStacktrace:\n#0 0x561183f75a1a <unknown>\n#1 0x561183a2d390 <unknown>\n#2 0x561183a7ec85 <unknown>\n#3 0x561183a7eeb1 <unknown>\n#4 0x561183acdd64 <unknown>\n#5 0x561183aa4bfd <unknown>\n#6 0x561183acb07b <unknown>\n#7 0x561183aa49a3 <unknown>\n#8 0x561183a7060e <unknown>\n#9 0x561183a71dd1 <unknown>\n#10 0x561183f3bddb <unknown>\n#11 0x561183f3fcbc <unknown>\n#12 0x561183f23392 <unknown>\n#13 0x561183f40834 <unknown>\n#14 0x561183f071ef <unknown>\n#15 0x561183f64038 <unknown>\n#16 0x561183f64216 <unknown>\n#17 0x561183f74896 <unknown>\n#18 0x7fc5fbe9caa4 <unknown>\n#19 0x7fc5fbf29c3c <unknown>",
  "statusTrace" : "self = <tests_ui.test_ui.TestProfilePage object at 0x7f12137763c0>\ndriver = <selenium.webdriver.chrome.webdriver.WebDriver (session=\"d6eada324255b8283a388c871c183cc8\")>\nauthorization_user = None\n\n    @allure.title('test_create_database')\n    def test_create_database(self, driver, authorization_user):\n        page = ProfilePage(driver, authorization_user)\n>       page.compare_database_status()\n\ntests_ui/test_ui.py:83: \n_ _ _ _ _ _ _ _ _ _ _ _ _ _ _ _ _ _ _ _ _ _ _ _ _ _ _ _ _ _ _ _ _ _ _ _ _ _ _ _ \ntests_ui/profile_page.py:148: in compare_database_status\n    self.select_db_region_cis()\ntests_ui/profile_page.py:67: in select_db_region_cis\n    self.element_is_present_and_clickable(self.locators.DB_REGION_CIS).click()\ntests_ui/base_page.py:28: in element_is_present_and_clickable\n    return (Wait(self.driver, self.timeout).until(\n_ _ _ _ _ _ _ _ _ _ _ _ _ _ _ _ _ _ _ _ _ _ _ _ _ _ _ _ _ _ _ _ _ _ _ _ _ _ _ _ \n\nself = <selenium.webdriver.support.wait.WebDriverWait (session=\"d6eada324255b8283a388c871c183cc8\")>\nmethod = <function visibility_of_element_located.<locals>._predicate at 0x7f121345ccc0>\nmessage = 'Can\\'t find element by locator (\\'xpath\\', \\'//select[@id=\"selectDBRegion\"] /option[@value=\"3\"]\\')'\n\n    def until(self, method: Callable[[D], Union[Literal[False], T]], message: str = \"\") -> T:\n        \"\"\"Calls the method provided with the driver as an argument until the \\\n        return value does not evaluate to ``False``.\n    \n        :param method: callable(WebDriver)\n        :param message: optional message for :exc:`TimeoutException`\n        :returns: the result of the last call to `method`\n        :raises: :exc:`selenium.common.exceptions.TimeoutException` if timeout occurs\n        \"\"\"\n        screen = None\n        stacktrace = None\n    \n        end_time = time.monotonic() + self._timeout\n        while True:\n            try:\n                value = method(self._driver)\n                if value:\n                    return value\n            except self._ignored_exceptions as exc:\n                screen = getattr(exc, \"screen\", None)\n                stacktrace = getattr(exc, \"stacktrace\", None)\n            time.sleep(self._poll)\n            if time.monotonic() > end_time:\n                break\n>       raise TimeoutException(message, screen, stacktrace)\nE       selenium.common.exceptions.TimeoutException: Message: Can't find element by locator ('xpath', '//select[@id=\"selectDBRegion\"] /option[@value=\"3\"]')\nE       Stacktrace:\nE       #0 0x561183f75a1a <unknown>\nE       #1 0x561183a2d390 <unknown>\nE       #2 0x561183a7ec85 <unknown>\nE       #3 0x561183a7eeb1 <unknown>\nE       #4 0x561183acdd64 <unknown>\nE       #5 0x561183aa4bfd <unknown>\nE       #6 0x561183acb07b <unknown>\nE       #7 0x561183aa49a3 <unknown>\nE       #8 0x561183a7060e <unknown>\nE       #9 0x561183a71dd1 <unknown>\nE       #10 0x561183f3bddb <unknown>\nE       #11 0x561183f3fcbc <unknown>\nE       #12 0x561183f23392 <unknown>\nE       #13 0x561183f40834 <unknown>\nE       #14 0x561183f071ef <unknown>\nE       #15 0x561183f64038 <unknown>\nE       #16 0x561183f64216 <unknown>\nE       #17 0x561183f74896 <unknown>\nE       #18 0x7fc5fbe9caa4 <unknown>\nE       #19 0x7fc5fbf29c3c <unknown>\n\n/opt/hostedtoolcache/Python/3.12.9/x64/lib/python3.12/site-packages/selenium/webdriver/support/wait.py:105: TimeoutException",
  "flaky" : false,
  "newFailed" : false,
  "beforeStages" : [ {
    "name" : "authorization_user",
    "time" : {
      "start" : 1742521328806,
      "stop" : 1742521329359,
      "duration" : 553
    },
    "status" : "passed",
    "steps" : [ {
      "name" : "Open page: https://oblache.areso.pro/register.html",
      "time" : {
        "start" : 1742521328806,
        "stop" : 1742521329162,
        "duration" : 356
      },
      "status" : "passed",
      "steps" : [ ],
      "attachments" : [ ],
      "parameters" : [ ],
      "stepsCount" : 0,
      "attachmentsCount" : 0,
      "shouldDisplayMessage" : false,
      "hasContent" : false
    }, {
      "name" : "Login user",
      "time" : {
        "start" : 1742521329162,
        "stop" : 1742521329359,
        "duration" : 197
      },
      "status" : "passed",
      "steps" : [ {
        "name" : "Enter email.",
        "time" : {
          "start" : 1742521329162,
          "stop" : 1742521329223,
          "duration" : 61
        },
        "status" : "passed",
        "steps" : [ ],
        "attachments" : [ ],
        "parameters" : [ ],
        "stepsCount" : 0,
        "attachmentsCount" : 0,
        "shouldDisplayMessage" : false,
        "hasContent" : false
      }, {
        "name" : "Enter password.",
        "time" : {
          "start" : 1742521329223,
          "stop" : 1742521329267,
          "duration" : 44
        },
        "status" : "passed",
        "steps" : [ ],
        "attachments" : [ ],
        "parameters" : [ ],
        "stepsCount" : 0,
        "attachmentsCount" : 0,
        "shouldDisplayMessage" : false,
        "hasContent" : false
      }, {
        "name" : "Click button \"Login\"",
        "time" : {
          "start" : 1742521329267,
          "stop" : 1742521329356,
          "duration" : 89
        },
        "status" : "passed",
        "steps" : [ ],
        "attachments" : [ ],
        "parameters" : [ ],
        "stepsCount" : 0,
        "attachmentsCount" : 0,
        "shouldDisplayMessage" : false,
        "hasContent" : false
      }, {
        "name" : "Check url is present: https://oblache.areso.pro/register.html",
        "time" : {
          "start" : 1742521329356,
          "stop" : 1742521329359,
          "duration" : 3
        },
        "status" : "passed",
        "steps" : [ ],
        "attachments" : [ ],
        "parameters" : [ ],
        "stepsCount" : 0,
        "attachmentsCount" : 0,
        "shouldDisplayMessage" : false,
        "hasContent" : false
      } ],
      "attachments" : [ ],
      "parameters" : [ ],
      "stepsCount" : 4,
      "attachmentsCount" : 0,
      "shouldDisplayMessage" : false,
      "hasContent" : true
    } ],
    "attachments" : [ ],
    "parameters" : [ ],
    "stepsCount" : 6,
    "attachmentsCount" : 0,
    "shouldDisplayMessage" : false,
    "hasContent" : true
  }, {
    "name" : "driver",
    "time" : {
      "start" : 1742521328476,
      "stop" : 1742521328806,
      "duration" : 330
    },
    "status" : "passed",
    "steps" : [ ],
    "attachments" : [ ],
    "parameters" : [ ],
    "stepsCount" : 0,
    "attachmentsCount" : 0,
    "shouldDisplayMessage" : false,
    "hasContent" : false
  } ],
  "testStage" : {
    "status" : "broken",
    "statusMessage" : "selenium.common.exceptions.TimeoutException: Message: Can't find element by locator ('xpath', '//select[@id=\"selectDBRegion\"] /option[@value=\"3\"]')\nStacktrace:\n#0 0x561183f75a1a <unknown>\n#1 0x561183a2d390 <unknown>\n#2 0x561183a7ec85 <unknown>\n#3 0x561183a7eeb1 <unknown>\n#4 0x561183acdd64 <unknown>\n#5 0x561183aa4bfd <unknown>\n#6 0x561183acb07b <unknown>\n#7 0x561183aa49a3 <unknown>\n#8 0x561183a7060e <unknown>\n#9 0x561183a71dd1 <unknown>\n#10 0x561183f3bddb <unknown>\n#11 0x561183f3fcbc <unknown>\n#12 0x561183f23392 <unknown>\n#13 0x561183f40834 <unknown>\n#14 0x561183f071ef <unknown>\n#15 0x561183f64038 <unknown>\n#16 0x561183f64216 <unknown>\n#17 0x561183f74896 <unknown>\n#18 0x7fc5fbe9caa4 <unknown>\n#19 0x7fc5fbf29c3c <unknown>",
    "statusTrace" : "self = <tests_ui.test_ui.TestProfilePage object at 0x7f12137763c0>\ndriver = <selenium.webdriver.chrome.webdriver.WebDriver (session=\"d6eada324255b8283a388c871c183cc8\")>\nauthorization_user = None\n\n    @allure.title('test_create_database')\n    def test_create_database(self, driver, authorization_user):\n        page = ProfilePage(driver, authorization_user)\n>       page.compare_database_status()\n\ntests_ui/test_ui.py:83: \n_ _ _ _ _ _ _ _ _ _ _ _ _ _ _ _ _ _ _ _ _ _ _ _ _ _ _ _ _ _ _ _ _ _ _ _ _ _ _ _ \ntests_ui/profile_page.py:148: in compare_database_status\n    self.select_db_region_cis()\ntests_ui/profile_page.py:67: in select_db_region_cis\n    self.element_is_present_and_clickable(self.locators.DB_REGION_CIS).click()\ntests_ui/base_page.py:28: in element_is_present_and_clickable\n    return (Wait(self.driver, self.timeout).until(\n_ _ _ _ _ _ _ _ _ _ _ _ _ _ _ _ _ _ _ _ _ _ _ _ _ _ _ _ _ _ _ _ _ _ _ _ _ _ _ _ \n\nself = <selenium.webdriver.support.wait.WebDriverWait (session=\"d6eada324255b8283a388c871c183cc8\")>\nmethod = <function visibility_of_element_located.<locals>._predicate at 0x7f121345ccc0>\nmessage = 'Can\\'t find element by locator (\\'xpath\\', \\'//select[@id=\"selectDBRegion\"] /option[@value=\"3\"]\\')'\n\n    def until(self, method: Callable[[D], Union[Literal[False], T]], message: str = \"\") -> T:\n        \"\"\"Calls the method provided with the driver as an argument until the \\\n        return value does not evaluate to ``False``.\n    \n        :param method: callable(WebDriver)\n        :param message: optional message for :exc:`TimeoutException`\n        :returns: the result of the last call to `method`\n        :raises: :exc:`selenium.common.exceptions.TimeoutException` if timeout occurs\n        \"\"\"\n        screen = None\n        stacktrace = None\n    \n        end_time = time.monotonic() + self._timeout\n        while True:\n            try:\n                value = method(self._driver)\n                if value:\n                    return value\n            except self._ignored_exceptions as exc:\n                screen = getattr(exc, \"screen\", None)\n                stacktrace = getattr(exc, \"stacktrace\", None)\n            time.sleep(self._poll)\n            if time.monotonic() > end_time:\n                break\n>       raise TimeoutException(message, screen, stacktrace)\nE       selenium.common.exceptions.TimeoutException: Message: Can't find element by locator ('xpath', '//select[@id=\"selectDBRegion\"] /option[@value=\"3\"]')\nE       Stacktrace:\nE       #0 0x561183f75a1a <unknown>\nE       #1 0x561183a2d390 <unknown>\nE       #2 0x561183a7ec85 <unknown>\nE       #3 0x561183a7eeb1 <unknown>\nE       #4 0x561183acdd64 <unknown>\nE       #5 0x561183aa4bfd <unknown>\nE       #6 0x561183acb07b <unknown>\nE       #7 0x561183aa49a3 <unknown>\nE       #8 0x561183a7060e <unknown>\nE       #9 0x561183a71dd1 <unknown>\nE       #10 0x561183f3bddb <unknown>\nE       #11 0x561183f3fcbc <unknown>\nE       #12 0x561183f23392 <unknown>\nE       #13 0x561183f40834 <unknown>\nE       #14 0x561183f071ef <unknown>\nE       #15 0x561183f64038 <unknown>\nE       #16 0x561183f64216 <unknown>\nE       #17 0x561183f74896 <unknown>\nE       #18 0x7fc5fbe9caa4 <unknown>\nE       #19 0x7fc5fbf29c3c <unknown>\n\n/opt/hostedtoolcache/Python/3.12.9/x64/lib/python3.12/site-packages/selenium/webdriver/support/wait.py:105: TimeoutException",
    "steps" : [ {
      "name" : "Click button Status.",
      "time" : {
        "start" : 1742521330360,
        "stop" : 1742521330430,
        "duration" : 70
      },
      "status" : "passed",
      "steps" : [ ],
      "attachments" : [ ],
      "parameters" : [ ],
      "stepsCount" : 0,
      "attachmentsCount" : 0,
      "shouldDisplayMessage" : false,
      "hasContent" : false
    }, {
      "name" : "Get status data.",
      "time" : {
        "start" : 1742521330768,
        "stop" : 1742521330768,
        "duration" : 0
      },
      "status" : "passed",
      "steps" : [ {
        "name" : "Status data is: {'Email:': 'nodata', 'is blocked?': 'nodata', 'is db creation allowed?': 'nodata', 'disk db quota, mb': 'nodata', 'disk db used, mb': 'nodata', 'db qty quota': 'nodata', 'db qty used': 'nodata', 'site qty quota': 'nodata', 'site qty used': 'nodata', 'is site deploy allowed?': 'nodata'}",
        "time" : {
          "start" : 1742521330768,
          "stop" : 1742521330768,
          "duration" : 0
        },
        "status" : "passed",
        "steps" : [ ],
        "attachments" : [ ],
        "parameters" : [ ],
        "stepsCount" : 0,
        "attachmentsCount" : 0,
        "shouldDisplayMessage" : false,
        "hasContent" : false
      } ],
      "attachments" : [ ],
      "parameters" : [ ],
      "stepsCount" : 1,
      "attachmentsCount" : 0,
      "shouldDisplayMessage" : false,
      "hasContent" : true
    }, {
      "name" : "Click \"Databases\" button.",
      "time" : {
        "start" : 1742521330768,
        "stop" : 1742521330835,
        "duration" : 67
      },
      "status" : "passed",
      "steps" : [ ],
      "attachments" : [ ],
      "parameters" : [ ],
      "stepsCount" : 0,
      "attachmentsCount" : 0,
      "shouldDisplayMessage" : false,
      "hasContent" : false
    }, {
      "name" : "Click \"Create new DB\" button.",
      "time" : {
        "start" : 1742521330835,
        "stop" : 1742521330921,
        "duration" : 86
      },
      "status" : "passed",
      "steps" : [ ],
      "attachments" : [ ],
      "parameters" : [ ],
      "stepsCount" : 0,
      "attachmentsCount" : 0,
      "shouldDisplayMessage" : false,
      "hasContent" : false
    }, {
      "name" : "Select region \"CIS\".",
      "time" : {
        "start" : 1742521330921,
        "stop" : 1742521336133,
        "duration" : 5212
      },
      "status" : "broken",
      "statusMessage" : "selenium.common.exceptions.TimeoutException: Message: Can't find element by locator ('xpath', '//select[@id=\"selectDBRegion\"] /option[@value=\"3\"]')\nStacktrace:\n#0 0x561183f75a1a <unknown>\n#1 0x561183a2d390 <unknown>\n#2 0x561183a7ec85 <unknown>\n#3 0x561183a7eeb1 <unknown>\n#4 0x561183acdd64 <unknown>\n#5 0x561183aa4bfd <unknown>\n#6 0x561183acb07b <unknown>\n#7 0x561183aa49a3 <unknown>\n#8 0x561183a7060e <unknown>\n#9 0x561183a71dd1 <unknown>\n#10 0x561183f3bddb <unknown>\n#11 0x561183f3fcbc <unknown>\n#12 0x561183f23392 <unknown>\n#13 0x561183f40834 <unknown>\n#14 0x561183f071ef <unknown>\n#15 0x561183f64038 <unknown>\n#16 0x561183f64216 <unknown>\n#17 0x561183f74896 <unknown>\n#18 0x7fc5fbe9caa4 <unknown>\n#19 0x7fc5fbf29c3c <unknown>\n\n",
      "statusTrace" : "  File \"/home/runner/work/Oblache/Oblache/tests_ui/profile_page.py\", line 67, in select_db_region_cis\n    self.element_is_present_and_clickable(self.locators.DB_REGION_CIS).click()\n    ^^^^^^^^^^^^^^^^^^^^^^^^^^^^^^^^^^^^^^^^^^^^^^^^^^^^^^^^^^^^^^^^^^\n  File \"/home/runner/work/Oblache/Oblache/tests_ui/base_page.py\", line 28, in element_is_present_and_clickable\n    return (Wait(self.driver, self.timeout).until(\n            ^^^^^^^^^^^^^^^^^^^^^^^^^^^^^^^^^^^^^^\n  File \"/opt/hostedtoolcache/Python/3.12.9/x64/lib/python3.12/site-packages/selenium/webdriver/support/wait.py\", line 105, in until\n    raise TimeoutException(message, screen, stacktrace)\n",
      "steps" : [ ],
      "attachments" : [ ],
      "parameters" : [ ],
      "stepsCount" : 0,
      "attachmentsCount" : 0,
      "shouldDisplayMessage" : true,
      "hasContent" : true
    } ],
    "attachments" : [ {
      "uid" : "8481b03296701804",
      "name" : "Screenshot 2025-03-21 01:42:16.230481",
      "source" : "8481b03296701804.png",
      "type" : "image/png",
      "size" : 24555
    } ],
    "parameters" : [ ],
    "stepsCount" : 6,
    "attachmentsCount" : 1,
    "shouldDisplayMessage" : true,
    "hasContent" : true
  },
  "afterStages" : [ {
    "name" : "driver::0",
    "time" : {
      "start" : 1742521336231,
      "stop" : 1742521336292,
      "duration" : 61
    },
    "status" : "passed",
    "steps" : [ ],
    "attachments" : [ ],
    "parameters" : [ ],
    "stepsCount" : 0,
    "attachmentsCount" : 0,
    "shouldDisplayMessage" : false,
    "hasContent" : false
  } ],
  "labels" : [ {
    "name" : "suite",
    "value" : "Test Profile Page."
  }, {
    "name" : "parentSuite",
    "value" : "tests_ui"
  }, {
    "name" : "subSuite",
    "value" : "TestProfilePage"
  }, {
    "name" : "host",
    "value" : "fv-az1665-105"
  }, {
    "name" : "thread",
    "value" : "2532-MainThread"
  }, {
    "name" : "framework",
    "value" : "pytest"
  }, {
    "name" : "language",
    "value" : "cpython3"
  }, {
    "name" : "package",
    "value" : "tests_ui.test_ui"
  }, {
    "name" : "resultFormat",
    "value" : "allure2"
  } ],
  "parameters" : [ ],
  "links" : [ ],
  "hidden" : false,
  "retry" : false,
  "extra" : {
    "severity" : "normal",
    "retries" : [ ],
    "categories" : [ {
      "name" : "Test defects",
      "matchedStatuses" : [ ],
      "flaky" : false
    } ],
    "history" : {
      "statistic" : {
        "failed" : 0,
        "broken" : 211,
        "skipped" : 0,
        "passed" : 8,
        "unknown" : 0,
        "total" : 219
      },
      "items" : [ {
        "uid" : "d0452aad71eb8ccf",
        "reportUrl" : "https://Areso.github.io/Oblache/343//#testresult/d0452aad71eb8ccf",
        "status" : "broken",
        "statusDetails" : "selenium.common.exceptions.TimeoutException: Message: Can't find element by locator ('xpath', '//div[@id=\"msg_from_server\"]')",
        "time" : {
          "start" : 1742434874578,
          "stop" : 1742434882514,
          "duration" : 7936
        }
      }, {
        "uid" : "bd21a84afc86e3c2",
        "reportUrl" : "https://Areso.github.io/Oblache/342//#testresult/bd21a84afc86e3c2",
        "status" : "broken",
        "statusDetails" : "selenium.common.exceptions.TimeoutException: Message: Can't find element by locator ('xpath', '//div[@id=\"msg_from_server\"]')",
        "time" : {
          "start" : 1742348528181,
          "stop" : 1742348536034,
          "duration" : 7853
        }
      }, {
        "uid" : "329fa55454a008a1",
        "reportUrl" : "https://Areso.github.io/Oblache/341//#testresult/329fa55454a008a1",
        "status" : "broken",
        "statusDetails" : "selenium.common.exceptions.TimeoutException: Message: Can't find element by locator ('xpath', '//div[@id=\"msg_from_server\"]')",
        "time" : {
          "start" : 1742262068690,
          "stop" : 1742262076575,
          "duration" : 7885
        }
      }, {
        "uid" : "e86020995f6b1859",
        "reportUrl" : "https://Areso.github.io/Oblache/340//#testresult/e86020995f6b1859",
        "status" : "broken",
        "statusDetails" : "selenium.common.exceptions.TimeoutException: Message: Can't find element by locator ('xpath', '//div[@id=\"msg_from_server\"]')",
        "time" : {
          "start" : 1742175869061,
          "stop" : 1742175877859,
          "duration" : 8798
        }
      }, {
        "uid" : "880c9df5effb6469",
        "reportUrl" : "https://Areso.github.io/Oblache/339//#testresult/880c9df5effb6469",
        "status" : "broken",
        "statusDetails" : "selenium.common.exceptions.TimeoutException: Message: Can't find element by locator ('xpath', '//div[@id=\"msg_from_server\"]')",
        "time" : {
          "start" : 1742089575529,
          "stop" : 1742089584266,
          "duration" : 8737
        }
      }, {
        "uid" : "39284cdf9f8f7c7",
        "reportUrl" : "https://Areso.github.io/Oblache/338//#testresult/39284cdf9f8f7c7",
        "status" : "broken",
        "statusDetails" : "selenium.common.exceptions.TimeoutException: Message: Can't find element by locator ('xpath', '//div[@id=\"msg_from_server\"]')",
        "time" : {
          "start" : 1742002748768,
          "stop" : 1742002756657,
          "duration" : 7889
        }
      }, {
        "uid" : "65d0a9a244d40e9b",
        "reportUrl" : "https://Areso.github.io/Oblache/337//#testresult/65d0a9a244d40e9b",
        "status" : "broken",
        "statusDetails" : "selenium.common.exceptions.TimeoutException: Message: Can't find element by locator ('xpath', '//div[@id=\"msg_from_server\"]')",
        "time" : {
          "start" : 1741916409281,
          "stop" : 1741916417177,
          "duration" : 7896
        }
      }, {
        "uid" : "b0f42c769fd13fd",
        "reportUrl" : "https://Areso.github.io/Oblache/336//#testresult/b0f42c769fd13fd",
        "status" : "broken",
        "statusDetails" : "selenium.common.exceptions.TimeoutException: Message: Can't find element by locator ('xpath', '//div[@id=\"msg_from_server\"]')",
        "time" : {
          "start" : 1741830066354,
          "stop" : 1741830074212,
          "duration" : 7858
        }
      }, {
        "uid" : "70c7ecf90743eb16",
        "reportUrl" : "https://Areso.github.io/Oblache/335//#testresult/70c7ecf90743eb16",
        "status" : "broken",
        "statusDetails" : "selenium.common.exceptions.TimeoutException: Message: Can't find element by locator ('xpath', '//select[@id=\"selectDBRegion\"] /option[@value=\"3\"]')\nStacktrace:\n#0 0x555a5ee3414a <unknown>\n#1 0x555a5e8d1b80 <unknown>\n#2 0x555a5e9230e9 <unknown>\n#3 0x555a5e923271 <unknown>\n#4 0x555a5e971de4 <unknown>\n#5 0x555a5e948efd <unknown>\n#6 0x555a5e96f14a <unknown>\n#7 0x555a5e948ca3 <unknown>\n#8 0x555a5e914f08 <unknown>\n#9 0x555a5e916071 <unknown>\n#10 0x555a5edfdb5b <unknown>\n#11 0x555a5ee01ae2 <unknown>\n#12 0x555a5ede9967 <unknown>\n#13 0x555a5ee026d4 <unknown>\n#14 0x555a5edcdc7f <unknown>\n#15 0x555a5ee22cd8 <unknown>\n#16 0x555a5ee22ea9 <unknown>\n#17 0x555a5ee32fc6 <unknown>\n#18 0x7f2bdec9caa4 <unknown>\n#19 0x7f2bded29c3c <unknown>",
        "time" : {
          "start" : 1741743615714,
          "stop" : 1741743622889,
          "duration" : 7175
        }
      }, {
        "uid" : "82d9ff421d26af50",
        "reportUrl" : "https://Areso.github.io/Oblache/334//#testresult/82d9ff421d26af50",
        "status" : "broken",
        "statusDetails" : "selenium.common.exceptions.TimeoutException: Message: Can't find element by locator ('xpath', '//div[@id=\"msg_from_server\"]')",
        "time" : {
          "start" : 1741657285325,
          "stop" : 1741657293683,
          "duration" : 8358
        }
      }, {
        "uid" : "ca3f747cc2f964fd",
        "reportUrl" : "https://Areso.github.io/Oblache/333//#testresult/ca3f747cc2f964fd",
        "status" : "broken",
        "statusDetails" : "selenium.common.exceptions.TimeoutException: Message: Can't find element by locator ('xpath', '//div[@id=\"msg_from_server\"]')",
        "time" : {
          "start" : 1741569613825,
          "stop" : 1741569622491,
          "duration" : 8666
        }
      }, {
        "uid" : "b2e41bf6317daac0",
        "reportUrl" : "https://Areso.github.io/Oblache/332//#testresult/b2e41bf6317daac0",
        "status" : "broken",
        "statusDetails" : "selenium.common.exceptions.TimeoutException: Message: Can't find element by locator ('xpath', '//div[@id=\"msg_from_server\"]')",
        "time" : {
          "start" : 1741483294952,
          "stop" : 1741483303207,
          "duration" : 8255
        }
      }, {
        "uid" : "f238ff7a61d2aa99",
        "reportUrl" : "https://Areso.github.io/Oblache/331//#testresult/f238ff7a61d2aa99",
        "status" : "broken",
        "statusDetails" : "selenium.common.exceptions.TimeoutException: Message: Can't find element by locator ('xpath', '//div[@id=\"msg_from_server\"]')",
        "time" : {
          "start" : 1741396515895,
          "stop" : 1741396524630,
          "duration" : 8735
        }
      }, {
        "uid" : "8e40b658bbc854d7",
        "reportUrl" : "https://Areso.github.io/Oblache/330//#testresult/8e40b658bbc854d7",
        "status" : "broken",
        "statusDetails" : "selenium.common.exceptions.TimeoutException: Message: Can't find element by locator ('xpath', '//div[@id=\"msg_from_server\"]')",
        "time" : {
          "start" : 1741311672297,
          "stop" : 1741311680247,
          "duration" : 7950
        }
      }, {
        "uid" : "7bcfb6b568d66f5e",
        "reportUrl" : "https://Areso.github.io/Oblache/329//#testresult/7bcfb6b568d66f5e",
        "status" : "broken",
        "statusDetails" : "selenium.common.exceptions.TimeoutException: Message: Can't find element by locator ('xpath', '//div[@id=\"msg_from_server\"]')",
        "time" : {
          "start" : 1741225225815,
          "stop" : 1741225233874,
          "duration" : 8059
        }
      }, {
        "uid" : "b6ff5e085a28f393",
        "reportUrl" : "https://Areso.github.io/Oblache/328//#testresult/b6ff5e085a28f393",
        "status" : "broken",
        "statusDetails" : "selenium.common.exceptions.TimeoutException: Message: Can't find element by locator ('xpath', '//div[@id=\"msg_from_server\"]')",
        "time" : {
          "start" : 1741138812826,
          "stop" : 1741138820786,
          "duration" : 7960
        }
      }, {
        "uid" : "f2121294d3b0a46c",
        "reportUrl" : "https://Areso.github.io/Oblache/327//#testresult/f2121294d3b0a46c",
        "status" : "broken",
        "statusDetails" : "selenium.common.exceptions.TimeoutException: Message: Can't find element by locator ('xpath', '//div[@id=\"msg_from_server\"]')",
        "time" : {
          "start" : 1741052411382,
          "stop" : 1741052419347,
          "duration" : 7965
        }
      }, {
        "uid" : "691a82fe8e307111",
        "reportUrl" : "https://Areso.github.io/Oblache/326//#testresult/691a82fe8e307111",
        "status" : "broken",
        "statusDetails" : "selenium.common.exceptions.TimeoutException: Message: Can't find element by locator ('xpath', '//div[@id=\"msg_from_server\"]')",
        "time" : {
          "start" : 1740966095764,
          "stop" : 1740966103845,
          "duration" : 8081
        }
      }, {
        "uid" : "29d174f205564c30",
        "reportUrl" : "https://Areso.github.io/Oblache/325//#testresult/29d174f205564c30",
        "status" : "broken",
        "statusDetails" : "selenium.common.exceptions.TimeoutException: Message: Can't find element by locator ('xpath', '//div[@id=\"msg_from_server\"]')",
        "time" : {
          "start" : 1740879784689,
          "stop" : 1740879792623,
          "duration" : 7934
        }
      }, {
        "uid" : "1d0682f685b4334c",
        "reportUrl" : "https://Areso.github.io/Oblache/324//#testresult/1d0682f685b4334c",
        "status" : "broken",
        "statusDetails" : "selenium.common.exceptions.TimeoutException: Message: Can't find element by locator ('xpath', '//div[@id=\"msg_from_server\"]')",
        "time" : {
          "start" : 1740793463089,
          "stop" : 1740793471078,
          "duration" : 7989
        }
      } ]
    },
    "tags" : [ ]
  },
  "source" : "be14a3e287cfa99.json",
  "parameterValues" : [ ]
}