{
  "uid" : "b3b322e72efa023f",
  "name" : "test_create_database",
  "fullName" : "tests_ui.test_ui.TestProfilePage#test_create_database",
  "historyId" : "4762f7b87391625d86f9ea8dbdd3b406",
  "time" : {
    "start" : 1730598083777,
    "stop" : 1730598090510,
    "duration" : 6733
  },
  "status" : "broken",
  "statusMessage" : "selenium.common.exceptions.TimeoutException: Message: Can't find element by locator ('xpath', '//select[@id=\"selectDBRegion\"] /option[@value=\"3\"]')\nStacktrace:\n#0 0x55e1278c40aa <unknown>\n#1 0x55e1273db1a0 <unknown>\n#2 0x55e127427d06 <unknown>\n#3 0x55e127427fa1 <unknown>\n#4 0x55e12746d344 <unknown>\n#5 0x55e12744bdad <unknown>\n#6 0x55e12746a866 <unknown>\n#7 0x55e12744bb23 <unknown>\n#8 0x55e12741a990 <unknown>\n#9 0x55e12741b96e <unknown>\n#10 0x55e12789016b <unknown>\n#11 0x55e127893f68 <unknown>\n#12 0x55e12787d64c <unknown>\n#13 0x55e127894ae7 <unknown>\n#14 0x55e1278624af <unknown>\n#15 0x55e1278b24f8 <unknown>\n#16 0x55e1278b26c0 <unknown>\n#17 0x55e1278c2f26 <unknown>\n#18 0x7f84eb894ac3 <unknown>",
  "statusTrace" : "self = <tests_ui.test_ui.TestProfilePage object at 0x7fc04bca0830>\ndriver = <selenium.webdriver.chrome.webdriver.WebDriver (session=\"36b06ae96cbb3fa02a23121277464a1b\")>\nauthorization_user = None\n\n    @allure.title('test_create_database')\n    def test_create_database(self, driver, authorization_user):\n        page = ProfilePage(driver, authorization_user)\n>       page.compare_database_status()\n\ntests_ui/test_ui.py:83: \n_ _ _ _ _ _ _ _ _ _ _ _ _ _ _ _ _ _ _ _ _ _ _ _ _ _ _ _ _ _ _ _ _ _ _ _ _ _ _ _ \ntests_ui/profile_page.py:148: in compare_database_status\n    self.select_db_region_cis()\ntests_ui/profile_page.py:67: in select_db_region_cis\n    self.element_is_present_and_clickable(self.locators.DB_REGION_CIS).click()\ntests_ui/base_page.py:28: in element_is_present_and_clickable\n    return (Wait(self.driver, self.timeout).until(\n_ _ _ _ _ _ _ _ _ _ _ _ _ _ _ _ _ _ _ _ _ _ _ _ _ _ _ _ _ _ _ _ _ _ _ _ _ _ _ _ \n\nself = <selenium.webdriver.support.wait.WebDriverWait (session=\"36b06ae96cbb3fa02a23121277464a1b\")>\nmethod = <function visibility_of_element_located.<locals>._predicate at 0x7fc04b1eb2e0>\nmessage = 'Can\\'t find element by locator (\\'xpath\\', \\'//select[@id=\"selectDBRegion\"] /option[@value=\"3\"]\\')'\n\n    def until(self, method: Callable[[D], Union[Literal[False], T]], message: str = \"\") -> T:\n        \"\"\"Calls the method provided with the driver as an argument until the \\\n        return value does not evaluate to ``False``.\n    \n        :param method: callable(WebDriver)\n        :param message: optional message for :exc:`TimeoutException`\n        :returns: the result of the last call to `method`\n        :raises: :exc:`selenium.common.exceptions.TimeoutException` if timeout occurs\n        \"\"\"\n        screen = None\n        stacktrace = None\n    \n        end_time = time.monotonic() + self._timeout\n        while True:\n            try:\n                value = method(self._driver)\n                if value:\n                    return value\n            except self._ignored_exceptions as exc:\n                screen = getattr(exc, \"screen\", None)\n                stacktrace = getattr(exc, \"stacktrace\", None)\n            time.sleep(self._poll)\n            if time.monotonic() > end_time:\n                break\n>       raise TimeoutException(message, screen, stacktrace)\nE       selenium.common.exceptions.TimeoutException: Message: Can't find element by locator ('xpath', '//select[@id=\"selectDBRegion\"] /option[@value=\"3\"]')\nE       Stacktrace:\nE       #0 0x55e1278c40aa <unknown>\nE       #1 0x55e1273db1a0 <unknown>\nE       #2 0x55e127427d06 <unknown>\nE       #3 0x55e127427fa1 <unknown>\nE       #4 0x55e12746d344 <unknown>\nE       #5 0x55e12744bdad <unknown>\nE       #6 0x55e12746a866 <unknown>\nE       #7 0x55e12744bb23 <unknown>\nE       #8 0x55e12741a990 <unknown>\nE       #9 0x55e12741b96e <unknown>\nE       #10 0x55e12789016b <unknown>\nE       #11 0x55e127893f68 <unknown>\nE       #12 0x55e12787d64c <unknown>\nE       #13 0x55e127894ae7 <unknown>\nE       #14 0x55e1278624af <unknown>\nE       #15 0x55e1278b24f8 <unknown>\nE       #16 0x55e1278b26c0 <unknown>\nE       #17 0x55e1278c2f26 <unknown>\nE       #18 0x7f84eb894ac3 <unknown>\n\n/opt/hostedtoolcache/Python/3.12.7/x64/lib/python3.12/site-packages/selenium/webdriver/support/wait.py:105: TimeoutException",
  "flaky" : false,
  "newFailed" : false,
  "beforeStages" : [ {
    "name" : "authorization_user",
    "time" : {
      "start" : 1730598083290,
      "stop" : 1730598083776,
      "duration" : 486
    },
    "status" : "passed",
    "steps" : [ {
      "name" : "Open page: https://oblache.areso.pro/register.html",
      "time" : {
        "start" : 1730598083290,
        "stop" : 1730598083600,
        "duration" : 310
      },
      "status" : "passed",
      "steps" : [ ],
      "attachments" : [ ],
      "parameters" : [ ],
      "stepsCount" : 0,
      "attachmentsCount" : 0,
      "shouldDisplayMessage" : false,
      "hasContent" : false
    }, {
      "name" : "Login user",
      "time" : {
        "start" : 1730598083600,
        "stop" : 1730598083776,
        "duration" : 176
      },
      "status" : "passed",
      "steps" : [ {
        "name" : "Enter email.",
        "time" : {
          "start" : 1730598083600,
          "stop" : 1730598083659,
          "duration" : 59
        },
        "status" : "passed",
        "steps" : [ ],
        "attachments" : [ ],
        "parameters" : [ ],
        "stepsCount" : 0,
        "attachmentsCount" : 0,
        "shouldDisplayMessage" : false,
        "hasContent" : false
      }, {
        "name" : "Enter password.",
        "time" : {
          "start" : 1730598083659,
          "stop" : 1730598083703,
          "duration" : 44
        },
        "status" : "passed",
        "steps" : [ ],
        "attachments" : [ ],
        "parameters" : [ ],
        "stepsCount" : 0,
        "attachmentsCount" : 0,
        "shouldDisplayMessage" : false,
        "hasContent" : false
      }, {
        "name" : "Click button \"Login\"",
        "time" : {
          "start" : 1730598083703,
          "stop" : 1730598083774,
          "duration" : 71
        },
        "status" : "passed",
        "steps" : [ ],
        "attachments" : [ ],
        "parameters" : [ ],
        "stepsCount" : 0,
        "attachmentsCount" : 0,
        "shouldDisplayMessage" : false,
        "hasContent" : false
      }, {
        "name" : "Check url is present: https://oblache.areso.pro/register.html",
        "time" : {
          "start" : 1730598083774,
          "stop" : 1730598083776,
          "duration" : 2
        },
        "status" : "passed",
        "steps" : [ ],
        "attachments" : [ ],
        "parameters" : [ ],
        "stepsCount" : 0,
        "attachmentsCount" : 0,
        "shouldDisplayMessage" : false,
        "hasContent" : false
      } ],
      "attachments" : [ ],
      "parameters" : [ ],
      "stepsCount" : 4,
      "attachmentsCount" : 0,
      "shouldDisplayMessage" : false,
      "hasContent" : true
    } ],
    "attachments" : [ ],
    "parameters" : [ ],
    "stepsCount" : 6,
    "attachmentsCount" : 0,
    "shouldDisplayMessage" : false,
    "hasContent" : true
  }, {
    "name" : "driver",
    "time" : {
      "start" : 1730598083005,
      "stop" : 1730598083289,
      "duration" : 284
    },
    "status" : "passed",
    "steps" : [ ],
    "attachments" : [ ],
    "parameters" : [ ],
    "stepsCount" : 0,
    "attachmentsCount" : 0,
    "shouldDisplayMessage" : false,
    "hasContent" : false
  } ],
  "testStage" : {
    "status" : "broken",
    "statusMessage" : "selenium.common.exceptions.TimeoutException: Message: Can't find element by locator ('xpath', '//select[@id=\"selectDBRegion\"] /option[@value=\"3\"]')\nStacktrace:\n#0 0x55e1278c40aa <unknown>\n#1 0x55e1273db1a0 <unknown>\n#2 0x55e127427d06 <unknown>\n#3 0x55e127427fa1 <unknown>\n#4 0x55e12746d344 <unknown>\n#5 0x55e12744bdad <unknown>\n#6 0x55e12746a866 <unknown>\n#7 0x55e12744bb23 <unknown>\n#8 0x55e12741a990 <unknown>\n#9 0x55e12741b96e <unknown>\n#10 0x55e12789016b <unknown>\n#11 0x55e127893f68 <unknown>\n#12 0x55e12787d64c <unknown>\n#13 0x55e127894ae7 <unknown>\n#14 0x55e1278624af <unknown>\n#15 0x55e1278b24f8 <unknown>\n#16 0x55e1278b26c0 <unknown>\n#17 0x55e1278c2f26 <unknown>\n#18 0x7f84eb894ac3 <unknown>",
    "statusTrace" : "self = <tests_ui.test_ui.TestProfilePage object at 0x7fc04bca0830>\ndriver = <selenium.webdriver.chrome.webdriver.WebDriver (session=\"36b06ae96cbb3fa02a23121277464a1b\")>\nauthorization_user = None\n\n    @allure.title('test_create_database')\n    def test_create_database(self, driver, authorization_user):\n        page = ProfilePage(driver, authorization_user)\n>       page.compare_database_status()\n\ntests_ui/test_ui.py:83: \n_ _ _ _ _ _ _ _ _ _ _ _ _ _ _ _ _ _ _ _ _ _ _ _ _ _ _ _ _ _ _ _ _ _ _ _ _ _ _ _ \ntests_ui/profile_page.py:148: in compare_database_status\n    self.select_db_region_cis()\ntests_ui/profile_page.py:67: in select_db_region_cis\n    self.element_is_present_and_clickable(self.locators.DB_REGION_CIS).click()\ntests_ui/base_page.py:28: in element_is_present_and_clickable\n    return (Wait(self.driver, self.timeout).until(\n_ _ _ _ _ _ _ _ _ _ _ _ _ _ _ _ _ _ _ _ _ _ _ _ _ _ _ _ _ _ _ _ _ _ _ _ _ _ _ _ \n\nself = <selenium.webdriver.support.wait.WebDriverWait (session=\"36b06ae96cbb3fa02a23121277464a1b\")>\nmethod = <function visibility_of_element_located.<locals>._predicate at 0x7fc04b1eb2e0>\nmessage = 'Can\\'t find element by locator (\\'xpath\\', \\'//select[@id=\"selectDBRegion\"] /option[@value=\"3\"]\\')'\n\n    def until(self, method: Callable[[D], Union[Literal[False], T]], message: str = \"\") -> T:\n        \"\"\"Calls the method provided with the driver as an argument until the \\\n        return value does not evaluate to ``False``.\n    \n        :param method: callable(WebDriver)\n        :param message: optional message for :exc:`TimeoutException`\n        :returns: the result of the last call to `method`\n        :raises: :exc:`selenium.common.exceptions.TimeoutException` if timeout occurs\n        \"\"\"\n        screen = None\n        stacktrace = None\n    \n        end_time = time.monotonic() + self._timeout\n        while True:\n            try:\n                value = method(self._driver)\n                if value:\n                    return value\n            except self._ignored_exceptions as exc:\n                screen = getattr(exc, \"screen\", None)\n                stacktrace = getattr(exc, \"stacktrace\", None)\n            time.sleep(self._poll)\n            if time.monotonic() > end_time:\n                break\n>       raise TimeoutException(message, screen, stacktrace)\nE       selenium.common.exceptions.TimeoutException: Message: Can't find element by locator ('xpath', '//select[@id=\"selectDBRegion\"] /option[@value=\"3\"]')\nE       Stacktrace:\nE       #0 0x55e1278c40aa <unknown>\nE       #1 0x55e1273db1a0 <unknown>\nE       #2 0x55e127427d06 <unknown>\nE       #3 0x55e127427fa1 <unknown>\nE       #4 0x55e12746d344 <unknown>\nE       #5 0x55e12744bdad <unknown>\nE       #6 0x55e12746a866 <unknown>\nE       #7 0x55e12744bb23 <unknown>\nE       #8 0x55e12741a990 <unknown>\nE       #9 0x55e12741b96e <unknown>\nE       #10 0x55e12789016b <unknown>\nE       #11 0x55e127893f68 <unknown>\nE       #12 0x55e12787d64c <unknown>\nE       #13 0x55e127894ae7 <unknown>\nE       #14 0x55e1278624af <unknown>\nE       #15 0x55e1278b24f8 <unknown>\nE       #16 0x55e1278b26c0 <unknown>\nE       #17 0x55e1278c2f26 <unknown>\nE       #18 0x7f84eb894ac3 <unknown>\n\n/opt/hostedtoolcache/Python/3.12.7/x64/lib/python3.12/site-packages/selenium/webdriver/support/wait.py:105: TimeoutException",
    "steps" : [ {
      "name" : "Click button Status.",
      "time" : {
        "start" : 1730598084777,
        "stop" : 1730598084833,
        "duration" : 56
      },
      "status" : "passed",
      "steps" : [ ],
      "attachments" : [ ],
      "parameters" : [ ],
      "stepsCount" : 0,
      "attachmentsCount" : 0,
      "shouldDisplayMessage" : false,
      "hasContent" : false
    }, {
      "name" : "Get status data.",
      "time" : {
        "start" : 1730598085189,
        "stop" : 1730598085189,
        "duration" : 0
      },
      "status" : "passed",
      "steps" : [ {
        "name" : "Status data is: {'Email:': 'nodata', 'is blocked?': 'nodata', 'is db creation allowed?': 'nodata', 'disk db quota, mb': 'nodata', 'disk db used, mb': 'nodata', 'db qty quota': 'nodata', 'db qty used': 'nodata', 'site qty quota': 'nodata', 'site qty used': 'nodata', 'is site deploy allowed?': 'nodata'}",
        "time" : {
          "start" : 1730598085189,
          "stop" : 1730598085189,
          "duration" : 0
        },
        "status" : "passed",
        "steps" : [ ],
        "attachments" : [ ],
        "parameters" : [ ],
        "stepsCount" : 0,
        "attachmentsCount" : 0,
        "shouldDisplayMessage" : false,
        "hasContent" : false
      } ],
      "attachments" : [ ],
      "parameters" : [ ],
      "stepsCount" : 1,
      "attachmentsCount" : 0,
      "shouldDisplayMessage" : false,
      "hasContent" : true
    }, {
      "name" : "Click \"Databases\" button.",
      "time" : {
        "start" : 1730598085189,
        "stop" : 1730598085240,
        "duration" : 51
      },
      "status" : "passed",
      "steps" : [ ],
      "attachments" : [ ],
      "parameters" : [ ],
      "stepsCount" : 0,
      "attachmentsCount" : 0,
      "shouldDisplayMessage" : false,
      "hasContent" : false
    }, {
      "name" : "Click \"Create new DB\" button.",
      "time" : {
        "start" : 1730598085240,
        "stop" : 1730598085296,
        "duration" : 56
      },
      "status" : "passed",
      "steps" : [ ],
      "attachments" : [ ],
      "parameters" : [ ],
      "stepsCount" : 0,
      "attachmentsCount" : 0,
      "shouldDisplayMessage" : false,
      "hasContent" : false
    }, {
      "name" : "Select region \"CIS\".",
      "time" : {
        "start" : 1730598085296,
        "stop" : 1730598090510,
        "duration" : 5214
      },
      "status" : "broken",
      "statusMessage" : "selenium.common.exceptions.TimeoutException: Message: Can't find element by locator ('xpath', '//select[@id=\"selectDBRegion\"] /option[@value=\"3\"]')\nStacktrace:\n#0 0x55e1278c40aa <unknown>\n#1 0x55e1273db1a0 <unknown>\n#2 0x55e127427d06 <unknown>\n#3 0x55e127427fa1 <unknown>\n#4 0x55e12746d344 <unknown>\n#5 0x55e12744bdad <unknown>\n#6 0x55e12746a866 <unknown>\n#7 0x55e12744bb23 <unknown>\n#8 0x55e12741a990 <unknown>\n#9 0x55e12741b96e <unknown>\n#10 0x55e12789016b <unknown>\n#11 0x55e127893f68 <unknown>\n#12 0x55e12787d64c <unknown>\n#13 0x55e127894ae7 <unknown>\n#14 0x55e1278624af <unknown>\n#15 0x55e1278b24f8 <unknown>\n#16 0x55e1278b26c0 <unknown>\n#17 0x55e1278c2f26 <unknown>\n#18 0x7f84eb894ac3 <unknown>\n\n",
      "statusTrace" : "  File \"/home/runner/work/Oblache/Oblache/tests_ui/profile_page.py\", line 67, in select_db_region_cis\n    self.element_is_present_and_clickable(self.locators.DB_REGION_CIS).click()\n    ^^^^^^^^^^^^^^^^^^^^^^^^^^^^^^^^^^^^^^^^^^^^^^^^^^^^^^^^^^^^^^^^^^\n  File \"/home/runner/work/Oblache/Oblache/tests_ui/base_page.py\", line 28, in element_is_present_and_clickable\n    return (Wait(self.driver, self.timeout).until(\n            ^^^^^^^^^^^^^^^^^^^^^^^^^^^^^^^^^^^^^^\n  File \"/opt/hostedtoolcache/Python/3.12.7/x64/lib/python3.12/site-packages/selenium/webdriver/support/wait.py\", line 105, in until\n    raise TimeoutException(message, screen, stacktrace)\n",
      "steps" : [ ],
      "attachments" : [ ],
      "parameters" : [ ],
      "stepsCount" : 0,
      "attachmentsCount" : 0,
      "shouldDisplayMessage" : true,
      "hasContent" : true
    } ],
    "attachments" : [ {
      "uid" : "d1efdc1309161623",
      "name" : "Screenshot 2024-11-03 01:41:30.603341",
      "source" : "d1efdc1309161623.png",
      "type" : "image/png",
      "size" : 26388
    } ],
    "parameters" : [ ],
    "stepsCount" : 6,
    "attachmentsCount" : 1,
    "shouldDisplayMessage" : true,
    "hasContent" : true
  },
  "afterStages" : [ {
    "name" : "driver::0",
    "time" : {
      "start" : 1730598090604,
      "stop" : 1730598090669,
      "duration" : 65
    },
    "status" : "passed",
    "steps" : [ ],
    "attachments" : [ ],
    "parameters" : [ ],
    "stepsCount" : 0,
    "attachmentsCount" : 0,
    "shouldDisplayMessage" : false,
    "hasContent" : false
  } ],
  "labels" : [ {
    "name" : "suite",
    "value" : "Test Profile Page."
  }, {
    "name" : "parentSuite",
    "value" : "tests_ui"
  }, {
    "name" : "subSuite",
    "value" : "TestProfilePage"
  }, {
    "name" : "host",
    "value" : "fv-az1251-633"
  }, {
    "name" : "thread",
    "value" : "2261-MainThread"
  }, {
    "name" : "framework",
    "value" : "pytest"
  }, {
    "name" : "language",
    "value" : "cpython3"
  }, {
    "name" : "package",
    "value" : "tests_ui.test_ui"
  }, {
    "name" : "resultFormat",
    "value" : "allure2"
  } ],
  "parameters" : [ ],
  "links" : [ ],
  "hidden" : false,
  "retry" : false,
  "extra" : {
    "severity" : "normal",
    "retries" : [ ],
    "categories" : [ {
      "name" : "Test defects",
      "matchedStatuses" : [ ],
      "flaky" : false
    } ],
    "history" : {
      "statistic" : {
        "failed" : 0,
        "broken" : 81,
        "skipped" : 0,
        "passed" : 1,
        "unknown" : 0,
        "total" : 82
      },
      "items" : [ {
        "uid" : "90cc8a490dbf773b",
        "reportUrl" : "https://Areso.github.io/Oblache/205//#testresult/90cc8a490dbf773b",
        "status" : "broken",
        "statusDetails" : "selenium.common.exceptions.TimeoutException: Message: Can't find element by locator ('xpath', '//div[@id=\"msg_from_server\"]')",
        "time" : {
          "start" : 1730510835729,
          "stop" : 1730510844347,
          "duration" : 8618
        }
      }, {
        "uid" : "18e31306f8405b01",
        "reportUrl" : "https://Areso.github.io/Oblache/204//#testresult/18e31306f8405b01",
        "status" : "broken",
        "statusDetails" : "selenium.common.exceptions.TimeoutException: Message: Can't find element by locator ('xpath', '//div[@id=\"msg_from_server\"]')",
        "time" : {
          "start" : 1730425400687,
          "stop" : 1730425409412,
          "duration" : 8725
        }
      }, {
        "uid" : "d0e31f1bfef0d367",
        "reportUrl" : "https://Areso.github.io/Oblache/203//#testresult/d0e31f1bfef0d367",
        "status" : "broken",
        "statusDetails" : "selenium.common.exceptions.TimeoutException: Message: Can't find element by locator ('xpath', '//div[@id=\"msg_from_server\"]')",
        "time" : {
          "start" : 1730338227297,
          "stop" : 1730338236040,
          "duration" : 8743
        }
      }, {
        "uid" : "a625ef5b30c22e84",
        "reportUrl" : "https://Areso.github.io/Oblache/202//#testresult/a625ef5b30c22e84",
        "status" : "broken",
        "statusDetails" : "selenium.common.exceptions.TimeoutException: Message: Can't find element by locator ('xpath', '//div[@id=\"msg_from_server\"]')",
        "time" : {
          "start" : 1730251750919,
          "stop" : 1730251759587,
          "duration" : 8668
        }
      }, {
        "uid" : "c285fbe03cd75bd1",
        "reportUrl" : "https://Areso.github.io/Oblache/201//#testresult/c285fbe03cd75bd1",
        "status" : "broken",
        "statusDetails" : "selenium.common.exceptions.TimeoutException: Message: Can't find element by locator ('xpath', '//div[@id=\"msg_from_server\"]')",
        "time" : {
          "start" : 1730165403039,
          "stop" : 1730165410824,
          "duration" : 7785
        }
      }, {
        "uid" : "564675134821048b",
        "reportUrl" : "https://Areso.github.io/Oblache/200//#testresult/564675134821048b",
        "status" : "broken",
        "statusDetails" : "selenium.common.exceptions.TimeoutException: Message: Can't find element by locator ('xpath', '//div[@id=\"msg_from_server\"]')",
        "time" : {
          "start" : 1730079612130,
          "stop" : 1730079620729,
          "duration" : 8599
        }
      }, {
        "uid" : "d1c0e0da6c97be77",
        "reportUrl" : "https://Areso.github.io/Oblache/199//#testresult/d1c0e0da6c97be77",
        "status" : "broken",
        "statusDetails" : "selenium.common.exceptions.TimeoutException: Message: Can't find element by locator ('xpath', '//select[@id=\"selectDBRegion\"] /option[@value=\"3\"]')\nStacktrace:\n#0 0x555b7217c0aa <unknown>\n#1 0x555b71c931a0 <unknown>\n#2 0x555b71cdfd06 <unknown>\n#3 0x555b71cdffa1 <unknown>\n#4 0x555b71d25344 <unknown>\n#5 0x555b71d03dad <unknown>\n#6 0x555b71d22866 <unknown>\n#7 0x555b71d03b23 <unknown>\n#8 0x555b71cd2990 <unknown>\n#9 0x555b71cd396e <unknown>\n#10 0x555b7214816b <unknown>\n#11 0x555b7214bf68 <unknown>\n#12 0x555b7213564c <unknown>\n#13 0x555b7214cae7 <unknown>\n#14 0x555b7211a4af <unknown>\n#15 0x555b7216a4f8 <unknown>\n#16 0x555b7216a6c0 <unknown>\n#17 0x555b7217af26 <unknown>\n#18 0x7f3bbb294ac3 <unknown>",
        "time" : {
          "start" : 1729993276012,
          "stop" : 1729993282735,
          "duration" : 6723
        }
      }, {
        "uid" : "160d1d28d5592cf8",
        "reportUrl" : "https://Areso.github.io/Oblache/198//#testresult/160d1d28d5592cf8",
        "status" : "broken",
        "statusDetails" : "selenium.common.exceptions.TimeoutException: Message: Can't find element by locator ('xpath', '//div[@id=\"msg_from_server\"]')",
        "time" : {
          "start" : 1729905974861,
          "stop" : 1729905983489,
          "duration" : 8628
        }
      }, {
        "uid" : "bdbe37f7cc71f25b",
        "reportUrl" : "https://Areso.github.io/Oblache/197//#testresult/bdbe37f7cc71f25b",
        "status" : "passed",
        "time" : {
          "start" : 1729819761692,
          "stop" : 1729819766387,
          "duration" : 4695
        }
      }, {
        "uid" : "a113f0efdcb74824",
        "reportUrl" : "https://Areso.github.io/Oblache/196//#testresult/a113f0efdcb74824",
        "status" : "broken",
        "statusDetails" : "selenium.common.exceptions.TimeoutException: Message: Can't find element by locator ('xpath', '//div[@id=\"msg_from_server\"]')",
        "time" : {
          "start" : 1729733298695,
          "stop" : 1729733307455,
          "duration" : 8760
        }
      }, {
        "uid" : "94d2811aa55349a2",
        "reportUrl" : "https://Areso.github.io/Oblache/195//#testresult/94d2811aa55349a2",
        "status" : "broken",
        "statusDetails" : "selenium.common.exceptions.TimeoutException: Message: Can't find element by locator ('xpath', '//div[@id=\"msg_from_server\"]')",
        "time" : {
          "start" : 1729646883953,
          "stop" : 1729646891730,
          "duration" : 7777
        }
      }, {
        "uid" : "fbd5580e5286df8e",
        "reportUrl" : "https://Areso.github.io/Oblache/194//#testresult/fbd5580e5286df8e",
        "status" : "broken",
        "statusDetails" : "selenium.common.exceptions.TimeoutException: Message: Can't find element by locator ('xpath', '//div[@id=\"msg_from_server\"]')",
        "time" : {
          "start" : 1729560547911,
          "stop" : 1729560555717,
          "duration" : 7806
        }
      }, {
        "uid" : "3f3f71bc2308378d",
        "reportUrl" : "https://Areso.github.io/Oblache/193//#testresult/3f3f71bc2308378d",
        "status" : "broken",
        "statusDetails" : "selenium.common.exceptions.TimeoutException: Message: Can't find element by locator ('xpath', '//div[@id=\"msg_from_server\"]')",
        "time" : {
          "start" : 1729474209954,
          "stop" : 1729474217754,
          "duration" : 7800
        }
      }, {
        "uid" : "36c211d0cddbf288",
        "reportUrl" : "https://Areso.github.io/Oblache/192//#testresult/36c211d0cddbf288",
        "status" : "broken",
        "statusDetails" : "selenium.common.exceptions.TimeoutException: Message: Can't find element by locator ('xpath', '//div[@id=\"msg_from_server\"]')",
        "time" : {
          "start" : 1729388532199,
          "stop" : 1729388540033,
          "duration" : 7834
        }
      }, {
        "uid" : "42541acd40efa8bd",
        "reportUrl" : "https://Areso.github.io/Oblache/191//#testresult/42541acd40efa8bd",
        "status" : "broken",
        "statusDetails" : "selenium.common.exceptions.TimeoutException: Message: Can't find element by locator ('xpath', '//div[@id=\"msg_from_server\"]')",
        "time" : {
          "start" : 1729301234778,
          "stop" : 1729301242666,
          "duration" : 7888
        }
      }, {
        "uid" : "9ea4e8d121064838",
        "reportUrl" : "https://Areso.github.io/Oblache/190//#testresult/9ea4e8d121064838",
        "status" : "broken",
        "statusDetails" : "selenium.common.exceptions.TimeoutException: Message: Can't find element by locator ('xpath', '//div[@id=\"msg_from_server\"]')",
        "time" : {
          "start" : 1729214952680,
          "stop" : 1729214960500,
          "duration" : 7820
        }
      }, {
        "uid" : "16b212f4c8e9db62",
        "reportUrl" : "https://Areso.github.io/Oblache/189//#testresult/16b212f4c8e9db62",
        "status" : "broken",
        "statusDetails" : "selenium.common.exceptions.TimeoutException: Message: Can't find element by locator ('xpath', '//div[@id=\"msg_from_server\"]')",
        "time" : {
          "start" : 1729128488750,
          "stop" : 1729128496564,
          "duration" : 7814
        }
      }, {
        "uid" : "2824406811cfa09a",
        "reportUrl" : "https://Areso.github.io/Oblache/188//#testresult/2824406811cfa09a",
        "status" : "broken",
        "statusDetails" : "selenium.common.exceptions.TimeoutException: Message: Can't find element by locator ('xpath', '//div[@id=\"msg_from_server\"]')",
        "time" : {
          "start" : 1729042215714,
          "stop" : 1729042224365,
          "duration" : 8651
        }
      }, {
        "uid" : "f8f90fe5098f7046",
        "reportUrl" : "https://Areso.github.io/Oblache/187//#testresult/f8f90fe5098f7046",
        "status" : "broken",
        "statusDetails" : "selenium.common.exceptions.TimeoutException: Message: Can't find element by locator ('xpath', '//div[@id=\"msg_from_server\"]')",
        "time" : {
          "start" : 1728955755338,
          "stop" : 1728955763239,
          "duration" : 7901
        }
      }, {
        "uid" : "6240ca468add9ad4",
        "reportUrl" : "https://Areso.github.io/Oblache/186//#testresult/6240ca468add9ad4",
        "status" : "broken",
        "statusDetails" : "selenium.common.exceptions.TimeoutException: Message: Can't find element by locator ('xpath', '//div[@id=\"msg_from_server\"]')",
        "time" : {
          "start" : 1728869410942,
          "stop" : 1728869419563,
          "duration" : 8621
        }
      } ]
    },
    "tags" : [ ]
  },
  "source" : "b3b322e72efa023f.json",
  "parameterValues" : [ ]
}