{
  "uid" : "4e0ef4d7ed643300",
  "name" : "test_clipboard_jdbc",
  "fullName" : "tests_ui.test_ui.TestProfilePage#test_clipboard_jdbc",
  "historyId" : "3c3bc2de59af179987e51569fc1d3309",
  "time" : {
    "start" : 1723857456812,
    "stop" : 1723857463635,
    "duration" : 6823
  },
  "status" : "broken",
  "statusMessage" : "selenium.common.exceptions.TimeoutException: Message: Can't find element by locator ('xpath', '//tbody[@id=\"tbody_dbs\"] /tr[1]/td[7] /button')\nStacktrace:\n#0 0x56019b5616aa <unknown>\n#1 0x56019b232600 <unknown>\n#2 0x56019b281bcb <unknown>\n#3 0x56019b281eb1 <unknown>\n#4 0x56019b2c5b24 <unknown>\n#5 0x56019b2a48cd <unknown>\n#6 0x56019b2c304a <unknown>\n#7 0x56019b2a4643 <unknown>\n#8 0x56019b274d31 <unknown>\n#9 0x56019b27579e <unknown>\n#10 0x56019b52923b <unknown>\n#11 0x56019b52d1d2 <unknown>\n#12 0x56019b5165f5 <unknown>\n#13 0x56019b52dd62 <unknown>\n#14 0x56019b4fb23f <unknown>\n#15 0x56019b550e48 <unknown>\n#16 0x56019b551020 <unknown>\n#17 0x56019b56047c <unknown>\n#18 0x7f29caa94ac3 <unknown>",
  "statusTrace" : "self = <tests_ui.test_ui.TestProfilePage object at 0x7f4a222dfda0>\ndriver = <selenium.webdriver.chrome.webdriver.WebDriver (session=\"b7cf137b27fe7fff1900222120f6f6d0\")>\nauthorization_user = None\n\n    @allure.title('test_clipboard_jdbc')\n    def test_clipboard_jdbc(self, driver, authorization_user):\n        page = ProfilePage(driver, authorization_user)\n        page.click_button_databases()\n>       page.check_clipboard_jdbc(token=TestProfilePage.token)\n\ntests_ui/test_ui.py:93: \n_ _ _ _ _ _ _ _ _ _ _ _ _ _ _ _ _ _ _ _ _ _ _ _ _ _ _ _ _ _ _ _ _ _ _ _ _ _ _ _ \ntests_ui/profile_page.py:117: in check_clipboard_jdbc\n    button = self.element_is_visible((By.XPATH, '//tbody[@id=\"tbody_dbs\"] /tr[1]/td[7] /button'))\ntests_ui/base_page.py:32: in element_is_visible\n    self.go_to_element(self.element_is_present(locator))\ntests_ui/base_page.py:45: in element_is_present\n    return Wait(self.driver, self.timeout).until(\n_ _ _ _ _ _ _ _ _ _ _ _ _ _ _ _ _ _ _ _ _ _ _ _ _ _ _ _ _ _ _ _ _ _ _ _ _ _ _ _ \n\nself = <selenium.webdriver.support.wait.WebDriverWait (session=\"b7cf137b27fe7fff1900222120f6f6d0\")>\nmethod = <function presence_of_element_located.<locals>._predicate at 0x7f4a219cd260>\nmessage = 'Can\\'t find element by locator (\\'xpath\\', \\'//tbody[@id=\"tbody_dbs\"] /tr[1]/td[7] /button\\')'\n\n    def until(self, method: Callable[[D], Union[Literal[False], T]], message: str = \"\") -> T:\n        \"\"\"Calls the method provided with the driver as an argument until the \\\n        return value does not evaluate to ``False``.\n    \n        :param method: callable(WebDriver)\n        :param message: optional message for :exc:`TimeoutException`\n        :returns: the result of the last call to `method`\n        :raises: :exc:`selenium.common.exceptions.TimeoutException` if timeout occurs\n        \"\"\"\n        screen = None\n        stacktrace = None\n    \n        end_time = time.monotonic() + self._timeout\n        while True:\n            try:\n                value = method(self._driver)\n                if value:\n                    return value\n            except self._ignored_exceptions as exc:\n                screen = getattr(exc, \"screen\", None)\n                stacktrace = getattr(exc, \"stacktrace\", None)\n            time.sleep(self._poll)\n            if time.monotonic() > end_time:\n                break\n>       raise TimeoutException(message, screen, stacktrace)\nE       selenium.common.exceptions.TimeoutException: Message: Can't find element by locator ('xpath', '//tbody[@id=\"tbody_dbs\"] /tr[1]/td[7] /button')\nE       Stacktrace:\nE       #0 0x56019b5616aa <unknown>\nE       #1 0x56019b232600 <unknown>\nE       #2 0x56019b281bcb <unknown>\nE       #3 0x56019b281eb1 <unknown>\nE       #4 0x56019b2c5b24 <unknown>\nE       #5 0x56019b2a48cd <unknown>\nE       #6 0x56019b2c304a <unknown>\nE       #7 0x56019b2a4643 <unknown>\nE       #8 0x56019b274d31 <unknown>\nE       #9 0x56019b27579e <unknown>\nE       #10 0x56019b52923b <unknown>\nE       #11 0x56019b52d1d2 <unknown>\nE       #12 0x56019b5165f5 <unknown>\nE       #13 0x56019b52dd62 <unknown>\nE       #14 0x56019b4fb23f <unknown>\nE       #15 0x56019b550e48 <unknown>\nE       #16 0x56019b551020 <unknown>\nE       #17 0x56019b56047c <unknown>\nE       #18 0x7f29caa94ac3 <unknown>\n\n/opt/hostedtoolcache/Python/3.12.4/x64/lib/python3.12/site-packages/selenium/webdriver/support/wait.py:105: TimeoutException",
  "flaky" : false,
  "newFailed" : false,
  "beforeStages" : [ {
    "name" : "driver",
    "time" : {
      "start" : 1723857456072,
      "stop" : 1723857456275,
      "duration" : 203
    },
    "status" : "passed",
    "steps" : [ ],
    "attachments" : [ ],
    "parameters" : [ ],
    "stepsCount" : 0,
    "attachmentsCount" : 0,
    "shouldDisplayMessage" : false,
    "hasContent" : false
  }, {
    "name" : "authorization_user",
    "time" : {
      "start" : 1723857456275,
      "stop" : 1723857456812,
      "duration" : 537
    },
    "status" : "passed",
    "steps" : [ {
      "name" : "Open page: https://oblache.areso.pro/register.html",
      "time" : {
        "start" : 1723857456275,
        "stop" : 1723857456643,
        "duration" : 368
      },
      "status" : "passed",
      "steps" : [ ],
      "attachments" : [ ],
      "parameters" : [ ],
      "stepsCount" : 0,
      "attachmentsCount" : 0,
      "shouldDisplayMessage" : false,
      "hasContent" : false
    }, {
      "name" : "login_user",
      "time" : {
        "start" : 1723857456643,
        "stop" : 1723857456812,
        "duration" : 169
      },
      "status" : "passed",
      "steps" : [ {
        "name" : "Enter email.",
        "time" : {
          "start" : 1723857456643,
          "stop" : 1723857456698,
          "duration" : 55
        },
        "status" : "passed",
        "steps" : [ ],
        "attachments" : [ ],
        "parameters" : [ ],
        "stepsCount" : 0,
        "attachmentsCount" : 0,
        "shouldDisplayMessage" : false,
        "hasContent" : false
      }, {
        "name" : "Enter password.",
        "time" : {
          "start" : 1723857456698,
          "stop" : 1723857456740,
          "duration" : 42
        },
        "status" : "passed",
        "steps" : [ ],
        "attachments" : [ ],
        "parameters" : [ ],
        "stepsCount" : 0,
        "attachmentsCount" : 0,
        "shouldDisplayMessage" : false,
        "hasContent" : false
      }, {
        "name" : "Click button \"Login\"",
        "time" : {
          "start" : 1723857456740,
          "stop" : 1723857456809,
          "duration" : 69
        },
        "status" : "passed",
        "steps" : [ {
          "name" : "element_is_present_and_clickable",
          "time" : {
            "start" : 1723857456740,
            "stop" : 1723857456777,
            "duration" : 37
          },
          "status" : "passed",
          "steps" : [ ],
          "attachments" : [ ],
          "parameters" : [ {
            "name" : "locator",
            "value" : "('xpath', '//input[@id=\"inp_regform_login_submit\"]')"
          } ],
          "stepsCount" : 0,
          "attachmentsCount" : 0,
          "shouldDisplayMessage" : false,
          "hasContent" : true
        } ],
        "attachments" : [ ],
        "parameters" : [ ],
        "stepsCount" : 1,
        "attachmentsCount" : 0,
        "shouldDisplayMessage" : false,
        "hasContent" : true
      }, {
        "name" : "Check url is present: https://oblache.areso.pro/register.html",
        "time" : {
          "start" : 1723857456809,
          "stop" : 1723857456812,
          "duration" : 3
        },
        "status" : "passed",
        "steps" : [ ],
        "attachments" : [ ],
        "parameters" : [ ],
        "stepsCount" : 0,
        "attachmentsCount" : 0,
        "shouldDisplayMessage" : false,
        "hasContent" : false
      } ],
      "attachments" : [ ],
      "parameters" : [ ],
      "stepsCount" : 5,
      "attachmentsCount" : 0,
      "shouldDisplayMessage" : false,
      "hasContent" : true
    } ],
    "attachments" : [ ],
    "parameters" : [ ],
    "stepsCount" : 7,
    "attachmentsCount" : 0,
    "shouldDisplayMessage" : false,
    "hasContent" : true
  } ],
  "testStage" : {
    "status" : "broken",
    "statusMessage" : "selenium.common.exceptions.TimeoutException: Message: Can't find element by locator ('xpath', '//tbody[@id=\"tbody_dbs\"] /tr[1]/td[7] /button')\nStacktrace:\n#0 0x56019b5616aa <unknown>\n#1 0x56019b232600 <unknown>\n#2 0x56019b281bcb <unknown>\n#3 0x56019b281eb1 <unknown>\n#4 0x56019b2c5b24 <unknown>\n#5 0x56019b2a48cd <unknown>\n#6 0x56019b2c304a <unknown>\n#7 0x56019b2a4643 <unknown>\n#8 0x56019b274d31 <unknown>\n#9 0x56019b27579e <unknown>\n#10 0x56019b52923b <unknown>\n#11 0x56019b52d1d2 <unknown>\n#12 0x56019b5165f5 <unknown>\n#13 0x56019b52dd62 <unknown>\n#14 0x56019b4fb23f <unknown>\n#15 0x56019b550e48 <unknown>\n#16 0x56019b551020 <unknown>\n#17 0x56019b56047c <unknown>\n#18 0x7f29caa94ac3 <unknown>",
    "statusTrace" : "self = <tests_ui.test_ui.TestProfilePage object at 0x7f4a222dfda0>\ndriver = <selenium.webdriver.chrome.webdriver.WebDriver (session=\"b7cf137b27fe7fff1900222120f6f6d0\")>\nauthorization_user = None\n\n    @allure.title('test_clipboard_jdbc')\n    def test_clipboard_jdbc(self, driver, authorization_user):\n        page = ProfilePage(driver, authorization_user)\n        page.click_button_databases()\n>       page.check_clipboard_jdbc(token=TestProfilePage.token)\n\ntests_ui/test_ui.py:93: \n_ _ _ _ _ _ _ _ _ _ _ _ _ _ _ _ _ _ _ _ _ _ _ _ _ _ _ _ _ _ _ _ _ _ _ _ _ _ _ _ \ntests_ui/profile_page.py:117: in check_clipboard_jdbc\n    button = self.element_is_visible((By.XPATH, '//tbody[@id=\"tbody_dbs\"] /tr[1]/td[7] /button'))\ntests_ui/base_page.py:32: in element_is_visible\n    self.go_to_element(self.element_is_present(locator))\ntests_ui/base_page.py:45: in element_is_present\n    return Wait(self.driver, self.timeout).until(\n_ _ _ _ _ _ _ _ _ _ _ _ _ _ _ _ _ _ _ _ _ _ _ _ _ _ _ _ _ _ _ _ _ _ _ _ _ _ _ _ \n\nself = <selenium.webdriver.support.wait.WebDriverWait (session=\"b7cf137b27fe7fff1900222120f6f6d0\")>\nmethod = <function presence_of_element_located.<locals>._predicate at 0x7f4a219cd260>\nmessage = 'Can\\'t find element by locator (\\'xpath\\', \\'//tbody[@id=\"tbody_dbs\"] /tr[1]/td[7] /button\\')'\n\n    def until(self, method: Callable[[D], Union[Literal[False], T]], message: str = \"\") -> T:\n        \"\"\"Calls the method provided with the driver as an argument until the \\\n        return value does not evaluate to ``False``.\n    \n        :param method: callable(WebDriver)\n        :param message: optional message for :exc:`TimeoutException`\n        :returns: the result of the last call to `method`\n        :raises: :exc:`selenium.common.exceptions.TimeoutException` if timeout occurs\n        \"\"\"\n        screen = None\n        stacktrace = None\n    \n        end_time = time.monotonic() + self._timeout\n        while True:\n            try:\n                value = method(self._driver)\n                if value:\n                    return value\n            except self._ignored_exceptions as exc:\n                screen = getattr(exc, \"screen\", None)\n                stacktrace = getattr(exc, \"stacktrace\", None)\n            time.sleep(self._poll)\n            if time.monotonic() > end_time:\n                break\n>       raise TimeoutException(message, screen, stacktrace)\nE       selenium.common.exceptions.TimeoutException: Message: Can't find element by locator ('xpath', '//tbody[@id=\"tbody_dbs\"] /tr[1]/td[7] /button')\nE       Stacktrace:\nE       #0 0x56019b5616aa <unknown>\nE       #1 0x56019b232600 <unknown>\nE       #2 0x56019b281bcb <unknown>\nE       #3 0x56019b281eb1 <unknown>\nE       #4 0x56019b2c5b24 <unknown>\nE       #5 0x56019b2a48cd <unknown>\nE       #6 0x56019b2c304a <unknown>\nE       #7 0x56019b2a4643 <unknown>\nE       #8 0x56019b274d31 <unknown>\nE       #9 0x56019b27579e <unknown>\nE       #10 0x56019b52923b <unknown>\nE       #11 0x56019b52d1d2 <unknown>\nE       #12 0x56019b5165f5 <unknown>\nE       #13 0x56019b52dd62 <unknown>\nE       #14 0x56019b4fb23f <unknown>\nE       #15 0x56019b550e48 <unknown>\nE       #16 0x56019b551020 <unknown>\nE       #17 0x56019b56047c <unknown>\nE       #18 0x7f29caa94ac3 <unknown>\n\n/opt/hostedtoolcache/Python/3.12.4/x64/lib/python3.12/site-packages/selenium/webdriver/support/wait.py:105: TimeoutException",
    "steps" : [ {
      "name" : "Click \"Databases\" button.",
      "time" : {
        "start" : 1723857456812,
        "stop" : 1723857457923,
        "duration" : 1111
      },
      "status" : "passed",
      "steps" : [ {
        "name" : "element_is_present_and_clickable",
        "time" : {
          "start" : 1723857456812,
          "stop" : 1723857457899,
          "duration" : 1087
        },
        "status" : "passed",
        "steps" : [ ],
        "attachments" : [ ],
        "parameters" : [ {
          "name" : "locator",
          "value" : "('xpath', '//button[@id = \"menu_button_databases\"]')"
        } ],
        "stepsCount" : 0,
        "attachmentsCount" : 0,
        "shouldDisplayMessage" : false,
        "hasContent" : true
      } ],
      "attachments" : [ ],
      "parameters" : [ ],
      "stepsCount" : 1,
      "attachmentsCount" : 0,
      "shouldDisplayMessage" : false,
      "hasContent" : true
    }, {
      "name" : "check_clipboard_jdbc",
      "time" : {
        "start" : 1723857457923,
        "stop" : 1723857463634,
        "duration" : 5711
      },
      "status" : "broken",
      "statusMessage" : "selenium.common.exceptions.TimeoutException: Message: Can't find element by locator ('xpath', '//tbody[@id=\"tbody_dbs\"] /tr[1]/td[7] /button')\nStacktrace:\n#0 0x56019b5616aa <unknown>\n#1 0x56019b232600 <unknown>\n#2 0x56019b281bcb <unknown>\n#3 0x56019b281eb1 <unknown>\n#4 0x56019b2c5b24 <unknown>\n#5 0x56019b2a48cd <unknown>\n#6 0x56019b2c304a <unknown>\n#7 0x56019b2a4643 <unknown>\n#8 0x56019b274d31 <unknown>\n#9 0x56019b27579e <unknown>\n#10 0x56019b52923b <unknown>\n#11 0x56019b52d1d2 <unknown>\n#12 0x56019b5165f5 <unknown>\n#13 0x56019b52dd62 <unknown>\n#14 0x56019b4fb23f <unknown>\n#15 0x56019b550e48 <unknown>\n#16 0x56019b551020 <unknown>\n#17 0x56019b56047c <unknown>\n#18 0x7f29caa94ac3 <unknown>\n\n",
      "statusTrace" : "  File \"/opt/hostedtoolcache/Python/3.12.4/x64/lib/python3.12/site-packages/allure_commons/_allure.py\", line 192, in impl\n    return func(*a, **kw)\n           ^^^^^^^^^^^^^^\n  File \"/home/runner/work/Oblache/Oblache/tests_ui/profile_page.py\", line 117, in check_clipboard_jdbc\n    button = self.element_is_visible((By.XPATH, '//tbody[@id=\"tbody_dbs\"] /tr[1]/td[7] /button'))\n             ^^^^^^^^^^^^^^^^^^^^^^^^^^^^^^^^^^^^^^^^^^^^^^^^^^^^^^^^^^^^^^^^^^^^^^^^^^^^^^^^^^^^\n  File \"/home/runner/work/Oblache/Oblache/tests_ui/base_page.py\", line 32, in element_is_visible\n    self.go_to_element(self.element_is_present(locator))\n                       ^^^^^^^^^^^^^^^^^^^^^^^^^^^^^^^^\n  File \"/home/runner/work/Oblache/Oblache/tests_ui/base_page.py\", line 45, in element_is_present\n    return Wait(self.driver, self.timeout).until(\n           ^^^^^^^^^^^^^^^^^^^^^^^^^^^^^^^^^^^^^^\n  File \"/opt/hostedtoolcache/Python/3.12.4/x64/lib/python3.12/site-packages/selenium/webdriver/support/wait.py\", line 105, in until\n    raise TimeoutException(message, screen, stacktrace)\n",
      "steps" : [ ],
      "attachments" : [ ],
      "parameters" : [ {
        "name" : "token",
        "value" : "'798e5fbf-9840-4aa4-85dc-735ffdcbfb3f'"
      } ],
      "stepsCount" : 0,
      "attachmentsCount" : 0,
      "shouldDisplayMessage" : true,
      "hasContent" : true
    } ],
    "attachments" : [ ],
    "parameters" : [ ],
    "stepsCount" : 3,
    "attachmentsCount" : 0,
    "shouldDisplayMessage" : true,
    "hasContent" : true
  },
  "afterStages" : [ {
    "name" : "driver::0",
    "time" : {
      "start" : 1723857463649,
      "stop" : 1723857463804,
      "duration" : 155
    },
    "status" : "passed",
    "steps" : [ ],
    "attachments" : [ {
      "uid" : "aebadd44065a4f0f",
      "name" : "Screenshot 2024-08-17 01:17:43.743426",
      "source" : "aebadd44065a4f0f.png",
      "type" : "image/png",
      "size" : 81543
    } ],
    "parameters" : [ ],
    "stepsCount" : 0,
    "attachmentsCount" : 1,
    "shouldDisplayMessage" : false,
    "hasContent" : true
  } ],
  "labels" : [ {
    "name" : "suite",
    "value" : "Test Profile Page."
  }, {
    "name" : "parentSuite",
    "value" : "tests_ui"
  }, {
    "name" : "subSuite",
    "value" : "TestProfilePage"
  }, {
    "name" : "host",
    "value" : "fv-az1106-23"
  }, {
    "name" : "thread",
    "value" : "2298-MainThread"
  }, {
    "name" : "framework",
    "value" : "pytest"
  }, {
    "name" : "language",
    "value" : "cpython3"
  }, {
    "name" : "package",
    "value" : "tests_ui.test_ui"
  }, {
    "name" : "resultFormat",
    "value" : "allure2"
  } ],
  "parameters" : [ ],
  "links" : [ ],
  "hidden" : false,
  "retry" : false,
  "extra" : {
    "severity" : "normal",
    "retries" : [ ],
    "categories" : [ {
      "name" : "Test defects",
      "matchedStatuses" : [ ],
      "flaky" : false
    } ],
    "history" : {
      "statistic" : {
        "failed" : 0,
        "broken" : 3,
        "skipped" : 0,
        "passed" : 0,
        "unknown" : 0,
        "total" : 3
      },
      "items" : [ {
        "uid" : "6c851565201dd366",
        "reportUrl" : "https://Areso.github.io/Oblache/127//#testresult/6c851565201dd366",
        "status" : "broken",
        "statusDetails" : "selenium.common.exceptions.TimeoutException: Message: Can't find element by locator ('xpath', '//tbody[@id=\"tbody_dbs\"] /tr[1]/td[7] /button')\nStacktrace:\n#0 0x55956c67b6aa <unknown>\n#1 0x55956c34c600 <unknown>\n#2 0x55956c39bbcb <unknown>\n#3 0x55956c39beb1 <unknown>\n#4 0x55956c3dfb24 <unknown>\n#5 0x55956c3be8cd <unknown>\n#6 0x55956c3dd04a <unknown>\n#7 0x55956c3be643 <unknown>\n#8 0x55956c38ed31 <unknown>\n#9 0x55956c38f79e <unknown>\n#10 0x55956c64323b <unknown>\n#11 0x55956c6471d2 <unknown>\n#12 0x55956c6305f5 <unknown>\n#13 0x55956c647d62 <unknown>\n#14 0x55956c61523f <unknown>\n#15 0x55956c66ae48 <unknown>\n#16 0x55956c66b020 <unknown>\n#17 0x55956c67a47c <unknown>\n#18 0x7f7998494ac3 <unknown>",
        "time" : {
          "start" : 1723696367003,
          "stop" : 1723696373618,
          "duration" : 6615
        }
      }, {
        "uid" : "3241635415f6a187",
        "reportUrl" : "https://Areso.github.io/Oblache/127//#testresult/3241635415f6a187",
        "status" : "broken",
        "statusDetails" : "selenium.common.exceptions.TimeoutException: Message: Can't find element by locator ('xpath', '//button[@id = \"menu_button_databases\"]')\nStacktrace:\n#0 0x558bed19d6aa <unknown>\n#1 0x558bece6e600 <unknown>\n#2 0x558becebdbcb <unknown>\n#3 0x558becebdeb1 <unknown>\n#4 0x558becf01b24 <unknown>\n#5 0x558becee08cd <unknown>\n#6 0x558beceff04a <unknown>\n#7 0x558becee0643 <unknown>\n#8 0x558beceb0d31 <unknown>\n#9 0x558beceb179e <unknown>\n#10 0x558bed16523b <unknown>\n#11 0x558bed1691d2 <unknown>\n#12 0x558bed1525f5 <unknown>\n#13 0x558bed169d62 <unknown>\n#14 0x558bed13723f <unknown>\n#15 0x558bed18ce48 <unknown>\n#16 0x558bed18d020 <unknown>\n#17 0x558bed19c47c <unknown>\n#18 0x7fc606494ac3 <unknown>",
        "time" : {
          "start" : 1723670755247,
          "stop" : 1723670760379,
          "duration" : 5132
        }
      } ]
    },
    "tags" : [ ]
  },
  "source" : "4e0ef4d7ed643300.json",
  "parameterValues" : [ ]
}