{
  "uid" : "dc2fb496084a992",
  "name" : "test_open_static_site_page",
  "fullName" : "tests_ui.test_ui.TestProfilePage#test_open_statistic_page",
  "historyId" : "d5ae1e2d5dedc1997262906d6ec2db80",
  "time" : {
    "start" : 1746150482817,
    "stop" : 1746150488246,
    "duration" : 5429
  },
  "status" : "broken",
  "statusMessage" : "selenium.common.exceptions.TimeoutException: Message: Can't find element by locator ('xpath', '//button[@id=\"menu_button_webpages\"]')\nStacktrace:\n#0 0x560e75afa75a <unknown>\n#1 0x560e755ad4b0 <unknown>\n#2 0x560e755fe9b3 <unknown>\n#3 0x560e755feba1 <unknown>\n#4 0x560e7564d1f4 <unknown>\n#5 0x560e756245bd <unknown>\n#6 0x560e7564a5e0 <unknown>\n#7 0x560e75624363 <unknown>\n#8 0x560e755f0d63 <unknown>\n#9 0x560e755f19c1 <unknown>\n#10 0x560e75abfa6b <unknown>\n#11 0x560e75ac3951 <unknown>\n#12 0x560e75aa7b62 <unknown>\n#13 0x560e75ac44c4 <unknown>\n#14 0x560e75a8c13f <unknown>\n#15 0x560e75ae86f8 <unknown>\n#16 0x560e75ae88d6 <unknown>\n#17 0x560e75af95a6 <unknown>\n#18 0x7f5e5489caa4 <unknown>\n#19 0x7f5e54929c3c <unknown>",
  "statusTrace" : "self = <tests_ui.test_ui.TestProfilePage object at 0x7fd3f949b080>\ndriver = <selenium.webdriver.chrome.webdriver.WebDriver (session=\"2165a418b7d54ac1c77632bc42008971\")>\nauthorization_user = None\n\n    @allure.title('test_open_static_site_page')\n    def test_open_statistic_page(self, driver, authorization_user):\n        page = ProfilePage(driver)\n>       page.click_static_site_button()\n\ntests_ui/test_ui.py:69: \n_ _ _ _ _ _ _ _ _ _ _ _ _ _ _ _ _ _ _ _ _ _ _ _ _ _ _ _ _ _ _ _ _ _ _ _ _ _ _ _ \ntests_ui/profile_page.py:40: in click_static_site_button\n    return self.element_is_present_and_clickable(self.locators.STATIC_BUTTON).click()\ntests_ui/base_page.py:28: in element_is_present_and_clickable\n    return (Wait(self.driver, self.timeout).until(\n_ _ _ _ _ _ _ _ _ _ _ _ _ _ _ _ _ _ _ _ _ _ _ _ _ _ _ _ _ _ _ _ _ _ _ _ _ _ _ _ \n\nself = <selenium.webdriver.support.wait.WebDriverWait (session=\"2165a418b7d54ac1c77632bc42008971\")>\nmethod = <function visibility_of_element_located.<locals>._predicate at 0x7fd3f8bf5d00>\nmessage = 'Can\\'t find element by locator (\\'xpath\\', \\'//button[@id=\"menu_button_webpages\"]\\')'\n\n    def until(self, method: Callable[[D], Union[Literal[False], T]], message: str = \"\") -> T:\n        \"\"\"Calls the method provided with the driver as an argument until the \\\n        return value does not evaluate to ``False``.\n    \n        :param method: callable(WebDriver)\n        :param message: optional message for :exc:`TimeoutException`\n        :returns: the result of the last call to `method`\n        :raises: :exc:`selenium.common.exceptions.TimeoutException` if timeout occurs\n        \"\"\"\n        screen = None\n        stacktrace = None\n    \n        end_time = time.monotonic() + self._timeout\n        while True:\n            try:\n                value = method(self._driver)\n                if value:\n                    return value\n            except self._ignored_exceptions as exc:\n                screen = getattr(exc, \"screen\", None)\n                stacktrace = getattr(exc, \"stacktrace\", None)\n            time.sleep(self._poll)\n            if time.monotonic() > end_time:\n                break\n>       raise TimeoutException(message, screen, stacktrace)\nE       selenium.common.exceptions.TimeoutException: Message: Can't find element by locator ('xpath', '//button[@id=\"menu_button_webpages\"]')\nE       Stacktrace:\nE       #0 0x560e75afa75a <unknown>\nE       #1 0x560e755ad4b0 <unknown>\nE       #2 0x560e755fe9b3 <unknown>\nE       #3 0x560e755feba1 <unknown>\nE       #4 0x560e7564d1f4 <unknown>\nE       #5 0x560e756245bd <unknown>\nE       #6 0x560e7564a5e0 <unknown>\nE       #7 0x560e75624363 <unknown>\nE       #8 0x560e755f0d63 <unknown>\nE       #9 0x560e755f19c1 <unknown>\nE       #10 0x560e75abfa6b <unknown>\nE       #11 0x560e75ac3951 <unknown>\nE       #12 0x560e75aa7b62 <unknown>\nE       #13 0x560e75ac44c4 <unknown>\nE       #14 0x560e75a8c13f <unknown>\nE       #15 0x560e75ae86f8 <unknown>\nE       #16 0x560e75ae88d6 <unknown>\nE       #17 0x560e75af95a6 <unknown>\nE       #18 0x7f5e5489caa4 <unknown>\nE       #19 0x7f5e54929c3c <unknown>\n\n/opt/hostedtoolcache/Python/3.12.10/x64/lib/python3.12/site-packages/selenium/webdriver/support/wait.py:105: TimeoutException",
  "flaky" : false,
  "newFailed" : false,
  "beforeStages" : [ {
    "name" : "driver",
    "time" : {
      "start" : 1746150481767,
      "stop" : 1746150482111,
      "duration" : 344
    },
    "status" : "passed",
    "steps" : [ ],
    "attachments" : [ ],
    "parameters" : [ ],
    "stepsCount" : 0,
    "attachmentsCount" : 0,
    "shouldDisplayMessage" : false,
    "hasContent" : false
  }, {
    "name" : "authorization_user",
    "time" : {
      "start" : 1746150482111,
      "stop" : 1746150482816,
      "duration" : 705
    },
    "status" : "passed",
    "steps" : [ {
      "name" : "Open page: https://oblache.areso.pro/register.html",
      "time" : {
        "start" : 1746150482111,
        "stop" : 1746150482618,
        "duration" : 507
      },
      "status" : "passed",
      "steps" : [ ],
      "attachments" : [ ],
      "parameters" : [ ],
      "stepsCount" : 0,
      "attachmentsCount" : 0,
      "shouldDisplayMessage" : false,
      "hasContent" : false
    }, {
      "name" : "Login user",
      "time" : {
        "start" : 1746150482618,
        "stop" : 1746150482816,
        "duration" : 198
      },
      "status" : "passed",
      "steps" : [ {
        "name" : "Enter email.",
        "time" : {
          "start" : 1746150482618,
          "stop" : 1746150482676,
          "duration" : 58
        },
        "status" : "passed",
        "steps" : [ ],
        "attachments" : [ ],
        "parameters" : [ ],
        "stepsCount" : 0,
        "attachmentsCount" : 0,
        "shouldDisplayMessage" : false,
        "hasContent" : false
      }, {
        "name" : "Enter password.",
        "time" : {
          "start" : 1746150482676,
          "stop" : 1746150482721,
          "duration" : 45
        },
        "status" : "passed",
        "steps" : [ ],
        "attachments" : [ ],
        "parameters" : [ ],
        "stepsCount" : 0,
        "attachmentsCount" : 0,
        "shouldDisplayMessage" : false,
        "hasContent" : false
      }, {
        "name" : "Click button \"Login\"",
        "time" : {
          "start" : 1746150482721,
          "stop" : 1746150482813,
          "duration" : 92
        },
        "status" : "passed",
        "steps" : [ ],
        "attachments" : [ ],
        "parameters" : [ ],
        "stepsCount" : 0,
        "attachmentsCount" : 0,
        "shouldDisplayMessage" : false,
        "hasContent" : false
      }, {
        "name" : "Check url is present: https://oblache.areso.pro/register.html",
        "time" : {
          "start" : 1746150482813,
          "stop" : 1746150482816,
          "duration" : 3
        },
        "status" : "passed",
        "steps" : [ ],
        "attachments" : [ ],
        "parameters" : [ ],
        "stepsCount" : 0,
        "attachmentsCount" : 0,
        "shouldDisplayMessage" : false,
        "hasContent" : false
      } ],
      "attachments" : [ ],
      "parameters" : [ ],
      "stepsCount" : 4,
      "attachmentsCount" : 0,
      "shouldDisplayMessage" : false,
      "hasContent" : true
    } ],
    "attachments" : [ ],
    "parameters" : [ ],
    "stepsCount" : 6,
    "attachmentsCount" : 0,
    "shouldDisplayMessage" : false,
    "hasContent" : true
  } ],
  "testStage" : {
    "status" : "broken",
    "statusMessage" : "selenium.common.exceptions.TimeoutException: Message: Can't find element by locator ('xpath', '//button[@id=\"menu_button_webpages\"]')\nStacktrace:\n#0 0x560e75afa75a <unknown>\n#1 0x560e755ad4b0 <unknown>\n#2 0x560e755fe9b3 <unknown>\n#3 0x560e755feba1 <unknown>\n#4 0x560e7564d1f4 <unknown>\n#5 0x560e756245bd <unknown>\n#6 0x560e7564a5e0 <unknown>\n#7 0x560e75624363 <unknown>\n#8 0x560e755f0d63 <unknown>\n#9 0x560e755f19c1 <unknown>\n#10 0x560e75abfa6b <unknown>\n#11 0x560e75ac3951 <unknown>\n#12 0x560e75aa7b62 <unknown>\n#13 0x560e75ac44c4 <unknown>\n#14 0x560e75a8c13f <unknown>\n#15 0x560e75ae86f8 <unknown>\n#16 0x560e75ae88d6 <unknown>\n#17 0x560e75af95a6 <unknown>\n#18 0x7f5e5489caa4 <unknown>\n#19 0x7f5e54929c3c <unknown>",
    "statusTrace" : "self = <tests_ui.test_ui.TestProfilePage object at 0x7fd3f949b080>\ndriver = <selenium.webdriver.chrome.webdriver.WebDriver (session=\"2165a418b7d54ac1c77632bc42008971\")>\nauthorization_user = None\n\n    @allure.title('test_open_static_site_page')\n    def test_open_statistic_page(self, driver, authorization_user):\n        page = ProfilePage(driver)\n>       page.click_static_site_button()\n\ntests_ui/test_ui.py:69: \n_ _ _ _ _ _ _ _ _ _ _ _ _ _ _ _ _ _ _ _ _ _ _ _ _ _ _ _ _ _ _ _ _ _ _ _ _ _ _ _ \ntests_ui/profile_page.py:40: in click_static_site_button\n    return self.element_is_present_and_clickable(self.locators.STATIC_BUTTON).click()\ntests_ui/base_page.py:28: in element_is_present_and_clickable\n    return (Wait(self.driver, self.timeout).until(\n_ _ _ _ _ _ _ _ _ _ _ _ _ _ _ _ _ _ _ _ _ _ _ _ _ _ _ _ _ _ _ _ _ _ _ _ _ _ _ _ \n\nself = <selenium.webdriver.support.wait.WebDriverWait (session=\"2165a418b7d54ac1c77632bc42008971\")>\nmethod = <function visibility_of_element_located.<locals>._predicate at 0x7fd3f8bf5d00>\nmessage = 'Can\\'t find element by locator (\\'xpath\\', \\'//button[@id=\"menu_button_webpages\"]\\')'\n\n    def until(self, method: Callable[[D], Union[Literal[False], T]], message: str = \"\") -> T:\n        \"\"\"Calls the method provided with the driver as an argument until the \\\n        return value does not evaluate to ``False``.\n    \n        :param method: callable(WebDriver)\n        :param message: optional message for :exc:`TimeoutException`\n        :returns: the result of the last call to `method`\n        :raises: :exc:`selenium.common.exceptions.TimeoutException` if timeout occurs\n        \"\"\"\n        screen = None\n        stacktrace = None\n    \n        end_time = time.monotonic() + self._timeout\n        while True:\n            try:\n                value = method(self._driver)\n                if value:\n                    return value\n            except self._ignored_exceptions as exc:\n                screen = getattr(exc, \"screen\", None)\n                stacktrace = getattr(exc, \"stacktrace\", None)\n            time.sleep(self._poll)\n            if time.monotonic() > end_time:\n                break\n>       raise TimeoutException(message, screen, stacktrace)\nE       selenium.common.exceptions.TimeoutException: Message: Can't find element by locator ('xpath', '//button[@id=\"menu_button_webpages\"]')\nE       Stacktrace:\nE       #0 0x560e75afa75a <unknown>\nE       #1 0x560e755ad4b0 <unknown>\nE       #2 0x560e755fe9b3 <unknown>\nE       #3 0x560e755feba1 <unknown>\nE       #4 0x560e7564d1f4 <unknown>\nE       #5 0x560e756245bd <unknown>\nE       #6 0x560e7564a5e0 <unknown>\nE       #7 0x560e75624363 <unknown>\nE       #8 0x560e755f0d63 <unknown>\nE       #9 0x560e755f19c1 <unknown>\nE       #10 0x560e75abfa6b <unknown>\nE       #11 0x560e75ac3951 <unknown>\nE       #12 0x560e75aa7b62 <unknown>\nE       #13 0x560e75ac44c4 <unknown>\nE       #14 0x560e75a8c13f <unknown>\nE       #15 0x560e75ae86f8 <unknown>\nE       #16 0x560e75ae88d6 <unknown>\nE       #17 0x560e75af95a6 <unknown>\nE       #18 0x7f5e5489caa4 <unknown>\nE       #19 0x7f5e54929c3c <unknown>\n\n/opt/hostedtoolcache/Python/3.12.10/x64/lib/python3.12/site-packages/selenium/webdriver/support/wait.py:105: TimeoutException",
    "steps" : [ {
      "name" : "Click \"Static site\" button.",
      "time" : {
        "start" : 1746150482817,
        "stop" : 1746150488246,
        "duration" : 5429
      },
      "status" : "broken",
      "statusMessage" : "selenium.common.exceptions.TimeoutException: Message: Can't find element by locator ('xpath', '//button[@id=\"menu_button_webpages\"]')\nStacktrace:\n#0 0x560e75afa75a <unknown>\n#1 0x560e755ad4b0 <unknown>\n#2 0x560e755fe9b3 <unknown>\n#3 0x560e755feba1 <unknown>\n#4 0x560e7564d1f4 <unknown>\n#5 0x560e756245bd <unknown>\n#6 0x560e7564a5e0 <unknown>\n#7 0x560e75624363 <unknown>\n#8 0x560e755f0d63 <unknown>\n#9 0x560e755f19c1 <unknown>\n#10 0x560e75abfa6b <unknown>\n#11 0x560e75ac3951 <unknown>\n#12 0x560e75aa7b62 <unknown>\n#13 0x560e75ac44c4 <unknown>\n#14 0x560e75a8c13f <unknown>\n#15 0x560e75ae86f8 <unknown>\n#16 0x560e75ae88d6 <unknown>\n#17 0x560e75af95a6 <unknown>\n#18 0x7f5e5489caa4 <unknown>\n#19 0x7f5e54929c3c <unknown>\n\n",
      "statusTrace" : "  File \"/home/runner/work/Oblache/Oblache/tests_ui/profile_page.py\", line 40, in click_static_site_button\n    return self.element_is_present_and_clickable(self.locators.STATIC_BUTTON).click()\n           ^^^^^^^^^^^^^^^^^^^^^^^^^^^^^^^^^^^^^^^^^^^^^^^^^^^^^^^^^^^^^^^^^^\n  File \"/home/runner/work/Oblache/Oblache/tests_ui/base_page.py\", line 28, in element_is_present_and_clickable\n    return (Wait(self.driver, self.timeout).until(\n            ^^^^^^^^^^^^^^^^^^^^^^^^^^^^^^^^^^^^^^\n  File \"/opt/hostedtoolcache/Python/3.12.10/x64/lib/python3.12/site-packages/selenium/webdriver/support/wait.py\", line 105, in until\n    raise TimeoutException(message, screen, stacktrace)\n",
      "steps" : [ ],
      "attachments" : [ ],
      "parameters" : [ ],
      "stepsCount" : 0,
      "attachmentsCount" : 0,
      "shouldDisplayMessage" : true,
      "hasContent" : true
    } ],
    "attachments" : [ {
      "uid" : "fb734a2a03be2132",
      "name" : "Screenshot 2025-05-02 01:48:08.342482",
      "source" : "fb734a2a03be2132.png",
      "type" : "image/png",
      "size" : 42458
    } ],
    "parameters" : [ ],
    "stepsCount" : 1,
    "attachmentsCount" : 1,
    "shouldDisplayMessage" : true,
    "hasContent" : true
  },
  "afterStages" : [ {
    "name" : "driver::0",
    "time" : {
      "start" : 1746150488343,
      "stop" : 1746150488403,
      "duration" : 60
    },
    "status" : "passed",
    "steps" : [ ],
    "attachments" : [ ],
    "parameters" : [ ],
    "stepsCount" : 0,
    "attachmentsCount" : 0,
    "shouldDisplayMessage" : false,
    "hasContent" : false
  } ],
  "labels" : [ {
    "name" : "suite",
    "value" : "Test Profile Page."
  }, {
    "name" : "parentSuite",
    "value" : "tests_ui"
  }, {
    "name" : "subSuite",
    "value" : "TestProfilePage"
  }, {
    "name" : "host",
    "value" : "fv-az1922-178"
  }, {
    "name" : "thread",
    "value" : "2469-MainThread"
  }, {
    "name" : "framework",
    "value" : "pytest"
  }, {
    "name" : "language",
    "value" : "cpython3"
  }, {
    "name" : "package",
    "value" : "tests_ui.test_ui"
  }, {
    "name" : "resultFormat",
    "value" : "allure2"
  } ],
  "parameters" : [ ],
  "links" : [ ],
  "hidden" : false,
  "retry" : false,
  "extra" : {
    "severity" : "normal",
    "retries" : [ ],
    "categories" : [ {
      "name" : "Test defects",
      "matchedStatuses" : [ ],
      "flaky" : false
    } ],
    "history" : {
      "statistic" : {
        "failed" : 0,
        "broken" : 226,
        "skipped" : 0,
        "passed" : 1,
        "unknown" : 0,
        "total" : 227
      },
      "items" : [ {
        "uid" : "5bba7c675df50688",
        "reportUrl" : "https://Areso.github.io/Oblache/385//#testresult/5bba7c675df50688",
        "status" : "broken",
        "statusDetails" : "selenium.common.exceptions.TimeoutException: Message: Can't find element by locator ('xpath', '//button[@id=\"menu_button_webpages\"]')\nStacktrace:\n#0 0x563c1bb9475a <unknown>\n#1 0x563c1b6474b0 <unknown>\n#2 0x563c1b6989b3 <unknown>\n#3 0x563c1b698ba1 <unknown>\n#4 0x563c1b6e71f4 <unknown>\n#5 0x563c1b6be5bd <unknown>\n#6 0x563c1b6e45e0 <unknown>\n#7 0x563c1b6be363 <unknown>\n#8 0x563c1b68ad63 <unknown>\n#9 0x563c1b68b9c1 <unknown>\n#10 0x563c1bb59a6b <unknown>\n#11 0x563c1bb5d951 <unknown>\n#12 0x563c1bb41b62 <unknown>\n#13 0x563c1bb5e4c4 <unknown>\n#14 0x563c1bb2613f <unknown>\n#15 0x563c1bb826f8 <unknown>\n#16 0x563c1bb828d6 <unknown>\n#17 0x563c1bb935a6 <unknown>\n#18 0x7fc151c9caa4 <unknown>\n#19 0x7fc151d29c3c <unknown>",
        "time" : {
          "start" : 1746064556972,
          "stop" : 1746064562349,
          "duration" : 5377
        }
      }, {
        "uid" : "1fb9834d1adb8abd",
        "reportUrl" : "https://Areso.github.io/Oblache/384//#testresult/1fb9834d1adb8abd",
        "status" : "broken",
        "statusDetails" : "selenium.common.exceptions.TimeoutException: Message: Can't find element by locator ('xpath', '//button[@id=\"menu_button_webpages\"]')\nStacktrace:\n#0 0x55fe3952acea <unknown>\n#1 0x55fe38fdb5f0 <unknown>\n#2 0x55fe3902ca33 <unknown>\n#3 0x55fe3902cc21 <unknown>\n#4 0x55fe3907b274 <unknown>\n#5 0x55fe3905268d <unknown>\n#6 0x55fe39078660 <unknown>\n#7 0x55fe39052433 <unknown>\n#8 0x55fe3901eea3 <unknown>\n#9 0x55fe3901fb01 <unknown>\n#10 0x55fe394efb3b <unknown>\n#11 0x55fe394f3a21 <unknown>\n#12 0x55fe394d6c32 <unknown>\n#13 0x55fe394f4594 <unknown>\n#14 0x55fe394baeef <unknown>\n#15 0x55fe39518d98 <unknown>\n#16 0x55fe39518f76 <unknown>\n#17 0x55fe39529b36 <unknown>\n#18 0x7fdd7c69caa4 <unknown>\n#19 0x7fdd7c729c3c <unknown>",
        "time" : {
          "start" : 1745977615994,
          "stop" : 1745977621401,
          "duration" : 5407
        }
      }, {
        "uid" : "7c9bed31d23ab929",
        "reportUrl" : "https://Areso.github.io/Oblache/383//#testresult/7c9bed31d23ab929",
        "status" : "broken",
        "statusDetails" : "selenium.common.exceptions.TimeoutException: Message: Can't find element by locator ('xpath', '//button[@id=\"menu_button_webpages\"]')\nStacktrace:\n#0 0x562052a75cea <unknown>\n#1 0x5620525265f0 <unknown>\n#2 0x562052577a33 <unknown>\n#3 0x562052577c21 <unknown>\n#4 0x5620525c6274 <unknown>\n#5 0x56205259d68d <unknown>\n#6 0x5620525c3660 <unknown>\n#7 0x56205259d433 <unknown>\n#8 0x562052569ea3 <unknown>\n#9 0x56205256ab01 <unknown>\n#10 0x562052a3ab3b <unknown>\n#11 0x562052a3ea21 <unknown>\n#12 0x562052a21c32 <unknown>\n#13 0x562052a3f594 <unknown>\n#14 0x562052a05eef <unknown>\n#15 0x562052a63d98 <unknown>\n#16 0x562052a63f76 <unknown>\n#17 0x562052a74b36 <unknown>\n#18 0x7fc0a609caa4 <unknown>\n#19 0x7fc0a6129c3c <unknown>",
        "time" : {
          "start" : 1745891280595,
          "stop" : 1745891286039,
          "duration" : 5444
        }
      }, {
        "uid" : "1854b23abf36143a",
        "reportUrl" : "https://Areso.github.io/Oblache/382//#testresult/1854b23abf36143a",
        "status" : "broken",
        "statusDetails" : "selenium.common.exceptions.TimeoutException: Message: Can't find element by locator ('xpath', '//button[@id=\"menu_button_webpages\"]')\nStacktrace:\n#0 0x55a9119c9cea <unknown>\n#1 0x55a91147a5f0 <unknown>\n#2 0x55a9114cba33 <unknown>\n#3 0x55a9114cbc21 <unknown>\n#4 0x55a91151a274 <unknown>\n#5 0x55a9114f168d <unknown>\n#6 0x55a911517660 <unknown>\n#7 0x55a9114f1433 <unknown>\n#8 0x55a9114bdea3 <unknown>\n#9 0x55a9114beb01 <unknown>\n#10 0x55a91198eb3b <unknown>\n#11 0x55a911992a21 <unknown>\n#12 0x55a911975c32 <unknown>\n#13 0x55a911993594 <unknown>\n#14 0x55a911959eef <unknown>\n#15 0x55a9119b7d98 <unknown>\n#16 0x55a9119b7f76 <unknown>\n#17 0x55a9119c8b36 <unknown>\n#18 0x7ffa0fe9caa4 <unknown>\n#19 0x7ffa0ff29c3c <unknown>",
        "time" : {
          "start" : 1745805007837,
          "stop" : 1745805012870,
          "duration" : 5033
        }
      }, {
        "uid" : "feb56e904e9963c5",
        "reportUrl" : "https://Areso.github.io/Oblache/381//#testresult/feb56e904e9963c5",
        "status" : "broken",
        "statusDetails" : "selenium.common.exceptions.TimeoutException: Message: Can't find element by locator ('xpath', '//button[@id=\"menu_button_webpages\"]')\nStacktrace:\n#0 0x556c8d0e8cea <unknown>\n#1 0x556c8cb995f0 <unknown>\n#2 0x556c8cbeaa33 <unknown>\n#3 0x556c8cbeac21 <unknown>\n#4 0x556c8cc39274 <unknown>\n#5 0x556c8cc1068d <unknown>\n#6 0x556c8cc36660 <unknown>\n#7 0x556c8cc10433 <unknown>\n#8 0x556c8cbdcea3 <unknown>\n#9 0x556c8cbddb01 <unknown>\n#10 0x556c8d0adb3b <unknown>\n#11 0x556c8d0b1a21 <unknown>\n#12 0x556c8d094c32 <unknown>\n#13 0x556c8d0b2594 <unknown>\n#14 0x556c8d078eef <unknown>\n#15 0x556c8d0d6d98 <unknown>\n#16 0x556c8d0d6f76 <unknown>\n#17 0x556c8d0e7b36 <unknown>\n#18 0x7f857249caa4 <unknown>\n#19 0x7f8572529c3c <unknown>",
        "time" : {
          "start" : 1745718719793,
          "stop" : 1745718724979,
          "duration" : 5186
        }
      }, {
        "uid" : "a204601564d3657",
        "reportUrl" : "https://Areso.github.io/Oblache/380//#testresult/a204601564d3657",
        "status" : "broken",
        "statusDetails" : "selenium.common.exceptions.TimeoutException: Message: Can't find element by locator ('xpath', '//button[@id=\"menu_button_webpages\"]')\nStacktrace:\n#0 0x557637a5fcea <unknown>\n#1 0x5576375105f0 <unknown>\n#2 0x557637561a33 <unknown>\n#3 0x557637561c21 <unknown>\n#4 0x5576375b0274 <unknown>\n#5 0x55763758768d <unknown>\n#6 0x5576375ad660 <unknown>\n#7 0x557637587433 <unknown>\n#8 0x557637553ea3 <unknown>\n#9 0x557637554b01 <unknown>\n#10 0x557637a24b3b <unknown>\n#11 0x557637a28a21 <unknown>\n#12 0x557637a0bc32 <unknown>\n#13 0x557637a29594 <unknown>\n#14 0x5576379efeef <unknown>\n#15 0x557637a4dd98 <unknown>\n#16 0x557637a4df76 <unknown>\n#17 0x557637a5eb36 <unknown>\n#18 0x7fa0e9e9caa4 <unknown>\n#19 0x7fa0e9f29c3c <unknown>",
        "time" : {
          "start" : 1745631785200,
          "stop" : 1745631790678,
          "duration" : 5478
        }
      }, {
        "uid" : "1d7529521cbb0621",
        "reportUrl" : "https://Areso.github.io/Oblache/379//#testresult/1d7529521cbb0621",
        "status" : "broken",
        "statusDetails" : "selenium.common.exceptions.TimeoutException: Message: Can't find element by locator ('xpath', '//button[@id=\"menu_button_webpages\"]')\nStacktrace:\n#0 0x55f45f5a7cea <unknown>\n#1 0x55f45f0585f0 <unknown>\n#2 0x55f45f0a9a33 <unknown>\n#3 0x55f45f0a9c21 <unknown>\n#4 0x55f45f0f8274 <unknown>\n#5 0x55f45f0cf68d <unknown>\n#6 0x55f45f0f5660 <unknown>\n#7 0x55f45f0cf433 <unknown>\n#8 0x55f45f09bea3 <unknown>\n#9 0x55f45f09cb01 <unknown>\n#10 0x55f45f56cb3b <unknown>\n#11 0x55f45f570a21 <unknown>\n#12 0x55f45f553c32 <unknown>\n#13 0x55f45f571594 <unknown>\n#14 0x55f45f537eef <unknown>\n#15 0x55f45f595d98 <unknown>\n#16 0x55f45f595f76 <unknown>\n#17 0x55f45f5a6b36 <unknown>\n#18 0x7f48ee89caa4 <unknown>\n#19 0x7f48ee929c3c <unknown>",
        "time" : {
          "start" : 1745545617324,
          "stop" : 1745545622759,
          "duration" : 5435
        }
      }, {
        "uid" : "a37c55e4ba414d8",
        "reportUrl" : "https://Areso.github.io/Oblache/378//#testresult/a37c55e4ba414d8",
        "status" : "broken",
        "statusDetails" : "selenium.common.exceptions.TimeoutException: Message: Can't find element by locator ('xpath', '//button[@id=\"menu_button_webpages\"]')\nStacktrace:\n#0 0x559b5b33dcea <unknown>\n#1 0x559b5adee5f0 <unknown>\n#2 0x559b5ae3fa33 <unknown>\n#3 0x559b5ae3fc21 <unknown>\n#4 0x559b5ae8e274 <unknown>\n#5 0x559b5ae6568d <unknown>\n#6 0x559b5ae8b660 <unknown>\n#7 0x559b5ae65433 <unknown>\n#8 0x559b5ae31ea3 <unknown>\n#9 0x559b5ae32b01 <unknown>\n#10 0x559b5b302b3b <unknown>\n#11 0x559b5b306a21 <unknown>\n#12 0x559b5b2e9c32 <unknown>\n#13 0x559b5b307594 <unknown>\n#14 0x559b5b2cdeef <unknown>\n#15 0x559b5b32bd98 <unknown>\n#16 0x559b5b32bf76 <unknown>\n#17 0x559b5b33cb36 <unknown>\n#18 0x7f83a9a9caa4 <unknown>\n#19 0x7f83a9b29c3c <unknown>",
        "time" : {
          "start" : 1745459171943,
          "stop" : 1745459177067,
          "duration" : 5124
        }
      }, {
        "uid" : "c14699b4ed224206",
        "reportUrl" : "https://Areso.github.io/Oblache/377//#testresult/c14699b4ed224206",
        "status" : "broken",
        "statusDetails" : "selenium.common.exceptions.TimeoutException: Message: Can't find element by locator ('xpath', '//button[@id=\"menu_button_webpages\"]')\nStacktrace:\n#0 0x558165803d0a <unknown>\n#1 0x5581652b45f0 <unknown>\n#2 0x558165305a33 <unknown>\n#3 0x558165305c21 <unknown>\n#4 0x558165354274 <unknown>\n#5 0x55816532b68d <unknown>\n#6 0x558165351660 <unknown>\n#7 0x55816532b433 <unknown>\n#8 0x5581652f7ea3 <unknown>\n#9 0x5581652f8b01 <unknown>\n#10 0x5581657c8b5b <unknown>\n#11 0x5581657cca41 <unknown>\n#12 0x5581657afc52 <unknown>\n#13 0x5581657cd5b4 <unknown>\n#14 0x558165793f0f <unknown>\n#15 0x5581657f1db8 <unknown>\n#16 0x5581657f1f96 <unknown>\n#17 0x558165802b56 <unknown>\n#18 0x7f93dc89caa4 <unknown>\n#19 0x7f93dc929c3c <unknown>",
        "time" : {
          "start" : 1745372754760,
          "stop" : 1745372760139,
          "duration" : 5379
        }
      }, {
        "uid" : "888e97b3d0268b23",
        "reportUrl" : "https://Areso.github.io/Oblache/376//#testresult/888e97b3d0268b23",
        "status" : "broken",
        "statusDetails" : "selenium.common.exceptions.TimeoutException: Message: Can't find element by locator ('xpath', '//button[@id=\"menu_button_webpages\"]')\nStacktrace:\n#0 0x55c791d74d0a <unknown>\n#1 0x55c7918255f0 <unknown>\n#2 0x55c791876a33 <unknown>\n#3 0x55c791876c21 <unknown>\n#4 0x55c7918c5274 <unknown>\n#5 0x55c79189c68d <unknown>\n#6 0x55c7918c2660 <unknown>\n#7 0x55c79189c433 <unknown>\n#8 0x55c791868ea3 <unknown>\n#9 0x55c791869b01 <unknown>\n#10 0x55c791d39b5b <unknown>\n#11 0x55c791d3da41 <unknown>\n#12 0x55c791d20c52 <unknown>\n#13 0x55c791d3e5b4 <unknown>\n#14 0x55c791d04f0f <unknown>\n#15 0x55c791d62db8 <unknown>\n#16 0x55c791d62f96 <unknown>\n#17 0x55c791d73b56 <unknown>\n#18 0x7f429ba9caa4 <unknown>\n#19 0x7f429bb29c3c <unknown>",
        "time" : {
          "start" : 1745286363417,
          "stop" : 1745286368884,
          "duration" : 5467
        }
      }, {
        "uid" : "a8f20ee67169ec0e",
        "reportUrl" : "https://Areso.github.io/Oblache/375//#testresult/a8f20ee67169ec0e",
        "status" : "broken",
        "statusDetails" : "selenium.common.exceptions.TimeoutException: Message: Can't find element by locator ('xpath', '//button[@id=\"menu_button_webpages\"]')\nStacktrace:\n#0 0x558762dbed0a <unknown>\n#1 0x55876286f5f0 <unknown>\n#2 0x5587628c0a33 <unknown>\n#3 0x5587628c0c21 <unknown>\n#4 0x55876290f274 <unknown>\n#5 0x5587628e668d <unknown>\n#6 0x55876290c660 <unknown>\n#7 0x5587628e6433 <unknown>\n#8 0x5587628b2ea3 <unknown>\n#9 0x5587628b3b01 <unknown>\n#10 0x558762d83b5b <unknown>\n#11 0x558762d87a41 <unknown>\n#12 0x558762d6ac52 <unknown>\n#13 0x558762d885b4 <unknown>\n#14 0x558762d4ef0f <unknown>\n#15 0x558762dacdb8 <unknown>\n#16 0x558762dacf96 <unknown>\n#17 0x558762dbdb56 <unknown>\n#18 0x7f8ced09caa4 <unknown>\n#19 0x7f8ced129c3c <unknown>",
        "time" : {
          "start" : 1745200208041,
          "stop" : 1745200213063,
          "duration" : 5022
        }
      }, {
        "uid" : "878409a4cf07f2df",
        "reportUrl" : "https://Areso.github.io/Oblache/374//#testresult/878409a4cf07f2df",
        "status" : "broken",
        "statusDetails" : "selenium.common.exceptions.TimeoutException: Message: Can't find element by locator ('xpath', '//button[@id=\"menu_button_webpages\"]')\nStacktrace:\n#0 0x561e3b3ddd0a <unknown>\n#1 0x561e3ae8e5f0 <unknown>\n#2 0x561e3aedfa33 <unknown>\n#3 0x561e3aedfc21 <unknown>\n#4 0x561e3af2e274 <unknown>\n#5 0x561e3af0568d <unknown>\n#6 0x561e3af2b660 <unknown>\n#7 0x561e3af05433 <unknown>\n#8 0x561e3aed1ea3 <unknown>\n#9 0x561e3aed2b01 <unknown>\n#10 0x561e3b3a2b5b <unknown>\n#11 0x561e3b3a6a41 <unknown>\n#12 0x561e3b389c52 <unknown>\n#13 0x561e3b3a75b4 <unknown>\n#14 0x561e3b36df0f <unknown>\n#15 0x561e3b3cbdb8 <unknown>\n#16 0x561e3b3cbf96 <unknown>\n#17 0x561e3b3dcb56 <unknown>\n#18 0x7fa85929caa4 <unknown>\n#19 0x7fa859329c3c <unknown>",
        "time" : {
          "start" : 1745113865884,
          "stop" : 1745113871334,
          "duration" : 5450
        }
      }, {
        "uid" : "642cdca6088a3ecd",
        "reportUrl" : "https://Areso.github.io/Oblache/373//#testresult/642cdca6088a3ecd",
        "status" : "broken",
        "statusDetails" : "selenium.common.exceptions.TimeoutException: Message: Can't find element by locator ('xpath', '//button[@id=\"menu_button_webpages\"]')\nStacktrace:\n#0 0x56105172bd0a <unknown>\n#1 0x5610511dc5f0 <unknown>\n#2 0x56105122da33 <unknown>\n#3 0x56105122dc21 <unknown>\n#4 0x56105127c274 <unknown>\n#5 0x56105125368d <unknown>\n#6 0x561051279660 <unknown>\n#7 0x561051253433 <unknown>\n#8 0x56105121fea3 <unknown>\n#9 0x561051220b01 <unknown>\n#10 0x5610516f0b5b <unknown>\n#11 0x5610516f4a41 <unknown>\n#12 0x5610516d7c52 <unknown>\n#13 0x5610516f55b4 <unknown>\n#14 0x5610516bbf0f <unknown>\n#15 0x561051719db8 <unknown>\n#16 0x561051719f96 <unknown>\n#17 0x56105172ab56 <unknown>\n#18 0x7fc23ec9caa4 <unknown>\n#19 0x7fc23ed29c3c <unknown>",
        "time" : {
          "start" : 1745026852919,
          "stop" : 1745026858318,
          "duration" : 5399
        }
      }, {
        "uid" : "42e8cbfeb45d515a",
        "reportUrl" : "https://Areso.github.io/Oblache/372//#testresult/42e8cbfeb45d515a",
        "status" : "broken",
        "statusDetails" : "selenium.common.exceptions.TimeoutException: Message: Can't find element by locator ('xpath', '//button[@id=\"menu_button_webpages\"]')\nStacktrace:\n#0 0x561faca51d0a <unknown>\n#1 0x561fac5025f0 <unknown>\n#2 0x561fac553a33 <unknown>\n#3 0x561fac553c21 <unknown>\n#4 0x561fac5a2274 <unknown>\n#5 0x561fac57968d <unknown>\n#6 0x561fac59f660 <unknown>\n#7 0x561fac579433 <unknown>\n#8 0x561fac545ea3 <unknown>\n#9 0x561fac546b01 <unknown>\n#10 0x561faca16b5b <unknown>\n#11 0x561faca1aa41 <unknown>\n#12 0x561fac9fdc52 <unknown>\n#13 0x561faca1b5b4 <unknown>\n#14 0x561fac9e1f0f <unknown>\n#15 0x561faca3fdb8 <unknown>\n#16 0x561faca3ff96 <unknown>\n#17 0x561faca50b56 <unknown>\n#18 0x7f1280e9caa4 <unknown>\n#19 0x7f1280f29c3c <unknown>",
        "time" : {
          "start" : 1744940583692,
          "stop" : 1744940589094,
          "duration" : 5402
        }
      }, {
        "uid" : "617e5a90e94e2b96",
        "reportUrl" : "https://Areso.github.io/Oblache/371//#testresult/617e5a90e94e2b96",
        "status" : "broken",
        "statusDetails" : "selenium.common.exceptions.TimeoutException: Message: Can't find element by locator ('xpath', '//button[@id=\"menu_button_webpages\"]')\nStacktrace:\n#0 0x557fad390d0a <unknown>\n#1 0x557face415f0 <unknown>\n#2 0x557face92a33 <unknown>\n#3 0x557face92c21 <unknown>\n#4 0x557facee1274 <unknown>\n#5 0x557faceb868d <unknown>\n#6 0x557facede660 <unknown>\n#7 0x557faceb8433 <unknown>\n#8 0x557face84ea3 <unknown>\n#9 0x557face85b01 <unknown>\n#10 0x557fad355b5b <unknown>\n#11 0x557fad359a41 <unknown>\n#12 0x557fad33cc52 <unknown>\n#13 0x557fad35a5b4 <unknown>\n#14 0x557fad320f0f <unknown>\n#15 0x557fad37edb8 <unknown>\n#16 0x557fad37ef96 <unknown>\n#17 0x557fad38fb56 <unknown>\n#18 0x7ff41729caa4 <unknown>\n#19 0x7ff417329c3c <unknown>",
        "time" : {
          "start" : 1744854325021,
          "stop" : 1744854330127,
          "duration" : 5106
        }
      }, {
        "uid" : "13152bce2019582e",
        "reportUrl" : "https://Areso.github.io/Oblache/370//#testresult/13152bce2019582e",
        "status" : "broken",
        "statusDetails" : "selenium.common.exceptions.TimeoutException: Message: Can't find element by locator ('xpath', '//button[@id=\"menu_button_webpages\"]')\nStacktrace:\n#0 0x561bd781ee6a <unknown>\n#1 0x561bd72d0640 <unknown>\n#2 0x561bd7321b5a <unknown>\n#3 0x561bd7321d51 <unknown>\n#4 0x561bd7370344 <unknown>\n#5 0x561bd734777d <unknown>\n#6 0x561bd736d7b5 <unknown>\n#7 0x561bd7347523 <unknown>\n#8 0x561bd7313ef3 <unknown>\n#9 0x561bd7314b51 <unknown>\n#10 0x561bd77e3d2b <unknown>\n#11 0x561bd77e7c01 <unknown>\n#12 0x561bd77cb512 <unknown>\n#13 0x561bd77e8774 <unknown>\n#14 0x561bd77af90f <unknown>\n#15 0x561bd780cfb8 <unknown>\n#16 0x561bd780d196 <unknown>\n#17 0x561bd781dcb6 <unknown>\n#18 0x7f134e49caa4 <unknown>\n#19 0x7f134e529c3c <unknown>",
        "time" : {
          "start" : 1744768018393,
          "stop" : 1744768023423,
          "duration" : 5030
        }
      }, {
        "uid" : "60ac9f147ee2095e",
        "reportUrl" : "https://Areso.github.io/Oblache/369//#testresult/60ac9f147ee2095e",
        "status" : "broken",
        "statusDetails" : "selenium.common.exceptions.TimeoutException: Message: Can't find element by locator ('xpath', '//button[@id=\"menu_button_webpages\"]')\nStacktrace:\n#0 0x556c4c37de6a <unknown>\n#1 0x556c4be2f640 <unknown>\n#2 0x556c4be80b5a <unknown>\n#3 0x556c4be80d51 <unknown>\n#4 0x556c4becf344 <unknown>\n#5 0x556c4bea677d <unknown>\n#6 0x556c4becc7b5 <unknown>\n#7 0x556c4bea6523 <unknown>\n#8 0x556c4be72ef3 <unknown>\n#9 0x556c4be73b51 <unknown>\n#10 0x556c4c342d2b <unknown>\n#11 0x556c4c346c01 <unknown>\n#12 0x556c4c32a512 <unknown>\n#13 0x556c4c347774 <unknown>\n#14 0x556c4c30e90f <unknown>\n#15 0x556c4c36bfb8 <unknown>\n#16 0x556c4c36c196 <unknown>\n#17 0x556c4c37ccb6 <unknown>\n#18 0x7fc21329caa4 <unknown>\n#19 0x7fc213329c3c <unknown>",
        "time" : {
          "start" : 1744681624246,
          "stop" : 1744681629664,
          "duration" : 5418
        }
      }, {
        "uid" : "b2e2aed6234b579",
        "reportUrl" : "https://Areso.github.io/Oblache/368//#testresult/b2e2aed6234b579",
        "status" : "broken",
        "statusDetails" : "selenium.common.exceptions.TimeoutException: Message: Can't find element by locator ('xpath', '//button[@id=\"menu_button_webpages\"]')\nStacktrace:\n#0 0x56003a1a3e6a <unknown>\n#1 0x560039c55640 <unknown>\n#2 0x560039ca6b5a <unknown>\n#3 0x560039ca6d51 <unknown>\n#4 0x560039cf5344 <unknown>\n#5 0x560039ccc77d <unknown>\n#6 0x560039cf27b5 <unknown>\n#7 0x560039ccc523 <unknown>\n#8 0x560039c98ef3 <unknown>\n#9 0x560039c99b51 <unknown>\n#10 0x56003a168d2b <unknown>\n#11 0x56003a16cc01 <unknown>\n#12 0x56003a150512 <unknown>\n#13 0x56003a16d774 <unknown>\n#14 0x56003a13490f <unknown>\n#15 0x56003a191fb8 <unknown>\n#16 0x56003a192196 <unknown>\n#17 0x56003a1a2cb6 <unknown>\n#18 0x7f93bc29caa4 <unknown>\n#19 0x7f93bc329c3c <unknown>",
        "time" : {
          "start" : 1744595273002,
          "stop" : 1744595278428,
          "duration" : 5426
        }
      }, {
        "uid" : "8a09afcfa364af74",
        "reportUrl" : "https://Areso.github.io/Oblache/367//#testresult/8a09afcfa364af74",
        "status" : "broken",
        "statusDetails" : "selenium.common.exceptions.TimeoutException: Message: Can't find element by locator ('xpath', '//button[@id=\"menu_button_webpages\"]')\nStacktrace:\n#0 0x55e11d673e6a <unknown>\n#1 0x55e11d125640 <unknown>\n#2 0x55e11d176b5a <unknown>\n#3 0x55e11d176d51 <unknown>\n#4 0x55e11d1c5344 <unknown>\n#5 0x55e11d19c77d <unknown>\n#6 0x55e11d1c27b5 <unknown>\n#7 0x55e11d19c523 <unknown>\n#8 0x55e11d168ef3 <unknown>\n#9 0x55e11d169b51 <unknown>\n#10 0x55e11d638d2b <unknown>\n#11 0x55e11d63cc01 <unknown>\n#12 0x55e11d620512 <unknown>\n#13 0x55e11d63d774 <unknown>\n#14 0x55e11d60490f <unknown>\n#15 0x55e11d661fb8 <unknown>\n#16 0x55e11d662196 <unknown>\n#17 0x55e11d672cb6 <unknown>\n#18 0x7f52f6e9caa4 <unknown>\n#19 0x7f52f6f29c3c <unknown>",
        "time" : {
          "start" : 1744513866118,
          "stop" : 1744513871568,
          "duration" : 5450
        }
      }, {
        "uid" : "dd836b434ddd6c48",
        "reportUrl" : "https://Areso.github.io/Oblache/366//#testresult/dd836b434ddd6c48",
        "status" : "broken",
        "statusDetails" : "selenium.common.exceptions.TimeoutException: Message: Can't find element by locator ('xpath', '//button[@id=\"menu_button_webpages\"]')\nStacktrace:\n#0 0x55d386759e6a <unknown>\n#1 0x55d38620b640 <unknown>\n#2 0x55d38625cb5a <unknown>\n#3 0x55d38625cd51 <unknown>\n#4 0x55d3862ab344 <unknown>\n#5 0x55d38628277d <unknown>\n#6 0x55d3862a87b5 <unknown>\n#7 0x55d386282523 <unknown>\n#8 0x55d38624eef3 <unknown>\n#9 0x55d38624fb51 <unknown>\n#10 0x55d38671ed2b <unknown>\n#11 0x55d386722c01 <unknown>\n#12 0x55d386706512 <unknown>\n#13 0x55d386723774 <unknown>\n#14 0x55d3866ea90f <unknown>\n#15 0x55d386747fb8 <unknown>\n#16 0x55d386748196 <unknown>\n#17 0x55d386758cb6 <unknown>\n#18 0x7f9f89e9caa4 <unknown>\n#19 0x7f9f89f29c3c <unknown>",
        "time" : {
          "start" : 1744422053775,
          "stop" : 1744422059197,
          "duration" : 5422
        }
      } ]
    },
    "tags" : [ ]
  },
  "source" : "dc2fb496084a992.json",
  "parameterValues" : [ ]
}