{
  "uid" : "27e42177adeabfe8",
  "name" : "test_create_database",
  "fullName" : "tests_ui.test_ui.TestProfilePage#test_create_database",
  "historyId" : "4762f7b87391625d86f9ea8dbdd3b406",
  "time" : {
    "start" : 1716166700870,
    "stop" : 1716166708523,
    "duration" : 7653
  },
  "status" : "broken",
  "statusMessage" : "selenium.common.exceptions.TimeoutException: Message: Can't find element by locator ('xpath', '//div[@id=\"msg_from_server\"]')",
  "statusTrace" : "self = <tests_ui.test_ui.TestUI.TestProfilePage object at 0x7f8c7f2e4890>\ndriver = <selenium.webdriver.chrome.webdriver.WebDriver (session=\"41a2da30257b2c68d0f8a94cb03b6552\")>\nauthorization_user = <tests_ui.login_page.LoginPage object at 0x7f8c7e982ff0>\n\n    @allure.title('test_create_database')\n    def test_create_database(self, driver, authorization_user):\n        page = ProfilePage(driver)\n>       page.compare_database_status()\n\ntests_ui/test_ui.py:62: \n_ _ _ _ _ _ _ _ _ _ _ _ _ _ _ _ _ _ _ _ _ _ _ _ _ _ _ _ _ _ _ _ _ _ _ _ _ _ _ _ \ntests_ui/profile_page.py:144: in compare_database_status\n    msg = self.element_is_visible(self.locators.MSG_FROM_SERVER).text\ntests_ui/base_page.py:33: in element_is_visible\n    return Wait(self.driver, self.timeout).until(\n_ _ _ _ _ _ _ _ _ _ _ _ _ _ _ _ _ _ _ _ _ _ _ _ _ _ _ _ _ _ _ _ _ _ _ _ _ _ _ _ \n\nself = <selenium.webdriver.support.wait.WebDriverWait (session=\"41a2da30257b2c68d0f8a94cb03b6552\")>\nmethod = <function visibility_of_element_located.<locals>._predicate at 0x7f8c7e969b20>\nmessage = 'Can\\'t find element by locator (\\'xpath\\', \\'//div[@id=\"msg_from_server\"]\\')'\n\n    def until(self, method: Callable[[D], Union[Literal[False], T]], message: str = \"\") -> T:\n        \"\"\"Calls the method provided with the driver as an argument until the \\\n        return value does not evaluate to ``False``.\n    \n        :param method: callable(WebDriver)\n        :param message: optional message for :exc:`TimeoutException`\n        :returns: the result of the last call to `method`\n        :raises: :exc:`selenium.common.exceptions.TimeoutException` if timeout occurs\n        \"\"\"\n        screen = None\n        stacktrace = None\n    \n        end_time = time.monotonic() + self._timeout\n        while True:\n            try:\n                value = method(self._driver)\n                if value:\n                    return value\n            except self._ignored_exceptions as exc:\n                screen = getattr(exc, \"screen\", None)\n                stacktrace = getattr(exc, \"stacktrace\", None)\n            time.sleep(self._poll)\n            if time.monotonic() > end_time:\n                break\n>       raise TimeoutException(message, screen, stacktrace)\nE       selenium.common.exceptions.TimeoutException: Message: Can't find element by locator ('xpath', '//div[@id=\"msg_from_server\"]')\n\n/opt/hostedtoolcache/Python/3.12.3/x64/lib/python3.12/site-packages/selenium/webdriver/support/wait.py:105: TimeoutException",
  "flaky" : false,
  "newFailed" : false,
  "beforeStages" : [ {
    "name" : "authorization_user",
    "time" : {
      "start" : 1716166699485,
      "stop" : 1716166700869,
      "duration" : 1384
    },
    "status" : "passed",
    "steps" : [ {
      "name" : "Open page: https://oblache.areso.pro/register.html",
      "time" : {
        "start" : 1716166699485,
        "stop" : 1716166699830,
        "duration" : 345
      },
      "status" : "passed",
      "steps" : [ ],
      "attachments" : [ ],
      "parameters" : [ ],
      "stepsCount" : 0,
      "attachmentsCount" : 0,
      "shouldDisplayMessage" : false,
      "hasContent" : false
    }, {
      "name" : "login_user",
      "time" : {
        "start" : 1716166699830,
        "stop" : 1716166700869,
        "duration" : 1039
      },
      "status" : "passed",
      "steps" : [ {
        "name" : "Enter email.",
        "time" : {
          "start" : 1716166699830,
          "stop" : 1716166699881,
          "duration" : 51
        },
        "status" : "passed",
        "steps" : [ ],
        "attachments" : [ ],
        "parameters" : [ ],
        "stepsCount" : 0,
        "attachmentsCount" : 0,
        "shouldDisplayMessage" : false,
        "hasContent" : false
      }, {
        "name" : "Enter password.",
        "time" : {
          "start" : 1716166699881,
          "stop" : 1716166699921,
          "duration" : 40
        },
        "status" : "passed",
        "steps" : [ ],
        "attachments" : [ ],
        "parameters" : [ ],
        "stepsCount" : 0,
        "attachmentsCount" : 0,
        "shouldDisplayMessage" : false,
        "hasContent" : false
      }, {
        "name" : "Click button \"Login\"",
        "time" : {
          "start" : 1716166699921,
          "stop" : 1716166699983,
          "duration" : 62
        },
        "status" : "passed",
        "steps" : [ {
          "name" : "element_is_present_and_clickable",
          "time" : {
            "start" : 1716166699922,
            "stop" : 1716166699956,
            "duration" : 34
          },
          "status" : "passed",
          "steps" : [ ],
          "attachments" : [ ],
          "parameters" : [ {
            "name" : "locator",
            "value" : "('xpath', '//input[@id=\"inp_regform_login_submit\"]')"
          } ],
          "stepsCount" : 0,
          "attachmentsCount" : 0,
          "shouldDisplayMessage" : false,
          "hasContent" : true
        } ],
        "attachments" : [ ],
        "parameters" : [ ],
        "stepsCount" : 1,
        "attachmentsCount" : 0,
        "shouldDisplayMessage" : false,
        "hasContent" : true
      }, {
        "name" : "Check url is present: https://oblache.areso.pro/profile.html",
        "time" : {
          "start" : 1716166699983,
          "stop" : 1716166700869,
          "duration" : 886
        },
        "status" : "passed",
        "steps" : [ ],
        "attachments" : [ ],
        "parameters" : [ ],
        "stepsCount" : 0,
        "attachmentsCount" : 0,
        "shouldDisplayMessage" : false,
        "hasContent" : false
      } ],
      "attachments" : [ ],
      "parameters" : [ ],
      "stepsCount" : 5,
      "attachmentsCount" : 0,
      "shouldDisplayMessage" : false,
      "hasContent" : true
    } ],
    "attachments" : [ ],
    "parameters" : [ ],
    "stepsCount" : 7,
    "attachmentsCount" : 0,
    "shouldDisplayMessage" : false,
    "hasContent" : true
  }, {
    "name" : "driver",
    "time" : {
      "start" : 1716166699287,
      "stop" : 1716166699484,
      "duration" : 197
    },
    "status" : "passed",
    "steps" : [ ],
    "attachments" : [ ],
    "parameters" : [ ],
    "stepsCount" : 0,
    "attachmentsCount" : 0,
    "shouldDisplayMessage" : false,
    "hasContent" : false
  } ],
  "testStage" : {
    "status" : "broken",
    "statusMessage" : "selenium.common.exceptions.TimeoutException: Message: Can't find element by locator ('xpath', '//div[@id=\"msg_from_server\"]')",
    "statusTrace" : "self = <tests_ui.test_ui.TestUI.TestProfilePage object at 0x7f8c7f2e4890>\ndriver = <selenium.webdriver.chrome.webdriver.WebDriver (session=\"41a2da30257b2c68d0f8a94cb03b6552\")>\nauthorization_user = <tests_ui.login_page.LoginPage object at 0x7f8c7e982ff0>\n\n    @allure.title('test_create_database')\n    def test_create_database(self, driver, authorization_user):\n        page = ProfilePage(driver)\n>       page.compare_database_status()\n\ntests_ui/test_ui.py:62: \n_ _ _ _ _ _ _ _ _ _ _ _ _ _ _ _ _ _ _ _ _ _ _ _ _ _ _ _ _ _ _ _ _ _ _ _ _ _ _ _ \ntests_ui/profile_page.py:144: in compare_database_status\n    msg = self.element_is_visible(self.locators.MSG_FROM_SERVER).text\ntests_ui/base_page.py:33: in element_is_visible\n    return Wait(self.driver, self.timeout).until(\n_ _ _ _ _ _ _ _ _ _ _ _ _ _ _ _ _ _ _ _ _ _ _ _ _ _ _ _ _ _ _ _ _ _ _ _ _ _ _ _ \n\nself = <selenium.webdriver.support.wait.WebDriverWait (session=\"41a2da30257b2c68d0f8a94cb03b6552\")>\nmethod = <function visibility_of_element_located.<locals>._predicate at 0x7f8c7e969b20>\nmessage = 'Can\\'t find element by locator (\\'xpath\\', \\'//div[@id=\"msg_from_server\"]\\')'\n\n    def until(self, method: Callable[[D], Union[Literal[False], T]], message: str = \"\") -> T:\n        \"\"\"Calls the method provided with the driver as an argument until the \\\n        return value does not evaluate to ``False``.\n    \n        :param method: callable(WebDriver)\n        :param message: optional message for :exc:`TimeoutException`\n        :returns: the result of the last call to `method`\n        :raises: :exc:`selenium.common.exceptions.TimeoutException` if timeout occurs\n        \"\"\"\n        screen = None\n        stacktrace = None\n    \n        end_time = time.monotonic() + self._timeout\n        while True:\n            try:\n                value = method(self._driver)\n                if value:\n                    return value\n            except self._ignored_exceptions as exc:\n                screen = getattr(exc, \"screen\", None)\n                stacktrace = getattr(exc, \"stacktrace\", None)\n            time.sleep(self._poll)\n            if time.monotonic() > end_time:\n                break\n>       raise TimeoutException(message, screen, stacktrace)\nE       selenium.common.exceptions.TimeoutException: Message: Can't find element by locator ('xpath', '//div[@id=\"msg_from_server\"]')\n\n/opt/hostedtoolcache/Python/3.12.3/x64/lib/python3.12/site-packages/selenium/webdriver/support/wait.py:105: TimeoutException",
    "steps" : [ {
      "name" : "compare_database_status",
      "time" : {
        "start" : 1716166700870,
        "stop" : 1716166708522,
        "duration" : 7652
      },
      "status" : "broken",
      "statusMessage" : "selenium.common.exceptions.TimeoutException: Message: Can't find element by locator ('xpath', '//div[@id=\"msg_from_server\"]')\n\n",
      "statusTrace" : "  File \"/opt/hostedtoolcache/Python/3.12.3/x64/lib/python3.12/site-packages/allure_commons/_allure.py\", line 192, in impl\n    return func(*a, **kw)\n           ^^^^^^^^^^^^^^\n  File \"/home/runner/work/Oblache/Oblache/tests_ui/profile_page.py\", line 144, in compare_database_status\n    msg = self.element_is_visible(self.locators.MSG_FROM_SERVER).text\n          ^^^^^^^^^^^^^^^^^^^^^^^^^^^^^^^^^^^^^^^^^^^^^^^^^^^^^^\n  File \"/home/runner/work/Oblache/Oblache/tests_ui/base_page.py\", line 33, in element_is_visible\n    return Wait(self.driver, self.timeout).until(\n           ^^^^^^^^^^^^^^^^^^^^^^^^^^^^^^^^^^^^^^\n  File \"/opt/hostedtoolcache/Python/3.12.3/x64/lib/python3.12/site-packages/selenium/webdriver/support/wait.py\", line 105, in until\n    raise TimeoutException(message, screen, stacktrace)\n",
      "steps" : [ {
        "name" : "Click button Status.",
        "time" : {
          "start" : 1716166700870,
          "stop" : 1716166701921,
          "duration" : 1051
        },
        "status" : "passed",
        "steps" : [ {
          "name" : "element_is_present_and_clickable",
          "time" : {
            "start" : 1716166701870,
            "stop" : 1716166701900,
            "duration" : 30
          },
          "status" : "passed",
          "steps" : [ ],
          "attachments" : [ ],
          "parameters" : [ {
            "name" : "locator",
            "value" : "('xpath', '//button[@id=\"menu_button_status\"]')"
          } ],
          "stepsCount" : 0,
          "attachmentsCount" : 0,
          "shouldDisplayMessage" : false,
          "hasContent" : true
        } ],
        "attachments" : [ ],
        "parameters" : [ ],
        "stepsCount" : 1,
        "attachmentsCount" : 0,
        "shouldDisplayMessage" : false,
        "hasContent" : true
      }, {
        "name" : "get_status_data",
        "time" : {
          "start" : 1716166701922,
          "stop" : 1716166702142,
          "duration" : 220
        },
        "status" : "passed",
        "steps" : [ {
          "name" : "Get status data.",
          "time" : {
            "start" : 1716166702141,
            "stop" : 1716166702142,
            "duration" : 1
          },
          "status" : "passed",
          "steps" : [ {
            "name" : "Status data is: {'Email:': 'test4@mail.com', 'is blocked?': '0', 'is db creation allowed?': '0', 'disk db quota, mb': '4', 'disk db used, mb': '0', 'db qty quota': '100', 'db qty used': '100'}",
            "time" : {
              "start" : 1716166702141,
              "stop" : 1716166702142,
              "duration" : 1
            },
            "status" : "passed",
            "steps" : [ ],
            "attachments" : [ ],
            "parameters" : [ ],
            "stepsCount" : 0,
            "attachmentsCount" : 0,
            "shouldDisplayMessage" : false,
            "hasContent" : false
          } ],
          "attachments" : [ ],
          "parameters" : [ ],
          "stepsCount" : 1,
          "attachmentsCount" : 0,
          "shouldDisplayMessage" : false,
          "hasContent" : true
        } ],
        "attachments" : [ ],
        "parameters" : [ ],
        "stepsCount" : 2,
        "attachmentsCount" : 0,
        "shouldDisplayMessage" : false,
        "hasContent" : true
      }, {
        "name" : "Click \"Databases\" button.",
        "time" : {
          "start" : 1716166702142,
          "stop" : 1716166702190,
          "duration" : 48
        },
        "status" : "passed",
        "steps" : [ {
          "name" : "element_is_present_and_clickable",
          "time" : {
            "start" : 1716166702142,
            "stop" : 1716166702170,
            "duration" : 28
          },
          "status" : "passed",
          "steps" : [ ],
          "attachments" : [ ],
          "parameters" : [ {
            "name" : "locator",
            "value" : "('xpath', '//button[@id = \"menu_button_databases\"]')"
          } ],
          "stepsCount" : 0,
          "attachmentsCount" : 0,
          "shouldDisplayMessage" : false,
          "hasContent" : true
        } ],
        "attachments" : [ ],
        "parameters" : [ ],
        "stepsCount" : 1,
        "attachmentsCount" : 0,
        "shouldDisplayMessage" : false,
        "hasContent" : true
      }, {
        "name" : "click_buttons_create_new_db",
        "time" : {
          "start" : 1716166702190,
          "stop" : 1716166702241,
          "duration" : 51
        },
        "status" : "passed",
        "steps" : [ {
          "name" : "Click \"Create new DB\" button.",
          "time" : {
            "start" : 1716166702190,
            "stop" : 1716166702241,
            "duration" : 51
          },
          "status" : "passed",
          "steps" : [ {
            "name" : "element_is_present_and_clickable",
            "time" : {
              "start" : 1716166702190,
              "stop" : 1716166702220,
              "duration" : 30
            },
            "status" : "passed",
            "steps" : [ ],
            "attachments" : [ ],
            "parameters" : [ {
              "name" : "locator",
              "value" : "('xpath', '//button[@id=\"btn_new_db\"]')"
            } ],
            "stepsCount" : 0,
            "attachmentsCount" : 0,
            "shouldDisplayMessage" : false,
            "hasContent" : true
          } ],
          "attachments" : [ ],
          "parameters" : [ ],
          "stepsCount" : 1,
          "attachmentsCount" : 0,
          "shouldDisplayMessage" : false,
          "hasContent" : true
        } ],
        "attachments" : [ ],
        "parameters" : [ ],
        "stepsCount" : 2,
        "attachmentsCount" : 0,
        "shouldDisplayMessage" : false,
        "hasContent" : true
      }, {
        "name" : "Select region \"CIS\".",
        "time" : {
          "start" : 1716166702242,
          "stop" : 1716166703361,
          "duration" : 1119
        },
        "status" : "passed",
        "steps" : [ {
          "name" : "element_is_present_and_clickable",
          "time" : {
            "start" : 1716166702242,
            "stop" : 1716166702269,
            "duration" : 27
          },
          "status" : "passed",
          "steps" : [ ],
          "attachments" : [ ],
          "parameters" : [ {
            "name" : "locator",
            "value" : "('xpath', '//select[@id=\"selectDBRegion\"]')"
          } ],
          "stepsCount" : 0,
          "attachmentsCount" : 0,
          "shouldDisplayMessage" : false,
          "hasContent" : true
        }, {
          "name" : "element_is_present_and_clickable",
          "time" : {
            "start" : 1716166702296,
            "stop" : 1716166703346,
            "duration" : 1050
          },
          "status" : "passed",
          "steps" : [ ],
          "attachments" : [ ],
          "parameters" : [ {
            "name" : "locator",
            "value" : "('xpath', '//select[@id=\"selectDBRegion\"] /option[@value=\"3\"]')"
          } ],
          "stepsCount" : 0,
          "attachmentsCount" : 0,
          "shouldDisplayMessage" : false,
          "hasContent" : true
        } ],
        "attachments" : [ ],
        "parameters" : [ ],
        "stepsCount" : 2,
        "attachmentsCount" : 0,
        "shouldDisplayMessage" : false,
        "hasContent" : true
      }, {
        "name" : "click_buttons_create",
        "time" : {
          "start" : 1716166703361,
          "stop" : 1716166703400,
          "duration" : 39
        },
        "status" : "passed",
        "steps" : [ {
          "name" : "Click \"Create\" button.",
          "time" : {
            "start" : 1716166703361,
            "stop" : 1716166703400,
            "duration" : 39
          },
          "status" : "passed",
          "steps" : [ ],
          "attachments" : [ ],
          "parameters" : [ ],
          "stepsCount" : 0,
          "attachmentsCount" : 0,
          "shouldDisplayMessage" : false,
          "hasContent" : false
        } ],
        "attachments" : [ ],
        "parameters" : [ ],
        "stepsCount" : 1,
        "attachmentsCount" : 0,
        "shouldDisplayMessage" : false,
        "hasContent" : true
      } ],
      "attachments" : [ ],
      "parameters" : [ ],
      "stepsCount" : 15,
      "attachmentsCount" : 0,
      "shouldDisplayMessage" : true,
      "hasContent" : true
    } ],
    "attachments" : [ ],
    "parameters" : [ ],
    "stepsCount" : 16,
    "attachmentsCount" : 0,
    "shouldDisplayMessage" : true,
    "hasContent" : true
  },
  "afterStages" : [ {
    "name" : "driver::0",
    "time" : {
      "start" : 1716166708554,
      "stop" : 1716166708701,
      "duration" : 147
    },
    "status" : "passed",
    "steps" : [ ],
    "attachments" : [ {
      "uid" : "8f85fdeef5c96ea1",
      "name" : "Screenshot 2024-05-20 00:58:28.642451",
      "source" : "8f85fdeef5c96ea1.png",
      "type" : "image/png",
      "size" : 29727
    } ],
    "parameters" : [ ],
    "stepsCount" : 0,
    "attachmentsCount" : 1,
    "shouldDisplayMessage" : false,
    "hasContent" : true
  } ],
  "labels" : [ {
    "name" : "suite",
    "value" : "Test Profile Page."
  }, {
    "name" : "epic",
    "value" : "UI Tests"
  }, {
    "name" : "parentSuite",
    "value" : "tests_ui"
  }, {
    "name" : "subSuite",
    "value" : "TestUI"
  }, {
    "name" : "host",
    "value" : "fv-az1205-55"
  }, {
    "name" : "thread",
    "value" : "2322-MainThread"
  }, {
    "name" : "framework",
    "value" : "pytest"
  }, {
    "name" : "language",
    "value" : "cpython3"
  }, {
    "name" : "package",
    "value" : "tests_ui.test_ui"
  }, {
    "name" : "resultFormat",
    "value" : "allure2"
  } ],
  "parameters" : [ ],
  "links" : [ ],
  "hidden" : false,
  "retry" : false,
  "extra" : {
    "severity" : "normal",
    "retries" : [ ],
    "categories" : [ {
      "name" : "Test defects",
      "matchedStatuses" : [ ],
      "flaky" : false
    } ],
    "history" : {
      "statistic" : {
        "failed" : 12,
        "broken" : 11,
        "skipped" : 0,
        "passed" : 15,
        "unknown" : 0,
        "total" : 38
      },
      "items" : [ {
        "uid" : "e966f5e5ea63a922",
        "reportUrl" : "https://Areso.github.io/Oblache/39//#testresult/e966f5e5ea63a922",
        "status" : "broken",
        "statusDetails" : "selenium.common.exceptions.TimeoutException: Message: Can't find element by locator ('xpath', '//div[@id=\"msg_from_server\"]')",
        "time" : {
          "start" : 1716080580780,
          "stop" : 1716080589209,
          "duration" : 8429
        }
      }, {
        "uid" : "d5d3611491787629",
        "reportUrl" : "https://Areso.github.io/Oblache/38//#testresult/d5d3611491787629",
        "status" : "broken",
        "statusDetails" : "selenium.common.exceptions.TimeoutException: Message: Can't find element by locator ('xpath', '//div[@id=\"msg_from_server\"]')",
        "time" : {
          "start" : 1715993846171,
          "stop" : 1715993853914,
          "duration" : 7743
        }
      }, {
        "uid" : "300c5f90fab34991",
        "reportUrl" : "https://Areso.github.io/Oblache/37//#testresult/300c5f90fab34991",
        "status" : "broken",
        "statusDetails" : "selenium.common.exceptions.TimeoutException: Message: Can't find element by locator ('xpath', '//div[@id=\"msg_from_server\"]')",
        "time" : {
          "start" : 1715907523396,
          "stop" : 1715907531246,
          "duration" : 7850
        }
      }, {
        "uid" : "74218a317514ab4",
        "reportUrl" : "https://Areso.github.io/Oblache/36//#testresult/74218a317514ab4",
        "status" : "broken",
        "statusDetails" : "selenium.common.exceptions.TimeoutException: Message: Can't find element by locator ('xpath', '//div[@id=\"msg_from_server\"]')",
        "time" : {
          "start" : 1715821110205,
          "stop" : 1715821118568,
          "duration" : 8363
        }
      }, {
        "uid" : "fb31cce1b1155963",
        "reportUrl" : "https://Areso.github.io/Oblache/35//#testresult/fb31cce1b1155963",
        "status" : "broken",
        "statusDetails" : "selenium.common.exceptions.TimeoutException: Message: Can't find element by locator ('xpath', '//div[@id=\"msg_from_server\"]')",
        "time" : {
          "start" : 1715734716255,
          "stop" : 1715734724514,
          "duration" : 8259
        }
      }, {
        "uid" : "d3db811709775a3c",
        "reportUrl" : "https://Areso.github.io/Oblache/34//#testresult/d3db811709775a3c",
        "status" : "broken",
        "statusDetails" : "selenium.common.exceptions.TimeoutException: Message: Can't find element by locator ('xpath', '//div[@id=\"msg_from_server\"]')",
        "time" : {
          "start" : 1715648306960,
          "stop" : 1715648315154,
          "duration" : 8194
        }
      }, {
        "uid" : "9f395d47e690ba8f",
        "reportUrl" : "https://Areso.github.io/Oblache/33//#testresult/9f395d47e690ba8f",
        "status" : "broken",
        "statusDetails" : "selenium.common.exceptions.TimeoutException: Message: Can't find element by locator ('xpath', '//div[@id=\"msg_from_server\"]')",
        "time" : {
          "start" : 1715561920776,
          "stop" : 1715561928598,
          "duration" : 7822
        }
      }, {
        "uid" : "f51287f9071c4231",
        "reportUrl" : "https://Areso.github.io/Oblache/32//#testresult/f51287f9071c4231",
        "status" : "broken",
        "statusDetails" : "selenium.common.exceptions.TimeoutException: Message: Can't find element by locator ('xpath', '//div[@id=\"msg_from_server\"]')",
        "time" : {
          "start" : 1715475755281,
          "stop" : 1715475763535,
          "duration" : 8254
        }
      }, {
        "uid" : "a387be68734f6ddc",
        "reportUrl" : "https://Areso.github.io/Oblache/31//#testresult/a387be68734f6ddc",
        "status" : "broken",
        "statusDetails" : "selenium.common.exceptions.TimeoutException: Message: Can't find element by locator ('xpath', '//div[@id=\"msg_from_server\"]')",
        "time" : {
          "start" : 1715388985073,
          "stop" : 1715388992821,
          "duration" : 7748
        }
      }, {
        "uid" : "7c1e37fe4c28ece3",
        "reportUrl" : "https://Areso.github.io/Oblache/30//#testresult/7c1e37fe4c28ece3",
        "status" : "passed",
        "time" : {
          "start" : 1715302682058,
          "stop" : 1715302686651,
          "duration" : 4593
        }
      }, {
        "uid" : "294aa0da01a680be",
        "reportUrl" : "https://Areso.github.io/Oblache/29//#testresult/294aa0da01a680be",
        "status" : "failed",
        "statusDetails" : "AssertionError",
        "time" : {
          "start" : 1715216265791,
          "stop" : 1715216270771,
          "duration" : 4980
        }
      }, {
        "uid" : "4ea7d3b66949cebc",
        "reportUrl" : "https://Areso.github.io/Oblache/28//#testresult/4ea7d3b66949cebc",
        "status" : "failed",
        "statusDetails" : "AssertionError",
        "time" : {
          "start" : 1715129246548,
          "stop" : 1715129251404,
          "duration" : 4856
        }
      }, {
        "uid" : "55aa867279bb121b",
        "reportUrl" : "https://Areso.github.io/Oblache/27//#testresult/55aa867279bb121b",
        "status" : "passed",
        "time" : {
          "start" : 1715043384509,
          "stop" : 1715043388854,
          "duration" : 4345
        }
      }, {
        "uid" : "fc525286abc3c37a",
        "reportUrl" : "https://Areso.github.io/Oblache/26//#testresult/fc525286abc3c37a",
        "status" : "failed",
        "statusDetails" : "AssertionError",
        "time" : {
          "start" : 1714957115446,
          "stop" : 1714957120377,
          "duration" : 4931
        }
      }, {
        "uid" : "f72553688561cae5",
        "reportUrl" : "https://Areso.github.io/Oblache/25//#testresult/f72553688561cae5",
        "status" : "passed",
        "time" : {
          "start" : 1714870821754,
          "stop" : 1714870826140,
          "duration" : 4386
        }
      }, {
        "uid" : "cab030c89d10f1e3",
        "reportUrl" : "https://Areso.github.io/Oblache/24//#testresult/cab030c89d10f1e3",
        "status" : "failed",
        "statusDetails" : "AssertionError",
        "time" : {
          "start" : 1714803632853,
          "stop" : 1714803637778,
          "duration" : 4925
        }
      }, {
        "uid" : "775b02535cd7aee7",
        "reportUrl" : "https://Areso.github.io/Oblache/23//#testresult/775b02535cd7aee7",
        "status" : "passed",
        "time" : {
          "start" : 1714705528600,
          "stop" : 1714705533032,
          "duration" : 4432
        }
      }, {
        "uid" : "22a8d9a87148a070",
        "reportUrl" : "https://Areso.github.io/Oblache/20//#testresult/22a8d9a87148a070",
        "status" : "failed",
        "statusDetails" : "AssertionError: Message is not present.",
        "time" : {
          "start" : 1714438712730,
          "stop" : 1714438715783,
          "duration" : 3053
        }
      }, {
        "uid" : "690dc38de1066ade",
        "reportUrl" : "https://Areso.github.io/Oblache/19//#testresult/690dc38de1066ade",
        "status" : "failed",
        "statusDetails" : "AssertionError: Message is not present.",
        "time" : {
          "start" : 1714352390003,
          "stop" : 1714352393022,
          "duration" : 3019
        }
      }, {
        "uid" : "5c62438c468e7403",
        "reportUrl" : "https://Areso.github.io/Oblache/18//#testresult/5c62438c468e7403",
        "status" : "failed",
        "statusDetails" : "AssertionError: Message is not present.",
        "time" : {
          "start" : 1714266139611,
          "stop" : 1714266142586,
          "duration" : 2975
        }
      } ]
    },
    "tags" : [ ]
  },
  "source" : "27e42177adeabfe8.json",
  "parameterValues" : [ ]
}