{
  "uid" : "8392aac41908137f",
  "name" : "test_check_title_of_static_table",
  "fullName" : "tests_ui.test_ui.TestProfilePage#test_check_title_of_static_table",
  "historyId" : "eb2cea1546ad6874ff07a2bb88c686ae",
  "time" : {
    "start" : 1729301228427,
    "stop" : 1729301233842,
    "duration" : 5415
  },
  "status" : "broken",
  "statusMessage" : "selenium.common.exceptions.TimeoutException: Message: Can't find element by locator ('xpath', '//button[@id=\"menu_button_webpages\"]')\nStacktrace:\n#0 0x55c1cf1f80aa <unknown>\n#1 0x55c1ced0f1a0 <unknown>\n#2 0x55c1ced5bd06 <unknown>\n#3 0x55c1ced5bfa1 <unknown>\n#4 0x55c1ceda1344 <unknown>\n#5 0x55c1ced7fdad <unknown>\n#6 0x55c1ced9e866 <unknown>\n#7 0x55c1ced7fb23 <unknown>\n#8 0x55c1ced4e990 <unknown>\n#9 0x55c1ced4f96e <unknown>\n#10 0x55c1cf1c416b <unknown>\n#11 0x55c1cf1c7f68 <unknown>\n#12 0x55c1cf1b164c <unknown>\n#13 0x55c1cf1c8ae7 <unknown>\n#14 0x55c1cf1964af <unknown>\n#15 0x55c1cf1e64f8 <unknown>\n#16 0x55c1cf1e66c0 <unknown>\n#17 0x55c1cf1f6f26 <unknown>\n#18 0x7f8ff3e94ac3 <unknown>",
  "statusTrace" : "self = <tests_ui.test_ui.TestProfilePage object at 0x7ffb9d83be90>\ndriver = <selenium.webdriver.chrome.webdriver.WebDriver (session=\"e9766ed0ffa9b5a8135ba8d890e3e9a4\")>\nauthorization_user = None\n\n    @allure.title('test_check_title_of_static_table')\n    def test_check_title_of_static_table(self, driver, authorization_user):\n        page = ProfilePage(driver)\n>       page.click_static_site_button()\n\ntests_ui/test_ui.py:75: \n_ _ _ _ _ _ _ _ _ _ _ _ _ _ _ _ _ _ _ _ _ _ _ _ _ _ _ _ _ _ _ _ _ _ _ _ _ _ _ _ \ntests_ui/profile_page.py:40: in click_static_site_button\n    return self.element_is_present_and_clickable(self.locators.STATIC_BUTTON).click()\ntests_ui/base_page.py:28: in element_is_present_and_clickable\n    return (Wait(self.driver, self.timeout).until(\n_ _ _ _ _ _ _ _ _ _ _ _ _ _ _ _ _ _ _ _ _ _ _ _ _ _ _ _ _ _ _ _ _ _ _ _ _ _ _ _ \n\nself = <selenium.webdriver.support.wait.WebDriverWait (session=\"e9766ed0ffa9b5a8135ba8d890e3e9a4\")>\nmethod = <function visibility_of_element_located.<locals>._predicate at 0x7ffb9cdd93a0>\nmessage = 'Can\\'t find element by locator (\\'xpath\\', \\'//button[@id=\"menu_button_webpages\"]\\')'\n\n    def until(self, method: Callable[[D], Union[Literal[False], T]], message: str = \"\") -> T:\n        \"\"\"Calls the method provided with the driver as an argument until the \\\n        return value does not evaluate to ``False``.\n    \n        :param method: callable(WebDriver)\n        :param message: optional message for :exc:`TimeoutException`\n        :returns: the result of the last call to `method`\n        :raises: :exc:`selenium.common.exceptions.TimeoutException` if timeout occurs\n        \"\"\"\n        screen = None\n        stacktrace = None\n    \n        end_time = time.monotonic() + self._timeout\n        while True:\n            try:\n                value = method(self._driver)\n                if value:\n                    return value\n            except self._ignored_exceptions as exc:\n                screen = getattr(exc, \"screen\", None)\n                stacktrace = getattr(exc, \"stacktrace\", None)\n            time.sleep(self._poll)\n            if time.monotonic() > end_time:\n                break\n>       raise TimeoutException(message, screen, stacktrace)\nE       selenium.common.exceptions.TimeoutException: Message: Can't find element by locator ('xpath', '//button[@id=\"menu_button_webpages\"]')\nE       Stacktrace:\nE       #0 0x55c1cf1f80aa <unknown>\nE       #1 0x55c1ced0f1a0 <unknown>\nE       #2 0x55c1ced5bd06 <unknown>\nE       #3 0x55c1ced5bfa1 <unknown>\nE       #4 0x55c1ceda1344 <unknown>\nE       #5 0x55c1ced7fdad <unknown>\nE       #6 0x55c1ced9e866 <unknown>\nE       #7 0x55c1ced7fb23 <unknown>\nE       #8 0x55c1ced4e990 <unknown>\nE       #9 0x55c1ced4f96e <unknown>\nE       #10 0x55c1cf1c416b <unknown>\nE       #11 0x55c1cf1c7f68 <unknown>\nE       #12 0x55c1cf1b164c <unknown>\nE       #13 0x55c1cf1c8ae7 <unknown>\nE       #14 0x55c1cf1964af <unknown>\nE       #15 0x55c1cf1e64f8 <unknown>\nE       #16 0x55c1cf1e66c0 <unknown>\nE       #17 0x55c1cf1f6f26 <unknown>\nE       #18 0x7f8ff3e94ac3 <unknown>\n\n/opt/hostedtoolcache/Python/3.12.7/x64/lib/python3.12/site-packages/selenium/webdriver/support/wait.py:105: TimeoutException",
  "flaky" : false,
  "newFailed" : false,
  "beforeStages" : [ {
    "name" : "authorization_user",
    "time" : {
      "start" : 1729301227943,
      "stop" : 1729301228427,
      "duration" : 484
    },
    "status" : "passed",
    "steps" : [ {
      "name" : "Open page: https://oblache.areso.pro/register.html",
      "time" : {
        "start" : 1729301227943,
        "stop" : 1729301228253,
        "duration" : 310
      },
      "status" : "passed",
      "steps" : [ ],
      "attachments" : [ ],
      "parameters" : [ ],
      "attachmentsCount" : 0,
      "shouldDisplayMessage" : false,
      "hasContent" : false,
      "stepsCount" : 0
    }, {
      "name" : "Login user",
      "time" : {
        "start" : 1729301228253,
        "stop" : 1729301228427,
        "duration" : 174
      },
      "status" : "passed",
      "steps" : [ {
        "name" : "Enter email.",
        "time" : {
          "start" : 1729301228253,
          "stop" : 1729301228311,
          "duration" : 58
        },
        "status" : "passed",
        "steps" : [ ],
        "attachments" : [ ],
        "parameters" : [ ],
        "attachmentsCount" : 0,
        "shouldDisplayMessage" : false,
        "hasContent" : false,
        "stepsCount" : 0
      }, {
        "name" : "Enter password.",
        "time" : {
          "start" : 1729301228311,
          "stop" : 1729301228354,
          "duration" : 43
        },
        "status" : "passed",
        "steps" : [ ],
        "attachments" : [ ],
        "parameters" : [ ],
        "attachmentsCount" : 0,
        "shouldDisplayMessage" : false,
        "hasContent" : false,
        "stepsCount" : 0
      }, {
        "name" : "Click button \"Login\"",
        "time" : {
          "start" : 1729301228354,
          "stop" : 1729301228424,
          "duration" : 70
        },
        "status" : "passed",
        "steps" : [ ],
        "attachments" : [ ],
        "parameters" : [ ],
        "attachmentsCount" : 0,
        "shouldDisplayMessage" : false,
        "hasContent" : false,
        "stepsCount" : 0
      }, {
        "name" : "Check url is present: https://oblache.areso.pro/register.html",
        "time" : {
          "start" : 1729301228424,
          "stop" : 1729301228427,
          "duration" : 3
        },
        "status" : "passed",
        "steps" : [ ],
        "attachments" : [ ],
        "parameters" : [ ],
        "attachmentsCount" : 0,
        "shouldDisplayMessage" : false,
        "hasContent" : false,
        "stepsCount" : 0
      } ],
      "attachments" : [ ],
      "parameters" : [ ],
      "attachmentsCount" : 0,
      "shouldDisplayMessage" : false,
      "hasContent" : true,
      "stepsCount" : 4
    } ],
    "attachments" : [ ],
    "parameters" : [ ],
    "attachmentsCount" : 0,
    "shouldDisplayMessage" : false,
    "hasContent" : true,
    "stepsCount" : 6
  }, {
    "name" : "driver",
    "time" : {
      "start" : 1729301227659,
      "stop" : 1729301227943,
      "duration" : 284
    },
    "status" : "passed",
    "steps" : [ ],
    "attachments" : [ ],
    "parameters" : [ ],
    "attachmentsCount" : 0,
    "shouldDisplayMessage" : false,
    "hasContent" : false,
    "stepsCount" : 0
  } ],
  "testStage" : {
    "status" : "broken",
    "statusMessage" : "selenium.common.exceptions.TimeoutException: Message: Can't find element by locator ('xpath', '//button[@id=\"menu_button_webpages\"]')\nStacktrace:\n#0 0x55c1cf1f80aa <unknown>\n#1 0x55c1ced0f1a0 <unknown>\n#2 0x55c1ced5bd06 <unknown>\n#3 0x55c1ced5bfa1 <unknown>\n#4 0x55c1ceda1344 <unknown>\n#5 0x55c1ced7fdad <unknown>\n#6 0x55c1ced9e866 <unknown>\n#7 0x55c1ced7fb23 <unknown>\n#8 0x55c1ced4e990 <unknown>\n#9 0x55c1ced4f96e <unknown>\n#10 0x55c1cf1c416b <unknown>\n#11 0x55c1cf1c7f68 <unknown>\n#12 0x55c1cf1b164c <unknown>\n#13 0x55c1cf1c8ae7 <unknown>\n#14 0x55c1cf1964af <unknown>\n#15 0x55c1cf1e64f8 <unknown>\n#16 0x55c1cf1e66c0 <unknown>\n#17 0x55c1cf1f6f26 <unknown>\n#18 0x7f8ff3e94ac3 <unknown>",
    "statusTrace" : "self = <tests_ui.test_ui.TestProfilePage object at 0x7ffb9d83be90>\ndriver = <selenium.webdriver.chrome.webdriver.WebDriver (session=\"e9766ed0ffa9b5a8135ba8d890e3e9a4\")>\nauthorization_user = None\n\n    @allure.title('test_check_title_of_static_table')\n    def test_check_title_of_static_table(self, driver, authorization_user):\n        page = ProfilePage(driver)\n>       page.click_static_site_button()\n\ntests_ui/test_ui.py:75: \n_ _ _ _ _ _ _ _ _ _ _ _ _ _ _ _ _ _ _ _ _ _ _ _ _ _ _ _ _ _ _ _ _ _ _ _ _ _ _ _ \ntests_ui/profile_page.py:40: in click_static_site_button\n    return self.element_is_present_and_clickable(self.locators.STATIC_BUTTON).click()\ntests_ui/base_page.py:28: in element_is_present_and_clickable\n    return (Wait(self.driver, self.timeout).until(\n_ _ _ _ _ _ _ _ _ _ _ _ _ _ _ _ _ _ _ _ _ _ _ _ _ _ _ _ _ _ _ _ _ _ _ _ _ _ _ _ \n\nself = <selenium.webdriver.support.wait.WebDriverWait (session=\"e9766ed0ffa9b5a8135ba8d890e3e9a4\")>\nmethod = <function visibility_of_element_located.<locals>._predicate at 0x7ffb9cdd93a0>\nmessage = 'Can\\'t find element by locator (\\'xpath\\', \\'//button[@id=\"menu_button_webpages\"]\\')'\n\n    def until(self, method: Callable[[D], Union[Literal[False], T]], message: str = \"\") -> T:\n        \"\"\"Calls the method provided with the driver as an argument until the \\\n        return value does not evaluate to ``False``.\n    \n        :param method: callable(WebDriver)\n        :param message: optional message for :exc:`TimeoutException`\n        :returns: the result of the last call to `method`\n        :raises: :exc:`selenium.common.exceptions.TimeoutException` if timeout occurs\n        \"\"\"\n        screen = None\n        stacktrace = None\n    \n        end_time = time.monotonic() + self._timeout\n        while True:\n            try:\n                value = method(self._driver)\n                if value:\n                    return value\n            except self._ignored_exceptions as exc:\n                screen = getattr(exc, \"screen\", None)\n                stacktrace = getattr(exc, \"stacktrace\", None)\n            time.sleep(self._poll)\n            if time.monotonic() > end_time:\n                break\n>       raise TimeoutException(message, screen, stacktrace)\nE       selenium.common.exceptions.TimeoutException: Message: Can't find element by locator ('xpath', '//button[@id=\"menu_button_webpages\"]')\nE       Stacktrace:\nE       #0 0x55c1cf1f80aa <unknown>\nE       #1 0x55c1ced0f1a0 <unknown>\nE       #2 0x55c1ced5bd06 <unknown>\nE       #3 0x55c1ced5bfa1 <unknown>\nE       #4 0x55c1ceda1344 <unknown>\nE       #5 0x55c1ced7fdad <unknown>\nE       #6 0x55c1ced9e866 <unknown>\nE       #7 0x55c1ced7fb23 <unknown>\nE       #8 0x55c1ced4e990 <unknown>\nE       #9 0x55c1ced4f96e <unknown>\nE       #10 0x55c1cf1c416b <unknown>\nE       #11 0x55c1cf1c7f68 <unknown>\nE       #12 0x55c1cf1b164c <unknown>\nE       #13 0x55c1cf1c8ae7 <unknown>\nE       #14 0x55c1cf1964af <unknown>\nE       #15 0x55c1cf1e64f8 <unknown>\nE       #16 0x55c1cf1e66c0 <unknown>\nE       #17 0x55c1cf1f6f26 <unknown>\nE       #18 0x7f8ff3e94ac3 <unknown>\n\n/opt/hostedtoolcache/Python/3.12.7/x64/lib/python3.12/site-packages/selenium/webdriver/support/wait.py:105: TimeoutException",
    "steps" : [ {
      "name" : "Click \"Static site\" button.",
      "time" : {
        "start" : 1729301228428,
        "stop" : 1729301233842,
        "duration" : 5414
      },
      "status" : "broken",
      "statusMessage" : "selenium.common.exceptions.TimeoutException: Message: Can't find element by locator ('xpath', '//button[@id=\"menu_button_webpages\"]')\nStacktrace:\n#0 0x55c1cf1f80aa <unknown>\n#1 0x55c1ced0f1a0 <unknown>\n#2 0x55c1ced5bd06 <unknown>\n#3 0x55c1ced5bfa1 <unknown>\n#4 0x55c1ceda1344 <unknown>\n#5 0x55c1ced7fdad <unknown>\n#6 0x55c1ced9e866 <unknown>\n#7 0x55c1ced7fb23 <unknown>\n#8 0x55c1ced4e990 <unknown>\n#9 0x55c1ced4f96e <unknown>\n#10 0x55c1cf1c416b <unknown>\n#11 0x55c1cf1c7f68 <unknown>\n#12 0x55c1cf1b164c <unknown>\n#13 0x55c1cf1c8ae7 <unknown>\n#14 0x55c1cf1964af <unknown>\n#15 0x55c1cf1e64f8 <unknown>\n#16 0x55c1cf1e66c0 <unknown>\n#17 0x55c1cf1f6f26 <unknown>\n#18 0x7f8ff3e94ac3 <unknown>\n\n",
      "statusTrace" : "  File \"/home/runner/work/Oblache/Oblache/tests_ui/profile_page.py\", line 40, in click_static_site_button\n    return self.element_is_present_and_clickable(self.locators.STATIC_BUTTON).click()\n           ^^^^^^^^^^^^^^^^^^^^^^^^^^^^^^^^^^^^^^^^^^^^^^^^^^^^^^^^^^^^^^^^^^\n  File \"/home/runner/work/Oblache/Oblache/tests_ui/base_page.py\", line 28, in element_is_present_and_clickable\n    return (Wait(self.driver, self.timeout).until(\n            ^^^^^^^^^^^^^^^^^^^^^^^^^^^^^^^^^^^^^^\n  File \"/opt/hostedtoolcache/Python/3.12.7/x64/lib/python3.12/site-packages/selenium/webdriver/support/wait.py\", line 105, in until\n    raise TimeoutException(message, screen, stacktrace)\n",
      "steps" : [ ],
      "attachments" : [ ],
      "parameters" : [ ],
      "attachmentsCount" : 0,
      "shouldDisplayMessage" : true,
      "hasContent" : true,
      "stepsCount" : 0
    } ],
    "attachments" : [ {
      "uid" : "11ed47dbc0ad6958",
      "name" : "Screenshot 2024-10-19 01:27:13.941940",
      "source" : "11ed47dbc0ad6958.png",
      "type" : "image/png",
      "size" : 45642
    } ],
    "parameters" : [ ],
    "attachmentsCount" : 1,
    "shouldDisplayMessage" : true,
    "hasContent" : true,
    "stepsCount" : 1
  },
  "afterStages" : [ {
    "name" : "driver::0",
    "time" : {
      "start" : 1729301233943,
      "stop" : 1729301234007,
      "duration" : 64
    },
    "status" : "passed",
    "steps" : [ ],
    "attachments" : [ ],
    "parameters" : [ ],
    "attachmentsCount" : 0,
    "shouldDisplayMessage" : false,
    "hasContent" : false,
    "stepsCount" : 0
  } ],
  "labels" : [ {
    "name" : "suite",
    "value" : "Test Profile Page."
  }, {
    "name" : "parentSuite",
    "value" : "tests_ui"
  }, {
    "name" : "subSuite",
    "value" : "TestProfilePage"
  }, {
    "name" : "host",
    "value" : "fv-az1543-749"
  }, {
    "name" : "thread",
    "value" : "2241-MainThread"
  }, {
    "name" : "framework",
    "value" : "pytest"
  }, {
    "name" : "language",
    "value" : "cpython3"
  }, {
    "name" : "package",
    "value" : "tests_ui.test_ui"
  }, {
    "name" : "resultFormat",
    "value" : "allure2"
  } ],
  "parameters" : [ ],
  "links" : [ ],
  "hidden" : false,
  "retry" : false,
  "extra" : {
    "severity" : "normal",
    "retries" : [ ],
    "categories" : [ {
      "name" : "Test defects",
      "matchedStatuses" : [ ],
      "flaky" : false
    } ],
    "history" : {
      "statistic" : {
        "failed" : 0,
        "broken" : 32,
        "skipped" : 0,
        "passed" : 1,
        "unknown" : 0,
        "total" : 33
      },
      "items" : [ {
        "uid" : "6fec4c81de96f9e",
        "reportUrl" : "https://Areso.github.io/Oblache/190//#testresult/6fec4c81de96f9e",
        "status" : "broken",
        "statusDetails" : "selenium.common.exceptions.TimeoutException: Message: Can't find element by locator ('xpath', '//button[@id=\"menu_button_webpages\"]')\nStacktrace:\n#0 0x55a6d427302a <unknown>\n#1 0x55a6d3f595e0 <unknown>\n#2 0x55a6d3fa8be8 <unknown>\n#3 0x55a6d3fa8e81 <unknown>\n#4 0x55a6d3fef8c4 <unknown>\n#5 0x55a6d3fcdb4d <unknown>\n#6 0x55a6d3fecd7d <unknown>\n#7 0x55a6d3fcd8c3 <unknown>\n#8 0x55a6d3f9b6b3 <unknown>\n#9 0x55a6d3f9c68e <unknown>\n#10 0x55a6d423da2b <unknown>\n#11 0x55a6d42419b1 <unknown>\n#12 0x55a6d422a225 <unknown>\n#13 0x55a6d4242532 <unknown>\n#14 0x55a6d420f38f <unknown>\n#15 0x55a6d4261f28 <unknown>\n#16 0x55a6d42620f3 <unknown>\n#17 0x55a6d4271e7c <unknown>\n#18 0x7fc3c2a94ac3 <unknown>",
        "time" : {
          "start" : 1729214946321,
          "stop" : 1729214951744,
          "duration" : 5423
        }
      }, {
        "uid" : "5f72f7cf9038c97f",
        "reportUrl" : "https://Areso.github.io/Oblache/189//#testresult/5f72f7cf9038c97f",
        "status" : "broken",
        "statusDetails" : "selenium.common.exceptions.TimeoutException: Message: Can't find element by locator ('xpath', '//button[@id=\"menu_button_webpages\"]')\nStacktrace:\n#0 0x56360cc7a02a <unknown>\n#1 0x56360c9605e0 <unknown>\n#2 0x56360c9afbe8 <unknown>\n#3 0x56360c9afe81 <unknown>\n#4 0x56360c9f68c4 <unknown>\n#5 0x56360c9d4b4d <unknown>\n#6 0x56360c9f3d7d <unknown>\n#7 0x56360c9d48c3 <unknown>\n#8 0x56360c9a26b3 <unknown>\n#9 0x56360c9a368e <unknown>\n#10 0x56360cc44a2b <unknown>\n#11 0x56360cc489b1 <unknown>\n#12 0x56360cc31225 <unknown>\n#13 0x56360cc49532 <unknown>\n#14 0x56360cc1638f <unknown>\n#15 0x56360cc68f28 <unknown>\n#16 0x56360cc690f3 <unknown>\n#17 0x56360cc78e7c <unknown>\n#18 0x7fbf69494ac3 <unknown>",
        "time" : {
          "start" : 1729128482404,
          "stop" : 1729128487822,
          "duration" : 5418
        }
      }, {
        "uid" : "c199cbccd900f1a7",
        "reportUrl" : "https://Areso.github.io/Oblache/188//#testresult/c199cbccd900f1a7",
        "status" : "broken",
        "statusDetails" : "selenium.common.exceptions.TimeoutException: Message: Can't find element by locator ('xpath', '//button[@id=\"menu_button_webpages\"]')\nStacktrace:\n#0 0x55b03e20502a <unknown>\n#1 0x55b03deeb5e0 <unknown>\n#2 0x55b03df3abe8 <unknown>\n#3 0x55b03df3ae81 <unknown>\n#4 0x55b03df818c4 <unknown>\n#5 0x55b03df5fb4d <unknown>\n#6 0x55b03df7ed7d <unknown>\n#7 0x55b03df5f8c3 <unknown>\n#8 0x55b03df2d6b3 <unknown>\n#9 0x55b03df2e68e <unknown>\n#10 0x55b03e1cfa2b <unknown>\n#11 0x55b03e1d39b1 <unknown>\n#12 0x55b03e1bc225 <unknown>\n#13 0x55b03e1d4532 <unknown>\n#14 0x55b03e1a138f <unknown>\n#15 0x55b03e1f3f28 <unknown>\n#16 0x55b03e1f40f3 <unknown>\n#17 0x55b03e203e7c <unknown>\n#18 0x7f8d76c94ac3 <unknown>",
        "time" : {
          "start" : 1729042209149,
          "stop" : 1729042214594,
          "duration" : 5445
        }
      }, {
        "uid" : "a0d5a186f4d426e8",
        "reportUrl" : "https://Areso.github.io/Oblache/187//#testresult/a0d5a186f4d426e8",
        "status" : "broken",
        "statusDetails" : "selenium.common.exceptions.TimeoutException: Message: Can't find element by locator ('xpath', '//button[@id=\"menu_button_webpages\"]')\nStacktrace:\n#0 0x55c02779a02a <unknown>\n#1 0x55c0274805e0 <unknown>\n#2 0x55c0274cfbe8 <unknown>\n#3 0x55c0274cfe81 <unknown>\n#4 0x55c0275168c4 <unknown>\n#5 0x55c0274f4b4d <unknown>\n#6 0x55c027513d7d <unknown>\n#7 0x55c0274f48c3 <unknown>\n#8 0x55c0274c26b3 <unknown>\n#9 0x55c0274c368e <unknown>\n#10 0x55c027764a2b <unknown>\n#11 0x55c0277689b1 <unknown>\n#12 0x55c027751225 <unknown>\n#13 0x55c027769532 <unknown>\n#14 0x55c02773638f <unknown>\n#15 0x55c027788f28 <unknown>\n#16 0x55c0277890f3 <unknown>\n#17 0x55c027798e7c <unknown>\n#18 0x7fd6f5094ac3 <unknown>",
        "time" : {
          "start" : 1728955749002,
          "stop" : 1728955754415,
          "duration" : 5413
        }
      }, {
        "uid" : "961600f50ae08316",
        "reportUrl" : "https://Areso.github.io/Oblache/186//#testresult/961600f50ae08316",
        "status" : "broken",
        "statusDetails" : "selenium.common.exceptions.TimeoutException: Message: Can't find element by locator ('xpath', '//button[@id=\"menu_button_webpages\"]')\nStacktrace:\n#0 0x561db2d2302a <unknown>\n#1 0x561db2a095e0 <unknown>\n#2 0x561db2a58be8 <unknown>\n#3 0x561db2a58e81 <unknown>\n#4 0x561db2a9f8c4 <unknown>\n#5 0x561db2a7db4d <unknown>\n#6 0x561db2a9cd7d <unknown>\n#7 0x561db2a7d8c3 <unknown>\n#8 0x561db2a4b6b3 <unknown>\n#9 0x561db2a4c68e <unknown>\n#10 0x561db2ceda2b <unknown>\n#11 0x561db2cf19b1 <unknown>\n#12 0x561db2cda225 <unknown>\n#13 0x561db2cf2532 <unknown>\n#14 0x561db2cbf38f <unknown>\n#15 0x561db2d11f28 <unknown>\n#16 0x561db2d120f3 <unknown>\n#17 0x561db2d21e7c <unknown>\n#18 0x7f8892094ac3 <unknown>",
        "time" : {
          "start" : 1728869404392,
          "stop" : 1728869409817,
          "duration" : 5425
        }
      }, {
        "uid" : "6c10edf68f012942",
        "reportUrl" : "https://Areso.github.io/Oblache/185//#testresult/6c10edf68f012942",
        "status" : "broken",
        "statusDetails" : "selenium.common.exceptions.TimeoutException: Message: Can't find element by locator ('xpath', '//button[@id=\"menu_button_webpages\"]')\nStacktrace:\n#0 0x56109046d02a <unknown>\n#1 0x5610901535e0 <unknown>\n#2 0x5610901a2be8 <unknown>\n#3 0x5610901a2e81 <unknown>\n#4 0x5610901e98c4 <unknown>\n#5 0x5610901c7b4d <unknown>\n#6 0x5610901e6d7d <unknown>\n#7 0x5610901c78c3 <unknown>\n#8 0x5610901956b3 <unknown>\n#9 0x56109019668e <unknown>\n#10 0x561090437a2b <unknown>\n#11 0x56109043b9b1 <unknown>\n#12 0x561090424225 <unknown>\n#13 0x56109043c532 <unknown>\n#14 0x56109040938f <unknown>\n#15 0x56109045bf28 <unknown>\n#16 0x56109045c0f3 <unknown>\n#17 0x56109046be7c <unknown>\n#18 0x7f868fa94ac3 <unknown>",
        "time" : {
          "start" : 1728783677139,
          "stop" : 1728783682586,
          "duration" : 5447
        }
      }, {
        "uid" : "e652663ff15b00d1",
        "reportUrl" : "https://Areso.github.io/Oblache/184//#testresult/e652663ff15b00d1",
        "status" : "broken",
        "statusDetails" : "selenium.common.exceptions.TimeoutException: Message: Can't find element by locator ('xpath', '//button[@id=\"menu_button_webpages\"]')\nStacktrace:\n#0 0x5564f47c002a <unknown>\n#1 0x5564f44a65e0 <unknown>\n#2 0x5564f44f5be8 <unknown>\n#3 0x5564f44f5e81 <unknown>\n#4 0x5564f453c8c4 <unknown>\n#5 0x5564f451ab4d <unknown>\n#6 0x5564f4539d7d <unknown>\n#7 0x5564f451a8c3 <unknown>\n#8 0x5564f44e86b3 <unknown>\n#9 0x5564f44e968e <unknown>\n#10 0x5564f478aa2b <unknown>\n#11 0x5564f478e9b1 <unknown>\n#12 0x5564f4777225 <unknown>\n#13 0x5564f478f532 <unknown>\n#14 0x5564f475c38f <unknown>\n#15 0x5564f47aef28 <unknown>\n#16 0x5564f47af0f3 <unknown>\n#17 0x5564f47bee7c <unknown>\n#18 0x7f23ec094ac3 <unknown>",
        "time" : {
          "start" : 1728696370686,
          "stop" : 1728696376197,
          "duration" : 5511
        }
      }, {
        "uid" : "566cfd2dfb499d4f",
        "reportUrl" : "https://Areso.github.io/Oblache/183//#testresult/566cfd2dfb499d4f",
        "status" : "broken",
        "statusDetails" : "selenium.common.exceptions.TimeoutException: Message: Can't find element by locator ('xpath', '//button[@id=\"menu_button_webpages\"]')\nStacktrace:\n#0 0x55a45ff8b02a <unknown>\n#1 0x55a45fc715e0 <unknown>\n#2 0x55a45fcc0be8 <unknown>\n#3 0x55a45fcc0e81 <unknown>\n#4 0x55a45fd078c4 <unknown>\n#5 0x55a45fce5b4d <unknown>\n#6 0x55a45fd04d7d <unknown>\n#7 0x55a45fce58c3 <unknown>\n#8 0x55a45fcb36b3 <unknown>\n#9 0x55a45fcb468e <unknown>\n#10 0x55a45ff55a2b <unknown>\n#11 0x55a45ff599b1 <unknown>\n#12 0x55a45ff42225 <unknown>\n#13 0x55a45ff5a532 <unknown>\n#14 0x55a45ff2738f <unknown>\n#15 0x55a45ff79f28 <unknown>\n#16 0x55a45ff7a0f3 <unknown>\n#17 0x55a45ff89e7c <unknown>\n#18 0x7fd973294ac3 <unknown>",
        "time" : {
          "start" : 1728610062033,
          "stop" : 1728610067464,
          "duration" : 5431
        }
      }, {
        "uid" : "d112f16067b27ae3",
        "reportUrl" : "https://Areso.github.io/Oblache/182//#testresult/d112f16067b27ae3",
        "status" : "broken",
        "statusDetails" : "selenium.common.exceptions.TimeoutException: Message: Can't find element by locator ('xpath', '//button[@id=\"menu_button_webpages\"]')\nStacktrace:\n#0 0x55fc8106002a <unknown>\n#1 0x55fc80d465e0 <unknown>\n#2 0x55fc80d95be8 <unknown>\n#3 0x55fc80d95e81 <unknown>\n#4 0x55fc80ddc8c4 <unknown>\n#5 0x55fc80dbab4d <unknown>\n#6 0x55fc80dd9d7d <unknown>\n#7 0x55fc80dba8c3 <unknown>\n#8 0x55fc80d886b3 <unknown>\n#9 0x55fc80d8968e <unknown>\n#10 0x55fc8102aa2b <unknown>\n#11 0x55fc8102e9b1 <unknown>\n#12 0x55fc81017225 <unknown>\n#13 0x55fc8102f532 <unknown>\n#14 0x55fc80ffc38f <unknown>\n#15 0x55fc8104ef28 <unknown>\n#16 0x55fc8104f0f3 <unknown>\n#17 0x55fc8105ee7c <unknown>\n#18 0x7f253ea94ac3 <unknown>",
        "time" : {
          "start" : 1728523691932,
          "stop" : 1728523696964,
          "duration" : 5032
        }
      }, {
        "uid" : "8db00ef8dcb46780",
        "reportUrl" : "https://Areso.github.io/Oblache/181//#testresult/8db00ef8dcb46780",
        "status" : "broken",
        "statusDetails" : "selenium.common.exceptions.TimeoutException: Message: Can't find element by locator ('xpath', '//button[@id=\"menu_button_webpages\"]')\nStacktrace:\n#0 0x556e8740913a <unknown>\n#1 0x556e870ef5e0 <unknown>\n#2 0x556e8713ebe8 <unknown>\n#3 0x556e8713ee81 <unknown>\n#4 0x556e871858c4 <unknown>\n#5 0x556e87163b4d <unknown>\n#6 0x556e87182d7d <unknown>\n#7 0x556e871638c3 <unknown>\n#8 0x556e871316b3 <unknown>\n#9 0x556e8713268e <unknown>\n#10 0x556e873d3b3b <unknown>\n#11 0x556e873d7ac1 <unknown>\n#12 0x556e873c0335 <unknown>\n#13 0x556e873d8642 <unknown>\n#14 0x556e873a549f <unknown>\n#15 0x556e873f8038 <unknown>\n#16 0x556e873f8203 <unknown>\n#17 0x556e87407f8c <unknown>\n#18 0x7f3546a94ac3 <unknown>",
        "time" : {
          "start" : 1728437332679,
          "stop" : 1728437338041,
          "duration" : 5362
        }
      }, {
        "uid" : "ac02ebfc62024041",
        "reportUrl" : "https://Areso.github.io/Oblache/180//#testresult/ac02ebfc62024041",
        "status" : "broken",
        "statusDetails" : "selenium.common.exceptions.TimeoutException: Message: Can't find element by locator ('xpath', '//button[@id=\"menu_button_webpages\"]')\nStacktrace:\n#0 0x5640546fe13a <unknown>\n#1 0x5640543e45e0 <unknown>\n#2 0x564054433be8 <unknown>\n#3 0x564054433e81 <unknown>\n#4 0x56405447a8c4 <unknown>\n#5 0x564054458b4d <unknown>\n#6 0x564054477d7d <unknown>\n#7 0x5640544588c3 <unknown>\n#8 0x5640544266b3 <unknown>\n#9 0x56405442768e <unknown>\n#10 0x5640546c8b3b <unknown>\n#11 0x5640546ccac1 <unknown>\n#12 0x5640546b5335 <unknown>\n#13 0x5640546cd642 <unknown>\n#14 0x56405469a49f <unknown>\n#15 0x5640546ed038 <unknown>\n#16 0x5640546ed203 <unknown>\n#17 0x5640546fcf8c <unknown>\n#18 0x7f1786294ac3 <unknown>",
        "time" : {
          "start" : 1728350878729,
          "stop" : 1728350884143,
          "duration" : 5414
        }
      }, {
        "uid" : "fbd4af5d44461d0c",
        "reportUrl" : "https://Areso.github.io/Oblache/179//#testresult/fbd4af5d44461d0c",
        "status" : "broken",
        "statusDetails" : "selenium.common.exceptions.TimeoutException: Message: Can't find element by locator ('xpath', '//button[@id=\"menu_button_webpages\"]')\nStacktrace:\n#0 0x55e1473ed13a <unknown>\n#1 0x55e1470d35e0 <unknown>\n#2 0x55e147122be8 <unknown>\n#3 0x55e147122e81 <unknown>\n#4 0x55e1471698c4 <unknown>\n#5 0x55e147147b4d <unknown>\n#6 0x55e147166d7d <unknown>\n#7 0x55e1471478c3 <unknown>\n#8 0x55e1471156b3 <unknown>\n#9 0x55e14711668e <unknown>\n#10 0x55e1473b7b3b <unknown>\n#11 0x55e1473bbac1 <unknown>\n#12 0x55e1473a4335 <unknown>\n#13 0x55e1473bc642 <unknown>\n#14 0x55e14738949f <unknown>\n#15 0x55e1473dc038 <unknown>\n#16 0x55e1473dc203 <unknown>\n#17 0x55e1473ebf8c <unknown>\n#18 0x7f93ca094ac3 <unknown>",
        "time" : {
          "start" : 1728265076527,
          "stop" : 1728265081929,
          "duration" : 5402
        }
      }, {
        "uid" : "a2b76b6f6dbd0b51",
        "reportUrl" : "https://Areso.github.io/Oblache/178//#testresult/a2b76b6f6dbd0b51",
        "status" : "broken",
        "statusDetails" : "selenium.common.exceptions.TimeoutException: Message: Can't find element by locator ('xpath', '//button[@id=\"menu_button_webpages\"]')\nStacktrace:\n#0 0x55732807c13a <unknown>\n#1 0x557327d625e0 <unknown>\n#2 0x557327db1be8 <unknown>\n#3 0x557327db1e81 <unknown>\n#4 0x557327df88c4 <unknown>\n#5 0x557327dd6b4d <unknown>\n#6 0x557327df5d7d <unknown>\n#7 0x557327dd68c3 <unknown>\n#8 0x557327da46b3 <unknown>\n#9 0x557327da568e <unknown>\n#10 0x557328046b3b <unknown>\n#11 0x55732804aac1 <unknown>\n#12 0x557328033335 <unknown>\n#13 0x55732804b642 <unknown>\n#14 0x55732801849f <unknown>\n#15 0x55732806b038 <unknown>\n#16 0x55732806b203 <unknown>\n#17 0x55732807af8c <unknown>\n#18 0x7f3ecb894ac3 <unknown>",
        "time" : {
          "start" : 1728178862223,
          "stop" : 1728178867635,
          "duration" : 5412
        }
      }, {
        "uid" : "7099d2c3c9843827",
        "reportUrl" : "https://Areso.github.io/Oblache/177//#testresult/7099d2c3c9843827",
        "status" : "broken",
        "statusDetails" : "selenium.common.exceptions.TimeoutException: Message: Can't find element by locator ('xpath', '//button[@id=\"menu_button_webpages\"]')\nStacktrace:\n#0 0x56433748513a <unknown>\n#1 0x56433716b5e0 <unknown>\n#2 0x5643371babe8 <unknown>\n#3 0x5643371bae81 <unknown>\n#4 0x5643372018c4 <unknown>\n#5 0x5643371dfb4d <unknown>\n#6 0x5643371fed7d <unknown>\n#7 0x5643371df8c3 <unknown>\n#8 0x5643371ad6b3 <unknown>\n#9 0x5643371ae68e <unknown>\n#10 0x56433744fb3b <unknown>\n#11 0x564337453ac1 <unknown>\n#12 0x56433743c335 <unknown>\n#13 0x564337454642 <unknown>\n#14 0x56433742149f <unknown>\n#15 0x564337474038 <unknown>\n#16 0x564337474203 <unknown>\n#17 0x564337483f8c <unknown>\n#18 0x7f8228e94ac3 <unknown>",
        "time" : {
          "start" : 1728091621598,
          "stop" : 1728091626630,
          "duration" : 5032
        }
      }, {
        "uid" : "ee8a6b620bb69a93",
        "reportUrl" : "https://Areso.github.io/Oblache/176//#testresult/ee8a6b620bb69a93",
        "status" : "broken",
        "statusDetails" : "selenium.common.exceptions.TimeoutException: Message: Can't find element by locator ('xpath', '//button[@id=\"menu_button_webpages\"]')\nStacktrace:\n#0 0x557b82a1913a <unknown>\n#1 0x557b826ff5e0 <unknown>\n#2 0x557b8274ebe8 <unknown>\n#3 0x557b8274ee81 <unknown>\n#4 0x557b827958c4 <unknown>\n#5 0x557b82773b4d <unknown>\n#6 0x557b82792d7d <unknown>\n#7 0x557b827738c3 <unknown>\n#8 0x557b827416b3 <unknown>\n#9 0x557b8274268e <unknown>\n#10 0x557b829e3b3b <unknown>\n#11 0x557b829e7ac1 <unknown>\n#12 0x557b829d0335 <unknown>\n#13 0x557b829e8642 <unknown>\n#14 0x557b829b549f <unknown>\n#15 0x557b82a08038 <unknown>\n#16 0x557b82a08203 <unknown>\n#17 0x557b82a17f8c <unknown>\n#18 0x7ff6fbc94ac3 <unknown>",
        "time" : {
          "start" : 1728005281305,
          "stop" : 1728005286694,
          "duration" : 5389
        }
      }, {
        "uid" : "3491a0337cb92f14",
        "reportUrl" : "https://Areso.github.io/Oblache/175//#testresult/3491a0337cb92f14",
        "status" : "broken",
        "statusDetails" : "selenium.common.exceptions.TimeoutException: Message: Can't find element by locator ('xpath', '//button[@id=\"menu_button_webpages\"]')\nStacktrace:\n#0 0x56436b94713a <unknown>\n#1 0x56436b62d5e0 <unknown>\n#2 0x56436b67cbe8 <unknown>\n#3 0x56436b67ce81 <unknown>\n#4 0x56436b6c38c4 <unknown>\n#5 0x56436b6a1b4d <unknown>\n#6 0x56436b6c0d7d <unknown>\n#7 0x56436b6a18c3 <unknown>\n#8 0x56436b66f6b3 <unknown>\n#9 0x56436b67068e <unknown>\n#10 0x56436b911b3b <unknown>\n#11 0x56436b915ac1 <unknown>\n#12 0x56436b8fe335 <unknown>\n#13 0x56436b916642 <unknown>\n#14 0x56436b8e349f <unknown>\n#15 0x56436b936038 <unknown>\n#16 0x56436b936203 <unknown>\n#17 0x56436b945f8c <unknown>\n#18 0x7fe3aa694ac3 <unknown>",
        "time" : {
          "start" : 1727918888341,
          "stop" : 1727918893343,
          "duration" : 5002
        }
      }, {
        "uid" : "abd444616da3fad3",
        "reportUrl" : "https://Areso.github.io/Oblache/174//#testresult/abd444616da3fad3",
        "status" : "broken",
        "statusDetails" : "selenium.common.exceptions.TimeoutException: Message: Can't find element by locator ('xpath', '//button[@id=\"menu_button_webpages\"]')\nStacktrace:\n#0 0x5627ce0bd13a <unknown>\n#1 0x5627cdda35e0 <unknown>\n#2 0x5627cddf2be8 <unknown>\n#3 0x5627cddf2e81 <unknown>\n#4 0x5627cde398c4 <unknown>\n#5 0x5627cde17b4d <unknown>\n#6 0x5627cde36d7d <unknown>\n#7 0x5627cde178c3 <unknown>\n#8 0x5627cdde56b3 <unknown>\n#9 0x5627cdde668e <unknown>\n#10 0x5627ce087b3b <unknown>\n#11 0x5627ce08bac1 <unknown>\n#12 0x5627ce074335 <unknown>\n#13 0x5627ce08c642 <unknown>\n#14 0x5627ce05949f <unknown>\n#15 0x5627ce0ac038 <unknown>\n#16 0x5627ce0ac203 <unknown>\n#17 0x5627ce0bbf8c <unknown>\n#18 0x7f4eb2494ac3 <unknown>",
        "time" : {
          "start" : 1727832496085,
          "stop" : 1727832501479,
          "duration" : 5394
        }
      }, {
        "uid" : "bc7b9867c52215d5",
        "reportUrl" : "https://Areso.github.io/Oblache/173//#testresult/bc7b9867c52215d5",
        "status" : "broken",
        "statusDetails" : "selenium.common.exceptions.TimeoutException: Message: Can't find element by locator ('xpath', '//button[@id=\"menu_button_webpages\"]')\nStacktrace:\n#0 0x559adca6a13a <unknown>\n#1 0x559adc7505e0 <unknown>\n#2 0x559adc79fbe8 <unknown>\n#3 0x559adc79fe81 <unknown>\n#4 0x559adc7e68c4 <unknown>\n#5 0x559adc7c4b4d <unknown>\n#6 0x559adc7e3d7d <unknown>\n#7 0x559adc7c48c3 <unknown>\n#8 0x559adc7926b3 <unknown>\n#9 0x559adc79368e <unknown>\n#10 0x559adca34b3b <unknown>\n#11 0x559adca38ac1 <unknown>\n#12 0x559adca21335 <unknown>\n#13 0x559adca39642 <unknown>\n#14 0x559adca0649f <unknown>\n#15 0x559adca59038 <unknown>\n#16 0x559adca59203 <unknown>\n#17 0x559adca68f8c <unknown>\n#18 0x7f94ca894ac3 <unknown>",
        "time" : {
          "start" : 1727746993269,
          "stop" : 1727746998702,
          "duration" : 5433
        }
      }, {
        "uid" : "a961a29a461d773c",
        "reportUrl" : "https://Areso.github.io/Oblache/172//#testresult/a961a29a461d773c",
        "status" : "broken",
        "statusDetails" : "selenium.common.exceptions.TimeoutException: Message: Can't find element by locator ('xpath', '//button[@id=\"menu_button_webpages\"]')\nStacktrace:\n#0 0x55d8bc78a13a <unknown>\n#1 0x55d8bc4705e0 <unknown>\n#2 0x55d8bc4bfbe8 <unknown>\n#3 0x55d8bc4bfe81 <unknown>\n#4 0x55d8bc5068c4 <unknown>\n#5 0x55d8bc4e4b4d <unknown>\n#6 0x55d8bc503d7d <unknown>\n#7 0x55d8bc4e48c3 <unknown>\n#8 0x55d8bc4b26b3 <unknown>\n#9 0x55d8bc4b368e <unknown>\n#10 0x55d8bc754b3b <unknown>\n#11 0x55d8bc758ac1 <unknown>\n#12 0x55d8bc741335 <unknown>\n#13 0x55d8bc759642 <unknown>\n#14 0x55d8bc72649f <unknown>\n#15 0x55d8bc779038 <unknown>\n#16 0x55d8bc779203 <unknown>\n#17 0x55d8bc788f8c <unknown>\n#18 0x7f47e9894ac3 <unknown>",
        "time" : {
          "start" : 1727660276521,
          "stop" : 1727660281897,
          "duration" : 5376
        }
      }, {
        "uid" : "dfd4713024687851",
        "reportUrl" : "https://Areso.github.io/Oblache/171//#testresult/dfd4713024687851",
        "status" : "broken",
        "statusDetails" : "selenium.common.exceptions.TimeoutException: Message: Can't find element by locator ('xpath', '//button[@id=\"menu_button_webpages\"]')\nStacktrace:\n#0 0x55625c55e13a <unknown>\n#1 0x55625c2445e0 <unknown>\n#2 0x55625c293be8 <unknown>\n#3 0x55625c293e81 <unknown>\n#4 0x55625c2da8c4 <unknown>\n#5 0x55625c2b8b4d <unknown>\n#6 0x55625c2d7d7d <unknown>\n#7 0x55625c2b88c3 <unknown>\n#8 0x55625c2866b3 <unknown>\n#9 0x55625c28768e <unknown>\n#10 0x55625c528b3b <unknown>\n#11 0x55625c52cac1 <unknown>\n#12 0x55625c515335 <unknown>\n#13 0x55625c52d642 <unknown>\n#14 0x55625c4fa49f <unknown>\n#15 0x55625c54d038 <unknown>\n#16 0x55625c54d203 <unknown>\n#17 0x55625c55cf8c <unknown>\n#18 0x7f9b68094ac3 <unknown>",
        "time" : {
          "start" : 1727574068950,
          "stop" : 1727574073964,
          "duration" : 5014
        }
      } ]
    },
    "tags" : [ ]
  },
  "source" : "8392aac41908137f.json",
  "parameterValues" : [ ]
}