{
  "uid" : "eca6abb0c4f3b7aa",
  "name" : "test_create_database",
  "fullName" : "tests_ui.test_ui.TestProfilePage#test_create_database",
  "historyId" : "4762f7b87391625d86f9ea8dbdd3b406",
  "time" : {
    "start" : 1732585268848,
    "stop" : 1732585276739,
    "duration" : 7891
  },
  "status" : "broken",
  "statusMessage" : "selenium.common.exceptions.TimeoutException: Message: Can't find element by locator ('xpath', '//div[@id=\"msg_from_server\"]')",
  "statusTrace" : "self = <tests_ui.test_ui.TestProfilePage object at 0x7f9d330b0770>\ndriver = <selenium.webdriver.chrome.webdriver.WebDriver (session=\"b413c42a0c8be43617d77a1bfa005b4e\")>\nauthorization_user = None\n\n    @allure.title('test_create_database')\n    def test_create_database(self, driver, authorization_user):\n        page = ProfilePage(driver, authorization_user)\n>       page.compare_database_status()\n\ntests_ui/test_ui.py:83: \n_ _ _ _ _ _ _ _ _ _ _ _ _ _ _ _ _ _ _ _ _ _ _ _ _ _ _ _ _ _ _ _ _ _ _ _ _ _ _ _ \ntests_ui/profile_page.py:150: in compare_database_status\n    msg = self.element_is_visible(self.locators.MSG_FROM_SERVER).text\ntests_ui/base_page.py:34: in element_is_visible\n    return Wait(self.driver, self.timeout).until(\n_ _ _ _ _ _ _ _ _ _ _ _ _ _ _ _ _ _ _ _ _ _ _ _ _ _ _ _ _ _ _ _ _ _ _ _ _ _ _ _ \n\nself = <selenium.webdriver.support.wait.WebDriverWait (session=\"b413c42a0c8be43617d77a1bfa005b4e\")>\nmethod = <function visibility_of_element_located.<locals>._predicate at 0x7f9d325be840>\nmessage = 'Can\\'t find element by locator (\\'xpath\\', \\'//div[@id=\"msg_from_server\"]\\')'\n\n    def until(self, method: Callable[[D], Union[Literal[False], T]], message: str = \"\") -> T:\n        \"\"\"Calls the method provided with the driver as an argument until the \\\n        return value does not evaluate to ``False``.\n    \n        :param method: callable(WebDriver)\n        :param message: optional message for :exc:`TimeoutException`\n        :returns: the result of the last call to `method`\n        :raises: :exc:`selenium.common.exceptions.TimeoutException` if timeout occurs\n        \"\"\"\n        screen = None\n        stacktrace = None\n    \n        end_time = time.monotonic() + self._timeout\n        while True:\n            try:\n                value = method(self._driver)\n                if value:\n                    return value\n            except self._ignored_exceptions as exc:\n                screen = getattr(exc, \"screen\", None)\n                stacktrace = getattr(exc, \"stacktrace\", None)\n            time.sleep(self._poll)\n            if time.monotonic() > end_time:\n                break\n>       raise TimeoutException(message, screen, stacktrace)\nE       selenium.common.exceptions.TimeoutException: Message: Can't find element by locator ('xpath', '//div[@id=\"msg_from_server\"]')\n\n/opt/hostedtoolcache/Python/3.12.7/x64/lib/python3.12/site-packages/selenium/webdriver/support/wait.py:105: TimeoutException",
  "flaky" : false,
  "newFailed" : false,
  "beforeStages" : [ {
    "name" : "driver",
    "time" : {
      "start" : 1732585268026,
      "stop" : 1732585268327,
      "duration" : 301
    },
    "status" : "passed",
    "steps" : [ ],
    "attachments" : [ ],
    "parameters" : [ ],
    "stepsCount" : 0,
    "attachmentsCount" : 0,
    "shouldDisplayMessage" : false,
    "hasContent" : false
  }, {
    "name" : "authorization_user",
    "time" : {
      "start" : 1732585268328,
      "stop" : 1732585268848,
      "duration" : 520
    },
    "status" : "passed",
    "steps" : [ {
      "name" : "Open page: https://oblache.areso.pro/register.html",
      "time" : {
        "start" : 1732585268328,
        "stop" : 1732585268647,
        "duration" : 319
      },
      "status" : "passed",
      "steps" : [ ],
      "attachments" : [ ],
      "parameters" : [ ],
      "stepsCount" : 0,
      "attachmentsCount" : 0,
      "shouldDisplayMessage" : false,
      "hasContent" : false
    }, {
      "name" : "Login user",
      "time" : {
        "start" : 1732585268647,
        "stop" : 1732585268848,
        "duration" : 201
      },
      "status" : "passed",
      "steps" : [ {
        "name" : "Enter email.",
        "time" : {
          "start" : 1732585268647,
          "stop" : 1732585268710,
          "duration" : 63
        },
        "status" : "passed",
        "steps" : [ ],
        "attachments" : [ ],
        "parameters" : [ ],
        "stepsCount" : 0,
        "attachmentsCount" : 0,
        "shouldDisplayMessage" : false,
        "hasContent" : false
      }, {
        "name" : "Enter password.",
        "time" : {
          "start" : 1732585268710,
          "stop" : 1732585268756,
          "duration" : 46
        },
        "status" : "passed",
        "steps" : [ ],
        "attachments" : [ ],
        "parameters" : [ ],
        "stepsCount" : 0,
        "attachmentsCount" : 0,
        "shouldDisplayMessage" : false,
        "hasContent" : false
      }, {
        "name" : "Click button \"Login\"",
        "time" : {
          "start" : 1732585268756,
          "stop" : 1732585268845,
          "duration" : 89
        },
        "status" : "passed",
        "steps" : [ ],
        "attachments" : [ ],
        "parameters" : [ ],
        "stepsCount" : 0,
        "attachmentsCount" : 0,
        "shouldDisplayMessage" : false,
        "hasContent" : false
      }, {
        "name" : "Check url is present: https://oblache.areso.pro/register.html",
        "time" : {
          "start" : 1732585268845,
          "stop" : 1732585268848,
          "duration" : 3
        },
        "status" : "passed",
        "steps" : [ ],
        "attachments" : [ ],
        "parameters" : [ ],
        "stepsCount" : 0,
        "attachmentsCount" : 0,
        "shouldDisplayMessage" : false,
        "hasContent" : false
      } ],
      "attachments" : [ ],
      "parameters" : [ ],
      "stepsCount" : 4,
      "attachmentsCount" : 0,
      "shouldDisplayMessage" : false,
      "hasContent" : true
    } ],
    "attachments" : [ ],
    "parameters" : [ ],
    "stepsCount" : 6,
    "attachmentsCount" : 0,
    "shouldDisplayMessage" : false,
    "hasContent" : true
  } ],
  "testStage" : {
    "status" : "broken",
    "statusMessage" : "selenium.common.exceptions.TimeoutException: Message: Can't find element by locator ('xpath', '//div[@id=\"msg_from_server\"]')",
    "statusTrace" : "self = <tests_ui.test_ui.TestProfilePage object at 0x7f9d330b0770>\ndriver = <selenium.webdriver.chrome.webdriver.WebDriver (session=\"b413c42a0c8be43617d77a1bfa005b4e\")>\nauthorization_user = None\n\n    @allure.title('test_create_database')\n    def test_create_database(self, driver, authorization_user):\n        page = ProfilePage(driver, authorization_user)\n>       page.compare_database_status()\n\ntests_ui/test_ui.py:83: \n_ _ _ _ _ _ _ _ _ _ _ _ _ _ _ _ _ _ _ _ _ _ _ _ _ _ _ _ _ _ _ _ _ _ _ _ _ _ _ _ \ntests_ui/profile_page.py:150: in compare_database_status\n    msg = self.element_is_visible(self.locators.MSG_FROM_SERVER).text\ntests_ui/base_page.py:34: in element_is_visible\n    return Wait(self.driver, self.timeout).until(\n_ _ _ _ _ _ _ _ _ _ _ _ _ _ _ _ _ _ _ _ _ _ _ _ _ _ _ _ _ _ _ _ _ _ _ _ _ _ _ _ \n\nself = <selenium.webdriver.support.wait.WebDriverWait (session=\"b413c42a0c8be43617d77a1bfa005b4e\")>\nmethod = <function visibility_of_element_located.<locals>._predicate at 0x7f9d325be840>\nmessage = 'Can\\'t find element by locator (\\'xpath\\', \\'//div[@id=\"msg_from_server\"]\\')'\n\n    def until(self, method: Callable[[D], Union[Literal[False], T]], message: str = \"\") -> T:\n        \"\"\"Calls the method provided with the driver as an argument until the \\\n        return value does not evaluate to ``False``.\n    \n        :param method: callable(WebDriver)\n        :param message: optional message for :exc:`TimeoutException`\n        :returns: the result of the last call to `method`\n        :raises: :exc:`selenium.common.exceptions.TimeoutException` if timeout occurs\n        \"\"\"\n        screen = None\n        stacktrace = None\n    \n        end_time = time.monotonic() + self._timeout\n        while True:\n            try:\n                value = method(self._driver)\n                if value:\n                    return value\n            except self._ignored_exceptions as exc:\n                screen = getattr(exc, \"screen\", None)\n                stacktrace = getattr(exc, \"stacktrace\", None)\n            time.sleep(self._poll)\n            if time.monotonic() > end_time:\n                break\n>       raise TimeoutException(message, screen, stacktrace)\nE       selenium.common.exceptions.TimeoutException: Message: Can't find element by locator ('xpath', '//div[@id=\"msg_from_server\"]')\n\n/opt/hostedtoolcache/Python/3.12.7/x64/lib/python3.12/site-packages/selenium/webdriver/support/wait.py:105: TimeoutException",
    "steps" : [ {
      "name" : "Click button Status.",
      "time" : {
        "start" : 1732585269848,
        "stop" : 1732585269919,
        "duration" : 71
      },
      "status" : "passed",
      "steps" : [ ],
      "attachments" : [ ],
      "parameters" : [ ],
      "stepsCount" : 0,
      "attachmentsCount" : 0,
      "shouldDisplayMessage" : false,
      "hasContent" : false
    }, {
      "name" : "Get status data.",
      "time" : {
        "start" : 1732585270255,
        "stop" : 1732585270255,
        "duration" : 0
      },
      "status" : "passed",
      "steps" : [ {
        "name" : "Status data is: {'Email:': 'test4@mail.com', 'is blocked?': '0', 'is db creation allowed?': '0', 'disk db quota, mb': '4', 'disk db used, mb': '9', 'db qty quota': '100', 'db qty used': '16', 'site qty quota': '5', 'site qty used': '0', 'is site deploy allowed?': '1'}",
        "time" : {
          "start" : 1732585270255,
          "stop" : 1732585270255,
          "duration" : 0
        },
        "status" : "passed",
        "steps" : [ ],
        "attachments" : [ ],
        "parameters" : [ ],
        "stepsCount" : 0,
        "attachmentsCount" : 0,
        "shouldDisplayMessage" : false,
        "hasContent" : false
      } ],
      "attachments" : [ ],
      "parameters" : [ ],
      "stepsCount" : 1,
      "attachmentsCount" : 0,
      "shouldDisplayMessage" : false,
      "hasContent" : true
    }, {
      "name" : "Click \"Databases\" button.",
      "time" : {
        "start" : 1732585270255,
        "stop" : 1732585270321,
        "duration" : 66
      },
      "status" : "passed",
      "steps" : [ ],
      "attachments" : [ ],
      "parameters" : [ ],
      "stepsCount" : 0,
      "attachmentsCount" : 0,
      "shouldDisplayMessage" : false,
      "hasContent" : false
    }, {
      "name" : "Click \"Create new DB\" button.",
      "time" : {
        "start" : 1732585270321,
        "stop" : 1732585270394,
        "duration" : 73
      },
      "status" : "passed",
      "steps" : [ ],
      "attachments" : [ ],
      "parameters" : [ ],
      "stepsCount" : 0,
      "attachmentsCount" : 0,
      "shouldDisplayMessage" : false,
      "hasContent" : false
    }, {
      "name" : "Select region \"CIS\".",
      "time" : {
        "start" : 1732585270394,
        "stop" : 1732585271544,
        "duration" : 1150
      },
      "status" : "passed",
      "steps" : [ ],
      "attachments" : [ ],
      "parameters" : [ ],
      "stepsCount" : 0,
      "attachmentsCount" : 0,
      "shouldDisplayMessage" : false,
      "hasContent" : false
    }, {
      "name" : "Click \"Create\" button.",
      "time" : {
        "start" : 1732585271544,
        "stop" : 1732585271606,
        "duration" : 62
      },
      "status" : "passed",
      "steps" : [ ],
      "attachments" : [ ],
      "parameters" : [ ],
      "stepsCount" : 0,
      "attachmentsCount" : 0,
      "shouldDisplayMessage" : false,
      "hasContent" : false
    } ],
    "attachments" : [ {
      "uid" : "2005899016d8d8b",
      "name" : "Screenshot 2024-11-26 01:41:16.839283",
      "source" : "2005899016d8d8b.png",
      "type" : "image/png",
      "size" : 30142
    } ],
    "parameters" : [ ],
    "stepsCount" : 7,
    "attachmentsCount" : 1,
    "shouldDisplayMessage" : true,
    "hasContent" : true
  },
  "afterStages" : [ {
    "name" : "driver::0",
    "time" : {
      "start" : 1732585276840,
      "stop" : 1732585276906,
      "duration" : 66
    },
    "status" : "passed",
    "steps" : [ ],
    "attachments" : [ ],
    "parameters" : [ ],
    "stepsCount" : 0,
    "attachmentsCount" : 0,
    "shouldDisplayMessage" : false,
    "hasContent" : false
  } ],
  "labels" : [ {
    "name" : "suite",
    "value" : "Test Profile Page."
  }, {
    "name" : "parentSuite",
    "value" : "tests_ui"
  }, {
    "name" : "subSuite",
    "value" : "TestProfilePage"
  }, {
    "name" : "host",
    "value" : "fv-az532-134"
  }, {
    "name" : "thread",
    "value" : "2217-MainThread"
  }, {
    "name" : "framework",
    "value" : "pytest"
  }, {
    "name" : "language",
    "value" : "cpython3"
  }, {
    "name" : "package",
    "value" : "tests_ui.test_ui"
  }, {
    "name" : "resultFormat",
    "value" : "allure2"
  } ],
  "parameters" : [ ],
  "links" : [ ],
  "hidden" : false,
  "retry" : false,
  "extra" : {
    "severity" : "normal",
    "retries" : [ ],
    "categories" : [ {
      "name" : "Test defects",
      "matchedStatuses" : [ ],
      "flaky" : false
    } ],
    "history" : {
      "statistic" : {
        "failed" : 0,
        "broken" : 97,
        "skipped" : 0,
        "passed" : 8,
        "unknown" : 0,
        "total" : 105
      },
      "items" : [ {
        "uid" : "3899c498fac202f7",
        "reportUrl" : "https://Areso.github.io/Oblache/228//#testresult/3899c498fac202f7",
        "status" : "broken",
        "statusDetails" : "selenium.common.exceptions.TimeoutException: Message: Can't find element by locator ('xpath', '//div[@id=\"msg_from_server\"]')",
        "time" : {
          "start" : 1732498928362,
          "stop" : 1732498936621,
          "duration" : 8259
        }
      }, {
        "uid" : "2f1b8ba295976438",
        "reportUrl" : "https://Areso.github.io/Oblache/227//#testresult/2f1b8ba295976438",
        "status" : "broken",
        "statusDetails" : "selenium.common.exceptions.TimeoutException: Message: Can't find element by locator ('xpath', '//div[@id=\"msg_from_server\"]')",
        "time" : {
          "start" : 1732412723654,
          "stop" : 1732412732523,
          "duration" : 8869
        }
      }, {
        "uid" : "4376e4eb09e6b694",
        "reportUrl" : "https://Areso.github.io/Oblache/226//#testresult/4376e4eb09e6b694",
        "status" : "broken",
        "statusDetails" : "selenium.common.exceptions.TimeoutException: Message: Can't find element by locator ('xpath', '//div[@id=\"msg_from_server\"]')",
        "time" : {
          "start" : 1732325468213,
          "stop" : 1732325476084,
          "duration" : 7871
        }
      }, {
        "uid" : "2a69eb849858e08d",
        "reportUrl" : "https://Areso.github.io/Oblache/225//#testresult/2a69eb849858e08d",
        "status" : "broken",
        "statusDetails" : "selenium.common.exceptions.TimeoutException: Message: Can't find element by locator ('xpath', '//div[@id=\"msg_from_server\"]')",
        "time" : {
          "start" : 1732239676795,
          "stop" : 1732239684808,
          "duration" : 8013
        }
      }, {
        "uid" : "dd9e8f3d87cee780",
        "reportUrl" : "https://Areso.github.io/Oblache/224//#testresult/dd9e8f3d87cee780",
        "status" : "broken",
        "statusDetails" : "selenium.common.exceptions.TimeoutException: Message: Can't find element by locator ('xpath', '//div[@id=\"msg_from_server\"]')",
        "time" : {
          "start" : 1732153149320,
          "stop" : 1732153157197,
          "duration" : 7877
        }
      }, {
        "uid" : "395fa32d24d7b2af",
        "reportUrl" : "https://Areso.github.io/Oblache/223//#testresult/395fa32d24d7b2af",
        "status" : "broken",
        "statusDetails" : "selenium.common.exceptions.TimeoutException: Message: Can't find element by locator ('xpath', '//div[@id=\"msg_from_server\"]')",
        "time" : {
          "start" : 1732066808999,
          "stop" : 1732066816856,
          "duration" : 7857
        }
      }, {
        "uid" : "c5670c72720f5a7",
        "reportUrl" : "https://Areso.github.io/Oblache/222//#testresult/c5670c72720f5a7",
        "status" : "broken",
        "statusDetails" : "selenium.common.exceptions.TimeoutException: Message: Can't find element by locator ('xpath', '//div[@id=\"msg_from_server\"]')",
        "time" : {
          "start" : 1731980478462,
          "stop" : 1731980486542,
          "duration" : 8080
        }
      }, {
        "uid" : "c515ae233891b848",
        "reportUrl" : "https://Areso.github.io/Oblache/221//#testresult/c515ae233891b848",
        "status" : "broken",
        "statusDetails" : "selenium.common.exceptions.TimeoutException: Message: Can't find element by locator ('xpath', '//div[@id=\"msg_from_server\"]')",
        "time" : {
          "start" : 1731894195108,
          "stop" : 1731894203284,
          "duration" : 8176
        }
      }, {
        "uid" : "2f3680c97e0e14c4",
        "reportUrl" : "https://Areso.github.io/Oblache/220//#testresult/2f3680c97e0e14c4",
        "status" : "broken",
        "statusDetails" : "selenium.common.exceptions.TimeoutException: Message: Can't find element by locator ('xpath', '//div[@id=\"msg_from_server\"]')",
        "time" : {
          "start" : 1731807863243,
          "stop" : 1731807871594,
          "duration" : 8351
        }
      }, {
        "uid" : "3a01c3826771a5d5",
        "reportUrl" : "https://Areso.github.io/Oblache/219//#testresult/3a01c3826771a5d5",
        "status" : "passed",
        "time" : {
          "start" : 1731721457922,
          "stop" : 1731721462734,
          "duration" : 4812
        }
      }, {
        "uid" : "9f112c32341bd975",
        "reportUrl" : "https://Areso.github.io/Oblache/218//#testresult/9f112c32341bd975",
        "status" : "broken",
        "statusDetails" : "ValueError: invalid literal for int() with base 10: 'nodata'",
        "time" : {
          "start" : 1731634944941,
          "stop" : 1731634950466,
          "duration" : 5525
        }
      }, {
        "uid" : "24845dee3ed26f84",
        "reportUrl" : "https://Areso.github.io/Oblache/217//#testresult/24845dee3ed26f84",
        "status" : "passed",
        "time" : {
          "start" : 1731547716847,
          "stop" : 1731547721617,
          "duration" : 4770
        }
      }, {
        "uid" : "fe8ee6aeb7750232",
        "reportUrl" : "https://Areso.github.io/Oblache/216//#testresult/fe8ee6aeb7750232",
        "status" : "passed",
        "time" : {
          "start" : 1731461292794,
          "stop" : 1731461297484,
          "duration" : 4690
        }
      }, {
        "uid" : "3cde12fe660a452f",
        "reportUrl" : "https://Areso.github.io/Oblache/215//#testresult/3cde12fe660a452f",
        "status" : "passed",
        "time" : {
          "start" : 1731374765291,
          "stop" : 1731374769796,
          "duration" : 4505
        }
      }, {
        "uid" : "1a3e8905f043a5a8",
        "reportUrl" : "https://Areso.github.io/Oblache/214//#testresult/1a3e8905f043a5a8",
        "status" : "broken",
        "statusDetails" : "ValueError: invalid literal for int() with base 10: 'nodata'",
        "time" : {
          "start" : 1731288553014,
          "stop" : 1731288558434,
          "duration" : 5420
        }
      }, {
        "uid" : "5daf5fc473b446dd",
        "reportUrl" : "https://Areso.github.io/Oblache/213//#testresult/5daf5fc473b446dd",
        "status" : "passed",
        "time" : {
          "start" : 1731202748012,
          "stop" : 1731202752539,
          "duration" : 4527
        }
      }, {
        "uid" : "34f3c83ef44dd541",
        "reportUrl" : "https://Areso.github.io/Oblache/212//#testresult/34f3c83ef44dd541",
        "status" : "broken",
        "statusDetails" : "ValueError: invalid literal for int() with base 10: 'nodata'",
        "time" : {
          "start" : 1731115508777,
          "stop" : 1731115513285,
          "duration" : 4508
        }
      }, {
        "uid" : "a986b37454028108",
        "reportUrl" : "https://Areso.github.io/Oblache/211//#testresult/a986b37454028108",
        "status" : "broken",
        "statusDetails" : "ValueError: invalid literal for int() with base 10: 'nodata'",
        "time" : {
          "start" : 1731029298499,
          "stop" : 1731029303922,
          "duration" : 5423
        }
      }, {
        "uid" : "fdf60534ba4b009e",
        "reportUrl" : "https://Areso.github.io/Oblache/210//#testresult/fdf60534ba4b009e",
        "status" : "broken",
        "statusDetails" : "ValueError: invalid literal for int() with base 10: 'nodata'",
        "time" : {
          "start" : 1730942910786,
          "stop" : 1730942916266,
          "duration" : 5480
        }
      }, {
        "uid" : "efcd7789a7dda170",
        "reportUrl" : "https://Areso.github.io/Oblache/209//#testresult/efcd7789a7dda170",
        "status" : "passed",
        "time" : {
          "start" : 1730856427185,
          "stop" : 1730856432377,
          "duration" : 5192
        }
      } ]
    },
    "tags" : [ ]
  },
  "source" : "eca6abb0c4f3b7aa.json",
  "parameterValues" : [ ]
}