{
  "uid" : "6b992536019e2f6",
  "name" : "test_create_database",
  "fullName" : "tests_ui.test_ui.TestProfilePage#test_create_database",
  "historyId" : "4762f7b87391625d86f9ea8dbdd3b406",
  "time" : {
    "start" : 1735349230807,
    "stop" : 1735349237609,
    "duration" : 6802
  },
  "status" : "broken",
  "statusMessage" : "selenium.common.exceptions.TimeoutException: Message: Can't find element by locator ('xpath', '//select[@id=\"selectDBRegion\"] /option[@value=\"3\"]')\nStacktrace:\n#0 0x558eeb77b31a <unknown>\n#1 0x558eeb2916e0 <unknown>\n#2 0x558eeb2e03e6 <unknown>\n#3 0x558eeb2e0681 <unknown>\n#4 0x558eeb325b04 <unknown>\n#5 0x558eeb30448d <unknown>\n#6 0x558eeb322ed7 <unknown>\n#7 0x558eeb304203 <unknown>\n#8 0x558eeb2d2cc0 <unknown>\n#9 0x558eeb2d3c9e <unknown>\n#10 0x558eeb748d0b <unknown>\n#11 0x558eeb74cc92 <unknown>\n#12 0x558eeb735b3c <unknown>\n#13 0x558eeb74d807 <unknown>\n#14 0x558eeb71b0df <unknown>\n#15 0x558eeb76a578 <unknown>\n#16 0x558eeb76a740 <unknown>\n#17 0x558eeb77a196 <unknown>\n#18 0x7f390dc9ca94 <unknown>\n#19 0x7f390dd29c3c <unknown>",
  "statusTrace" : "self = <tests_ui.test_ui.TestProfilePage object at 0x7f8868cd01a0>\ndriver = <selenium.webdriver.chrome.webdriver.WebDriver (session=\"3fafe91bc89e6e28c672cd5d2ace949a\")>\nauthorization_user = None\n\n    @allure.title('test_create_database')\n    def test_create_database(self, driver, authorization_user):\n        page = ProfilePage(driver, authorization_user)\n>       page.compare_database_status()\n\ntests_ui/test_ui.py:83: \n_ _ _ _ _ _ _ _ _ _ _ _ _ _ _ _ _ _ _ _ _ _ _ _ _ _ _ _ _ _ _ _ _ _ _ _ _ _ _ _ \ntests_ui/profile_page.py:148: in compare_database_status\n    self.select_db_region_cis()\ntests_ui/profile_page.py:67: in select_db_region_cis\n    self.element_is_present_and_clickable(self.locators.DB_REGION_CIS).click()\ntests_ui/base_page.py:28: in element_is_present_and_clickable\n    return (Wait(self.driver, self.timeout).until(\n_ _ _ _ _ _ _ _ _ _ _ _ _ _ _ _ _ _ _ _ _ _ _ _ _ _ _ _ _ _ _ _ _ _ _ _ _ _ _ _ \n\nself = <selenium.webdriver.support.wait.WebDriverWait (session=\"3fafe91bc89e6e28c672cd5d2ace949a\")>\nmethod = <function visibility_of_element_located.<locals>._predicate at 0x7f88681bc2c0>\nmessage = 'Can\\'t find element by locator (\\'xpath\\', \\'//select[@id=\"selectDBRegion\"] /option[@value=\"3\"]\\')'\n\n    def until(self, method: Callable[[D], Union[Literal[False], T]], message: str = \"\") -> T:\n        \"\"\"Calls the method provided with the driver as an argument until the \\\n        return value does not evaluate to ``False``.\n    \n        :param method: callable(WebDriver)\n        :param message: optional message for :exc:`TimeoutException`\n        :returns: the result of the last call to `method`\n        :raises: :exc:`selenium.common.exceptions.TimeoutException` if timeout occurs\n        \"\"\"\n        screen = None\n        stacktrace = None\n    \n        end_time = time.monotonic() + self._timeout\n        while True:\n            try:\n                value = method(self._driver)\n                if value:\n                    return value\n            except self._ignored_exceptions as exc:\n                screen = getattr(exc, \"screen\", None)\n                stacktrace = getattr(exc, \"stacktrace\", None)\n            time.sleep(self._poll)\n            if time.monotonic() > end_time:\n                break\n>       raise TimeoutException(message, screen, stacktrace)\nE       selenium.common.exceptions.TimeoutException: Message: Can't find element by locator ('xpath', '//select[@id=\"selectDBRegion\"] /option[@value=\"3\"]')\nE       Stacktrace:\nE       #0 0x558eeb77b31a <unknown>\nE       #1 0x558eeb2916e0 <unknown>\nE       #2 0x558eeb2e03e6 <unknown>\nE       #3 0x558eeb2e0681 <unknown>\nE       #4 0x558eeb325b04 <unknown>\nE       #5 0x558eeb30448d <unknown>\nE       #6 0x558eeb322ed7 <unknown>\nE       #7 0x558eeb304203 <unknown>\nE       #8 0x558eeb2d2cc0 <unknown>\nE       #9 0x558eeb2d3c9e <unknown>\nE       #10 0x558eeb748d0b <unknown>\nE       #11 0x558eeb74cc92 <unknown>\nE       #12 0x558eeb735b3c <unknown>\nE       #13 0x558eeb74d807 <unknown>\nE       #14 0x558eeb71b0df <unknown>\nE       #15 0x558eeb76a578 <unknown>\nE       #16 0x558eeb76a740 <unknown>\nE       #17 0x558eeb77a196 <unknown>\nE       #18 0x7f390dc9ca94 <unknown>\nE       #19 0x7f390dd29c3c <unknown>\n\n/opt/hostedtoolcache/Python/3.12.8/x64/lib/python3.12/site-packages/selenium/webdriver/support/wait.py:105: TimeoutException",
  "flaky" : false,
  "newFailed" : false,
  "beforeStages" : [ {
    "name" : "driver",
    "time" : {
      "start" : 1735349230050,
      "stop" : 1735349230314,
      "duration" : 264
    },
    "status" : "passed",
    "steps" : [ ],
    "attachments" : [ ],
    "parameters" : [ ],
    "stepsCount" : 0,
    "attachmentsCount" : 0,
    "shouldDisplayMessage" : false,
    "hasContent" : false
  }, {
    "name" : "authorization_user",
    "time" : {
      "start" : 1735349230314,
      "stop" : 1735349230807,
      "duration" : 493
    },
    "status" : "passed",
    "steps" : [ {
      "name" : "Open page: https://oblache.areso.pro/register.html",
      "time" : {
        "start" : 1735349230314,
        "stop" : 1735349230618,
        "duration" : 304
      },
      "status" : "passed",
      "steps" : [ ],
      "attachments" : [ ],
      "parameters" : [ ],
      "stepsCount" : 0,
      "attachmentsCount" : 0,
      "shouldDisplayMessage" : false,
      "hasContent" : false
    }, {
      "name" : "Login user",
      "time" : {
        "start" : 1735349230618,
        "stop" : 1735349230807,
        "duration" : 189
      },
      "status" : "passed",
      "steps" : [ {
        "name" : "Enter email.",
        "time" : {
          "start" : 1735349230618,
          "stop" : 1735349230677,
          "duration" : 59
        },
        "status" : "passed",
        "steps" : [ ],
        "attachments" : [ ],
        "parameters" : [ ],
        "stepsCount" : 0,
        "attachmentsCount" : 0,
        "shouldDisplayMessage" : false,
        "hasContent" : false
      }, {
        "name" : "Enter password.",
        "time" : {
          "start" : 1735349230677,
          "stop" : 1735349230719,
          "duration" : 42
        },
        "status" : "passed",
        "steps" : [ ],
        "attachments" : [ ],
        "parameters" : [ ],
        "stepsCount" : 0,
        "attachmentsCount" : 0,
        "shouldDisplayMessage" : false,
        "hasContent" : false
      }, {
        "name" : "Click button \"Login\"",
        "time" : {
          "start" : 1735349230719,
          "stop" : 1735349230804,
          "duration" : 85
        },
        "status" : "passed",
        "steps" : [ ],
        "attachments" : [ ],
        "parameters" : [ ],
        "stepsCount" : 0,
        "attachmentsCount" : 0,
        "shouldDisplayMessage" : false,
        "hasContent" : false
      }, {
        "name" : "Check url is present: https://oblache.areso.pro/register.html",
        "time" : {
          "start" : 1735349230804,
          "stop" : 1735349230807,
          "duration" : 3
        },
        "status" : "passed",
        "steps" : [ ],
        "attachments" : [ ],
        "parameters" : [ ],
        "stepsCount" : 0,
        "attachmentsCount" : 0,
        "shouldDisplayMessage" : false,
        "hasContent" : false
      } ],
      "attachments" : [ ],
      "parameters" : [ ],
      "stepsCount" : 4,
      "attachmentsCount" : 0,
      "shouldDisplayMessage" : false,
      "hasContent" : true
    } ],
    "attachments" : [ ],
    "parameters" : [ ],
    "stepsCount" : 6,
    "attachmentsCount" : 0,
    "shouldDisplayMessage" : false,
    "hasContent" : true
  } ],
  "testStage" : {
    "status" : "broken",
    "statusMessage" : "selenium.common.exceptions.TimeoutException: Message: Can't find element by locator ('xpath', '//select[@id=\"selectDBRegion\"] /option[@value=\"3\"]')\nStacktrace:\n#0 0x558eeb77b31a <unknown>\n#1 0x558eeb2916e0 <unknown>\n#2 0x558eeb2e03e6 <unknown>\n#3 0x558eeb2e0681 <unknown>\n#4 0x558eeb325b04 <unknown>\n#5 0x558eeb30448d <unknown>\n#6 0x558eeb322ed7 <unknown>\n#7 0x558eeb304203 <unknown>\n#8 0x558eeb2d2cc0 <unknown>\n#9 0x558eeb2d3c9e <unknown>\n#10 0x558eeb748d0b <unknown>\n#11 0x558eeb74cc92 <unknown>\n#12 0x558eeb735b3c <unknown>\n#13 0x558eeb74d807 <unknown>\n#14 0x558eeb71b0df <unknown>\n#15 0x558eeb76a578 <unknown>\n#16 0x558eeb76a740 <unknown>\n#17 0x558eeb77a196 <unknown>\n#18 0x7f390dc9ca94 <unknown>\n#19 0x7f390dd29c3c <unknown>",
    "statusTrace" : "self = <tests_ui.test_ui.TestProfilePage object at 0x7f8868cd01a0>\ndriver = <selenium.webdriver.chrome.webdriver.WebDriver (session=\"3fafe91bc89e6e28c672cd5d2ace949a\")>\nauthorization_user = None\n\n    @allure.title('test_create_database')\n    def test_create_database(self, driver, authorization_user):\n        page = ProfilePage(driver, authorization_user)\n>       page.compare_database_status()\n\ntests_ui/test_ui.py:83: \n_ _ _ _ _ _ _ _ _ _ _ _ _ _ _ _ _ _ _ _ _ _ _ _ _ _ _ _ _ _ _ _ _ _ _ _ _ _ _ _ \ntests_ui/profile_page.py:148: in compare_database_status\n    self.select_db_region_cis()\ntests_ui/profile_page.py:67: in select_db_region_cis\n    self.element_is_present_and_clickable(self.locators.DB_REGION_CIS).click()\ntests_ui/base_page.py:28: in element_is_present_and_clickable\n    return (Wait(self.driver, self.timeout).until(\n_ _ _ _ _ _ _ _ _ _ _ _ _ _ _ _ _ _ _ _ _ _ _ _ _ _ _ _ _ _ _ _ _ _ _ _ _ _ _ _ \n\nself = <selenium.webdriver.support.wait.WebDriverWait (session=\"3fafe91bc89e6e28c672cd5d2ace949a\")>\nmethod = <function visibility_of_element_located.<locals>._predicate at 0x7f88681bc2c0>\nmessage = 'Can\\'t find element by locator (\\'xpath\\', \\'//select[@id=\"selectDBRegion\"] /option[@value=\"3\"]\\')'\n\n    def until(self, method: Callable[[D], Union[Literal[False], T]], message: str = \"\") -> T:\n        \"\"\"Calls the method provided with the driver as an argument until the \\\n        return value does not evaluate to ``False``.\n    \n        :param method: callable(WebDriver)\n        :param message: optional message for :exc:`TimeoutException`\n        :returns: the result of the last call to `method`\n        :raises: :exc:`selenium.common.exceptions.TimeoutException` if timeout occurs\n        \"\"\"\n        screen = None\n        stacktrace = None\n    \n        end_time = time.monotonic() + self._timeout\n        while True:\n            try:\n                value = method(self._driver)\n                if value:\n                    return value\n            except self._ignored_exceptions as exc:\n                screen = getattr(exc, \"screen\", None)\n                stacktrace = getattr(exc, \"stacktrace\", None)\n            time.sleep(self._poll)\n            if time.monotonic() > end_time:\n                break\n>       raise TimeoutException(message, screen, stacktrace)\nE       selenium.common.exceptions.TimeoutException: Message: Can't find element by locator ('xpath', '//select[@id=\"selectDBRegion\"] /option[@value=\"3\"]')\nE       Stacktrace:\nE       #0 0x558eeb77b31a <unknown>\nE       #1 0x558eeb2916e0 <unknown>\nE       #2 0x558eeb2e03e6 <unknown>\nE       #3 0x558eeb2e0681 <unknown>\nE       #4 0x558eeb325b04 <unknown>\nE       #5 0x558eeb30448d <unknown>\nE       #6 0x558eeb322ed7 <unknown>\nE       #7 0x558eeb304203 <unknown>\nE       #8 0x558eeb2d2cc0 <unknown>\nE       #9 0x558eeb2d3c9e <unknown>\nE       #10 0x558eeb748d0b <unknown>\nE       #11 0x558eeb74cc92 <unknown>\nE       #12 0x558eeb735b3c <unknown>\nE       #13 0x558eeb74d807 <unknown>\nE       #14 0x558eeb71b0df <unknown>\nE       #15 0x558eeb76a578 <unknown>\nE       #16 0x558eeb76a740 <unknown>\nE       #17 0x558eeb77a196 <unknown>\nE       #18 0x7f390dc9ca94 <unknown>\nE       #19 0x7f390dd29c3c <unknown>\n\n/opt/hostedtoolcache/Python/3.12.8/x64/lib/python3.12/site-packages/selenium/webdriver/support/wait.py:105: TimeoutException",
    "steps" : [ {
      "name" : "Click button Status.",
      "time" : {
        "start" : 1735349231807,
        "stop" : 1735349231878,
        "duration" : 71
      },
      "status" : "passed",
      "steps" : [ ],
      "attachments" : [ ],
      "parameters" : [ ],
      "stepsCount" : 0,
      "attachmentsCount" : 0,
      "shouldDisplayMessage" : false,
      "hasContent" : false
    }, {
      "name" : "Get status data.",
      "time" : {
        "start" : 1735349232220,
        "stop" : 1735349232220,
        "duration" : 0
      },
      "status" : "passed",
      "steps" : [ {
        "name" : "Status data is: {'Email:': 'test4@mail.com', 'is blocked?': '0', 'is db creation allowed?': '0', 'disk db quota, mb': '4', 'disk db used, mb': '9', 'db qty quota': '100', 'db qty used': '16', 'site qty quota': '5', 'site qty used': '0', 'is site deploy allowed?': '1'}",
        "time" : {
          "start" : 1735349232220,
          "stop" : 1735349232220,
          "duration" : 0
        },
        "status" : "passed",
        "steps" : [ ],
        "attachments" : [ ],
        "parameters" : [ ],
        "stepsCount" : 0,
        "attachmentsCount" : 0,
        "shouldDisplayMessage" : false,
        "hasContent" : false
      } ],
      "attachments" : [ ],
      "parameters" : [ ],
      "stepsCount" : 1,
      "attachmentsCount" : 0,
      "shouldDisplayMessage" : false,
      "hasContent" : true
    }, {
      "name" : "Click \"Databases\" button.",
      "time" : {
        "start" : 1735349232220,
        "stop" : 1735349232285,
        "duration" : 65
      },
      "status" : "passed",
      "steps" : [ ],
      "attachments" : [ ],
      "parameters" : [ ],
      "stepsCount" : 0,
      "attachmentsCount" : 0,
      "shouldDisplayMessage" : false,
      "hasContent" : false
    }, {
      "name" : "Click \"Create new DB\" button.",
      "time" : {
        "start" : 1735349232285,
        "stop" : 1735349232381,
        "duration" : 96
      },
      "status" : "passed",
      "steps" : [ ],
      "attachments" : [ ],
      "parameters" : [ ],
      "stepsCount" : 0,
      "attachmentsCount" : 0,
      "shouldDisplayMessage" : false,
      "hasContent" : false
    }, {
      "name" : "Select region \"CIS\".",
      "time" : {
        "start" : 1735349232381,
        "stop" : 1735349237609,
        "duration" : 5228
      },
      "status" : "broken",
      "statusMessage" : "selenium.common.exceptions.TimeoutException: Message: Can't find element by locator ('xpath', '//select[@id=\"selectDBRegion\"] /option[@value=\"3\"]')\nStacktrace:\n#0 0x558eeb77b31a <unknown>\n#1 0x558eeb2916e0 <unknown>\n#2 0x558eeb2e03e6 <unknown>\n#3 0x558eeb2e0681 <unknown>\n#4 0x558eeb325b04 <unknown>\n#5 0x558eeb30448d <unknown>\n#6 0x558eeb322ed7 <unknown>\n#7 0x558eeb304203 <unknown>\n#8 0x558eeb2d2cc0 <unknown>\n#9 0x558eeb2d3c9e <unknown>\n#10 0x558eeb748d0b <unknown>\n#11 0x558eeb74cc92 <unknown>\n#12 0x558eeb735b3c <unknown>\n#13 0x558eeb74d807 <unknown>\n#14 0x558eeb71b0df <unknown>\n#15 0x558eeb76a578 <unknown>\n#16 0x558eeb76a740 <unknown>\n#17 0x558eeb77a196 <unknown>\n#18 0x7f390dc9ca94 <unknown>\n#19 0x7f390dd29c3c <unknown>\n\n",
      "statusTrace" : "  File \"/home/runner/work/Oblache/Oblache/tests_ui/profile_page.py\", line 67, in select_db_region_cis\n    self.element_is_present_and_clickable(self.locators.DB_REGION_CIS).click()\n    ^^^^^^^^^^^^^^^^^^^^^^^^^^^^^^^^^^^^^^^^^^^^^^^^^^^^^^^^^^^^^^^^^^\n  File \"/home/runner/work/Oblache/Oblache/tests_ui/base_page.py\", line 28, in element_is_present_and_clickable\n    return (Wait(self.driver, self.timeout).until(\n            ^^^^^^^^^^^^^^^^^^^^^^^^^^^^^^^^^^^^^^\n  File \"/opt/hostedtoolcache/Python/3.12.8/x64/lib/python3.12/site-packages/selenium/webdriver/support/wait.py\", line 105, in until\n    raise TimeoutException(message, screen, stacktrace)\n",
      "steps" : [ ],
      "attachments" : [ ],
      "parameters" : [ ],
      "stepsCount" : 0,
      "attachmentsCount" : 0,
      "shouldDisplayMessage" : true,
      "hasContent" : true
    } ],
    "attachments" : [ {
      "uid" : "8d1581c15b37577",
      "name" : "Screenshot 2024-12-28 01:27:17.696840",
      "source" : "8d1581c15b37577.png",
      "type" : "image/png",
      "size" : 27388
    } ],
    "parameters" : [ ],
    "stepsCount" : 6,
    "attachmentsCount" : 1,
    "shouldDisplayMessage" : true,
    "hasContent" : true
  },
  "afterStages" : [ {
    "name" : "driver::0",
    "time" : {
      "start" : 1735349237698,
      "stop" : 1735349237764,
      "duration" : 66
    },
    "status" : "passed",
    "steps" : [ ],
    "attachments" : [ ],
    "parameters" : [ ],
    "stepsCount" : 0,
    "attachmentsCount" : 0,
    "shouldDisplayMessage" : false,
    "hasContent" : false
  } ],
  "labels" : [ {
    "name" : "suite",
    "value" : "Test Profile Page."
  }, {
    "name" : "parentSuite",
    "value" : "tests_ui"
  }, {
    "name" : "subSuite",
    "value" : "TestProfilePage"
  }, {
    "name" : "host",
    "value" : "fv-az1444-491"
  }, {
    "name" : "thread",
    "value" : "2428-MainThread"
  }, {
    "name" : "framework",
    "value" : "pytest"
  }, {
    "name" : "language",
    "value" : "cpython3"
  }, {
    "name" : "package",
    "value" : "tests_ui.test_ui"
  }, {
    "name" : "resultFormat",
    "value" : "allure2"
  } ],
  "parameters" : [ ],
  "links" : [ ],
  "hidden" : false,
  "retry" : false,
  "extra" : {
    "severity" : "normal",
    "retries" : [ ],
    "categories" : [ {
      "name" : "Test defects",
      "matchedStatuses" : [ ],
      "flaky" : false
    } ],
    "history" : {
      "statistic" : {
        "failed" : 0,
        "broken" : 128,
        "skipped" : 0,
        "passed" : 8,
        "unknown" : 0,
        "total" : 136
      },
      "items" : [ {
        "uid" : "d5bb3ec0f3a25bf1",
        "reportUrl" : "https://Areso.github.io/Oblache/260//#testresult/d5bb3ec0f3a25bf1",
        "status" : "broken",
        "statusDetails" : "selenium.common.exceptions.TimeoutException: Message: Can't find element by locator ('xpath', '//div[@id=\"msg_from_server\"]')",
        "time" : {
          "start" : 1735262887187,
          "stop" : 1735262895090,
          "duration" : 7903
        }
      }, {
        "uid" : "ddd68141d5801906",
        "reportUrl" : "https://Areso.github.io/Oblache/259//#testresult/ddd68141d5801906",
        "status" : "broken",
        "statusDetails" : "selenium.common.exceptions.TimeoutException: Message: Can't find element by locator ('xpath', '//div[@id=\"msg_from_server\"]')",
        "time" : {
          "start" : 1735176497051,
          "stop" : 1735176505174,
          "duration" : 8123
        }
      }, {
        "uid" : "e538f6d00ae45de",
        "reportUrl" : "https://Areso.github.io/Oblache/258//#testresult/e538f6d00ae45de",
        "status" : "broken",
        "statusDetails" : "selenium.common.exceptions.TimeoutException: Message: Can't find element by locator ('xpath', '//div[@id=\"msg_from_server\"]')",
        "time" : {
          "start" : 1735090135702,
          "stop" : 1735090144062,
          "duration" : 8360
        }
      }, {
        "uid" : "fd0ea71170bbf258",
        "reportUrl" : "https://Areso.github.io/Oblache/257//#testresult/fd0ea71170bbf258",
        "status" : "broken",
        "statusDetails" : "selenium.common.exceptions.TimeoutException: Message: Can't find element by locator ('xpath', '//div[@id=\"msg_from_server\"]')",
        "time" : {
          "start" : 1735003698792,
          "stop" : 1735003706855,
          "duration" : 8063
        }
      }, {
        "uid" : "3fc334584b41e7ef",
        "reportUrl" : "https://Areso.github.io/Oblache/256//#testresult/3fc334584b41e7ef",
        "status" : "broken",
        "statusDetails" : "selenium.common.exceptions.TimeoutException: Message: Can't find element by locator ('xpath', '//div[@id=\"msg_from_server\"]')",
        "time" : {
          "start" : 1734917418406,
          "stop" : 1734917427257,
          "duration" : 8851
        }
      }, {
        "uid" : "e9700d31233d52b6",
        "reportUrl" : "https://Areso.github.io/Oblache/255//#testresult/e9700d31233d52b6",
        "status" : "broken",
        "statusDetails" : "selenium.common.exceptions.TimeoutException: Message: Can't find element by locator ('xpath', '//div[@id=\"msg_from_server\"]')",
        "time" : {
          "start" : 1734831726109,
          "stop" : 1734831733975,
          "duration" : 7866
        }
      }, {
        "uid" : "aec1ddfb9c4c1032",
        "reportUrl" : "https://Areso.github.io/Oblache/254//#testresult/aec1ddfb9c4c1032",
        "status" : "broken",
        "statusDetails" : "selenium.common.exceptions.TimeoutException: Message: Can't find element by locator ('xpath', '//div[@id=\"msg_from_server\"]')",
        "time" : {
          "start" : 1734744425117,
          "stop" : 1734744432990,
          "duration" : 7873
        }
      }, {
        "uid" : "760ac0ab4fb60e2e",
        "reportUrl" : "https://Areso.github.io/Oblache/253//#testresult/760ac0ab4fb60e2e",
        "status" : "broken",
        "statusDetails" : "selenium.common.exceptions.TimeoutException: Message: Can't find element by locator ('xpath', '//div[@id=\"msg_from_server\"]')",
        "time" : {
          "start" : 1734658145202,
          "stop" : 1734658153094,
          "duration" : 7892
        }
      }, {
        "uid" : "2a126ece1afa9e09",
        "reportUrl" : "https://Areso.github.io/Oblache/252//#testresult/2a126ece1afa9e09",
        "status" : "broken",
        "statusDetails" : "selenium.common.exceptions.TimeoutException: Message: Can't find element by locator ('xpath', '//div[@id=\"msg_from_server\"]')",
        "time" : {
          "start" : 1734572554628,
          "stop" : 1734572563457,
          "duration" : 8829
        }
      }, {
        "uid" : "b5af59d74d4e3979",
        "reportUrl" : "https://Areso.github.io/Oblache/250//#testresult/b5af59d74d4e3979",
        "status" : "broken",
        "statusDetails" : "selenium.common.exceptions.TimeoutException: Message: Can't find element by locator ('xpath', '//div[@id=\"msg_from_server\"]')",
        "time" : {
          "start" : 1734399846789,
          "stop" : 1734399854674,
          "duration" : 7885
        }
      }, {
        "uid" : "fc1ed838cca85c6e",
        "reportUrl" : "https://Areso.github.io/Oblache/249//#testresult/fc1ed838cca85c6e",
        "status" : "broken",
        "statusDetails" : "selenium.common.exceptions.TimeoutException: Message: Can't find element by locator ('xpath', '//div[@id=\"msg_from_server\"]')",
        "time" : {
          "start" : 1734313704694,
          "stop" : 1734313712713,
          "duration" : 8019
        }
      }, {
        "uid" : "6df4681166f87dd9",
        "reportUrl" : "https://Areso.github.io/Oblache/248//#testresult/6df4681166f87dd9",
        "status" : "broken",
        "statusDetails" : "selenium.common.exceptions.TimeoutException: Message: Can't find element by locator ('xpath', '//div[@id=\"msg_from_server\"]')",
        "time" : {
          "start" : 1734227409616,
          "stop" : 1734227417491,
          "duration" : 7875
        }
      }, {
        "uid" : "d24b67f9a24f3749",
        "reportUrl" : "https://Areso.github.io/Oblache/247//#testresult/d24b67f9a24f3749",
        "status" : "broken",
        "statusDetails" : "selenium.common.exceptions.TimeoutException: Message: Can't find element by locator ('xpath', '//div[@id=\"msg_from_server\"]')",
        "time" : {
          "start" : 1734140473433,
          "stop" : 1734140481345,
          "duration" : 7912
        }
      }, {
        "uid" : "d2f7c783ff92b770",
        "reportUrl" : "https://Areso.github.io/Oblache/246//#testresult/d2f7c783ff92b770",
        "status" : "broken",
        "statusDetails" : "selenium.common.exceptions.TimeoutException: Message: Can't find element by locator ('xpath', '//div[@id=\"msg_from_server\"]')",
        "time" : {
          "start" : 1734054325461,
          "stop" : 1734054334397,
          "duration" : 8936
        }
      }, {
        "uid" : "595b996cd9624508",
        "reportUrl" : "https://Areso.github.io/Oblache/245//#testresult/595b996cd9624508",
        "status" : "broken",
        "statusDetails" : "selenium.common.exceptions.TimeoutException: Message: Can't find element by locator ('xpath', '//div[@id=\"msg_from_server\"]')",
        "time" : {
          "start" : 1733967862715,
          "stop" : 1733967871549,
          "duration" : 8834
        }
      }, {
        "uid" : "6be060370359ba5e",
        "reportUrl" : "https://Areso.github.io/Oblache/244//#testresult/6be060370359ba5e",
        "status" : "broken",
        "statusDetails" : "selenium.common.exceptions.TimeoutException: Message: Can't find element by locator ('xpath', '//div[@id=\"msg_from_server\"]')",
        "time" : {
          "start" : 1733881515451,
          "stop" : 1733881524180,
          "duration" : 8729
        }
      }, {
        "uid" : "40dd22633e68f4c2",
        "reportUrl" : "https://Areso.github.io/Oblache/243//#testresult/40dd22633e68f4c2",
        "status" : "broken",
        "statusDetails" : "selenium.common.exceptions.TimeoutException: Message: Can't find element by locator ('xpath', '//div[@id=\"msg_from_server\"]')",
        "time" : {
          "start" : 1733795174842,
          "stop" : 1733795183590,
          "duration" : 8748
        }
      }, {
        "uid" : "3dadce412261bb4a",
        "reportUrl" : "https://Areso.github.io/Oblache/242//#testresult/3dadce412261bb4a",
        "status" : "broken",
        "statusDetails" : "selenium.common.exceptions.TimeoutException: Message: Can't find element by locator ('xpath', '//div[@id=\"msg_from_server\"]')",
        "time" : {
          "start" : 1733708849431,
          "stop" : 1733708858369,
          "duration" : 8938
        }
      }, {
        "uid" : "51e3c2df775f56c6",
        "reportUrl" : "https://Areso.github.io/Oblache/241//#testresult/51e3c2df775f56c6",
        "status" : "broken",
        "statusDetails" : "selenium.common.exceptions.TimeoutException: Message: Can't find element by locator ('xpath', '//div[@id=\"msg_from_server\"]')",
        "time" : {
          "start" : 1733622640646,
          "stop" : 1733622648791,
          "duration" : 8145
        }
      }, {
        "uid" : "7721acbe20689e15",
        "reportUrl" : "https://Areso.github.io/Oblache/240//#testresult/7721acbe20689e15",
        "status" : "broken",
        "statusDetails" : "selenium.common.exceptions.TimeoutException: Message: Can't find element by locator ('xpath', '//div[@id=\"msg_from_server\"]')",
        "time" : {
          "start" : 1733535729712,
          "stop" : 1733535737617,
          "duration" : 7905
        }
      } ]
    },
    "tags" : [ ]
  },
  "source" : "6b992536019e2f6.json",
  "parameterValues" : [ ]
}