{
  "uid" : "75645faf9431b49d",
  "name" : "test_check_title_of_static_table",
  "fullName" : "tests_ui.test_ui.TestProfilePage#test_check_title_of_static_table",
  "historyId" : "eb2cea1546ad6874ff07a2bb88c686ae",
  "time" : {
    "start" : 1737682040143,
    "stop" : 1737682045598,
    "duration" : 5455
  },
  "status" : "broken",
  "statusMessage" : "selenium.common.exceptions.TimeoutException: Message: Can't find element by locator ('xpath', '//button[@id=\"menu_button_webpages\"]')\nStacktrace:\n#0 0x5571e13f77ca <unknown>\n#1 0x5571e0eef2f0 <unknown>\n#2 0x5571e0f3f035 <unknown>\n#3 0x5571e0f3f251 <unknown>\n#4 0x5571e0f85054 <unknown>\n#5 0x5571e0f639dd <unknown>\n#6 0x5571e0f823b3 <unknown>\n#7 0x5571e0f63753 <unknown>\n#8 0x5571e0f30baa <unknown>\n#9 0x5571e0f31dfe <unknown>\n#10 0x5571e13c238b <unknown>\n#11 0x5571e13c6307 <unknown>\n#12 0x5571e13aee7c <unknown>\n#13 0x5571e13c6ec7 <unknown>\n#14 0x5571e139324f <unknown>\n#15 0x5571e13e62f8 <unknown>\n#16 0x5571e13e64c0 <unknown>\n#17 0x5571e13f6646 <unknown>\n#18 0x7f8f0369ca94 <unknown>\n#19 0x7f8f03729c3c <unknown>",
  "statusTrace" : "self = <tests_ui.test_ui.TestProfilePage object at 0x7f7b8a1d0560>\ndriver = <selenium.webdriver.chrome.webdriver.WebDriver (session=\"896341744364f1c0d056f8cc9b8395eb\")>\nauthorization_user = None\n\n    @allure.title('test_check_title_of_static_table')\n    def test_check_title_of_static_table(self, driver, authorization_user):\n        page = ProfilePage(driver)\n>       page.click_static_site_button()\n\ntests_ui/test_ui.py:75: \n_ _ _ _ _ _ _ _ _ _ _ _ _ _ _ _ _ _ _ _ _ _ _ _ _ _ _ _ _ _ _ _ _ _ _ _ _ _ _ _ \ntests_ui/profile_page.py:40: in click_static_site_button\n    return self.element_is_present_and_clickable(self.locators.STATIC_BUTTON).click()\ntests_ui/base_page.py:28: in element_is_present_and_clickable\n    return (Wait(self.driver, self.timeout).until(\n_ _ _ _ _ _ _ _ _ _ _ _ _ _ _ _ _ _ _ _ _ _ _ _ _ _ _ _ _ _ _ _ _ _ _ _ _ _ _ _ \n\nself = <selenium.webdriver.support.wait.WebDriverWait (session=\"896341744364f1c0d056f8cc9b8395eb\")>\nmethod = <function visibility_of_element_located.<locals>._predicate at 0x7f7b89ed5800>\nmessage = 'Can\\'t find element by locator (\\'xpath\\', \\'//button[@id=\"menu_button_webpages\"]\\')'\n\n    def until(self, method: Callable[[D], Union[Literal[False], T]], message: str = \"\") -> T:\n        \"\"\"Calls the method provided with the driver as an argument until the \\\n        return value does not evaluate to ``False``.\n    \n        :param method: callable(WebDriver)\n        :param message: optional message for :exc:`TimeoutException`\n        :returns: the result of the last call to `method`\n        :raises: :exc:`selenium.common.exceptions.TimeoutException` if timeout occurs\n        \"\"\"\n        screen = None\n        stacktrace = None\n    \n        end_time = time.monotonic() + self._timeout\n        while True:\n            try:\n                value = method(self._driver)\n                if value:\n                    return value\n            except self._ignored_exceptions as exc:\n                screen = getattr(exc, \"screen\", None)\n                stacktrace = getattr(exc, \"stacktrace\", None)\n            time.sleep(self._poll)\n            if time.monotonic() > end_time:\n                break\n>       raise TimeoutException(message, screen, stacktrace)\nE       selenium.common.exceptions.TimeoutException: Message: Can't find element by locator ('xpath', '//button[@id=\"menu_button_webpages\"]')\nE       Stacktrace:\nE       #0 0x5571e13f77ca <unknown>\nE       #1 0x5571e0eef2f0 <unknown>\nE       #2 0x5571e0f3f035 <unknown>\nE       #3 0x5571e0f3f251 <unknown>\nE       #4 0x5571e0f85054 <unknown>\nE       #5 0x5571e0f639dd <unknown>\nE       #6 0x5571e0f823b3 <unknown>\nE       #7 0x5571e0f63753 <unknown>\nE       #8 0x5571e0f30baa <unknown>\nE       #9 0x5571e0f31dfe <unknown>\nE       #10 0x5571e13c238b <unknown>\nE       #11 0x5571e13c6307 <unknown>\nE       #12 0x5571e13aee7c <unknown>\nE       #13 0x5571e13c6ec7 <unknown>\nE       #14 0x5571e139324f <unknown>\nE       #15 0x5571e13e62f8 <unknown>\nE       #16 0x5571e13e64c0 <unknown>\nE       #17 0x5571e13f6646 <unknown>\nE       #18 0x7f8f0369ca94 <unknown>\nE       #19 0x7f8f03729c3c <unknown>\n\n/opt/hostedtoolcache/Python/3.12.8/x64/lib/python3.12/site-packages/selenium/webdriver/support/wait.py:105: TimeoutException",
  "flaky" : false,
  "newFailed" : false,
  "beforeStages" : [ {
    "name" : "authorization_user",
    "time" : {
      "start" : 1737682039438,
      "stop" : 1737682040143,
      "duration" : 705
    },
    "status" : "passed",
    "steps" : [ {
      "name" : "Open page: https://oblache.areso.pro/register.html",
      "time" : {
        "start" : 1737682039438,
        "stop" : 1737682039946,
        "duration" : 508
      },
      "status" : "passed",
      "steps" : [ ],
      "attachments" : [ ],
      "parameters" : [ ],
      "stepsCount" : 0,
      "attachmentsCount" : 0,
      "shouldDisplayMessage" : false,
      "hasContent" : false
    }, {
      "name" : "Login user",
      "time" : {
        "start" : 1737682039946,
        "stop" : 1737682040143,
        "duration" : 197
      },
      "status" : "passed",
      "steps" : [ {
        "name" : "Enter email.",
        "time" : {
          "start" : 1737682039946,
          "stop" : 1737682040007,
          "duration" : 61
        },
        "status" : "passed",
        "steps" : [ ],
        "attachments" : [ ],
        "parameters" : [ ],
        "stepsCount" : 0,
        "attachmentsCount" : 0,
        "shouldDisplayMessage" : false,
        "hasContent" : false
      }, {
        "name" : "Enter password.",
        "time" : {
          "start" : 1737682040007,
          "stop" : 1737682040049,
          "duration" : 42
        },
        "status" : "passed",
        "steps" : [ ],
        "attachments" : [ ],
        "parameters" : [ ],
        "stepsCount" : 0,
        "attachmentsCount" : 0,
        "shouldDisplayMessage" : false,
        "hasContent" : false
      }, {
        "name" : "Click button \"Login\"",
        "time" : {
          "start" : 1737682040049,
          "stop" : 1737682040140,
          "duration" : 91
        },
        "status" : "passed",
        "steps" : [ ],
        "attachments" : [ ],
        "parameters" : [ ],
        "stepsCount" : 0,
        "attachmentsCount" : 0,
        "shouldDisplayMessage" : false,
        "hasContent" : false
      }, {
        "name" : "Check url is present: https://oblache.areso.pro/register.html",
        "time" : {
          "start" : 1737682040140,
          "stop" : 1737682040143,
          "duration" : 3
        },
        "status" : "passed",
        "steps" : [ ],
        "attachments" : [ ],
        "parameters" : [ ],
        "stepsCount" : 0,
        "attachmentsCount" : 0,
        "shouldDisplayMessage" : false,
        "hasContent" : false
      } ],
      "attachments" : [ ],
      "parameters" : [ ],
      "stepsCount" : 4,
      "attachmentsCount" : 0,
      "shouldDisplayMessage" : false,
      "hasContent" : true
    } ],
    "attachments" : [ ],
    "parameters" : [ ],
    "stepsCount" : 6,
    "attachmentsCount" : 0,
    "shouldDisplayMessage" : false,
    "hasContent" : true
  }, {
    "name" : "driver",
    "time" : {
      "start" : 1737682039170,
      "stop" : 1737682039438,
      "duration" : 268
    },
    "status" : "passed",
    "steps" : [ ],
    "attachments" : [ ],
    "parameters" : [ ],
    "stepsCount" : 0,
    "attachmentsCount" : 0,
    "shouldDisplayMessage" : false,
    "hasContent" : false
  } ],
  "testStage" : {
    "status" : "broken",
    "statusMessage" : "selenium.common.exceptions.TimeoutException: Message: Can't find element by locator ('xpath', '//button[@id=\"menu_button_webpages\"]')\nStacktrace:\n#0 0x5571e13f77ca <unknown>\n#1 0x5571e0eef2f0 <unknown>\n#2 0x5571e0f3f035 <unknown>\n#3 0x5571e0f3f251 <unknown>\n#4 0x5571e0f85054 <unknown>\n#5 0x5571e0f639dd <unknown>\n#6 0x5571e0f823b3 <unknown>\n#7 0x5571e0f63753 <unknown>\n#8 0x5571e0f30baa <unknown>\n#9 0x5571e0f31dfe <unknown>\n#10 0x5571e13c238b <unknown>\n#11 0x5571e13c6307 <unknown>\n#12 0x5571e13aee7c <unknown>\n#13 0x5571e13c6ec7 <unknown>\n#14 0x5571e139324f <unknown>\n#15 0x5571e13e62f8 <unknown>\n#16 0x5571e13e64c0 <unknown>\n#17 0x5571e13f6646 <unknown>\n#18 0x7f8f0369ca94 <unknown>\n#19 0x7f8f03729c3c <unknown>",
    "statusTrace" : "self = <tests_ui.test_ui.TestProfilePage object at 0x7f7b8a1d0560>\ndriver = <selenium.webdriver.chrome.webdriver.WebDriver (session=\"896341744364f1c0d056f8cc9b8395eb\")>\nauthorization_user = None\n\n    @allure.title('test_check_title_of_static_table')\n    def test_check_title_of_static_table(self, driver, authorization_user):\n        page = ProfilePage(driver)\n>       page.click_static_site_button()\n\ntests_ui/test_ui.py:75: \n_ _ _ _ _ _ _ _ _ _ _ _ _ _ _ _ _ _ _ _ _ _ _ _ _ _ _ _ _ _ _ _ _ _ _ _ _ _ _ _ \ntests_ui/profile_page.py:40: in click_static_site_button\n    return self.element_is_present_and_clickable(self.locators.STATIC_BUTTON).click()\ntests_ui/base_page.py:28: in element_is_present_and_clickable\n    return (Wait(self.driver, self.timeout).until(\n_ _ _ _ _ _ _ _ _ _ _ _ _ _ _ _ _ _ _ _ _ _ _ _ _ _ _ _ _ _ _ _ _ _ _ _ _ _ _ _ \n\nself = <selenium.webdriver.support.wait.WebDriverWait (session=\"896341744364f1c0d056f8cc9b8395eb\")>\nmethod = <function visibility_of_element_located.<locals>._predicate at 0x7f7b89ed5800>\nmessage = 'Can\\'t find element by locator (\\'xpath\\', \\'//button[@id=\"menu_button_webpages\"]\\')'\n\n    def until(self, method: Callable[[D], Union[Literal[False], T]], message: str = \"\") -> T:\n        \"\"\"Calls the method provided with the driver as an argument until the \\\n        return value does not evaluate to ``False``.\n    \n        :param method: callable(WebDriver)\n        :param message: optional message for :exc:`TimeoutException`\n        :returns: the result of the last call to `method`\n        :raises: :exc:`selenium.common.exceptions.TimeoutException` if timeout occurs\n        \"\"\"\n        screen = None\n        stacktrace = None\n    \n        end_time = time.monotonic() + self._timeout\n        while True:\n            try:\n                value = method(self._driver)\n                if value:\n                    return value\n            except self._ignored_exceptions as exc:\n                screen = getattr(exc, \"screen\", None)\n                stacktrace = getattr(exc, \"stacktrace\", None)\n            time.sleep(self._poll)\n            if time.monotonic() > end_time:\n                break\n>       raise TimeoutException(message, screen, stacktrace)\nE       selenium.common.exceptions.TimeoutException: Message: Can't find element by locator ('xpath', '//button[@id=\"menu_button_webpages\"]')\nE       Stacktrace:\nE       #0 0x5571e13f77ca <unknown>\nE       #1 0x5571e0eef2f0 <unknown>\nE       #2 0x5571e0f3f035 <unknown>\nE       #3 0x5571e0f3f251 <unknown>\nE       #4 0x5571e0f85054 <unknown>\nE       #5 0x5571e0f639dd <unknown>\nE       #6 0x5571e0f823b3 <unknown>\nE       #7 0x5571e0f63753 <unknown>\nE       #8 0x5571e0f30baa <unknown>\nE       #9 0x5571e0f31dfe <unknown>\nE       #10 0x5571e13c238b <unknown>\nE       #11 0x5571e13c6307 <unknown>\nE       #12 0x5571e13aee7c <unknown>\nE       #13 0x5571e13c6ec7 <unknown>\nE       #14 0x5571e139324f <unknown>\nE       #15 0x5571e13e62f8 <unknown>\nE       #16 0x5571e13e64c0 <unknown>\nE       #17 0x5571e13f6646 <unknown>\nE       #18 0x7f8f0369ca94 <unknown>\nE       #19 0x7f8f03729c3c <unknown>\n\n/opt/hostedtoolcache/Python/3.12.8/x64/lib/python3.12/site-packages/selenium/webdriver/support/wait.py:105: TimeoutException",
    "steps" : [ {
      "name" : "Click \"Static site\" button.",
      "time" : {
        "start" : 1737682040143,
        "stop" : 1737682045597,
        "duration" : 5454
      },
      "status" : "broken",
      "statusMessage" : "selenium.common.exceptions.TimeoutException: Message: Can't find element by locator ('xpath', '//button[@id=\"menu_button_webpages\"]')\nStacktrace:\n#0 0x5571e13f77ca <unknown>\n#1 0x5571e0eef2f0 <unknown>\n#2 0x5571e0f3f035 <unknown>\n#3 0x5571e0f3f251 <unknown>\n#4 0x5571e0f85054 <unknown>\n#5 0x5571e0f639dd <unknown>\n#6 0x5571e0f823b3 <unknown>\n#7 0x5571e0f63753 <unknown>\n#8 0x5571e0f30baa <unknown>\n#9 0x5571e0f31dfe <unknown>\n#10 0x5571e13c238b <unknown>\n#11 0x5571e13c6307 <unknown>\n#12 0x5571e13aee7c <unknown>\n#13 0x5571e13c6ec7 <unknown>\n#14 0x5571e139324f <unknown>\n#15 0x5571e13e62f8 <unknown>\n#16 0x5571e13e64c0 <unknown>\n#17 0x5571e13f6646 <unknown>\n#18 0x7f8f0369ca94 <unknown>\n#19 0x7f8f03729c3c <unknown>\n\n",
      "statusTrace" : "  File \"/home/runner/work/Oblache/Oblache/tests_ui/profile_page.py\", line 40, in click_static_site_button\n    return self.element_is_present_and_clickable(self.locators.STATIC_BUTTON).click()\n           ^^^^^^^^^^^^^^^^^^^^^^^^^^^^^^^^^^^^^^^^^^^^^^^^^^^^^^^^^^^^^^^^^^\n  File \"/home/runner/work/Oblache/Oblache/tests_ui/base_page.py\", line 28, in element_is_present_and_clickable\n    return (Wait(self.driver, self.timeout).until(\n            ^^^^^^^^^^^^^^^^^^^^^^^^^^^^^^^^^^^^^^\n  File \"/opt/hostedtoolcache/Python/3.12.8/x64/lib/python3.12/site-packages/selenium/webdriver/support/wait.py\", line 105, in until\n    raise TimeoutException(message, screen, stacktrace)\n",
      "steps" : [ ],
      "attachments" : [ ],
      "parameters" : [ ],
      "stepsCount" : 0,
      "attachmentsCount" : 0,
      "shouldDisplayMessage" : true,
      "hasContent" : true
    } ],
    "attachments" : [ {
      "uid" : "f0fa7d75818a5a29",
      "name" : "Screenshot 2025-01-24 01:27:25.694864",
      "source" : "f0fa7d75818a5a29.png",
      "type" : "image/png",
      "size" : 38409
    } ],
    "parameters" : [ ],
    "stepsCount" : 1,
    "attachmentsCount" : 1,
    "shouldDisplayMessage" : true,
    "hasContent" : true
  },
  "afterStages" : [ {
    "name" : "driver::0",
    "time" : {
      "start" : 1737682045696,
      "stop" : 1737682045760,
      "duration" : 64
    },
    "status" : "passed",
    "steps" : [ ],
    "attachments" : [ ],
    "parameters" : [ ],
    "stepsCount" : 0,
    "attachmentsCount" : 0,
    "shouldDisplayMessage" : false,
    "hasContent" : false
  } ],
  "labels" : [ {
    "name" : "suite",
    "value" : "Test Profile Page."
  }, {
    "name" : "parentSuite",
    "value" : "tests_ui"
  }, {
    "name" : "subSuite",
    "value" : "TestProfilePage"
  }, {
    "name" : "host",
    "value" : "fv-az1372-303"
  }, {
    "name" : "thread",
    "value" : "2431-MainThread"
  }, {
    "name" : "framework",
    "value" : "pytest"
  }, {
    "name" : "language",
    "value" : "cpython3"
  }, {
    "name" : "package",
    "value" : "tests_ui.test_ui"
  }, {
    "name" : "resultFormat",
    "value" : "allure2"
  } ],
  "parameters" : [ ],
  "links" : [ ],
  "hidden" : false,
  "retry" : false,
  "extra" : {
    "severity" : "normal",
    "retries" : [ ],
    "categories" : [ {
      "name" : "Test defects",
      "matchedStatuses" : [ ],
      "flaky" : false
    } ],
    "history" : {
      "statistic" : {
        "failed" : 0,
        "broken" : 128,
        "skipped" : 0,
        "passed" : 1,
        "unknown" : 0,
        "total" : 129
      },
      "items" : [ {
        "uid" : "7b717bf5c45a7d33",
        "reportUrl" : "https://Areso.github.io/Oblache/287//#testresult/7b717bf5c45a7d33",
        "status" : "broken",
        "statusDetails" : "selenium.common.exceptions.TimeoutException: Message: Can't find element by locator ('xpath', '//button[@id=\"menu_button_webpages\"]')\nStacktrace:\n#0 0x563665d928fa <unknown>\n#1 0x5636658a3d20 <unknown>\n#2 0x5636658f2a66 <unknown>\n#3 0x5636658f2d01 <unknown>\n#4 0x563665938184 <unknown>\n#5 0x563665916b1d <unknown>\n#6 0x563665935560 <unknown>\n#7 0x563665916893 <unknown>\n#8 0x5636658e530d <unknown>\n#9 0x5636658e632e <unknown>\n#10 0x563665d5f00b <unknown>\n#11 0x563665d62f97 <unknown>\n#12 0x563665d4b71c <unknown>\n#13 0x563665d63b17 <unknown>\n#14 0x563665d306cf <unknown>\n#15 0x563665d816b8 <unknown>\n#16 0x563665d81880 <unknown>\n#17 0x563665d91776 <unknown>\n#18 0x7f6b0809ca94 <unknown>\n#19 0x7f6b08129c3c <unknown>",
        "time" : {
          "start" : 1737595559212,
          "stop" : 1737595564265,
          "duration" : 5053
        }
      }, {
        "uid" : "751f6a84b03dac1d",
        "reportUrl" : "https://Areso.github.io/Oblache/286//#testresult/751f6a84b03dac1d",
        "status" : "broken",
        "statusDetails" : "selenium.common.exceptions.TimeoutException: Message: Can't find element by locator ('xpath', '//button[@id=\"menu_button_webpages\"]')\nStacktrace:\n#0 0x55f6b34767ca <unknown>\n#1 0x55f6b2f6e2f0 <unknown>\n#2 0x55f6b2fbe035 <unknown>\n#3 0x55f6b2fbe251 <unknown>\n#4 0x55f6b3004054 <unknown>\n#5 0x55f6b2fe29dd <unknown>\n#6 0x55f6b30013b3 <unknown>\n#7 0x55f6b2fe2753 <unknown>\n#8 0x55f6b2fafbaa <unknown>\n#9 0x55f6b2fb0dfe <unknown>\n#10 0x55f6b344138b <unknown>\n#11 0x55f6b3445307 <unknown>\n#12 0x55f6b342de7c <unknown>\n#13 0x55f6b3445ec7 <unknown>\n#14 0x55f6b341224f <unknown>\n#15 0x55f6b34652f8 <unknown>\n#16 0x55f6b34654c0 <unknown>\n#17 0x55f6b3475646 <unknown>\n#18 0x7ff13509ca94 <unknown>\n#19 0x7ff135129c3c <unknown>",
        "time" : {
          "start" : 1737509299430,
          "stop" : 1737509304867,
          "duration" : 5437
        }
      }, {
        "uid" : "2fb828d6d470cba9",
        "reportUrl" : "https://Areso.github.io/Oblache/285//#testresult/2fb828d6d470cba9",
        "status" : "broken",
        "statusDetails" : "selenium.common.exceptions.TimeoutException: Message: Can't find element by locator ('xpath', '//button[@id=\"menu_button_webpages\"]')\nStacktrace:\n#0 0x563ae72f78fa <unknown>\n#1 0x563ae6e08d20 <unknown>\n#2 0x563ae6e57a66 <unknown>\n#3 0x563ae6e57d01 <unknown>\n#4 0x563ae6e9d184 <unknown>\n#5 0x563ae6e7bb1d <unknown>\n#6 0x563ae6e9a560 <unknown>\n#7 0x563ae6e7b893 <unknown>\n#8 0x563ae6e4a30d <unknown>\n#9 0x563ae6e4b32e <unknown>\n#10 0x563ae72c400b <unknown>\n#11 0x563ae72c7f97 <unknown>\n#12 0x563ae72b071c <unknown>\n#13 0x563ae72c8b17 <unknown>\n#14 0x563ae72956cf <unknown>\n#15 0x563ae72e66b8 <unknown>\n#16 0x563ae72e6880 <unknown>\n#17 0x563ae72f6776 <unknown>\n#18 0x7f05e929ca94 <unknown>\n#19 0x7f05e9329c3c <unknown>",
        "time" : {
          "start" : 1737422768188,
          "stop" : 1737422773627,
          "duration" : 5439
        }
      }, {
        "uid" : "a80712195eb64da7",
        "reportUrl" : "https://Areso.github.io/Oblache/284//#testresult/a80712195eb64da7",
        "status" : "broken",
        "statusDetails" : "selenium.common.exceptions.TimeoutException: Message: Can't find element by locator ('xpath', '//button[@id=\"menu_button_webpages\"]')\nStacktrace:\n#0 0x560276a698fa <unknown>\n#1 0x56027657ad20 <unknown>\n#2 0x5602765c9a66 <unknown>\n#3 0x5602765c9d01 <unknown>\n#4 0x56027660f184 <unknown>\n#5 0x5602765edb1d <unknown>\n#6 0x56027660c560 <unknown>\n#7 0x5602765ed893 <unknown>\n#8 0x5602765bc30d <unknown>\n#9 0x5602765bd32e <unknown>\n#10 0x560276a3600b <unknown>\n#11 0x560276a39f97 <unknown>\n#12 0x560276a2271c <unknown>\n#13 0x560276a3ab17 <unknown>\n#14 0x560276a076cf <unknown>\n#15 0x560276a586b8 <unknown>\n#16 0x560276a58880 <unknown>\n#17 0x560276a68776 <unknown>\n#18 0x7f393c49ca94 <unknown>\n#19 0x7f393c529c3c <unknown>",
        "time" : {
          "start" : 1737336482247,
          "stop" : 1737336487431,
          "duration" : 5184
        }
      }, {
        "uid" : "a9537269c71a3ae2",
        "reportUrl" : "https://Areso.github.io/Oblache/283//#testresult/a9537269c71a3ae2",
        "status" : "broken",
        "statusDetails" : "selenium.common.exceptions.TimeoutException: Message: Can't find element by locator ('xpath', '//button[@id=\"menu_button_webpages\"]')\nStacktrace:\n#0 0x561eae3df8fa <unknown>\n#1 0x561eadef0d20 <unknown>\n#2 0x561eadf3fa66 <unknown>\n#3 0x561eadf3fd01 <unknown>\n#4 0x561eadf85184 <unknown>\n#5 0x561eadf63b1d <unknown>\n#6 0x561eadf82560 <unknown>\n#7 0x561eadf63893 <unknown>\n#8 0x561eadf3230d <unknown>\n#9 0x561eadf3332e <unknown>\n#10 0x561eae3ac00b <unknown>\n#11 0x561eae3aff97 <unknown>\n#12 0x561eae39871c <unknown>\n#13 0x561eae3b0b17 <unknown>\n#14 0x561eae37d6cf <unknown>\n#15 0x561eae3ce6b8 <unknown>\n#16 0x561eae3ce880 <unknown>\n#17 0x561eae3de776 <unknown>\n#18 0x7fda2149ca94 <unknown>\n#19 0x7fda21529c3c <unknown>",
        "time" : {
          "start" : 1737250751448,
          "stop" : 1737250756516,
          "duration" : 5068
        }
      }, {
        "uid" : "c94add1f34c8a3f1",
        "reportUrl" : "https://Areso.github.io/Oblache/282//#testresult/c94add1f34c8a3f1",
        "status" : "broken",
        "statusDetails" : "selenium.common.exceptions.TimeoutException: Message: Can't find element by locator ('xpath', '//button[@id=\"menu_button_webpages\"]')\nStacktrace:\n#0 0x56093f5dc8fa <unknown>\n#1 0x56093f0edd20 <unknown>\n#2 0x56093f13ca66 <unknown>\n#3 0x56093f13cd01 <unknown>\n#4 0x56093f182184 <unknown>\n#5 0x56093f160b1d <unknown>\n#6 0x56093f17f560 <unknown>\n#7 0x56093f160893 <unknown>\n#8 0x56093f12f30d <unknown>\n#9 0x56093f13032e <unknown>\n#10 0x56093f5a900b <unknown>\n#11 0x56093f5acf97 <unknown>\n#12 0x56093f59571c <unknown>\n#13 0x56093f5adb17 <unknown>\n#14 0x56093f57a6cf <unknown>\n#15 0x56093f5cb6b8 <unknown>\n#16 0x56093f5cb880 <unknown>\n#17 0x56093f5db776 <unknown>\n#18 0x7f46e9a9ca94 <unknown>\n#19 0x7f46e9b29c3c <unknown>",
        "time" : {
          "start" : 1737163450812,
          "stop" : 1737163456312,
          "duration" : 5500
        }
      }, {
        "uid" : "cf3e0cf73e51c0ee",
        "reportUrl" : "https://Areso.github.io/Oblache/281//#testresult/cf3e0cf73e51c0ee",
        "status" : "broken",
        "statusDetails" : "selenium.common.exceptions.TimeoutException: Message: Can't find element by locator ('xpath', '//button[@id=\"menu_button_webpages\"]')\nStacktrace:\n#0 0x5645bfef08fa <unknown>\n#1 0x5645bfa01d20 <unknown>\n#2 0x5645bfa50a66 <unknown>\n#3 0x5645bfa50d01 <unknown>\n#4 0x5645bfa96184 <unknown>\n#5 0x5645bfa74b1d <unknown>\n#6 0x5645bfa93560 <unknown>\n#7 0x5645bfa74893 <unknown>\n#8 0x5645bfa4330d <unknown>\n#9 0x5645bfa4432e <unknown>\n#10 0x5645bfebd00b <unknown>\n#11 0x5645bfec0f97 <unknown>\n#12 0x5645bfea971c <unknown>\n#13 0x5645bfec1b17 <unknown>\n#14 0x5645bfe8e6cf <unknown>\n#15 0x5645bfedf6b8 <unknown>\n#16 0x5645bfedf880 <unknown>\n#17 0x5645bfeef776 <unknown>\n#18 0x7fbb7349ca94 <unknown>\n#19 0x7fbb73529c3c <unknown>",
        "time" : {
          "start" : 1737077160154,
          "stop" : 1737077165612,
          "duration" : 5458
        }
      }, {
        "uid" : "44b364a18df2ad49",
        "reportUrl" : "https://Areso.github.io/Oblache/280//#testresult/44b364a18df2ad49",
        "status" : "broken",
        "statusDetails" : "selenium.common.exceptions.TimeoutException: Message: Can't find element by locator ('xpath', '//button[@id=\"menu_button_webpages\"]')\nStacktrace:\n#0 0x5611036cf8fa <unknown>\n#1 0x5611031e0d20 <unknown>\n#2 0x56110322fa66 <unknown>\n#3 0x56110322fd01 <unknown>\n#4 0x561103275184 <unknown>\n#5 0x561103253b1d <unknown>\n#6 0x561103272560 <unknown>\n#7 0x561103253893 <unknown>\n#8 0x56110322230d <unknown>\n#9 0x56110322332e <unknown>\n#10 0x56110369c00b <unknown>\n#11 0x56110369ff97 <unknown>\n#12 0x56110368871c <unknown>\n#13 0x5611036a0b17 <unknown>\n#14 0x56110366d6cf <unknown>\n#15 0x5611036be6b8 <unknown>\n#16 0x5611036be880 <unknown>\n#17 0x5611036ce776 <unknown>\n#18 0x7f2db6e9ca94 <unknown>\n#19 0x7f2db6f29c3c <unknown>",
        "time" : {
          "start" : 1736990803862,
          "stop" : 1736990809339,
          "duration" : 5477
        }
      }, {
        "uid" : "26652bb852c0e347",
        "reportUrl" : "https://Areso.github.io/Oblache/279//#testresult/26652bb852c0e347",
        "status" : "broken",
        "statusDetails" : "selenium.common.exceptions.TimeoutException: Message: Can't find element by locator ('xpath', '//button[@id=\"menu_button_webpages\"]')\nStacktrace:\n#0 0x5582110b68fa <unknown>\n#1 0x558210bc7d20 <unknown>\n#2 0x558210c16a66 <unknown>\n#3 0x558210c16d01 <unknown>\n#4 0x558210c5c184 <unknown>\n#5 0x558210c3ab1d <unknown>\n#6 0x558210c59560 <unknown>\n#7 0x558210c3a893 <unknown>\n#8 0x558210c0930d <unknown>\n#9 0x558210c0a32e <unknown>\n#10 0x55821108300b <unknown>\n#11 0x558211086f97 <unknown>\n#12 0x55821106f71c <unknown>\n#13 0x558211087b17 <unknown>\n#14 0x5582110546cf <unknown>\n#15 0x5582110a56b8 <unknown>\n#16 0x5582110a5880 <unknown>\n#17 0x5582110b5776 <unknown>\n#18 0x7f235ac9ca94 <unknown>\n#19 0x7f235ad29c3c <unknown>",
        "time" : {
          "start" : 1736904420904,
          "stop" : 1736904425976,
          "duration" : 5072
        }
      }, {
        "uid" : "9c3c692446d92355",
        "reportUrl" : "https://Areso.github.io/Oblache/278//#testresult/9c3c692446d92355",
        "status" : "broken",
        "statusDetails" : "selenium.common.exceptions.TimeoutException: Message: Can't find element by locator ('xpath', '//button[@id=\"menu_button_webpages\"]')\nStacktrace:\n#0 0x55cc4c8328fa <unknown>\n#1 0x55cc4c343d20 <unknown>\n#2 0x55cc4c392a66 <unknown>\n#3 0x55cc4c392d01 <unknown>\n#4 0x55cc4c3d8184 <unknown>\n#5 0x55cc4c3b6b1d <unknown>\n#6 0x55cc4c3d5560 <unknown>\n#7 0x55cc4c3b6893 <unknown>\n#8 0x55cc4c38530d <unknown>\n#9 0x55cc4c38632e <unknown>\n#10 0x55cc4c7ff00b <unknown>\n#11 0x55cc4c802f97 <unknown>\n#12 0x55cc4c7eb71c <unknown>\n#13 0x55cc4c803b17 <unknown>\n#14 0x55cc4c7d06cf <unknown>\n#15 0x55cc4c8216b8 <unknown>\n#16 0x55cc4c821880 <unknown>\n#17 0x55cc4c831776 <unknown>\n#18 0x7f630c69ca94 <unknown>\n#19 0x7f630c729c3c <unknown>",
        "time" : {
          "start" : 1736817909995,
          "stop" : 1736817915435,
          "duration" : 5440
        }
      }, {
        "uid" : "fcad4d53df6f8890",
        "reportUrl" : "https://Areso.github.io/Oblache/277//#testresult/fcad4d53df6f8890",
        "status" : "broken",
        "statusDetails" : "selenium.common.exceptions.TimeoutException: Message: Can't find element by locator ('xpath', '//button[@id=\"menu_button_webpages\"]')\nStacktrace:\n#0 0x55c5f63ef8fa <unknown>\n#1 0x55c5f5f00d20 <unknown>\n#2 0x55c5f5f4fa66 <unknown>\n#3 0x55c5f5f4fd01 <unknown>\n#4 0x55c5f5f95184 <unknown>\n#5 0x55c5f5f73b1d <unknown>\n#6 0x55c5f5f92560 <unknown>\n#7 0x55c5f5f73893 <unknown>\n#8 0x55c5f5f4230d <unknown>\n#9 0x55c5f5f4332e <unknown>\n#10 0x55c5f63bc00b <unknown>\n#11 0x55c5f63bff97 <unknown>\n#12 0x55c5f63a871c <unknown>\n#13 0x55c5f63c0b17 <unknown>\n#14 0x55c5f638d6cf <unknown>\n#15 0x55c5f63de6b8 <unknown>\n#16 0x55c5f63de880 <unknown>\n#17 0x55c5f63ee776 <unknown>\n#18 0x7f738f49ca94 <unknown>\n#19 0x7f738f529c3c <unknown>",
        "time" : {
          "start" : 1736732462919,
          "stop" : 1736732467968,
          "duration" : 5049
        }
      }, {
        "uid" : "3b4144419e094445",
        "reportUrl" : "https://Areso.github.io/Oblache/276//#testresult/3b4144419e094445",
        "status" : "broken",
        "statusDetails" : "selenium.common.exceptions.TimeoutException: Message: Can't find element by locator ('xpath', '//button[@id=\"menu_button_webpages\"]')\nStacktrace:\n#0 0x564d229ad8fa <unknown>\n#1 0x564d224bed20 <unknown>\n#2 0x564d2250da66 <unknown>\n#3 0x564d2250dd01 <unknown>\n#4 0x564d22553184 <unknown>\n#5 0x564d22531b1d <unknown>\n#6 0x564d22550560 <unknown>\n#7 0x564d22531893 <unknown>\n#8 0x564d2250030d <unknown>\n#9 0x564d2250132e <unknown>\n#10 0x564d2297a00b <unknown>\n#11 0x564d2297df97 <unknown>\n#12 0x564d2296671c <unknown>\n#13 0x564d2297eb17 <unknown>\n#14 0x564d2294b6cf <unknown>\n#15 0x564d2299c6b8 <unknown>\n#16 0x564d2299c880 <unknown>\n#17 0x564d229ac776 <unknown>\n#18 0x7f6604a9ca94 <unknown>\n#19 0x7f6604b29c3c <unknown>",
        "time" : {
          "start" : 1736646187527,
          "stop" : 1736646192970,
          "duration" : 5443
        }
      }, {
        "uid" : "6a0a55a896f53806",
        "reportUrl" : "https://Areso.github.io/Oblache/275//#testresult/6a0a55a896f53806",
        "status" : "broken",
        "statusDetails" : "selenium.common.exceptions.TimeoutException: Message: Can't find element by locator ('xpath', '//button[@id=\"menu_button_webpages\"]')\nStacktrace:\n#0 0x5588e216a8fa <unknown>\n#1 0x5588e1c7bd20 <unknown>\n#2 0x5588e1ccaa66 <unknown>\n#3 0x5588e1ccad01 <unknown>\n#4 0x5588e1d10184 <unknown>\n#5 0x5588e1ceeb1d <unknown>\n#6 0x5588e1d0d560 <unknown>\n#7 0x5588e1cee893 <unknown>\n#8 0x5588e1cbd30d <unknown>\n#9 0x5588e1cbe32e <unknown>\n#10 0x5588e213700b <unknown>\n#11 0x5588e213af97 <unknown>\n#12 0x5588e212371c <unknown>\n#13 0x5588e213bb17 <unknown>\n#14 0x5588e21086cf <unknown>\n#15 0x5588e21596b8 <unknown>\n#16 0x5588e2159880 <unknown>\n#17 0x5588e2169776 <unknown>\n#18 0x7f62f369ca94 <unknown>\n#19 0x7f62f3729c3c <unknown>",
        "time" : {
          "start" : 1736558942100,
          "stop" : 1736558947548,
          "duration" : 5448
        }
      }, {
        "uid" : "8ef3f21829e0581e",
        "reportUrl" : "https://Areso.github.io/Oblache/274//#testresult/8ef3f21829e0581e",
        "status" : "broken",
        "statusDetails" : "selenium.common.exceptions.TimeoutException: Message: Can't find element by locator ('xpath', '//button[@id=\"menu_button_webpages\"]')\nStacktrace:\n#0 0x5644e69c28fa <unknown>\n#1 0x5644e64d3d20 <unknown>\n#2 0x5644e6522a66 <unknown>\n#3 0x5644e6522d01 <unknown>\n#4 0x5644e6568184 <unknown>\n#5 0x5644e6546b1d <unknown>\n#6 0x5644e6565560 <unknown>\n#7 0x5644e6546893 <unknown>\n#8 0x5644e651530d <unknown>\n#9 0x5644e651632e <unknown>\n#10 0x5644e698f00b <unknown>\n#11 0x5644e6992f97 <unknown>\n#12 0x5644e697b71c <unknown>\n#13 0x5644e6993b17 <unknown>\n#14 0x5644e69606cf <unknown>\n#15 0x5644e69b16b8 <unknown>\n#16 0x5644e69b1880 <unknown>\n#17 0x5644e69c1776 <unknown>\n#18 0x7f00e2e9ca94 <unknown>\n#19 0x7f00e2f29c3c <unknown>",
        "time" : {
          "start" : 1736473083898,
          "stop" : 1736473089315,
          "duration" : 5417
        }
      }, {
        "uid" : "735ff60a1da52c94",
        "reportUrl" : "https://Areso.github.io/Oblache/273//#testresult/735ff60a1da52c94",
        "status" : "broken",
        "statusDetails" : "selenium.common.exceptions.TimeoutException: Message: Can't find element by locator ('xpath', '//button[@id=\"menu_button_webpages\"]')\nStacktrace:\n#0 0x5565b0d6b8fa <unknown>\n#1 0x5565b087cd20 <unknown>\n#2 0x5565b08cba66 <unknown>\n#3 0x5565b08cbd01 <unknown>\n#4 0x5565b0911184 <unknown>\n#5 0x5565b08efb1d <unknown>\n#6 0x5565b090e560 <unknown>\n#7 0x5565b08ef893 <unknown>\n#8 0x5565b08be30d <unknown>\n#9 0x5565b08bf32e <unknown>\n#10 0x5565b0d3800b <unknown>\n#11 0x5565b0d3bf97 <unknown>\n#12 0x5565b0d2471c <unknown>\n#13 0x5565b0d3cb17 <unknown>\n#14 0x5565b0d096cf <unknown>\n#15 0x5565b0d5a6b8 <unknown>\n#16 0x5565b0d5a880 <unknown>\n#17 0x5565b0d6a776 <unknown>\n#18 0x7febece9ca94 <unknown>\n#19 0x7febecf29c3c <unknown>",
        "time" : {
          "start" : 1736386085653,
          "stop" : 1736386091106,
          "duration" : 5453
        }
      }, {
        "uid" : "5b2006ad019e479e",
        "reportUrl" : "https://Areso.github.io/Oblache/272//#testresult/5b2006ad019e479e",
        "status" : "broken",
        "statusDetails" : "selenium.common.exceptions.TimeoutException: Message: Can't find element by locator ('xpath', '//button[@id=\"menu_button_webpages\"]')\nStacktrace:\n#0 0x55744db8f31a <unknown>\n#1 0x55744d6a56e0 <unknown>\n#2 0x55744d6f43e6 <unknown>\n#3 0x55744d6f4681 <unknown>\n#4 0x55744d739b04 <unknown>\n#5 0x55744d71848d <unknown>\n#6 0x55744d736ed7 <unknown>\n#7 0x55744d718203 <unknown>\n#8 0x55744d6e6cc0 <unknown>\n#9 0x55744d6e7c9e <unknown>\n#10 0x55744db5cd0b <unknown>\n#11 0x55744db60c92 <unknown>\n#12 0x55744db49b3c <unknown>\n#13 0x55744db61807 <unknown>\n#14 0x55744db2f0df <unknown>\n#15 0x55744db7e578 <unknown>\n#16 0x55744db7e740 <unknown>\n#17 0x55744db8e196 <unknown>\n#18 0x7f034a09ca94 <unknown>\n#19 0x7f034a129c3c <unknown>",
        "time" : {
          "start" : 1736299742797,
          "stop" : 1736299747858,
          "duration" : 5061
        }
      }, {
        "uid" : "17ba8502ccaaec95",
        "reportUrl" : "https://Areso.github.io/Oblache/271//#testresult/17ba8502ccaaec95",
        "status" : "broken",
        "statusDetails" : "selenium.common.exceptions.TimeoutException: Message: Can't find element by locator ('xpath', '//button[@id=\"menu_button_webpages\"]')\nStacktrace:\n#0 0x5582f7db331a <unknown>\n#1 0x5582f78c96e0 <unknown>\n#2 0x5582f79183e6 <unknown>\n#3 0x5582f7918681 <unknown>\n#4 0x5582f795db04 <unknown>\n#5 0x5582f793c48d <unknown>\n#6 0x5582f795aed7 <unknown>\n#7 0x5582f793c203 <unknown>\n#8 0x5582f790acc0 <unknown>\n#9 0x5582f790bc9e <unknown>\n#10 0x5582f7d80d0b <unknown>\n#11 0x5582f7d84c92 <unknown>\n#12 0x5582f7d6db3c <unknown>\n#13 0x5582f7d85807 <unknown>\n#14 0x5582f7d530df <unknown>\n#15 0x5582f7da2578 <unknown>\n#16 0x5582f7da2740 <unknown>\n#17 0x5582f7db2196 <unknown>\n#18 0x7f5a1ee9ca94 <unknown>\n#19 0x7f5a1ef29c3c <unknown>",
        "time" : {
          "start" : 1736213343730,
          "stop" : 1736213348784,
          "duration" : 5054
        }
      }, {
        "uid" : "79fabbce98f7fd80",
        "reportUrl" : "https://Areso.github.io/Oblache/270//#testresult/79fabbce98f7fd80",
        "status" : "broken",
        "statusDetails" : "selenium.common.exceptions.TimeoutException: Message: Can't find element by locator ('xpath', '//button[@id=\"menu_button_webpages\"]')\nStacktrace:\n#0 0x55f4b876631a <unknown>\n#1 0x55f4b827c6e0 <unknown>\n#2 0x55f4b82cb3e6 <unknown>\n#3 0x55f4b82cb681 <unknown>\n#4 0x55f4b8310b04 <unknown>\n#5 0x55f4b82ef48d <unknown>\n#6 0x55f4b830ded7 <unknown>\n#7 0x55f4b82ef203 <unknown>\n#8 0x55f4b82bdcc0 <unknown>\n#9 0x55f4b82bec9e <unknown>\n#10 0x55f4b8733d0b <unknown>\n#11 0x55f4b8737c92 <unknown>\n#12 0x55f4b8720b3c <unknown>\n#13 0x55f4b8738807 <unknown>\n#14 0x55f4b87060df <unknown>\n#15 0x55f4b8755578 <unknown>\n#16 0x55f4b8755740 <unknown>\n#17 0x55f4b8765196 <unknown>\n#18 0x7ff218c9ca94 <unknown>\n#19 0x7ff218d29c3c <unknown>",
        "time" : {
          "start" : 1736127610405,
          "stop" : 1736127615873,
          "duration" : 5468
        }
      }, {
        "uid" : "ccf0779b19749ecd",
        "reportUrl" : "https://Areso.github.io/Oblache/269//#testresult/ccf0779b19749ecd",
        "status" : "broken",
        "statusDetails" : "selenium.common.exceptions.TimeoutException: Message: Can't find element by locator ('xpath', '//button[@id=\"menu_button_webpages\"]')\nStacktrace:\n#0 0x55c8bf9b731a <unknown>\n#1 0x55c8bf4cd6e0 <unknown>\n#2 0x55c8bf51c3e6 <unknown>\n#3 0x55c8bf51c681 <unknown>\n#4 0x55c8bf561b04 <unknown>\n#5 0x55c8bf54048d <unknown>\n#6 0x55c8bf55eed7 <unknown>\n#7 0x55c8bf540203 <unknown>\n#8 0x55c8bf50ecc0 <unknown>\n#9 0x55c8bf50fc9e <unknown>\n#10 0x55c8bf984d0b <unknown>\n#11 0x55c8bf988c92 <unknown>\n#12 0x55c8bf971b3c <unknown>\n#13 0x55c8bf989807 <unknown>\n#14 0x55c8bf9570df <unknown>\n#15 0x55c8bf9a6578 <unknown>\n#16 0x55c8bf9a6740 <unknown>\n#17 0x55c8bf9b6196 <unknown>\n#18 0x7f3207a9ca94 <unknown>\n#19 0x7f3207b29c3c <unknown>",
        "time" : {
          "start" : 1736041344945,
          "stop" : 1736041350394,
          "duration" : 5449
        }
      }, {
        "uid" : "caff56685f57a285",
        "reportUrl" : "https://Areso.github.io/Oblache/268//#testresult/caff56685f57a285",
        "status" : "broken",
        "statusDetails" : "selenium.common.exceptions.TimeoutException: Message: Can't find element by locator ('xpath', '//button[@id=\"menu_button_webpages\"]')\nStacktrace:\n#0 0x559ce7f5331a <unknown>\n#1 0x559ce7a696e0 <unknown>\n#2 0x559ce7ab83e6 <unknown>\n#3 0x559ce7ab8681 <unknown>\n#4 0x559ce7afdb04 <unknown>\n#5 0x559ce7adc48d <unknown>\n#6 0x559ce7afaed7 <unknown>\n#7 0x559ce7adc203 <unknown>\n#8 0x559ce7aaacc0 <unknown>\n#9 0x559ce7aabc9e <unknown>\n#10 0x559ce7f20d0b <unknown>\n#11 0x559ce7f24c92 <unknown>\n#12 0x559ce7f0db3c <unknown>\n#13 0x559ce7f25807 <unknown>\n#14 0x559ce7ef30df <unknown>\n#15 0x559ce7f42578 <unknown>\n#16 0x559ce7f42740 <unknown>\n#17 0x559ce7f52196 <unknown>\n#18 0x7f4181c9ca94 <unknown>\n#19 0x7f4181d29c3c <unknown>",
        "time" : {
          "start" : 1735954042584,
          "stop" : 1735954048027,
          "duration" : 5443
        }
      } ]
    },
    "tags" : [ ]
  },
  "source" : "75645faf9431b49d.json",
  "parameterValues" : [ ]
}