{
  "uid" : "a2b76b6f6dbd0b51",
  "name" : "test_check_title_of_static_table",
  "fullName" : "tests_ui.test_ui.TestProfilePage#test_check_title_of_static_table",
  "historyId" : "eb2cea1546ad6874ff07a2bb88c686ae",
  "time" : {
    "start" : 1728178862223,
    "stop" : 1728178867635,
    "duration" : 5412
  },
  "status" : "broken",
  "statusMessage" : "selenium.common.exceptions.TimeoutException: Message: Can't find element by locator ('xpath', '//button[@id=\"menu_button_webpages\"]')\nStacktrace:\n#0 0x55732807c13a <unknown>\n#1 0x557327d625e0 <unknown>\n#2 0x557327db1be8 <unknown>\n#3 0x557327db1e81 <unknown>\n#4 0x557327df88c4 <unknown>\n#5 0x557327dd6b4d <unknown>\n#6 0x557327df5d7d <unknown>\n#7 0x557327dd68c3 <unknown>\n#8 0x557327da46b3 <unknown>\n#9 0x557327da568e <unknown>\n#10 0x557328046b3b <unknown>\n#11 0x55732804aac1 <unknown>\n#12 0x557328033335 <unknown>\n#13 0x55732804b642 <unknown>\n#14 0x55732801849f <unknown>\n#15 0x55732806b038 <unknown>\n#16 0x55732806b203 <unknown>\n#17 0x55732807af8c <unknown>\n#18 0x7f3ecb894ac3 <unknown>",
  "statusTrace" : "self = <tests_ui.test_ui.TestProfilePage object at 0x7f11f4e1c9b0>\ndriver = <selenium.webdriver.chrome.webdriver.WebDriver (session=\"56b0935424f48615dd5c49ecbd691d39\")>\nauthorization_user = None\n\n    @allure.title('test_check_title_of_static_table')\n    def test_check_title_of_static_table(self, driver, authorization_user):\n        page = ProfilePage(driver)\n>       page.click_static_site_button()\n\ntests_ui/test_ui.py:75: \n_ _ _ _ _ _ _ _ _ _ _ _ _ _ _ _ _ _ _ _ _ _ _ _ _ _ _ _ _ _ _ _ _ _ _ _ _ _ _ _ \ntests_ui/profile_page.py:40: in click_static_site_button\n    return self.element_is_present_and_clickable(self.locators.STATIC_BUTTON).click()\ntests_ui/base_page.py:28: in element_is_present_and_clickable\n    return (Wait(self.driver, self.timeout).until(\n_ _ _ _ _ _ _ _ _ _ _ _ _ _ _ _ _ _ _ _ _ _ _ _ _ _ _ _ _ _ _ _ _ _ _ _ _ _ _ _ \n\nself = <selenium.webdriver.support.wait.WebDriverWait (session=\"56b0935424f48615dd5c49ecbd691d39\")>\nmethod = <function visibility_of_element_located.<locals>._predicate at 0x7f11f4b42840>\nmessage = 'Can\\'t find element by locator (\\'xpath\\', \\'//button[@id=\"menu_button_webpages\"]\\')'\n\n    def until(self, method: Callable[[D], Union[Literal[False], T]], message: str = \"\") -> T:\n        \"\"\"Calls the method provided with the driver as an argument until the \\\n        return value does not evaluate to ``False``.\n    \n        :param method: callable(WebDriver)\n        :param message: optional message for :exc:`TimeoutException`\n        :returns: the result of the last call to `method`\n        :raises: :exc:`selenium.common.exceptions.TimeoutException` if timeout occurs\n        \"\"\"\n        screen = None\n        stacktrace = None\n    \n        end_time = time.monotonic() + self._timeout\n        while True:\n            try:\n                value = method(self._driver)\n                if value:\n                    return value\n            except self._ignored_exceptions as exc:\n                screen = getattr(exc, \"screen\", None)\n                stacktrace = getattr(exc, \"stacktrace\", None)\n            time.sleep(self._poll)\n            if time.monotonic() > end_time:\n                break\n>       raise TimeoutException(message, screen, stacktrace)\nE       selenium.common.exceptions.TimeoutException: Message: Can't find element by locator ('xpath', '//button[@id=\"menu_button_webpages\"]')\nE       Stacktrace:\nE       #0 0x55732807c13a <unknown>\nE       #1 0x557327d625e0 <unknown>\nE       #2 0x557327db1be8 <unknown>\nE       #3 0x557327db1e81 <unknown>\nE       #4 0x557327df88c4 <unknown>\nE       #5 0x557327dd6b4d <unknown>\nE       #6 0x557327df5d7d <unknown>\nE       #7 0x557327dd68c3 <unknown>\nE       #8 0x557327da46b3 <unknown>\nE       #9 0x557327da568e <unknown>\nE       #10 0x557328046b3b <unknown>\nE       #11 0x55732804aac1 <unknown>\nE       #12 0x557328033335 <unknown>\nE       #13 0x55732804b642 <unknown>\nE       #14 0x55732801849f <unknown>\nE       #15 0x55732806b038 <unknown>\nE       #16 0x55732806b203 <unknown>\nE       #17 0x55732807af8c <unknown>\nE       #18 0x7f3ecb894ac3 <unknown>\n\n/opt/hostedtoolcache/Python/3.12.6/x64/lib/python3.12/site-packages/selenium/webdriver/support/wait.py:105: TimeoutException",
  "flaky" : false,
  "newFailed" : false,
  "beforeStages" : [ {
    "name" : "driver",
    "time" : {
      "start" : 1728178861448,
      "stop" : 1728178861725,
      "duration" : 277
    },
    "status" : "passed",
    "steps" : [ ],
    "attachments" : [ ],
    "parameters" : [ ],
    "hasContent" : false,
    "stepsCount" : 0,
    "attachmentsCount" : 0,
    "shouldDisplayMessage" : false
  }, {
    "name" : "authorization_user",
    "time" : {
      "start" : 1728178861726,
      "stop" : 1728178862223,
      "duration" : 497
    },
    "status" : "passed",
    "steps" : [ {
      "name" : "Open page: https://oblache.areso.pro/register.html",
      "time" : {
        "start" : 1728178861726,
        "stop" : 1728178862034,
        "duration" : 308
      },
      "status" : "passed",
      "steps" : [ ],
      "attachments" : [ ],
      "parameters" : [ ],
      "hasContent" : false,
      "stepsCount" : 0,
      "attachmentsCount" : 0,
      "shouldDisplayMessage" : false
    }, {
      "name" : "Login user",
      "time" : {
        "start" : 1728178862034,
        "stop" : 1728178862223,
        "duration" : 189
      },
      "status" : "passed",
      "steps" : [ {
        "name" : "Enter email.",
        "time" : {
          "start" : 1728178862034,
          "stop" : 1728178862097,
          "duration" : 63
        },
        "status" : "passed",
        "steps" : [ ],
        "attachments" : [ ],
        "parameters" : [ ],
        "hasContent" : false,
        "stepsCount" : 0,
        "attachmentsCount" : 0,
        "shouldDisplayMessage" : false
      }, {
        "name" : "Enter password.",
        "time" : {
          "start" : 1728178862097,
          "stop" : 1728178862143,
          "duration" : 46
        },
        "status" : "passed",
        "steps" : [ ],
        "attachments" : [ ],
        "parameters" : [ ],
        "hasContent" : false,
        "stepsCount" : 0,
        "attachmentsCount" : 0,
        "shouldDisplayMessage" : false
      }, {
        "name" : "Click button \"Login\"",
        "time" : {
          "start" : 1728178862143,
          "stop" : 1728178862220,
          "duration" : 77
        },
        "status" : "passed",
        "steps" : [ ],
        "attachments" : [ ],
        "parameters" : [ ],
        "hasContent" : false,
        "stepsCount" : 0,
        "attachmentsCount" : 0,
        "shouldDisplayMessage" : false
      }, {
        "name" : "Check url is present: https://oblache.areso.pro/register.html",
        "time" : {
          "start" : 1728178862220,
          "stop" : 1728178862223,
          "duration" : 3
        },
        "status" : "passed",
        "steps" : [ ],
        "attachments" : [ ],
        "parameters" : [ ],
        "hasContent" : false,
        "stepsCount" : 0,
        "attachmentsCount" : 0,
        "shouldDisplayMessage" : false
      } ],
      "attachments" : [ ],
      "parameters" : [ ],
      "hasContent" : true,
      "stepsCount" : 4,
      "attachmentsCount" : 0,
      "shouldDisplayMessage" : false
    } ],
    "attachments" : [ ],
    "parameters" : [ ],
    "hasContent" : true,
    "stepsCount" : 6,
    "attachmentsCount" : 0,
    "shouldDisplayMessage" : false
  } ],
  "testStage" : {
    "status" : "broken",
    "statusMessage" : "selenium.common.exceptions.TimeoutException: Message: Can't find element by locator ('xpath', '//button[@id=\"menu_button_webpages\"]')\nStacktrace:\n#0 0x55732807c13a <unknown>\n#1 0x557327d625e0 <unknown>\n#2 0x557327db1be8 <unknown>\n#3 0x557327db1e81 <unknown>\n#4 0x557327df88c4 <unknown>\n#5 0x557327dd6b4d <unknown>\n#6 0x557327df5d7d <unknown>\n#7 0x557327dd68c3 <unknown>\n#8 0x557327da46b3 <unknown>\n#9 0x557327da568e <unknown>\n#10 0x557328046b3b <unknown>\n#11 0x55732804aac1 <unknown>\n#12 0x557328033335 <unknown>\n#13 0x55732804b642 <unknown>\n#14 0x55732801849f <unknown>\n#15 0x55732806b038 <unknown>\n#16 0x55732806b203 <unknown>\n#17 0x55732807af8c <unknown>\n#18 0x7f3ecb894ac3 <unknown>",
    "statusTrace" : "self = <tests_ui.test_ui.TestProfilePage object at 0x7f11f4e1c9b0>\ndriver = <selenium.webdriver.chrome.webdriver.WebDriver (session=\"56b0935424f48615dd5c49ecbd691d39\")>\nauthorization_user = None\n\n    @allure.title('test_check_title_of_static_table')\n    def test_check_title_of_static_table(self, driver, authorization_user):\n        page = ProfilePage(driver)\n>       page.click_static_site_button()\n\ntests_ui/test_ui.py:75: \n_ _ _ _ _ _ _ _ _ _ _ _ _ _ _ _ _ _ _ _ _ _ _ _ _ _ _ _ _ _ _ _ _ _ _ _ _ _ _ _ \ntests_ui/profile_page.py:40: in click_static_site_button\n    return self.element_is_present_and_clickable(self.locators.STATIC_BUTTON).click()\ntests_ui/base_page.py:28: in element_is_present_and_clickable\n    return (Wait(self.driver, self.timeout).until(\n_ _ _ _ _ _ _ _ _ _ _ _ _ _ _ _ _ _ _ _ _ _ _ _ _ _ _ _ _ _ _ _ _ _ _ _ _ _ _ _ \n\nself = <selenium.webdriver.support.wait.WebDriverWait (session=\"56b0935424f48615dd5c49ecbd691d39\")>\nmethod = <function visibility_of_element_located.<locals>._predicate at 0x7f11f4b42840>\nmessage = 'Can\\'t find element by locator (\\'xpath\\', \\'//button[@id=\"menu_button_webpages\"]\\')'\n\n    def until(self, method: Callable[[D], Union[Literal[False], T]], message: str = \"\") -> T:\n        \"\"\"Calls the method provided with the driver as an argument until the \\\n        return value does not evaluate to ``False``.\n    \n        :param method: callable(WebDriver)\n        :param message: optional message for :exc:`TimeoutException`\n        :returns: the result of the last call to `method`\n        :raises: :exc:`selenium.common.exceptions.TimeoutException` if timeout occurs\n        \"\"\"\n        screen = None\n        stacktrace = None\n    \n        end_time = time.monotonic() + self._timeout\n        while True:\n            try:\n                value = method(self._driver)\n                if value:\n                    return value\n            except self._ignored_exceptions as exc:\n                screen = getattr(exc, \"screen\", None)\n                stacktrace = getattr(exc, \"stacktrace\", None)\n            time.sleep(self._poll)\n            if time.monotonic() > end_time:\n                break\n>       raise TimeoutException(message, screen, stacktrace)\nE       selenium.common.exceptions.TimeoutException: Message: Can't find element by locator ('xpath', '//button[@id=\"menu_button_webpages\"]')\nE       Stacktrace:\nE       #0 0x55732807c13a <unknown>\nE       #1 0x557327d625e0 <unknown>\nE       #2 0x557327db1be8 <unknown>\nE       #3 0x557327db1e81 <unknown>\nE       #4 0x557327df88c4 <unknown>\nE       #5 0x557327dd6b4d <unknown>\nE       #6 0x557327df5d7d <unknown>\nE       #7 0x557327dd68c3 <unknown>\nE       #8 0x557327da46b3 <unknown>\nE       #9 0x557327da568e <unknown>\nE       #10 0x557328046b3b <unknown>\nE       #11 0x55732804aac1 <unknown>\nE       #12 0x557328033335 <unknown>\nE       #13 0x55732804b642 <unknown>\nE       #14 0x55732801849f <unknown>\nE       #15 0x55732806b038 <unknown>\nE       #16 0x55732806b203 <unknown>\nE       #17 0x55732807af8c <unknown>\nE       #18 0x7f3ecb894ac3 <unknown>\n\n/opt/hostedtoolcache/Python/3.12.6/x64/lib/python3.12/site-packages/selenium/webdriver/support/wait.py:105: TimeoutException",
    "steps" : [ {
      "name" : "Click \"Static site\" button.",
      "time" : {
        "start" : 1728178862223,
        "stop" : 1728178867635,
        "duration" : 5412
      },
      "status" : "broken",
      "statusMessage" : "selenium.common.exceptions.TimeoutException: Message: Can't find element by locator ('xpath', '//button[@id=\"menu_button_webpages\"]')\nStacktrace:\n#0 0x55732807c13a <unknown>\n#1 0x557327d625e0 <unknown>\n#2 0x557327db1be8 <unknown>\n#3 0x557327db1e81 <unknown>\n#4 0x557327df88c4 <unknown>\n#5 0x557327dd6b4d <unknown>\n#6 0x557327df5d7d <unknown>\n#7 0x557327dd68c3 <unknown>\n#8 0x557327da46b3 <unknown>\n#9 0x557327da568e <unknown>\n#10 0x557328046b3b <unknown>\n#11 0x55732804aac1 <unknown>\n#12 0x557328033335 <unknown>\n#13 0x55732804b642 <unknown>\n#14 0x55732801849f <unknown>\n#15 0x55732806b038 <unknown>\n#16 0x55732806b203 <unknown>\n#17 0x55732807af8c <unknown>\n#18 0x7f3ecb894ac3 <unknown>\n\n",
      "statusTrace" : "  File \"/home/runner/work/Oblache/Oblache/tests_ui/profile_page.py\", line 40, in click_static_site_button\n    return self.element_is_present_and_clickable(self.locators.STATIC_BUTTON).click()\n           ^^^^^^^^^^^^^^^^^^^^^^^^^^^^^^^^^^^^^^^^^^^^^^^^^^^^^^^^^^^^^^^^^^\n  File \"/home/runner/work/Oblache/Oblache/tests_ui/base_page.py\", line 28, in element_is_present_and_clickable\n    return (Wait(self.driver, self.timeout).until(\n            ^^^^^^^^^^^^^^^^^^^^^^^^^^^^^^^^^^^^^^\n  File \"/opt/hostedtoolcache/Python/3.12.6/x64/lib/python3.12/site-packages/selenium/webdriver/support/wait.py\", line 105, in until\n    raise TimeoutException(message, screen, stacktrace)\n",
      "steps" : [ ],
      "attachments" : [ ],
      "parameters" : [ ],
      "hasContent" : true,
      "stepsCount" : 0,
      "attachmentsCount" : 0,
      "shouldDisplayMessage" : true
    } ],
    "attachments" : [ {
      "uid" : "1a93d7a63f1bfad6",
      "name" : "Screenshot 2024-10-06 01:41:07.737909",
      "source" : "1a93d7a63f1bfad6.png",
      "type" : "image/png",
      "size" : 35902
    } ],
    "parameters" : [ ],
    "hasContent" : true,
    "stepsCount" : 1,
    "attachmentsCount" : 1,
    "shouldDisplayMessage" : true
  },
  "afterStages" : [ {
    "name" : "driver::0",
    "time" : {
      "start" : 1728178867739,
      "stop" : 1728178867805,
      "duration" : 66
    },
    "status" : "passed",
    "steps" : [ ],
    "attachments" : [ ],
    "parameters" : [ ],
    "hasContent" : false,
    "stepsCount" : 0,
    "attachmentsCount" : 0,
    "shouldDisplayMessage" : false
  } ],
  "labels" : [ {
    "name" : "suite",
    "value" : "Test Profile Page."
  }, {
    "name" : "parentSuite",
    "value" : "tests_ui"
  }, {
    "name" : "subSuite",
    "value" : "TestProfilePage"
  }, {
    "name" : "host",
    "value" : "fv-az775-99"
  }, {
    "name" : "thread",
    "value" : "2332-MainThread"
  }, {
    "name" : "framework",
    "value" : "pytest"
  }, {
    "name" : "language",
    "value" : "cpython3"
  }, {
    "name" : "package",
    "value" : "tests_ui.test_ui"
  }, {
    "name" : "resultFormat",
    "value" : "allure2"
  } ],
  "parameters" : [ ],
  "links" : [ ],
  "hidden" : false,
  "retry" : false,
  "extra" : {
    "severity" : "normal",
    "retries" : [ ],
    "categories" : [ {
      "name" : "Test defects",
      "matchedStatuses" : [ ],
      "flaky" : false
    } ],
    "history" : {
      "statistic" : {
        "failed" : 0,
        "broken" : 19,
        "skipped" : 0,
        "passed" : 1,
        "unknown" : 0,
        "total" : 20
      },
      "items" : [ {
        "uid" : "7099d2c3c9843827",
        "reportUrl" : "https://Areso.github.io/Oblache/177//#testresult/7099d2c3c9843827",
        "status" : "broken",
        "statusDetails" : "selenium.common.exceptions.TimeoutException: Message: Can't find element by locator ('xpath', '//button[@id=\"menu_button_webpages\"]')\nStacktrace:\n#0 0x56433748513a <unknown>\n#1 0x56433716b5e0 <unknown>\n#2 0x5643371babe8 <unknown>\n#3 0x5643371bae81 <unknown>\n#4 0x5643372018c4 <unknown>\n#5 0x5643371dfb4d <unknown>\n#6 0x5643371fed7d <unknown>\n#7 0x5643371df8c3 <unknown>\n#8 0x5643371ad6b3 <unknown>\n#9 0x5643371ae68e <unknown>\n#10 0x56433744fb3b <unknown>\n#11 0x564337453ac1 <unknown>\n#12 0x56433743c335 <unknown>\n#13 0x564337454642 <unknown>\n#14 0x56433742149f <unknown>\n#15 0x564337474038 <unknown>\n#16 0x564337474203 <unknown>\n#17 0x564337483f8c <unknown>\n#18 0x7f8228e94ac3 <unknown>",
        "time" : {
          "start" : 1728091621598,
          "stop" : 1728091626630,
          "duration" : 5032
        }
      }, {
        "uid" : "ee8a6b620bb69a93",
        "reportUrl" : "https://Areso.github.io/Oblache/176//#testresult/ee8a6b620bb69a93",
        "status" : "broken",
        "statusDetails" : "selenium.common.exceptions.TimeoutException: Message: Can't find element by locator ('xpath', '//button[@id=\"menu_button_webpages\"]')\nStacktrace:\n#0 0x557b82a1913a <unknown>\n#1 0x557b826ff5e0 <unknown>\n#2 0x557b8274ebe8 <unknown>\n#3 0x557b8274ee81 <unknown>\n#4 0x557b827958c4 <unknown>\n#5 0x557b82773b4d <unknown>\n#6 0x557b82792d7d <unknown>\n#7 0x557b827738c3 <unknown>\n#8 0x557b827416b3 <unknown>\n#9 0x557b8274268e <unknown>\n#10 0x557b829e3b3b <unknown>\n#11 0x557b829e7ac1 <unknown>\n#12 0x557b829d0335 <unknown>\n#13 0x557b829e8642 <unknown>\n#14 0x557b829b549f <unknown>\n#15 0x557b82a08038 <unknown>\n#16 0x557b82a08203 <unknown>\n#17 0x557b82a17f8c <unknown>\n#18 0x7ff6fbc94ac3 <unknown>",
        "time" : {
          "start" : 1728005281305,
          "stop" : 1728005286694,
          "duration" : 5389
        }
      }, {
        "uid" : "3491a0337cb92f14",
        "reportUrl" : "https://Areso.github.io/Oblache/175//#testresult/3491a0337cb92f14",
        "status" : "broken",
        "statusDetails" : "selenium.common.exceptions.TimeoutException: Message: Can't find element by locator ('xpath', '//button[@id=\"menu_button_webpages\"]')\nStacktrace:\n#0 0x56436b94713a <unknown>\n#1 0x56436b62d5e0 <unknown>\n#2 0x56436b67cbe8 <unknown>\n#3 0x56436b67ce81 <unknown>\n#4 0x56436b6c38c4 <unknown>\n#5 0x56436b6a1b4d <unknown>\n#6 0x56436b6c0d7d <unknown>\n#7 0x56436b6a18c3 <unknown>\n#8 0x56436b66f6b3 <unknown>\n#9 0x56436b67068e <unknown>\n#10 0x56436b911b3b <unknown>\n#11 0x56436b915ac1 <unknown>\n#12 0x56436b8fe335 <unknown>\n#13 0x56436b916642 <unknown>\n#14 0x56436b8e349f <unknown>\n#15 0x56436b936038 <unknown>\n#16 0x56436b936203 <unknown>\n#17 0x56436b945f8c <unknown>\n#18 0x7fe3aa694ac3 <unknown>",
        "time" : {
          "start" : 1727918888341,
          "stop" : 1727918893343,
          "duration" : 5002
        }
      }, {
        "uid" : "abd444616da3fad3",
        "reportUrl" : "https://Areso.github.io/Oblache/174//#testresult/abd444616da3fad3",
        "status" : "broken",
        "statusDetails" : "selenium.common.exceptions.TimeoutException: Message: Can't find element by locator ('xpath', '//button[@id=\"menu_button_webpages\"]')\nStacktrace:\n#0 0x5627ce0bd13a <unknown>\n#1 0x5627cdda35e0 <unknown>\n#2 0x5627cddf2be8 <unknown>\n#3 0x5627cddf2e81 <unknown>\n#4 0x5627cde398c4 <unknown>\n#5 0x5627cde17b4d <unknown>\n#6 0x5627cde36d7d <unknown>\n#7 0x5627cde178c3 <unknown>\n#8 0x5627cdde56b3 <unknown>\n#9 0x5627cdde668e <unknown>\n#10 0x5627ce087b3b <unknown>\n#11 0x5627ce08bac1 <unknown>\n#12 0x5627ce074335 <unknown>\n#13 0x5627ce08c642 <unknown>\n#14 0x5627ce05949f <unknown>\n#15 0x5627ce0ac038 <unknown>\n#16 0x5627ce0ac203 <unknown>\n#17 0x5627ce0bbf8c <unknown>\n#18 0x7f4eb2494ac3 <unknown>",
        "time" : {
          "start" : 1727832496085,
          "stop" : 1727832501479,
          "duration" : 5394
        }
      }, {
        "uid" : "bc7b9867c52215d5",
        "reportUrl" : "https://Areso.github.io/Oblache/173//#testresult/bc7b9867c52215d5",
        "status" : "broken",
        "statusDetails" : "selenium.common.exceptions.TimeoutException: Message: Can't find element by locator ('xpath', '//button[@id=\"menu_button_webpages\"]')\nStacktrace:\n#0 0x559adca6a13a <unknown>\n#1 0x559adc7505e0 <unknown>\n#2 0x559adc79fbe8 <unknown>\n#3 0x559adc79fe81 <unknown>\n#4 0x559adc7e68c4 <unknown>\n#5 0x559adc7c4b4d <unknown>\n#6 0x559adc7e3d7d <unknown>\n#7 0x559adc7c48c3 <unknown>\n#8 0x559adc7926b3 <unknown>\n#9 0x559adc79368e <unknown>\n#10 0x559adca34b3b <unknown>\n#11 0x559adca38ac1 <unknown>\n#12 0x559adca21335 <unknown>\n#13 0x559adca39642 <unknown>\n#14 0x559adca0649f <unknown>\n#15 0x559adca59038 <unknown>\n#16 0x559adca59203 <unknown>\n#17 0x559adca68f8c <unknown>\n#18 0x7f94ca894ac3 <unknown>",
        "time" : {
          "start" : 1727746993269,
          "stop" : 1727746998702,
          "duration" : 5433
        }
      }, {
        "uid" : "a961a29a461d773c",
        "reportUrl" : "https://Areso.github.io/Oblache/172//#testresult/a961a29a461d773c",
        "status" : "broken",
        "statusDetails" : "selenium.common.exceptions.TimeoutException: Message: Can't find element by locator ('xpath', '//button[@id=\"menu_button_webpages\"]')\nStacktrace:\n#0 0x55d8bc78a13a <unknown>\n#1 0x55d8bc4705e0 <unknown>\n#2 0x55d8bc4bfbe8 <unknown>\n#3 0x55d8bc4bfe81 <unknown>\n#4 0x55d8bc5068c4 <unknown>\n#5 0x55d8bc4e4b4d <unknown>\n#6 0x55d8bc503d7d <unknown>\n#7 0x55d8bc4e48c3 <unknown>\n#8 0x55d8bc4b26b3 <unknown>\n#9 0x55d8bc4b368e <unknown>\n#10 0x55d8bc754b3b <unknown>\n#11 0x55d8bc758ac1 <unknown>\n#12 0x55d8bc741335 <unknown>\n#13 0x55d8bc759642 <unknown>\n#14 0x55d8bc72649f <unknown>\n#15 0x55d8bc779038 <unknown>\n#16 0x55d8bc779203 <unknown>\n#17 0x55d8bc788f8c <unknown>\n#18 0x7f47e9894ac3 <unknown>",
        "time" : {
          "start" : 1727660276521,
          "stop" : 1727660281897,
          "duration" : 5376
        }
      }, {
        "uid" : "dfd4713024687851",
        "reportUrl" : "https://Areso.github.io/Oblache/171//#testresult/dfd4713024687851",
        "status" : "broken",
        "statusDetails" : "selenium.common.exceptions.TimeoutException: Message: Can't find element by locator ('xpath', '//button[@id=\"menu_button_webpages\"]')\nStacktrace:\n#0 0x55625c55e13a <unknown>\n#1 0x55625c2445e0 <unknown>\n#2 0x55625c293be8 <unknown>\n#3 0x55625c293e81 <unknown>\n#4 0x55625c2da8c4 <unknown>\n#5 0x55625c2b8b4d <unknown>\n#6 0x55625c2d7d7d <unknown>\n#7 0x55625c2b88c3 <unknown>\n#8 0x55625c2866b3 <unknown>\n#9 0x55625c28768e <unknown>\n#10 0x55625c528b3b <unknown>\n#11 0x55625c52cac1 <unknown>\n#12 0x55625c515335 <unknown>\n#13 0x55625c52d642 <unknown>\n#14 0x55625c4fa49f <unknown>\n#15 0x55625c54d038 <unknown>\n#16 0x55625c54d203 <unknown>\n#17 0x55625c55cf8c <unknown>\n#18 0x7f9b68094ac3 <unknown>",
        "time" : {
          "start" : 1727574068950,
          "stop" : 1727574073964,
          "duration" : 5014
        }
      }, {
        "uid" : "67923f5ffee44dd6",
        "reportUrl" : "https://Areso.github.io/Oblache/170//#testresult/67923f5ffee44dd6",
        "status" : "broken",
        "statusDetails" : "selenium.common.exceptions.TimeoutException: Message: Can't find element by locator ('xpath', '//button[@id=\"menu_button_webpages\"]')\nStacktrace:\n#0 0x55ea6c90213a <unknown>\n#1 0x55ea6c5e85e0 <unknown>\n#2 0x55ea6c637be8 <unknown>\n#3 0x55ea6c637e81 <unknown>\n#4 0x55ea6c67e8c4 <unknown>\n#5 0x55ea6c65cb4d <unknown>\n#6 0x55ea6c67bd7d <unknown>\n#7 0x55ea6c65c8c3 <unknown>\n#8 0x55ea6c62a6b3 <unknown>\n#9 0x55ea6c62b68e <unknown>\n#10 0x55ea6c8ccb3b <unknown>\n#11 0x55ea6c8d0ac1 <unknown>\n#12 0x55ea6c8b9335 <unknown>\n#13 0x55ea6c8d1642 <unknown>\n#14 0x55ea6c89e49f <unknown>\n#15 0x55ea6c8f1038 <unknown>\n#16 0x55ea6c8f1203 <unknown>\n#17 0x55ea6c900f8c <unknown>\n#18 0x7f3c25a94ac3 <unknown>",
        "time" : {
          "start" : 1727486810106,
          "stop" : 1727486815136,
          "duration" : 5030
        }
      }, {
        "uid" : "97c391820f93f36e",
        "reportUrl" : "https://Areso.github.io/Oblache/169//#testresult/97c391820f93f36e",
        "status" : "broken",
        "statusDetails" : "selenium.common.exceptions.TimeoutException: Message: Can't find element by locator ('xpath', '//button[@id=\"menu_button_webpages\"]')\nStacktrace:\n#0 0x55fc68d7413a <unknown>\n#1 0x55fc68a5a5e0 <unknown>\n#2 0x55fc68aa9be8 <unknown>\n#3 0x55fc68aa9e81 <unknown>\n#4 0x55fc68af08c4 <unknown>\n#5 0x55fc68aceb4d <unknown>\n#6 0x55fc68aedd7d <unknown>\n#7 0x55fc68ace8c3 <unknown>\n#8 0x55fc68a9c6b3 <unknown>\n#9 0x55fc68a9d68e <unknown>\n#10 0x55fc68d3eb3b <unknown>\n#11 0x55fc68d42ac1 <unknown>\n#12 0x55fc68d2b335 <unknown>\n#13 0x55fc68d43642 <unknown>\n#14 0x55fc68d1049f <unknown>\n#15 0x55fc68d63038 <unknown>\n#16 0x55fc68d63203 <unknown>\n#17 0x55fc68d72f8c <unknown>\n#18 0x7ff504494ac3 <unknown>",
        "time" : {
          "start" : 1727400483512,
          "stop" : 1727400488536,
          "duration" : 5024
        }
      }, {
        "uid" : "48c058e55d58bafc",
        "reportUrl" : "https://Areso.github.io/Oblache/168//#testresult/48c058e55d58bafc",
        "status" : "broken",
        "statusDetails" : "selenium.common.exceptions.TimeoutException: Message: Can't find element by locator ('xpath', '//button[@id=\"menu_button_webpages\"]')\nStacktrace:\n#0 0x55bcc6f4d13a <unknown>\n#1 0x55bcc6c335e0 <unknown>\n#2 0x55bcc6c82be8 <unknown>\n#3 0x55bcc6c82e81 <unknown>\n#4 0x55bcc6cc98c4 <unknown>\n#5 0x55bcc6ca7b4d <unknown>\n#6 0x55bcc6cc6d7d <unknown>\n#7 0x55bcc6ca78c3 <unknown>\n#8 0x55bcc6c756b3 <unknown>\n#9 0x55bcc6c7668e <unknown>\n#10 0x55bcc6f17b3b <unknown>\n#11 0x55bcc6f1bac1 <unknown>\n#12 0x55bcc6f04335 <unknown>\n#13 0x55bcc6f1c642 <unknown>\n#14 0x55bcc6ee949f <unknown>\n#15 0x55bcc6f3c038 <unknown>\n#16 0x55bcc6f3c203 <unknown>\n#17 0x55bcc6f4bf8c <unknown>\n#18 0x7f1d7ce94ac3 <unknown>",
        "time" : {
          "start" : 1727314088098,
          "stop" : 1727314093528,
          "duration" : 5430
        }
      }, {
        "uid" : "673f02cd4be30cc1",
        "reportUrl" : "https://Areso.github.io/Oblache/167//#testresult/673f02cd4be30cc1",
        "status" : "broken",
        "statusDetails" : "selenium.common.exceptions.TimeoutException: Message: Can't find element by locator ('xpath', '//button[@id=\"menu_button_webpages\"]')\nStacktrace:\n#0 0x55fbced032da <unknown>\n#1 0x55fbce9d1200 <unknown>\n#2 0x55fbcea20aa2 <unknown>\n#3 0x55fbcea20d41 <unknown>\n#4 0x55fbcea66964 <unknown>\n#5 0x55fbcea458fd <unknown>\n#6 0x55fbcea63dfd <unknown>\n#7 0x55fbcea45673 <unknown>\n#8 0x55fbcea13473 <unknown>\n#9 0x55fbcea1447e <unknown>\n#10 0x55fbcecca0db <unknown>\n#11 0x55fbcecce071 <unknown>\n#12 0x55fbcecb69d5 <unknown>\n#13 0x55fbceccebf2 <unknown>\n#14 0x55fbcec9bb6f <unknown>\n#15 0x55fbcecf2248 <unknown>\n#16 0x55fbcecf2417 <unknown>\n#17 0x55fbced020cc <unknown>\n#18 0x7f87fde94ac3 <unknown>",
        "time" : {
          "start" : 1727227747082,
          "stop" : 1727227752479,
          "duration" : 5397
        }
      }, {
        "uid" : "da173b9f667815dd",
        "reportUrl" : "https://Areso.github.io/Oblache/166//#testresult/da173b9f667815dd",
        "status" : "broken",
        "statusDetails" : "selenium.common.exceptions.TimeoutException: Message: Can't find element by locator ('xpath', '//button[@id=\"menu_button_webpages\"]')\nStacktrace:\n#0 0x55898be252da <unknown>\n#1 0x55898baf3200 <unknown>\n#2 0x55898bb42aa2 <unknown>\n#3 0x55898bb42d41 <unknown>\n#4 0x55898bb88964 <unknown>\n#5 0x55898bb678fd <unknown>\n#6 0x55898bb85dfd <unknown>\n#7 0x55898bb67673 <unknown>\n#8 0x55898bb35473 <unknown>\n#9 0x55898bb3647e <unknown>\n#10 0x55898bdec0db <unknown>\n#11 0x55898bdf0071 <unknown>\n#12 0x55898bdd89d5 <unknown>\n#13 0x55898bdf0bf2 <unknown>\n#14 0x55898bdbdb6f <unknown>\n#15 0x55898be14248 <unknown>\n#16 0x55898be14417 <unknown>\n#17 0x55898be240cc <unknown>\n#18 0x7f4853a94ac3 <unknown>",
        "time" : {
          "start" : 1727141288657,
          "stop" : 1727141294064,
          "duration" : 5407
        }
      }, {
        "uid" : "43fb988ef402e733",
        "reportUrl" : "https://Areso.github.io/Oblache/165//#testresult/43fb988ef402e733",
        "status" : "broken",
        "statusDetails" : "selenium.common.exceptions.TimeoutException: Message: Can't find element by locator ('xpath', '//button[@id=\"menu_button_webpages\"]')\nStacktrace:\n#0 0x55a5527d52da <unknown>\n#1 0x55a5524a3200 <unknown>\n#2 0x55a5524f2aa2 <unknown>\n#3 0x55a5524f2d41 <unknown>\n#4 0x55a552538964 <unknown>\n#5 0x55a5525178fd <unknown>\n#6 0x55a552535dfd <unknown>\n#7 0x55a552517673 <unknown>\n#8 0x55a5524e5473 <unknown>\n#9 0x55a5524e647e <unknown>\n#10 0x55a55279c0db <unknown>\n#11 0x55a5527a0071 <unknown>\n#12 0x55a5527889d5 <unknown>\n#13 0x55a5527a0bf2 <unknown>\n#14 0x55a55276db6f <unknown>\n#15 0x55a5527c4248 <unknown>\n#16 0x55a5527c4417 <unknown>\n#17 0x55a5527d40cc <unknown>\n#18 0x7f101f294ac3 <unknown>",
        "time" : {
          "start" : 1727054883357,
          "stop" : 1727054888763,
          "duration" : 5406
        }
      }, {
        "uid" : "a9f8f825ca30c463",
        "reportUrl" : "https://Areso.github.io/Oblache/164//#testresult/a9f8f825ca30c463",
        "status" : "broken",
        "statusDetails" : "selenium.common.exceptions.TimeoutException: Message: Can't find element by locator ('xpath', '//button[@id=\"menu_button_webpages\"]')\nStacktrace:\n#0 0x560c847e02da <unknown>\n#1 0x560c844ae200 <unknown>\n#2 0x560c844fdaa2 <unknown>\n#3 0x560c844fdd41 <unknown>\n#4 0x560c84543964 <unknown>\n#5 0x560c845228fd <unknown>\n#6 0x560c84540dfd <unknown>\n#7 0x560c84522673 <unknown>\n#8 0x560c844f0473 <unknown>\n#9 0x560c844f147e <unknown>\n#10 0x560c847a70db <unknown>\n#11 0x560c847ab071 <unknown>\n#12 0x560c847939d5 <unknown>\n#13 0x560c847abbf2 <unknown>\n#14 0x560c84778b6f <unknown>\n#15 0x560c847cf248 <unknown>\n#16 0x560c847cf417 <unknown>\n#17 0x560c847df0cc <unknown>\n#18 0x7fccf3e94ac3 <unknown>",
        "time" : {
          "start" : 1726969210210,
          "stop" : 1726969215638,
          "duration" : 5428
        }
      }, {
        "uid" : "c16010f5412c2c0b",
        "reportUrl" : "https://Areso.github.io/Oblache/163//#testresult/c16010f5412c2c0b",
        "status" : "broken",
        "statusDetails" : "selenium.common.exceptions.TimeoutException: Message: Can't find element by locator ('xpath', '//button[@id=\"menu_button_webpages\"]')\nStacktrace:\n#0 0x55e881cac2da <unknown>\n#1 0x55e88197a200 <unknown>\n#2 0x55e8819c9aa2 <unknown>\n#3 0x55e8819c9d41 <unknown>\n#4 0x55e881a0f964 <unknown>\n#5 0x55e8819ee8fd <unknown>\n#6 0x55e881a0cdfd <unknown>\n#7 0x55e8819ee673 <unknown>\n#8 0x55e8819bc473 <unknown>\n#9 0x55e8819bd47e <unknown>\n#10 0x55e881c730db <unknown>\n#11 0x55e881c77071 <unknown>\n#12 0x55e881c5f9d5 <unknown>\n#13 0x55e881c77bf2 <unknown>\n#14 0x55e881c44b6f <unknown>\n#15 0x55e881c9b248 <unknown>\n#16 0x55e881c9b417 <unknown>\n#17 0x55e881cab0cc <unknown>\n#18 0x7fc582494ac3 <unknown>",
        "time" : {
          "start" : 1726881850874,
          "stop" : 1726881856280,
          "duration" : 5406
        }
      }, {
        "uid" : "e9b9d471499a7a9e",
        "reportUrl" : "https://Areso.github.io/Oblache/162//#testresult/e9b9d471499a7a9e",
        "status" : "broken",
        "statusDetails" : "selenium.common.exceptions.TimeoutException: Message: Can't find element by locator ('xpath', '//button[@id=\"menu_button_webpages\"]')\nStacktrace:\n#0 0x55e73b0322da <unknown>\n#1 0x55e73ad00200 <unknown>\n#2 0x55e73ad4faa2 <unknown>\n#3 0x55e73ad4fd41 <unknown>\n#4 0x55e73ad95964 <unknown>\n#5 0x55e73ad748fd <unknown>\n#6 0x55e73ad92dfd <unknown>\n#7 0x55e73ad74673 <unknown>\n#8 0x55e73ad42473 <unknown>\n#9 0x55e73ad4347e <unknown>\n#10 0x55e73aff90db <unknown>\n#11 0x55e73affd071 <unknown>\n#12 0x55e73afe59d5 <unknown>\n#13 0x55e73affdbf2 <unknown>\n#14 0x55e73afcab6f <unknown>\n#15 0x55e73b021248 <unknown>\n#16 0x55e73b021417 <unknown>\n#17 0x55e73b0310cc <unknown>\n#18 0x7fc265494ac3 <unknown>",
        "time" : {
          "start" : 1726795561609,
          "stop" : 1726795566628,
          "duration" : 5019
        }
      }, {
        "uid" : "f8b57ed031a549e9",
        "reportUrl" : "https://Areso.github.io/Oblache/161//#testresult/f8b57ed031a549e9",
        "status" : "broken",
        "statusDetails" : "selenium.common.exceptions.TimeoutException: Message: Can't find element by locator ('xpath', '//button[@id=\"menu_button_webpages\"]')\nStacktrace:\n#0 0x564bb6ae82da <unknown>\n#1 0x564bb67b6200 <unknown>\n#2 0x564bb6805aa2 <unknown>\n#3 0x564bb6805d41 <unknown>\n#4 0x564bb684b964 <unknown>\n#5 0x564bb682a8fd <unknown>\n#6 0x564bb6848dfd <unknown>\n#7 0x564bb682a673 <unknown>\n#8 0x564bb67f8473 <unknown>\n#9 0x564bb67f947e <unknown>\n#10 0x564bb6aaf0db <unknown>\n#11 0x564bb6ab3071 <unknown>\n#12 0x564bb6a9b9d5 <unknown>\n#13 0x564bb6ab3bf2 <unknown>\n#14 0x564bb6a80b6f <unknown>\n#15 0x564bb6ad7248 <unknown>\n#16 0x564bb6ad7417 <unknown>\n#17 0x564bb6ae70cc <unknown>\n#18 0x7f7328894ac3 <unknown>",
        "time" : {
          "start" : 1726709188996,
          "stop" : 1726709194406,
          "duration" : 5410
        }
      }, {
        "uid" : "cc10fa810bafe4fc",
        "reportUrl" : "https://Areso.github.io/Oblache/160//#testresult/cc10fa810bafe4fc",
        "status" : "broken",
        "statusDetails" : "selenium.common.exceptions.TimeoutException: Message: Can't find element by locator ('xpath', '//button[@id=\"menu_button_webpages\"]')\nStacktrace:\n#0 0x5605050402da <unknown>\n#1 0x560504d0e200 <unknown>\n#2 0x560504d5daa2 <unknown>\n#3 0x560504d5dd41 <unknown>\n#4 0x560504da3964 <unknown>\n#5 0x560504d828fd <unknown>\n#6 0x560504da0dfd <unknown>\n#7 0x560504d82673 <unknown>\n#8 0x560504d50473 <unknown>\n#9 0x560504d5147e <unknown>\n#10 0x5605050070db <unknown>\n#11 0x56050500b071 <unknown>\n#12 0x560504ff39d5 <unknown>\n#13 0x56050500bbf2 <unknown>\n#14 0x560504fd8b6f <unknown>\n#15 0x56050502f248 <unknown>\n#16 0x56050502f417 <unknown>\n#17 0x56050503f0cc <unknown>\n#18 0x7f0bd9a94ac3 <unknown>",
        "time" : {
          "start" : 1726622640462,
          "stop" : 1726622645834,
          "duration" : 5372
        }
      }, {
        "uid" : "7bffa8af1978e7f1",
        "reportUrl" : "https://Areso.github.io/Oblache/2//#testresult/7bffa8af1978e7f1",
        "status" : "passed",
        "time" : {
          "start" : 1726572608035,
          "stop" : 1726572609135,
          "duration" : 1100
        }
      } ]
    },
    "tags" : [ ]
  },
  "source" : "a2b76b6f6dbd0b51.json",
  "parameterValues" : [ ]
}