{
  "uid" : "715592450db1a4fa",
  "name" : "test_create_database",
  "fullName" : "tests_ui.test_ui.TestProfilePage#test_create_database",
  "historyId" : "4762f7b87391625d86f9ea8dbdd3b406",
  "time" : {
    "start" : 1738550046675,
    "stop" : 1738550052801,
    "duration" : 6126
  },
  "status" : "broken",
  "statusMessage" : "selenium.common.exceptions.TimeoutException: Message: Can't find element by locator ('xpath', '//button[@id=\"menu_button_status\"]')\nStacktrace:\n#0 0x55fe9397edca <unknown>\n#1 0x55fe934753f0 <unknown>\n#2 0x55fe934c510c <unknown>\n#3 0x55fe934c5331 <unknown>\n#4 0x55fe9350b154 <unknown>\n#5 0x55fe934e9abd <unknown>\n#6 0x55fe935084b3 <unknown>\n#7 0x55fe934e9833 <unknown>\n#8 0x55fe934b65a0 <unknown>\n#9 0x55fe934b7ece <unknown>\n#10 0x55fe93948bdb <unknown>\n#11 0x55fe9394cb67 <unknown>\n#12 0x55fe939343bc <unknown>\n#13 0x55fe9394d727 <unknown>\n#14 0x55fe9391874f <unknown>\n#15 0x55fe9396d938 <unknown>\n#16 0x55fe9396db00 <unknown>\n#17 0x55fe9397dc46 <unknown>\n#18 0x7fa62fa9ca94 <unknown>\n#19 0x7fa62fb29c3c <unknown>",
  "statusTrace" : "self = <tests_ui.test_ui.TestProfilePage object at 0x7fdb109501a0>\ndriver = <selenium.webdriver.chrome.webdriver.WebDriver (session=\"b7c8c9366c59cadfaf035af049d04b93\")>\nauthorization_user = None\n\n    @allure.title('test_create_database')\n    def test_create_database(self, driver, authorization_user):\n        page = ProfilePage(driver, authorization_user)\n>       page.compare_database_status()\n\ntests_ui/test_ui.py:83: \n_ _ _ _ _ _ _ _ _ _ _ _ _ _ _ _ _ _ _ _ _ _ _ _ _ _ _ _ _ _ _ _ _ _ _ _ _ _ _ _ \ntests_ui/profile_page.py:144: in compare_database_status\n    self.click_button_status()\ntests_ui/profile_page.py:18: in click_button_status\n    return self.element_is_present_and_clickable(self.locators.STATUS_BUTTON).click()\ntests_ui/base_page.py:28: in element_is_present_and_clickable\n    return (Wait(self.driver, self.timeout).until(\n_ _ _ _ _ _ _ _ _ _ _ _ _ _ _ _ _ _ _ _ _ _ _ _ _ _ _ _ _ _ _ _ _ _ _ _ _ _ _ _ \n\nself = <selenium.webdriver.support.wait.WebDriverWait (session=\"b7c8c9366c59cadfaf035af049d04b93\")>\nmethod = <function visibility_of_element_located.<locals>._predicate at 0x7fdb0f961120>\nmessage = 'Can\\'t find element by locator (\\'xpath\\', \\'//button[@id=\"menu_button_status\"]\\')'\n\n    def until(self, method: Callable[[D], Union[Literal[False], T]], message: str = \"\") -> T:\n        \"\"\"Calls the method provided with the driver as an argument until the \\\n        return value does not evaluate to ``False``.\n    \n        :param method: callable(WebDriver)\n        :param message: optional message for :exc:`TimeoutException`\n        :returns: the result of the last call to `method`\n        :raises: :exc:`selenium.common.exceptions.TimeoutException` if timeout occurs\n        \"\"\"\n        screen = None\n        stacktrace = None\n    \n        end_time = time.monotonic() + self._timeout\n        while True:\n            try:\n                value = method(self._driver)\n                if value:\n                    return value\n            except self._ignored_exceptions as exc:\n                screen = getattr(exc, \"screen\", None)\n                stacktrace = getattr(exc, \"stacktrace\", None)\n            time.sleep(self._poll)\n            if time.monotonic() > end_time:\n                break\n>       raise TimeoutException(message, screen, stacktrace)\nE       selenium.common.exceptions.TimeoutException: Message: Can't find element by locator ('xpath', '//button[@id=\"menu_button_status\"]')\nE       Stacktrace:\nE       #0 0x55fe9397edca <unknown>\nE       #1 0x55fe934753f0 <unknown>\nE       #2 0x55fe934c510c <unknown>\nE       #3 0x55fe934c5331 <unknown>\nE       #4 0x55fe9350b154 <unknown>\nE       #5 0x55fe934e9abd <unknown>\nE       #6 0x55fe935084b3 <unknown>\nE       #7 0x55fe934e9833 <unknown>\nE       #8 0x55fe934b65a0 <unknown>\nE       #9 0x55fe934b7ece <unknown>\nE       #10 0x55fe93948bdb <unknown>\nE       #11 0x55fe9394cb67 <unknown>\nE       #12 0x55fe939343bc <unknown>\nE       #13 0x55fe9394d727 <unknown>\nE       #14 0x55fe9391874f <unknown>\nE       #15 0x55fe9396d938 <unknown>\nE       #16 0x55fe9396db00 <unknown>\nE       #17 0x55fe9397dc46 <unknown>\nE       #18 0x7fa62fa9ca94 <unknown>\nE       #19 0x7fa62fb29c3c <unknown>\n\n/opt/hostedtoolcache/Python/3.12.8/x64/lib/python3.12/site-packages/selenium/webdriver/support/wait.py:105: TimeoutException",
  "flaky" : false,
  "newFailed" : false,
  "beforeStages" : [ {
    "name" : "driver",
    "time" : {
      "start" : 1738550045932,
      "stop" : 1738550046185,
      "duration" : 253
    },
    "status" : "passed",
    "steps" : [ ],
    "attachments" : [ ],
    "parameters" : [ ],
    "stepsCount" : 0,
    "attachmentsCount" : 0,
    "shouldDisplayMessage" : false,
    "hasContent" : false
  }, {
    "name" : "authorization_user",
    "time" : {
      "start" : 1738550046185,
      "stop" : 1738550046674,
      "duration" : 489
    },
    "status" : "passed",
    "steps" : [ {
      "name" : "Open page: https://oblache.areso.pro/register.html",
      "time" : {
        "start" : 1738550046185,
        "stop" : 1738550046483,
        "duration" : 298
      },
      "status" : "passed",
      "steps" : [ ],
      "attachments" : [ ],
      "parameters" : [ ],
      "stepsCount" : 0,
      "attachmentsCount" : 0,
      "shouldDisplayMessage" : false,
      "hasContent" : false
    }, {
      "name" : "Login user",
      "time" : {
        "start" : 1738550046483,
        "stop" : 1738550046674,
        "duration" : 191
      },
      "status" : "passed",
      "steps" : [ {
        "name" : "Enter email.",
        "time" : {
          "start" : 1738550046483,
          "stop" : 1738550046545,
          "duration" : 62
        },
        "status" : "passed",
        "steps" : [ ],
        "attachments" : [ ],
        "parameters" : [ ],
        "stepsCount" : 0,
        "attachmentsCount" : 0,
        "shouldDisplayMessage" : false,
        "hasContent" : false
      }, {
        "name" : "Enter password.",
        "time" : {
          "start" : 1738550046545,
          "stop" : 1738550046586,
          "duration" : 41
        },
        "status" : "passed",
        "steps" : [ ],
        "attachments" : [ ],
        "parameters" : [ ],
        "stepsCount" : 0,
        "attachmentsCount" : 0,
        "shouldDisplayMessage" : false,
        "hasContent" : false
      }, {
        "name" : "Click button \"Login\"",
        "time" : {
          "start" : 1738550046586,
          "stop" : 1738550046672,
          "duration" : 86
        },
        "status" : "passed",
        "steps" : [ ],
        "attachments" : [ ],
        "parameters" : [ ],
        "stepsCount" : 0,
        "attachmentsCount" : 0,
        "shouldDisplayMessage" : false,
        "hasContent" : false
      }, {
        "name" : "Check url is present: https://oblache.areso.pro/register.html",
        "time" : {
          "start" : 1738550046672,
          "stop" : 1738550046674,
          "duration" : 2
        },
        "status" : "passed",
        "steps" : [ ],
        "attachments" : [ ],
        "parameters" : [ ],
        "stepsCount" : 0,
        "attachmentsCount" : 0,
        "shouldDisplayMessage" : false,
        "hasContent" : false
      } ],
      "attachments" : [ ],
      "parameters" : [ ],
      "stepsCount" : 4,
      "attachmentsCount" : 0,
      "shouldDisplayMessage" : false,
      "hasContent" : true
    } ],
    "attachments" : [ ],
    "parameters" : [ ],
    "stepsCount" : 6,
    "attachmentsCount" : 0,
    "shouldDisplayMessage" : false,
    "hasContent" : true
  } ],
  "testStage" : {
    "status" : "broken",
    "statusMessage" : "selenium.common.exceptions.TimeoutException: Message: Can't find element by locator ('xpath', '//button[@id=\"menu_button_status\"]')\nStacktrace:\n#0 0x55fe9397edca <unknown>\n#1 0x55fe934753f0 <unknown>\n#2 0x55fe934c510c <unknown>\n#3 0x55fe934c5331 <unknown>\n#4 0x55fe9350b154 <unknown>\n#5 0x55fe934e9abd <unknown>\n#6 0x55fe935084b3 <unknown>\n#7 0x55fe934e9833 <unknown>\n#8 0x55fe934b65a0 <unknown>\n#9 0x55fe934b7ece <unknown>\n#10 0x55fe93948bdb <unknown>\n#11 0x55fe9394cb67 <unknown>\n#12 0x55fe939343bc <unknown>\n#13 0x55fe9394d727 <unknown>\n#14 0x55fe9391874f <unknown>\n#15 0x55fe9396d938 <unknown>\n#16 0x55fe9396db00 <unknown>\n#17 0x55fe9397dc46 <unknown>\n#18 0x7fa62fa9ca94 <unknown>\n#19 0x7fa62fb29c3c <unknown>",
    "statusTrace" : "self = <tests_ui.test_ui.TestProfilePage object at 0x7fdb109501a0>\ndriver = <selenium.webdriver.chrome.webdriver.WebDriver (session=\"b7c8c9366c59cadfaf035af049d04b93\")>\nauthorization_user = None\n\n    @allure.title('test_create_database')\n    def test_create_database(self, driver, authorization_user):\n        page = ProfilePage(driver, authorization_user)\n>       page.compare_database_status()\n\ntests_ui/test_ui.py:83: \n_ _ _ _ _ _ _ _ _ _ _ _ _ _ _ _ _ _ _ _ _ _ _ _ _ _ _ _ _ _ _ _ _ _ _ _ _ _ _ _ \ntests_ui/profile_page.py:144: in compare_database_status\n    self.click_button_status()\ntests_ui/profile_page.py:18: in click_button_status\n    return self.element_is_present_and_clickable(self.locators.STATUS_BUTTON).click()\ntests_ui/base_page.py:28: in element_is_present_and_clickable\n    return (Wait(self.driver, self.timeout).until(\n_ _ _ _ _ _ _ _ _ _ _ _ _ _ _ _ _ _ _ _ _ _ _ _ _ _ _ _ _ _ _ _ _ _ _ _ _ _ _ _ \n\nself = <selenium.webdriver.support.wait.WebDriverWait (session=\"b7c8c9366c59cadfaf035af049d04b93\")>\nmethod = <function visibility_of_element_located.<locals>._predicate at 0x7fdb0f961120>\nmessage = 'Can\\'t find element by locator (\\'xpath\\', \\'//button[@id=\"menu_button_status\"]\\')'\n\n    def until(self, method: Callable[[D], Union[Literal[False], T]], message: str = \"\") -> T:\n        \"\"\"Calls the method provided with the driver as an argument until the \\\n        return value does not evaluate to ``False``.\n    \n        :param method: callable(WebDriver)\n        :param message: optional message for :exc:`TimeoutException`\n        :returns: the result of the last call to `method`\n        :raises: :exc:`selenium.common.exceptions.TimeoutException` if timeout occurs\n        \"\"\"\n        screen = None\n        stacktrace = None\n    \n        end_time = time.monotonic() + self._timeout\n        while True:\n            try:\n                value = method(self._driver)\n                if value:\n                    return value\n            except self._ignored_exceptions as exc:\n                screen = getattr(exc, \"screen\", None)\n                stacktrace = getattr(exc, \"stacktrace\", None)\n            time.sleep(self._poll)\n            if time.monotonic() > end_time:\n                break\n>       raise TimeoutException(message, screen, stacktrace)\nE       selenium.common.exceptions.TimeoutException: Message: Can't find element by locator ('xpath', '//button[@id=\"menu_button_status\"]')\nE       Stacktrace:\nE       #0 0x55fe9397edca <unknown>\nE       #1 0x55fe934753f0 <unknown>\nE       #2 0x55fe934c510c <unknown>\nE       #3 0x55fe934c5331 <unknown>\nE       #4 0x55fe9350b154 <unknown>\nE       #5 0x55fe934e9abd <unknown>\nE       #6 0x55fe935084b3 <unknown>\nE       #7 0x55fe934e9833 <unknown>\nE       #8 0x55fe934b65a0 <unknown>\nE       #9 0x55fe934b7ece <unknown>\nE       #10 0x55fe93948bdb <unknown>\nE       #11 0x55fe9394cb67 <unknown>\nE       #12 0x55fe939343bc <unknown>\nE       #13 0x55fe9394d727 <unknown>\nE       #14 0x55fe9391874f <unknown>\nE       #15 0x55fe9396d938 <unknown>\nE       #16 0x55fe9396db00 <unknown>\nE       #17 0x55fe9397dc46 <unknown>\nE       #18 0x7fa62fa9ca94 <unknown>\nE       #19 0x7fa62fb29c3c <unknown>\n\n/opt/hostedtoolcache/Python/3.12.8/x64/lib/python3.12/site-packages/selenium/webdriver/support/wait.py:105: TimeoutException",
    "steps" : [ {
      "name" : "Click button Status.",
      "time" : {
        "start" : 1738550047675,
        "stop" : 1738550052801,
        "duration" : 5126
      },
      "status" : "broken",
      "statusMessage" : "selenium.common.exceptions.TimeoutException: Message: Can't find element by locator ('xpath', '//button[@id=\"menu_button_status\"]')\nStacktrace:\n#0 0x55fe9397edca <unknown>\n#1 0x55fe934753f0 <unknown>\n#2 0x55fe934c510c <unknown>\n#3 0x55fe934c5331 <unknown>\n#4 0x55fe9350b154 <unknown>\n#5 0x55fe934e9abd <unknown>\n#6 0x55fe935084b3 <unknown>\n#7 0x55fe934e9833 <unknown>\n#8 0x55fe934b65a0 <unknown>\n#9 0x55fe934b7ece <unknown>\n#10 0x55fe93948bdb <unknown>\n#11 0x55fe9394cb67 <unknown>\n#12 0x55fe939343bc <unknown>\n#13 0x55fe9394d727 <unknown>\n#14 0x55fe9391874f <unknown>\n#15 0x55fe9396d938 <unknown>\n#16 0x55fe9396db00 <unknown>\n#17 0x55fe9397dc46 <unknown>\n#18 0x7fa62fa9ca94 <unknown>\n#19 0x7fa62fb29c3c <unknown>\n\n",
      "statusTrace" : "  File \"/home/runner/work/Oblache/Oblache/tests_ui/profile_page.py\", line 18, in click_button_status\n    return self.element_is_present_and_clickable(self.locators.STATUS_BUTTON).click()\n           ^^^^^^^^^^^^^^^^^^^^^^^^^^^^^^^^^^^^^^^^^^^^^^^^^^^^^^^^^^^^^^^^^^\n  File \"/home/runner/work/Oblache/Oblache/tests_ui/base_page.py\", line 28, in element_is_present_and_clickable\n    return (Wait(self.driver, self.timeout).until(\n            ^^^^^^^^^^^^^^^^^^^^^^^^^^^^^^^^^^^^^^\n  File \"/opt/hostedtoolcache/Python/3.12.8/x64/lib/python3.12/site-packages/selenium/webdriver/support/wait.py\", line 105, in until\n    raise TimeoutException(message, screen, stacktrace)\n",
      "steps" : [ ],
      "attachments" : [ ],
      "parameters" : [ ],
      "stepsCount" : 0,
      "attachmentsCount" : 0,
      "shouldDisplayMessage" : true,
      "hasContent" : true
    } ],
    "attachments" : [ {
      "uid" : "4a9724e99db08d46",
      "name" : "Screenshot 2025-02-03 02:34:12.897977",
      "source" : "4a9724e99db08d46.png",
      "type" : "image/png",
      "size" : 15571
    } ],
    "parameters" : [ ],
    "stepsCount" : 1,
    "attachmentsCount" : 1,
    "shouldDisplayMessage" : true,
    "hasContent" : true
  },
  "afterStages" : [ {
    "name" : "driver::0",
    "time" : {
      "start" : 1738550052899,
      "stop" : 1738550052963,
      "duration" : 64
    },
    "status" : "passed",
    "steps" : [ ],
    "attachments" : [ ],
    "parameters" : [ ],
    "stepsCount" : 0,
    "attachmentsCount" : 0,
    "shouldDisplayMessage" : false,
    "hasContent" : false
  } ],
  "labels" : [ {
    "name" : "suite",
    "value" : "Test Profile Page."
  }, {
    "name" : "parentSuite",
    "value" : "tests_ui"
  }, {
    "name" : "subSuite",
    "value" : "TestProfilePage"
  }, {
    "name" : "host",
    "value" : "fv-az1934-851"
  }, {
    "name" : "thread",
    "value" : "2458-MainThread"
  }, {
    "name" : "framework",
    "value" : "pytest"
  }, {
    "name" : "language",
    "value" : "cpython3"
  }, {
    "name" : "package",
    "value" : "tests_ui.test_ui"
  }, {
    "name" : "resultFormat",
    "value" : "allure2"
  } ],
  "parameters" : [ ],
  "links" : [ ],
  "hidden" : false,
  "retry" : false,
  "extra" : {
    "severity" : "normal",
    "retries" : [ ],
    "categories" : [ {
      "name" : "Test defects",
      "matchedStatuses" : [ ],
      "flaky" : false
    } ],
    "history" : {
      "statistic" : {
        "failed" : 0,
        "broken" : 165,
        "skipped" : 0,
        "passed" : 8,
        "unknown" : 0,
        "total" : 173
      },
      "items" : [ {
        "uid" : "3e88df7540e4abd",
        "reportUrl" : "https://Areso.github.io/Oblache/297//#testresult/3e88df7540e4abd",
        "status" : "broken",
        "statusDetails" : "selenium.common.exceptions.TimeoutException: Message: Can't find element by locator ('xpath', '//button[@id=\"menu_button_status\"]')\nStacktrace:\n#0 0x5632b3a47dca <unknown>\n#1 0x5632b353e3f0 <unknown>\n#2 0x5632b358e10c <unknown>\n#3 0x5632b358e331 <unknown>\n#4 0x5632b35d4154 <unknown>\n#5 0x5632b35b2abd <unknown>\n#6 0x5632b35d14b3 <unknown>\n#7 0x5632b35b2833 <unknown>\n#8 0x5632b357f5a0 <unknown>\n#9 0x5632b3580ece <unknown>\n#10 0x5632b3a11bdb <unknown>\n#11 0x5632b3a15b67 <unknown>\n#12 0x5632b39fd3bc <unknown>\n#13 0x5632b3a16727 <unknown>\n#14 0x5632b39e174f <unknown>\n#15 0x5632b3a36938 <unknown>\n#16 0x5632b3a36b00 <unknown>\n#17 0x5632b3a46c46 <unknown>\n#18 0x7f620e69ca94 <unknown>\n#19 0x7f620e729c3c <unknown>",
        "time" : {
          "start" : 1738464249529,
          "stop" : 1738464255651,
          "duration" : 6122
        }
      }, {
        "uid" : "ddaecc364587216",
        "reportUrl" : "https://Areso.github.io/Oblache/296//#testresult/ddaecc364587216",
        "status" : "broken",
        "statusDetails" : "selenium.common.exceptions.TimeoutException: Message: Can't find element by locator ('xpath', '//div[@id=\"msg_from_server\"]')",
        "time" : {
          "start" : 1738373929824,
          "stop" : 1738373938156,
          "duration" : 8332
        }
      }, {
        "uid" : "4a3b3f83cec36407",
        "reportUrl" : "https://Areso.github.io/Oblache/295//#testresult/4a3b3f83cec36407",
        "status" : "broken",
        "statusDetails" : "selenium.common.exceptions.TimeoutException: Message: Can't find element by locator ('xpath', '//div[@id=\"msg_from_server\"]')",
        "time" : {
          "start" : 1738286825895,
          "stop" : 1738286833772,
          "duration" : 7877
        }
      }, {
        "uid" : "cc12578e20625a2f",
        "reportUrl" : "https://Areso.github.io/Oblache/294//#testresult/cc12578e20625a2f",
        "status" : "broken",
        "statusDetails" : "selenium.common.exceptions.TimeoutException: Message: Can't find element by locator ('xpath', '//div[@id=\"msg_from_server\"]')",
        "time" : {
          "start" : 1738200310841,
          "stop" : 1738200318769,
          "duration" : 7928
        }
      }, {
        "uid" : "eead2dc438b965b4",
        "reportUrl" : "https://Areso.github.io/Oblache/293//#testresult/eead2dc438b965b4",
        "status" : "broken",
        "statusDetails" : "selenium.common.exceptions.TimeoutException: Message: Can't find element by locator ('xpath', '//div[@id=\"msg_from_server\"]')",
        "time" : {
          "start" : 1738113975829,
          "stop" : 1738113984509,
          "duration" : 8680
        }
      }, {
        "uid" : "f466ef0d7621e84e",
        "reportUrl" : "https://Areso.github.io/Oblache/292//#testresult/f466ef0d7621e84e",
        "status" : "broken",
        "statusDetails" : "selenium.common.exceptions.TimeoutException: Message: Can't find element by locator ('xpath', '//div[@id=\"msg_from_server\"]')",
        "time" : {
          "start" : 1738027568140,
          "stop" : 1738027576073,
          "duration" : 7933
        }
      }, {
        "uid" : "a92f78c6d06aca0b",
        "reportUrl" : "https://Areso.github.io/Oblache/291//#testresult/a92f78c6d06aca0b",
        "status" : "broken",
        "statusDetails" : "selenium.common.exceptions.TimeoutException: Message: Can't find element by locator ('xpath', '//div[@id=\"msg_from_server\"]')",
        "time" : {
          "start" : 1737941299247,
          "stop" : 1737941307193,
          "duration" : 7946
        }
      }, {
        "uid" : "f87d2f35c1289e6f",
        "reportUrl" : "https://Areso.github.io/Oblache/290//#testresult/f87d2f35c1289e6f",
        "status" : "broken",
        "statusDetails" : "selenium.common.exceptions.TimeoutException: Message: Can't find element by locator ('xpath', '//div[@id=\"msg_from_server\"]')",
        "time" : {
          "start" : 1737854954776,
          "stop" : 1737854962783,
          "duration" : 8007
        }
      }, {
        "uid" : "387b7833bb9f483d",
        "reportUrl" : "https://Areso.github.io/Oblache/289//#testresult/387b7833bb9f483d",
        "status" : "broken",
        "statusDetails" : "selenium.common.exceptions.TimeoutException: Message: Can't find element by locator ('xpath', '//div[@id=\"msg_from_server\"]')",
        "time" : {
          "start" : 1737768191734,
          "stop" : 1737768199682,
          "duration" : 7948
        }
      }, {
        "uid" : "5bc5af9bab554358",
        "reportUrl" : "https://Areso.github.io/Oblache/288//#testresult/5bc5af9bab554358",
        "status" : "broken",
        "statusDetails" : "selenium.common.exceptions.TimeoutException: Message: Can't find element by locator ('xpath', '//div[@id=\"msg_from_server\"]')",
        "time" : {
          "start" : 1737682046739,
          "stop" : 1737682055571,
          "duration" : 8832
        }
      }, {
        "uid" : "3a6877edd8ef165f",
        "reportUrl" : "https://Areso.github.io/Oblache/287//#testresult/3a6877edd8ef165f",
        "status" : "broken",
        "statusDetails" : "selenium.common.exceptions.TimeoutException: Message: Can't find element by locator ('xpath', '//div[@id=\"msg_from_server\"]')",
        "time" : {
          "start" : 1737595565293,
          "stop" : 1737595573290,
          "duration" : 7997
        }
      }, {
        "uid" : "c3aadecd70f02ea4",
        "reportUrl" : "https://Areso.github.io/Oblache/286//#testresult/c3aadecd70f02ea4",
        "status" : "broken",
        "statusDetails" : "selenium.common.exceptions.TimeoutException: Message: Can't find element by locator ('xpath', '//div[@id=\"msg_from_server\"]')",
        "time" : {
          "start" : 1737509306009,
          "stop" : 1737509314886,
          "duration" : 8877
        }
      }, {
        "uid" : "7529b8098ddac019",
        "reportUrl" : "https://Areso.github.io/Oblache/285//#testresult/7529b8098ddac019",
        "status" : "broken",
        "statusDetails" : "selenium.common.exceptions.TimeoutException: Message: Can't find element by locator ('xpath', '//div[@id=\"msg_from_server\"]')",
        "time" : {
          "start" : 1737422774566,
          "stop" : 1737422782513,
          "duration" : 7947
        }
      }, {
        "uid" : "66424963ebfdae8e",
        "reportUrl" : "https://Areso.github.io/Oblache/284//#testresult/66424963ebfdae8e",
        "status" : "broken",
        "statusDetails" : "selenium.common.exceptions.TimeoutException: Message: Can't find element by locator ('xpath', '//div[@id=\"msg_from_server\"]')",
        "time" : {
          "start" : 1737336488425,
          "stop" : 1737336496375,
          "duration" : 7950
        }
      }, {
        "uid" : "32a4ad9c90987e84",
        "reportUrl" : "https://Areso.github.io/Oblache/283//#testresult/32a4ad9c90987e84",
        "status" : "broken",
        "statusDetails" : "selenium.common.exceptions.TimeoutException: Message: Can't find element by locator ('xpath', '//div[@id=\"msg_from_server\"]')",
        "time" : {
          "start" : 1737250757494,
          "stop" : 1737250765552,
          "duration" : 8058
        }
      }, {
        "uid" : "a5b6bab4d9af003b",
        "reportUrl" : "https://Areso.github.io/Oblache/282//#testresult/a5b6bab4d9af003b",
        "status" : "broken",
        "statusDetails" : "selenium.common.exceptions.TimeoutException: Message: Can't find element by locator ('xpath', '//div[@id=\"msg_from_server\"]')",
        "time" : {
          "start" : 1737163457248,
          "stop" : 1737163465192,
          "duration" : 7944
        }
      }, {
        "uid" : "d5b6723252cded6a",
        "reportUrl" : "https://Areso.github.io/Oblache/281//#testresult/d5b6723252cded6a",
        "status" : "broken",
        "statusDetails" : "selenium.common.exceptions.TimeoutException: Message: Can't find element by locator ('xpath', '//div[@id=\"msg_from_server\"]')",
        "time" : {
          "start" : 1737077166566,
          "stop" : 1737077174495,
          "duration" : 7929
        }
      }, {
        "uid" : "852389d7b7b0a5e7",
        "reportUrl" : "https://Areso.github.io/Oblache/280//#testresult/852389d7b7b0a5e7",
        "status" : "broken",
        "statusDetails" : "selenium.common.exceptions.TimeoutException: Message: Can't find element by locator ('xpath', '//div[@id=\"msg_from_server\"]')",
        "time" : {
          "start" : 1736990810281,
          "stop" : 1736990818851,
          "duration" : 8570
        }
      }, {
        "uid" : "920ddece224ef06f",
        "reportUrl" : "https://Areso.github.io/Oblache/279//#testresult/920ddece224ef06f",
        "status" : "broken",
        "statusDetails" : "selenium.common.exceptions.TimeoutException: Message: Can't find element by locator ('xpath', '//div[@id=\"msg_from_server\"]')",
        "time" : {
          "start" : 1736904426966,
          "stop" : 1736904434888,
          "duration" : 7922
        }
      }, {
        "uid" : "daa782438084aad9",
        "reportUrl" : "https://Areso.github.io/Oblache/278//#testresult/daa782438084aad9",
        "status" : "broken",
        "statusDetails" : "selenium.common.exceptions.TimeoutException: Message: Can't find element by locator ('xpath', '//div[@id=\"msg_from_server\"]')",
        "time" : {
          "start" : 1736817916361,
          "stop" : 1736817924318,
          "duration" : 7957
        }
      } ]
    },
    "tags" : [ ]
  },
  "source" : "715592450db1a4fa.json",
  "parameterValues" : [ ]
}