{
  "uid" : "1ec48088852d253f",
  "name" : "test_create_database",
  "fullName" : "tests_ui.test_ui.TestProfilePage#test_create_database",
  "historyId" : "4762f7b87391625d86f9ea8dbdd3b406",
  "time" : {
    "start" : 1717376436597,
    "stop" : 1717376444879,
    "duration" : 8282
  },
  "status" : "broken",
  "statusMessage" : "selenium.common.exceptions.TimeoutException: Message: Can't find element by locator ('xpath', '//div[@id=\"msg_from_server\"]')",
  "statusTrace" : "self = <tests_ui.test_ui.TestUI.TestProfilePage object at 0x7ff508c54800>\ndriver = <selenium.webdriver.chrome.webdriver.WebDriver (session=\"667d3491103d2ef0d6e6623d4d04ca1a\")>\nauthorization_user = <tests_ui.login_page.LoginPage object at 0x7ff50838a3c0>\n\n    @allure.title('test_create_database')\n    def test_create_database(self, driver, authorization_user):\n        page = ProfilePage(driver)\n>       page.compare_database_status()\n\ntests_ui/test_ui.py:62: \n_ _ _ _ _ _ _ _ _ _ _ _ _ _ _ _ _ _ _ _ _ _ _ _ _ _ _ _ _ _ _ _ _ _ _ _ _ _ _ _ \ntests_ui/profile_page.py:144: in compare_database_status\n    msg = self.element_is_visible(self.locators.MSG_FROM_SERVER).text\ntests_ui/base_page.py:33: in element_is_visible\n    return Wait(self.driver, self.timeout).until(\n_ _ _ _ _ _ _ _ _ _ _ _ _ _ _ _ _ _ _ _ _ _ _ _ _ _ _ _ _ _ _ _ _ _ _ _ _ _ _ _ \n\nself = <selenium.webdriver.support.wait.WebDriverWait (session=\"667d3491103d2ef0d6e6623d4d04ca1a\")>\nmethod = <function visibility_of_element_located.<locals>._predicate at 0x7ff50836de40>\nmessage = 'Can\\'t find element by locator (\\'xpath\\', \\'//div[@id=\"msg_from_server\"]\\')'\n\n    def until(self, method: Callable[[D], Union[Literal[False], T]], message: str = \"\") -> T:\n        \"\"\"Calls the method provided with the driver as an argument until the \\\n        return value does not evaluate to ``False``.\n    \n        :param method: callable(WebDriver)\n        :param message: optional message for :exc:`TimeoutException`\n        :returns: the result of the last call to `method`\n        :raises: :exc:`selenium.common.exceptions.TimeoutException` if timeout occurs\n        \"\"\"\n        screen = None\n        stacktrace = None\n    \n        end_time = time.monotonic() + self._timeout\n        while True:\n            try:\n                value = method(self._driver)\n                if value:\n                    return value\n            except self._ignored_exceptions as exc:\n                screen = getattr(exc, \"screen\", None)\n                stacktrace = getattr(exc, \"stacktrace\", None)\n            time.sleep(self._poll)\n            if time.monotonic() > end_time:\n                break\n>       raise TimeoutException(message, screen, stacktrace)\nE       selenium.common.exceptions.TimeoutException: Message: Can't find element by locator ('xpath', '//div[@id=\"msg_from_server\"]')\n\n/opt/hostedtoolcache/Python/3.12.3/x64/lib/python3.12/site-packages/selenium/webdriver/support/wait.py:105: TimeoutException",
  "flaky" : false,
  "newFailed" : false,
  "beforeStages" : [ {
    "name" : "authorization_user",
    "time" : {
      "start" : 1717376434701,
      "stop" : 1717376436596,
      "duration" : 1895
    },
    "status" : "passed",
    "steps" : [ {
      "name" : "Open page: https://oblache.areso.pro/register.html",
      "time" : {
        "start" : 1717376434701,
        "stop" : 1717376435187,
        "duration" : 486
      },
      "status" : "passed",
      "steps" : [ ],
      "attachments" : [ ],
      "parameters" : [ ],
      "stepsCount" : 0,
      "attachmentsCount" : 0,
      "shouldDisplayMessage" : false,
      "hasContent" : false
    }, {
      "name" : "login_user",
      "time" : {
        "start" : 1717376435188,
        "stop" : 1717376436596,
        "duration" : 1408
      },
      "status" : "passed",
      "steps" : [ {
        "name" : "Enter email.",
        "time" : {
          "start" : 1717376435188,
          "stop" : 1717376435239,
          "duration" : 51
        },
        "status" : "passed",
        "steps" : [ ],
        "attachments" : [ ],
        "parameters" : [ ],
        "stepsCount" : 0,
        "attachmentsCount" : 0,
        "shouldDisplayMessage" : false,
        "hasContent" : false
      }, {
        "name" : "Enter password.",
        "time" : {
          "start" : 1717376435239,
          "stop" : 1717376435281,
          "duration" : 42
        },
        "status" : "passed",
        "steps" : [ ],
        "attachments" : [ ],
        "parameters" : [ ],
        "stepsCount" : 0,
        "attachmentsCount" : 0,
        "shouldDisplayMessage" : false,
        "hasContent" : false
      }, {
        "name" : "Click button \"Login\"",
        "time" : {
          "start" : 1717376435281,
          "stop" : 1717376435343,
          "duration" : 62
        },
        "status" : "passed",
        "steps" : [ {
          "name" : "element_is_present_and_clickable",
          "time" : {
            "start" : 1717376435281,
            "stop" : 1717376435316,
            "duration" : 35
          },
          "status" : "passed",
          "steps" : [ ],
          "attachments" : [ ],
          "parameters" : [ {
            "name" : "locator",
            "value" : "('xpath', '//input[@id=\"inp_regform_login_submit\"]')"
          } ],
          "stepsCount" : 0,
          "attachmentsCount" : 0,
          "shouldDisplayMessage" : false,
          "hasContent" : true
        } ],
        "attachments" : [ ],
        "parameters" : [ ],
        "stepsCount" : 1,
        "attachmentsCount" : 0,
        "shouldDisplayMessage" : false,
        "hasContent" : true
      }, {
        "name" : "Check url is present: https://oblache.areso.pro/profile.html",
        "time" : {
          "start" : 1717376435343,
          "stop" : 1717376436596,
          "duration" : 1253
        },
        "status" : "passed",
        "steps" : [ ],
        "attachments" : [ ],
        "parameters" : [ ],
        "stepsCount" : 0,
        "attachmentsCount" : 0,
        "shouldDisplayMessage" : false,
        "hasContent" : false
      } ],
      "attachments" : [ ],
      "parameters" : [ ],
      "stepsCount" : 5,
      "attachmentsCount" : 0,
      "shouldDisplayMessage" : false,
      "hasContent" : true
    } ],
    "attachments" : [ ],
    "parameters" : [ ],
    "stepsCount" : 7,
    "attachmentsCount" : 0,
    "shouldDisplayMessage" : false,
    "hasContent" : true
  }, {
    "name" : "driver",
    "time" : {
      "start" : 1717376434505,
      "stop" : 1717376434701,
      "duration" : 196
    },
    "status" : "passed",
    "steps" : [ ],
    "attachments" : [ ],
    "parameters" : [ ],
    "stepsCount" : 0,
    "attachmentsCount" : 0,
    "shouldDisplayMessage" : false,
    "hasContent" : false
  } ],
  "testStage" : {
    "status" : "broken",
    "statusMessage" : "selenium.common.exceptions.TimeoutException: Message: Can't find element by locator ('xpath', '//div[@id=\"msg_from_server\"]')",
    "statusTrace" : "self = <tests_ui.test_ui.TestUI.TestProfilePage object at 0x7ff508c54800>\ndriver = <selenium.webdriver.chrome.webdriver.WebDriver (session=\"667d3491103d2ef0d6e6623d4d04ca1a\")>\nauthorization_user = <tests_ui.login_page.LoginPage object at 0x7ff50838a3c0>\n\n    @allure.title('test_create_database')\n    def test_create_database(self, driver, authorization_user):\n        page = ProfilePage(driver)\n>       page.compare_database_status()\n\ntests_ui/test_ui.py:62: \n_ _ _ _ _ _ _ _ _ _ _ _ _ _ _ _ _ _ _ _ _ _ _ _ _ _ _ _ _ _ _ _ _ _ _ _ _ _ _ _ \ntests_ui/profile_page.py:144: in compare_database_status\n    msg = self.element_is_visible(self.locators.MSG_FROM_SERVER).text\ntests_ui/base_page.py:33: in element_is_visible\n    return Wait(self.driver, self.timeout).until(\n_ _ _ _ _ _ _ _ _ _ _ _ _ _ _ _ _ _ _ _ _ _ _ _ _ _ _ _ _ _ _ _ _ _ _ _ _ _ _ _ \n\nself = <selenium.webdriver.support.wait.WebDriverWait (session=\"667d3491103d2ef0d6e6623d4d04ca1a\")>\nmethod = <function visibility_of_element_located.<locals>._predicate at 0x7ff50836de40>\nmessage = 'Can\\'t find element by locator (\\'xpath\\', \\'//div[@id=\"msg_from_server\"]\\')'\n\n    def until(self, method: Callable[[D], Union[Literal[False], T]], message: str = \"\") -> T:\n        \"\"\"Calls the method provided with the driver as an argument until the \\\n        return value does not evaluate to ``False``.\n    \n        :param method: callable(WebDriver)\n        :param message: optional message for :exc:`TimeoutException`\n        :returns: the result of the last call to `method`\n        :raises: :exc:`selenium.common.exceptions.TimeoutException` if timeout occurs\n        \"\"\"\n        screen = None\n        stacktrace = None\n    \n        end_time = time.monotonic() + self._timeout\n        while True:\n            try:\n                value = method(self._driver)\n                if value:\n                    return value\n            except self._ignored_exceptions as exc:\n                screen = getattr(exc, \"screen\", None)\n                stacktrace = getattr(exc, \"stacktrace\", None)\n            time.sleep(self._poll)\n            if time.monotonic() > end_time:\n                break\n>       raise TimeoutException(message, screen, stacktrace)\nE       selenium.common.exceptions.TimeoutException: Message: Can't find element by locator ('xpath', '//div[@id=\"msg_from_server\"]')\n\n/opt/hostedtoolcache/Python/3.12.3/x64/lib/python3.12/site-packages/selenium/webdriver/support/wait.py:105: TimeoutException",
    "steps" : [ {
      "name" : "compare_database_status",
      "time" : {
        "start" : 1717376436597,
        "stop" : 1717376444878,
        "duration" : 8281
      },
      "status" : "broken",
      "statusMessage" : "selenium.common.exceptions.TimeoutException: Message: Can't find element by locator ('xpath', '//div[@id=\"msg_from_server\"]')\n\n",
      "statusTrace" : "  File \"/opt/hostedtoolcache/Python/3.12.3/x64/lib/python3.12/site-packages/allure_commons/_allure.py\", line 192, in impl\n    return func(*a, **kw)\n           ^^^^^^^^^^^^^^\n  File \"/home/runner/work/Oblache/Oblache/tests_ui/profile_page.py\", line 144, in compare_database_status\n    msg = self.element_is_visible(self.locators.MSG_FROM_SERVER).text\n          ^^^^^^^^^^^^^^^^^^^^^^^^^^^^^^^^^^^^^^^^^^^^^^^^^^^^^^\n  File \"/home/runner/work/Oblache/Oblache/tests_ui/base_page.py\", line 33, in element_is_visible\n    return Wait(self.driver, self.timeout).until(\n           ^^^^^^^^^^^^^^^^^^^^^^^^^^^^^^^^^^^^^^\n  File \"/opt/hostedtoolcache/Python/3.12.3/x64/lib/python3.12/site-packages/selenium/webdriver/support/wait.py\", line 105, in until\n    raise TimeoutException(message, screen, stacktrace)\n",
      "steps" : [ {
        "name" : "Click button Status.",
        "time" : {
          "start" : 1717376436597,
          "stop" : 1717376437651,
          "duration" : 1054
        },
        "status" : "passed",
        "steps" : [ {
          "name" : "element_is_present_and_clickable",
          "time" : {
            "start" : 1717376437597,
            "stop" : 1717376437629,
            "duration" : 32
          },
          "status" : "passed",
          "steps" : [ ],
          "attachments" : [ ],
          "parameters" : [ {
            "name" : "locator",
            "value" : "('xpath', '//button[@id=\"menu_button_status\"]')"
          } ],
          "stepsCount" : 0,
          "attachmentsCount" : 0,
          "shouldDisplayMessage" : false,
          "hasContent" : true
        } ],
        "attachments" : [ ],
        "parameters" : [ ],
        "stepsCount" : 1,
        "attachmentsCount" : 0,
        "shouldDisplayMessage" : false,
        "hasContent" : true
      }, {
        "name" : "get_status_data",
        "time" : {
          "start" : 1717376437652,
          "stop" : 1717376437906,
          "duration" : 254
        },
        "status" : "passed",
        "steps" : [ {
          "name" : "Get status data.",
          "time" : {
            "start" : 1717376437906,
            "stop" : 1717376437906,
            "duration" : 0
          },
          "status" : "passed",
          "steps" : [ {
            "name" : "Status data is: {'Email:': 'test4@mail.com', 'is blocked?': '0', 'is db creation allowed?': '0', 'disk db quota, mb': '4', 'disk db used, mb': '0', 'db qty quota': '100', 'db qty used': '100'}",
            "time" : {
              "start" : 1717376437906,
              "stop" : 1717376437906,
              "duration" : 0
            },
            "status" : "passed",
            "steps" : [ ],
            "attachments" : [ ],
            "parameters" : [ ],
            "stepsCount" : 0,
            "attachmentsCount" : 0,
            "shouldDisplayMessage" : false,
            "hasContent" : false
          } ],
          "attachments" : [ ],
          "parameters" : [ ],
          "stepsCount" : 1,
          "attachmentsCount" : 0,
          "shouldDisplayMessage" : false,
          "hasContent" : true
        } ],
        "attachments" : [ ],
        "parameters" : [ ],
        "stepsCount" : 2,
        "attachmentsCount" : 0,
        "shouldDisplayMessage" : false,
        "hasContent" : true
      }, {
        "name" : "Click \"Databases\" button.",
        "time" : {
          "start" : 1717376437906,
          "stop" : 1717376437959,
          "duration" : 53
        },
        "status" : "passed",
        "steps" : [ {
          "name" : "element_is_present_and_clickable",
          "time" : {
            "start" : 1717376437907,
            "stop" : 1717376437937,
            "duration" : 30
          },
          "status" : "passed",
          "steps" : [ ],
          "attachments" : [ ],
          "parameters" : [ {
            "name" : "locator",
            "value" : "('xpath', '//button[@id = \"menu_button_databases\"]')"
          } ],
          "stepsCount" : 0,
          "attachmentsCount" : 0,
          "shouldDisplayMessage" : false,
          "hasContent" : true
        } ],
        "attachments" : [ ],
        "parameters" : [ ],
        "stepsCount" : 1,
        "attachmentsCount" : 0,
        "shouldDisplayMessage" : false,
        "hasContent" : true
      }, {
        "name" : "click_buttons_create_new_db",
        "time" : {
          "start" : 1717376437959,
          "stop" : 1717376438012,
          "duration" : 53
        },
        "status" : "passed",
        "steps" : [ {
          "name" : "Click \"Create new DB\" button.",
          "time" : {
            "start" : 1717376437959,
            "stop" : 1717376438012,
            "duration" : 53
          },
          "status" : "passed",
          "steps" : [ {
            "name" : "element_is_present_and_clickable",
            "time" : {
              "start" : 1717376437959,
              "stop" : 1717376437989,
              "duration" : 30
            },
            "status" : "passed",
            "steps" : [ ],
            "attachments" : [ ],
            "parameters" : [ {
              "name" : "locator",
              "value" : "('xpath', '//button[@id=\"btn_new_db\"]')"
            } ],
            "stepsCount" : 0,
            "attachmentsCount" : 0,
            "shouldDisplayMessage" : false,
            "hasContent" : true
          } ],
          "attachments" : [ ],
          "parameters" : [ ],
          "stepsCount" : 1,
          "attachmentsCount" : 0,
          "shouldDisplayMessage" : false,
          "hasContent" : true
        } ],
        "attachments" : [ ],
        "parameters" : [ ],
        "stepsCount" : 2,
        "attachmentsCount" : 0,
        "shouldDisplayMessage" : false,
        "hasContent" : true
      }, {
        "name" : "Select region \"CIS\".",
        "time" : {
          "start" : 1717376438013,
          "stop" : 1717376439697,
          "duration" : 1684
        },
        "status" : "passed",
        "steps" : [ {
          "name" : "element_is_present_and_clickable",
          "time" : {
            "start" : 1717376438013,
            "stop" : 1717376438043,
            "duration" : 30
          },
          "status" : "passed",
          "steps" : [ ],
          "attachments" : [ ],
          "parameters" : [ {
            "name" : "locator",
            "value" : "('xpath', '//select[@id=\"selectDBRegion\"]')"
          } ],
          "stepsCount" : 0,
          "attachmentsCount" : 0,
          "shouldDisplayMessage" : false,
          "hasContent" : true
        }, {
          "name" : "element_is_present_and_clickable",
          "time" : {
            "start" : 1717376438114,
            "stop" : 1717376439681,
            "duration" : 1567
          },
          "status" : "passed",
          "steps" : [ ],
          "attachments" : [ ],
          "parameters" : [ {
            "name" : "locator",
            "value" : "('xpath', '//select[@id=\"selectDBRegion\"] /option[@value=\"3\"]')"
          } ],
          "stepsCount" : 0,
          "attachmentsCount" : 0,
          "shouldDisplayMessage" : false,
          "hasContent" : true
        } ],
        "attachments" : [ ],
        "parameters" : [ ],
        "stepsCount" : 2,
        "attachmentsCount" : 0,
        "shouldDisplayMessage" : false,
        "hasContent" : true
      }, {
        "name" : "click_buttons_create",
        "time" : {
          "start" : 1717376439697,
          "stop" : 1717376439739,
          "duration" : 42
        },
        "status" : "passed",
        "steps" : [ {
          "name" : "Click \"Create\" button.",
          "time" : {
            "start" : 1717376439697,
            "stop" : 1717376439739,
            "duration" : 42
          },
          "status" : "passed",
          "steps" : [ ],
          "attachments" : [ ],
          "parameters" : [ ],
          "stepsCount" : 0,
          "attachmentsCount" : 0,
          "shouldDisplayMessage" : false,
          "hasContent" : false
        } ],
        "attachments" : [ ],
        "parameters" : [ ],
        "stepsCount" : 1,
        "attachmentsCount" : 0,
        "shouldDisplayMessage" : false,
        "hasContent" : true
      } ],
      "attachments" : [ ],
      "parameters" : [ ],
      "stepsCount" : 15,
      "attachmentsCount" : 0,
      "shouldDisplayMessage" : true,
      "hasContent" : true
    } ],
    "attachments" : [ ],
    "parameters" : [ ],
    "stepsCount" : 16,
    "attachmentsCount" : 0,
    "shouldDisplayMessage" : true,
    "hasContent" : true
  },
  "afterStages" : [ {
    "name" : "driver::0",
    "time" : {
      "start" : 1717376444912,
      "stop" : 1717376445069,
      "duration" : 157
    },
    "status" : "passed",
    "steps" : [ ],
    "attachments" : [ {
      "uid" : "4f2aa55086b4e726",
      "name" : "Screenshot 2024-06-03 01:00:45.009230",
      "source" : "4f2aa55086b4e726.png",
      "type" : "image/png",
      "size" : 29727
    } ],
    "parameters" : [ ],
    "stepsCount" : 0,
    "attachmentsCount" : 1,
    "shouldDisplayMessage" : false,
    "hasContent" : true
  } ],
  "labels" : [ {
    "name" : "epic",
    "value" : "UI Tests"
  }, {
    "name" : "suite",
    "value" : "Test Profile Page."
  }, {
    "name" : "parentSuite",
    "value" : "tests_ui"
  }, {
    "name" : "subSuite",
    "value" : "TestUI"
  }, {
    "name" : "host",
    "value" : "fv-az1535-772"
  }, {
    "name" : "thread",
    "value" : "2243-MainThread"
  }, {
    "name" : "framework",
    "value" : "pytest"
  }, {
    "name" : "language",
    "value" : "cpython3"
  }, {
    "name" : "package",
    "value" : "tests_ui.test_ui"
  }, {
    "name" : "resultFormat",
    "value" : "allure2"
  } ],
  "parameters" : [ ],
  "links" : [ ],
  "hidden" : false,
  "retry" : false,
  "extra" : {
    "severity" : "normal",
    "retries" : [ ],
    "categories" : [ {
      "name" : "Test defects",
      "matchedStatuses" : [ ],
      "flaky" : false
    } ],
    "history" : {
      "statistic" : {
        "failed" : 12,
        "broken" : 25,
        "skipped" : 0,
        "passed" : 15,
        "unknown" : 0,
        "total" : 52
      },
      "items" : [ {
        "uid" : "e811d35c5bf660fc",
        "reportUrl" : "https://Areso.github.io/Oblache/53//#testresult/e811d35c5bf660fc",
        "status" : "broken",
        "statusDetails" : "selenium.common.exceptions.TimeoutException: Message: Can't find element by locator ('xpath', '//div[@id=\"msg_from_server\"]')",
        "time" : {
          "start" : 1717290206814,
          "stop" : 1717290214959,
          "duration" : 8145
        }
      }, {
        "uid" : "31952330fe83cafd",
        "reportUrl" : "https://Areso.github.io/Oblache/52//#testresult/31952330fe83cafd",
        "status" : "broken",
        "statusDetails" : "selenium.common.exceptions.TimeoutException: Message: Can't find element by locator ('xpath', '//div[@id=\"msg_from_server\"]')",
        "time" : {
          "start" : 1717203760097,
          "stop" : 1717203768018,
          "duration" : 7921
        }
      }, {
        "uid" : "c71d6f0d18f2eb96",
        "reportUrl" : "https://Areso.github.io/Oblache/51//#testresult/c71d6f0d18f2eb96",
        "status" : "broken",
        "statusDetails" : "selenium.common.exceptions.TimeoutException: Message: Can't find element by locator ('xpath', '//div[@id=\"msg_from_server\"]')",
        "time" : {
          "start" : 1717117168873,
          "stop" : 1717117177140,
          "duration" : 8267
        }
      }, {
        "uid" : "64688e9f67fea797",
        "reportUrl" : "https://Areso.github.io/Oblache/50//#testresult/64688e9f67fea797",
        "status" : "broken",
        "statusDetails" : "selenium.common.exceptions.TimeoutException: Message: Can't find element by locator ('xpath', '//div[@id=\"msg_from_server\"]')",
        "time" : {
          "start" : 1717030777725,
          "stop" : 1717030786089,
          "duration" : 8364
        }
      }, {
        "uid" : "c1df52f1de0122bb",
        "reportUrl" : "https://Areso.github.io/Oblache/49//#testresult/c1df52f1de0122bb",
        "status" : "broken",
        "statusDetails" : "selenium.common.exceptions.TimeoutException: Message: Can't find element by locator ('xpath', '//div[@id=\"msg_from_server\"]')",
        "time" : {
          "start" : 1716944478718,
          "stop" : 1716944486401,
          "duration" : 7683
        }
      }, {
        "uid" : "73b99fd943603077",
        "reportUrl" : "https://Areso.github.io/Oblache/48//#testresult/73b99fd943603077",
        "status" : "broken",
        "statusDetails" : "selenium.common.exceptions.TimeoutException: Message: Can't find element by locator ('xpath', '//div[@id=\"msg_from_server\"]')",
        "time" : {
          "start" : 1716857914779,
          "stop" : 1716857922580,
          "duration" : 7801
        }
      }, {
        "uid" : "565f58e203931289",
        "reportUrl" : "https://Areso.github.io/Oblache/47//#testresult/565f58e203931289",
        "status" : "broken",
        "statusDetails" : "selenium.common.exceptions.TimeoutException: Message: Can't find element by locator ('xpath', '//div[@id=\"msg_from_server\"]')",
        "time" : {
          "start" : 1716771591261,
          "stop" : 1716771599598,
          "duration" : 8337
        }
      }, {
        "uid" : "af522b6e14858ec2",
        "reportUrl" : "https://Areso.github.io/Oblache/46//#testresult/af522b6e14858ec2",
        "status" : "broken",
        "statusDetails" : "selenium.common.exceptions.TimeoutException: Message: Can't find element by locator ('xpath', '//div[@id=\"msg_from_server\"]')",
        "time" : {
          "start" : 1716685350831,
          "stop" : 1716685358704,
          "duration" : 7873
        }
      }, {
        "uid" : "5432814dae8359a0",
        "reportUrl" : "https://Areso.github.io/Oblache/45//#testresult/5432814dae8359a0",
        "status" : "broken",
        "statusDetails" : "selenium.common.exceptions.TimeoutException: Message: Can't find element by locator ('xpath', '//div[@id=\"msg_from_server\"]')",
        "time" : {
          "start" : 1716598640118,
          "stop" : 1716598647833,
          "duration" : 7715
        }
      }, {
        "uid" : "93be5d6053f2645f",
        "reportUrl" : "https://Areso.github.io/Oblache/44//#testresult/93be5d6053f2645f",
        "status" : "broken",
        "statusDetails" : "selenium.common.exceptions.TimeoutException: Message: Can't find element by locator ('xpath', '//div[@id=\"msg_from_server\"]')",
        "time" : {
          "start" : 1716512319129,
          "stop" : 1716512327420,
          "duration" : 8291
        }
      }, {
        "uid" : "d12c215e498a528e",
        "reportUrl" : "https://Areso.github.io/Oblache/43//#testresult/d12c215e498a528e",
        "status" : "broken",
        "statusDetails" : "selenium.common.exceptions.TimeoutException: Message: Can't find element by locator ('xpath', '//div[@id=\"msg_from_server\"]')",
        "time" : {
          "start" : 1716425841492,
          "stop" : 1716425849166,
          "duration" : 7674
        }
      }, {
        "uid" : "6e5a7b324b7fed0",
        "reportUrl" : "https://Areso.github.io/Oblache/42//#testresult/6e5a7b324b7fed0",
        "status" : "broken",
        "statusDetails" : "selenium.common.exceptions.TimeoutException: Message: Can't find element by locator ('xpath', '//div[@id=\"msg_from_server\"]')",
        "time" : {
          "start" : 1716339515845,
          "stop" : 1716339523644,
          "duration" : 7799
        }
      }, {
        "uid" : "cbbfd17c38e4f36a",
        "reportUrl" : "https://Areso.github.io/Oblache/41//#testresult/cbbfd17c38e4f36a",
        "status" : "broken",
        "statusDetails" : "selenium.common.exceptions.TimeoutException: Message: Can't find element by locator ('xpath', '//div[@id=\"msg_from_server\"]')",
        "time" : {
          "start" : 1716253103185,
          "stop" : 1716253111047,
          "duration" : 7862
        }
      }, {
        "uid" : "27e42177adeabfe8",
        "reportUrl" : "https://Areso.github.io/Oblache/40//#testresult/27e42177adeabfe8",
        "status" : "broken",
        "statusDetails" : "selenium.common.exceptions.TimeoutException: Message: Can't find element by locator ('xpath', '//div[@id=\"msg_from_server\"]')",
        "time" : {
          "start" : 1716166700870,
          "stop" : 1716166708523,
          "duration" : 7653
        }
      }, {
        "uid" : "e966f5e5ea63a922",
        "reportUrl" : "https://Areso.github.io/Oblache/39//#testresult/e966f5e5ea63a922",
        "status" : "broken",
        "statusDetails" : "selenium.common.exceptions.TimeoutException: Message: Can't find element by locator ('xpath', '//div[@id=\"msg_from_server\"]')",
        "time" : {
          "start" : 1716080580780,
          "stop" : 1716080589209,
          "duration" : 8429
        }
      }, {
        "uid" : "d5d3611491787629",
        "reportUrl" : "https://Areso.github.io/Oblache/38//#testresult/d5d3611491787629",
        "status" : "broken",
        "statusDetails" : "selenium.common.exceptions.TimeoutException: Message: Can't find element by locator ('xpath', '//div[@id=\"msg_from_server\"]')",
        "time" : {
          "start" : 1715993846171,
          "stop" : 1715993853914,
          "duration" : 7743
        }
      }, {
        "uid" : "300c5f90fab34991",
        "reportUrl" : "https://Areso.github.io/Oblache/37//#testresult/300c5f90fab34991",
        "status" : "broken",
        "statusDetails" : "selenium.common.exceptions.TimeoutException: Message: Can't find element by locator ('xpath', '//div[@id=\"msg_from_server\"]')",
        "time" : {
          "start" : 1715907523396,
          "stop" : 1715907531246,
          "duration" : 7850
        }
      }, {
        "uid" : "74218a317514ab4",
        "reportUrl" : "https://Areso.github.io/Oblache/36//#testresult/74218a317514ab4",
        "status" : "broken",
        "statusDetails" : "selenium.common.exceptions.TimeoutException: Message: Can't find element by locator ('xpath', '//div[@id=\"msg_from_server\"]')",
        "time" : {
          "start" : 1715821110205,
          "stop" : 1715821118568,
          "duration" : 8363
        }
      }, {
        "uid" : "fb31cce1b1155963",
        "reportUrl" : "https://Areso.github.io/Oblache/35//#testresult/fb31cce1b1155963",
        "status" : "broken",
        "statusDetails" : "selenium.common.exceptions.TimeoutException: Message: Can't find element by locator ('xpath', '//div[@id=\"msg_from_server\"]')",
        "time" : {
          "start" : 1715734716255,
          "stop" : 1715734724514,
          "duration" : 8259
        }
      }, {
        "uid" : "d3db811709775a3c",
        "reportUrl" : "https://Areso.github.io/Oblache/34//#testresult/d3db811709775a3c",
        "status" : "broken",
        "statusDetails" : "selenium.common.exceptions.TimeoutException: Message: Can't find element by locator ('xpath', '//div[@id=\"msg_from_server\"]')",
        "time" : {
          "start" : 1715648306960,
          "stop" : 1715648315154,
          "duration" : 8194
        }
      } ]
    },
    "tags" : [ ]
  },
  "source" : "1ec48088852d253f.json",
  "parameterValues" : [ ]
}