{
  "uid" : "f1fb3928e4c53241",
  "name" : "test_create_database",
  "fullName" : "tests_ui.test_ui.TestProfilePage#test_create_database",
  "historyId" : "4762f7b87391625d86f9ea8dbdd3b406",
  "time" : {
    "start" : 1743558249009,
    "stop" : 1743558256961,
    "duration" : 7952
  },
  "status" : "broken",
  "statusMessage" : "selenium.common.exceptions.TimeoutException: Message: Can't find element by locator ('xpath', '//div[@id=\"msg_from_server\"]')",
  "statusTrace" : "self = <tests_ui.test_ui.TestProfilePage object at 0x7fb6b26ffb30>\ndriver = <selenium.webdriver.chrome.webdriver.WebDriver (session=\"257b3b03b79b03a5b123dddb504bac81\")>\nauthorization_user = None\n\n    @allure.title('test_create_database')\n    def test_create_database(self, driver, authorization_user):\n        page = ProfilePage(driver, authorization_user)\n>       page.compare_database_status()\n\ntests_ui/test_ui.py:83: \n_ _ _ _ _ _ _ _ _ _ _ _ _ _ _ _ _ _ _ _ _ _ _ _ _ _ _ _ _ _ _ _ _ _ _ _ _ _ _ _ \ntests_ui/profile_page.py:150: in compare_database_status\n    msg = self.element_is_visible(self.locators.MSG_FROM_SERVER).text\ntests_ui/base_page.py:34: in element_is_visible\n    return Wait(self.driver, self.timeout).until(\n_ _ _ _ _ _ _ _ _ _ _ _ _ _ _ _ _ _ _ _ _ _ _ _ _ _ _ _ _ _ _ _ _ _ _ _ _ _ _ _ \n\nself = <selenium.webdriver.support.wait.WebDriverWait (session=\"257b3b03b79b03a5b123dddb504bac81\")>\nmethod = <function visibility_of_element_located.<locals>._predicate at 0x7fb6b268e340>\nmessage = 'Can\\'t find element by locator (\\'xpath\\', \\'//div[@id=\"msg_from_server\"]\\')'\n\n    def until(self, method: Callable[[D], Union[Literal[False], T]], message: str = \"\") -> T:\n        \"\"\"Calls the method provided with the driver as an argument until the \\\n        return value does not evaluate to ``False``.\n    \n        :param method: callable(WebDriver)\n        :param message: optional message for :exc:`TimeoutException`\n        :returns: the result of the last call to `method`\n        :raises: :exc:`selenium.common.exceptions.TimeoutException` if timeout occurs\n        \"\"\"\n        screen = None\n        stacktrace = None\n    \n        end_time = time.monotonic() + self._timeout\n        while True:\n            try:\n                value = method(self._driver)\n                if value:\n                    return value\n            except self._ignored_exceptions as exc:\n                screen = getattr(exc, \"screen\", None)\n                stacktrace = getattr(exc, \"stacktrace\", None)\n            time.sleep(self._poll)\n            if time.monotonic() > end_time:\n                break\n>       raise TimeoutException(message, screen, stacktrace)\nE       selenium.common.exceptions.TimeoutException: Message: Can't find element by locator ('xpath', '//div[@id=\"msg_from_server\"]')\n\n/opt/hostedtoolcache/Python/3.12.9/x64/lib/python3.12/site-packages/selenium/webdriver/support/wait.py:105: TimeoutException",
  "flaky" : false,
  "newFailed" : false,
  "beforeStages" : [ {
    "name" : "authorization_user",
    "time" : {
      "start" : 1743558248474,
      "stop" : 1743558249008,
      "duration" : 534
    },
    "status" : "passed",
    "steps" : [ {
      "name" : "Open page: https://oblache.areso.pro/register.html",
      "time" : {
        "start" : 1743558248474,
        "stop" : 1743558248792,
        "duration" : 318
      },
      "status" : "passed",
      "steps" : [ ],
      "attachments" : [ ],
      "parameters" : [ ],
      "stepsCount" : 0,
      "attachmentsCount" : 0,
      "shouldDisplayMessage" : false,
      "hasContent" : false
    }, {
      "name" : "Login user",
      "time" : {
        "start" : 1743558248792,
        "stop" : 1743558249008,
        "duration" : 216
      },
      "status" : "passed",
      "steps" : [ {
        "name" : "Enter email.",
        "time" : {
          "start" : 1743558248793,
          "stop" : 1743558248859,
          "duration" : 66
        },
        "status" : "passed",
        "steps" : [ ],
        "attachments" : [ ],
        "parameters" : [ ],
        "stepsCount" : 0,
        "attachmentsCount" : 0,
        "shouldDisplayMessage" : false,
        "hasContent" : false
      }, {
        "name" : "Enter password.",
        "time" : {
          "start" : 1743558248859,
          "stop" : 1743558248907,
          "duration" : 48
        },
        "status" : "passed",
        "steps" : [ ],
        "attachments" : [ ],
        "parameters" : [ ],
        "stepsCount" : 0,
        "attachmentsCount" : 0,
        "shouldDisplayMessage" : false,
        "hasContent" : false
      }, {
        "name" : "Click button \"Login\"",
        "time" : {
          "start" : 1743558248907,
          "stop" : 1743558249006,
          "duration" : 99
        },
        "status" : "passed",
        "steps" : [ ],
        "attachments" : [ ],
        "parameters" : [ ],
        "stepsCount" : 0,
        "attachmentsCount" : 0,
        "shouldDisplayMessage" : false,
        "hasContent" : false
      }, {
        "name" : "Check url is present: https://oblache.areso.pro/register.html",
        "time" : {
          "start" : 1743558249006,
          "stop" : 1743558249008,
          "duration" : 2
        },
        "status" : "passed",
        "steps" : [ ],
        "attachments" : [ ],
        "parameters" : [ ],
        "stepsCount" : 0,
        "attachmentsCount" : 0,
        "shouldDisplayMessage" : false,
        "hasContent" : false
      } ],
      "attachments" : [ ],
      "parameters" : [ ],
      "stepsCount" : 4,
      "attachmentsCount" : 0,
      "shouldDisplayMessage" : false,
      "hasContent" : true
    } ],
    "attachments" : [ ],
    "parameters" : [ ],
    "stepsCount" : 6,
    "attachmentsCount" : 0,
    "shouldDisplayMessage" : false,
    "hasContent" : true
  }, {
    "name" : "driver",
    "time" : {
      "start" : 1743558248122,
      "stop" : 1743558248474,
      "duration" : 352
    },
    "status" : "passed",
    "steps" : [ ],
    "attachments" : [ ],
    "parameters" : [ ],
    "stepsCount" : 0,
    "attachmentsCount" : 0,
    "shouldDisplayMessage" : false,
    "hasContent" : false
  } ],
  "testStage" : {
    "status" : "broken",
    "statusMessage" : "selenium.common.exceptions.TimeoutException: Message: Can't find element by locator ('xpath', '//div[@id=\"msg_from_server\"]')",
    "statusTrace" : "self = <tests_ui.test_ui.TestProfilePage object at 0x7fb6b26ffb30>\ndriver = <selenium.webdriver.chrome.webdriver.WebDriver (session=\"257b3b03b79b03a5b123dddb504bac81\")>\nauthorization_user = None\n\n    @allure.title('test_create_database')\n    def test_create_database(self, driver, authorization_user):\n        page = ProfilePage(driver, authorization_user)\n>       page.compare_database_status()\n\ntests_ui/test_ui.py:83: \n_ _ _ _ _ _ _ _ _ _ _ _ _ _ _ _ _ _ _ _ _ _ _ _ _ _ _ _ _ _ _ _ _ _ _ _ _ _ _ _ \ntests_ui/profile_page.py:150: in compare_database_status\n    msg = self.element_is_visible(self.locators.MSG_FROM_SERVER).text\ntests_ui/base_page.py:34: in element_is_visible\n    return Wait(self.driver, self.timeout).until(\n_ _ _ _ _ _ _ _ _ _ _ _ _ _ _ _ _ _ _ _ _ _ _ _ _ _ _ _ _ _ _ _ _ _ _ _ _ _ _ _ \n\nself = <selenium.webdriver.support.wait.WebDriverWait (session=\"257b3b03b79b03a5b123dddb504bac81\")>\nmethod = <function visibility_of_element_located.<locals>._predicate at 0x7fb6b268e340>\nmessage = 'Can\\'t find element by locator (\\'xpath\\', \\'//div[@id=\"msg_from_server\"]\\')'\n\n    def until(self, method: Callable[[D], Union[Literal[False], T]], message: str = \"\") -> T:\n        \"\"\"Calls the method provided with the driver as an argument until the \\\n        return value does not evaluate to ``False``.\n    \n        :param method: callable(WebDriver)\n        :param message: optional message for :exc:`TimeoutException`\n        :returns: the result of the last call to `method`\n        :raises: :exc:`selenium.common.exceptions.TimeoutException` if timeout occurs\n        \"\"\"\n        screen = None\n        stacktrace = None\n    \n        end_time = time.monotonic() + self._timeout\n        while True:\n            try:\n                value = method(self._driver)\n                if value:\n                    return value\n            except self._ignored_exceptions as exc:\n                screen = getattr(exc, \"screen\", None)\n                stacktrace = getattr(exc, \"stacktrace\", None)\n            time.sleep(self._poll)\n            if time.monotonic() > end_time:\n                break\n>       raise TimeoutException(message, screen, stacktrace)\nE       selenium.common.exceptions.TimeoutException: Message: Can't find element by locator ('xpath', '//div[@id=\"msg_from_server\"]')\n\n/opt/hostedtoolcache/Python/3.12.9/x64/lib/python3.12/site-packages/selenium/webdriver/support/wait.py:105: TimeoutException",
    "steps" : [ {
      "name" : "Click button Status.",
      "time" : {
        "start" : 1743558250009,
        "stop" : 1743558250087,
        "duration" : 78
      },
      "status" : "passed",
      "steps" : [ ],
      "attachments" : [ ],
      "parameters" : [ ],
      "stepsCount" : 0,
      "attachmentsCount" : 0,
      "shouldDisplayMessage" : false,
      "hasContent" : false
    }, {
      "name" : "Get status data.",
      "time" : {
        "start" : 1743558250450,
        "stop" : 1743558250450,
        "duration" : 0
      },
      "status" : "passed",
      "steps" : [ {
        "name" : "Status data is: {'Email:': 'test4@mail.com', 'is blocked?': '0', 'is db creation allowed?': '0', 'disk db quota, mb': '4', 'disk db used, mb': '9', 'db qty quota': '100', 'db qty used': '16', 'site qty quota': '5', 'site qty used': '0', 'is site deploy allowed?': '1'}",
        "time" : {
          "start" : 1743558250450,
          "stop" : 1743558250450,
          "duration" : 0
        },
        "status" : "passed",
        "steps" : [ ],
        "attachments" : [ ],
        "parameters" : [ ],
        "stepsCount" : 0,
        "attachmentsCount" : 0,
        "shouldDisplayMessage" : false,
        "hasContent" : false
      } ],
      "attachments" : [ ],
      "parameters" : [ ],
      "stepsCount" : 1,
      "attachmentsCount" : 0,
      "shouldDisplayMessage" : false,
      "hasContent" : true
    }, {
      "name" : "Click \"Databases\" button.",
      "time" : {
        "start" : 1743558250450,
        "stop" : 1743558250521,
        "duration" : 71
      },
      "status" : "passed",
      "steps" : [ ],
      "attachments" : [ ],
      "parameters" : [ ],
      "stepsCount" : 0,
      "attachmentsCount" : 0,
      "shouldDisplayMessage" : false,
      "hasContent" : false
    }, {
      "name" : "Click \"Create new DB\" button.",
      "time" : {
        "start" : 1743558250521,
        "stop" : 1743558250599,
        "duration" : 78
      },
      "status" : "passed",
      "steps" : [ ],
      "attachments" : [ ],
      "parameters" : [ ],
      "stepsCount" : 0,
      "attachmentsCount" : 0,
      "shouldDisplayMessage" : false,
      "hasContent" : false
    }, {
      "name" : "Select region \"CIS\".",
      "time" : {
        "start" : 1743558250599,
        "stop" : 1743558251758,
        "duration" : 1159
      },
      "status" : "passed",
      "steps" : [ ],
      "attachments" : [ ],
      "parameters" : [ ],
      "stepsCount" : 0,
      "attachmentsCount" : 0,
      "shouldDisplayMessage" : false,
      "hasContent" : false
    }, {
      "name" : "Click \"Create\" button.",
      "time" : {
        "start" : 1743558251758,
        "stop" : 1743558251819,
        "duration" : 61
      },
      "status" : "passed",
      "steps" : [ ],
      "attachments" : [ ],
      "parameters" : [ ],
      "stepsCount" : 0,
      "attachmentsCount" : 0,
      "shouldDisplayMessage" : false,
      "hasContent" : false
    } ],
    "attachments" : [ {
      "uid" : "b8e80db1ce6b314",
      "name" : "Screenshot 2025-04-02 01:44:17.055699",
      "source" : "b8e80db1ce6b314.png",
      "type" : "image/png",
      "size" : 27487
    } ],
    "parameters" : [ ],
    "stepsCount" : 7,
    "attachmentsCount" : 1,
    "shouldDisplayMessage" : true,
    "hasContent" : true
  },
  "afterStages" : [ {
    "name" : "driver::0",
    "time" : {
      "start" : 1743558257057,
      "stop" : 1743558257119,
      "duration" : 62
    },
    "status" : "passed",
    "steps" : [ ],
    "attachments" : [ ],
    "parameters" : [ ],
    "stepsCount" : 0,
    "attachmentsCount" : 0,
    "shouldDisplayMessage" : false,
    "hasContent" : false
  } ],
  "labels" : [ {
    "name" : "suite",
    "value" : "Test Profile Page."
  }, {
    "name" : "parentSuite",
    "value" : "tests_ui"
  }, {
    "name" : "subSuite",
    "value" : "TestProfilePage"
  }, {
    "name" : "host",
    "value" : "fv-az1441-199"
  }, {
    "name" : "thread",
    "value" : "2463-MainThread"
  }, {
    "name" : "framework",
    "value" : "pytest"
  }, {
    "name" : "language",
    "value" : "cpython3"
  }, {
    "name" : "package",
    "value" : "tests_ui.test_ui"
  }, {
    "name" : "resultFormat",
    "value" : "allure2"
  } ],
  "parameters" : [ ],
  "links" : [ ],
  "hidden" : false,
  "retry" : false,
  "extra" : {
    "severity" : "normal",
    "retries" : [ ],
    "categories" : [ {
      "name" : "Test defects",
      "matchedStatuses" : [ ],
      "flaky" : false
    } ],
    "history" : {
      "statistic" : {
        "failed" : 0,
        "broken" : 223,
        "skipped" : 0,
        "passed" : 8,
        "unknown" : 0,
        "total" : 231
      },
      "items" : [ {
        "uid" : "dab44a3d96bc63af",
        "reportUrl" : "https://Areso.github.io/Oblache/355//#testresult/dab44a3d96bc63af",
        "status" : "broken",
        "statusDetails" : "selenium.common.exceptions.TimeoutException: Message: Can't find element by locator ('xpath', '//div[@id=\"msg_from_server\"]')",
        "time" : {
          "start" : 1743472454366,
          "stop" : 1743472463074,
          "duration" : 8708
        }
      }, {
        "uid" : "a65404e1ea7c8411",
        "reportUrl" : "https://Areso.github.io/Oblache/354//#testresult/a65404e1ea7c8411",
        "status" : "broken",
        "statusDetails" : "selenium.common.exceptions.TimeoutException: Message: Can't find element by locator ('xpath', '//div[@id=\"msg_from_server\"]')",
        "time" : {
          "start" : 1743385693297,
          "stop" : 1743385702021,
          "duration" : 8724
        }
      }, {
        "uid" : "45c713d348a8a87",
        "reportUrl" : "https://Areso.github.io/Oblache/353//#testresult/45c713d348a8a87",
        "status" : "broken",
        "statusDetails" : "selenium.common.exceptions.TimeoutException: Message: Can't find element by locator ('xpath', '//div[@id=\"msg_from_server\"]')",
        "time" : {
          "start" : 1743299443012,
          "stop" : 1743299452060,
          "duration" : 9048
        }
      }, {
        "uid" : "7065b300c2136012",
        "reportUrl" : "https://Areso.github.io/Oblache/352//#testresult/7065b300c2136012",
        "status" : "broken",
        "statusDetails" : "selenium.common.exceptions.TimeoutException: Message: Can't find element by locator ('xpath', '//div[@id=\"msg_from_server\"]')",
        "time" : {
          "start" : 1743212467954,
          "stop" : 1743212475821,
          "duration" : 7867
        }
      }, {
        "uid" : "1d159a0d2c80f6a8",
        "reportUrl" : "https://Areso.github.io/Oblache/351//#testresult/1d159a0d2c80f6a8",
        "status" : "broken",
        "statusDetails" : "selenium.common.exceptions.TimeoutException: Message: Can't find element by locator ('xpath', '//div[@id=\"msg_from_server\"]')",
        "time" : {
          "start" : 1743126127066,
          "stop" : 1743126134945,
          "duration" : 7879
        }
      }, {
        "uid" : "202a8b4558f08040",
        "reportUrl" : "https://Areso.github.io/Oblache/350//#testresult/202a8b4558f08040",
        "status" : "broken",
        "statusDetails" : "selenium.common.exceptions.TimeoutException: Message: Can't find element by locator ('xpath', '//div[@id=\"msg_from_server\"]')",
        "time" : {
          "start" : 1743039725930,
          "stop" : 1743039733901,
          "duration" : 7971
        }
      }, {
        "uid" : "8f4f0016ee2a9364",
        "reportUrl" : "https://Areso.github.io/Oblache/349//#testresult/8f4f0016ee2a9364",
        "status" : "broken",
        "statusDetails" : "selenium.common.exceptions.TimeoutException: Message: Can't find element by locator ('xpath', '//div[@id=\"msg_from_server\"]')",
        "time" : {
          "start" : 1742953407251,
          "stop" : 1742953416202,
          "duration" : 8951
        }
      }, {
        "uid" : "9b9987b870e66e7e",
        "reportUrl" : "https://Areso.github.io/Oblache/348//#testresult/9b9987b870e66e7e",
        "status" : "broken",
        "statusDetails" : "selenium.common.exceptions.TimeoutException: Message: Can't find element by locator ('xpath', '//div[@id=\"msg_from_server\"]')",
        "time" : {
          "start" : 1742866989086,
          "stop" : 1742866996951,
          "duration" : 7865
        }
      }, {
        "uid" : "516af3cea23a8451",
        "reportUrl" : "https://Areso.github.io/Oblache/347//#testresult/516af3cea23a8451",
        "status" : "broken",
        "statusDetails" : "selenium.common.exceptions.TimeoutException: Message: Can't find element by locator ('xpath', '//div[@id=\"msg_from_server\"]')",
        "time" : {
          "start" : 1742780725829,
          "stop" : 1742780734083,
          "duration" : 8254
        }
      }, {
        "uid" : "debd6a470fedf1a1",
        "reportUrl" : "https://Areso.github.io/Oblache/346//#testresult/debd6a470fedf1a1",
        "status" : "broken",
        "statusDetails" : "selenium.common.exceptions.TimeoutException: Message: Can't find element by locator ('xpath', '//div[@id=\"msg_from_server\"]')",
        "time" : {
          "start" : 1742694425195,
          "stop" : 1742694433041,
          "duration" : 7846
        }
      }, {
        "uid" : "6e91adb9e8f00032",
        "reportUrl" : "https://Areso.github.io/Oblache/345//#testresult/6e91adb9e8f00032",
        "status" : "broken",
        "statusDetails" : "selenium.common.exceptions.TimeoutException: Message: Can't find element by locator ('xpath', '//div[@id=\"msg_from_server\"]')",
        "time" : {
          "start" : 1742607618731,
          "stop" : 1742607626903,
          "duration" : 8172
        }
      }, {
        "uid" : "be14a3e287cfa99",
        "reportUrl" : "https://Areso.github.io/Oblache/344//#testresult/be14a3e287cfa99",
        "status" : "broken",
        "statusDetails" : "selenium.common.exceptions.TimeoutException: Message: Can't find element by locator ('xpath', '//select[@id=\"selectDBRegion\"] /option[@value=\"3\"]')\nStacktrace:\n#0 0x561183f75a1a <unknown>\n#1 0x561183a2d390 <unknown>\n#2 0x561183a7ec85 <unknown>\n#3 0x561183a7eeb1 <unknown>\n#4 0x561183acdd64 <unknown>\n#5 0x561183aa4bfd <unknown>\n#6 0x561183acb07b <unknown>\n#7 0x561183aa49a3 <unknown>\n#8 0x561183a7060e <unknown>\n#9 0x561183a71dd1 <unknown>\n#10 0x561183f3bddb <unknown>\n#11 0x561183f3fcbc <unknown>\n#12 0x561183f23392 <unknown>\n#13 0x561183f40834 <unknown>\n#14 0x561183f071ef <unknown>\n#15 0x561183f64038 <unknown>\n#16 0x561183f64216 <unknown>\n#17 0x561183f74896 <unknown>\n#18 0x7fc5fbe9caa4 <unknown>\n#19 0x7fc5fbf29c3c <unknown>",
        "time" : {
          "start" : 1742521329359,
          "stop" : 1742521336134,
          "duration" : 6775
        }
      }, {
        "uid" : "d0452aad71eb8ccf",
        "reportUrl" : "https://Areso.github.io/Oblache/343//#testresult/d0452aad71eb8ccf",
        "status" : "broken",
        "statusDetails" : "selenium.common.exceptions.TimeoutException: Message: Can't find element by locator ('xpath', '//div[@id=\"msg_from_server\"]')",
        "time" : {
          "start" : 1742434874578,
          "stop" : 1742434882514,
          "duration" : 7936
        }
      }, {
        "uid" : "bd21a84afc86e3c2",
        "reportUrl" : "https://Areso.github.io/Oblache/342//#testresult/bd21a84afc86e3c2",
        "status" : "broken",
        "statusDetails" : "selenium.common.exceptions.TimeoutException: Message: Can't find element by locator ('xpath', '//div[@id=\"msg_from_server\"]')",
        "time" : {
          "start" : 1742348528181,
          "stop" : 1742348536034,
          "duration" : 7853
        }
      }, {
        "uid" : "329fa55454a008a1",
        "reportUrl" : "https://Areso.github.io/Oblache/341//#testresult/329fa55454a008a1",
        "status" : "broken",
        "statusDetails" : "selenium.common.exceptions.TimeoutException: Message: Can't find element by locator ('xpath', '//div[@id=\"msg_from_server\"]')",
        "time" : {
          "start" : 1742262068690,
          "stop" : 1742262076575,
          "duration" : 7885
        }
      }, {
        "uid" : "e86020995f6b1859",
        "reportUrl" : "https://Areso.github.io/Oblache/340//#testresult/e86020995f6b1859",
        "status" : "broken",
        "statusDetails" : "selenium.common.exceptions.TimeoutException: Message: Can't find element by locator ('xpath', '//div[@id=\"msg_from_server\"]')",
        "time" : {
          "start" : 1742175869061,
          "stop" : 1742175877859,
          "duration" : 8798
        }
      }, {
        "uid" : "880c9df5effb6469",
        "reportUrl" : "https://Areso.github.io/Oblache/339//#testresult/880c9df5effb6469",
        "status" : "broken",
        "statusDetails" : "selenium.common.exceptions.TimeoutException: Message: Can't find element by locator ('xpath', '//div[@id=\"msg_from_server\"]')",
        "time" : {
          "start" : 1742089575529,
          "stop" : 1742089584266,
          "duration" : 8737
        }
      }, {
        "uid" : "39284cdf9f8f7c7",
        "reportUrl" : "https://Areso.github.io/Oblache/338//#testresult/39284cdf9f8f7c7",
        "status" : "broken",
        "statusDetails" : "selenium.common.exceptions.TimeoutException: Message: Can't find element by locator ('xpath', '//div[@id=\"msg_from_server\"]')",
        "time" : {
          "start" : 1742002748768,
          "stop" : 1742002756657,
          "duration" : 7889
        }
      }, {
        "uid" : "65d0a9a244d40e9b",
        "reportUrl" : "https://Areso.github.io/Oblache/337//#testresult/65d0a9a244d40e9b",
        "status" : "broken",
        "statusDetails" : "selenium.common.exceptions.TimeoutException: Message: Can't find element by locator ('xpath', '//div[@id=\"msg_from_server\"]')",
        "time" : {
          "start" : 1741916409281,
          "stop" : 1741916417177,
          "duration" : 7896
        }
      }, {
        "uid" : "b0f42c769fd13fd",
        "reportUrl" : "https://Areso.github.io/Oblache/336//#testresult/b0f42c769fd13fd",
        "status" : "broken",
        "statusDetails" : "selenium.common.exceptions.TimeoutException: Message: Can't find element by locator ('xpath', '//div[@id=\"msg_from_server\"]')",
        "time" : {
          "start" : 1741830066354,
          "stop" : 1741830074212,
          "duration" : 7858
        }
      } ]
    },
    "tags" : [ ]
  },
  "source" : "f1fb3928e4c53241.json",
  "parameterValues" : [ ]
}