{
  "uid" : "29d174f205564c30",
  "name" : "test_create_database",
  "fullName" : "tests_ui.test_ui.TestProfilePage#test_create_database",
  "historyId" : "4762f7b87391625d86f9ea8dbdd3b406",
  "time" : {
    "start" : 1740879784689,
    "stop" : 1740879792623,
    "duration" : 7934
  },
  "status" : "broken",
  "statusMessage" : "selenium.common.exceptions.TimeoutException: Message: Can't find element by locator ('xpath', '//div[@id=\"msg_from_server\"]')",
  "statusTrace" : "self = <tests_ui.test_ui.TestProfilePage object at 0x7fc6c9dd05c0>\ndriver = <selenium.webdriver.chrome.webdriver.WebDriver (session=\"d266828f20ad7df7ecc8153ebeaf71b0\")>\nauthorization_user = None\n\n    @allure.title('test_create_database')\n    def test_create_database(self, driver, authorization_user):\n        page = ProfilePage(driver, authorization_user)\n>       page.compare_database_status()\n\ntests_ui/test_ui.py:83: \n_ _ _ _ _ _ _ _ _ _ _ _ _ _ _ _ _ _ _ _ _ _ _ _ _ _ _ _ _ _ _ _ _ _ _ _ _ _ _ _ \ntests_ui/profile_page.py:150: in compare_database_status\n    msg = self.element_is_visible(self.locators.MSG_FROM_SERVER).text\ntests_ui/base_page.py:34: in element_is_visible\n    return Wait(self.driver, self.timeout).until(\n_ _ _ _ _ _ _ _ _ _ _ _ _ _ _ _ _ _ _ _ _ _ _ _ _ _ _ _ _ _ _ _ _ _ _ _ _ _ _ _ \n\nself = <selenium.webdriver.support.wait.WebDriverWait (session=\"d266828f20ad7df7ecc8153ebeaf71b0\")>\nmethod = <function visibility_of_element_located.<locals>._predicate at 0x7fc6c9ac7c40>\nmessage = 'Can\\'t find element by locator (\\'xpath\\', \\'//div[@id=\"msg_from_server\"]\\')'\n\n    def until(self, method: Callable[[D], Union[Literal[False], T]], message: str = \"\") -> T:\n        \"\"\"Calls the method provided with the driver as an argument until the \\\n        return value does not evaluate to ``False``.\n    \n        :param method: callable(WebDriver)\n        :param message: optional message for :exc:`TimeoutException`\n        :returns: the result of the last call to `method`\n        :raises: :exc:`selenium.common.exceptions.TimeoutException` if timeout occurs\n        \"\"\"\n        screen = None\n        stacktrace = None\n    \n        end_time = time.monotonic() + self._timeout\n        while True:\n            try:\n                value = method(self._driver)\n                if value:\n                    return value\n            except self._ignored_exceptions as exc:\n                screen = getattr(exc, \"screen\", None)\n                stacktrace = getattr(exc, \"stacktrace\", None)\n            time.sleep(self._poll)\n            if time.monotonic() > end_time:\n                break\n>       raise TimeoutException(message, screen, stacktrace)\nE       selenium.common.exceptions.TimeoutException: Message: Can't find element by locator ('xpath', '//div[@id=\"msg_from_server\"]')\n\n/opt/hostedtoolcache/Python/3.12.9/x64/lib/python3.12/site-packages/selenium/webdriver/support/wait.py:105: TimeoutException",
  "flaky" : false,
  "newFailed" : false,
  "beforeStages" : [ {
    "name" : "authorization_user",
    "time" : {
      "start" : 1740879784180,
      "stop" : 1740879784689,
      "duration" : 509
    },
    "status" : "passed",
    "steps" : [ {
      "name" : "Open page: https://oblache.areso.pro/register.html",
      "time" : {
        "start" : 1740879784180,
        "stop" : 1740879784490,
        "duration" : 310
      },
      "status" : "passed",
      "steps" : [ ],
      "attachments" : [ ],
      "parameters" : [ ],
      "stepsCount" : 0,
      "attachmentsCount" : 0,
      "shouldDisplayMessage" : false,
      "hasContent" : false
    }, {
      "name" : "Login user",
      "time" : {
        "start" : 1740879784490,
        "stop" : 1740879784689,
        "duration" : 199
      },
      "status" : "passed",
      "steps" : [ {
        "name" : "Enter email.",
        "time" : {
          "start" : 1740879784490,
          "stop" : 1740879784551,
          "duration" : 61
        },
        "status" : "passed",
        "steps" : [ ],
        "attachments" : [ ],
        "parameters" : [ ],
        "stepsCount" : 0,
        "attachmentsCount" : 0,
        "shouldDisplayMessage" : false,
        "hasContent" : false
      }, {
        "name" : "Enter password.",
        "time" : {
          "start" : 1740879784551,
          "stop" : 1740879784596,
          "duration" : 45
        },
        "status" : "passed",
        "steps" : [ ],
        "attachments" : [ ],
        "parameters" : [ ],
        "stepsCount" : 0,
        "attachmentsCount" : 0,
        "shouldDisplayMessage" : false,
        "hasContent" : false
      }, {
        "name" : "Click button \"Login\"",
        "time" : {
          "start" : 1740879784597,
          "stop" : 1740879784686,
          "duration" : 89
        },
        "status" : "passed",
        "steps" : [ ],
        "attachments" : [ ],
        "parameters" : [ ],
        "stepsCount" : 0,
        "attachmentsCount" : 0,
        "shouldDisplayMessage" : false,
        "hasContent" : false
      }, {
        "name" : "Check url is present: https://oblache.areso.pro/register.html",
        "time" : {
          "start" : 1740879784686,
          "stop" : 1740879784689,
          "duration" : 3
        },
        "status" : "passed",
        "steps" : [ ],
        "attachments" : [ ],
        "parameters" : [ ],
        "stepsCount" : 0,
        "attachmentsCount" : 0,
        "shouldDisplayMessage" : false,
        "hasContent" : false
      } ],
      "attachments" : [ ],
      "parameters" : [ ],
      "stepsCount" : 4,
      "attachmentsCount" : 0,
      "shouldDisplayMessage" : false,
      "hasContent" : true
    } ],
    "attachments" : [ ],
    "parameters" : [ ],
    "stepsCount" : 6,
    "attachmentsCount" : 0,
    "shouldDisplayMessage" : false,
    "hasContent" : true
  }, {
    "name" : "driver",
    "time" : {
      "start" : 1740879783826,
      "stop" : 1740879784180,
      "duration" : 354
    },
    "status" : "passed",
    "steps" : [ ],
    "attachments" : [ ],
    "parameters" : [ ],
    "stepsCount" : 0,
    "attachmentsCount" : 0,
    "shouldDisplayMessage" : false,
    "hasContent" : false
  } ],
  "testStage" : {
    "status" : "broken",
    "statusMessage" : "selenium.common.exceptions.TimeoutException: Message: Can't find element by locator ('xpath', '//div[@id=\"msg_from_server\"]')",
    "statusTrace" : "self = <tests_ui.test_ui.TestProfilePage object at 0x7fc6c9dd05c0>\ndriver = <selenium.webdriver.chrome.webdriver.WebDriver (session=\"d266828f20ad7df7ecc8153ebeaf71b0\")>\nauthorization_user = None\n\n    @allure.title('test_create_database')\n    def test_create_database(self, driver, authorization_user):\n        page = ProfilePage(driver, authorization_user)\n>       page.compare_database_status()\n\ntests_ui/test_ui.py:83: \n_ _ _ _ _ _ _ _ _ _ _ _ _ _ _ _ _ _ _ _ _ _ _ _ _ _ _ _ _ _ _ _ _ _ _ _ _ _ _ _ \ntests_ui/profile_page.py:150: in compare_database_status\n    msg = self.element_is_visible(self.locators.MSG_FROM_SERVER).text\ntests_ui/base_page.py:34: in element_is_visible\n    return Wait(self.driver, self.timeout).until(\n_ _ _ _ _ _ _ _ _ _ _ _ _ _ _ _ _ _ _ _ _ _ _ _ _ _ _ _ _ _ _ _ _ _ _ _ _ _ _ _ \n\nself = <selenium.webdriver.support.wait.WebDriverWait (session=\"d266828f20ad7df7ecc8153ebeaf71b0\")>\nmethod = <function visibility_of_element_located.<locals>._predicate at 0x7fc6c9ac7c40>\nmessage = 'Can\\'t find element by locator (\\'xpath\\', \\'//div[@id=\"msg_from_server\"]\\')'\n\n    def until(self, method: Callable[[D], Union[Literal[False], T]], message: str = \"\") -> T:\n        \"\"\"Calls the method provided with the driver as an argument until the \\\n        return value does not evaluate to ``False``.\n    \n        :param method: callable(WebDriver)\n        :param message: optional message for :exc:`TimeoutException`\n        :returns: the result of the last call to `method`\n        :raises: :exc:`selenium.common.exceptions.TimeoutException` if timeout occurs\n        \"\"\"\n        screen = None\n        stacktrace = None\n    \n        end_time = time.monotonic() + self._timeout\n        while True:\n            try:\n                value = method(self._driver)\n                if value:\n                    return value\n            except self._ignored_exceptions as exc:\n                screen = getattr(exc, \"screen\", None)\n                stacktrace = getattr(exc, \"stacktrace\", None)\n            time.sleep(self._poll)\n            if time.monotonic() > end_time:\n                break\n>       raise TimeoutException(message, screen, stacktrace)\nE       selenium.common.exceptions.TimeoutException: Message: Can't find element by locator ('xpath', '//div[@id=\"msg_from_server\"]')\n\n/opt/hostedtoolcache/Python/3.12.9/x64/lib/python3.12/site-packages/selenium/webdriver/support/wait.py:105: TimeoutException",
    "steps" : [ {
      "name" : "Click button Status.",
      "time" : {
        "start" : 1740879785689,
        "stop" : 1740879785763,
        "duration" : 74
      },
      "status" : "passed",
      "steps" : [ ],
      "attachments" : [ ],
      "parameters" : [ ],
      "stepsCount" : 0,
      "attachmentsCount" : 0,
      "shouldDisplayMessage" : false,
      "hasContent" : false
    }, {
      "name" : "Get status data.",
      "time" : {
        "start" : 1740879786111,
        "stop" : 1740879786111,
        "duration" : 0
      },
      "status" : "passed",
      "steps" : [ {
        "name" : "Status data is: {'Email:': 'test4@mail.com', 'is blocked?': '0', 'is db creation allowed?': '0', 'disk db quota, mb': '4', 'disk db used, mb': '9', 'db qty quota': '100', 'db qty used': '16', 'site qty quota': '5', 'site qty used': '0', 'is site deploy allowed?': '1'}",
        "time" : {
          "start" : 1740879786111,
          "stop" : 1740879786111,
          "duration" : 0
        },
        "status" : "passed",
        "steps" : [ ],
        "attachments" : [ ],
        "parameters" : [ ],
        "stepsCount" : 0,
        "attachmentsCount" : 0,
        "shouldDisplayMessage" : false,
        "hasContent" : false
      } ],
      "attachments" : [ ],
      "parameters" : [ ],
      "stepsCount" : 1,
      "attachmentsCount" : 0,
      "shouldDisplayMessage" : false,
      "hasContent" : true
    }, {
      "name" : "Click \"Databases\" button.",
      "time" : {
        "start" : 1740879786111,
        "stop" : 1740879786181,
        "duration" : 70
      },
      "status" : "passed",
      "steps" : [ ],
      "attachments" : [ ],
      "parameters" : [ ],
      "stepsCount" : 0,
      "attachmentsCount" : 0,
      "shouldDisplayMessage" : false,
      "hasContent" : false
    }, {
      "name" : "Click \"Create new DB\" button.",
      "time" : {
        "start" : 1740879786181,
        "stop" : 1740879786264,
        "duration" : 83
      },
      "status" : "passed",
      "steps" : [ ],
      "attachments" : [ ],
      "parameters" : [ ],
      "stepsCount" : 0,
      "attachmentsCount" : 0,
      "shouldDisplayMessage" : false,
      "hasContent" : false
    }, {
      "name" : "Select region \"CIS\".",
      "time" : {
        "start" : 1740879786264,
        "stop" : 1740879787421,
        "duration" : 1157
      },
      "status" : "passed",
      "steps" : [ ],
      "attachments" : [ ],
      "parameters" : [ ],
      "stepsCount" : 0,
      "attachmentsCount" : 0,
      "shouldDisplayMessage" : false,
      "hasContent" : false
    }, {
      "name" : "Click \"Create\" button.",
      "time" : {
        "start" : 1740879787421,
        "stop" : 1740879787481,
        "duration" : 60
      },
      "status" : "passed",
      "steps" : [ ],
      "attachments" : [ ],
      "parameters" : [ ],
      "stepsCount" : 0,
      "attachmentsCount" : 0,
      "shouldDisplayMessage" : false,
      "hasContent" : false
    } ],
    "attachments" : [ {
      "uid" : "77ded94061d4f831",
      "name" : "Screenshot 2025-03-02 01:43:12.713022",
      "source" : "77ded94061d4f831.png",
      "type" : "image/png",
      "size" : 27487
    } ],
    "parameters" : [ ],
    "stepsCount" : 7,
    "attachmentsCount" : 1,
    "shouldDisplayMessage" : true,
    "hasContent" : true
  },
  "afterStages" : [ {
    "name" : "driver::0",
    "time" : {
      "start" : 1740879792714,
      "stop" : 1740879792774,
      "duration" : 60
    },
    "status" : "passed",
    "steps" : [ ],
    "attachments" : [ ],
    "parameters" : [ ],
    "stepsCount" : 0,
    "attachmentsCount" : 0,
    "shouldDisplayMessage" : false,
    "hasContent" : false
  } ],
  "labels" : [ {
    "name" : "suite",
    "value" : "Test Profile Page."
  }, {
    "name" : "parentSuite",
    "value" : "tests_ui"
  }, {
    "name" : "subSuite",
    "value" : "TestProfilePage"
  }, {
    "name" : "host",
    "value" : "fv-az1390-801"
  }, {
    "name" : "thread",
    "value" : "2522-MainThread"
  }, {
    "name" : "framework",
    "value" : "pytest"
  }, {
    "name" : "language",
    "value" : "cpython3"
  }, {
    "name" : "package",
    "value" : "tests_ui.test_ui"
  }, {
    "name" : "resultFormat",
    "value" : "allure2"
  } ],
  "parameters" : [ ],
  "links" : [ ],
  "hidden" : false,
  "retry" : false,
  "extra" : {
    "severity" : "normal",
    "retries" : [ ],
    "categories" : [ {
      "name" : "Test defects",
      "matchedStatuses" : [ ],
      "flaky" : false
    } ],
    "history" : {
      "statistic" : {
        "failed" : 0,
        "broken" : 192,
        "skipped" : 0,
        "passed" : 8,
        "unknown" : 0,
        "total" : 200
      },
      "items" : [ {
        "uid" : "1d0682f685b4334c",
        "reportUrl" : "https://Areso.github.io/Oblache/324//#testresult/1d0682f685b4334c",
        "status" : "broken",
        "statusDetails" : "selenium.common.exceptions.TimeoutException: Message: Can't find element by locator ('xpath', '//div[@id=\"msg_from_server\"]')",
        "time" : {
          "start" : 1740793463089,
          "stop" : 1740793471078,
          "duration" : 7989
        }
      }, {
        "uid" : "6a79b997f09a65dc",
        "reportUrl" : "https://Areso.github.io/Oblache/323//#testresult/6a79b997f09a65dc",
        "status" : "broken",
        "statusDetails" : "selenium.common.exceptions.TimeoutException: Message: Can't find element by locator ('xpath', '//div[@id=\"msg_from_server\"]')",
        "time" : {
          "start" : 1740706760071,
          "stop" : 1740706768000,
          "duration" : 7929
        }
      }, {
        "uid" : "b45640529ec91436",
        "reportUrl" : "https://Areso.github.io/Oblache/322//#testresult/b45640529ec91436",
        "status" : "broken",
        "statusDetails" : "selenium.common.exceptions.TimeoutException: Message: Can't find element by locator ('xpath', '//div[@id=\"msg_from_server\"]')",
        "time" : {
          "start" : 1740620304356,
          "stop" : 1740620312354,
          "duration" : 7998
        }
      }, {
        "uid" : "959971d320ee77b",
        "reportUrl" : "https://Areso.github.io/Oblache/321//#testresult/959971d320ee77b",
        "status" : "broken",
        "statusDetails" : "selenium.common.exceptions.TimeoutException: Message: Can't find element by locator ('xpath', '//div[@id=\"msg_from_server\"]')",
        "time" : {
          "start" : 1740533426448,
          "stop" : 1740533434506,
          "duration" : 8058
        }
      }, {
        "uid" : "99e7ce9b78078351",
        "reportUrl" : "https://Areso.github.io/Oblache/320//#testresult/99e7ce9b78078351",
        "status" : "broken",
        "statusDetails" : "selenium.common.exceptions.TimeoutException: Message: Can't find element by locator ('xpath', '//div[@id=\"msg_from_server\"]')",
        "time" : {
          "start" : 1740447553489,
          "stop" : 1740447562195,
          "duration" : 8706
        }
      }, {
        "uid" : "662461289a7ef3e1",
        "reportUrl" : "https://Areso.github.io/Oblache/319//#testresult/662461289a7ef3e1",
        "status" : "broken",
        "statusDetails" : "selenium.common.exceptions.TimeoutException: Message: Can't find element by locator ('xpath', '//div[@id=\"msg_from_server\"]')",
        "time" : {
          "start" : 1740361158167,
          "stop" : 1740361166070,
          "duration" : 7903
        }
      }, {
        "uid" : "c3349f39b8f9efba",
        "reportUrl" : "https://Areso.github.io/Oblache/318//#testresult/c3349f39b8f9efba",
        "status" : "broken",
        "statusDetails" : "selenium.common.exceptions.TimeoutException: Message: Can't find element by locator ('xpath', '//div[@id=\"msg_from_server\"]')",
        "time" : {
          "start" : 1740274942881,
          "stop" : 1740274951691,
          "duration" : 8810
        }
      }, {
        "uid" : "e4d8fddce771414d",
        "reportUrl" : "https://Areso.github.io/Oblache/317//#testresult/e4d8fddce771414d",
        "status" : "broken",
        "statusDetails" : "selenium.common.exceptions.TimeoutException: Message: Can't find element by locator ('xpath', '//div[@id=\"msg_from_server\"]')",
        "time" : {
          "start" : 1740187627106,
          "stop" : 1740187634997,
          "duration" : 7891
        }
      }, {
        "uid" : "25cd9a5887ac1adc",
        "reportUrl" : "https://Areso.github.io/Oblache/316//#testresult/25cd9a5887ac1adc",
        "status" : "broken",
        "statusDetails" : "selenium.common.exceptions.TimeoutException: Message: Can't find element by locator ('xpath', '//div[@id=\"msg_from_server\"]')",
        "time" : {
          "start" : 1740101357746,
          "stop" : 1740101366636,
          "duration" : 8890
        }
      }, {
        "uid" : "ee4f96e499fcc87d",
        "reportUrl" : "https://Areso.github.io/Oblache/315//#testresult/ee4f96e499fcc87d",
        "status" : "broken",
        "statusDetails" : "selenium.common.exceptions.TimeoutException: Message: Can't find element by locator ('xpath', '//div[@id=\"msg_from_server\"]')",
        "time" : {
          "start" : 1740014964683,
          "stop" : 1740014972735,
          "duration" : 8052
        }
      }, {
        "uid" : "199df7d7eb146f79",
        "reportUrl" : "https://Areso.github.io/Oblache/314//#testresult/199df7d7eb146f79",
        "status" : "broken",
        "statusDetails" : "selenium.common.exceptions.TimeoutException: Message: Can't find element by locator ('xpath', '//div[@id=\"msg_from_server\"]')",
        "time" : {
          "start" : 1739928560696,
          "stop" : 1739928568727,
          "duration" : 8031
        }
      }, {
        "uid" : "c3da223b9f75ff99",
        "reportUrl" : "https://Areso.github.io/Oblache/313//#testresult/c3da223b9f75ff99",
        "status" : "broken",
        "statusDetails" : "selenium.common.exceptions.TimeoutException: Message: Can't find element by locator ('xpath', '//div[@id=\"msg_from_server\"]')",
        "time" : {
          "start" : 1739842088877,
          "stop" : 1739842096745,
          "duration" : 7868
        }
      }, {
        "uid" : "283b5f9422325333",
        "reportUrl" : "https://Areso.github.io/Oblache/312//#testresult/283b5f9422325333",
        "status" : "broken",
        "statusDetails" : "selenium.common.exceptions.TimeoutException: Message: Can't find element by locator ('xpath', '//div[@id=\"msg_from_server\"]')",
        "time" : {
          "start" : 1739756357243,
          "stop" : 1739756365975,
          "duration" : 8732
        }
      }, {
        "uid" : "9916522651984250",
        "reportUrl" : "https://Areso.github.io/Oblache/311//#testresult/9916522651984250",
        "status" : "broken",
        "statusDetails" : "selenium.common.exceptions.TimeoutException: Message: Can't find element by locator ('xpath', '//div[@id=\"msg_from_server\"]')",
        "time" : {
          "start" : 1739670133434,
          "stop" : 1739670142153,
          "duration" : 8719
        }
      }, {
        "uid" : "3cf64dfe4e88b555",
        "reportUrl" : "https://Areso.github.io/Oblache/310//#testresult/3cf64dfe4e88b555",
        "status" : "broken",
        "statusDetails" : "selenium.common.exceptions.TimeoutException: Message: Can't find element by locator ('xpath', '//div[@id=\"msg_from_server\"]')",
        "time" : {
          "start" : 1739582830422,
          "stop" : 1739582838287,
          "duration" : 7865
        }
      }, {
        "uid" : "c15206c79c9a8a31",
        "reportUrl" : "https://Areso.github.io/Oblache/309//#testresult/c15206c79c9a8a31",
        "status" : "broken",
        "statusDetails" : "selenium.common.exceptions.TimeoutException: Message: Can't find element by locator ('xpath', '//div[@id=\"msg_from_server\"]')",
        "time" : {
          "start" : 1739496501085,
          "stop" : 1739496509035,
          "duration" : 7950
        }
      }, {
        "uid" : "41528c1a7aab3e6a",
        "reportUrl" : "https://Areso.github.io/Oblache/308//#testresult/41528c1a7aab3e6a",
        "status" : "broken",
        "statusDetails" : "selenium.common.exceptions.TimeoutException: Message: Can't find element by locator ('xpath', '//div[@id=\"msg_from_server\"]')",
        "time" : {
          "start" : 1739410107304,
          "stop" : 1739410116198,
          "duration" : 8894
        }
      }, {
        "uid" : "2eb79128d8e8dfa0",
        "reportUrl" : "https://Areso.github.io/Oblache/307//#testresult/2eb79128d8e8dfa0",
        "status" : "broken",
        "statusDetails" : "selenium.common.exceptions.TimeoutException: Message: Can't find element by locator ('xpath', '//div[@id=\"msg_from_server\"]')",
        "time" : {
          "start" : 1739323687286,
          "stop" : 1739323695135,
          "duration" : 7849
        }
      }, {
        "uid" : "3735a16b69f3d53d",
        "reportUrl" : "https://Areso.github.io/Oblache/306//#testresult/3735a16b69f3d53d",
        "status" : "broken",
        "statusDetails" : "selenium.common.exceptions.TimeoutException: Message: Can't find element by locator ('xpath', '//button[@id=\"menu_button_status\"]')\nStacktrace:\n#0 0x5629a322a53a <unknown>\n#1 0x5629a2d25f00 <unknown>\n#2 0x5629a2d75c0c <unknown>\n#3 0x5629a2d75e31 <unknown>\n#4 0x5629a2dbbbd4 <unknown>\n#5 0x5629a2d9a5cd <unknown>\n#6 0x5629a2db8f84 <unknown>\n#7 0x5629a2d9a343 <unknown>\n#8 0x5629a2d6778a <unknown>\n#9 0x5629a2d689de <unknown>\n#10 0x5629a31f42cb <unknown>\n#11 0x5629a31f8242 <unknown>\n#12 0x5629a31e17ac <unknown>\n#13 0x5629a31f8df7 <unknown>\n#14 0x5629a31c5b2f <unknown>\n#15 0x5629a32191a8 <unknown>\n#16 0x5629a3219370 <unknown>\n#17 0x5629a32293b6 <unknown>\n#18 0x7fa6f489ca94 <unknown>\n#19 0x7fa6f4929c3c <unknown>",
        "time" : {
          "start" : 1739241250490,
          "stop" : 1739241256619,
          "duration" : 6129
        }
      }, {
        "uid" : "b78f878dfd91a34",
        "reportUrl" : "https://Areso.github.io/Oblache/305//#testresult/b78f878dfd91a34",
        "status" : "broken",
        "statusDetails" : "selenium.common.exceptions.TimeoutException: Message: Can't find element by locator ('xpath', '//button[@id=\"menu_button_status\"]')\nStacktrace:\n#0 0x55850a71453a <unknown>\n#1 0x55850a20ff00 <unknown>\n#2 0x55850a25fc0c <unknown>\n#3 0x55850a25fe31 <unknown>\n#4 0x55850a2a5bd4 <unknown>\n#5 0x55850a2845cd <unknown>\n#6 0x55850a2a2f84 <unknown>\n#7 0x55850a284343 <unknown>\n#8 0x55850a25178a <unknown>\n#9 0x55850a2529de <unknown>\n#10 0x55850a6de2cb <unknown>\n#11 0x55850a6e2242 <unknown>\n#12 0x55850a6cb7ac <unknown>\n#13 0x55850a6e2df7 <unknown>\n#14 0x55850a6afb2f <unknown>\n#15 0x55850a7031a8 <unknown>\n#16 0x55850a703370 <unknown>\n#17 0x55850a7133b6 <unknown>\n#18 0x7fb61609ca94 <unknown>\n#19 0x7fb616129c3c <unknown>",
        "time" : {
          "start" : 1739154916391,
          "stop" : 1739154922517,
          "duration" : 6126
        }
      } ]
    },
    "tags" : [ ]
  },
  "source" : "29d174f205564c30.json",
  "parameterValues" : [ ]
}