{
  "uid" : "54a3cc5956f4e021",
  "name" : "test_create_database",
  "fullName" : "tests_ui.test_ui.TestProfilePage#test_create_database",
  "historyId" : "4762f7b87391625d86f9ea8dbdd3b406",
  "time" : {
    "start" : 1726795567557,
    "stop" : 1726795575262,
    "duration" : 7705
  },
  "status" : "broken",
  "statusMessage" : "selenium.common.exceptions.TimeoutException: Message: Can't find element by locator ('xpath', '//div[@id=\"msg_from_server\"]')",
  "statusTrace" : "self = <tests_ui.test_ui.TestProfilePage object at 0x7f3dafb1c6e0>\ndriver = <selenium.webdriver.chrome.webdriver.WebDriver (session=\"c6b591b7eb31e14e880ab4cfa12240da\")>\nauthorization_user = None\n\n    @allure.title('test_create_database')\n    def test_create_database(self, driver, authorization_user):\n        page = ProfilePage(driver, authorization_user)\n>       page.compare_database_status()\n\ntests_ui/test_ui.py:83: \n_ _ _ _ _ _ _ _ _ _ _ _ _ _ _ _ _ _ _ _ _ _ _ _ _ _ _ _ _ _ _ _ _ _ _ _ _ _ _ _ \ntests_ui/profile_page.py:150: in compare_database_status\n    msg = self.element_is_visible(self.locators.MSG_FROM_SERVER).text\ntests_ui/base_page.py:34: in element_is_visible\n    return Wait(self.driver, self.timeout).until(\n_ _ _ _ _ _ _ _ _ _ _ _ _ _ _ _ _ _ _ _ _ _ _ _ _ _ _ _ _ _ _ _ _ _ _ _ _ _ _ _ \n\nself = <selenium.webdriver.support.wait.WebDriverWait (session=\"c6b591b7eb31e14e880ab4cfa12240da\")>\nmethod = <function visibility_of_element_located.<locals>._predicate at 0x7f3daefe3f60>\nmessage = 'Can\\'t find element by locator (\\'xpath\\', \\'//div[@id=\"msg_from_server\"]\\')'\n\n    def until(self, method: Callable[[D], Union[Literal[False], T]], message: str = \"\") -> T:\n        \"\"\"Calls the method provided with the driver as an argument until the \\\n        return value does not evaluate to ``False``.\n    \n        :param method: callable(WebDriver)\n        :param message: optional message for :exc:`TimeoutException`\n        :returns: the result of the last call to `method`\n        :raises: :exc:`selenium.common.exceptions.TimeoutException` if timeout occurs\n        \"\"\"\n        screen = None\n        stacktrace = None\n    \n        end_time = time.monotonic() + self._timeout\n        while True:\n            try:\n                value = method(self._driver)\n                if value:\n                    return value\n            except self._ignored_exceptions as exc:\n                screen = getattr(exc, \"screen\", None)\n                stacktrace = getattr(exc, \"stacktrace\", None)\n            time.sleep(self._poll)\n            if time.monotonic() > end_time:\n                break\n>       raise TimeoutException(message, screen, stacktrace)\nE       selenium.common.exceptions.TimeoutException: Message: Can't find element by locator ('xpath', '//div[@id=\"msg_from_server\"]')\n\n/opt/hostedtoolcache/Python/3.12.6/x64/lib/python3.12/site-packages/selenium/webdriver/support/wait.py:105: TimeoutException",
  "flaky" : false,
  "newFailed" : false,
  "beforeStages" : [ {
    "name" : "authorization_user",
    "time" : {
      "start" : 1726795567039,
      "stop" : 1726795567557,
      "duration" : 518
    },
    "status" : "passed",
    "steps" : [ {
      "name" : "Open page: https://oblache.areso.pro/register.html",
      "time" : {
        "start" : 1726795567039,
        "stop" : 1726795567385,
        "duration" : 346
      },
      "status" : "passed",
      "steps" : [ ],
      "attachments" : [ ],
      "parameters" : [ ],
      "stepsCount" : 0,
      "attachmentsCount" : 0,
      "shouldDisplayMessage" : false,
      "hasContent" : false
    }, {
      "name" : "Login user",
      "time" : {
        "start" : 1726795567385,
        "stop" : 1726795567557,
        "duration" : 172
      },
      "status" : "passed",
      "steps" : [ {
        "name" : "Enter email.",
        "time" : {
          "start" : 1726795567385,
          "stop" : 1726795567444,
          "duration" : 59
        },
        "status" : "passed",
        "steps" : [ ],
        "attachments" : [ ],
        "parameters" : [ ],
        "stepsCount" : 0,
        "attachmentsCount" : 0,
        "shouldDisplayMessage" : false,
        "hasContent" : false
      }, {
        "name" : "Enter password.",
        "time" : {
          "start" : 1726795567444,
          "stop" : 1726795567486,
          "duration" : 42
        },
        "status" : "passed",
        "steps" : [ ],
        "attachments" : [ ],
        "parameters" : [ ],
        "stepsCount" : 0,
        "attachmentsCount" : 0,
        "shouldDisplayMessage" : false,
        "hasContent" : false
      }, {
        "name" : "Click button \"Login\"",
        "time" : {
          "start" : 1726795567486,
          "stop" : 1726795567554,
          "duration" : 68
        },
        "status" : "passed",
        "steps" : [ ],
        "attachments" : [ ],
        "parameters" : [ ],
        "stepsCount" : 0,
        "attachmentsCount" : 0,
        "shouldDisplayMessage" : false,
        "hasContent" : false
      }, {
        "name" : "Check url is present: https://oblache.areso.pro/register.html",
        "time" : {
          "start" : 1726795567555,
          "stop" : 1726795567557,
          "duration" : 2
        },
        "status" : "passed",
        "steps" : [ ],
        "attachments" : [ ],
        "parameters" : [ ],
        "stepsCount" : 0,
        "attachmentsCount" : 0,
        "shouldDisplayMessage" : false,
        "hasContent" : false
      } ],
      "attachments" : [ ],
      "parameters" : [ ],
      "stepsCount" : 4,
      "attachmentsCount" : 0,
      "shouldDisplayMessage" : false,
      "hasContent" : true
    } ],
    "attachments" : [ ],
    "parameters" : [ ],
    "stepsCount" : 6,
    "attachmentsCount" : 0,
    "shouldDisplayMessage" : false,
    "hasContent" : true
  }, {
    "name" : "driver",
    "time" : {
      "start" : 1726795566780,
      "stop" : 1726795567039,
      "duration" : 259
    },
    "status" : "passed",
    "steps" : [ ],
    "attachments" : [ ],
    "parameters" : [ ],
    "stepsCount" : 0,
    "attachmentsCount" : 0,
    "shouldDisplayMessage" : false,
    "hasContent" : false
  } ],
  "testStage" : {
    "status" : "broken",
    "statusMessage" : "selenium.common.exceptions.TimeoutException: Message: Can't find element by locator ('xpath', '//div[@id=\"msg_from_server\"]')",
    "statusTrace" : "self = <tests_ui.test_ui.TestProfilePage object at 0x7f3dafb1c6e0>\ndriver = <selenium.webdriver.chrome.webdriver.WebDriver (session=\"c6b591b7eb31e14e880ab4cfa12240da\")>\nauthorization_user = None\n\n    @allure.title('test_create_database')\n    def test_create_database(self, driver, authorization_user):\n        page = ProfilePage(driver, authorization_user)\n>       page.compare_database_status()\n\ntests_ui/test_ui.py:83: \n_ _ _ _ _ _ _ _ _ _ _ _ _ _ _ _ _ _ _ _ _ _ _ _ _ _ _ _ _ _ _ _ _ _ _ _ _ _ _ _ \ntests_ui/profile_page.py:150: in compare_database_status\n    msg = self.element_is_visible(self.locators.MSG_FROM_SERVER).text\ntests_ui/base_page.py:34: in element_is_visible\n    return Wait(self.driver, self.timeout).until(\n_ _ _ _ _ _ _ _ _ _ _ _ _ _ _ _ _ _ _ _ _ _ _ _ _ _ _ _ _ _ _ _ _ _ _ _ _ _ _ _ \n\nself = <selenium.webdriver.support.wait.WebDriverWait (session=\"c6b591b7eb31e14e880ab4cfa12240da\")>\nmethod = <function visibility_of_element_located.<locals>._predicate at 0x7f3daefe3f60>\nmessage = 'Can\\'t find element by locator (\\'xpath\\', \\'//div[@id=\"msg_from_server\"]\\')'\n\n    def until(self, method: Callable[[D], Union[Literal[False], T]], message: str = \"\") -> T:\n        \"\"\"Calls the method provided with the driver as an argument until the \\\n        return value does not evaluate to ``False``.\n    \n        :param method: callable(WebDriver)\n        :param message: optional message for :exc:`TimeoutException`\n        :returns: the result of the last call to `method`\n        :raises: :exc:`selenium.common.exceptions.TimeoutException` if timeout occurs\n        \"\"\"\n        screen = None\n        stacktrace = None\n    \n        end_time = time.monotonic() + self._timeout\n        while True:\n            try:\n                value = method(self._driver)\n                if value:\n                    return value\n            except self._ignored_exceptions as exc:\n                screen = getattr(exc, \"screen\", None)\n                stacktrace = getattr(exc, \"stacktrace\", None)\n            time.sleep(self._poll)\n            if time.monotonic() > end_time:\n                break\n>       raise TimeoutException(message, screen, stacktrace)\nE       selenium.common.exceptions.TimeoutException: Message: Can't find element by locator ('xpath', '//div[@id=\"msg_from_server\"]')\n\n/opt/hostedtoolcache/Python/3.12.6/x64/lib/python3.12/site-packages/selenium/webdriver/support/wait.py:105: TimeoutException",
    "steps" : [ {
      "name" : "Click button Status.",
      "time" : {
        "start" : 1726795568558,
        "stop" : 1726795568612,
        "duration" : 54
      },
      "status" : "passed",
      "steps" : [ ],
      "attachments" : [ ],
      "parameters" : [ ],
      "stepsCount" : 0,
      "attachmentsCount" : 0,
      "shouldDisplayMessage" : false,
      "hasContent" : false
    }, {
      "name" : "Get status data.",
      "time" : {
        "start" : 1726795568849,
        "stop" : 1726795568849,
        "duration" : 0
      },
      "status" : "passed",
      "steps" : [ {
        "name" : "Status data is: {'Email:': 'nodata', 'is blocked?': 'nodata', 'is db creation allowed?': 'nodata', 'disk db quota, mb': 'nodata', 'disk db used, mb': 'nodata', 'db qty quota': 'nodata', 'db qty used': 'nodata'}",
        "time" : {
          "start" : 1726795568849,
          "stop" : 1726795568849,
          "duration" : 0
        },
        "status" : "passed",
        "steps" : [ ],
        "attachments" : [ ],
        "parameters" : [ ],
        "stepsCount" : 0,
        "attachmentsCount" : 0,
        "shouldDisplayMessage" : false,
        "hasContent" : false
      } ],
      "attachments" : [ ],
      "parameters" : [ ],
      "stepsCount" : 1,
      "attachmentsCount" : 0,
      "shouldDisplayMessage" : false,
      "hasContent" : true
    }, {
      "name" : "Click \"Databases\" button.",
      "time" : {
        "start" : 1726795568850,
        "stop" : 1726795568900,
        "duration" : 50
      },
      "status" : "passed",
      "steps" : [ ],
      "attachments" : [ ],
      "parameters" : [ ],
      "stepsCount" : 0,
      "attachmentsCount" : 0,
      "shouldDisplayMessage" : false,
      "hasContent" : false
    }, {
      "name" : "Click \"Create new DB\" button.",
      "time" : {
        "start" : 1726795568900,
        "stop" : 1726795568954,
        "duration" : 54
      },
      "status" : "passed",
      "steps" : [ ],
      "attachments" : [ ],
      "parameters" : [ ],
      "stepsCount" : 0,
      "attachmentsCount" : 0,
      "shouldDisplayMessage" : false,
      "hasContent" : false
    }, {
      "name" : "Select region \"CIS\".",
      "time" : {
        "start" : 1726795568954,
        "stop" : 1726795570089,
        "duration" : 1135
      },
      "status" : "passed",
      "steps" : [ ],
      "attachments" : [ ],
      "parameters" : [ ],
      "stepsCount" : 0,
      "attachmentsCount" : 0,
      "shouldDisplayMessage" : false,
      "hasContent" : false
    }, {
      "name" : "Click \"Create\" button.",
      "time" : {
        "start" : 1726795570089,
        "stop" : 1726795570137,
        "duration" : 48
      },
      "status" : "passed",
      "steps" : [ ],
      "attachments" : [ ],
      "parameters" : [ ],
      "stepsCount" : 0,
      "attachmentsCount" : 0,
      "shouldDisplayMessage" : false,
      "hasContent" : false
    } ],
    "attachments" : [ {
      "uid" : "fb4a343eb6bb0d1a",
      "name" : "Screenshot 2024-09-20 01:26:15.362515",
      "source" : "fb4a343eb6bb0d1a.png",
      "type" : "image/png",
      "size" : 30142
    } ],
    "parameters" : [ ],
    "stepsCount" : 7,
    "attachmentsCount" : 1,
    "shouldDisplayMessage" : true,
    "hasContent" : true
  },
  "afterStages" : [ {
    "name" : "driver::0",
    "time" : {
      "start" : 1726795575364,
      "stop" : 1726795575428,
      "duration" : 64
    },
    "status" : "passed",
    "steps" : [ ],
    "attachments" : [ ],
    "parameters" : [ ],
    "stepsCount" : 0,
    "attachmentsCount" : 0,
    "shouldDisplayMessage" : false,
    "hasContent" : false
  } ],
  "labels" : [ {
    "name" : "suite",
    "value" : "Test Profile Page."
  }, {
    "name" : "parentSuite",
    "value" : "tests_ui"
  }, {
    "name" : "subSuite",
    "value" : "TestProfilePage"
  }, {
    "name" : "host",
    "value" : "fv-az1144-476"
  }, {
    "name" : "thread",
    "value" : "2280-MainThread"
  }, {
    "name" : "framework",
    "value" : "pytest"
  }, {
    "name" : "language",
    "value" : "cpython3"
  }, {
    "name" : "package",
    "value" : "tests_ui.test_ui"
  }, {
    "name" : "resultFormat",
    "value" : "allure2"
  } ],
  "parameters" : [ ],
  "links" : [ ],
  "hidden" : false,
  "retry" : false,
  "extra" : {
    "severity" : "normal",
    "retries" : [ ],
    "categories" : [ {
      "name" : "Test defects",
      "matchedStatuses" : [ ],
      "flaky" : false
    } ],
    "history" : {
      "statistic" : {
        "failed" : 0,
        "broken" : 38,
        "skipped" : 0,
        "passed" : 0,
        "unknown" : 0,
        "total" : 38
      },
      "items" : [ {
        "uid" : "d6c35b28b04fcde3",
        "reportUrl" : "https://Areso.github.io/Oblache/161//#testresult/d6c35b28b04fcde3",
        "status" : "broken",
        "statusDetails" : "selenium.common.exceptions.TimeoutException: Message: Can't find element by locator ('xpath', '//div[@id=\"msg_from_server\"]')",
        "time" : {
          "start" : 1726709195501,
          "stop" : 1726709204115,
          "duration" : 8614
        }
      }, {
        "uid" : "90d75c1c77983d64",
        "reportUrl" : "https://Areso.github.io/Oblache/160//#testresult/90d75c1c77983d64",
        "status" : "broken",
        "statusDetails" : "selenium.common.exceptions.TimeoutException: Message: Can't find element by locator ('xpath', '//div[@id=\"msg_from_server\"]')",
        "time" : {
          "start" : 1726622646729,
          "stop" : 1726622654444,
          "duration" : 7715
        }
      }, {
        "uid" : "595adc346f1eeda7",
        "reportUrl" : "https://Areso.github.io/Oblache/2//#testresult/595adc346f1eeda7",
        "status" : "broken",
        "statusDetails" : "selenium.common.exceptions.TimeoutException: Message: Can't find element by locator ('xpath', '//div[@id=\"msg_from_server\"]')",
        "time" : {
          "start" : 1726572610036,
          "stop" : 1726572617876,
          "duration" : 7840
        }
      }, {
        "uid" : "c783fb15ee4b8e37",
        "reportUrl" : "https://Areso.github.io/Oblache/159//#testresult/c783fb15ee4b8e37",
        "status" : "broken",
        "statusDetails" : "selenium.common.exceptions.TimeoutException: Message: Can't find element by locator ('xpath', '//button[@id=\"menu_button_status\"]')\nStacktrace:\n#0 0x5644b5b2f86a <unknown>\n#1 0x5644b57fde50 <unknown>\n#2 0x5644b584d644 <unknown>\n#3 0x5644b584d931 <unknown>\n#4 0x5644b5893534 <unknown>\n#5 0x5644b58724bd <unknown>\n#6 0x5644b58909c6 <unknown>\n#7 0x5644b5872233 <unknown>\n#8 0x5644b5840093 <unknown>\n#9 0x5644b584109e <unknown>\n#10 0x5644b5af6acb <unknown>\n#11 0x5644b5afaa81 <unknown>\n#12 0x5644b5ae2695 <unknown>\n#13 0x5644b5afb5f2 <unknown>\n#14 0x5644b5ac786f <unknown>\n#15 0x5644b5b1e668 <unknown>\n#16 0x5644b5b1e832 <unknown>\n#17 0x5644b5b2e65c <unknown>\n#18 0x7fb9a9c94ac3 <unknown>",
        "time" : {
          "start" : 1726535380607,
          "stop" : 1726535386739,
          "duration" : 6132
        }
      }, {
        "uid" : "1917e021150a0793",
        "reportUrl" : "https://Areso.github.io/Oblache/158//#testresult/1917e021150a0793",
        "status" : "broken",
        "statusDetails" : "selenium.common.exceptions.TimeoutException: Message: Can't find element by locator ('xpath', '//div[@id=\"msg_from_server\"]')",
        "time" : {
          "start" : 1726450138095,
          "stop" : 1726450145809,
          "duration" : 7714
        }
      }, {
        "uid" : "7cb35972ec1519d8",
        "reportUrl" : "https://Areso.github.io/Oblache/157//#testresult/7cb35972ec1519d8",
        "status" : "broken",
        "statusDetails" : "selenium.common.exceptions.TimeoutException: Message: Can't find element by locator ('xpath', '//div[@id=\"msg_from_server\"]')",
        "time" : {
          "start" : 1726364428388,
          "stop" : 1726364437197,
          "duration" : 8809
        }
      }, {
        "uid" : "bfe17aafbb705fc",
        "reportUrl" : "https://Areso.github.io/Oblache/156//#testresult/bfe17aafbb705fc",
        "status" : "broken",
        "statusDetails" : "selenium.common.exceptions.TimeoutException: Message: Can't find element by locator ('xpath', '//div[@id=\"msg_from_server\"]')",
        "time" : {
          "start" : 1726276983975,
          "stop" : 1726276991732,
          "duration" : 7757
        }
      }, {
        "uid" : "340dc3756a3d0fe",
        "reportUrl" : "https://Areso.github.io/Oblache/155//#testresult/340dc3756a3d0fe",
        "status" : "broken",
        "statusDetails" : "selenium.common.exceptions.TimeoutException: Message: Can't find element by locator ('xpath', '//div[@id=\"msg_from_server\"]')",
        "time" : {
          "start" : 1726190697584,
          "stop" : 1726190705339,
          "duration" : 7755
        }
      }, {
        "uid" : "efc8cd616413326",
        "reportUrl" : "https://Areso.github.io/Oblache/154//#testresult/efc8cd616413326",
        "status" : "broken",
        "statusDetails" : "selenium.common.exceptions.TimeoutException: Message: Can't find element by locator ('xpath', '//div[@id=\"msg_from_server\"]')",
        "time" : {
          "start" : 1726104245924,
          "stop" : 1726104254507,
          "duration" : 8583
        }
      }, {
        "uid" : "ad5c15c4ba62d2ab",
        "reportUrl" : "https://Areso.github.io/Oblache/153//#testresult/ad5c15c4ba62d2ab",
        "status" : "broken",
        "statusDetails" : "selenium.common.exceptions.TimeoutException: Message: Can't find element by locator ('xpath', '//div[@id=\"msg_from_server\"]')",
        "time" : {
          "start" : 1726017833823,
          "stop" : 1726017841589,
          "duration" : 7766
        }
      }, {
        "uid" : "ff4718512a917eb1",
        "reportUrl" : "https://Areso.github.io/Oblache/152//#testresult/ff4718512a917eb1",
        "status" : "broken",
        "statusDetails" : "selenium.common.exceptions.TimeoutException: Message: Can't find element by locator ('xpath', '//div[@id=\"msg_from_server\"]')",
        "time" : {
          "start" : 1725931497408,
          "stop" : 1725931505133,
          "duration" : 7725
        }
      }, {
        "uid" : "c1619215504e684b",
        "reportUrl" : "https://Areso.github.io/Oblache/151//#testresult/c1619215504e684b",
        "status" : "broken",
        "statusDetails" : "selenium.common.exceptions.TimeoutException: Message: Can't find element by locator ('xpath', '//div[@id=\"msg_from_server\"]')",
        "time" : {
          "start" : 1725845320249,
          "stop" : 1725845328042,
          "duration" : 7793
        }
      }, {
        "uid" : "81cd968b512d108f",
        "reportUrl" : "https://Areso.github.io/Oblache/150//#testresult/81cd968b512d108f",
        "status" : "broken",
        "statusDetails" : "selenium.common.exceptions.TimeoutException: Message: Can't find element by locator ('xpath', '//div[@id=\"msg_from_server\"]')",
        "time" : {
          "start" : 1725758970744,
          "stop" : 1725758978521,
          "duration" : 7777
        }
      }, {
        "uid" : "dfea0c29f4bfe157",
        "reportUrl" : "https://Areso.github.io/Oblache/149//#testresult/dfea0c29f4bfe157",
        "status" : "broken",
        "statusDetails" : "selenium.common.exceptions.TimeoutException: Message: Can't find element by locator ('xpath', '//div[@id=\"msg_from_server\"]')",
        "time" : {
          "start" : 1725672150759,
          "stop" : 1725672159335,
          "duration" : 8576
        }
      }, {
        "uid" : "dc782d21d00c5d04",
        "reportUrl" : "https://Areso.github.io/Oblache/148//#testresult/dc782d21d00c5d04",
        "status" : "broken",
        "statusDetails" : "selenium.common.exceptions.TimeoutException: Message: Can't find element by locator ('xpath', '//div[@id=\"msg_from_server\"]')",
        "time" : {
          "start" : 1725585939301,
          "stop" : 1725585947214,
          "duration" : 7913
        }
      }, {
        "uid" : "6ef71bb81a4aae82",
        "reportUrl" : "https://Areso.github.io/Oblache/147//#testresult/6ef71bb81a4aae82",
        "status" : "broken",
        "statusDetails" : "ValueError: invalid literal for int() with base 10: 'nodata'",
        "time" : {
          "start" : 1725499599669,
          "stop" : 1725499604147,
          "duration" : 4478
        }
      }, {
        "uid" : "b930b527b88f2084",
        "reportUrl" : "https://Areso.github.io/Oblache/146//#testresult/b930b527b88f2084",
        "status" : "broken",
        "statusDetails" : "selenium.common.exceptions.TimeoutException: Message: Can't find element by locator ('xpath', '//div[@id=\"msg_from_server\"]')",
        "time" : {
          "start" : 1725413009057,
          "stop" : 1725413017643,
          "duration" : 8586
        }
      }, {
        "uid" : "813ea2fa38ed52ec",
        "reportUrl" : "https://Areso.github.io/Oblache/145//#testresult/813ea2fa38ed52ec",
        "status" : "broken",
        "statusDetails" : "selenium.common.exceptions.TimeoutException: Message: Can't find element by locator ('xpath', '//div[@id=\"msg_from_server\"]')",
        "time" : {
          "start" : 1725326552580,
          "stop" : 1725326561124,
          "duration" : 8544
        }
      }, {
        "uid" : "f75c18095ba8ae60",
        "reportUrl" : "https://Areso.github.io/Oblache/144//#testresult/f75c18095ba8ae60",
        "status" : "broken",
        "statusDetails" : "selenium.common.exceptions.TimeoutException: Message: Can't find element by locator ('xpath', '//div[@id=\"msg_from_server\"]')",
        "time" : {
          "start" : 1725240265256,
          "stop" : 1725240273775,
          "duration" : 8519
        }
      }, {
        "uid" : "f4017e955ef21f75",
        "reportUrl" : "https://Areso.github.io/Oblache/143//#testresult/f4017e955ef21f75",
        "status" : "broken",
        "statusDetails" : "selenium.common.exceptions.TimeoutException: Message: Can't find element by locator ('xpath', '//div[@id=\"msg_from_server\"]')",
        "time" : {
          "start" : 1725154878661,
          "stop" : 1725154886330,
          "duration" : 7669
        }
      } ]
    },
    "tags" : [ ]
  },
  "source" : "54a3cc5956f4e021.json",
  "parameterValues" : [ ]
}