{
  "uid" : "cc10fa810bafe4fc",
  "name" : "test_check_title_of_static_table",
  "fullName" : "tests_ui.test_ui.TestProfilePage#test_check_title_of_static_table",
  "historyId" : "eb2cea1546ad6874ff07a2bb88c686ae",
  "time" : {
    "start" : 1726622640462,
    "stop" : 1726622645834,
    "duration" : 5372
  },
  "status" : "broken",
  "statusMessage" : "selenium.common.exceptions.TimeoutException: Message: Can't find element by locator ('xpath', '//button[@id=\"menu_button_webpages\"]')\nStacktrace:\n#0 0x5605050402da <unknown>\n#1 0x560504d0e200 <unknown>\n#2 0x560504d5daa2 <unknown>\n#3 0x560504d5dd41 <unknown>\n#4 0x560504da3964 <unknown>\n#5 0x560504d828fd <unknown>\n#6 0x560504da0dfd <unknown>\n#7 0x560504d82673 <unknown>\n#8 0x560504d50473 <unknown>\n#9 0x560504d5147e <unknown>\n#10 0x5605050070db <unknown>\n#11 0x56050500b071 <unknown>\n#12 0x560504ff39d5 <unknown>\n#13 0x56050500bbf2 <unknown>\n#14 0x560504fd8b6f <unknown>\n#15 0x56050502f248 <unknown>\n#16 0x56050502f417 <unknown>\n#17 0x56050503f0cc <unknown>\n#18 0x7f0bd9a94ac3 <unknown>",
  "statusTrace" : "self = <tests_ui.test_ui.TestProfilePage object at 0x7fd39b89d280>\ndriver = <selenium.webdriver.chrome.webdriver.WebDriver (session=\"b5ca4c7b371377671372a9a861b223c3\")>\nauthorization_user = None\n\n    @allure.title('test_check_title_of_static_table')\n    def test_check_title_of_static_table(self, driver, authorization_user):\n        page = ProfilePage(driver)\n>       page.click_static_site_button()\n\ntests_ui/test_ui.py:75: \n_ _ _ _ _ _ _ _ _ _ _ _ _ _ _ _ _ _ _ _ _ _ _ _ _ _ _ _ _ _ _ _ _ _ _ _ _ _ _ _ \ntests_ui/profile_page.py:41: in click_static_site_button\n    return self.element_is_present_and_clickable(self.locators.STATIC_BUTTON).click()\ntests_ui/base_page.py:28: in element_is_present_and_clickable\n    return (Wait(self.driver, self.timeout).until(\n_ _ _ _ _ _ _ _ _ _ _ _ _ _ _ _ _ _ _ _ _ _ _ _ _ _ _ _ _ _ _ _ _ _ _ _ _ _ _ _ \n\nself = <selenium.webdriver.support.wait.WebDriverWait (session=\"b5ca4c7b371377671372a9a861b223c3\")>\nmethod = <function visibility_of_element_located.<locals>._predicate at 0x7fd39ada3240>\nmessage = 'Can\\'t find element by locator (\\'xpath\\', \\'//button[@id=\"menu_button_webpages\"]\\')'\n\n    def until(self, method: Callable[[D], Union[Literal[False], T]], message: str = \"\") -> T:\n        \"\"\"Calls the method provided with the driver as an argument until the \\\n        return value does not evaluate to ``False``.\n    \n        :param method: callable(WebDriver)\n        :param message: optional message for :exc:`TimeoutException`\n        :returns: the result of the last call to `method`\n        :raises: :exc:`selenium.common.exceptions.TimeoutException` if timeout occurs\n        \"\"\"\n        screen = None\n        stacktrace = None\n    \n        end_time = time.monotonic() + self._timeout\n        while True:\n            try:\n                value = method(self._driver)\n                if value:\n                    return value\n            except self._ignored_exceptions as exc:\n                screen = getattr(exc, \"screen\", None)\n                stacktrace = getattr(exc, \"stacktrace\", None)\n            time.sleep(self._poll)\n            if time.monotonic() > end_time:\n                break\n>       raise TimeoutException(message, screen, stacktrace)\nE       selenium.common.exceptions.TimeoutException: Message: Can't find element by locator ('xpath', '//button[@id=\"menu_button_webpages\"]')\nE       Stacktrace:\nE       #0 0x5605050402da <unknown>\nE       #1 0x560504d0e200 <unknown>\nE       #2 0x560504d5daa2 <unknown>\nE       #3 0x560504d5dd41 <unknown>\nE       #4 0x560504da3964 <unknown>\nE       #5 0x560504d828fd <unknown>\nE       #6 0x560504da0dfd <unknown>\nE       #7 0x560504d82673 <unknown>\nE       #8 0x560504d50473 <unknown>\nE       #9 0x560504d5147e <unknown>\nE       #10 0x5605050070db <unknown>\nE       #11 0x56050500b071 <unknown>\nE       #12 0x560504ff39d5 <unknown>\nE       #13 0x56050500bbf2 <unknown>\nE       #14 0x560504fd8b6f <unknown>\nE       #15 0x56050502f248 <unknown>\nE       #16 0x56050502f417 <unknown>\nE       #17 0x56050503f0cc <unknown>\nE       #18 0x7f0bd9a94ac3 <unknown>\n\n/opt/hostedtoolcache/Python/3.12.6/x64/lib/python3.12/site-packages/selenium/webdriver/support/wait.py:105: TimeoutException",
  "flaky" : false,
  "newFailed" : false,
  "beforeStages" : [ {
    "name" : "authorization_user",
    "time" : {
      "start" : 1726622639986,
      "stop" : 1726622640462,
      "duration" : 476
    },
    "status" : "passed",
    "steps" : [ {
      "name" : "Open page: https://oblache.areso.pro/register.html",
      "time" : {
        "start" : 1726622639986,
        "stop" : 1726622640286,
        "duration" : 300
      },
      "status" : "passed",
      "steps" : [ ],
      "attachments" : [ ],
      "parameters" : [ ],
      "stepsCount" : 0,
      "attachmentsCount" : 0,
      "shouldDisplayMessage" : false,
      "hasContent" : false
    }, {
      "name" : "login_user",
      "time" : {
        "start" : 1726622640286,
        "stop" : 1726622640462,
        "duration" : 176
      },
      "status" : "passed",
      "steps" : [ {
        "name" : "Enter email.",
        "time" : {
          "start" : 1726622640286,
          "stop" : 1726622640346,
          "duration" : 60
        },
        "status" : "passed",
        "steps" : [ ],
        "attachments" : [ ],
        "parameters" : [ ],
        "stepsCount" : 0,
        "attachmentsCount" : 0,
        "shouldDisplayMessage" : false,
        "hasContent" : false
      }, {
        "name" : "Enter password.",
        "time" : {
          "start" : 1726622640346,
          "stop" : 1726622640389,
          "duration" : 43
        },
        "status" : "passed",
        "steps" : [ ],
        "attachments" : [ ],
        "parameters" : [ ],
        "stepsCount" : 0,
        "attachmentsCount" : 0,
        "shouldDisplayMessage" : false,
        "hasContent" : false
      }, {
        "name" : "Click button \"Login\"",
        "time" : {
          "start" : 1726622640389,
          "stop" : 1726622640459,
          "duration" : 70
        },
        "status" : "passed",
        "steps" : [ ],
        "attachments" : [ ],
        "parameters" : [ ],
        "stepsCount" : 0,
        "attachmentsCount" : 0,
        "shouldDisplayMessage" : false,
        "hasContent" : false
      }, {
        "name" : "Check url is present: https://oblache.areso.pro/register.html",
        "time" : {
          "start" : 1726622640459,
          "stop" : 1726622640462,
          "duration" : 3
        },
        "status" : "passed",
        "steps" : [ ],
        "attachments" : [ ],
        "parameters" : [ ],
        "stepsCount" : 0,
        "attachmentsCount" : 0,
        "shouldDisplayMessage" : false,
        "hasContent" : false
      } ],
      "attachments" : [ ],
      "parameters" : [ ],
      "stepsCount" : 4,
      "attachmentsCount" : 0,
      "shouldDisplayMessage" : false,
      "hasContent" : true
    } ],
    "attachments" : [ ],
    "parameters" : [ ],
    "stepsCount" : 6,
    "attachmentsCount" : 0,
    "shouldDisplayMessage" : false,
    "hasContent" : true
  }, {
    "name" : "driver",
    "time" : {
      "start" : 1726622639727,
      "stop" : 1726622639986,
      "duration" : 259
    },
    "status" : "passed",
    "steps" : [ ],
    "attachments" : [ ],
    "parameters" : [ ],
    "stepsCount" : 0,
    "attachmentsCount" : 0,
    "shouldDisplayMessage" : false,
    "hasContent" : false
  } ],
  "testStage" : {
    "status" : "broken",
    "statusMessage" : "selenium.common.exceptions.TimeoutException: Message: Can't find element by locator ('xpath', '//button[@id=\"menu_button_webpages\"]')\nStacktrace:\n#0 0x5605050402da <unknown>\n#1 0x560504d0e200 <unknown>\n#2 0x560504d5daa2 <unknown>\n#3 0x560504d5dd41 <unknown>\n#4 0x560504da3964 <unknown>\n#5 0x560504d828fd <unknown>\n#6 0x560504da0dfd <unknown>\n#7 0x560504d82673 <unknown>\n#8 0x560504d50473 <unknown>\n#9 0x560504d5147e <unknown>\n#10 0x5605050070db <unknown>\n#11 0x56050500b071 <unknown>\n#12 0x560504ff39d5 <unknown>\n#13 0x56050500bbf2 <unknown>\n#14 0x560504fd8b6f <unknown>\n#15 0x56050502f248 <unknown>\n#16 0x56050502f417 <unknown>\n#17 0x56050503f0cc <unknown>\n#18 0x7f0bd9a94ac3 <unknown>",
    "statusTrace" : "self = <tests_ui.test_ui.TestProfilePage object at 0x7fd39b89d280>\ndriver = <selenium.webdriver.chrome.webdriver.WebDriver (session=\"b5ca4c7b371377671372a9a861b223c3\")>\nauthorization_user = None\n\n    @allure.title('test_check_title_of_static_table')\n    def test_check_title_of_static_table(self, driver, authorization_user):\n        page = ProfilePage(driver)\n>       page.click_static_site_button()\n\ntests_ui/test_ui.py:75: \n_ _ _ _ _ _ _ _ _ _ _ _ _ _ _ _ _ _ _ _ _ _ _ _ _ _ _ _ _ _ _ _ _ _ _ _ _ _ _ _ \ntests_ui/profile_page.py:41: in click_static_site_button\n    return self.element_is_present_and_clickable(self.locators.STATIC_BUTTON).click()\ntests_ui/base_page.py:28: in element_is_present_and_clickable\n    return (Wait(self.driver, self.timeout).until(\n_ _ _ _ _ _ _ _ _ _ _ _ _ _ _ _ _ _ _ _ _ _ _ _ _ _ _ _ _ _ _ _ _ _ _ _ _ _ _ _ \n\nself = <selenium.webdriver.support.wait.WebDriverWait (session=\"b5ca4c7b371377671372a9a861b223c3\")>\nmethod = <function visibility_of_element_located.<locals>._predicate at 0x7fd39ada3240>\nmessage = 'Can\\'t find element by locator (\\'xpath\\', \\'//button[@id=\"menu_button_webpages\"]\\')'\n\n    def until(self, method: Callable[[D], Union[Literal[False], T]], message: str = \"\") -> T:\n        \"\"\"Calls the method provided with the driver as an argument until the \\\n        return value does not evaluate to ``False``.\n    \n        :param method: callable(WebDriver)\n        :param message: optional message for :exc:`TimeoutException`\n        :returns: the result of the last call to `method`\n        :raises: :exc:`selenium.common.exceptions.TimeoutException` if timeout occurs\n        \"\"\"\n        screen = None\n        stacktrace = None\n    \n        end_time = time.monotonic() + self._timeout\n        while True:\n            try:\n                value = method(self._driver)\n                if value:\n                    return value\n            except self._ignored_exceptions as exc:\n                screen = getattr(exc, \"screen\", None)\n                stacktrace = getattr(exc, \"stacktrace\", None)\n            time.sleep(self._poll)\n            if time.monotonic() > end_time:\n                break\n>       raise TimeoutException(message, screen, stacktrace)\nE       selenium.common.exceptions.TimeoutException: Message: Can't find element by locator ('xpath', '//button[@id=\"menu_button_webpages\"]')\nE       Stacktrace:\nE       #0 0x5605050402da <unknown>\nE       #1 0x560504d0e200 <unknown>\nE       #2 0x560504d5daa2 <unknown>\nE       #3 0x560504d5dd41 <unknown>\nE       #4 0x560504da3964 <unknown>\nE       #5 0x560504d828fd <unknown>\nE       #6 0x560504da0dfd <unknown>\nE       #7 0x560504d82673 <unknown>\nE       #8 0x560504d50473 <unknown>\nE       #9 0x560504d5147e <unknown>\nE       #10 0x5605050070db <unknown>\nE       #11 0x56050500b071 <unknown>\nE       #12 0x560504ff39d5 <unknown>\nE       #13 0x56050500bbf2 <unknown>\nE       #14 0x560504fd8b6f <unknown>\nE       #15 0x56050502f248 <unknown>\nE       #16 0x56050502f417 <unknown>\nE       #17 0x56050503f0cc <unknown>\nE       #18 0x7f0bd9a94ac3 <unknown>\n\n/opt/hostedtoolcache/Python/3.12.6/x64/lib/python3.12/site-packages/selenium/webdriver/support/wait.py:105: TimeoutException",
    "steps" : [ {
      "name" : "Click \"Static site\" button.",
      "time" : {
        "start" : 1726622640462,
        "stop" : 1726622645834,
        "duration" : 5372
      },
      "status" : "broken",
      "statusMessage" : "selenium.common.exceptions.TimeoutException: Message: Can't find element by locator ('xpath', '//button[@id=\"menu_button_webpages\"]')\nStacktrace:\n#0 0x5605050402da <unknown>\n#1 0x560504d0e200 <unknown>\n#2 0x560504d5daa2 <unknown>\n#3 0x560504d5dd41 <unknown>\n#4 0x560504da3964 <unknown>\n#5 0x560504d828fd <unknown>\n#6 0x560504da0dfd <unknown>\n#7 0x560504d82673 <unknown>\n#8 0x560504d50473 <unknown>\n#9 0x560504d5147e <unknown>\n#10 0x5605050070db <unknown>\n#11 0x56050500b071 <unknown>\n#12 0x560504ff39d5 <unknown>\n#13 0x56050500bbf2 <unknown>\n#14 0x560504fd8b6f <unknown>\n#15 0x56050502f248 <unknown>\n#16 0x56050502f417 <unknown>\n#17 0x56050503f0cc <unknown>\n#18 0x7f0bd9a94ac3 <unknown>\n\n",
      "statusTrace" : "  File \"/opt/hostedtoolcache/Python/3.12.6/x64/lib/python3.12/site-packages/allure_commons/_allure.py\", line 192, in impl\n    return func(*a, **kw)\n           ^^^^^^^^^^^^^^\n  File \"/home/runner/work/Oblache/Oblache/tests_ui/profile_page.py\", line 41, in click_static_site_button\n    return self.element_is_present_and_clickable(self.locators.STATIC_BUTTON).click()\n           ^^^^^^^^^^^^^^^^^^^^^^^^^^^^^^^^^^^^^^^^^^^^^^^^^^^^^^^^^^^^^^^^^^\n  File \"/home/runner/work/Oblache/Oblache/tests_ui/base_page.py\", line 28, in element_is_present_and_clickable\n    return (Wait(self.driver, self.timeout).until(\n            ^^^^^^^^^^^^^^^^^^^^^^^^^^^^^^^^^^^^^^\n  File \"/opt/hostedtoolcache/Python/3.12.6/x64/lib/python3.12/site-packages/selenium/webdriver/support/wait.py\", line 105, in until\n    raise TimeoutException(message, screen, stacktrace)\n",
      "steps" : [ ],
      "attachments" : [ ],
      "parameters" : [ ],
      "stepsCount" : 0,
      "attachmentsCount" : 0,
      "shouldDisplayMessage" : true,
      "hasContent" : true
    } ],
    "attachments" : [ {
      "uid" : "b47b22ad15211aea",
      "name" : "Screenshot 2024-09-18 01:24:05.924555",
      "source" : "b47b22ad15211aea.png",
      "type" : "image/png",
      "size" : 37578
    } ],
    "parameters" : [ ],
    "stepsCount" : 1,
    "attachmentsCount" : 1,
    "shouldDisplayMessage" : true,
    "hasContent" : true
  },
  "afterStages" : [ {
    "name" : "driver::0",
    "time" : {
      "start" : 1726622645926,
      "stop" : 1726622645992,
      "duration" : 66
    },
    "status" : "passed",
    "steps" : [ ],
    "attachments" : [ ],
    "parameters" : [ ],
    "stepsCount" : 0,
    "attachmentsCount" : 0,
    "shouldDisplayMessage" : false,
    "hasContent" : false
  } ],
  "labels" : [ {
    "name" : "suite",
    "value" : "Test Profile Page."
  }, {
    "name" : "parentSuite",
    "value" : "tests_ui"
  }, {
    "name" : "subSuite",
    "value" : "TestProfilePage"
  }, {
    "name" : "host",
    "value" : "fv-az887-52"
  }, {
    "name" : "thread",
    "value" : "2274-MainThread"
  }, {
    "name" : "framework",
    "value" : "pytest"
  }, {
    "name" : "language",
    "value" : "cpython3"
  }, {
    "name" : "package",
    "value" : "tests_ui.test_ui"
  }, {
    "name" : "resultFormat",
    "value" : "allure2"
  } ],
  "parameters" : [ ],
  "links" : [ ],
  "hidden" : false,
  "retry" : false,
  "extra" : {
    "severity" : "normal",
    "retries" : [ ],
    "categories" : [ {
      "name" : "Test defects",
      "matchedStatuses" : [ ],
      "flaky" : false
    } ],
    "history" : {
      "statistic" : {
        "failed" : 0,
        "broken" : 1,
        "skipped" : 0,
        "passed" : 1,
        "unknown" : 0,
        "total" : 2
      },
      "items" : [ {
        "uid" : "7bffa8af1978e7f1",
        "reportUrl" : "https://Areso.github.io/Oblache/2//#testresult/7bffa8af1978e7f1",
        "status" : "passed",
        "time" : {
          "start" : 1726572608035,
          "stop" : 1726572609135,
          "duration" : 1100
        }
      } ]
    },
    "tags" : [ ]
  },
  "source" : "cc10fa810bafe4fc.json",
  "parameterValues" : [ ]
}