{
  "uid" : "ee29ac0318355a6",
  "name" : "test_open_static_site_page",
  "fullName" : "tests_ui.test_ui.TestProfilePage#test_open_statistic_page",
  "historyId" : "d5ae1e2d5dedc1997262906d6ec2db80",
  "time" : {
    "start" : 1726622634171,
    "stop" : 1726622639567,
    "duration" : 5396
  },
  "status" : "broken",
  "statusMessage" : "selenium.common.exceptions.TimeoutException: Message: Can't find element by locator ('xpath', '//button[@id=\"menu_button_webpages\"]')\nStacktrace:\n#0 0x56384b9db2da <unknown>\n#1 0x56384b6a9200 <unknown>\n#2 0x56384b6f8aa2 <unknown>\n#3 0x56384b6f8d41 <unknown>\n#4 0x56384b73e964 <unknown>\n#5 0x56384b71d8fd <unknown>\n#6 0x56384b73bdfd <unknown>\n#7 0x56384b71d673 <unknown>\n#8 0x56384b6eb473 <unknown>\n#9 0x56384b6ec47e <unknown>\n#10 0x56384b9a20db <unknown>\n#11 0x56384b9a6071 <unknown>\n#12 0x56384b98e9d5 <unknown>\n#13 0x56384b9a6bf2 <unknown>\n#14 0x56384b973b6f <unknown>\n#15 0x56384b9ca248 <unknown>\n#16 0x56384b9ca417 <unknown>\n#17 0x56384b9da0cc <unknown>\n#18 0x7f391d694ac3 <unknown>",
  "statusTrace" : "self = <tests_ui.test_ui.TestProfilePage object at 0x7fd39b89d130>\ndriver = <selenium.webdriver.chrome.webdriver.WebDriver (session=\"5ce22629cd7c02c70903a6e7f373db72\")>\nauthorization_user = None\n\n    @allure.title('test_open_static_site_page')\n    def test_open_statistic_page(self, driver, authorization_user):\n        page = ProfilePage(driver)\n>       page.click_static_site_button()\n\ntests_ui/test_ui.py:69: \n_ _ _ _ _ _ _ _ _ _ _ _ _ _ _ _ _ _ _ _ _ _ _ _ _ _ _ _ _ _ _ _ _ _ _ _ _ _ _ _ \ntests_ui/profile_page.py:41: in click_static_site_button\n    return self.element_is_present_and_clickable(self.locators.STATIC_BUTTON).click()\ntests_ui/base_page.py:28: in element_is_present_and_clickable\n    return (Wait(self.driver, self.timeout).until(\n_ _ _ _ _ _ _ _ _ _ _ _ _ _ _ _ _ _ _ _ _ _ _ _ _ _ _ _ _ _ _ _ _ _ _ _ _ _ _ _ \n\nself = <selenium.webdriver.support.wait.WebDriverWait (session=\"5ce22629cd7c02c70903a6e7f373db72\")>\nmethod = <function visibility_of_element_located.<locals>._predicate at 0x7fd39a799300>\nmessage = 'Can\\'t find element by locator (\\'xpath\\', \\'//button[@id=\"menu_button_webpages\"]\\')'\n\n    def until(self, method: Callable[[D], Union[Literal[False], T]], message: str = \"\") -> T:\n        \"\"\"Calls the method provided with the driver as an argument until the \\\n        return value does not evaluate to ``False``.\n    \n        :param method: callable(WebDriver)\n        :param message: optional message for :exc:`TimeoutException`\n        :returns: the result of the last call to `method`\n        :raises: :exc:`selenium.common.exceptions.TimeoutException` if timeout occurs\n        \"\"\"\n        screen = None\n        stacktrace = None\n    \n        end_time = time.monotonic() + self._timeout\n        while True:\n            try:\n                value = method(self._driver)\n                if value:\n                    return value\n            except self._ignored_exceptions as exc:\n                screen = getattr(exc, \"screen\", None)\n                stacktrace = getattr(exc, \"stacktrace\", None)\n            time.sleep(self._poll)\n            if time.monotonic() > end_time:\n                break\n>       raise TimeoutException(message, screen, stacktrace)\nE       selenium.common.exceptions.TimeoutException: Message: Can't find element by locator ('xpath', '//button[@id=\"menu_button_webpages\"]')\nE       Stacktrace:\nE       #0 0x56384b9db2da <unknown>\nE       #1 0x56384b6a9200 <unknown>\nE       #2 0x56384b6f8aa2 <unknown>\nE       #3 0x56384b6f8d41 <unknown>\nE       #4 0x56384b73e964 <unknown>\nE       #5 0x56384b71d8fd <unknown>\nE       #6 0x56384b73bdfd <unknown>\nE       #7 0x56384b71d673 <unknown>\nE       #8 0x56384b6eb473 <unknown>\nE       #9 0x56384b6ec47e <unknown>\nE       #10 0x56384b9a20db <unknown>\nE       #11 0x56384b9a6071 <unknown>\nE       #12 0x56384b98e9d5 <unknown>\nE       #13 0x56384b9a6bf2 <unknown>\nE       #14 0x56384b973b6f <unknown>\nE       #15 0x56384b9ca248 <unknown>\nE       #16 0x56384b9ca417 <unknown>\nE       #17 0x56384b9da0cc <unknown>\nE       #18 0x7f391d694ac3 <unknown>\n\n/opt/hostedtoolcache/Python/3.12.6/x64/lib/python3.12/site-packages/selenium/webdriver/support/wait.py:105: TimeoutException",
  "flaky" : false,
  "newFailed" : false,
  "beforeStages" : [ {
    "name" : "authorization_user",
    "time" : {
      "start" : 1726622633694,
      "stop" : 1726622634170,
      "duration" : 476
    },
    "status" : "passed",
    "steps" : [ {
      "name" : "Open page: https://oblache.areso.pro/register.html",
      "time" : {
        "start" : 1726622633694,
        "stop" : 1726622633995,
        "duration" : 301
      },
      "status" : "passed",
      "steps" : [ ],
      "attachments" : [ ],
      "parameters" : [ ],
      "stepsCount" : 0,
      "attachmentsCount" : 0,
      "shouldDisplayMessage" : false,
      "hasContent" : false
    }, {
      "name" : "login_user",
      "time" : {
        "start" : 1726622633995,
        "stop" : 1726622634170,
        "duration" : 175
      },
      "status" : "passed",
      "steps" : [ {
        "name" : "Enter email.",
        "time" : {
          "start" : 1726622633995,
          "stop" : 1726622634049,
          "duration" : 54
        },
        "status" : "passed",
        "steps" : [ ],
        "attachments" : [ ],
        "parameters" : [ ],
        "stepsCount" : 0,
        "attachmentsCount" : 0,
        "shouldDisplayMessage" : false,
        "hasContent" : false
      }, {
        "name" : "Enter password.",
        "time" : {
          "start" : 1726622634050,
          "stop" : 1726622634095,
          "duration" : 45
        },
        "status" : "passed",
        "steps" : [ ],
        "attachments" : [ ],
        "parameters" : [ ],
        "stepsCount" : 0,
        "attachmentsCount" : 0,
        "shouldDisplayMessage" : false,
        "hasContent" : false
      }, {
        "name" : "Click button \"Login\"",
        "time" : {
          "start" : 1726622634095,
          "stop" : 1726622634167,
          "duration" : 72
        },
        "status" : "passed",
        "steps" : [ ],
        "attachments" : [ ],
        "parameters" : [ ],
        "stepsCount" : 0,
        "attachmentsCount" : 0,
        "shouldDisplayMessage" : false,
        "hasContent" : false
      }, {
        "name" : "Check url is present: https://oblache.areso.pro/register.html",
        "time" : {
          "start" : 1726622634167,
          "stop" : 1726622634170,
          "duration" : 3
        },
        "status" : "passed",
        "steps" : [ ],
        "attachments" : [ ],
        "parameters" : [ ],
        "stepsCount" : 0,
        "attachmentsCount" : 0,
        "shouldDisplayMessage" : false,
        "hasContent" : false
      } ],
      "attachments" : [ ],
      "parameters" : [ ],
      "stepsCount" : 4,
      "attachmentsCount" : 0,
      "shouldDisplayMessage" : false,
      "hasContent" : true
    } ],
    "attachments" : [ ],
    "parameters" : [ ],
    "stepsCount" : 6,
    "attachmentsCount" : 0,
    "shouldDisplayMessage" : false,
    "hasContent" : true
  }, {
    "name" : "driver",
    "time" : {
      "start" : 1726622633422,
      "stop" : 1726622633694,
      "duration" : 272
    },
    "status" : "passed",
    "steps" : [ ],
    "attachments" : [ ],
    "parameters" : [ ],
    "stepsCount" : 0,
    "attachmentsCount" : 0,
    "shouldDisplayMessage" : false,
    "hasContent" : false
  } ],
  "testStage" : {
    "status" : "broken",
    "statusMessage" : "selenium.common.exceptions.TimeoutException: Message: Can't find element by locator ('xpath', '//button[@id=\"menu_button_webpages\"]')\nStacktrace:\n#0 0x56384b9db2da <unknown>\n#1 0x56384b6a9200 <unknown>\n#2 0x56384b6f8aa2 <unknown>\n#3 0x56384b6f8d41 <unknown>\n#4 0x56384b73e964 <unknown>\n#5 0x56384b71d8fd <unknown>\n#6 0x56384b73bdfd <unknown>\n#7 0x56384b71d673 <unknown>\n#8 0x56384b6eb473 <unknown>\n#9 0x56384b6ec47e <unknown>\n#10 0x56384b9a20db <unknown>\n#11 0x56384b9a6071 <unknown>\n#12 0x56384b98e9d5 <unknown>\n#13 0x56384b9a6bf2 <unknown>\n#14 0x56384b973b6f <unknown>\n#15 0x56384b9ca248 <unknown>\n#16 0x56384b9ca417 <unknown>\n#17 0x56384b9da0cc <unknown>\n#18 0x7f391d694ac3 <unknown>",
    "statusTrace" : "self = <tests_ui.test_ui.TestProfilePage object at 0x7fd39b89d130>\ndriver = <selenium.webdriver.chrome.webdriver.WebDriver (session=\"5ce22629cd7c02c70903a6e7f373db72\")>\nauthorization_user = None\n\n    @allure.title('test_open_static_site_page')\n    def test_open_statistic_page(self, driver, authorization_user):\n        page = ProfilePage(driver)\n>       page.click_static_site_button()\n\ntests_ui/test_ui.py:69: \n_ _ _ _ _ _ _ _ _ _ _ _ _ _ _ _ _ _ _ _ _ _ _ _ _ _ _ _ _ _ _ _ _ _ _ _ _ _ _ _ \ntests_ui/profile_page.py:41: in click_static_site_button\n    return self.element_is_present_and_clickable(self.locators.STATIC_BUTTON).click()\ntests_ui/base_page.py:28: in element_is_present_and_clickable\n    return (Wait(self.driver, self.timeout).until(\n_ _ _ _ _ _ _ _ _ _ _ _ _ _ _ _ _ _ _ _ _ _ _ _ _ _ _ _ _ _ _ _ _ _ _ _ _ _ _ _ \n\nself = <selenium.webdriver.support.wait.WebDriverWait (session=\"5ce22629cd7c02c70903a6e7f373db72\")>\nmethod = <function visibility_of_element_located.<locals>._predicate at 0x7fd39a799300>\nmessage = 'Can\\'t find element by locator (\\'xpath\\', \\'//button[@id=\"menu_button_webpages\"]\\')'\n\n    def until(self, method: Callable[[D], Union[Literal[False], T]], message: str = \"\") -> T:\n        \"\"\"Calls the method provided with the driver as an argument until the \\\n        return value does not evaluate to ``False``.\n    \n        :param method: callable(WebDriver)\n        :param message: optional message for :exc:`TimeoutException`\n        :returns: the result of the last call to `method`\n        :raises: :exc:`selenium.common.exceptions.TimeoutException` if timeout occurs\n        \"\"\"\n        screen = None\n        stacktrace = None\n    \n        end_time = time.monotonic() + self._timeout\n        while True:\n            try:\n                value = method(self._driver)\n                if value:\n                    return value\n            except self._ignored_exceptions as exc:\n                screen = getattr(exc, \"screen\", None)\n                stacktrace = getattr(exc, \"stacktrace\", None)\n            time.sleep(self._poll)\n            if time.monotonic() > end_time:\n                break\n>       raise TimeoutException(message, screen, stacktrace)\nE       selenium.common.exceptions.TimeoutException: Message: Can't find element by locator ('xpath', '//button[@id=\"menu_button_webpages\"]')\nE       Stacktrace:\nE       #0 0x56384b9db2da <unknown>\nE       #1 0x56384b6a9200 <unknown>\nE       #2 0x56384b6f8aa2 <unknown>\nE       #3 0x56384b6f8d41 <unknown>\nE       #4 0x56384b73e964 <unknown>\nE       #5 0x56384b71d8fd <unknown>\nE       #6 0x56384b73bdfd <unknown>\nE       #7 0x56384b71d673 <unknown>\nE       #8 0x56384b6eb473 <unknown>\nE       #9 0x56384b6ec47e <unknown>\nE       #10 0x56384b9a20db <unknown>\nE       #11 0x56384b9a6071 <unknown>\nE       #12 0x56384b98e9d5 <unknown>\nE       #13 0x56384b9a6bf2 <unknown>\nE       #14 0x56384b973b6f <unknown>\nE       #15 0x56384b9ca248 <unknown>\nE       #16 0x56384b9ca417 <unknown>\nE       #17 0x56384b9da0cc <unknown>\nE       #18 0x7f391d694ac3 <unknown>\n\n/opt/hostedtoolcache/Python/3.12.6/x64/lib/python3.12/site-packages/selenium/webdriver/support/wait.py:105: TimeoutException",
    "steps" : [ {
      "name" : "Click \"Static site\" button.",
      "time" : {
        "start" : 1726622634171,
        "stop" : 1726622639566,
        "duration" : 5395
      },
      "status" : "broken",
      "statusMessage" : "selenium.common.exceptions.TimeoutException: Message: Can't find element by locator ('xpath', '//button[@id=\"menu_button_webpages\"]')\nStacktrace:\n#0 0x56384b9db2da <unknown>\n#1 0x56384b6a9200 <unknown>\n#2 0x56384b6f8aa2 <unknown>\n#3 0x56384b6f8d41 <unknown>\n#4 0x56384b73e964 <unknown>\n#5 0x56384b71d8fd <unknown>\n#6 0x56384b73bdfd <unknown>\n#7 0x56384b71d673 <unknown>\n#8 0x56384b6eb473 <unknown>\n#9 0x56384b6ec47e <unknown>\n#10 0x56384b9a20db <unknown>\n#11 0x56384b9a6071 <unknown>\n#12 0x56384b98e9d5 <unknown>\n#13 0x56384b9a6bf2 <unknown>\n#14 0x56384b973b6f <unknown>\n#15 0x56384b9ca248 <unknown>\n#16 0x56384b9ca417 <unknown>\n#17 0x56384b9da0cc <unknown>\n#18 0x7f391d694ac3 <unknown>\n\n",
      "statusTrace" : "  File \"/opt/hostedtoolcache/Python/3.12.6/x64/lib/python3.12/site-packages/allure_commons/_allure.py\", line 192, in impl\n    return func(*a, **kw)\n           ^^^^^^^^^^^^^^\n  File \"/home/runner/work/Oblache/Oblache/tests_ui/profile_page.py\", line 41, in click_static_site_button\n    return self.element_is_present_and_clickable(self.locators.STATIC_BUTTON).click()\n           ^^^^^^^^^^^^^^^^^^^^^^^^^^^^^^^^^^^^^^^^^^^^^^^^^^^^^^^^^^^^^^^^^^\n  File \"/home/runner/work/Oblache/Oblache/tests_ui/base_page.py\", line 28, in element_is_present_and_clickable\n    return (Wait(self.driver, self.timeout).until(\n            ^^^^^^^^^^^^^^^^^^^^^^^^^^^^^^^^^^^^^^\n  File \"/opt/hostedtoolcache/Python/3.12.6/x64/lib/python3.12/site-packages/selenium/webdriver/support/wait.py\", line 105, in until\n    raise TimeoutException(message, screen, stacktrace)\n",
      "steps" : [ ],
      "attachments" : [ ],
      "parameters" : [ ],
      "stepsCount" : 0,
      "attachmentsCount" : 0,
      "shouldDisplayMessage" : true,
      "hasContent" : true
    } ],
    "attachments" : [ {
      "uid" : "fc430c65e1e0221e",
      "name" : "Screenshot 2024-09-18 01:23:59.658109",
      "source" : "fc430c65e1e0221e.png",
      "type" : "image/png",
      "size" : 35902
    } ],
    "parameters" : [ ],
    "stepsCount" : 1,
    "attachmentsCount" : 1,
    "shouldDisplayMessage" : true,
    "hasContent" : true
  },
  "afterStages" : [ {
    "name" : "driver::0",
    "time" : {
      "start" : 1726622639659,
      "stop" : 1726622639726,
      "duration" : 67
    },
    "status" : "passed",
    "steps" : [ ],
    "attachments" : [ ],
    "parameters" : [ ],
    "stepsCount" : 0,
    "attachmentsCount" : 0,
    "shouldDisplayMessage" : false,
    "hasContent" : false
  } ],
  "labels" : [ {
    "name" : "suite",
    "value" : "Test Profile Page."
  }, {
    "name" : "parentSuite",
    "value" : "tests_ui"
  }, {
    "name" : "subSuite",
    "value" : "TestProfilePage"
  }, {
    "name" : "host",
    "value" : "fv-az887-52"
  }, {
    "name" : "thread",
    "value" : "2274-MainThread"
  }, {
    "name" : "framework",
    "value" : "pytest"
  }, {
    "name" : "language",
    "value" : "cpython3"
  }, {
    "name" : "package",
    "value" : "tests_ui.test_ui"
  }, {
    "name" : "resultFormat",
    "value" : "allure2"
  } ],
  "parameters" : [ ],
  "links" : [ ],
  "hidden" : false,
  "retry" : false,
  "extra" : {
    "severity" : "normal",
    "retries" : [ ],
    "categories" : [ {
      "name" : "Test defects",
      "matchedStatuses" : [ ],
      "flaky" : false
    } ],
    "history" : {
      "statistic" : {
        "failed" : 0,
        "broken" : 1,
        "skipped" : 0,
        "passed" : 1,
        "unknown" : 0,
        "total" : 2
      },
      "items" : [ {
        "uid" : "7495ea55e44ab500",
        "reportUrl" : "https://Areso.github.io/Oblache/2//#testresult/7495ea55e44ab500",
        "status" : "passed",
        "time" : {
          "start" : 1726572606151,
          "stop" : 1726572607144,
          "duration" : 993
        }
      } ]
    },
    "tags" : [ ]
  },
  "source" : "ee29ac0318355a6.json",
  "parameterValues" : [ ]
}