{
  "uid" : "f12e751b39f87b99",
  "name" : "test_clipboard_uuid_docker",
  "fullName" : "tests_ui.test_ui.TestProfilePage#test_clipboard_uuid_docker",
  "historyId" : "11f91f43cfea2a231aececf29c7ed302",
  "time" : {
    "start" : 1711321441126,
    "stop" : 1711321446224,
    "duration" : 5098
  },
  "status" : "broken",
  "statusMessage" : "selenium.common.exceptions.TimeoutException: Message: Can't find element by locator ('xpath', '//button[@id=\"menu_button_dockers\"]')\nStacktrace:\n#0 0x55bb79c70f33 <unknown>\n#1 0x55bb79968ce6 <unknown>\n#2 0x55bb799b3e48 <unknown>\n#3 0x55bb799b3f01 <unknown>\n#4 0x55bb799f73f4 <unknown>\n#5 0x55bb799d5edd <unknown>\n#6 0x55bb799f4899 <unknown>\n#7 0x55bb799d5c53 <unknown>\n#8 0x55bb799a6db3 <unknown>\n#9 0x55bb799a777e <unknown>\n#10 0x55bb79c3686b <unknown>\n#11 0x55bb79c3a885 <unknown>\n#12 0x55bb79c24181 <unknown>\n#13 0x55bb79c3b412 <unknown>\n#14 0x55bb79c0825f <unknown>\n#15 0x55bb79c5f528 <unknown>\n#16 0x55bb79c5f723 <unknown>\n#17 0x55bb79c700e4 <unknown>\n#18 0x7f2929894ac3 <unknown>",
  "statusTrace" : "self = <tests_ui.test_ui.TestUI.TestProfilePage object at 0x7f34000ff7a0>\ndriver = <selenium.webdriver.chrome.webdriver.WebDriver (session=\"bca1bf3acdd5c267566691cd0862dabe\")>\nauthorization_user = <tests_ui.login_page.LoginPage object at 0x7f3400121c70>\n\n    @allure.title('test_clipboard_uuid_docker')\n    def test_clipboard_uuid_docker(self, driver, authorization_user):\n        page = ProfilePage(driver)\n>       page.click_button_docker_containers()\n\ntests_ui/test_ui.py:89: \n_ _ _ _ _ _ _ _ _ _ _ _ _ _ _ _ _ _ _ _ _ _ _ _ _ _ _ _ _ _ _ _ _ _ _ _ _ _ _ _ \ntests_ui/profile_page.py:42: in click_button_docker_containers\n    return self.element_is_present_and_clickable(self.locators.BUTTON_DOCKER_CONTAINER).click()\ntests_ui/base_page.py:27: in element_is_present_and_clickable\n    return (Wait(self.driver, self.timeout).until(\n_ _ _ _ _ _ _ _ _ _ _ _ _ _ _ _ _ _ _ _ _ _ _ _ _ _ _ _ _ _ _ _ _ _ _ _ _ _ _ _ \n\nself = <selenium.webdriver.support.wait.WebDriverWait (session=\"bca1bf3acdd5c267566691cd0862dabe\")>\nmethod = <function visibility_of_element_located.<locals>._predicate at 0x7f33ff759120>\nmessage = 'Can\\'t find element by locator (\\'xpath\\', \\'//button[@id=\"menu_button_dockers\"]\\')'\n\n    def until(self, method: Callable[[D], Union[Literal[False], T]], message: str = \"\") -> T:\n        \"\"\"Calls the method provided with the driver as an argument until the \\\n        return value does not evaluate to ``False``.\n    \n        :param method: callable(WebDriver)\n        :param message: optional message for :exc:`TimeoutException`\n        :returns: the result of the last call to `method`\n        :raises: :exc:`selenium.common.exceptions.TimeoutException` if timeout occurs\n        \"\"\"\n        screen = None\n        stacktrace = None\n    \n        end_time = time.monotonic() + self._timeout\n        while True:\n            try:\n                value = method(self._driver)\n                if value:\n                    return value\n            except self._ignored_exceptions as exc:\n                screen = getattr(exc, \"screen\", None)\n                stacktrace = getattr(exc, \"stacktrace\", None)\n            time.sleep(self._poll)\n            if time.monotonic() > end_time:\n                break\n>       raise TimeoutException(message, screen, stacktrace)\nE       selenium.common.exceptions.TimeoutException: Message: Can't find element by locator ('xpath', '//button[@id=\"menu_button_dockers\"]')\nE       Stacktrace:\nE       #0 0x55bb79c70f33 <unknown>\nE       #1 0x55bb79968ce6 <unknown>\nE       #2 0x55bb799b3e48 <unknown>\nE       #3 0x55bb799b3f01 <unknown>\nE       #4 0x55bb799f73f4 <unknown>\nE       #5 0x55bb799d5edd <unknown>\nE       #6 0x55bb799f4899 <unknown>\nE       #7 0x55bb799d5c53 <unknown>\nE       #8 0x55bb799a6db3 <unknown>\nE       #9 0x55bb799a777e <unknown>\nE       #10 0x55bb79c3686b <unknown>\nE       #11 0x55bb79c3a885 <unknown>\nE       #12 0x55bb79c24181 <unknown>\nE       #13 0x55bb79c3b412 <unknown>\nE       #14 0x55bb79c0825f <unknown>\nE       #15 0x55bb79c5f528 <unknown>\nE       #16 0x55bb79c5f723 <unknown>\nE       #17 0x55bb79c700e4 <unknown>\nE       #18 0x7f2929894ac3 <unknown>\n\n/opt/hostedtoolcache/Python/3.12.2/x64/lib/python3.12/site-packages/selenium/webdriver/support/wait.py:105: TimeoutException",
  "flaky" : false,
  "newFailed" : false,
  "beforeStages" : [ {
    "name" : "authorization_user",
    "time" : {
      "start" : 1711321439925,
      "stop" : 1711321441126,
      "duration" : 1201
    },
    "status" : "passed",
    "steps" : [ {
      "name" : "Open page: https://oblache.areso.pro/register.html",
      "time" : {
        "start" : 1711321439925,
        "stop" : 1711321440225,
        "duration" : 300
      },
      "status" : "passed",
      "steps" : [ ],
      "attachments" : [ ],
      "parameters" : [ ],
      "stepsCount" : 0,
      "attachmentsCount" : 0,
      "shouldDisplayMessage" : false,
      "hasContent" : false
    }, {
      "name" : "login_user",
      "time" : {
        "start" : 1711321440225,
        "stop" : 1711321441126,
        "duration" : 901
      },
      "status" : "passed",
      "steps" : [ {
        "name" : "Enter email.",
        "time" : {
          "start" : 1711321440225,
          "stop" : 1711321440278,
          "duration" : 53
        },
        "status" : "passed",
        "steps" : [ ],
        "attachments" : [ ],
        "parameters" : [ ],
        "stepsCount" : 0,
        "attachmentsCount" : 0,
        "shouldDisplayMessage" : false,
        "hasContent" : false
      }, {
        "name" : "Enter password.",
        "time" : {
          "start" : 1711321440278,
          "stop" : 1711321440319,
          "duration" : 41
        },
        "status" : "passed",
        "steps" : [ ],
        "attachments" : [ ],
        "parameters" : [ ],
        "stepsCount" : 0,
        "attachmentsCount" : 0,
        "shouldDisplayMessage" : false,
        "hasContent" : false
      }, {
        "name" : "Click button \"Login\"",
        "time" : {
          "start" : 1711321440319,
          "stop" : 1711321440383,
          "duration" : 64
        },
        "status" : "passed",
        "steps" : [ {
          "name" : "element_is_present_and_clickable",
          "time" : {
            "start" : 1711321440320,
            "stop" : 1711321440355,
            "duration" : 35
          },
          "status" : "passed",
          "steps" : [ ],
          "attachments" : [ ],
          "parameters" : [ {
            "name" : "locator",
            "value" : "('xpath', '//input[@id=\"inp_regform_login_submit\"]')"
          } ],
          "stepsCount" : 0,
          "attachmentsCount" : 0,
          "shouldDisplayMessage" : false,
          "hasContent" : true
        } ],
        "attachments" : [ ],
        "parameters" : [ ],
        "stepsCount" : 1,
        "attachmentsCount" : 0,
        "shouldDisplayMessage" : false,
        "hasContent" : true
      }, {
        "name" : "Check url is present: https://oblache.areso.pro/profile.html",
        "time" : {
          "start" : 1711321440383,
          "stop" : 1711321441126,
          "duration" : 743
        },
        "status" : "passed",
        "steps" : [ ],
        "attachments" : [ ],
        "parameters" : [ ],
        "stepsCount" : 0,
        "attachmentsCount" : 0,
        "shouldDisplayMessage" : false,
        "hasContent" : false
      } ],
      "attachments" : [ ],
      "parameters" : [ ],
      "stepsCount" : 5,
      "attachmentsCount" : 0,
      "shouldDisplayMessage" : false,
      "hasContent" : true
    } ],
    "attachments" : [ ],
    "parameters" : [ ],
    "stepsCount" : 7,
    "attachmentsCount" : 0,
    "shouldDisplayMessage" : false,
    "hasContent" : true
  }, {
    "name" : "driver",
    "time" : {
      "start" : 1711321439646,
      "stop" : 1711321439925,
      "duration" : 279
    },
    "status" : "passed",
    "steps" : [ ],
    "attachments" : [ ],
    "parameters" : [ ],
    "stepsCount" : 0,
    "attachmentsCount" : 0,
    "shouldDisplayMessage" : false,
    "hasContent" : false
  } ],
  "testStage" : {
    "status" : "broken",
    "statusMessage" : "selenium.common.exceptions.TimeoutException: Message: Can't find element by locator ('xpath', '//button[@id=\"menu_button_dockers\"]')\nStacktrace:\n#0 0x55bb79c70f33 <unknown>\n#1 0x55bb79968ce6 <unknown>\n#2 0x55bb799b3e48 <unknown>\n#3 0x55bb799b3f01 <unknown>\n#4 0x55bb799f73f4 <unknown>\n#5 0x55bb799d5edd <unknown>\n#6 0x55bb799f4899 <unknown>\n#7 0x55bb799d5c53 <unknown>\n#8 0x55bb799a6db3 <unknown>\n#9 0x55bb799a777e <unknown>\n#10 0x55bb79c3686b <unknown>\n#11 0x55bb79c3a885 <unknown>\n#12 0x55bb79c24181 <unknown>\n#13 0x55bb79c3b412 <unknown>\n#14 0x55bb79c0825f <unknown>\n#15 0x55bb79c5f528 <unknown>\n#16 0x55bb79c5f723 <unknown>\n#17 0x55bb79c700e4 <unknown>\n#18 0x7f2929894ac3 <unknown>",
    "statusTrace" : "self = <tests_ui.test_ui.TestUI.TestProfilePage object at 0x7f34000ff7a0>\ndriver = <selenium.webdriver.chrome.webdriver.WebDriver (session=\"bca1bf3acdd5c267566691cd0862dabe\")>\nauthorization_user = <tests_ui.login_page.LoginPage object at 0x7f3400121c70>\n\n    @allure.title('test_clipboard_uuid_docker')\n    def test_clipboard_uuid_docker(self, driver, authorization_user):\n        page = ProfilePage(driver)\n>       page.click_button_docker_containers()\n\ntests_ui/test_ui.py:89: \n_ _ _ _ _ _ _ _ _ _ _ _ _ _ _ _ _ _ _ _ _ _ _ _ _ _ _ _ _ _ _ _ _ _ _ _ _ _ _ _ \ntests_ui/profile_page.py:42: in click_button_docker_containers\n    return self.element_is_present_and_clickable(self.locators.BUTTON_DOCKER_CONTAINER).click()\ntests_ui/base_page.py:27: in element_is_present_and_clickable\n    return (Wait(self.driver, self.timeout).until(\n_ _ _ _ _ _ _ _ _ _ _ _ _ _ _ _ _ _ _ _ _ _ _ _ _ _ _ _ _ _ _ _ _ _ _ _ _ _ _ _ \n\nself = <selenium.webdriver.support.wait.WebDriverWait (session=\"bca1bf3acdd5c267566691cd0862dabe\")>\nmethod = <function visibility_of_element_located.<locals>._predicate at 0x7f33ff759120>\nmessage = 'Can\\'t find element by locator (\\'xpath\\', \\'//button[@id=\"menu_button_dockers\"]\\')'\n\n    def until(self, method: Callable[[D], Union[Literal[False], T]], message: str = \"\") -> T:\n        \"\"\"Calls the method provided with the driver as an argument until the \\\n        return value does not evaluate to ``False``.\n    \n        :param method: callable(WebDriver)\n        :param message: optional message for :exc:`TimeoutException`\n        :returns: the result of the last call to `method`\n        :raises: :exc:`selenium.common.exceptions.TimeoutException` if timeout occurs\n        \"\"\"\n        screen = None\n        stacktrace = None\n    \n        end_time = time.monotonic() + self._timeout\n        while True:\n            try:\n                value = method(self._driver)\n                if value:\n                    return value\n            except self._ignored_exceptions as exc:\n                screen = getattr(exc, \"screen\", None)\n                stacktrace = getattr(exc, \"stacktrace\", None)\n            time.sleep(self._poll)\n            if time.monotonic() > end_time:\n                break\n>       raise TimeoutException(message, screen, stacktrace)\nE       selenium.common.exceptions.TimeoutException: Message: Can't find element by locator ('xpath', '//button[@id=\"menu_button_dockers\"]')\nE       Stacktrace:\nE       #0 0x55bb79c70f33 <unknown>\nE       #1 0x55bb79968ce6 <unknown>\nE       #2 0x55bb799b3e48 <unknown>\nE       #3 0x55bb799b3f01 <unknown>\nE       #4 0x55bb799f73f4 <unknown>\nE       #5 0x55bb799d5edd <unknown>\nE       #6 0x55bb799f4899 <unknown>\nE       #7 0x55bb799d5c53 <unknown>\nE       #8 0x55bb799a6db3 <unknown>\nE       #9 0x55bb799a777e <unknown>\nE       #10 0x55bb79c3686b <unknown>\nE       #11 0x55bb79c3a885 <unknown>\nE       #12 0x55bb79c24181 <unknown>\nE       #13 0x55bb79c3b412 <unknown>\nE       #14 0x55bb79c0825f <unknown>\nE       #15 0x55bb79c5f528 <unknown>\nE       #16 0x55bb79c5f723 <unknown>\nE       #17 0x55bb79c700e4 <unknown>\nE       #18 0x7f2929894ac3 <unknown>\n\n/opt/hostedtoolcache/Python/3.12.2/x64/lib/python3.12/site-packages/selenium/webdriver/support/wait.py:105: TimeoutException",
    "steps" : [ {
      "name" : "Click \"Docker containers\" button.",
      "time" : {
        "start" : 1711321441126,
        "stop" : 1711321446224,
        "duration" : 5098
      },
      "status" : "broken",
      "statusMessage" : "selenium.common.exceptions.TimeoutException: Message: Can't find element by locator ('xpath', '//button[@id=\"menu_button_dockers\"]')\nStacktrace:\n#0 0x55bb79c70f33 <unknown>\n#1 0x55bb79968ce6 <unknown>\n#2 0x55bb799b3e48 <unknown>\n#3 0x55bb799b3f01 <unknown>\n#4 0x55bb799f73f4 <unknown>\n#5 0x55bb799d5edd <unknown>\n#6 0x55bb799f4899 <unknown>\n#7 0x55bb799d5c53 <unknown>\n#8 0x55bb799a6db3 <unknown>\n#9 0x55bb799a777e <unknown>\n#10 0x55bb79c3686b <unknown>\n#11 0x55bb79c3a885 <unknown>\n#12 0x55bb79c24181 <unknown>\n#13 0x55bb79c3b412 <unknown>\n#14 0x55bb79c0825f <unknown>\n#15 0x55bb79c5f528 <unknown>\n#16 0x55bb79c5f723 <unknown>\n#17 0x55bb79c700e4 <unknown>\n#18 0x7f2929894ac3 <unknown>\n\n",
      "statusTrace" : "  File \"/opt/hostedtoolcache/Python/3.12.2/x64/lib/python3.12/site-packages/allure_commons/_allure.py\", line 192, in impl\n    return func(*a, **kw)\n           ^^^^^^^^^^^^^^\n  File \"/home/runner/work/Oblache/Oblache/tests_ui/profile_page.py\", line 42, in click_button_docker_containers\n    return self.element_is_present_and_clickable(self.locators.BUTTON_DOCKER_CONTAINER).click()\n           ^^^^^^^^^^^^^^^^^^^^^^^^^^^^^^^^^^^^^^^^^^^^^^^^^^^^^^^^^^^^^^^^^^^^^^^^^^^^\n  File \"/opt/hostedtoolcache/Python/3.12.2/x64/lib/python3.12/site-packages/allure_commons/_allure.py\", line 192, in impl\n    return func(*a, **kw)\n           ^^^^^^^^^^^^^^\n  File \"/home/runner/work/Oblache/Oblache/tests_ui/base_page.py\", line 27, in element_is_present_and_clickable\n    return (Wait(self.driver, self.timeout).until(\n            ^^^^^^^^^^^^^^^^^^^^^^^^^^^^^^^^^^^^^^\n  File \"/opt/hostedtoolcache/Python/3.12.2/x64/lib/python3.12/site-packages/selenium/webdriver/support/wait.py\", line 105, in until\n    raise TimeoutException(message, screen, stacktrace)\n",
      "steps" : [ {
        "name" : "element_is_present_and_clickable",
        "time" : {
          "start" : 1711321441127,
          "stop" : 1711321446223,
          "duration" : 5096
        },
        "status" : "broken",
        "statusMessage" : "selenium.common.exceptions.TimeoutException: Message: Can't find element by locator ('xpath', '//button[@id=\"menu_button_dockers\"]')\nStacktrace:\n#0 0x55bb79c70f33 <unknown>\n#1 0x55bb79968ce6 <unknown>\n#2 0x55bb799b3e48 <unknown>\n#3 0x55bb799b3f01 <unknown>\n#4 0x55bb799f73f4 <unknown>\n#5 0x55bb799d5edd <unknown>\n#6 0x55bb799f4899 <unknown>\n#7 0x55bb799d5c53 <unknown>\n#8 0x55bb799a6db3 <unknown>\n#9 0x55bb799a777e <unknown>\n#10 0x55bb79c3686b <unknown>\n#11 0x55bb79c3a885 <unknown>\n#12 0x55bb79c24181 <unknown>\n#13 0x55bb79c3b412 <unknown>\n#14 0x55bb79c0825f <unknown>\n#15 0x55bb79c5f528 <unknown>\n#16 0x55bb79c5f723 <unknown>\n#17 0x55bb79c700e4 <unknown>\n#18 0x7f2929894ac3 <unknown>\n\n",
        "statusTrace" : "  File \"/opt/hostedtoolcache/Python/3.12.2/x64/lib/python3.12/site-packages/allure_commons/_allure.py\", line 192, in impl\n    return func(*a, **kw)\n           ^^^^^^^^^^^^^^\n  File \"/home/runner/work/Oblache/Oblache/tests_ui/base_page.py\", line 27, in element_is_present_and_clickable\n    return (Wait(self.driver, self.timeout).until(\n            ^^^^^^^^^^^^^^^^^^^^^^^^^^^^^^^^^^^^^^\n  File \"/opt/hostedtoolcache/Python/3.12.2/x64/lib/python3.12/site-packages/selenium/webdriver/support/wait.py\", line 105, in until\n    raise TimeoutException(message, screen, stacktrace)\n",
        "steps" : [ ],
        "attachments" : [ ],
        "parameters" : [ {
          "name" : "locator",
          "value" : "('xpath', '//button[@id=\"menu_button_dockers\"]')"
        } ],
        "stepsCount" : 0,
        "attachmentsCount" : 0,
        "shouldDisplayMessage" : true,
        "hasContent" : true
      } ],
      "attachments" : [ ],
      "parameters" : [ ],
      "stepsCount" : 1,
      "attachmentsCount" : 0,
      "shouldDisplayMessage" : false,
      "hasContent" : true
    } ],
    "attachments" : [ ],
    "parameters" : [ ],
    "stepsCount" : 2,
    "attachmentsCount" : 0,
    "shouldDisplayMessage" : true,
    "hasContent" : true
  },
  "afterStages" : [ {
    "name" : "driver::0",
    "time" : {
      "start" : 1711321446235,
      "stop" : 1711321446409,
      "duration" : 174
    },
    "status" : "passed",
    "steps" : [ ],
    "attachments" : [ {
      "uid" : "fee0f5d812f89266",
      "name" : "Screenshot 2024-03-24 23:04:06.352123",
      "source" : "fee0f5d812f89266.png",
      "type" : "image/png",
      "size" : 39950
    } ],
    "parameters" : [ ],
    "stepsCount" : 0,
    "attachmentsCount" : 1,
    "shouldDisplayMessage" : false,
    "hasContent" : true
  } ],
  "labels" : [ {
    "name" : "epic",
    "value" : "UI Tests"
  }, {
    "name" : "suite",
    "value" : "Test Profile Page."
  }, {
    "name" : "parentSuite",
    "value" : "tests_ui"
  }, {
    "name" : "subSuite",
    "value" : "TestUI"
  }, {
    "name" : "host",
    "value" : "fv-az774-780"
  }, {
    "name" : "thread",
    "value" : "2324-MainThread"
  }, {
    "name" : "framework",
    "value" : "pytest"
  }, {
    "name" : "language",
    "value" : "cpython3"
  }, {
    "name" : "package",
    "value" : "tests_ui.test_ui"
  }, {
    "name" : "resultFormat",
    "value" : "allure2"
  } ],
  "parameters" : [ ],
  "links" : [ ],
  "hidden" : false,
  "retry" : false,
  "extra" : {
    "severity" : "normal",
    "retries" : [ ],
    "categories" : [ {
      "name" : "Test defects",
      "matchedStatuses" : [ ],
      "flaky" : false
    } ],
    "history" : {
      "statistic" : {
        "failed" : 0,
        "broken" : 1,
        "skipped" : 0,
        "passed" : 5,
        "unknown" : 0,
        "total" : 6
      },
      "items" : [ {
        "uid" : "a7ee9a3c7e06949e",
        "reportUrl" : "https://Areso.github.io/Oblache/69//#testresult/a7ee9a3c7e06949e",
        "status" : "passed",
        "time" : {
          "start" : 1711020964946,
          "stop" : 1711020966080,
          "duration" : 1134
        }
      }, {
        "uid" : "4c9ef2b81bb9d7a5",
        "reportUrl" : "https://Areso.github.io/Oblache/68//#testresult/4c9ef2b81bb9d7a5",
        "status" : "passed",
        "time" : {
          "start" : 1710944169191,
          "stop" : 1710944170390,
          "duration" : 1199
        }
      }, {
        "uid" : "211162843794afcf",
        "reportUrl" : "https://Areso.github.io/Oblache/67//#testresult/211162843794afcf",
        "status" : "passed",
        "time" : {
          "start" : 1710943420228,
          "stop" : 1710943421424,
          "duration" : 1196
        }
      }, {
        "uid" : "8fc37562e2993ac7",
        "reportUrl" : "https://Areso.github.io/Oblache/66//#testresult/8fc37562e2993ac7",
        "status" : "passed",
        "time" : {
          "start" : 1710942971239,
          "stop" : 1710942972367,
          "duration" : 1128
        }
      }, {
        "uid" : "415cc97452162c91",
        "reportUrl" : "https://Areso.github.io/Oblache/65//#testresult/415cc97452162c91",
        "status" : "passed",
        "time" : {
          "start" : 1710942366308,
          "stop" : 1710942367404,
          "duration" : 1096
        }
      } ]
    },
    "tags" : [ ]
  },
  "source" : "f12e751b39f87b99.json",
  "parameterValues" : [ ]
}