{
  "uid" : "fea556219c161f6e",
  "name" : "test_clipboard",
  "fullName" : "tests_ui.test_ui.TestProfilePage#test_clipboard_uuid_db",
  "historyId" : "b32cefb1d87a8aa3bb37280cb980702f",
  "time" : {
    "start" : 1726190710323,
    "stop" : 1726190716211,
    "duration" : 5888
  },
  "status" : "broken",
  "statusMessage" : "selenium.common.exceptions.TimeoutException: Message: Can't find elements by locator ('xpath', '//tbody[@id=\"tbody_dbs\"]//tr')",
  "statusTrace" : "self = <tests_ui.test_ui.TestProfilePage object at 0x7fd34df64e90>\ndriver = <selenium.webdriver.chrome.webdriver.WebDriver (session=\"09fcc589f34b6d2658473695cc0c5db3\")>\nauthorization_user = None\n\n    @allure.title('test_clipboard')\n    def test_clipboard_uuid_db(self, driver, authorization_user):\n        page = ProfilePage(driver, authorization_user)\n        page.click_button_databases()\n>       page.check_clipboard(\n            table_xpath='//tbody[@id=\"tbody_dbs\"]',\n            token=TestProfilePage.token)\n\ntests_ui/test_ui.py:85: \n_ _ _ _ _ _ _ _ _ _ _ _ _ _ _ _ _ _ _ _ _ _ _ _ _ _ _ _ _ _ _ _ _ _ _ _ _ _ _ _ \ntests_ui/profile_page.py:89: in check_clipboard\n    databases_list = self.elements_are_present((By.XPATH, f'{table_xpath}//tr'))\ntests_ui/base_page.py:50: in elements_are_present\n    return Wait(self.driver, self.timeout).until(\n_ _ _ _ _ _ _ _ _ _ _ _ _ _ _ _ _ _ _ _ _ _ _ _ _ _ _ _ _ _ _ _ _ _ _ _ _ _ _ _ \n\nself = <selenium.webdriver.support.wait.WebDriverWait (session=\"09fcc589f34b6d2658473695cc0c5db3\")>\nmethod = <function presence_of_all_elements_located.<locals>._predicate at 0x7fd34dc27420>\nmessage = 'Can\\'t find elements by locator (\\'xpath\\', \\'//tbody[@id=\"tbody_dbs\"]//tr\\')'\n\n    def until(self, method: Callable[[D], Union[Literal[False], T]], message: str = \"\") -> T:\n        \"\"\"Calls the method provided with the driver as an argument until the \\\n        return value does not evaluate to ``False``.\n    \n        :param method: callable(WebDriver)\n        :param message: optional message for :exc:`TimeoutException`\n        :returns: the result of the last call to `method`\n        :raises: :exc:`selenium.common.exceptions.TimeoutException` if timeout occurs\n        \"\"\"\n        screen = None\n        stacktrace = None\n    \n        end_time = time.monotonic() + self._timeout\n        while True:\n            try:\n                value = method(self._driver)\n                if value:\n                    return value\n            except self._ignored_exceptions as exc:\n                screen = getattr(exc, \"screen\", None)\n                stacktrace = getattr(exc, \"stacktrace\", None)\n            time.sleep(self._poll)\n            if time.monotonic() > end_time:\n                break\n>       raise TimeoutException(message, screen, stacktrace)\nE       selenium.common.exceptions.TimeoutException: Message: Can't find elements by locator ('xpath', '//tbody[@id=\"tbody_dbs\"]//tr')\n\n/opt/hostedtoolcache/Python/3.12.5/x64/lib/python3.12/site-packages/selenium/webdriver/support/wait.py:105: TimeoutException",
  "flaky" : false,
  "newFailed" : false,
  "beforeStages" : [ {
    "name" : "authorization_user",
    "time" : {
      "start" : 1726190709852,
      "stop" : 1726190710323,
      "duration" : 471
    },
    "status" : "passed",
    "steps" : [ {
      "name" : "Open page: https://oblache.areso.pro/register.html",
      "time" : {
        "start" : 1726190709852,
        "stop" : 1726190710151,
        "duration" : 299
      },
      "status" : "passed",
      "steps" : [ ],
      "attachments" : [ ],
      "parameters" : [ ],
      "stepsCount" : 0,
      "attachmentsCount" : 0,
      "shouldDisplayMessage" : false,
      "hasContent" : false
    }, {
      "name" : "login_user",
      "time" : {
        "start" : 1726190710152,
        "stop" : 1726190710323,
        "duration" : 171
      },
      "status" : "passed",
      "steps" : [ {
        "name" : "Enter email.",
        "time" : {
          "start" : 1726190710152,
          "stop" : 1726190710207,
          "duration" : 55
        },
        "status" : "passed",
        "steps" : [ ],
        "attachments" : [ ],
        "parameters" : [ ],
        "stepsCount" : 0,
        "attachmentsCount" : 0,
        "shouldDisplayMessage" : false,
        "hasContent" : false
      }, {
        "name" : "Enter password.",
        "time" : {
          "start" : 1726190710207,
          "stop" : 1726190710251,
          "duration" : 44
        },
        "status" : "passed",
        "steps" : [ ],
        "attachments" : [ ],
        "parameters" : [ ],
        "stepsCount" : 0,
        "attachmentsCount" : 0,
        "shouldDisplayMessage" : false,
        "hasContent" : false
      }, {
        "name" : "Click button \"Login\"",
        "time" : {
          "start" : 1726190710251,
          "stop" : 1726190710320,
          "duration" : 69
        },
        "status" : "passed",
        "steps" : [ {
          "name" : "element_is_present_and_clickable",
          "time" : {
            "start" : 1726190710251,
            "stop" : 1726190710287,
            "duration" : 36
          },
          "status" : "passed",
          "steps" : [ ],
          "attachments" : [ ],
          "parameters" : [ {
            "name" : "locator",
            "value" : "('xpath', '//input[@id=\"inp_regform_login_submit\"]')"
          } ],
          "stepsCount" : 0,
          "attachmentsCount" : 0,
          "shouldDisplayMessage" : false,
          "hasContent" : true
        } ],
        "attachments" : [ ],
        "parameters" : [ ],
        "stepsCount" : 1,
        "attachmentsCount" : 0,
        "shouldDisplayMessage" : false,
        "hasContent" : true
      }, {
        "name" : "Check url is present: https://oblache.areso.pro/register.html",
        "time" : {
          "start" : 1726190710320,
          "stop" : 1726190710323,
          "duration" : 3
        },
        "status" : "passed",
        "steps" : [ ],
        "attachments" : [ ],
        "parameters" : [ ],
        "stepsCount" : 0,
        "attachmentsCount" : 0,
        "shouldDisplayMessage" : false,
        "hasContent" : false
      } ],
      "attachments" : [ ],
      "parameters" : [ ],
      "stepsCount" : 5,
      "attachmentsCount" : 0,
      "shouldDisplayMessage" : false,
      "hasContent" : true
    } ],
    "attachments" : [ ],
    "parameters" : [ ],
    "stepsCount" : 7,
    "attachmentsCount" : 0,
    "shouldDisplayMessage" : false,
    "hasContent" : true
  }, {
    "name" : "driver",
    "time" : {
      "start" : 1726190709565,
      "stop" : 1726190709852,
      "duration" : 287
    },
    "status" : "passed",
    "steps" : [ ],
    "attachments" : [ ],
    "parameters" : [ ],
    "stepsCount" : 0,
    "attachmentsCount" : 0,
    "shouldDisplayMessage" : false,
    "hasContent" : false
  } ],
  "testStage" : {
    "status" : "broken",
    "statusMessage" : "selenium.common.exceptions.TimeoutException: Message: Can't find elements by locator ('xpath', '//tbody[@id=\"tbody_dbs\"]//tr')",
    "statusTrace" : "self = <tests_ui.test_ui.TestProfilePage object at 0x7fd34df64e90>\ndriver = <selenium.webdriver.chrome.webdriver.WebDriver (session=\"09fcc589f34b6d2658473695cc0c5db3\")>\nauthorization_user = None\n\n    @allure.title('test_clipboard')\n    def test_clipboard_uuid_db(self, driver, authorization_user):\n        page = ProfilePage(driver, authorization_user)\n        page.click_button_databases()\n>       page.check_clipboard(\n            table_xpath='//tbody[@id=\"tbody_dbs\"]',\n            token=TestProfilePage.token)\n\ntests_ui/test_ui.py:85: \n_ _ _ _ _ _ _ _ _ _ _ _ _ _ _ _ _ _ _ _ _ _ _ _ _ _ _ _ _ _ _ _ _ _ _ _ _ _ _ _ \ntests_ui/profile_page.py:89: in check_clipboard\n    databases_list = self.elements_are_present((By.XPATH, f'{table_xpath}//tr'))\ntests_ui/base_page.py:50: in elements_are_present\n    return Wait(self.driver, self.timeout).until(\n_ _ _ _ _ _ _ _ _ _ _ _ _ _ _ _ _ _ _ _ _ _ _ _ _ _ _ _ _ _ _ _ _ _ _ _ _ _ _ _ \n\nself = <selenium.webdriver.support.wait.WebDriverWait (session=\"09fcc589f34b6d2658473695cc0c5db3\")>\nmethod = <function presence_of_all_elements_located.<locals>._predicate at 0x7fd34dc27420>\nmessage = 'Can\\'t find elements by locator (\\'xpath\\', \\'//tbody[@id=\"tbody_dbs\"]//tr\\')'\n\n    def until(self, method: Callable[[D], Union[Literal[False], T]], message: str = \"\") -> T:\n        \"\"\"Calls the method provided with the driver as an argument until the \\\n        return value does not evaluate to ``False``.\n    \n        :param method: callable(WebDriver)\n        :param message: optional message for :exc:`TimeoutException`\n        :returns: the result of the last call to `method`\n        :raises: :exc:`selenium.common.exceptions.TimeoutException` if timeout occurs\n        \"\"\"\n        screen = None\n        stacktrace = None\n    \n        end_time = time.monotonic() + self._timeout\n        while True:\n            try:\n                value = method(self._driver)\n                if value:\n                    return value\n            except self._ignored_exceptions as exc:\n                screen = getattr(exc, \"screen\", None)\n                stacktrace = getattr(exc, \"stacktrace\", None)\n            time.sleep(self._poll)\n            if time.monotonic() > end_time:\n                break\n>       raise TimeoutException(message, screen, stacktrace)\nE       selenium.common.exceptions.TimeoutException: Message: Can't find elements by locator ('xpath', '//tbody[@id=\"tbody_dbs\"]//tr')\n\n/opt/hostedtoolcache/Python/3.12.5/x64/lib/python3.12/site-packages/selenium/webdriver/support/wait.py:105: TimeoutException",
    "steps" : [ {
      "name" : "Click \"Databases\" button.",
      "time" : {
        "start" : 1726190710324,
        "stop" : 1726190711149,
        "duration" : 825
      },
      "status" : "passed",
      "steps" : [ {
        "name" : "element_is_present_and_clickable",
        "time" : {
          "start" : 1726190710324,
          "stop" : 1726190711125,
          "duration" : 801
        },
        "status" : "passed",
        "steps" : [ ],
        "attachments" : [ ],
        "parameters" : [ {
          "name" : "locator",
          "value" : "('xpath', '//button[@id = \"menu_button_databases\"]')"
        } ],
        "stepsCount" : 0,
        "attachmentsCount" : 0,
        "shouldDisplayMessage" : false,
        "hasContent" : true
      } ],
      "attachments" : [ ],
      "parameters" : [ ],
      "stepsCount" : 1,
      "attachmentsCount" : 0,
      "shouldDisplayMessage" : false,
      "hasContent" : true
    }, {
      "name" : "check_clipboard",
      "time" : {
        "start" : 1726190711149,
        "stop" : 1726190716211,
        "duration" : 5062
      },
      "status" : "broken",
      "statusMessage" : "selenium.common.exceptions.TimeoutException: Message: Can't find elements by locator ('xpath', '//tbody[@id=\"tbody_dbs\"]//tr')\n\n",
      "statusTrace" : "  File \"/opt/hostedtoolcache/Python/3.12.5/x64/lib/python3.12/site-packages/allure_commons/_allure.py\", line 192, in impl\n    return func(*a, **kw)\n           ^^^^^^^^^^^^^^\n  File \"/home/runner/work/Oblache/Oblache/tests_ui/profile_page.py\", line 89, in check_clipboard\n    databases_list = self.elements_are_present((By.XPATH, f'{table_xpath}//tr'))\n                     ^^^^^^^^^^^^^^^^^^^^^^^^^^^^^^^^^^^^^^^^^^^^^^^^^^^^^^^^^^^\n  File \"/home/runner/work/Oblache/Oblache/tests_ui/base_page.py\", line 50, in elements_are_present\n    return Wait(self.driver, self.timeout).until(\n           ^^^^^^^^^^^^^^^^^^^^^^^^^^^^^^^^^^^^^^\n  File \"/opt/hostedtoolcache/Python/3.12.5/x64/lib/python3.12/site-packages/selenium/webdriver/support/wait.py\", line 105, in until\n    raise TimeoutException(message, screen, stacktrace)\n",
      "steps" : [ ],
      "attachments" : [ ],
      "parameters" : [ {
        "name" : "table_xpath",
        "value" : "'//tbody[@id=\"tbody_dbs\"]'"
      }, {
        "name" : "token",
        "value" : "'9337bd2a-5567-439a-b08c-1218af90048b'"
      } ],
      "stepsCount" : 0,
      "attachmentsCount" : 0,
      "shouldDisplayMessage" : true,
      "hasContent" : true
    } ],
    "attachments" : [ ],
    "parameters" : [ ],
    "stepsCount" : 3,
    "attachmentsCount" : 0,
    "shouldDisplayMessage" : true,
    "hasContent" : true
  },
  "afterStages" : [ {
    "name" : "driver::0",
    "time" : {
      "start" : 1726190716225,
      "stop" : 1726190716371,
      "duration" : 146
    },
    "status" : "passed",
    "steps" : [ ],
    "attachments" : [ {
      "uid" : "9f1bbfc21e3dc33c",
      "name" : "Screenshot 2024-09-13 01:25:16.306672",
      "source" : "9f1bbfc21e3dc33c.png",
      "type" : "image/png",
      "size" : 27785
    } ],
    "parameters" : [ ],
    "stepsCount" : 0,
    "attachmentsCount" : 1,
    "shouldDisplayMessage" : false,
    "hasContent" : true
  } ],
  "labels" : [ {
    "name" : "suite",
    "value" : "Test Profile Page."
  }, {
    "name" : "parentSuite",
    "value" : "tests_ui"
  }, {
    "name" : "subSuite",
    "value" : "TestProfilePage"
  }, {
    "name" : "host",
    "value" : "fv-az1040-960"
  }, {
    "name" : "thread",
    "value" : "2338-MainThread"
  }, {
    "name" : "framework",
    "value" : "pytest"
  }, {
    "name" : "language",
    "value" : "cpython3"
  }, {
    "name" : "package",
    "value" : "tests_ui.test_ui"
  }, {
    "name" : "resultFormat",
    "value" : "allure2"
  } ],
  "parameters" : [ ],
  "links" : [ ],
  "hidden" : false,
  "retry" : false,
  "extra" : {
    "severity" : "normal",
    "retries" : [ ],
    "categories" : [ {
      "name" : "Test defects",
      "matchedStatuses" : [ ],
      "flaky" : false
    } ],
    "history" : {
      "statistic" : {
        "failed" : 0,
        "broken" : 4,
        "skipped" : 0,
        "passed" : 26,
        "unknown" : 0,
        "total" : 30
      },
      "items" : [ {
        "uid" : "29c18d256b639d46",
        "reportUrl" : "https://Areso.github.io/Oblache/154//#testresult/29c18d256b639d46",
        "status" : "passed",
        "time" : {
          "start" : 1726104260218,
          "stop" : 1726104262949,
          "duration" : 2731
        }
      }, {
        "uid" : "281f587a28a9584d",
        "reportUrl" : "https://Areso.github.io/Oblache/153//#testresult/281f587a28a9584d",
        "status" : "passed",
        "time" : {
          "start" : 1726017846641,
          "stop" : 1726017848627,
          "duration" : 1986
        }
      }, {
        "uid" : "6c6bfa13954da6",
        "reportUrl" : "https://Areso.github.io/Oblache/152//#testresult/6c6bfa13954da6",
        "status" : "passed",
        "time" : {
          "start" : 1725931510087,
          "stop" : 1725931512097,
          "duration" : 2010
        }
      }, {
        "uid" : "884bc6be5d30fb04",
        "reportUrl" : "https://Areso.github.io/Oblache/151//#testresult/884bc6be5d30fb04",
        "status" : "passed",
        "time" : {
          "start" : 1725845333053,
          "stop" : 1725845335082,
          "duration" : 2029
        }
      }, {
        "uid" : "604079b567e99ca9",
        "reportUrl" : "https://Areso.github.io/Oblache/150//#testresult/604079b567e99ca9",
        "status" : "passed",
        "time" : {
          "start" : 1725758983649,
          "stop" : 1725758985817,
          "duration" : 2168
        }
      }, {
        "uid" : "b45823623945915d",
        "reportUrl" : "https://Areso.github.io/Oblache/149//#testresult/b45823623945915d",
        "status" : "passed",
        "time" : {
          "start" : 1725672165047,
          "stop" : 1725672167736,
          "duration" : 2689
        }
      }, {
        "uid" : "3448b1ce9caa7a50",
        "reportUrl" : "https://Areso.github.io/Oblache/148//#testresult/3448b1ce9caa7a50",
        "status" : "passed",
        "time" : {
          "start" : 1725585952377,
          "stop" : 1725585954460,
          "duration" : 2083
        }
      }, {
        "uid" : "b538b871397944cc",
        "reportUrl" : "https://Areso.github.io/Oblache/147//#testresult/b538b871397944cc",
        "status" : "passed",
        "time" : {
          "start" : 1725499609284,
          "stop" : 1725499611441,
          "duration" : 2157
        }
      }, {
        "uid" : "9d6c9956d46e26f5",
        "reportUrl" : "https://Areso.github.io/Oblache/146//#testresult/9d6c9956d46e26f5",
        "status" : "passed",
        "time" : {
          "start" : 1725413023290,
          "stop" : 1725413026426,
          "duration" : 3136
        }
      }, {
        "uid" : "a6d019ab9323507a",
        "reportUrl" : "https://Areso.github.io/Oblache/145//#testresult/a6d019ab9323507a",
        "status" : "passed",
        "time" : {
          "start" : 1725326566768,
          "stop" : 1725326569424,
          "duration" : 2656
        }
      }, {
        "uid" : "60a3836d4f0aa761",
        "reportUrl" : "https://Areso.github.io/Oblache/144//#testresult/60a3836d4f0aa761",
        "status" : "broken",
        "statusDetails" : "selenium.common.exceptions.TimeoutException: Message: Can't find elements by locator ('xpath', '//tbody[@id=\"tbody_dbs\"]//tr')",
        "time" : {
          "start" : 1725240279388,
          "stop" : 1725240285823,
          "duration" : 6435
        }
      }, {
        "uid" : "fb82c48872139e0c",
        "reportUrl" : "https://Areso.github.io/Oblache/143//#testresult/fb82c48872139e0c",
        "status" : "passed",
        "time" : {
          "start" : 1725154891305,
          "stop" : 1725154893346,
          "duration" : 2041
        }
      }, {
        "uid" : "6d26f12c96405c08",
        "reportUrl" : "https://Areso.github.io/Oblache/142//#testresult/6d26f12c96405c08",
        "status" : "passed",
        "time" : {
          "start" : 1725067364665,
          "stop" : 1725067366577,
          "duration" : 1912
        }
      }, {
        "uid" : "cb8834c86a050615",
        "reportUrl" : "https://Areso.github.io/Oblache/141//#testresult/cb8834c86a050615",
        "status" : "passed",
        "time" : {
          "start" : 1724980956157,
          "stop" : 1724980958080,
          "duration" : 1923
        }
      }, {
        "uid" : "2e558538400c3dd6",
        "reportUrl" : "https://Areso.github.io/Oblache/140//#testresult/2e558538400c3dd6",
        "status" : "passed",
        "time" : {
          "start" : 1724894566704,
          "stop" : 1724894568814,
          "duration" : 2110
        }
      }, {
        "uid" : "357e6465b302565c",
        "reportUrl" : "https://Areso.github.io/Oblache/139//#testresult/357e6465b302565c",
        "status" : "passed",
        "time" : {
          "start" : 1724808099948,
          "stop" : 1724808102811,
          "duration" : 2863
        }
      }, {
        "uid" : "adf95cbd9d4894cb",
        "reportUrl" : "https://Areso.github.io/Oblache/138//#testresult/adf95cbd9d4894cb",
        "status" : "passed",
        "time" : {
          "start" : 1724721697483,
          "stop" : 1724721699462,
          "duration" : 1979
        }
      }, {
        "uid" : "7daa2df6b4893108",
        "reportUrl" : "https://Areso.github.io/Oblache/137//#testresult/7daa2df6b4893108",
        "status" : "broken",
        "statusDetails" : "selenium.common.exceptions.TimeoutException: Message: Can't find elements by locator ('xpath', '//tbody[@id=\"tbody_dbs\"]//tr')",
        "time" : {
          "start" : 1724635261812,
          "stop" : 1724635268396,
          "duration" : 6584
        }
      }, {
        "uid" : "535438d0147381f7",
        "reportUrl" : "https://Areso.github.io/Oblache/136//#testresult/535438d0147381f7",
        "status" : "passed",
        "time" : {
          "start" : 1724549136625,
          "stop" : 1724549138798,
          "duration" : 2173
        }
      }, {
        "uid" : "ac9c1fcdf66f37a5",
        "reportUrl" : "https://Areso.github.io/Oblache/135//#testresult/ac9c1fcdf66f37a5",
        "status" : "passed",
        "time" : {
          "start" : 1724462319743,
          "stop" : 1724462321932,
          "duration" : 2189
        }
      } ]
    },
    "tags" : [ ]
  },
  "source" : "fea556219c161f6e.json",
  "parameterValues" : [ ]
}