{
  "uid" : "2f80f3acceb81da5",
  "name" : "test_open_static_site_page",
  "fullName" : "tests_ui.test_ui.TestProfilePage#test_open_statistic_page",
  "historyId" : "d5ae1e2d5dedc1997262906d6ec2db80",
  "time" : {
    "start" : 1729560535162,
    "stop" : 1729560540587,
    "duration" : 5425
  },
  "status" : "broken",
  "statusMessage" : "selenium.common.exceptions.TimeoutException: Message: Can't find element by locator ('xpath', '//button[@id=\"menu_button_webpages\"]')\nStacktrace:\n#0 0x559e52f1c0aa <unknown>\n#1 0x559e52a331a0 <unknown>\n#2 0x559e52a7fd06 <unknown>\n#3 0x559e52a7ffa1 <unknown>\n#4 0x559e52ac5344 <unknown>\n#5 0x559e52aa3dad <unknown>\n#6 0x559e52ac2866 <unknown>\n#7 0x559e52aa3b23 <unknown>\n#8 0x559e52a72990 <unknown>\n#9 0x559e52a7396e <unknown>\n#10 0x559e52ee816b <unknown>\n#11 0x559e52eebf68 <unknown>\n#12 0x559e52ed564c <unknown>\n#13 0x559e52eecae7 <unknown>\n#14 0x559e52eba4af <unknown>\n#15 0x559e52f0a4f8 <unknown>\n#16 0x559e52f0a6c0 <unknown>\n#17 0x559e52f1af26 <unknown>\n#18 0x7f59ef294ac3 <unknown>",
  "statusTrace" : "self = <tests_ui.test_ui.TestProfilePage object at 0x7f6a957401d0>\ndriver = <selenium.webdriver.chrome.webdriver.WebDriver (session=\"b4bb24aac6cd8f0c219578a650a5ffc6\")>\nauthorization_user = None\n\n    @allure.title('test_open_static_site_page')\n    def test_open_statistic_page(self, driver, authorization_user):\n        page = ProfilePage(driver)\n>       page.click_static_site_button()\n\ntests_ui/test_ui.py:69: \n_ _ _ _ _ _ _ _ _ _ _ _ _ _ _ _ _ _ _ _ _ _ _ _ _ _ _ _ _ _ _ _ _ _ _ _ _ _ _ _ \ntests_ui/profile_page.py:40: in click_static_site_button\n    return self.element_is_present_and_clickable(self.locators.STATIC_BUTTON).click()\ntests_ui/base_page.py:28: in element_is_present_and_clickable\n    return (Wait(self.driver, self.timeout).until(\n_ _ _ _ _ _ _ _ _ _ _ _ _ _ _ _ _ _ _ _ _ _ _ _ _ _ _ _ _ _ _ _ _ _ _ _ _ _ _ _ \n\nself = <selenium.webdriver.support.wait.WebDriverWait (session=\"b4bb24aac6cd8f0c219578a650a5ffc6\")>\nmethod = <function visibility_of_element_located.<locals>._predicate at 0x7f6a95452840>\nmessage = 'Can\\'t find element by locator (\\'xpath\\', \\'//button[@id=\"menu_button_webpages\"]\\')'\n\n    def until(self, method: Callable[[D], Union[Literal[False], T]], message: str = \"\") -> T:\n        \"\"\"Calls the method provided with the driver as an argument until the \\\n        return value does not evaluate to ``False``.\n    \n        :param method: callable(WebDriver)\n        :param message: optional message for :exc:`TimeoutException`\n        :returns: the result of the last call to `method`\n        :raises: :exc:`selenium.common.exceptions.TimeoutException` if timeout occurs\n        \"\"\"\n        screen = None\n        stacktrace = None\n    \n        end_time = time.monotonic() + self._timeout\n        while True:\n            try:\n                value = method(self._driver)\n                if value:\n                    return value\n            except self._ignored_exceptions as exc:\n                screen = getattr(exc, \"screen\", None)\n                stacktrace = getattr(exc, \"stacktrace\", None)\n            time.sleep(self._poll)\n            if time.monotonic() > end_time:\n                break\n>       raise TimeoutException(message, screen, stacktrace)\nE       selenium.common.exceptions.TimeoutException: Message: Can't find element by locator ('xpath', '//button[@id=\"menu_button_webpages\"]')\nE       Stacktrace:\nE       #0 0x559e52f1c0aa <unknown>\nE       #1 0x559e52a331a0 <unknown>\nE       #2 0x559e52a7fd06 <unknown>\nE       #3 0x559e52a7ffa1 <unknown>\nE       #4 0x559e52ac5344 <unknown>\nE       #5 0x559e52aa3dad <unknown>\nE       #6 0x559e52ac2866 <unknown>\nE       #7 0x559e52aa3b23 <unknown>\nE       #8 0x559e52a72990 <unknown>\nE       #9 0x559e52a7396e <unknown>\nE       #10 0x559e52ee816b <unknown>\nE       #11 0x559e52eebf68 <unknown>\nE       #12 0x559e52ed564c <unknown>\nE       #13 0x559e52eecae7 <unknown>\nE       #14 0x559e52eba4af <unknown>\nE       #15 0x559e52f0a4f8 <unknown>\nE       #16 0x559e52f0a6c0 <unknown>\nE       #17 0x559e52f1af26 <unknown>\nE       #18 0x7f59ef294ac3 <unknown>\n\n/opt/hostedtoolcache/Python/3.12.7/x64/lib/python3.12/site-packages/selenium/webdriver/support/wait.py:105: TimeoutException",
  "flaky" : false,
  "newFailed" : false,
  "beforeStages" : [ {
    "name" : "driver",
    "time" : {
      "start" : 1729560534380,
      "stop" : 1729560534672,
      "duration" : 292
    },
    "status" : "passed",
    "steps" : [ ],
    "attachments" : [ ],
    "parameters" : [ ],
    "stepsCount" : 0,
    "attachmentsCount" : 0,
    "shouldDisplayMessage" : false,
    "hasContent" : false
  }, {
    "name" : "authorization_user",
    "time" : {
      "start" : 1729560534672,
      "stop" : 1729560535162,
      "duration" : 490
    },
    "status" : "passed",
    "steps" : [ {
      "name" : "Open page: https://oblache.areso.pro/register.html",
      "time" : {
        "start" : 1729560534672,
        "stop" : 1729560534986,
        "duration" : 314
      },
      "status" : "passed",
      "steps" : [ ],
      "attachments" : [ ],
      "parameters" : [ ],
      "stepsCount" : 0,
      "attachmentsCount" : 0,
      "shouldDisplayMessage" : false,
      "hasContent" : false
    }, {
      "name" : "Login user",
      "time" : {
        "start" : 1729560534986,
        "stop" : 1729560535162,
        "duration" : 176
      },
      "status" : "passed",
      "steps" : [ {
        "name" : "Enter email.",
        "time" : {
          "start" : 1729560534986,
          "stop" : 1729560535045,
          "duration" : 59
        },
        "status" : "passed",
        "steps" : [ ],
        "attachments" : [ ],
        "parameters" : [ ],
        "stepsCount" : 0,
        "attachmentsCount" : 0,
        "shouldDisplayMessage" : false,
        "hasContent" : false
      }, {
        "name" : "Enter password.",
        "time" : {
          "start" : 1729560535045,
          "stop" : 1729560535089,
          "duration" : 44
        },
        "status" : "passed",
        "steps" : [ ],
        "attachments" : [ ],
        "parameters" : [ ],
        "stepsCount" : 0,
        "attachmentsCount" : 0,
        "shouldDisplayMessage" : false,
        "hasContent" : false
      }, {
        "name" : "Click button \"Login\"",
        "time" : {
          "start" : 1729560535089,
          "stop" : 1729560535159,
          "duration" : 70
        },
        "status" : "passed",
        "steps" : [ ],
        "attachments" : [ ],
        "parameters" : [ ],
        "stepsCount" : 0,
        "attachmentsCount" : 0,
        "shouldDisplayMessage" : false,
        "hasContent" : false
      }, {
        "name" : "Check url is present: https://oblache.areso.pro/register.html",
        "time" : {
          "start" : 1729560535159,
          "stop" : 1729560535162,
          "duration" : 3
        },
        "status" : "passed",
        "steps" : [ ],
        "attachments" : [ ],
        "parameters" : [ ],
        "stepsCount" : 0,
        "attachmentsCount" : 0,
        "shouldDisplayMessage" : false,
        "hasContent" : false
      } ],
      "attachments" : [ ],
      "parameters" : [ ],
      "stepsCount" : 4,
      "attachmentsCount" : 0,
      "shouldDisplayMessage" : false,
      "hasContent" : true
    } ],
    "attachments" : [ ],
    "parameters" : [ ],
    "stepsCount" : 6,
    "attachmentsCount" : 0,
    "shouldDisplayMessage" : false,
    "hasContent" : true
  } ],
  "testStage" : {
    "status" : "broken",
    "statusMessage" : "selenium.common.exceptions.TimeoutException: Message: Can't find element by locator ('xpath', '//button[@id=\"menu_button_webpages\"]')\nStacktrace:\n#0 0x559e52f1c0aa <unknown>\n#1 0x559e52a331a0 <unknown>\n#2 0x559e52a7fd06 <unknown>\n#3 0x559e52a7ffa1 <unknown>\n#4 0x559e52ac5344 <unknown>\n#5 0x559e52aa3dad <unknown>\n#6 0x559e52ac2866 <unknown>\n#7 0x559e52aa3b23 <unknown>\n#8 0x559e52a72990 <unknown>\n#9 0x559e52a7396e <unknown>\n#10 0x559e52ee816b <unknown>\n#11 0x559e52eebf68 <unknown>\n#12 0x559e52ed564c <unknown>\n#13 0x559e52eecae7 <unknown>\n#14 0x559e52eba4af <unknown>\n#15 0x559e52f0a4f8 <unknown>\n#16 0x559e52f0a6c0 <unknown>\n#17 0x559e52f1af26 <unknown>\n#18 0x7f59ef294ac3 <unknown>",
    "statusTrace" : "self = <tests_ui.test_ui.TestProfilePage object at 0x7f6a957401d0>\ndriver = <selenium.webdriver.chrome.webdriver.WebDriver (session=\"b4bb24aac6cd8f0c219578a650a5ffc6\")>\nauthorization_user = None\n\n    @allure.title('test_open_static_site_page')\n    def test_open_statistic_page(self, driver, authorization_user):\n        page = ProfilePage(driver)\n>       page.click_static_site_button()\n\ntests_ui/test_ui.py:69: \n_ _ _ _ _ _ _ _ _ _ _ _ _ _ _ _ _ _ _ _ _ _ _ _ _ _ _ _ _ _ _ _ _ _ _ _ _ _ _ _ \ntests_ui/profile_page.py:40: in click_static_site_button\n    return self.element_is_present_and_clickable(self.locators.STATIC_BUTTON).click()\ntests_ui/base_page.py:28: in element_is_present_and_clickable\n    return (Wait(self.driver, self.timeout).until(\n_ _ _ _ _ _ _ _ _ _ _ _ _ _ _ _ _ _ _ _ _ _ _ _ _ _ _ _ _ _ _ _ _ _ _ _ _ _ _ _ \n\nself = <selenium.webdriver.support.wait.WebDriverWait (session=\"b4bb24aac6cd8f0c219578a650a5ffc6\")>\nmethod = <function visibility_of_element_located.<locals>._predicate at 0x7f6a95452840>\nmessage = 'Can\\'t find element by locator (\\'xpath\\', \\'//button[@id=\"menu_button_webpages\"]\\')'\n\n    def until(self, method: Callable[[D], Union[Literal[False], T]], message: str = \"\") -> T:\n        \"\"\"Calls the method provided with the driver as an argument until the \\\n        return value does not evaluate to ``False``.\n    \n        :param method: callable(WebDriver)\n        :param message: optional message for :exc:`TimeoutException`\n        :returns: the result of the last call to `method`\n        :raises: :exc:`selenium.common.exceptions.TimeoutException` if timeout occurs\n        \"\"\"\n        screen = None\n        stacktrace = None\n    \n        end_time = time.monotonic() + self._timeout\n        while True:\n            try:\n                value = method(self._driver)\n                if value:\n                    return value\n            except self._ignored_exceptions as exc:\n                screen = getattr(exc, \"screen\", None)\n                stacktrace = getattr(exc, \"stacktrace\", None)\n            time.sleep(self._poll)\n            if time.monotonic() > end_time:\n                break\n>       raise TimeoutException(message, screen, stacktrace)\nE       selenium.common.exceptions.TimeoutException: Message: Can't find element by locator ('xpath', '//button[@id=\"menu_button_webpages\"]')\nE       Stacktrace:\nE       #0 0x559e52f1c0aa <unknown>\nE       #1 0x559e52a331a0 <unknown>\nE       #2 0x559e52a7fd06 <unknown>\nE       #3 0x559e52a7ffa1 <unknown>\nE       #4 0x559e52ac5344 <unknown>\nE       #5 0x559e52aa3dad <unknown>\nE       #6 0x559e52ac2866 <unknown>\nE       #7 0x559e52aa3b23 <unknown>\nE       #8 0x559e52a72990 <unknown>\nE       #9 0x559e52a7396e <unknown>\nE       #10 0x559e52ee816b <unknown>\nE       #11 0x559e52eebf68 <unknown>\nE       #12 0x559e52ed564c <unknown>\nE       #13 0x559e52eecae7 <unknown>\nE       #14 0x559e52eba4af <unknown>\nE       #15 0x559e52f0a4f8 <unknown>\nE       #16 0x559e52f0a6c0 <unknown>\nE       #17 0x559e52f1af26 <unknown>\nE       #18 0x7f59ef294ac3 <unknown>\n\n/opt/hostedtoolcache/Python/3.12.7/x64/lib/python3.12/site-packages/selenium/webdriver/support/wait.py:105: TimeoutException",
    "steps" : [ {
      "name" : "Click \"Static site\" button.",
      "time" : {
        "start" : 1729560535162,
        "stop" : 1729560540586,
        "duration" : 5424
      },
      "status" : "broken",
      "statusMessage" : "selenium.common.exceptions.TimeoutException: Message: Can't find element by locator ('xpath', '//button[@id=\"menu_button_webpages\"]')\nStacktrace:\n#0 0x559e52f1c0aa <unknown>\n#1 0x559e52a331a0 <unknown>\n#2 0x559e52a7fd06 <unknown>\n#3 0x559e52a7ffa1 <unknown>\n#4 0x559e52ac5344 <unknown>\n#5 0x559e52aa3dad <unknown>\n#6 0x559e52ac2866 <unknown>\n#7 0x559e52aa3b23 <unknown>\n#8 0x559e52a72990 <unknown>\n#9 0x559e52a7396e <unknown>\n#10 0x559e52ee816b <unknown>\n#11 0x559e52eebf68 <unknown>\n#12 0x559e52ed564c <unknown>\n#13 0x559e52eecae7 <unknown>\n#14 0x559e52eba4af <unknown>\n#15 0x559e52f0a4f8 <unknown>\n#16 0x559e52f0a6c0 <unknown>\n#17 0x559e52f1af26 <unknown>\n#18 0x7f59ef294ac3 <unknown>\n\n",
      "statusTrace" : "  File \"/home/runner/work/Oblache/Oblache/tests_ui/profile_page.py\", line 40, in click_static_site_button\n    return self.element_is_present_and_clickable(self.locators.STATIC_BUTTON).click()\n           ^^^^^^^^^^^^^^^^^^^^^^^^^^^^^^^^^^^^^^^^^^^^^^^^^^^^^^^^^^^^^^^^^^\n  File \"/home/runner/work/Oblache/Oblache/tests_ui/base_page.py\", line 28, in element_is_present_and_clickable\n    return (Wait(self.driver, self.timeout).until(\n            ^^^^^^^^^^^^^^^^^^^^^^^^^^^^^^^^^^^^^^\n  File \"/opt/hostedtoolcache/Python/3.12.7/x64/lib/python3.12/site-packages/selenium/webdriver/support/wait.py\", line 105, in until\n    raise TimeoutException(message, screen, stacktrace)\n",
      "steps" : [ ],
      "attachments" : [ ],
      "parameters" : [ ],
      "stepsCount" : 0,
      "attachmentsCount" : 0,
      "shouldDisplayMessage" : true,
      "hasContent" : true
    } ],
    "attachments" : [ {
      "uid" : "e0781262a8b8fbb2",
      "name" : "Screenshot 2024-10-22 01:29:00.676190",
      "source" : "e0781262a8b8fbb2.png",
      "type" : "image/png",
      "size" : 42131
    } ],
    "parameters" : [ ],
    "stepsCount" : 1,
    "attachmentsCount" : 1,
    "shouldDisplayMessage" : true,
    "hasContent" : true
  },
  "afterStages" : [ {
    "name" : "driver::0",
    "time" : {
      "start" : 1729560540677,
      "stop" : 1729560540742,
      "duration" : 65
    },
    "status" : "passed",
    "steps" : [ ],
    "attachments" : [ ],
    "parameters" : [ ],
    "stepsCount" : 0,
    "attachmentsCount" : 0,
    "shouldDisplayMessage" : false,
    "hasContent" : false
  } ],
  "labels" : [ {
    "name" : "suite",
    "value" : "Test Profile Page."
  }, {
    "name" : "parentSuite",
    "value" : "tests_ui"
  }, {
    "name" : "subSuite",
    "value" : "TestProfilePage"
  }, {
    "name" : "host",
    "value" : "fv-az1780-340"
  }, {
    "name" : "thread",
    "value" : "2321-MainThread"
  }, {
    "name" : "framework",
    "value" : "pytest"
  }, {
    "name" : "language",
    "value" : "cpython3"
  }, {
    "name" : "package",
    "value" : "tests_ui.test_ui"
  }, {
    "name" : "resultFormat",
    "value" : "allure2"
  } ],
  "parameters" : [ ],
  "links" : [ ],
  "hidden" : false,
  "retry" : false,
  "extra" : {
    "severity" : "normal",
    "retries" : [ ],
    "categories" : [ {
      "name" : "Test defects",
      "matchedStatuses" : [ ],
      "flaky" : false
    } ],
    "history" : {
      "statistic" : {
        "failed" : 0,
        "broken" : 35,
        "skipped" : 0,
        "passed" : 1,
        "unknown" : 0,
        "total" : 36
      },
      "items" : [ {
        "uid" : "e5aac626970f6a5",
        "reportUrl" : "https://Areso.github.io/Oblache/193//#testresult/e5aac626970f6a5",
        "status" : "broken",
        "statusDetails" : "selenium.common.exceptions.TimeoutException: Message: Can't find element by locator ('xpath', '//button[@id=\"menu_button_webpages\"]')\nStacktrace:\n#0 0x5640129b90aa <unknown>\n#1 0x5640124d01a0 <unknown>\n#2 0x56401251cd06 <unknown>\n#3 0x56401251cfa1 <unknown>\n#4 0x564012562344 <unknown>\n#5 0x564012540dad <unknown>\n#6 0x56401255f866 <unknown>\n#7 0x564012540b23 <unknown>\n#8 0x56401250f990 <unknown>\n#9 0x56401251096e <unknown>\n#10 0x56401298516b <unknown>\n#11 0x564012988f68 <unknown>\n#12 0x56401297264c <unknown>\n#13 0x564012989ae7 <unknown>\n#14 0x5640129574af <unknown>\n#15 0x5640129a74f8 <unknown>\n#16 0x5640129a76c0 <unknown>\n#17 0x5640129b7f26 <unknown>\n#18 0x7f4735494ac3 <unknown>",
        "time" : {
          "start" : 1729474197865,
          "stop" : 1729474202925,
          "duration" : 5060
        }
      }, {
        "uid" : "fe0714d93fd210ec",
        "reportUrl" : "https://Areso.github.io/Oblache/192//#testresult/fe0714d93fd210ec",
        "status" : "broken",
        "statusDetails" : "selenium.common.exceptions.TimeoutException: Message: Can't find element by locator ('xpath', '//button[@id=\"menu_button_webpages\"]')\nStacktrace:\n#0 0x55e70f17a0aa <unknown>\n#1 0x55e70ec911a0 <unknown>\n#2 0x55e70ecddd06 <unknown>\n#3 0x55e70ecddfa1 <unknown>\n#4 0x55e70ed23344 <unknown>\n#5 0x55e70ed01dad <unknown>\n#6 0x55e70ed20866 <unknown>\n#7 0x55e70ed01b23 <unknown>\n#8 0x55e70ecd0990 <unknown>\n#9 0x55e70ecd196e <unknown>\n#10 0x55e70f14616b <unknown>\n#11 0x55e70f149f68 <unknown>\n#12 0x55e70f13364c <unknown>\n#13 0x55e70f14aae7 <unknown>\n#14 0x55e70f1184af <unknown>\n#15 0x55e70f1684f8 <unknown>\n#16 0x55e70f1686c0 <unknown>\n#17 0x55e70f178f26 <unknown>\n#18 0x7fe77ae94ac3 <unknown>",
        "time" : {
          "start" : 1729388519491,
          "stop" : 1729388524908,
          "duration" : 5417
        }
      }, {
        "uid" : "711feb54da24155a",
        "reportUrl" : "https://Areso.github.io/Oblache/191//#testresult/711feb54da24155a",
        "status" : "broken",
        "statusDetails" : "selenium.common.exceptions.TimeoutException: Message: Can't find element by locator ('xpath', '//button[@id=\"menu_button_webpages\"]')\nStacktrace:\n#0 0x5633c64b50aa <unknown>\n#1 0x5633c5fcc1a0 <unknown>\n#2 0x5633c6018d06 <unknown>\n#3 0x5633c6018fa1 <unknown>\n#4 0x5633c605e344 <unknown>\n#5 0x5633c603cdad <unknown>\n#6 0x5633c605b866 <unknown>\n#7 0x5633c603cb23 <unknown>\n#8 0x5633c600b990 <unknown>\n#9 0x5633c600c96e <unknown>\n#10 0x5633c648116b <unknown>\n#11 0x5633c6484f68 <unknown>\n#12 0x5633c646e64c <unknown>\n#13 0x5633c6485ae7 <unknown>\n#14 0x5633c64534af <unknown>\n#15 0x5633c64a34f8 <unknown>\n#16 0x5633c64a36c0 <unknown>\n#17 0x5633c64b3f26 <unknown>\n#18 0x7f2a00a94ac3 <unknown>",
        "time" : {
          "start" : 1729301222071,
          "stop" : 1729301227487,
          "duration" : 5416
        }
      }, {
        "uid" : "daf76260e0799fd7",
        "reportUrl" : "https://Areso.github.io/Oblache/190//#testresult/daf76260e0799fd7",
        "status" : "broken",
        "statusDetails" : "selenium.common.exceptions.TimeoutException: Message: Can't find element by locator ('xpath', '//button[@id=\"menu_button_webpages\"]')\nStacktrace:\n#0 0x5635b28e502a <unknown>\n#1 0x5635b25cb5e0 <unknown>\n#2 0x5635b261abe8 <unknown>\n#3 0x5635b261ae81 <unknown>\n#4 0x5635b26618c4 <unknown>\n#5 0x5635b263fb4d <unknown>\n#6 0x5635b265ed7d <unknown>\n#7 0x5635b263f8c3 <unknown>\n#8 0x5635b260d6b3 <unknown>\n#9 0x5635b260e68e <unknown>\n#10 0x5635b28afa2b <unknown>\n#11 0x5635b28b39b1 <unknown>\n#12 0x5635b289c225 <unknown>\n#13 0x5635b28b4532 <unknown>\n#14 0x5635b288138f <unknown>\n#15 0x5635b28d3f28 <unknown>\n#16 0x5635b28d40f3 <unknown>\n#17 0x5635b28e3e7c <unknown>\n#18 0x7fdcc9a94ac3 <unknown>",
        "time" : {
          "start" : 1729214939894,
          "stop" : 1729214945327,
          "duration" : 5433
        }
      }, {
        "uid" : "118941649ec4045d",
        "reportUrl" : "https://Areso.github.io/Oblache/189//#testresult/118941649ec4045d",
        "status" : "broken",
        "statusDetails" : "selenium.common.exceptions.TimeoutException: Message: Can't find element by locator ('xpath', '//button[@id=\"menu_button_webpages\"]')\nStacktrace:\n#0 0x556f57dc302a <unknown>\n#1 0x556f57aa95e0 <unknown>\n#2 0x556f57af8be8 <unknown>\n#3 0x556f57af8e81 <unknown>\n#4 0x556f57b3f8c4 <unknown>\n#5 0x556f57b1db4d <unknown>\n#6 0x556f57b3cd7d <unknown>\n#7 0x556f57b1d8c3 <unknown>\n#8 0x556f57aeb6b3 <unknown>\n#9 0x556f57aec68e <unknown>\n#10 0x556f57d8da2b <unknown>\n#11 0x556f57d919b1 <unknown>\n#12 0x556f57d7a225 <unknown>\n#13 0x556f57d92532 <unknown>\n#14 0x556f57d5f38f <unknown>\n#15 0x556f57db1f28 <unknown>\n#16 0x556f57db20f3 <unknown>\n#17 0x556f57dc1e7c <unknown>\n#18 0x7fef83294ac3 <unknown>",
        "time" : {
          "start" : 1729128476034,
          "stop" : 1729128481454,
          "duration" : 5420
        }
      }, {
        "uid" : "2045ffba9c056ef",
        "reportUrl" : "https://Areso.github.io/Oblache/188//#testresult/2045ffba9c056ef",
        "status" : "broken",
        "statusDetails" : "selenium.common.exceptions.TimeoutException: Message: Can't find element by locator ('xpath', '//button[@id=\"menu_button_webpages\"]')\nStacktrace:\n#0 0x5613c492402a <unknown>\n#1 0x5613c460a5e0 <unknown>\n#2 0x5613c4659be8 <unknown>\n#3 0x5613c4659e81 <unknown>\n#4 0x5613c46a08c4 <unknown>\n#5 0x5613c467eb4d <unknown>\n#6 0x5613c469dd7d <unknown>\n#7 0x5613c467e8c3 <unknown>\n#8 0x5613c464c6b3 <unknown>\n#9 0x5613c464d68e <unknown>\n#10 0x5613c48eea2b <unknown>\n#11 0x5613c48f29b1 <unknown>\n#12 0x5613c48db225 <unknown>\n#13 0x5613c48f3532 <unknown>\n#14 0x5613c48c038f <unknown>\n#15 0x5613c4912f28 <unknown>\n#16 0x5613c49130f3 <unknown>\n#17 0x5613c4922e7c <unknown>\n#18 0x7f852c694ac3 <unknown>",
        "time" : {
          "start" : 1729042202573,
          "stop" : 1729042208023,
          "duration" : 5450
        }
      }, {
        "uid" : "36c1f006346978c8",
        "reportUrl" : "https://Areso.github.io/Oblache/187//#testresult/36c1f006346978c8",
        "status" : "broken",
        "statusDetails" : "selenium.common.exceptions.TimeoutException: Message: Can't find element by locator ('xpath', '//button[@id=\"menu_button_webpages\"]')\nStacktrace:\n#0 0x5559cd04d02a <unknown>\n#1 0x5559ccd335e0 <unknown>\n#2 0x5559ccd82be8 <unknown>\n#3 0x5559ccd82e81 <unknown>\n#4 0x5559ccdc98c4 <unknown>\n#5 0x5559ccda7b4d <unknown>\n#6 0x5559ccdc6d7d <unknown>\n#7 0x5559ccda78c3 <unknown>\n#8 0x5559ccd756b3 <unknown>\n#9 0x5559ccd7668e <unknown>\n#10 0x5559cd017a2b <unknown>\n#11 0x5559cd01b9b1 <unknown>\n#12 0x5559cd004225 <unknown>\n#13 0x5559cd01c532 <unknown>\n#14 0x5559ccfe938f <unknown>\n#15 0x5559cd03bf28 <unknown>\n#16 0x5559cd03c0f3 <unknown>\n#17 0x5559cd04be7c <unknown>\n#18 0x7f27f3c94ac3 <unknown>",
        "time" : {
          "start" : 1728955742620,
          "stop" : 1728955748052,
          "duration" : 5432
        }
      }, {
        "uid" : "b57e8827130874bc",
        "reportUrl" : "https://Areso.github.io/Oblache/186//#testresult/b57e8827130874bc",
        "status" : "broken",
        "statusDetails" : "selenium.common.exceptions.TimeoutException: Message: Can't find element by locator ('xpath', '//button[@id=\"menu_button_webpages\"]')\nStacktrace:\n#0 0x55862134d02a <unknown>\n#1 0x5586210335e0 <unknown>\n#2 0x558621082be8 <unknown>\n#3 0x558621082e81 <unknown>\n#4 0x5586210c98c4 <unknown>\n#5 0x5586210a7b4d <unknown>\n#6 0x5586210c6d7d <unknown>\n#7 0x5586210a78c3 <unknown>\n#8 0x5586210756b3 <unknown>\n#9 0x55862107668e <unknown>\n#10 0x558621317a2b <unknown>\n#11 0x55862131b9b1 <unknown>\n#12 0x558621304225 <unknown>\n#13 0x55862131c532 <unknown>\n#14 0x5586212e938f <unknown>\n#15 0x55862133bf28 <unknown>\n#16 0x55862133c0f3 <unknown>\n#17 0x55862134be7c <unknown>\n#18 0x7fa894094ac3 <unknown>",
        "time" : {
          "start" : 1728869397869,
          "stop" : 1728869403289,
          "duration" : 5420
        }
      }, {
        "uid" : "2c93fadcc35b96b3",
        "reportUrl" : "https://Areso.github.io/Oblache/185//#testresult/2c93fadcc35b96b3",
        "status" : "broken",
        "statusDetails" : "selenium.common.exceptions.TimeoutException: Message: Can't find element by locator ('xpath', '//button[@id=\"menu_button_webpages\"]')\nStacktrace:\n#0 0x55cae0cbd02a <unknown>\n#1 0x55cae09a35e0 <unknown>\n#2 0x55cae09f2be8 <unknown>\n#3 0x55cae09f2e81 <unknown>\n#4 0x55cae0a398c4 <unknown>\n#5 0x55cae0a17b4d <unknown>\n#6 0x55cae0a36d7d <unknown>\n#7 0x55cae0a178c3 <unknown>\n#8 0x55cae09e56b3 <unknown>\n#9 0x55cae09e668e <unknown>\n#10 0x55cae0c87a2b <unknown>\n#11 0x55cae0c8b9b1 <unknown>\n#12 0x55cae0c74225 <unknown>\n#13 0x55cae0c8c532 <unknown>\n#14 0x55cae0c5938f <unknown>\n#15 0x55cae0cabf28 <unknown>\n#16 0x55cae0cac0f3 <unknown>\n#17 0x55cae0cbbe7c <unknown>\n#18 0x7f171ce94ac3 <unknown>",
        "time" : {
          "start" : 1728783670538,
          "stop" : 1728783676003,
          "duration" : 5465
        }
      }, {
        "uid" : "ce253eca1b64a199",
        "reportUrl" : "https://Areso.github.io/Oblache/184//#testresult/ce253eca1b64a199",
        "status" : "broken",
        "statusDetails" : "selenium.common.exceptions.TimeoutException: Message: Can't find element by locator ('xpath', '//button[@id=\"menu_button_webpages\"]')\nStacktrace:\n#0 0x55bbd783b02a <unknown>\n#1 0x55bbd75215e0 <unknown>\n#2 0x55bbd7570be8 <unknown>\n#3 0x55bbd7570e81 <unknown>\n#4 0x55bbd75b78c4 <unknown>\n#5 0x55bbd7595b4d <unknown>\n#6 0x55bbd75b4d7d <unknown>\n#7 0x55bbd75958c3 <unknown>\n#8 0x55bbd75636b3 <unknown>\n#9 0x55bbd756468e <unknown>\n#10 0x55bbd7805a2b <unknown>\n#11 0x55bbd78099b1 <unknown>\n#12 0x55bbd77f2225 <unknown>\n#13 0x55bbd780a532 <unknown>\n#14 0x55bbd77d738f <unknown>\n#15 0x55bbd7829f28 <unknown>\n#16 0x55bbd782a0f3 <unknown>\n#17 0x55bbd7839e7c <unknown>\n#18 0x7ff988094ac3 <unknown>",
        "time" : {
          "start" : 1728696364640,
          "stop" : 1728696369698,
          "duration" : 5058
        }
      }, {
        "uid" : "e4ebf327ef5470b",
        "reportUrl" : "https://Areso.github.io/Oblache/183//#testresult/e4ebf327ef5470b",
        "status" : "broken",
        "statusDetails" : "selenium.common.exceptions.TimeoutException: Message: Can't find element by locator ('xpath', '//button[@id=\"menu_button_webpages\"]')\nStacktrace:\n#0 0x55dffcbf202a <unknown>\n#1 0x55dffc8d85e0 <unknown>\n#2 0x55dffc927be8 <unknown>\n#3 0x55dffc927e81 <unknown>\n#4 0x55dffc96e8c4 <unknown>\n#5 0x55dffc94cb4d <unknown>\n#6 0x55dffc96bd7d <unknown>\n#7 0x55dffc94c8c3 <unknown>\n#8 0x55dffc91a6b3 <unknown>\n#9 0x55dffc91b68e <unknown>\n#10 0x55dffcbbca2b <unknown>\n#11 0x55dffcbc09b1 <unknown>\n#12 0x55dffcba9225 <unknown>\n#13 0x55dffcbc1532 <unknown>\n#14 0x55dffcb8e38f <unknown>\n#15 0x55dffcbe0f28 <unknown>\n#16 0x55dffcbe10f3 <unknown>\n#17 0x55dffcbf0e7c <unknown>\n#18 0x7fc321694ac3 <unknown>",
        "time" : {
          "start" : 1728610055469,
          "stop" : 1728610060906,
          "duration" : 5437
        }
      }, {
        "uid" : "202c8eafb8cfa537",
        "reportUrl" : "https://Areso.github.io/Oblache/182//#testresult/202c8eafb8cfa537",
        "status" : "broken",
        "statusDetails" : "selenium.common.exceptions.TimeoutException: Message: Can't find element by locator ('xpath', '//button[@id=\"menu_button_webpages\"]')\nStacktrace:\n#0 0x556fe746d02a <unknown>\n#1 0x556fe71535e0 <unknown>\n#2 0x556fe71a2be8 <unknown>\n#3 0x556fe71a2e81 <unknown>\n#4 0x556fe71e98c4 <unknown>\n#5 0x556fe71c7b4d <unknown>\n#6 0x556fe71e6d7d <unknown>\n#7 0x556fe71c78c3 <unknown>\n#8 0x556fe71956b3 <unknown>\n#9 0x556fe719668e <unknown>\n#10 0x556fe7437a2b <unknown>\n#11 0x556fe743b9b1 <unknown>\n#12 0x556fe7424225 <unknown>\n#13 0x556fe743c532 <unknown>\n#14 0x556fe740938f <unknown>\n#15 0x556fe745bf28 <unknown>\n#16 0x556fe745c0f3 <unknown>\n#17 0x556fe746be7c <unknown>\n#18 0x7fb9d1694ac3 <unknown>",
        "time" : {
          "start" : 1728523685928,
          "stop" : 1728523690954,
          "duration" : 5026
        }
      }, {
        "uid" : "5a6843bcb3570c3d",
        "reportUrl" : "https://Areso.github.io/Oblache/181//#testresult/5a6843bcb3570c3d",
        "status" : "broken",
        "statusDetails" : "selenium.common.exceptions.TimeoutException: Message: Can't find element by locator ('xpath', '//button[@id=\"menu_button_webpages\"]')\nStacktrace:\n#0 0x5582c0d4e13a <unknown>\n#1 0x5582c0a345e0 <unknown>\n#2 0x5582c0a83be8 <unknown>\n#3 0x5582c0a83e81 <unknown>\n#4 0x5582c0aca8c4 <unknown>\n#5 0x5582c0aa8b4d <unknown>\n#6 0x5582c0ac7d7d <unknown>\n#7 0x5582c0aa88c3 <unknown>\n#8 0x5582c0a766b3 <unknown>\n#9 0x5582c0a7768e <unknown>\n#10 0x5582c0d18b3b <unknown>\n#11 0x5582c0d1cac1 <unknown>\n#12 0x5582c0d05335 <unknown>\n#13 0x5582c0d1d642 <unknown>\n#14 0x5582c0cea49f <unknown>\n#15 0x5582c0d3d038 <unknown>\n#16 0x5582c0d3d203 <unknown>\n#17 0x5582c0d4cf8c <unknown>\n#18 0x7fa094c94ac3 <unknown>",
        "time" : {
          "start" : 1728437326249,
          "stop" : 1728437331686,
          "duration" : 5437
        }
      }, {
        "uid" : "b904bd58353a2c71",
        "reportUrl" : "https://Areso.github.io/Oblache/180//#testresult/b904bd58353a2c71",
        "status" : "broken",
        "statusDetails" : "selenium.common.exceptions.TimeoutException: Message: Can't find element by locator ('xpath', '//button[@id=\"menu_button_webpages\"]')\nStacktrace:\n#0 0x5584d3aef13a <unknown>\n#1 0x5584d37d55e0 <unknown>\n#2 0x5584d3824be8 <unknown>\n#3 0x5584d3824e81 <unknown>\n#4 0x5584d386b8c4 <unknown>\n#5 0x5584d3849b4d <unknown>\n#6 0x5584d3868d7d <unknown>\n#7 0x5584d38498c3 <unknown>\n#8 0x5584d38176b3 <unknown>\n#9 0x5584d381868e <unknown>\n#10 0x5584d3ab9b3b <unknown>\n#11 0x5584d3abdac1 <unknown>\n#12 0x5584d3aa6335 <unknown>\n#13 0x5584d3abe642 <unknown>\n#14 0x5584d3a8b49f <unknown>\n#15 0x5584d3ade038 <unknown>\n#16 0x5584d3ade203 <unknown>\n#17 0x5584d3aedf8c <unknown>\n#18 0x7fb950894ac3 <unknown>",
        "time" : {
          "start" : 1728350872384,
          "stop" : 1728350877807,
          "duration" : 5423
        }
      }, {
        "uid" : "b52621263269aac9",
        "reportUrl" : "https://Areso.github.io/Oblache/179//#testresult/b52621263269aac9",
        "status" : "broken",
        "statusDetails" : "selenium.common.exceptions.TimeoutException: Message: Can't find element by locator ('xpath', '//button[@id=\"menu_button_webpages\"]')\nStacktrace:\n#0 0x558f3ad5a13a <unknown>\n#1 0x558f3aa405e0 <unknown>\n#2 0x558f3aa8fbe8 <unknown>\n#3 0x558f3aa8fe81 <unknown>\n#4 0x558f3aad68c4 <unknown>\n#5 0x558f3aab4b4d <unknown>\n#6 0x558f3aad3d7d <unknown>\n#7 0x558f3aab48c3 <unknown>\n#8 0x558f3aa826b3 <unknown>\n#9 0x558f3aa8368e <unknown>\n#10 0x558f3ad24b3b <unknown>\n#11 0x558f3ad28ac1 <unknown>\n#12 0x558f3ad11335 <unknown>\n#13 0x558f3ad29642 <unknown>\n#14 0x558f3acf649f <unknown>\n#15 0x558f3ad49038 <unknown>\n#16 0x558f3ad49203 <unknown>\n#17 0x558f3ad58f8c <unknown>\n#18 0x7f914a094ac3 <unknown>",
        "time" : {
          "start" : 1728265070235,
          "stop" : 1728265075642,
          "duration" : 5407
        }
      }, {
        "uid" : "63f48263240f155e",
        "reportUrl" : "https://Areso.github.io/Oblache/178//#testresult/63f48263240f155e",
        "status" : "broken",
        "statusDetails" : "selenium.common.exceptions.TimeoutException: Message: Can't find element by locator ('xpath', '//button[@id=\"menu_button_webpages\"]')\nStacktrace:\n#0 0x55664fadb13a <unknown>\n#1 0x55664f7c15e0 <unknown>\n#2 0x55664f810be8 <unknown>\n#3 0x55664f810e81 <unknown>\n#4 0x55664f8578c4 <unknown>\n#5 0x55664f835b4d <unknown>\n#6 0x55664f854d7d <unknown>\n#7 0x55664f8358c3 <unknown>\n#8 0x55664f8036b3 <unknown>\n#9 0x55664f80468e <unknown>\n#10 0x55664faa5b3b <unknown>\n#11 0x55664faa9ac1 <unknown>\n#12 0x55664fa92335 <unknown>\n#13 0x55664faaa642 <unknown>\n#14 0x55664fa7749f <unknown>\n#15 0x55664faca038 <unknown>\n#16 0x55664faca203 <unknown>\n#17 0x55664fad9f8c <unknown>\n#18 0x7f3da6694ac3 <unknown>",
        "time" : {
          "start" : 1728178855856,
          "stop" : 1728178861283,
          "duration" : 5427
        }
      }, {
        "uid" : "590c7c1a53681052",
        "reportUrl" : "https://Areso.github.io/Oblache/177//#testresult/590c7c1a53681052",
        "status" : "broken",
        "statusDetails" : "selenium.common.exceptions.TimeoutException: Message: Can't find element by locator ('xpath', '//button[@id=\"menu_button_webpages\"]')\nStacktrace:\n#0 0x55643ac8213a <unknown>\n#1 0x55643a9685e0 <unknown>\n#2 0x55643a9b7be8 <unknown>\n#3 0x55643a9b7e81 <unknown>\n#4 0x55643a9fe8c4 <unknown>\n#5 0x55643a9dcb4d <unknown>\n#6 0x55643a9fbd7d <unknown>\n#7 0x55643a9dc8c3 <unknown>\n#8 0x55643a9aa6b3 <unknown>\n#9 0x55643a9ab68e <unknown>\n#10 0x55643ac4cb3b <unknown>\n#11 0x55643ac50ac1 <unknown>\n#12 0x55643ac39335 <unknown>\n#13 0x55643ac51642 <unknown>\n#14 0x55643ac1e49f <unknown>\n#15 0x55643ac71038 <unknown>\n#16 0x55643ac71203 <unknown>\n#17 0x55643ac80f8c <unknown>\n#18 0x7f215f094ac3 <unknown>",
        "time" : {
          "start" : 1728091615621,
          "stop" : 1728091620632,
          "duration" : 5011
        }
      }, {
        "uid" : "57c1a2e0209f8ff9",
        "reportUrl" : "https://Areso.github.io/Oblache/176//#testresult/57c1a2e0209f8ff9",
        "status" : "broken",
        "statusDetails" : "selenium.common.exceptions.TimeoutException: Message: Can't find element by locator ('xpath', '//button[@id=\"menu_button_webpages\"]')\nStacktrace:\n#0 0x564fe313413a <unknown>\n#1 0x564fe2e1a5e0 <unknown>\n#2 0x564fe2e69be8 <unknown>\n#3 0x564fe2e69e81 <unknown>\n#4 0x564fe2eb08c4 <unknown>\n#5 0x564fe2e8eb4d <unknown>\n#6 0x564fe2eadd7d <unknown>\n#7 0x564fe2e8e8c3 <unknown>\n#8 0x564fe2e5c6b3 <unknown>\n#9 0x564fe2e5d68e <unknown>\n#10 0x564fe30feb3b <unknown>\n#11 0x564fe3102ac1 <unknown>\n#12 0x564fe30eb335 <unknown>\n#13 0x564fe3103642 <unknown>\n#14 0x564fe30d049f <unknown>\n#15 0x564fe3123038 <unknown>\n#16 0x564fe3123203 <unknown>\n#17 0x564fe3132f8c <unknown>\n#18 0x7febad094ac3 <unknown>",
        "time" : {
          "start" : 1728005275035,
          "stop" : 1728005280400,
          "duration" : 5365
        }
      }, {
        "uid" : "4ec1881f640d7394",
        "reportUrl" : "https://Areso.github.io/Oblache/175//#testresult/4ec1881f640d7394",
        "status" : "broken",
        "statusDetails" : "selenium.common.exceptions.TimeoutException: Message: Can't find element by locator ('xpath', '//button[@id=\"menu_button_webpages\"]')\nStacktrace:\n#0 0x55e529c9a13a <unknown>\n#1 0x55e5299805e0 <unknown>\n#2 0x55e5299cfbe8 <unknown>\n#3 0x55e5299cfe81 <unknown>\n#4 0x55e529a168c4 <unknown>\n#5 0x55e5299f4b4d <unknown>\n#6 0x55e529a13d7d <unknown>\n#7 0x55e5299f48c3 <unknown>\n#8 0x55e5299c26b3 <unknown>\n#9 0x55e5299c368e <unknown>\n#10 0x55e529c64b3b <unknown>\n#11 0x55e529c68ac1 <unknown>\n#12 0x55e529c51335 <unknown>\n#13 0x55e529c69642 <unknown>\n#14 0x55e529c3649f <unknown>\n#15 0x55e529c89038 <unknown>\n#16 0x55e529c89203 <unknown>\n#17 0x55e529c98f8c <unknown>\n#18 0x7f2675c94ac3 <unknown>",
        "time" : {
          "start" : 1727918882362,
          "stop" : 1727918887380,
          "duration" : 5018
        }
      }, {
        "uid" : "cb8562bbe43a69f",
        "reportUrl" : "https://Areso.github.io/Oblache/174//#testresult/cb8562bbe43a69f",
        "status" : "broken",
        "statusDetails" : "selenium.common.exceptions.TimeoutException: Message: Can't find element by locator ('xpath', '//button[@id=\"menu_button_webpages\"]')\nStacktrace:\n#0 0x55816cb8313a <unknown>\n#1 0x55816c8695e0 <unknown>\n#2 0x55816c8b8be8 <unknown>\n#3 0x55816c8b8e81 <unknown>\n#4 0x55816c8ff8c4 <unknown>\n#5 0x55816c8ddb4d <unknown>\n#6 0x55816c8fcd7d <unknown>\n#7 0x55816c8dd8c3 <unknown>\n#8 0x55816c8ab6b3 <unknown>\n#9 0x55816c8ac68e <unknown>\n#10 0x55816cb4db3b <unknown>\n#11 0x55816cb51ac1 <unknown>\n#12 0x55816cb3a335 <unknown>\n#13 0x55816cb52642 <unknown>\n#14 0x55816cb1f49f <unknown>\n#15 0x55816cb72038 <unknown>\n#16 0x55816cb72203 <unknown>\n#17 0x55816cb81f8c <unknown>\n#18 0x7f4551694ac3 <unknown>",
        "time" : {
          "start" : 1727832489556,
          "stop" : 1727832494966,
          "duration" : 5410
        }
      } ]
    },
    "tags" : [ ]
  },
  "source" : "2f80f3acceb81da5.json",
  "parameterValues" : [ ]
}