{
  "uid" : "184200b0646b4c70",
  "name" : "test_clipboard_jdbc",
  "fullName" : "tests_ui.test_ui.TestProfilePage#test_clipboard_jdbc",
  "historyId" : "3c3bc2de59af179987e51569fc1d3309",
  "time" : {
    "start" : 1724549139628,
    "stop" : 1724549146277,
    "duration" : 6649
  },
  "status" : "broken",
  "statusMessage" : "selenium.common.exceptions.TimeoutException: Message: Can't find element by locator ('xpath', '//tbody[@id=\"tbody_dbs\"] /tr[1]/td[7] /button')\nStacktrace:\n#0 0x56274416c6ca <unknown>\n#1 0x562743e3d600 <unknown>\n#2 0x562743e8cbcb <unknown>\n#3 0x562743e8ceb1 <unknown>\n#4 0x562743ed0b24 <unknown>\n#5 0x562743eaf8cd <unknown>\n#6 0x562743ece04a <unknown>\n#7 0x562743eaf643 <unknown>\n#8 0x562743e7fd31 <unknown>\n#9 0x562743e8079e <unknown>\n#10 0x56274413425b <unknown>\n#11 0x5627441381f2 <unknown>\n#12 0x562744121615 <unknown>\n#13 0x562744138d82 <unknown>\n#14 0x56274410625f <unknown>\n#15 0x56274415be68 <unknown>\n#16 0x56274415c040 <unknown>\n#17 0x56274416b49c <unknown>\n#18 0x7fe80a694ac3 <unknown>",
  "statusTrace" : "self = <tests_ui.test_ui.TestProfilePage object at 0x7fc27e867890>\ndriver = <selenium.webdriver.chrome.webdriver.WebDriver (session=\"e2198d65d3a95846270592a7ccf9bf66\")>\nauthorization_user = None\n\n    @allure.title('test_clipboard_jdbc')\n    def test_clipboard_jdbc(self, driver, authorization_user):\n        page = ProfilePage(driver, authorization_user)\n        page.click_button_databases()\n>       page.check_clipboard_jdbc(token=TestProfilePage.token)\n\ntests_ui/test_ui.py:93: \n_ _ _ _ _ _ _ _ _ _ _ _ _ _ _ _ _ _ _ _ _ _ _ _ _ _ _ _ _ _ _ _ _ _ _ _ _ _ _ _ \ntests_ui/profile_page.py:117: in check_clipboard_jdbc\n    button = self.element_is_visible((By.XPATH, '//tbody[@id=\"tbody_dbs\"] /tr[1]/td[7] /button'))\ntests_ui/base_page.py:32: in element_is_visible\n    self.go_to_element(self.element_is_present(locator))\ntests_ui/base_page.py:45: in element_is_present\n    return Wait(self.driver, self.timeout).until(\n_ _ _ _ _ _ _ _ _ _ _ _ _ _ _ _ _ _ _ _ _ _ _ _ _ _ _ _ _ _ _ _ _ _ _ _ _ _ _ _ \n\nself = <selenium.webdriver.support.wait.WebDriverWait (session=\"e2198d65d3a95846270592a7ccf9bf66\")>\nmethod = <function presence_of_element_located.<locals>._predicate at 0x7fc27dd9ad40>\nmessage = 'Can\\'t find element by locator (\\'xpath\\', \\'//tbody[@id=\"tbody_dbs\"] /tr[1]/td[7] /button\\')'\n\n    def until(self, method: Callable[[D], Union[Literal[False], T]], message: str = \"\") -> T:\n        \"\"\"Calls the method provided with the driver as an argument until the \\\n        return value does not evaluate to ``False``.\n    \n        :param method: callable(WebDriver)\n        :param message: optional message for :exc:`TimeoutException`\n        :returns: the result of the last call to `method`\n        :raises: :exc:`selenium.common.exceptions.TimeoutException` if timeout occurs\n        \"\"\"\n        screen = None\n        stacktrace = None\n    \n        end_time = time.monotonic() + self._timeout\n        while True:\n            try:\n                value = method(self._driver)\n                if value:\n                    return value\n            except self._ignored_exceptions as exc:\n                screen = getattr(exc, \"screen\", None)\n                stacktrace = getattr(exc, \"stacktrace\", None)\n            time.sleep(self._poll)\n            if time.monotonic() > end_time:\n                break\n>       raise TimeoutException(message, screen, stacktrace)\nE       selenium.common.exceptions.TimeoutException: Message: Can't find element by locator ('xpath', '//tbody[@id=\"tbody_dbs\"] /tr[1]/td[7] /button')\nE       Stacktrace:\nE       #0 0x56274416c6ca <unknown>\nE       #1 0x562743e3d600 <unknown>\nE       #2 0x562743e8cbcb <unknown>\nE       #3 0x562743e8ceb1 <unknown>\nE       #4 0x562743ed0b24 <unknown>\nE       #5 0x562743eaf8cd <unknown>\nE       #6 0x562743ece04a <unknown>\nE       #7 0x562743eaf643 <unknown>\nE       #8 0x562743e7fd31 <unknown>\nE       #9 0x562743e8079e <unknown>\nE       #10 0x56274413425b <unknown>\nE       #11 0x5627441381f2 <unknown>\nE       #12 0x562744121615 <unknown>\nE       #13 0x562744138d82 <unknown>\nE       #14 0x56274410625f <unknown>\nE       #15 0x56274415be68 <unknown>\nE       #16 0x56274415c040 <unknown>\nE       #17 0x56274416b49c <unknown>\nE       #18 0x7fe80a694ac3 <unknown>\n\n/opt/hostedtoolcache/Python/3.12.5/x64/lib/python3.12/site-packages/selenium/webdriver/support/wait.py:105: TimeoutException",
  "flaky" : false,
  "newFailed" : false,
  "beforeStages" : [ {
    "name" : "driver",
    "time" : {
      "start" : 1724549138955,
      "stop" : 1724549139155,
      "duration" : 200
    },
    "status" : "passed",
    "steps" : [ ],
    "attachments" : [ ],
    "parameters" : [ ],
    "stepsCount" : 0,
    "attachmentsCount" : 0,
    "shouldDisplayMessage" : false,
    "hasContent" : false
  }, {
    "name" : "authorization_user",
    "time" : {
      "start" : 1724549139155,
      "stop" : 1724549139627,
      "duration" : 472
    },
    "status" : "passed",
    "steps" : [ {
      "name" : "Open page: https://oblache.areso.pro/register.html",
      "time" : {
        "start" : 1724549139155,
        "stop" : 1724549139465,
        "duration" : 310
      },
      "status" : "passed",
      "steps" : [ ],
      "attachments" : [ ],
      "parameters" : [ ],
      "stepsCount" : 0,
      "attachmentsCount" : 0,
      "shouldDisplayMessage" : false,
      "hasContent" : false
    }, {
      "name" : "login_user",
      "time" : {
        "start" : 1724549139465,
        "stop" : 1724549139627,
        "duration" : 162
      },
      "status" : "passed",
      "steps" : [ {
        "name" : "Enter email.",
        "time" : {
          "start" : 1724549139465,
          "stop" : 1724549139516,
          "duration" : 51
        },
        "status" : "passed",
        "steps" : [ ],
        "attachments" : [ ],
        "parameters" : [ ],
        "stepsCount" : 0,
        "attachmentsCount" : 0,
        "shouldDisplayMessage" : false,
        "hasContent" : false
      }, {
        "name" : "Enter password.",
        "time" : {
          "start" : 1724549139516,
          "stop" : 1724549139558,
          "duration" : 42
        },
        "status" : "passed",
        "steps" : [ ],
        "attachments" : [ ],
        "parameters" : [ ],
        "stepsCount" : 0,
        "attachmentsCount" : 0,
        "shouldDisplayMessage" : false,
        "hasContent" : false
      }, {
        "name" : "Click button \"Login\"",
        "time" : {
          "start" : 1724549139558,
          "stop" : 1724549139625,
          "duration" : 67
        },
        "status" : "passed",
        "steps" : [ {
          "name" : "element_is_present_and_clickable",
          "time" : {
            "start" : 1724549139558,
            "stop" : 1724549139594,
            "duration" : 36
          },
          "status" : "passed",
          "steps" : [ ],
          "attachments" : [ ],
          "parameters" : [ {
            "name" : "locator",
            "value" : "('xpath', '//input[@id=\"inp_regform_login_submit\"]')"
          } ],
          "stepsCount" : 0,
          "attachmentsCount" : 0,
          "shouldDisplayMessage" : false,
          "hasContent" : true
        } ],
        "attachments" : [ ],
        "parameters" : [ ],
        "stepsCount" : 1,
        "attachmentsCount" : 0,
        "shouldDisplayMessage" : false,
        "hasContent" : true
      }, {
        "name" : "Check url is present: https://oblache.areso.pro/register.html",
        "time" : {
          "start" : 1724549139625,
          "stop" : 1724549139627,
          "duration" : 2
        },
        "status" : "passed",
        "steps" : [ ],
        "attachments" : [ ],
        "parameters" : [ ],
        "stepsCount" : 0,
        "attachmentsCount" : 0,
        "shouldDisplayMessage" : false,
        "hasContent" : false
      } ],
      "attachments" : [ ],
      "parameters" : [ ],
      "stepsCount" : 5,
      "attachmentsCount" : 0,
      "shouldDisplayMessage" : false,
      "hasContent" : true
    } ],
    "attachments" : [ ],
    "parameters" : [ ],
    "stepsCount" : 7,
    "attachmentsCount" : 0,
    "shouldDisplayMessage" : false,
    "hasContent" : true
  } ],
  "testStage" : {
    "status" : "broken",
    "statusMessage" : "selenium.common.exceptions.TimeoutException: Message: Can't find element by locator ('xpath', '//tbody[@id=\"tbody_dbs\"] /tr[1]/td[7] /button')\nStacktrace:\n#0 0x56274416c6ca <unknown>\n#1 0x562743e3d600 <unknown>\n#2 0x562743e8cbcb <unknown>\n#3 0x562743e8ceb1 <unknown>\n#4 0x562743ed0b24 <unknown>\n#5 0x562743eaf8cd <unknown>\n#6 0x562743ece04a <unknown>\n#7 0x562743eaf643 <unknown>\n#8 0x562743e7fd31 <unknown>\n#9 0x562743e8079e <unknown>\n#10 0x56274413425b <unknown>\n#11 0x5627441381f2 <unknown>\n#12 0x562744121615 <unknown>\n#13 0x562744138d82 <unknown>\n#14 0x56274410625f <unknown>\n#15 0x56274415be68 <unknown>\n#16 0x56274415c040 <unknown>\n#17 0x56274416b49c <unknown>\n#18 0x7fe80a694ac3 <unknown>",
    "statusTrace" : "self = <tests_ui.test_ui.TestProfilePage object at 0x7fc27e867890>\ndriver = <selenium.webdriver.chrome.webdriver.WebDriver (session=\"e2198d65d3a95846270592a7ccf9bf66\")>\nauthorization_user = None\n\n    @allure.title('test_clipboard_jdbc')\n    def test_clipboard_jdbc(self, driver, authorization_user):\n        page = ProfilePage(driver, authorization_user)\n        page.click_button_databases()\n>       page.check_clipboard_jdbc(token=TestProfilePage.token)\n\ntests_ui/test_ui.py:93: \n_ _ _ _ _ _ _ _ _ _ _ _ _ _ _ _ _ _ _ _ _ _ _ _ _ _ _ _ _ _ _ _ _ _ _ _ _ _ _ _ \ntests_ui/profile_page.py:117: in check_clipboard_jdbc\n    button = self.element_is_visible((By.XPATH, '//tbody[@id=\"tbody_dbs\"] /tr[1]/td[7] /button'))\ntests_ui/base_page.py:32: in element_is_visible\n    self.go_to_element(self.element_is_present(locator))\ntests_ui/base_page.py:45: in element_is_present\n    return Wait(self.driver, self.timeout).until(\n_ _ _ _ _ _ _ _ _ _ _ _ _ _ _ _ _ _ _ _ _ _ _ _ _ _ _ _ _ _ _ _ _ _ _ _ _ _ _ _ \n\nself = <selenium.webdriver.support.wait.WebDriverWait (session=\"e2198d65d3a95846270592a7ccf9bf66\")>\nmethod = <function presence_of_element_located.<locals>._predicate at 0x7fc27dd9ad40>\nmessage = 'Can\\'t find element by locator (\\'xpath\\', \\'//tbody[@id=\"tbody_dbs\"] /tr[1]/td[7] /button\\')'\n\n    def until(self, method: Callable[[D], Union[Literal[False], T]], message: str = \"\") -> T:\n        \"\"\"Calls the method provided with the driver as an argument until the \\\n        return value does not evaluate to ``False``.\n    \n        :param method: callable(WebDriver)\n        :param message: optional message for :exc:`TimeoutException`\n        :returns: the result of the last call to `method`\n        :raises: :exc:`selenium.common.exceptions.TimeoutException` if timeout occurs\n        \"\"\"\n        screen = None\n        stacktrace = None\n    \n        end_time = time.monotonic() + self._timeout\n        while True:\n            try:\n                value = method(self._driver)\n                if value:\n                    return value\n            except self._ignored_exceptions as exc:\n                screen = getattr(exc, \"screen\", None)\n                stacktrace = getattr(exc, \"stacktrace\", None)\n            time.sleep(self._poll)\n            if time.monotonic() > end_time:\n                break\n>       raise TimeoutException(message, screen, stacktrace)\nE       selenium.common.exceptions.TimeoutException: Message: Can't find element by locator ('xpath', '//tbody[@id=\"tbody_dbs\"] /tr[1]/td[7] /button')\nE       Stacktrace:\nE       #0 0x56274416c6ca <unknown>\nE       #1 0x562743e3d600 <unknown>\nE       #2 0x562743e8cbcb <unknown>\nE       #3 0x562743e8ceb1 <unknown>\nE       #4 0x562743ed0b24 <unknown>\nE       #5 0x562743eaf8cd <unknown>\nE       #6 0x562743ece04a <unknown>\nE       #7 0x562743eaf643 <unknown>\nE       #8 0x562743e7fd31 <unknown>\nE       #9 0x562743e8079e <unknown>\nE       #10 0x56274413425b <unknown>\nE       #11 0x5627441381f2 <unknown>\nE       #12 0x562744121615 <unknown>\nE       #13 0x562744138d82 <unknown>\nE       #14 0x56274410625f <unknown>\nE       #15 0x56274415be68 <unknown>\nE       #16 0x56274415c040 <unknown>\nE       #17 0x56274416b49c <unknown>\nE       #18 0x7fe80a694ac3 <unknown>\n\n/opt/hostedtoolcache/Python/3.12.5/x64/lib/python3.12/site-packages/selenium/webdriver/support/wait.py:105: TimeoutException",
    "steps" : [ {
      "name" : "Click \"Databases\" button.",
      "time" : {
        "start" : 1724549139628,
        "stop" : 1724549140572,
        "duration" : 944
      },
      "status" : "passed",
      "steps" : [ {
        "name" : "element_is_present_and_clickable",
        "time" : {
          "start" : 1724549139628,
          "stop" : 1724549140549,
          "duration" : 921
        },
        "status" : "passed",
        "steps" : [ ],
        "attachments" : [ ],
        "parameters" : [ {
          "name" : "locator",
          "value" : "('xpath', '//button[@id = \"menu_button_databases\"]')"
        } ],
        "stepsCount" : 0,
        "attachmentsCount" : 0,
        "shouldDisplayMessage" : false,
        "hasContent" : true
      } ],
      "attachments" : [ ],
      "parameters" : [ ],
      "stepsCount" : 1,
      "attachmentsCount" : 0,
      "shouldDisplayMessage" : false,
      "hasContent" : true
    }, {
      "name" : "check_clipboard_jdbc",
      "time" : {
        "start" : 1724549140572,
        "stop" : 1724549146276,
        "duration" : 5704
      },
      "status" : "broken",
      "statusMessage" : "selenium.common.exceptions.TimeoutException: Message: Can't find element by locator ('xpath', '//tbody[@id=\"tbody_dbs\"] /tr[1]/td[7] /button')\nStacktrace:\n#0 0x56274416c6ca <unknown>\n#1 0x562743e3d600 <unknown>\n#2 0x562743e8cbcb <unknown>\n#3 0x562743e8ceb1 <unknown>\n#4 0x562743ed0b24 <unknown>\n#5 0x562743eaf8cd <unknown>\n#6 0x562743ece04a <unknown>\n#7 0x562743eaf643 <unknown>\n#8 0x562743e7fd31 <unknown>\n#9 0x562743e8079e <unknown>\n#10 0x56274413425b <unknown>\n#11 0x5627441381f2 <unknown>\n#12 0x562744121615 <unknown>\n#13 0x562744138d82 <unknown>\n#14 0x56274410625f <unknown>\n#15 0x56274415be68 <unknown>\n#16 0x56274415c040 <unknown>\n#17 0x56274416b49c <unknown>\n#18 0x7fe80a694ac3 <unknown>\n\n",
      "statusTrace" : "  File \"/opt/hostedtoolcache/Python/3.12.5/x64/lib/python3.12/site-packages/allure_commons/_allure.py\", line 192, in impl\n    return func(*a, **kw)\n           ^^^^^^^^^^^^^^\n  File \"/home/runner/work/Oblache/Oblache/tests_ui/profile_page.py\", line 117, in check_clipboard_jdbc\n    button = self.element_is_visible((By.XPATH, '//tbody[@id=\"tbody_dbs\"] /tr[1]/td[7] /button'))\n             ^^^^^^^^^^^^^^^^^^^^^^^^^^^^^^^^^^^^^^^^^^^^^^^^^^^^^^^^^^^^^^^^^^^^^^^^^^^^^^^^^^^^\n  File \"/home/runner/work/Oblache/Oblache/tests_ui/base_page.py\", line 32, in element_is_visible\n    self.go_to_element(self.element_is_present(locator))\n                       ^^^^^^^^^^^^^^^^^^^^^^^^^^^^^^^^\n  File \"/home/runner/work/Oblache/Oblache/tests_ui/base_page.py\", line 45, in element_is_present\n    return Wait(self.driver, self.timeout).until(\n           ^^^^^^^^^^^^^^^^^^^^^^^^^^^^^^^^^^^^^^\n  File \"/opt/hostedtoolcache/Python/3.12.5/x64/lib/python3.12/site-packages/selenium/webdriver/support/wait.py\", line 105, in until\n    raise TimeoutException(message, screen, stacktrace)\n",
      "steps" : [ ],
      "attachments" : [ ],
      "parameters" : [ {
        "name" : "token",
        "value" : "'c7d57415-0339-43d4-89a4-d7c17d46be32'"
      } ],
      "stepsCount" : 0,
      "attachmentsCount" : 0,
      "shouldDisplayMessage" : true,
      "hasContent" : true
    } ],
    "attachments" : [ ],
    "parameters" : [ ],
    "stepsCount" : 3,
    "attachmentsCount" : 0,
    "shouldDisplayMessage" : true,
    "hasContent" : true
  },
  "afterStages" : [ {
    "name" : "driver::0",
    "time" : {
      "start" : 1724549146290,
      "stop" : 1724549146452,
      "duration" : 162
    },
    "status" : "passed",
    "steps" : [ ],
    "attachments" : [ {
      "uid" : "c989b1014b746e86",
      "name" : "Screenshot 2024-08-25 01:25:46.391912",
      "source" : "c989b1014b746e86.png",
      "type" : "image/png",
      "size" : 81543
    } ],
    "parameters" : [ ],
    "stepsCount" : 0,
    "attachmentsCount" : 1,
    "shouldDisplayMessage" : false,
    "hasContent" : true
  } ],
  "labels" : [ {
    "name" : "suite",
    "value" : "Test Profile Page."
  }, {
    "name" : "parentSuite",
    "value" : "tests_ui"
  }, {
    "name" : "subSuite",
    "value" : "TestProfilePage"
  }, {
    "name" : "host",
    "value" : "fv-az1016-466"
  }, {
    "name" : "thread",
    "value" : "2366-MainThread"
  }, {
    "name" : "framework",
    "value" : "pytest"
  }, {
    "name" : "language",
    "value" : "cpython3"
  }, {
    "name" : "package",
    "value" : "tests_ui.test_ui"
  }, {
    "name" : "resultFormat",
    "value" : "allure2"
  } ],
  "parameters" : [ ],
  "links" : [ ],
  "hidden" : false,
  "retry" : false,
  "extra" : {
    "severity" : "normal",
    "retries" : [ ],
    "categories" : [ {
      "name" : "Test defects",
      "matchedStatuses" : [ ],
      "flaky" : false
    } ],
    "history" : {
      "statistic" : {
        "failed" : 0,
        "broken" : 11,
        "skipped" : 0,
        "passed" : 0,
        "unknown" : 0,
        "total" : 11
      },
      "items" : [ {
        "uid" : "fa4e07fabb132f81",
        "reportUrl" : "https://Areso.github.io/Oblache/135//#testresult/fa4e07fabb132f81",
        "status" : "broken",
        "statusDetails" : "selenium.common.exceptions.TimeoutException: Message: Can't find element by locator ('xpath', '//tbody[@id=\"tbody_dbs\"] /tr[1]/td[7] /button')\nStacktrace:\n#0 0x5629bdc246ca <unknown>\n#1 0x5629bd8f5600 <unknown>\n#2 0x5629bd944bcb <unknown>\n#3 0x5629bd944eb1 <unknown>\n#4 0x5629bd988b24 <unknown>\n#5 0x5629bd9678cd <unknown>\n#6 0x5629bd98604a <unknown>\n#7 0x5629bd967643 <unknown>\n#8 0x5629bd937d31 <unknown>\n#9 0x5629bd93879e <unknown>\n#10 0x5629bdbec25b <unknown>\n#11 0x5629bdbf01f2 <unknown>\n#12 0x5629bdbd9615 <unknown>\n#13 0x5629bdbf0d82 <unknown>\n#14 0x5629bdbbe25f <unknown>\n#15 0x5629bdc13e68 <unknown>\n#16 0x5629bdc14040 <unknown>\n#17 0x5629bdc2349c <unknown>\n#18 0x7fa7fee94ac3 <unknown>",
        "time" : {
          "start" : 1724462322822,
          "stop" : 1724462329613,
          "duration" : 6791
        }
      }, {
        "uid" : "47c9358b00b47879",
        "reportUrl" : "https://Areso.github.io/Oblache/134//#testresult/47c9358b00b47879",
        "status" : "broken",
        "statusDetails" : "selenium.common.exceptions.TimeoutException: Message: Can't find element by locator ('xpath', '//tbody[@id=\"tbody_dbs\"] /tr[1]/td[7] /button')\nStacktrace:\n#0 0x5582913816ca <unknown>\n#1 0x558291052600 <unknown>\n#2 0x5582910a1bcb <unknown>\n#3 0x5582910a1eb1 <unknown>\n#4 0x5582910e5b24 <unknown>\n#5 0x5582910c48cd <unknown>\n#6 0x5582910e304a <unknown>\n#7 0x5582910c4643 <unknown>\n#8 0x558291094d31 <unknown>\n#9 0x55829109579e <unknown>\n#10 0x55829134925b <unknown>\n#11 0x55829134d1f2 <unknown>\n#12 0x558291336615 <unknown>\n#13 0x55829134dd82 <unknown>\n#14 0x55829131b25f <unknown>\n#15 0x558291370e68 <unknown>\n#16 0x558291371040 <unknown>\n#17 0x55829138049c <unknown>\n#18 0x7f10e7a94ac3 <unknown>",
        "time" : {
          "start" : 1724375982126,
          "stop" : 1724375988767,
          "duration" : 6641
        }
      }, {
        "uid" : "c4e5761eac83d66e",
        "reportUrl" : "https://Areso.github.io/Oblache/133//#testresult/c4e5761eac83d66e",
        "status" : "broken",
        "statusDetails" : "selenium.common.exceptions.TimeoutException: Message: Can't find element by locator ('xpath', '//tbody[@id=\"tbody_dbs\"] /tr[1]/td[7] /button')\nStacktrace:\n#0 0x5567d77746ca <unknown>\n#1 0x5567d7445600 <unknown>\n#2 0x5567d7494bcb <unknown>\n#3 0x5567d7494eb1 <unknown>\n#4 0x5567d74d8b24 <unknown>\n#5 0x5567d74b78cd <unknown>\n#6 0x5567d74d604a <unknown>\n#7 0x5567d74b7643 <unknown>\n#8 0x5567d7487d31 <unknown>\n#9 0x5567d748879e <unknown>\n#10 0x5567d773c25b <unknown>\n#11 0x5567d77401f2 <unknown>\n#12 0x5567d7729615 <unknown>\n#13 0x5567d7740d82 <unknown>\n#14 0x5567d770e25f <unknown>\n#15 0x5567d7763e68 <unknown>\n#16 0x5567d7764040 <unknown>\n#17 0x5567d777349c <unknown>\n#18 0x7fddce694ac3 <unknown>",
        "time" : {
          "start" : 1724289707198,
          "stop" : 1724289714442,
          "duration" : 7244
        }
      }, {
        "uid" : "efb2995e3f1df04d",
        "reportUrl" : "https://Areso.github.io/Oblache/132//#testresult/efb2995e3f1df04d",
        "status" : "broken",
        "statusDetails" : "selenium.common.exceptions.TimeoutException: Message: Can't find element by locator ('xpath', '//tbody[@id=\"tbody_dbs\"] /tr[1]/td[7] /button')\nStacktrace:\n#0 0x558230ae36aa <unknown>\n#1 0x5582307b4600 <unknown>\n#2 0x558230803bcb <unknown>\n#3 0x558230803eb1 <unknown>\n#4 0x558230847b24 <unknown>\n#5 0x5582308268cd <unknown>\n#6 0x55823084504a <unknown>\n#7 0x558230826643 <unknown>\n#8 0x5582307f6d31 <unknown>\n#9 0x5582307f779e <unknown>\n#10 0x558230aab23b <unknown>\n#11 0x558230aaf1d2 <unknown>\n#12 0x558230a985f5 <unknown>\n#13 0x558230aafd62 <unknown>\n#14 0x558230a7d23f <unknown>\n#15 0x558230ad2e48 <unknown>\n#16 0x558230ad3020 <unknown>\n#17 0x558230ae247c <unknown>\n#18 0x7f00eee94ac3 <unknown>",
        "time" : {
          "start" : 1724203200274,
          "stop" : 1724203207138,
          "duration" : 6864
        }
      }, {
        "uid" : "63ed6a1f08cc68f8",
        "reportUrl" : "https://Areso.github.io/Oblache/131//#testresult/63ed6a1f08cc68f8",
        "status" : "broken",
        "statusDetails" : "selenium.common.exceptions.TimeoutException: Message: Can't find element by locator ('xpath', '//tbody[@id=\"tbody_dbs\"] /tr[1]/td[7] /button')\nStacktrace:\n#0 0x55d49a09b6aa <unknown>\n#1 0x55d499d6c600 <unknown>\n#2 0x55d499dbbbcb <unknown>\n#3 0x55d499dbbeb1 <unknown>\n#4 0x55d499dffb24 <unknown>\n#5 0x55d499dde8cd <unknown>\n#6 0x55d499dfd04a <unknown>\n#7 0x55d499dde643 <unknown>\n#8 0x55d499daed31 <unknown>\n#9 0x55d499daf79e <unknown>\n#10 0x55d49a06323b <unknown>\n#11 0x55d49a0671d2 <unknown>\n#12 0x55d49a0505f5 <unknown>\n#13 0x55d49a067d62 <unknown>\n#14 0x55d49a03523f <unknown>\n#15 0x55d49a08ae48 <unknown>\n#16 0x55d49a08b020 <unknown>\n#17 0x55d49a09a47c <unknown>\n#18 0x7f34f2294ac3 <unknown>",
        "time" : {
          "start" : 1724116784518,
          "stop" : 1724116792274,
          "duration" : 7756
        }
      }, {
        "uid" : "e5f65cdbedd89969",
        "reportUrl" : "https://Areso.github.io/Oblache/130//#testresult/e5f65cdbedd89969",
        "status" : "broken",
        "statusDetails" : "selenium.common.exceptions.TimeoutException: Message: Can't find element by locator ('xpath', '//tbody[@id=\"tbody_dbs\"] /tr[1]/td[7] /button')\nStacktrace:\n#0 0x56331676b6aa <unknown>\n#1 0x56331643c600 <unknown>\n#2 0x56331648bbcb <unknown>\n#3 0x56331648beb1 <unknown>\n#4 0x5633164cfb24 <unknown>\n#5 0x5633164ae8cd <unknown>\n#6 0x5633164cd04a <unknown>\n#7 0x5633164ae643 <unknown>\n#8 0x56331647ed31 <unknown>\n#9 0x56331647f79e <unknown>\n#10 0x56331673323b <unknown>\n#11 0x5633167371d2 <unknown>\n#12 0x5633167205f5 <unknown>\n#13 0x563316737d62 <unknown>\n#14 0x56331670523f <unknown>\n#15 0x56331675ae48 <unknown>\n#16 0x56331675b020 <unknown>\n#17 0x56331676a47c <unknown>\n#18 0x7fc27ae94ac3 <unknown>",
        "time" : {
          "start" : 1724030431925,
          "stop" : 1724030438528,
          "duration" : 6603
        }
      }, {
        "uid" : "87bca9cb55edfecb",
        "reportUrl" : "https://Areso.github.io/Oblache/129//#testresult/87bca9cb55edfecb",
        "status" : "broken",
        "statusDetails" : "selenium.common.exceptions.TimeoutException: Message: Can't find element by locator ('xpath', '//tbody[@id=\"tbody_dbs\"] /tr[1]/td[7] /button')\nStacktrace:\n#0 0x563defc5e6aa <unknown>\n#1 0x563def92f600 <unknown>\n#2 0x563def97ebcb <unknown>\n#3 0x563def97eeb1 <unknown>\n#4 0x563def9c2b24 <unknown>\n#5 0x563def9a18cd <unknown>\n#6 0x563def9c004a <unknown>\n#7 0x563def9a1643 <unknown>\n#8 0x563def971d31 <unknown>\n#9 0x563def97279e <unknown>\n#10 0x563defc2623b <unknown>\n#11 0x563defc2a1d2 <unknown>\n#12 0x563defc135f5 <unknown>\n#13 0x563defc2ad62 <unknown>\n#14 0x563defbf823f <unknown>\n#15 0x563defc4de48 <unknown>\n#16 0x563defc4e020 <unknown>\n#17 0x563defc5d47c <unknown>\n#18 0x7f6c81094ac3 <unknown>",
        "time" : {
          "start" : 1723944288112,
          "stop" : 1723944294936,
          "duration" : 6824
        }
      }, {
        "uid" : "4e0ef4d7ed643300",
        "reportUrl" : "https://Areso.github.io/Oblache/128//#testresult/4e0ef4d7ed643300",
        "status" : "broken",
        "statusDetails" : "selenium.common.exceptions.TimeoutException: Message: Can't find element by locator ('xpath', '//tbody[@id=\"tbody_dbs\"] /tr[1]/td[7] /button')\nStacktrace:\n#0 0x56019b5616aa <unknown>\n#1 0x56019b232600 <unknown>\n#2 0x56019b281bcb <unknown>\n#3 0x56019b281eb1 <unknown>\n#4 0x56019b2c5b24 <unknown>\n#5 0x56019b2a48cd <unknown>\n#6 0x56019b2c304a <unknown>\n#7 0x56019b2a4643 <unknown>\n#8 0x56019b274d31 <unknown>\n#9 0x56019b27579e <unknown>\n#10 0x56019b52923b <unknown>\n#11 0x56019b52d1d2 <unknown>\n#12 0x56019b5165f5 <unknown>\n#13 0x56019b52dd62 <unknown>\n#14 0x56019b4fb23f <unknown>\n#15 0x56019b550e48 <unknown>\n#16 0x56019b551020 <unknown>\n#17 0x56019b56047c <unknown>\n#18 0x7f29caa94ac3 <unknown>",
        "time" : {
          "start" : 1723857456812,
          "stop" : 1723857463635,
          "duration" : 6823
        }
      }, {
        "uid" : "6c851565201dd366",
        "reportUrl" : "https://Areso.github.io/Oblache/127//#testresult/6c851565201dd366",
        "status" : "broken",
        "statusDetails" : "selenium.common.exceptions.TimeoutException: Message: Can't find element by locator ('xpath', '//tbody[@id=\"tbody_dbs\"] /tr[1]/td[7] /button')\nStacktrace:\n#0 0x55956c67b6aa <unknown>\n#1 0x55956c34c600 <unknown>\n#2 0x55956c39bbcb <unknown>\n#3 0x55956c39beb1 <unknown>\n#4 0x55956c3dfb24 <unknown>\n#5 0x55956c3be8cd <unknown>\n#6 0x55956c3dd04a <unknown>\n#7 0x55956c3be643 <unknown>\n#8 0x55956c38ed31 <unknown>\n#9 0x55956c38f79e <unknown>\n#10 0x55956c64323b <unknown>\n#11 0x55956c6471d2 <unknown>\n#12 0x55956c6305f5 <unknown>\n#13 0x55956c647d62 <unknown>\n#14 0x55956c61523f <unknown>\n#15 0x55956c66ae48 <unknown>\n#16 0x55956c66b020 <unknown>\n#17 0x55956c67a47c <unknown>\n#18 0x7f7998494ac3 <unknown>",
        "time" : {
          "start" : 1723696367003,
          "stop" : 1723696373618,
          "duration" : 6615
        }
      }, {
        "uid" : "3241635415f6a187",
        "reportUrl" : "https://Areso.github.io/Oblache/127//#testresult/3241635415f6a187",
        "status" : "broken",
        "statusDetails" : "selenium.common.exceptions.TimeoutException: Message: Can't find element by locator ('xpath', '//button[@id = \"menu_button_databases\"]')\nStacktrace:\n#0 0x558bed19d6aa <unknown>\n#1 0x558bece6e600 <unknown>\n#2 0x558becebdbcb <unknown>\n#3 0x558becebdeb1 <unknown>\n#4 0x558becf01b24 <unknown>\n#5 0x558becee08cd <unknown>\n#6 0x558beceff04a <unknown>\n#7 0x558becee0643 <unknown>\n#8 0x558beceb0d31 <unknown>\n#9 0x558beceb179e <unknown>\n#10 0x558bed16523b <unknown>\n#11 0x558bed1691d2 <unknown>\n#12 0x558bed1525f5 <unknown>\n#13 0x558bed169d62 <unknown>\n#14 0x558bed13723f <unknown>\n#15 0x558bed18ce48 <unknown>\n#16 0x558bed18d020 <unknown>\n#17 0x558bed19c47c <unknown>\n#18 0x7fc606494ac3 <unknown>",
        "time" : {
          "start" : 1723670755247,
          "stop" : 1723670760379,
          "duration" : 5132
        }
      } ]
    },
    "tags" : [ ]
  },
  "source" : "184200b0646b4c70.json",
  "parameterValues" : [ ]
}