{
  "uid" : "930de0d737b07d28",
  "name" : "test_check_title_of_static_table",
  "fullName" : "tests_ui.test_ui.TestProfilePage#test_check_title_of_static_table",
  "historyId" : "eb2cea1546ad6874ff07a2bb88c686ae",
  "time" : {
    "start" : 1739241244366,
    "stop" : 1739241249494,
    "duration" : 5128
  },
  "status" : "broken",
  "statusMessage" : "selenium.common.exceptions.TimeoutException: Message: Can't find element by locator ('xpath', '//button[@id=\"menu_button_webpages\"]')\nStacktrace:\n#0 0x5613ad81d53a <unknown>\n#1 0x5613ad318f00 <unknown>\n#2 0x5613ad368c0c <unknown>\n#3 0x5613ad368e31 <unknown>\n#4 0x5613ad3aebd4 <unknown>\n#5 0x5613ad38d5cd <unknown>\n#6 0x5613ad3abf84 <unknown>\n#7 0x5613ad38d343 <unknown>\n#8 0x5613ad35a78a <unknown>\n#9 0x5613ad35b9de <unknown>\n#10 0x5613ad7e72cb <unknown>\n#11 0x5613ad7eb242 <unknown>\n#12 0x5613ad7d47ac <unknown>\n#13 0x5613ad7ebdf7 <unknown>\n#14 0x5613ad7b8b2f <unknown>\n#15 0x5613ad80c1a8 <unknown>\n#16 0x5613ad80c370 <unknown>\n#17 0x5613ad81c3b6 <unknown>\n#18 0x7f1c71e9ca94 <unknown>\n#19 0x7f1c71f29c3c <unknown>",
  "statusTrace" : "self = <tests_ui.test_ui.TestProfilePage object at 0x7fee09e48380>\ndriver = <selenium.webdriver.chrome.webdriver.WebDriver (session=\"5c496dfbb415c151b1b05e85f347a47e\")>\nauthorization_user = None\n\n    @allure.title('test_check_title_of_static_table')\n    def test_check_title_of_static_table(self, driver, authorization_user):\n        page = ProfilePage(driver)\n>       page.click_static_site_button()\n\ntests_ui/test_ui.py:75: \n_ _ _ _ _ _ _ _ _ _ _ _ _ _ _ _ _ _ _ _ _ _ _ _ _ _ _ _ _ _ _ _ _ _ _ _ _ _ _ _ \ntests_ui/profile_page.py:40: in click_static_site_button\n    return self.element_is_present_and_clickable(self.locators.STATIC_BUTTON).click()\ntests_ui/base_page.py:28: in element_is_present_and_clickable\n    return (Wait(self.driver, self.timeout).until(\n_ _ _ _ _ _ _ _ _ _ _ _ _ _ _ _ _ _ _ _ _ _ _ _ _ _ _ _ _ _ _ _ _ _ _ _ _ _ _ _ \n\nself = <selenium.webdriver.support.wait.WebDriverWait (session=\"5c496dfbb415c151b1b05e85f347a47e\")>\nmethod = <function visibility_of_element_located.<locals>._predicate at 0x7fee08e6d3a0>\nmessage = 'Can\\'t find element by locator (\\'xpath\\', \\'//button[@id=\"menu_button_webpages\"]\\')'\n\n    def until(self, method: Callable[[D], Union[Literal[False], T]], message: str = \"\") -> T:\n        \"\"\"Calls the method provided with the driver as an argument until the \\\n        return value does not evaluate to ``False``.\n    \n        :param method: callable(WebDriver)\n        :param message: optional message for :exc:`TimeoutException`\n        :returns: the result of the last call to `method`\n        :raises: :exc:`selenium.common.exceptions.TimeoutException` if timeout occurs\n        \"\"\"\n        screen = None\n        stacktrace = None\n    \n        end_time = time.monotonic() + self._timeout\n        while True:\n            try:\n                value = method(self._driver)\n                if value:\n                    return value\n            except self._ignored_exceptions as exc:\n                screen = getattr(exc, \"screen\", None)\n                stacktrace = getattr(exc, \"stacktrace\", None)\n            time.sleep(self._poll)\n            if time.monotonic() > end_time:\n                break\n>       raise TimeoutException(message, screen, stacktrace)\nE       selenium.common.exceptions.TimeoutException: Message: Can't find element by locator ('xpath', '//button[@id=\"menu_button_webpages\"]')\nE       Stacktrace:\nE       #0 0x5613ad81d53a <unknown>\nE       #1 0x5613ad318f00 <unknown>\nE       #2 0x5613ad368c0c <unknown>\nE       #3 0x5613ad368e31 <unknown>\nE       #4 0x5613ad3aebd4 <unknown>\nE       #5 0x5613ad38d5cd <unknown>\nE       #6 0x5613ad3abf84 <unknown>\nE       #7 0x5613ad38d343 <unknown>\nE       #8 0x5613ad35a78a <unknown>\nE       #9 0x5613ad35b9de <unknown>\nE       #10 0x5613ad7e72cb <unknown>\nE       #11 0x5613ad7eb242 <unknown>\nE       #12 0x5613ad7d47ac <unknown>\nE       #13 0x5613ad7ebdf7 <unknown>\nE       #14 0x5613ad7b8b2f <unknown>\nE       #15 0x5613ad80c1a8 <unknown>\nE       #16 0x5613ad80c370 <unknown>\nE       #17 0x5613ad81c3b6 <unknown>\nE       #18 0x7f1c71e9ca94 <unknown>\nE       #19 0x7f1c71f29c3c <unknown>\n\n/opt/hostedtoolcache/Python/3.12.8/x64/lib/python3.12/site-packages/selenium/webdriver/support/wait.py:105: TimeoutException",
  "flaky" : false,
  "newFailed" : false,
  "beforeStages" : [ {
    "name" : "driver",
    "time" : {
      "start" : 1739241243541,
      "stop" : 1739241243873,
      "duration" : 332
    },
    "status" : "passed",
    "steps" : [ ],
    "attachments" : [ ],
    "parameters" : [ ],
    "stepsCount" : 0,
    "attachmentsCount" : 0,
    "shouldDisplayMessage" : false,
    "hasContent" : false
  }, {
    "name" : "authorization_user",
    "time" : {
      "start" : 1739241243874,
      "stop" : 1739241244366,
      "duration" : 492
    },
    "status" : "passed",
    "steps" : [ {
      "name" : "Open page: https://oblache.areso.pro/register.html",
      "time" : {
        "start" : 1739241243874,
        "stop" : 1739241244179,
        "duration" : 305
      },
      "status" : "passed",
      "steps" : [ ],
      "attachments" : [ ],
      "parameters" : [ ],
      "stepsCount" : 0,
      "attachmentsCount" : 0,
      "shouldDisplayMessage" : false,
      "hasContent" : false
    }, {
      "name" : "Login user",
      "time" : {
        "start" : 1739241244179,
        "stop" : 1739241244366,
        "duration" : 187
      },
      "status" : "passed",
      "steps" : [ {
        "name" : "Enter email.",
        "time" : {
          "start" : 1739241244179,
          "stop" : 1739241244238,
          "duration" : 59
        },
        "status" : "passed",
        "steps" : [ ],
        "attachments" : [ ],
        "parameters" : [ ],
        "stepsCount" : 0,
        "attachmentsCount" : 0,
        "shouldDisplayMessage" : false,
        "hasContent" : false
      }, {
        "name" : "Enter password.",
        "time" : {
          "start" : 1739241244238,
          "stop" : 1739241244279,
          "duration" : 41
        },
        "status" : "passed",
        "steps" : [ ],
        "attachments" : [ ],
        "parameters" : [ ],
        "stepsCount" : 0,
        "attachmentsCount" : 0,
        "shouldDisplayMessage" : false,
        "hasContent" : false
      }, {
        "name" : "Click button \"Login\"",
        "time" : {
          "start" : 1739241244279,
          "stop" : 1739241244363,
          "duration" : 84
        },
        "status" : "passed",
        "steps" : [ ],
        "attachments" : [ ],
        "parameters" : [ ],
        "stepsCount" : 0,
        "attachmentsCount" : 0,
        "shouldDisplayMessage" : false,
        "hasContent" : false
      }, {
        "name" : "Check url is present: https://oblache.areso.pro/register.html",
        "time" : {
          "start" : 1739241244363,
          "stop" : 1739241244366,
          "duration" : 3
        },
        "status" : "passed",
        "steps" : [ ],
        "attachments" : [ ],
        "parameters" : [ ],
        "stepsCount" : 0,
        "attachmentsCount" : 0,
        "shouldDisplayMessage" : false,
        "hasContent" : false
      } ],
      "attachments" : [ ],
      "parameters" : [ ],
      "stepsCount" : 4,
      "attachmentsCount" : 0,
      "shouldDisplayMessage" : false,
      "hasContent" : true
    } ],
    "attachments" : [ ],
    "parameters" : [ ],
    "stepsCount" : 6,
    "attachmentsCount" : 0,
    "shouldDisplayMessage" : false,
    "hasContent" : true
  } ],
  "testStage" : {
    "status" : "broken",
    "statusMessage" : "selenium.common.exceptions.TimeoutException: Message: Can't find element by locator ('xpath', '//button[@id=\"menu_button_webpages\"]')\nStacktrace:\n#0 0x5613ad81d53a <unknown>\n#1 0x5613ad318f00 <unknown>\n#2 0x5613ad368c0c <unknown>\n#3 0x5613ad368e31 <unknown>\n#4 0x5613ad3aebd4 <unknown>\n#5 0x5613ad38d5cd <unknown>\n#6 0x5613ad3abf84 <unknown>\n#7 0x5613ad38d343 <unknown>\n#8 0x5613ad35a78a <unknown>\n#9 0x5613ad35b9de <unknown>\n#10 0x5613ad7e72cb <unknown>\n#11 0x5613ad7eb242 <unknown>\n#12 0x5613ad7d47ac <unknown>\n#13 0x5613ad7ebdf7 <unknown>\n#14 0x5613ad7b8b2f <unknown>\n#15 0x5613ad80c1a8 <unknown>\n#16 0x5613ad80c370 <unknown>\n#17 0x5613ad81c3b6 <unknown>\n#18 0x7f1c71e9ca94 <unknown>\n#19 0x7f1c71f29c3c <unknown>",
    "statusTrace" : "self = <tests_ui.test_ui.TestProfilePage object at 0x7fee09e48380>\ndriver = <selenium.webdriver.chrome.webdriver.WebDriver (session=\"5c496dfbb415c151b1b05e85f347a47e\")>\nauthorization_user = None\n\n    @allure.title('test_check_title_of_static_table')\n    def test_check_title_of_static_table(self, driver, authorization_user):\n        page = ProfilePage(driver)\n>       page.click_static_site_button()\n\ntests_ui/test_ui.py:75: \n_ _ _ _ _ _ _ _ _ _ _ _ _ _ _ _ _ _ _ _ _ _ _ _ _ _ _ _ _ _ _ _ _ _ _ _ _ _ _ _ \ntests_ui/profile_page.py:40: in click_static_site_button\n    return self.element_is_present_and_clickable(self.locators.STATIC_BUTTON).click()\ntests_ui/base_page.py:28: in element_is_present_and_clickable\n    return (Wait(self.driver, self.timeout).until(\n_ _ _ _ _ _ _ _ _ _ _ _ _ _ _ _ _ _ _ _ _ _ _ _ _ _ _ _ _ _ _ _ _ _ _ _ _ _ _ _ \n\nself = <selenium.webdriver.support.wait.WebDriverWait (session=\"5c496dfbb415c151b1b05e85f347a47e\")>\nmethod = <function visibility_of_element_located.<locals>._predicate at 0x7fee08e6d3a0>\nmessage = 'Can\\'t find element by locator (\\'xpath\\', \\'//button[@id=\"menu_button_webpages\"]\\')'\n\n    def until(self, method: Callable[[D], Union[Literal[False], T]], message: str = \"\") -> T:\n        \"\"\"Calls the method provided with the driver as an argument until the \\\n        return value does not evaluate to ``False``.\n    \n        :param method: callable(WebDriver)\n        :param message: optional message for :exc:`TimeoutException`\n        :returns: the result of the last call to `method`\n        :raises: :exc:`selenium.common.exceptions.TimeoutException` if timeout occurs\n        \"\"\"\n        screen = None\n        stacktrace = None\n    \n        end_time = time.monotonic() + self._timeout\n        while True:\n            try:\n                value = method(self._driver)\n                if value:\n                    return value\n            except self._ignored_exceptions as exc:\n                screen = getattr(exc, \"screen\", None)\n                stacktrace = getattr(exc, \"stacktrace\", None)\n            time.sleep(self._poll)\n            if time.monotonic() > end_time:\n                break\n>       raise TimeoutException(message, screen, stacktrace)\nE       selenium.common.exceptions.TimeoutException: Message: Can't find element by locator ('xpath', '//button[@id=\"menu_button_webpages\"]')\nE       Stacktrace:\nE       #0 0x5613ad81d53a <unknown>\nE       #1 0x5613ad318f00 <unknown>\nE       #2 0x5613ad368c0c <unknown>\nE       #3 0x5613ad368e31 <unknown>\nE       #4 0x5613ad3aebd4 <unknown>\nE       #5 0x5613ad38d5cd <unknown>\nE       #6 0x5613ad3abf84 <unknown>\nE       #7 0x5613ad38d343 <unknown>\nE       #8 0x5613ad35a78a <unknown>\nE       #9 0x5613ad35b9de <unknown>\nE       #10 0x5613ad7e72cb <unknown>\nE       #11 0x5613ad7eb242 <unknown>\nE       #12 0x5613ad7d47ac <unknown>\nE       #13 0x5613ad7ebdf7 <unknown>\nE       #14 0x5613ad7b8b2f <unknown>\nE       #15 0x5613ad80c1a8 <unknown>\nE       #16 0x5613ad80c370 <unknown>\nE       #17 0x5613ad81c3b6 <unknown>\nE       #18 0x7f1c71e9ca94 <unknown>\nE       #19 0x7f1c71f29c3c <unknown>\n\n/opt/hostedtoolcache/Python/3.12.8/x64/lib/python3.12/site-packages/selenium/webdriver/support/wait.py:105: TimeoutException",
    "steps" : [ {
      "name" : "Click \"Static site\" button.",
      "time" : {
        "start" : 1739241244366,
        "stop" : 1739241249493,
        "duration" : 5127
      },
      "status" : "broken",
      "statusMessage" : "selenium.common.exceptions.TimeoutException: Message: Can't find element by locator ('xpath', '//button[@id=\"menu_button_webpages\"]')\nStacktrace:\n#0 0x5613ad81d53a <unknown>\n#1 0x5613ad318f00 <unknown>\n#2 0x5613ad368c0c <unknown>\n#3 0x5613ad368e31 <unknown>\n#4 0x5613ad3aebd4 <unknown>\n#5 0x5613ad38d5cd <unknown>\n#6 0x5613ad3abf84 <unknown>\n#7 0x5613ad38d343 <unknown>\n#8 0x5613ad35a78a <unknown>\n#9 0x5613ad35b9de <unknown>\n#10 0x5613ad7e72cb <unknown>\n#11 0x5613ad7eb242 <unknown>\n#12 0x5613ad7d47ac <unknown>\n#13 0x5613ad7ebdf7 <unknown>\n#14 0x5613ad7b8b2f <unknown>\n#15 0x5613ad80c1a8 <unknown>\n#16 0x5613ad80c370 <unknown>\n#17 0x5613ad81c3b6 <unknown>\n#18 0x7f1c71e9ca94 <unknown>\n#19 0x7f1c71f29c3c <unknown>\n\n",
      "statusTrace" : "  File \"/home/runner/work/Oblache/Oblache/tests_ui/profile_page.py\", line 40, in click_static_site_button\n    return self.element_is_present_and_clickable(self.locators.STATIC_BUTTON).click()\n           ^^^^^^^^^^^^^^^^^^^^^^^^^^^^^^^^^^^^^^^^^^^^^^^^^^^^^^^^^^^^^^^^^^\n  File \"/home/runner/work/Oblache/Oblache/tests_ui/base_page.py\", line 28, in element_is_present_and_clickable\n    return (Wait(self.driver, self.timeout).until(\n            ^^^^^^^^^^^^^^^^^^^^^^^^^^^^^^^^^^^^^^\n  File \"/opt/hostedtoolcache/Python/3.12.8/x64/lib/python3.12/site-packages/selenium/webdriver/support/wait.py\", line 105, in until\n    raise TimeoutException(message, screen, stacktrace)\n",
      "steps" : [ ],
      "attachments" : [ ],
      "parameters" : [ ],
      "stepsCount" : 0,
      "attachmentsCount" : 0,
      "shouldDisplayMessage" : true,
      "hasContent" : true
    } ],
    "attachments" : [ {
      "uid" : "a3fec6c9f3578055",
      "name" : "Screenshot 2025-02-11 02:34:09.589793",
      "source" : "a3fec6c9f3578055.png",
      "type" : "image/png",
      "size" : 15571
    } ],
    "parameters" : [ ],
    "stepsCount" : 1,
    "attachmentsCount" : 1,
    "shouldDisplayMessage" : true,
    "hasContent" : true
  },
  "afterStages" : [ {
    "name" : "driver::0",
    "time" : {
      "start" : 1739241249591,
      "stop" : 1739241249655,
      "duration" : 64
    },
    "status" : "passed",
    "steps" : [ ],
    "attachments" : [ ],
    "parameters" : [ ],
    "stepsCount" : 0,
    "attachmentsCount" : 0,
    "shouldDisplayMessage" : false,
    "hasContent" : false
  } ],
  "labels" : [ {
    "name" : "suite",
    "value" : "Test Profile Page."
  }, {
    "name" : "parentSuite",
    "value" : "tests_ui"
  }, {
    "name" : "subSuite",
    "value" : "TestProfilePage"
  }, {
    "name" : "host",
    "value" : "fv-az1951-506"
  }, {
    "name" : "thread",
    "value" : "2446-MainThread"
  }, {
    "name" : "framework",
    "value" : "pytest"
  }, {
    "name" : "language",
    "value" : "cpython3"
  }, {
    "name" : "package",
    "value" : "tests_ui.test_ui"
  }, {
    "name" : "resultFormat",
    "value" : "allure2"
  } ],
  "parameters" : [ ],
  "links" : [ ],
  "hidden" : false,
  "retry" : false,
  "extra" : {
    "severity" : "normal",
    "retries" : [ ],
    "categories" : [ {
      "name" : "Test defects",
      "matchedStatuses" : [ ],
      "flaky" : false
    } ],
    "history" : {
      "statistic" : {
        "failed" : 0,
        "broken" : 146,
        "skipped" : 0,
        "passed" : 1,
        "unknown" : 0,
        "total" : 147
      },
      "items" : [ {
        "uid" : "38ff8d7272c60111",
        "reportUrl" : "https://Areso.github.io/Oblache/305//#testresult/38ff8d7272c60111",
        "status" : "broken",
        "statusDetails" : "selenium.common.exceptions.TimeoutException: Message: Can't find element by locator ('xpath', '//button[@id=\"menu_button_webpages\"]')\nStacktrace:\n#0 0x558fb39fa53a <unknown>\n#1 0x558fb34f5f00 <unknown>\n#2 0x558fb3545c0c <unknown>\n#3 0x558fb3545e31 <unknown>\n#4 0x558fb358bbd4 <unknown>\n#5 0x558fb356a5cd <unknown>\n#6 0x558fb3588f84 <unknown>\n#7 0x558fb356a343 <unknown>\n#8 0x558fb353778a <unknown>\n#9 0x558fb35389de <unknown>\n#10 0x558fb39c42cb <unknown>\n#11 0x558fb39c8242 <unknown>\n#12 0x558fb39b17ac <unknown>\n#13 0x558fb39c8df7 <unknown>\n#14 0x558fb3995b2f <unknown>\n#15 0x558fb39e91a8 <unknown>\n#16 0x558fb39e9370 <unknown>\n#17 0x558fb39f93b6 <unknown>\n#18 0x7f052009ca94 <unknown>\n#19 0x7f0520129c3c <unknown>",
        "time" : {
          "start" : 1739154910262,
          "stop" : 1739154915391,
          "duration" : 5129
        }
      }, {
        "uid" : "14ec0108b5936c47",
        "reportUrl" : "https://Areso.github.io/Oblache/304//#testresult/14ec0108b5936c47",
        "status" : "broken",
        "statusDetails" : "selenium.common.exceptions.TimeoutException: Message: Can't find element by locator ('xpath', '//button[@id=\"menu_button_webpages\"]')\nStacktrace:\n#0 0x5582c489153a <unknown>\n#1 0x5582c438cf00 <unknown>\n#2 0x5582c43dcc0c <unknown>\n#3 0x5582c43dce31 <unknown>\n#4 0x5582c4422bd4 <unknown>\n#5 0x5582c44015cd <unknown>\n#6 0x5582c441ff84 <unknown>\n#7 0x5582c4401343 <unknown>\n#8 0x5582c43ce78a <unknown>\n#9 0x5582c43cf9de <unknown>\n#10 0x5582c485b2cb <unknown>\n#11 0x5582c485f242 <unknown>\n#12 0x5582c48487ac <unknown>\n#13 0x5582c485fdf7 <unknown>\n#14 0x5582c482cb2f <unknown>\n#15 0x5582c48801a8 <unknown>\n#16 0x5582c4880370 <unknown>\n#17 0x5582c48903b6 <unknown>\n#18 0x7f341c89ca94 <unknown>\n#19 0x7f341c929c3c <unknown>",
        "time" : {
          "start" : 1739069129028,
          "stop" : 1739069134156,
          "duration" : 5128
        }
      }, {
        "uid" : "9b9b1195376a31ab",
        "reportUrl" : "https://Areso.github.io/Oblache/303//#testresult/9b9b1195376a31ab",
        "status" : "broken",
        "statusDetails" : "selenium.common.exceptions.TimeoutException: Message: Can't find element by locator ('xpath', '//button[@id=\"menu_button_webpages\"]')\nStacktrace:\n#0 0x55a9ed18853a <unknown>\n#1 0x55a9ecc83f00 <unknown>\n#2 0x55a9eccd3c0c <unknown>\n#3 0x55a9eccd3e31 <unknown>\n#4 0x55a9ecd19bd4 <unknown>\n#5 0x55a9eccf85cd <unknown>\n#6 0x55a9ecd16f84 <unknown>\n#7 0x55a9eccf8343 <unknown>\n#8 0x55a9eccc578a <unknown>\n#9 0x55a9eccc69de <unknown>\n#10 0x55a9ed1522cb <unknown>\n#11 0x55a9ed156242 <unknown>\n#12 0x55a9ed13f7ac <unknown>\n#13 0x55a9ed156df7 <unknown>\n#14 0x55a9ed123b2f <unknown>\n#15 0x55a9ed1771a8 <unknown>\n#16 0x55a9ed177370 <unknown>\n#17 0x55a9ed1873b6 <unknown>\n#18 0x7f42bb09ca94 <unknown>\n#19 0x7f42bb129c3c <unknown>",
        "time" : {
          "start" : 1738981947288,
          "stop" : 1738981952416,
          "duration" : 5128
        }
      }, {
        "uid" : "109193f9657dcc65",
        "reportUrl" : "https://Areso.github.io/Oblache/302//#testresult/109193f9657dcc65",
        "status" : "broken",
        "statusDetails" : "selenium.common.exceptions.TimeoutException: Message: Can't find element by locator ('xpath', '//button[@id=\"menu_button_webpages\"]')\nStacktrace:\n#0 0x5627b0f0a53a <unknown>\n#1 0x5627b0a05f00 <unknown>\n#2 0x5627b0a55c0c <unknown>\n#3 0x5627b0a55e31 <unknown>\n#4 0x5627b0a9bbd4 <unknown>\n#5 0x5627b0a7a5cd <unknown>\n#6 0x5627b0a98f84 <unknown>\n#7 0x5627b0a7a343 <unknown>\n#8 0x5627b0a4778a <unknown>\n#9 0x5627b0a489de <unknown>\n#10 0x5627b0ed42cb <unknown>\n#11 0x5627b0ed8242 <unknown>\n#12 0x5627b0ec17ac <unknown>\n#13 0x5627b0ed8df7 <unknown>\n#14 0x5627b0ea5b2f <unknown>\n#15 0x5627b0ef91a8 <unknown>\n#16 0x5627b0ef9370 <unknown>\n#17 0x5627b0f093b6 <unknown>\n#18 0x7fd35c69ca94 <unknown>\n#19 0x7fd35c729c3c <unknown>",
        "time" : {
          "start" : 1738895679301,
          "stop" : 1738895684417,
          "duration" : 5116
        }
      }, {
        "uid" : "a9069001bfa12733",
        "reportUrl" : "https://Areso.github.io/Oblache/301//#testresult/a9069001bfa12733",
        "status" : "broken",
        "statusDetails" : "selenium.common.exceptions.TimeoutException: Message: Can't find element by locator ('xpath', '//button[@id=\"menu_button_webpages\"]')\nStacktrace:\n#0 0x5575348b053a <unknown>\n#1 0x5575343abf00 <unknown>\n#2 0x5575343fbc0c <unknown>\n#3 0x5575343fbe31 <unknown>\n#4 0x557534441bd4 <unknown>\n#5 0x5575344205cd <unknown>\n#6 0x55753443ef84 <unknown>\n#7 0x557534420343 <unknown>\n#8 0x5575343ed78a <unknown>\n#9 0x5575343ee9de <unknown>\n#10 0x55753487a2cb <unknown>\n#11 0x55753487e242 <unknown>\n#12 0x5575348677ac <unknown>\n#13 0x55753487edf7 <unknown>\n#14 0x55753484bb2f <unknown>\n#15 0x55753489f1a8 <unknown>\n#16 0x55753489f370 <unknown>\n#17 0x5575348af3b6 <unknown>\n#18 0x7fb39869ca94 <unknown>\n#19 0x7fb398729c3c <unknown>",
        "time" : {
          "start" : 1738809259509,
          "stop" : 1738809264637,
          "duration" : 5128
        }
      }, {
        "uid" : "eb22bad52b92fa9e",
        "reportUrl" : "https://Areso.github.io/Oblache/300//#testresult/eb22bad52b92fa9e",
        "status" : "broken",
        "statusDetails" : "selenium.common.exceptions.TimeoutException: Message: Can't find element by locator ('xpath', '//button[@id=\"menu_button_webpages\"]')\nStacktrace:\n#0 0x5649630a5dca <unknown>\n#1 0x564962b9c3f0 <unknown>\n#2 0x564962bec10c <unknown>\n#3 0x564962bec331 <unknown>\n#4 0x564962c32154 <unknown>\n#5 0x564962c10abd <unknown>\n#6 0x564962c2f4b3 <unknown>\n#7 0x564962c10833 <unknown>\n#8 0x564962bdd5a0 <unknown>\n#9 0x564962bdeece <unknown>\n#10 0x56496306fbdb <unknown>\n#11 0x564963073b67 <unknown>\n#12 0x56496305b3bc <unknown>\n#13 0x564963074727 <unknown>\n#14 0x56496303f74f <unknown>\n#15 0x564963094938 <unknown>\n#16 0x564963094b00 <unknown>\n#17 0x5649630a4c46 <unknown>\n#18 0x7fd86089ca94 <unknown>\n#19 0x7fd860929c3c <unknown>",
        "time" : {
          "start" : 1738722846737,
          "stop" : 1738722851864,
          "duration" : 5127
        }
      }, {
        "uid" : "ffc8eab49a9debe3",
        "reportUrl" : "https://Areso.github.io/Oblache/299//#testresult/ffc8eab49a9debe3",
        "status" : "broken",
        "statusDetails" : "selenium.common.exceptions.TimeoutException: Message: Can't find element by locator ('xpath', '//button[@id=\"menu_button_webpages\"]')\nStacktrace:\n#0 0x56177dd95dca <unknown>\n#1 0x56177d88c3f0 <unknown>\n#2 0x56177d8dc10c <unknown>\n#3 0x56177d8dc331 <unknown>\n#4 0x56177d922154 <unknown>\n#5 0x56177d900abd <unknown>\n#6 0x56177d91f4b3 <unknown>\n#7 0x56177d900833 <unknown>\n#8 0x56177d8cd5a0 <unknown>\n#9 0x56177d8ceece <unknown>\n#10 0x56177dd5fbdb <unknown>\n#11 0x56177dd63b67 <unknown>\n#12 0x56177dd4b3bc <unknown>\n#13 0x56177dd64727 <unknown>\n#14 0x56177dd2f74f <unknown>\n#15 0x56177dd84938 <unknown>\n#16 0x56177dd84b00 <unknown>\n#17 0x56177dd94c46 <unknown>\n#18 0x7f48f929ca94 <unknown>\n#19 0x7f48f9329c3c <unknown>",
        "time" : {
          "start" : 1738636382618,
          "stop" : 1738636387746,
          "duration" : 5128
        }
      }, {
        "uid" : "f650cdf735ae3147",
        "reportUrl" : "https://Areso.github.io/Oblache/298//#testresult/f650cdf735ae3147",
        "status" : "broken",
        "statusDetails" : "selenium.common.exceptions.TimeoutException: Message: Can't find element by locator ('xpath', '//button[@id=\"menu_button_webpages\"]')\nStacktrace:\n#0 0x55b92f7cedca <unknown>\n#1 0x55b92f2c53f0 <unknown>\n#2 0x55b92f31510c <unknown>\n#3 0x55b92f315331 <unknown>\n#4 0x55b92f35b154 <unknown>\n#5 0x55b92f339abd <unknown>\n#6 0x55b92f3584b3 <unknown>\n#7 0x55b92f339833 <unknown>\n#8 0x55b92f3065a0 <unknown>\n#9 0x55b92f307ece <unknown>\n#10 0x55b92f798bdb <unknown>\n#11 0x55b92f79cb67 <unknown>\n#12 0x55b92f7843bc <unknown>\n#13 0x55b92f79d727 <unknown>\n#14 0x55b92f76874f <unknown>\n#15 0x55b92f7bd938 <unknown>\n#16 0x55b92f7bdb00 <unknown>\n#17 0x55b92f7cdc46 <unknown>\n#18 0x7f8ef1a9ca94 <unknown>\n#19 0x7f8ef1b29c3c <unknown>",
        "time" : {
          "start" : 1738550040648,
          "stop" : 1738550045772,
          "duration" : 5124
        }
      }, {
        "uid" : "6802d0b6b132bf16",
        "reportUrl" : "https://Areso.github.io/Oblache/297//#testresult/6802d0b6b132bf16",
        "status" : "broken",
        "statusDetails" : "selenium.common.exceptions.TimeoutException: Message: Can't find element by locator ('xpath', '//button[@id=\"menu_button_webpages\"]')\nStacktrace:\n#0 0x55f197c98dca <unknown>\n#1 0x55f19778f3f0 <unknown>\n#2 0x55f1977df10c <unknown>\n#3 0x55f1977df331 <unknown>\n#4 0x55f197825154 <unknown>\n#5 0x55f197803abd <unknown>\n#6 0x55f1978224b3 <unknown>\n#7 0x55f197803833 <unknown>\n#8 0x55f1977d05a0 <unknown>\n#9 0x55f1977d1ece <unknown>\n#10 0x55f197c62bdb <unknown>\n#11 0x55f197c66b67 <unknown>\n#12 0x55f197c4e3bc <unknown>\n#13 0x55f197c67727 <unknown>\n#14 0x55f197c3274f <unknown>\n#15 0x55f197c87938 <unknown>\n#16 0x55f197c87b00 <unknown>\n#17 0x55f197c97c46 <unknown>\n#18 0x7f284689ca94 <unknown>\n#19 0x7f2846929c3c <unknown>",
        "time" : {
          "start" : 1738464243464,
          "stop" : 1738464248589,
          "duration" : 5125
        }
      }, {
        "uid" : "412f3bb000c2e5e3",
        "reportUrl" : "https://Areso.github.io/Oblache/296//#testresult/412f3bb000c2e5e3",
        "status" : "broken",
        "statusDetails" : "selenium.common.exceptions.TimeoutException: Message: Can't find element by locator ('xpath', '//button[@id=\"menu_button_webpages\"]')\nStacktrace:\n#0 0x55bc77051dca <unknown>\n#1 0x55bc76b483f0 <unknown>\n#2 0x55bc76b9810c <unknown>\n#3 0x55bc76b98331 <unknown>\n#4 0x55bc76bde154 <unknown>\n#5 0x55bc76bbcabd <unknown>\n#6 0x55bc76bdb4b3 <unknown>\n#7 0x55bc76bbc833 <unknown>\n#8 0x55bc76b895a0 <unknown>\n#9 0x55bc76b8aece <unknown>\n#10 0x55bc7701bbdb <unknown>\n#11 0x55bc7701fb67 <unknown>\n#12 0x55bc770073bc <unknown>\n#13 0x55bc77020727 <unknown>\n#14 0x55bc76feb74f <unknown>\n#15 0x55bc77040938 <unknown>\n#16 0x55bc77040b00 <unknown>\n#17 0x55bc77050c46 <unknown>\n#18 0x7fdaecc9ca94 <unknown>\n#19 0x7fdaecd29c3c <unknown>",
        "time" : {
          "start" : 1738373923483,
          "stop" : 1738373928903,
          "duration" : 5420
        }
      }, {
        "uid" : "d39083f51edb1c95",
        "reportUrl" : "https://Areso.github.io/Oblache/295//#testresult/d39083f51edb1c95",
        "status" : "broken",
        "statusDetails" : "selenium.common.exceptions.TimeoutException: Message: Can't find element by locator ('xpath', '//button[@id=\"menu_button_webpages\"]')\nStacktrace:\n#0 0x55977597bdca <unknown>\n#1 0x5597754723f0 <unknown>\n#2 0x5597754c210c <unknown>\n#3 0x5597754c2331 <unknown>\n#4 0x559775508154 <unknown>\n#5 0x5597754e6abd <unknown>\n#6 0x5597755054b3 <unknown>\n#7 0x5597754e6833 <unknown>\n#8 0x5597754b35a0 <unknown>\n#9 0x5597754b4ece <unknown>\n#10 0x559775945bdb <unknown>\n#11 0x559775949b67 <unknown>\n#12 0x5597759313bc <unknown>\n#13 0x55977594a727 <unknown>\n#14 0x55977591574f <unknown>\n#15 0x55977596a938 <unknown>\n#16 0x55977596ab00 <unknown>\n#17 0x55977597ac46 <unknown>\n#18 0x7f155049ca94 <unknown>\n#19 0x7f1550529c3c <unknown>",
        "time" : {
          "start" : 1738286819775,
          "stop" : 1738286824904,
          "duration" : 5129
        }
      }, {
        "uid" : "8dd23146aec14d2e",
        "reportUrl" : "https://Areso.github.io/Oblache/294//#testresult/8dd23146aec14d2e",
        "status" : "broken",
        "statusDetails" : "selenium.common.exceptions.TimeoutException: Message: Can't find element by locator ('xpath', '//button[@id=\"menu_button_webpages\"]')\nStacktrace:\n#0 0x558c381eddca <unknown>\n#1 0x558c37ce43f0 <unknown>\n#2 0x558c37d3410c <unknown>\n#3 0x558c37d34331 <unknown>\n#4 0x558c37d7a154 <unknown>\n#5 0x558c37d58abd <unknown>\n#6 0x558c37d774b3 <unknown>\n#7 0x558c37d58833 <unknown>\n#8 0x558c37d255a0 <unknown>\n#9 0x558c37d26ece <unknown>\n#10 0x558c381b7bdb <unknown>\n#11 0x558c381bbb67 <unknown>\n#12 0x558c381a33bc <unknown>\n#13 0x558c381bc727 <unknown>\n#14 0x558c3818774f <unknown>\n#15 0x558c381dc938 <unknown>\n#16 0x558c381dcb00 <unknown>\n#17 0x558c381ecc46 <unknown>\n#18 0x7f21d829ca94 <unknown>\n#19 0x7f21d8329c3c <unknown>",
        "time" : {
          "start" : 1738200304499,
          "stop" : 1738200309912,
          "duration" : 5413
        }
      }, {
        "uid" : "32f470652fc55609",
        "reportUrl" : "https://Areso.github.io/Oblache/293//#testresult/32f470652fc55609",
        "status" : "broken",
        "statusDetails" : "selenium.common.exceptions.TimeoutException: Message: Can't find element by locator ('xpath', '//button[@id=\"menu_button_webpages\"]')\nStacktrace:\n#0 0x558c57ad27ca <unknown>\n#1 0x558c575ca2f0 <unknown>\n#2 0x558c5761a035 <unknown>\n#3 0x558c5761a251 <unknown>\n#4 0x558c57660054 <unknown>\n#5 0x558c5763e9dd <unknown>\n#6 0x558c5765d3b3 <unknown>\n#7 0x558c5763e753 <unknown>\n#8 0x558c5760bbaa <unknown>\n#9 0x558c5760cdfe <unknown>\n#10 0x558c57a9d38b <unknown>\n#11 0x558c57aa1307 <unknown>\n#12 0x558c57a89e7c <unknown>\n#13 0x558c57aa1ec7 <unknown>\n#14 0x558c57a6e24f <unknown>\n#15 0x558c57ac12f8 <unknown>\n#16 0x558c57ac14c0 <unknown>\n#17 0x558c57ad1646 <unknown>\n#18 0x7f1dcd49ca94 <unknown>\n#19 0x7f1dcd529c3c <unknown>",
        "time" : {
          "start" : 1738113969305,
          "stop" : 1738113974710,
          "duration" : 5405
        }
      }, {
        "uid" : "cca87d3e1f7a0fb6",
        "reportUrl" : "https://Areso.github.io/Oblache/292//#testresult/cca87d3e1f7a0fb6",
        "status" : "broken",
        "statusDetails" : "selenium.common.exceptions.TimeoutException: Message: Can't find element by locator ('xpath', '//button[@id=\"menu_button_webpages\"]')\nStacktrace:\n#0 0x55b7e2dd07ca <unknown>\n#1 0x55b7e28c82f0 <unknown>\n#2 0x55b7e2918035 <unknown>\n#3 0x55b7e2918251 <unknown>\n#4 0x55b7e295e054 <unknown>\n#5 0x55b7e293c9dd <unknown>\n#6 0x55b7e295b3b3 <unknown>\n#7 0x55b7e293c753 <unknown>\n#8 0x55b7e2909baa <unknown>\n#9 0x55b7e290adfe <unknown>\n#10 0x55b7e2d9b38b <unknown>\n#11 0x55b7e2d9f307 <unknown>\n#12 0x55b7e2d87e7c <unknown>\n#13 0x55b7e2d9fec7 <unknown>\n#14 0x55b7e2d6c24f <unknown>\n#15 0x55b7e2dbf2f8 <unknown>\n#16 0x55b7e2dbf4c0 <unknown>\n#17 0x55b7e2dcf646 <unknown>\n#18 0x7f763509ca94 <unknown>\n#19 0x7f7635129c3c <unknown>",
        "time" : {
          "start" : 1738027562169,
          "stop" : 1738027567188,
          "duration" : 5019
        }
      }, {
        "uid" : "abe87b0665590f5b",
        "reportUrl" : "https://Areso.github.io/Oblache/291//#testresult/abe87b0665590f5b",
        "status" : "broken",
        "statusDetails" : "selenium.common.exceptions.TimeoutException: Message: Can't find element by locator ('xpath', '//button[@id=\"menu_button_webpages\"]')\nStacktrace:\n#0 0x562952c427ca <unknown>\n#1 0x56295273a2f0 <unknown>\n#2 0x56295278a035 <unknown>\n#3 0x56295278a251 <unknown>\n#4 0x5629527d0054 <unknown>\n#5 0x5629527ae9dd <unknown>\n#6 0x5629527cd3b3 <unknown>\n#7 0x5629527ae753 <unknown>\n#8 0x56295277bbaa <unknown>\n#9 0x56295277cdfe <unknown>\n#10 0x562952c0d38b <unknown>\n#11 0x562952c11307 <unknown>\n#12 0x562952bf9e7c <unknown>\n#13 0x562952c11ec7 <unknown>\n#14 0x562952bde24f <unknown>\n#15 0x562952c312f8 <unknown>\n#16 0x562952c314c0 <unknown>\n#17 0x562952c41646 <unknown>\n#18 0x7f6f7489ca94 <unknown>\n#19 0x7f6f74929c3c <unknown>",
        "time" : {
          "start" : 1737941293231,
          "stop" : 1737941298276,
          "duration" : 5045
        }
      }, {
        "uid" : "960b7d613982c35b",
        "reportUrl" : "https://Areso.github.io/Oblache/290//#testresult/960b7d613982c35b",
        "status" : "broken",
        "statusDetails" : "selenium.common.exceptions.TimeoutException: Message: Can't find element by locator ('xpath', '//button[@id=\"menu_button_webpages\"]')\nStacktrace:\n#0 0x560ead8ab7ca <unknown>\n#1 0x560ead3a32f0 <unknown>\n#2 0x560ead3f3035 <unknown>\n#3 0x560ead3f3251 <unknown>\n#4 0x560ead439054 <unknown>\n#5 0x560ead4179dd <unknown>\n#6 0x560ead4363b3 <unknown>\n#7 0x560ead417753 <unknown>\n#8 0x560ead3e4baa <unknown>\n#9 0x560ead3e5dfe <unknown>\n#10 0x560ead87638b <unknown>\n#11 0x560ead87a307 <unknown>\n#12 0x560ead862e7c <unknown>\n#13 0x560ead87aec7 <unknown>\n#14 0x560ead84724f <unknown>\n#15 0x560ead89a2f8 <unknown>\n#16 0x560ead89a4c0 <unknown>\n#17 0x560ead8aa646 <unknown>\n#18 0x7faefe09ca94 <unknown>\n#19 0x7faefe129c3c <unknown>",
        "time" : {
          "start" : 1737854948450,
          "stop" : 1737854953840,
          "duration" : 5390
        }
      }, {
        "uid" : "e4935ca7cdd8706e",
        "reportUrl" : "https://Areso.github.io/Oblache/289//#testresult/e4935ca7cdd8706e",
        "status" : "broken",
        "statusDetails" : "selenium.common.exceptions.TimeoutException: Message: Can't find element by locator ('xpath', '//button[@id=\"menu_button_webpages\"]')\nStacktrace:\n#0 0x55f958e507ca <unknown>\n#1 0x55f9589482f0 <unknown>\n#2 0x55f958998035 <unknown>\n#3 0x55f958998251 <unknown>\n#4 0x55f9589de054 <unknown>\n#5 0x55f9589bc9dd <unknown>\n#6 0x55f9589db3b3 <unknown>\n#7 0x55f9589bc753 <unknown>\n#8 0x55f958989baa <unknown>\n#9 0x55f95898adfe <unknown>\n#10 0x55f958e1b38b <unknown>\n#11 0x55f958e1f307 <unknown>\n#12 0x55f958e07e7c <unknown>\n#13 0x55f958e1fec7 <unknown>\n#14 0x55f958dec24f <unknown>\n#15 0x55f958e3f2f8 <unknown>\n#16 0x55f958e3f4c0 <unknown>\n#17 0x55f958e4f646 <unknown>\n#18 0x7fb23289ca94 <unknown>\n#19 0x7fb232929c3c <unknown>",
        "time" : {
          "start" : 1737768185404,
          "stop" : 1737768190804,
          "duration" : 5400
        }
      }, {
        "uid" : "75645faf9431b49d",
        "reportUrl" : "https://Areso.github.io/Oblache/288//#testresult/75645faf9431b49d",
        "status" : "broken",
        "statusDetails" : "selenium.common.exceptions.TimeoutException: Message: Can't find element by locator ('xpath', '//button[@id=\"menu_button_webpages\"]')\nStacktrace:\n#0 0x5571e13f77ca <unknown>\n#1 0x5571e0eef2f0 <unknown>\n#2 0x5571e0f3f035 <unknown>\n#3 0x5571e0f3f251 <unknown>\n#4 0x5571e0f85054 <unknown>\n#5 0x5571e0f639dd <unknown>\n#6 0x5571e0f823b3 <unknown>\n#7 0x5571e0f63753 <unknown>\n#8 0x5571e0f30baa <unknown>\n#9 0x5571e0f31dfe <unknown>\n#10 0x5571e13c238b <unknown>\n#11 0x5571e13c6307 <unknown>\n#12 0x5571e13aee7c <unknown>\n#13 0x5571e13c6ec7 <unknown>\n#14 0x5571e139324f <unknown>\n#15 0x5571e13e62f8 <unknown>\n#16 0x5571e13e64c0 <unknown>\n#17 0x5571e13f6646 <unknown>\n#18 0x7f8f0369ca94 <unknown>\n#19 0x7f8f03729c3c <unknown>",
        "time" : {
          "start" : 1737682040143,
          "stop" : 1737682045598,
          "duration" : 5455
        }
      }, {
        "uid" : "7b717bf5c45a7d33",
        "reportUrl" : "https://Areso.github.io/Oblache/287//#testresult/7b717bf5c45a7d33",
        "status" : "broken",
        "statusDetails" : "selenium.common.exceptions.TimeoutException: Message: Can't find element by locator ('xpath', '//button[@id=\"menu_button_webpages\"]')\nStacktrace:\n#0 0x563665d928fa <unknown>\n#1 0x5636658a3d20 <unknown>\n#2 0x5636658f2a66 <unknown>\n#3 0x5636658f2d01 <unknown>\n#4 0x563665938184 <unknown>\n#5 0x563665916b1d <unknown>\n#6 0x563665935560 <unknown>\n#7 0x563665916893 <unknown>\n#8 0x5636658e530d <unknown>\n#9 0x5636658e632e <unknown>\n#10 0x563665d5f00b <unknown>\n#11 0x563665d62f97 <unknown>\n#12 0x563665d4b71c <unknown>\n#13 0x563665d63b17 <unknown>\n#14 0x563665d306cf <unknown>\n#15 0x563665d816b8 <unknown>\n#16 0x563665d81880 <unknown>\n#17 0x563665d91776 <unknown>\n#18 0x7f6b0809ca94 <unknown>\n#19 0x7f6b08129c3c <unknown>",
        "time" : {
          "start" : 1737595559212,
          "stop" : 1737595564265,
          "duration" : 5053
        }
      }, {
        "uid" : "751f6a84b03dac1d",
        "reportUrl" : "https://Areso.github.io/Oblache/286//#testresult/751f6a84b03dac1d",
        "status" : "broken",
        "statusDetails" : "selenium.common.exceptions.TimeoutException: Message: Can't find element by locator ('xpath', '//button[@id=\"menu_button_webpages\"]')\nStacktrace:\n#0 0x55f6b34767ca <unknown>\n#1 0x55f6b2f6e2f0 <unknown>\n#2 0x55f6b2fbe035 <unknown>\n#3 0x55f6b2fbe251 <unknown>\n#4 0x55f6b3004054 <unknown>\n#5 0x55f6b2fe29dd <unknown>\n#6 0x55f6b30013b3 <unknown>\n#7 0x55f6b2fe2753 <unknown>\n#8 0x55f6b2fafbaa <unknown>\n#9 0x55f6b2fb0dfe <unknown>\n#10 0x55f6b344138b <unknown>\n#11 0x55f6b3445307 <unknown>\n#12 0x55f6b342de7c <unknown>\n#13 0x55f6b3445ec7 <unknown>\n#14 0x55f6b341224f <unknown>\n#15 0x55f6b34652f8 <unknown>\n#16 0x55f6b34654c0 <unknown>\n#17 0x55f6b3475646 <unknown>\n#18 0x7ff13509ca94 <unknown>\n#19 0x7ff135129c3c <unknown>",
        "time" : {
          "start" : 1737509299430,
          "stop" : 1737509304867,
          "duration" : 5437
        }
      } ]
    },
    "tags" : [ ]
  },
  "source" : "930de0d737b07d28.json",
  "parameterValues" : [ ]
}