{
  "uid" : "1270d72f117bccf1",
  "name" : "test_login",
  "fullName" : "tests_ui.test_ui.TestLoginPage#test_login",
  "historyId" : "055f68379c25125fb13e7ddc97221011",
  "time" : {
    "start" : 1710085924114,
    "stop" : 1710085929616,
    "duration" : 5502
  },
  "status" : "broken",
  "statusMessage" : "selenium.common.exceptions.TimeoutException: Message: Can't find element by locator https://oblache.areso.pro/profile.html",
  "statusTrace" : "self = <tests_ui.test_ui.TestUI.TestLoginPage object at 0x7f907d7060b0>\ndriver = <selenium.webdriver.chrome.webdriver.WebDriver (session=\"48d65f640e730c6fe4db6b799dc33b1e\")>\n\n    @allure.title('test_login')\n    def test_login(self, driver):\n        page = LoginPage(driver, TestDataLinks.register_page)\n        page.open()\n>       page.login_user()\n\ntests_ui/test_ui.py:46: \n_ _ _ _ _ _ _ _ _ _ _ _ _ _ _ _ _ _ _ _ _ _ _ _ _ _ _ _ _ _ _ _ _ _ _ _ _ _ _ _ \ntests_ui/login_page.py:58: in login_user\n    assert self.check_expected_link('https://oblache.areso.pro/profile.html'\ntests_ui/base_page.py:69: in check_expected_link\n    return Wait(self.driver, self.timeout).until(ec.url_to_be(url),\n_ _ _ _ _ _ _ _ _ _ _ _ _ _ _ _ _ _ _ _ _ _ _ _ _ _ _ _ _ _ _ _ _ _ _ _ _ _ _ _ \n\nself = <selenium.webdriver.support.wait.WebDriverWait (session=\"48d65f640e730c6fe4db6b799dc33b1e\")>\nmethod = <function url_to_be.<locals>._predicate at 0x7f907d32f250>\nmessage = \"Can't find element by locator https://oblache.areso.pro/profile.html\"\n\n    def until(self, method: Callable[[D], Union[Literal[False], T]], message: str = \"\") -> T:\n        \"\"\"Calls the method provided with the driver as an argument until the \\\n        return value does not evaluate to ``False``.\n    \n        :param method: callable(WebDriver)\n        :param message: optional message for :exc:`TimeoutException`\n        :returns: the result of the last call to `method`\n        :raises: :exc:`selenium.common.exceptions.TimeoutException` if timeout occurs\n        \"\"\"\n        screen = None\n        stacktrace = None\n    \n        end_time = time.monotonic() + self._timeout\n        while True:\n            try:\n                value = method(self._driver)\n                if value:\n                    return value\n            except self._ignored_exceptions as exc:\n                screen = getattr(exc, \"screen\", None)\n                stacktrace = getattr(exc, \"stacktrace\", None)\n            time.sleep(self._poll)\n            if time.monotonic() > end_time:\n                break\n>       raise TimeoutException(message, screen, stacktrace)\nE       selenium.common.exceptions.TimeoutException: Message: Can't find element by locator https://oblache.areso.pro/profile.html\n\n/opt/hostedtoolcache/Python/3.10.13/x64/lib/python3.10/site-packages/selenium/webdriver/support/wait.py:105: TimeoutException",
  "flaky" : false,
  "newFailed" : false,
  "beforeStages" : [ {
    "name" : "driver",
    "time" : {
      "start" : 1710085923834,
      "stop" : 1710085924113,
      "duration" : 279
    },
    "status" : "passed",
    "steps" : [ ],
    "attachments" : [ ],
    "parameters" : [ ],
    "attachmentsCount" : 0,
    "shouldDisplayMessage" : false,
    "stepsCount" : 0,
    "hasContent" : false
  } ],
  "testStage" : {
    "status" : "broken",
    "statusMessage" : "selenium.common.exceptions.TimeoutException: Message: Can't find element by locator https://oblache.areso.pro/profile.html",
    "statusTrace" : "self = <tests_ui.test_ui.TestUI.TestLoginPage object at 0x7f907d7060b0>\ndriver = <selenium.webdriver.chrome.webdriver.WebDriver (session=\"48d65f640e730c6fe4db6b799dc33b1e\")>\n\n    @allure.title('test_login')\n    def test_login(self, driver):\n        page = LoginPage(driver, TestDataLinks.register_page)\n        page.open()\n>       page.login_user()\n\ntests_ui/test_ui.py:46: \n_ _ _ _ _ _ _ _ _ _ _ _ _ _ _ _ _ _ _ _ _ _ _ _ _ _ _ _ _ _ _ _ _ _ _ _ _ _ _ _ \ntests_ui/login_page.py:58: in login_user\n    assert self.check_expected_link('https://oblache.areso.pro/profile.html'\ntests_ui/base_page.py:69: in check_expected_link\n    return Wait(self.driver, self.timeout).until(ec.url_to_be(url),\n_ _ _ _ _ _ _ _ _ _ _ _ _ _ _ _ _ _ _ _ _ _ _ _ _ _ _ _ _ _ _ _ _ _ _ _ _ _ _ _ \n\nself = <selenium.webdriver.support.wait.WebDriverWait (session=\"48d65f640e730c6fe4db6b799dc33b1e\")>\nmethod = <function url_to_be.<locals>._predicate at 0x7f907d32f250>\nmessage = \"Can't find element by locator https://oblache.areso.pro/profile.html\"\n\n    def until(self, method: Callable[[D], Union[Literal[False], T]], message: str = \"\") -> T:\n        \"\"\"Calls the method provided with the driver as an argument until the \\\n        return value does not evaluate to ``False``.\n    \n        :param method: callable(WebDriver)\n        :param message: optional message for :exc:`TimeoutException`\n        :returns: the result of the last call to `method`\n        :raises: :exc:`selenium.common.exceptions.TimeoutException` if timeout occurs\n        \"\"\"\n        screen = None\n        stacktrace = None\n    \n        end_time = time.monotonic() + self._timeout\n        while True:\n            try:\n                value = method(self._driver)\n                if value:\n                    return value\n            except self._ignored_exceptions as exc:\n                screen = getattr(exc, \"screen\", None)\n                stacktrace = getattr(exc, \"stacktrace\", None)\n            time.sleep(self._poll)\n            if time.monotonic() > end_time:\n                break\n>       raise TimeoutException(message, screen, stacktrace)\nE       selenium.common.exceptions.TimeoutException: Message: Can't find element by locator https://oblache.areso.pro/profile.html\n\n/opt/hostedtoolcache/Python/3.10.13/x64/lib/python3.10/site-packages/selenium/webdriver/support/wait.py:105: TimeoutException",
    "steps" : [ {
      "name" : "Open page: https://oblache.areso.pro/register.html",
      "time" : {
        "start" : 1710085924114,
        "stop" : 1710085924420,
        "duration" : 306
      },
      "status" : "passed",
      "steps" : [ ],
      "attachments" : [ ],
      "parameters" : [ ],
      "attachmentsCount" : 0,
      "shouldDisplayMessage" : false,
      "stepsCount" : 0,
      "hasContent" : false
    }, {
      "name" : "login_user",
      "time" : {
        "start" : 1710085924420,
        "stop" : 1710085929616,
        "duration" : 5196
      },
      "status" : "broken",
      "statusMessage" : "selenium.common.exceptions.TimeoutException: Message: Can't find element by locator https://oblache.areso.pro/profile.html\n\n",
      "statusTrace" : "  File \"/opt/hostedtoolcache/Python/3.10.13/x64/lib/python3.10/site-packages/allure_commons/_allure.py\", line 192, in impl\n    return func(*a, **kw)\n  File \"/home/runner/work/Oblache/Oblache/tests_ui/login_page.py\", line 58, in login_user\n    assert self.check_expected_link('https://oblache.areso.pro/profile.html'\n  File \"/home/runner/work/Oblache/Oblache/tests_ui/base_page.py\", line 69, in check_expected_link\n    return Wait(self.driver, self.timeout).until(ec.url_to_be(url),\n  File \"/opt/hostedtoolcache/Python/3.10.13/x64/lib/python3.10/site-packages/selenium/webdriver/support/wait.py\", line 105, in until\n    raise TimeoutException(message, screen, stacktrace)\n",
      "steps" : [ {
        "name" : "Enter email.",
        "time" : {
          "start" : 1710085924420,
          "stop" : 1710085924473,
          "duration" : 53
        },
        "status" : "passed",
        "steps" : [ {
          "name" : "Check element is present: ('xpath', '//input[@id=\"inp_loginform_email\"]')",
          "time" : {
            "start" : 1710085924420,
            "stop" : 1710085924430,
            "duration" : 10
          },
          "status" : "passed",
          "steps" : [ ],
          "attachments" : [ ],
          "parameters" : [ ],
          "attachmentsCount" : 0,
          "shouldDisplayMessage" : false,
          "stepsCount" : 0,
          "hasContent" : false
        } ],
        "attachments" : [ ],
        "parameters" : [ ],
        "attachmentsCount" : 0,
        "shouldDisplayMessage" : false,
        "stepsCount" : 1,
        "hasContent" : true
      }, {
        "name" : "Enter password.",
        "time" : {
          "start" : 1710085924473,
          "stop" : 1710085924513,
          "duration" : 40
        },
        "status" : "passed",
        "steps" : [ {
          "name" : "Check element is present: ('xpath', '//input[@id=\"inp_loginform_password\"]')",
          "time" : {
            "start" : 1710085924473,
            "stop" : 1710085924481,
            "duration" : 8
          },
          "status" : "passed",
          "steps" : [ ],
          "attachments" : [ ],
          "parameters" : [ ],
          "attachmentsCount" : 0,
          "shouldDisplayMessage" : false,
          "stepsCount" : 0,
          "hasContent" : false
        } ],
        "attachments" : [ ],
        "parameters" : [ ],
        "attachmentsCount" : 0,
        "shouldDisplayMessage" : false,
        "stepsCount" : 1,
        "hasContent" : true
      }, {
        "name" : "Click button \"Login\"",
        "time" : {
          "start" : 1710085924513,
          "stop" : 1710085924576,
          "duration" : 63
        },
        "status" : "passed",
        "steps" : [ {
          "name" : "Check element is visible and clickable: ('xpath', '//input[@id=\"inp_regform_login_submit\"]')",
          "time" : {
            "start" : 1710085924513,
            "stop" : 1710085924547,
            "duration" : 34
          },
          "status" : "passed",
          "steps" : [ {
            "name" : "Check element is clickable",
            "time" : {
              "start" : 1710085924530,
              "stop" : 1710085924547,
              "duration" : 17
            },
            "status" : "passed",
            "steps" : [ {
              "name" : "Check element is clickable: ('xpath', '//input[@id=\"inp_regform_login_submit\"]')",
              "time" : {
                "start" : 1710085924530,
                "stop" : 1710085924547,
                "duration" : 17
              },
              "status" : "passed",
              "steps" : [ ],
              "attachments" : [ ],
              "parameters" : [ ],
              "attachmentsCount" : 0,
              "shouldDisplayMessage" : false,
              "stepsCount" : 0,
              "hasContent" : false
            } ],
            "attachments" : [ ],
            "parameters" : [ {
              "name" : "locator",
              "value" : "('xpath', '//input[@id=\"inp_regform_login_submit\"]')"
            } ],
            "attachmentsCount" : 0,
            "shouldDisplayMessage" : false,
            "stepsCount" : 1,
            "hasContent" : true
          } ],
          "attachments" : [ ],
          "parameters" : [ ],
          "attachmentsCount" : 0,
          "shouldDisplayMessage" : false,
          "stepsCount" : 2,
          "hasContent" : true
        } ],
        "attachments" : [ ],
        "parameters" : [ ],
        "attachmentsCount" : 0,
        "shouldDisplayMessage" : false,
        "stepsCount" : 3,
        "hasContent" : true
      }, {
        "name" : "Check url is present: https://oblache.areso.pro/profile.html",
        "time" : {
          "start" : 1710085924576,
          "stop" : 1710085929616,
          "duration" : 5040
        },
        "status" : "broken",
        "statusMessage" : "selenium.common.exceptions.TimeoutException: Message: Can't find element by locator https://oblache.areso.pro/profile.html\n\n",
        "statusTrace" : "  File \"/home/runner/work/Oblache/Oblache/tests_ui/base_page.py\", line 69, in check_expected_link\n    return Wait(self.driver, self.timeout).until(ec.url_to_be(url),\n  File \"/opt/hostedtoolcache/Python/3.10.13/x64/lib/python3.10/site-packages/selenium/webdriver/support/wait.py\", line 105, in until\n    raise TimeoutException(message, screen, stacktrace)\n",
        "steps" : [ ],
        "attachments" : [ ],
        "parameters" : [ ],
        "attachmentsCount" : 0,
        "shouldDisplayMessage" : true,
        "stepsCount" : 0,
        "hasContent" : true
      } ],
      "attachments" : [ ],
      "parameters" : [ ],
      "attachmentsCount" : 0,
      "shouldDisplayMessage" : false,
      "stepsCount" : 9,
      "hasContent" : true
    } ],
    "attachments" : [ ],
    "parameters" : [ ],
    "attachmentsCount" : 0,
    "shouldDisplayMessage" : true,
    "stepsCount" : 11,
    "hasContent" : true
  },
  "afterStages" : [ {
    "name" : "driver::0",
    "time" : {
      "start" : 1710085929624,
      "stop" : 1710085929802,
      "duration" : 178
    },
    "status" : "passed",
    "steps" : [ ],
    "attachments" : [ {
      "uid" : "6280c02261cedf4c",
      "name" : "Screenshot 2024-03-10 15:52:09.742237",
      "source" : "6280c02261cedf4c.png",
      "type" : "image/png",
      "size" : 20388
    } ],
    "parameters" : [ ],
    "attachmentsCount" : 1,
    "shouldDisplayMessage" : false,
    "stepsCount" : 0,
    "hasContent" : true
  } ],
  "labels" : [ {
    "name" : "epic",
    "value" : "UI Tests"
  }, {
    "name" : "suite",
    "value" : "Test Login Page."
  }, {
    "name" : "parentSuite",
    "value" : "tests_ui"
  }, {
    "name" : "subSuite",
    "value" : "TestUI"
  }, {
    "name" : "host",
    "value" : "fv-az1538-814"
  }, {
    "name" : "thread",
    "value" : "1948-MainThread"
  }, {
    "name" : "framework",
    "value" : "pytest"
  }, {
    "name" : "language",
    "value" : "cpython3"
  }, {
    "name" : "package",
    "value" : "tests_ui.test_ui"
  }, {
    "name" : "resultFormat",
    "value" : "allure2"
  } ],
  "parameters" : [ ],
  "links" : [ ],
  "hidden" : false,
  "retry" : false,
  "extra" : {
    "severity" : "normal",
    "retries" : [ ],
    "categories" : [ {
      "name" : "Test defects",
      "matchedStatuses" : [ ],
      "flaky" : false
    } ],
    "history" : {
      "statistic" : {
        "failed" : 0,
        "broken" : 1,
        "skipped" : 0,
        "passed" : 5,
        "unknown" : 0,
        "total" : 6
      },
      "items" : [ {
        "uid" : "7b94c6b1f47c54a",
        "status" : "passed",
        "time" : {
          "start" : 1709754079525,
          "stop" : 1709754080947,
          "duration" : 1422
        }
      }, {
        "uid" : "ac39b0dab5326b6",
        "status" : "passed",
        "time" : {
          "start" : 1709071039533,
          "stop" : 1709071041398,
          "duration" : 1865
        }
      }, {
        "uid" : "77b83dc551161d0d",
        "status" : "passed",
        "time" : {
          "start" : 1709064667467,
          "stop" : 1709064668761,
          "duration" : 1294
        }
      }, {
        "uid" : "127b1550d82bb54f",
        "status" : "passed",
        "time" : {
          "start" : 1709054428943,
          "stop" : 1709054430232,
          "duration" : 1289
        }
      }, {
        "uid" : "bacecad0080a5273",
        "status" : "passed",
        "time" : {
          "start" : 1708977177099,
          "stop" : 1708977178387,
          "duration" : 1288
        }
      } ]
    },
    "tags" : [ ]
  },
  "source" : "1270d72f117bccf1.json",
  "parameterValues" : [ ]
}