{
  "uid" : "e9667a90867eb14b",
  "name" : "test_create_database",
  "fullName" : "tests_ui.test_ui.TestProfilePage#test_create_database",
  "historyId" : "4762f7b87391625d86f9ea8dbdd3b406",
  "time" : {
    "start" : 1710085931349,
    "stop" : 1710085936852,
    "duration" : 5503
  },
  "status" : "broken",
  "statusMessage" : "selenium.common.exceptions.TimeoutException: Message: Can't find element by locator https://oblache.areso.pro/profile.html",
  "statusTrace" : "self = <tests_ui.test_ui.TestUI.TestProfilePage object at 0x7f907d7060e0>\ndriver = <selenium.webdriver.chrome.webdriver.WebDriver (session=\"dae919dcd626f8ef412d7d76afdb39ee\")>\n\n    @allure.title('test_create_database')\n    def test_create_database(self, driver):\n        page = LoginPage(driver, TestDataLinks.register_page)\n        page.open()\n>       page.login_user()\n\ntests_ui/test_ui.py:60: \n_ _ _ _ _ _ _ _ _ _ _ _ _ _ _ _ _ _ _ _ _ _ _ _ _ _ _ _ _ _ _ _ _ _ _ _ _ _ _ _ \ntests_ui/login_page.py:58: in login_user\n    assert self.check_expected_link('https://oblache.areso.pro/profile.html'\ntests_ui/base_page.py:69: in check_expected_link\n    return Wait(self.driver, self.timeout).until(ec.url_to_be(url),\n_ _ _ _ _ _ _ _ _ _ _ _ _ _ _ _ _ _ _ _ _ _ _ _ _ _ _ _ _ _ _ _ _ _ _ _ _ _ _ _ \n\nself = <selenium.webdriver.support.wait.WebDriverWait (session=\"dae919dcd626f8ef412d7d76afdb39ee\")>\nmethod = <function url_to_be.<locals>._predicate at 0x7f907d32f7f0>\nmessage = \"Can't find element by locator https://oblache.areso.pro/profile.html\"\n\n    def until(self, method: Callable[[D], Union[Literal[False], T]], message: str = \"\") -> T:\n        \"\"\"Calls the method provided with the driver as an argument until the \\\n        return value does not evaluate to ``False``.\n    \n        :param method: callable(WebDriver)\n        :param message: optional message for :exc:`TimeoutException`\n        :returns: the result of the last call to `method`\n        :raises: :exc:`selenium.common.exceptions.TimeoutException` if timeout occurs\n        \"\"\"\n        screen = None\n        stacktrace = None\n    \n        end_time = time.monotonic() + self._timeout\n        while True:\n            try:\n                value = method(self._driver)\n                if value:\n                    return value\n            except self._ignored_exceptions as exc:\n                screen = getattr(exc, \"screen\", None)\n                stacktrace = getattr(exc, \"stacktrace\", None)\n            time.sleep(self._poll)\n            if time.monotonic() > end_time:\n                break\n>       raise TimeoutException(message, screen, stacktrace)\nE       selenium.common.exceptions.TimeoutException: Message: Can't find element by locator https://oblache.areso.pro/profile.html\n\n/opt/hostedtoolcache/Python/3.10.13/x64/lib/python3.10/site-packages/selenium/webdriver/support/wait.py:105: TimeoutException",
  "flaky" : false,
  "newFailed" : false,
  "beforeStages" : [ {
    "name" : "driver",
    "time" : {
      "start" : 1710085931067,
      "stop" : 1710085931349,
      "duration" : 282
    },
    "status" : "passed",
    "steps" : [ ],
    "attachments" : [ ],
    "parameters" : [ ],
    "attachmentsCount" : 0,
    "shouldDisplayMessage" : false,
    "stepsCount" : 0,
    "hasContent" : false
  } ],
  "testStage" : {
    "status" : "broken",
    "statusMessage" : "selenium.common.exceptions.TimeoutException: Message: Can't find element by locator https://oblache.areso.pro/profile.html",
    "statusTrace" : "self = <tests_ui.test_ui.TestUI.TestProfilePage object at 0x7f907d7060e0>\ndriver = <selenium.webdriver.chrome.webdriver.WebDriver (session=\"dae919dcd626f8ef412d7d76afdb39ee\")>\n\n    @allure.title('test_create_database')\n    def test_create_database(self, driver):\n        page = LoginPage(driver, TestDataLinks.register_page)\n        page.open()\n>       page.login_user()\n\ntests_ui/test_ui.py:60: \n_ _ _ _ _ _ _ _ _ _ _ _ _ _ _ _ _ _ _ _ _ _ _ _ _ _ _ _ _ _ _ _ _ _ _ _ _ _ _ _ \ntests_ui/login_page.py:58: in login_user\n    assert self.check_expected_link('https://oblache.areso.pro/profile.html'\ntests_ui/base_page.py:69: in check_expected_link\n    return Wait(self.driver, self.timeout).until(ec.url_to_be(url),\n_ _ _ _ _ _ _ _ _ _ _ _ _ _ _ _ _ _ _ _ _ _ _ _ _ _ _ _ _ _ _ _ _ _ _ _ _ _ _ _ \n\nself = <selenium.webdriver.support.wait.WebDriverWait (session=\"dae919dcd626f8ef412d7d76afdb39ee\")>\nmethod = <function url_to_be.<locals>._predicate at 0x7f907d32f7f0>\nmessage = \"Can't find element by locator https://oblache.areso.pro/profile.html\"\n\n    def until(self, method: Callable[[D], Union[Literal[False], T]], message: str = \"\") -> T:\n        \"\"\"Calls the method provided with the driver as an argument until the \\\n        return value does not evaluate to ``False``.\n    \n        :param method: callable(WebDriver)\n        :param message: optional message for :exc:`TimeoutException`\n        :returns: the result of the last call to `method`\n        :raises: :exc:`selenium.common.exceptions.TimeoutException` if timeout occurs\n        \"\"\"\n        screen = None\n        stacktrace = None\n    \n        end_time = time.monotonic() + self._timeout\n        while True:\n            try:\n                value = method(self._driver)\n                if value:\n                    return value\n            except self._ignored_exceptions as exc:\n                screen = getattr(exc, \"screen\", None)\n                stacktrace = getattr(exc, \"stacktrace\", None)\n            time.sleep(self._poll)\n            if time.monotonic() > end_time:\n                break\n>       raise TimeoutException(message, screen, stacktrace)\nE       selenium.common.exceptions.TimeoutException: Message: Can't find element by locator https://oblache.areso.pro/profile.html\n\n/opt/hostedtoolcache/Python/3.10.13/x64/lib/python3.10/site-packages/selenium/webdriver/support/wait.py:105: TimeoutException",
    "steps" : [ {
      "name" : "Open page: https://oblache.areso.pro/register.html",
      "time" : {
        "start" : 1710085931349,
        "stop" : 1710085931654,
        "duration" : 305
      },
      "status" : "passed",
      "steps" : [ ],
      "attachments" : [ ],
      "parameters" : [ ],
      "attachmentsCount" : 0,
      "shouldDisplayMessage" : false,
      "stepsCount" : 0,
      "hasContent" : false
    }, {
      "name" : "login_user",
      "time" : {
        "start" : 1710085931654,
        "stop" : 1710085936852,
        "duration" : 5198
      },
      "status" : "broken",
      "statusMessage" : "selenium.common.exceptions.TimeoutException: Message: Can't find element by locator https://oblache.areso.pro/profile.html\n\n",
      "statusTrace" : "  File \"/opt/hostedtoolcache/Python/3.10.13/x64/lib/python3.10/site-packages/allure_commons/_allure.py\", line 192, in impl\n    return func(*a, **kw)\n  File \"/home/runner/work/Oblache/Oblache/tests_ui/login_page.py\", line 58, in login_user\n    assert self.check_expected_link('https://oblache.areso.pro/profile.html'\n  File \"/home/runner/work/Oblache/Oblache/tests_ui/base_page.py\", line 69, in check_expected_link\n    return Wait(self.driver, self.timeout).until(ec.url_to_be(url),\n  File \"/opt/hostedtoolcache/Python/3.10.13/x64/lib/python3.10/site-packages/selenium/webdriver/support/wait.py\", line 105, in until\n    raise TimeoutException(message, screen, stacktrace)\n",
      "steps" : [ {
        "name" : "Enter email.",
        "time" : {
          "start" : 1710085931654,
          "stop" : 1710085931707,
          "duration" : 53
        },
        "status" : "passed",
        "steps" : [ {
          "name" : "Check element is present: ('xpath', '//input[@id=\"inp_loginform_email\"]')",
          "time" : {
            "start" : 1710085931654,
            "stop" : 1710085931665,
            "duration" : 11
          },
          "status" : "passed",
          "steps" : [ ],
          "attachments" : [ ],
          "parameters" : [ ],
          "attachmentsCount" : 0,
          "shouldDisplayMessage" : false,
          "stepsCount" : 0,
          "hasContent" : false
        } ],
        "attachments" : [ ],
        "parameters" : [ ],
        "attachmentsCount" : 0,
        "shouldDisplayMessage" : false,
        "stepsCount" : 1,
        "hasContent" : true
      }, {
        "name" : "Enter password.",
        "time" : {
          "start" : 1710085931707,
          "stop" : 1710085931747,
          "duration" : 40
        },
        "status" : "passed",
        "steps" : [ {
          "name" : "Check element is present: ('xpath', '//input[@id=\"inp_loginform_password\"]')",
          "time" : {
            "start" : 1710085931707,
            "stop" : 1710085931715,
            "duration" : 8
          },
          "status" : "passed",
          "steps" : [ ],
          "attachments" : [ ],
          "parameters" : [ ],
          "attachmentsCount" : 0,
          "shouldDisplayMessage" : false,
          "stepsCount" : 0,
          "hasContent" : false
        } ],
        "attachments" : [ ],
        "parameters" : [ ],
        "attachmentsCount" : 0,
        "shouldDisplayMessage" : false,
        "stepsCount" : 1,
        "hasContent" : true
      }, {
        "name" : "Click button \"Login\"",
        "time" : {
          "start" : 1710085931747,
          "stop" : 1710085931811,
          "duration" : 64
        },
        "status" : "passed",
        "steps" : [ {
          "name" : "Check element is visible and clickable: ('xpath', '//input[@id=\"inp_regform_login_submit\"]')",
          "time" : {
            "start" : 1710085931748,
            "stop" : 1710085931783,
            "duration" : 35
          },
          "status" : "passed",
          "steps" : [ {
            "name" : "Check element is clickable",
            "time" : {
              "start" : 1710085931765,
              "stop" : 1710085931783,
              "duration" : 18
            },
            "status" : "passed",
            "steps" : [ {
              "name" : "Check element is clickable: ('xpath', '//input[@id=\"inp_regform_login_submit\"]')",
              "time" : {
                "start" : 1710085931765,
                "stop" : 1710085931783,
                "duration" : 18
              },
              "status" : "passed",
              "steps" : [ ],
              "attachments" : [ ],
              "parameters" : [ ],
              "attachmentsCount" : 0,
              "shouldDisplayMessage" : false,
              "stepsCount" : 0,
              "hasContent" : false
            } ],
            "attachments" : [ ],
            "parameters" : [ {
              "name" : "locator",
              "value" : "('xpath', '//input[@id=\"inp_regform_login_submit\"]')"
            } ],
            "attachmentsCount" : 0,
            "shouldDisplayMessage" : false,
            "stepsCount" : 1,
            "hasContent" : true
          } ],
          "attachments" : [ ],
          "parameters" : [ ],
          "attachmentsCount" : 0,
          "shouldDisplayMessage" : false,
          "stepsCount" : 2,
          "hasContent" : true
        } ],
        "attachments" : [ ],
        "parameters" : [ ],
        "attachmentsCount" : 0,
        "shouldDisplayMessage" : false,
        "stepsCount" : 3,
        "hasContent" : true
      }, {
        "name" : "Check url is present: https://oblache.areso.pro/profile.html",
        "time" : {
          "start" : 1710085931812,
          "stop" : 1710085936851,
          "duration" : 5039
        },
        "status" : "broken",
        "statusMessage" : "selenium.common.exceptions.TimeoutException: Message: Can't find element by locator https://oblache.areso.pro/profile.html\n\n",
        "statusTrace" : "  File \"/home/runner/work/Oblache/Oblache/tests_ui/base_page.py\", line 69, in check_expected_link\n    return Wait(self.driver, self.timeout).until(ec.url_to_be(url),\n  File \"/opt/hostedtoolcache/Python/3.10.13/x64/lib/python3.10/site-packages/selenium/webdriver/support/wait.py\", line 105, in until\n    raise TimeoutException(message, screen, stacktrace)\n",
        "steps" : [ ],
        "attachments" : [ ],
        "parameters" : [ ],
        "attachmentsCount" : 0,
        "shouldDisplayMessage" : true,
        "stepsCount" : 0,
        "hasContent" : true
      } ],
      "attachments" : [ ],
      "parameters" : [ ],
      "attachmentsCount" : 0,
      "shouldDisplayMessage" : false,
      "stepsCount" : 9,
      "hasContent" : true
    } ],
    "attachments" : [ ],
    "parameters" : [ ],
    "attachmentsCount" : 0,
    "shouldDisplayMessage" : true,
    "stepsCount" : 11,
    "hasContent" : true
  },
  "afterStages" : [ {
    "name" : "driver::0",
    "time" : {
      "start" : 1710085936859,
      "stop" : 1710085937042,
      "duration" : 183
    },
    "status" : "passed",
    "steps" : [ ],
    "attachments" : [ {
      "uid" : "a79ef24b2707a497",
      "name" : "Screenshot 2024-03-10 15:52:16.985179",
      "source" : "a79ef24b2707a497.png",
      "type" : "image/png",
      "size" : 20388
    } ],
    "parameters" : [ ],
    "attachmentsCount" : 1,
    "shouldDisplayMessage" : false,
    "stepsCount" : 0,
    "hasContent" : true
  } ],
  "labels" : [ {
    "name" : "suite",
    "value" : "Test Profile Page."
  }, {
    "name" : "epic",
    "value" : "UI Tests"
  }, {
    "name" : "parentSuite",
    "value" : "tests_ui"
  }, {
    "name" : "subSuite",
    "value" : "TestUI"
  }, {
    "name" : "host",
    "value" : "fv-az1538-814"
  }, {
    "name" : "thread",
    "value" : "1948-MainThread"
  }, {
    "name" : "framework",
    "value" : "pytest"
  }, {
    "name" : "language",
    "value" : "cpython3"
  }, {
    "name" : "package",
    "value" : "tests_ui.test_ui"
  }, {
    "name" : "resultFormat",
    "value" : "allure2"
  } ],
  "parameters" : [ ],
  "links" : [ ],
  "hidden" : false,
  "retry" : false,
  "extra" : {
    "severity" : "normal",
    "retries" : [ ],
    "categories" : [ {
      "name" : "Test defects",
      "matchedStatuses" : [ ],
      "flaky" : false
    } ],
    "history" : {
      "statistic" : {
        "failed" : 2,
        "broken" : 4,
        "skipped" : 0,
        "passed" : 0,
        "unknown" : 0,
        "total" : 6
      },
      "items" : [ {
        "uid" : "477a2d285161c28",
        "status" : "broken",
        "statusDetails" : "ValueError: invalid literal for int() with base 10: 'nodata'",
        "time" : {
          "start" : 1709754082642,
          "stop" : 1709754086719,
          "duration" : 4077
        }
      }, {
        "uid" : "725af07609bd98b3",
        "status" : "broken",
        "statusDetails" : "ValueError: invalid literal for int() with base 10: 'nodata'",
        "time" : {
          "start" : 1709071043402,
          "stop" : 1709071045966,
          "duration" : 2564
        }
      }, {
        "uid" : "3bdb79a56b7233cf",
        "status" : "failed",
        "statusDetails" : "AssertionError: assert (2 + 1) == 2\n +  where 2 = int('2')\n +  and   2 = int('2')",
        "time" : {
          "start" : 1709064670386,
          "stop" : 1709064672402,
          "duration" : 2016
        }
      }, {
        "uid" : "2dbddd051ac098b1",
        "status" : "broken",
        "statusDetails" : "ValueError: invalid literal for int() with base 10: 'nodata'",
        "time" : {
          "start" : 1709054431829,
          "stop" : 1709054433706,
          "duration" : 1877
        }
      }, {
        "uid" : "e3d4eef3d94a550b",
        "status" : "failed",
        "statusDetails" : "AssertionError: assert (72 + 1) == 72\n +  where 72 = int('72')\n +  and   72 = int('72')",
        "time" : {
          "start" : 1708977179965,
          "stop" : 1708977181978,
          "duration" : 2013
        }
      } ]
    },
    "tags" : [ ]
  },
  "source" : "e9667a90867eb14b.json",
  "parameterValues" : [ ]
}