{
  "uid" : "c2e579fde2bb6f69",
  "name" : "test_clipboard",
  "fullName" : "tests_ui.test_ui.TestProfilePage#test_clipboard_uuid_db",
  "historyId" : "b32cefb1d87a8aa3bb37280cb980702f",
  "time" : {
    "start" : 1743904028263,
    "stop" : 1743904033389,
    "duration" : 5126
  },
  "status" : "broken",
  "statusMessage" : "selenium.common.exceptions.TimeoutException: Message: Can't find element by locator ('xpath', '//button[@id = \"menu_button_databases\"]')\nStacktrace:\n#0 0x564b16579ffa <unknown>\n#1 0x564b16038970 <unknown>\n#2 0x564b1608a385 <unknown>\n#3 0x564b1608a5b1 <unknown>\n#4 0x564b160d93c4 <unknown>\n#5 0x564b160b02bd <unknown>\n#6 0x564b160d670c <unknown>\n#7 0x564b160b0063 <unknown>\n#8 0x564b1607c328 <unknown>\n#9 0x564b1607d491 <unknown>\n#10 0x564b1654142b <unknown>\n#11 0x564b165452ec <unknown>\n#12 0x564b16528a22 <unknown>\n#13 0x564b16545e64 <unknown>\n#14 0x564b1650cbef <unknown>\n#15 0x564b16568558 <unknown>\n#16 0x564b16568736 <unknown>\n#17 0x564b16578e76 <unknown>\n#18 0x7fd14289caa4 <unknown>\n#19 0x7fd142929c3c <unknown>",
  "statusTrace" : "self = <tests_ui.test_ui.TestProfilePage object at 0x7f5ce11b3b30>\ndriver = <selenium.webdriver.chrome.webdriver.WebDriver (session=\"4f27766526f61d191898e1840e931fe5\")>\nauthorization_user = None\n\n    @allure.title('test_clipboard')\n    def test_clipboard_uuid_db(self, driver, authorization_user):\n        page = ProfilePage(driver, authorization_user)\n>       page.click_button_databases()\n\ntests_ui/test_ui.py:98: \n_ _ _ _ _ _ _ _ _ _ _ _ _ _ _ _ _ _ _ _ _ _ _ _ _ _ _ _ _ _ _ _ _ _ _ _ _ _ _ _ \ntests_ui/profile_page.py:36: in click_button_databases\n    return self.element_is_present_and_clickable(self.locators.DATABASE_BUTTON).click()\ntests_ui/base_page.py:28: in element_is_present_and_clickable\n    return (Wait(self.driver, self.timeout).until(\n_ _ _ _ _ _ _ _ _ _ _ _ _ _ _ _ _ _ _ _ _ _ _ _ _ _ _ _ _ _ _ _ _ _ _ _ _ _ _ _ \n\nself = <selenium.webdriver.support.wait.WebDriverWait (session=\"4f27766526f61d191898e1840e931fe5\")>\nmethod = <function visibility_of_element_located.<locals>._predicate at 0x7f5ce0703ce0>\nmessage = 'Can\\'t find element by locator (\\'xpath\\', \\'//button[@id = \"menu_button_databases\"]\\')'\n\n    def until(self, method: Callable[[D], Union[Literal[False], T]], message: str = \"\") -> T:\n        \"\"\"Calls the method provided with the driver as an argument until the \\\n        return value does not evaluate to ``False``.\n    \n        :param method: callable(WebDriver)\n        :param message: optional message for :exc:`TimeoutException`\n        :returns: the result of the last call to `method`\n        :raises: :exc:`selenium.common.exceptions.TimeoutException` if timeout occurs\n        \"\"\"\n        screen = None\n        stacktrace = None\n    \n        end_time = time.monotonic() + self._timeout\n        while True:\n            try:\n                value = method(self._driver)\n                if value:\n                    return value\n            except self._ignored_exceptions as exc:\n                screen = getattr(exc, \"screen\", None)\n                stacktrace = getattr(exc, \"stacktrace\", None)\n            time.sleep(self._poll)\n            if time.monotonic() > end_time:\n                break\n>       raise TimeoutException(message, screen, stacktrace)\nE       selenium.common.exceptions.TimeoutException: Message: Can't find element by locator ('xpath', '//button[@id = \"menu_button_databases\"]')\nE       Stacktrace:\nE       #0 0x564b16579ffa <unknown>\nE       #1 0x564b16038970 <unknown>\nE       #2 0x564b1608a385 <unknown>\nE       #3 0x564b1608a5b1 <unknown>\nE       #4 0x564b160d93c4 <unknown>\nE       #5 0x564b160b02bd <unknown>\nE       #6 0x564b160d670c <unknown>\nE       #7 0x564b160b0063 <unknown>\nE       #8 0x564b1607c328 <unknown>\nE       #9 0x564b1607d491 <unknown>\nE       #10 0x564b1654142b <unknown>\nE       #11 0x564b165452ec <unknown>\nE       #12 0x564b16528a22 <unknown>\nE       #13 0x564b16545e64 <unknown>\nE       #14 0x564b1650cbef <unknown>\nE       #15 0x564b16568558 <unknown>\nE       #16 0x564b16568736 <unknown>\nE       #17 0x564b16578e76 <unknown>\nE       #18 0x7fd14289caa4 <unknown>\nE       #19 0x7fd142929c3c <unknown>\n\n/opt/hostedtoolcache/Python/3.12.9/x64/lib/python3.12/site-packages/selenium/webdriver/support/wait.py:105: TimeoutException",
  "flaky" : false,
  "newFailed" : false,
  "beforeStages" : [ {
    "name" : "driver",
    "time" : {
      "start" : 1743904027234,
      "stop" : 1743904027567,
      "duration" : 333
    },
    "status" : "passed",
    "steps" : [ ],
    "attachments" : [ ],
    "parameters" : [ ],
    "stepsCount" : 0,
    "attachmentsCount" : 0,
    "shouldDisplayMessage" : false,
    "hasContent" : false
  }, {
    "name" : "authorization_user",
    "time" : {
      "start" : 1743904027567,
      "stop" : 1743904028263,
      "duration" : 696
    },
    "status" : "passed",
    "steps" : [ {
      "name" : "Open page: https://oblache.areso.pro/register.html",
      "time" : {
        "start" : 1743904027567,
        "stop" : 1743904028069,
        "duration" : 502
      },
      "status" : "passed",
      "steps" : [ ],
      "attachments" : [ ],
      "parameters" : [ ],
      "stepsCount" : 0,
      "attachmentsCount" : 0,
      "shouldDisplayMessage" : false,
      "hasContent" : false
    }, {
      "name" : "Login user",
      "time" : {
        "start" : 1743904028070,
        "stop" : 1743904028263,
        "duration" : 193
      },
      "status" : "passed",
      "steps" : [ {
        "name" : "Enter email.",
        "time" : {
          "start" : 1743904028070,
          "stop" : 1743904028129,
          "duration" : 59
        },
        "status" : "passed",
        "steps" : [ ],
        "attachments" : [ ],
        "parameters" : [ ],
        "stepsCount" : 0,
        "attachmentsCount" : 0,
        "shouldDisplayMessage" : false,
        "hasContent" : false
      }, {
        "name" : "Enter password.",
        "time" : {
          "start" : 1743904028129,
          "stop" : 1743904028172,
          "duration" : 43
        },
        "status" : "passed",
        "steps" : [ ],
        "attachments" : [ ],
        "parameters" : [ ],
        "stepsCount" : 0,
        "attachmentsCount" : 0,
        "shouldDisplayMessage" : false,
        "hasContent" : false
      }, {
        "name" : "Click button \"Login\"",
        "time" : {
          "start" : 1743904028172,
          "stop" : 1743904028260,
          "duration" : 88
        },
        "status" : "passed",
        "steps" : [ ],
        "attachments" : [ ],
        "parameters" : [ ],
        "stepsCount" : 0,
        "attachmentsCount" : 0,
        "shouldDisplayMessage" : false,
        "hasContent" : false
      }, {
        "name" : "Check url is present: https://oblache.areso.pro/register.html",
        "time" : {
          "start" : 1743904028260,
          "stop" : 1743904028263,
          "duration" : 3
        },
        "status" : "passed",
        "steps" : [ ],
        "attachments" : [ ],
        "parameters" : [ ],
        "stepsCount" : 0,
        "attachmentsCount" : 0,
        "shouldDisplayMessage" : false,
        "hasContent" : false
      } ],
      "attachments" : [ ],
      "parameters" : [ ],
      "stepsCount" : 4,
      "attachmentsCount" : 0,
      "shouldDisplayMessage" : false,
      "hasContent" : true
    } ],
    "attachments" : [ ],
    "parameters" : [ ],
    "stepsCount" : 6,
    "attachmentsCount" : 0,
    "shouldDisplayMessage" : false,
    "hasContent" : true
  } ],
  "testStage" : {
    "status" : "broken",
    "statusMessage" : "selenium.common.exceptions.TimeoutException: Message: Can't find element by locator ('xpath', '//button[@id = \"menu_button_databases\"]')\nStacktrace:\n#0 0x564b16579ffa <unknown>\n#1 0x564b16038970 <unknown>\n#2 0x564b1608a385 <unknown>\n#3 0x564b1608a5b1 <unknown>\n#4 0x564b160d93c4 <unknown>\n#5 0x564b160b02bd <unknown>\n#6 0x564b160d670c <unknown>\n#7 0x564b160b0063 <unknown>\n#8 0x564b1607c328 <unknown>\n#9 0x564b1607d491 <unknown>\n#10 0x564b1654142b <unknown>\n#11 0x564b165452ec <unknown>\n#12 0x564b16528a22 <unknown>\n#13 0x564b16545e64 <unknown>\n#14 0x564b1650cbef <unknown>\n#15 0x564b16568558 <unknown>\n#16 0x564b16568736 <unknown>\n#17 0x564b16578e76 <unknown>\n#18 0x7fd14289caa4 <unknown>\n#19 0x7fd142929c3c <unknown>",
    "statusTrace" : "self = <tests_ui.test_ui.TestProfilePage object at 0x7f5ce11b3b30>\ndriver = <selenium.webdriver.chrome.webdriver.WebDriver (session=\"4f27766526f61d191898e1840e931fe5\")>\nauthorization_user = None\n\n    @allure.title('test_clipboard')\n    def test_clipboard_uuid_db(self, driver, authorization_user):\n        page = ProfilePage(driver, authorization_user)\n>       page.click_button_databases()\n\ntests_ui/test_ui.py:98: \n_ _ _ _ _ _ _ _ _ _ _ _ _ _ _ _ _ _ _ _ _ _ _ _ _ _ _ _ _ _ _ _ _ _ _ _ _ _ _ _ \ntests_ui/profile_page.py:36: in click_button_databases\n    return self.element_is_present_and_clickable(self.locators.DATABASE_BUTTON).click()\ntests_ui/base_page.py:28: in element_is_present_and_clickable\n    return (Wait(self.driver, self.timeout).until(\n_ _ _ _ _ _ _ _ _ _ _ _ _ _ _ _ _ _ _ _ _ _ _ _ _ _ _ _ _ _ _ _ _ _ _ _ _ _ _ _ \n\nself = <selenium.webdriver.support.wait.WebDriverWait (session=\"4f27766526f61d191898e1840e931fe5\")>\nmethod = <function visibility_of_element_located.<locals>._predicate at 0x7f5ce0703ce0>\nmessage = 'Can\\'t find element by locator (\\'xpath\\', \\'//button[@id = \"menu_button_databases\"]\\')'\n\n    def until(self, method: Callable[[D], Union[Literal[False], T]], message: str = \"\") -> T:\n        \"\"\"Calls the method provided with the driver as an argument until the \\\n        return value does not evaluate to ``False``.\n    \n        :param method: callable(WebDriver)\n        :param message: optional message for :exc:`TimeoutException`\n        :returns: the result of the last call to `method`\n        :raises: :exc:`selenium.common.exceptions.TimeoutException` if timeout occurs\n        \"\"\"\n        screen = None\n        stacktrace = None\n    \n        end_time = time.monotonic() + self._timeout\n        while True:\n            try:\n                value = method(self._driver)\n                if value:\n                    return value\n            except self._ignored_exceptions as exc:\n                screen = getattr(exc, \"screen\", None)\n                stacktrace = getattr(exc, \"stacktrace\", None)\n            time.sleep(self._poll)\n            if time.monotonic() > end_time:\n                break\n>       raise TimeoutException(message, screen, stacktrace)\nE       selenium.common.exceptions.TimeoutException: Message: Can't find element by locator ('xpath', '//button[@id = \"menu_button_databases\"]')\nE       Stacktrace:\nE       #0 0x564b16579ffa <unknown>\nE       #1 0x564b16038970 <unknown>\nE       #2 0x564b1608a385 <unknown>\nE       #3 0x564b1608a5b1 <unknown>\nE       #4 0x564b160d93c4 <unknown>\nE       #5 0x564b160b02bd <unknown>\nE       #6 0x564b160d670c <unknown>\nE       #7 0x564b160b0063 <unknown>\nE       #8 0x564b1607c328 <unknown>\nE       #9 0x564b1607d491 <unknown>\nE       #10 0x564b1654142b <unknown>\nE       #11 0x564b165452ec <unknown>\nE       #12 0x564b16528a22 <unknown>\nE       #13 0x564b16545e64 <unknown>\nE       #14 0x564b1650cbef <unknown>\nE       #15 0x564b16568558 <unknown>\nE       #16 0x564b16568736 <unknown>\nE       #17 0x564b16578e76 <unknown>\nE       #18 0x7fd14289caa4 <unknown>\nE       #19 0x7fd142929c3c <unknown>\n\n/opt/hostedtoolcache/Python/3.12.9/x64/lib/python3.12/site-packages/selenium/webdriver/support/wait.py:105: TimeoutException",
    "steps" : [ {
      "name" : "Click \"Databases\" button.",
      "time" : {
        "start" : 1743904028263,
        "stop" : 1743904033389,
        "duration" : 5126
      },
      "status" : "broken",
      "statusMessage" : "selenium.common.exceptions.TimeoutException: Message: Can't find element by locator ('xpath', '//button[@id = \"menu_button_databases\"]')\nStacktrace:\n#0 0x564b16579ffa <unknown>\n#1 0x564b16038970 <unknown>\n#2 0x564b1608a385 <unknown>\n#3 0x564b1608a5b1 <unknown>\n#4 0x564b160d93c4 <unknown>\n#5 0x564b160b02bd <unknown>\n#6 0x564b160d670c <unknown>\n#7 0x564b160b0063 <unknown>\n#8 0x564b1607c328 <unknown>\n#9 0x564b1607d491 <unknown>\n#10 0x564b1654142b <unknown>\n#11 0x564b165452ec <unknown>\n#12 0x564b16528a22 <unknown>\n#13 0x564b16545e64 <unknown>\n#14 0x564b1650cbef <unknown>\n#15 0x564b16568558 <unknown>\n#16 0x564b16568736 <unknown>\n#17 0x564b16578e76 <unknown>\n#18 0x7fd14289caa4 <unknown>\n#19 0x7fd142929c3c <unknown>\n\n",
      "statusTrace" : "  File \"/home/runner/work/Oblache/Oblache/tests_ui/profile_page.py\", line 36, in click_button_databases\n    return self.element_is_present_and_clickable(self.locators.DATABASE_BUTTON).click()\n           ^^^^^^^^^^^^^^^^^^^^^^^^^^^^^^^^^^^^^^^^^^^^^^^^^^^^^^^^^^^^^^^^^^^^\n  File \"/home/runner/work/Oblache/Oblache/tests_ui/base_page.py\", line 28, in element_is_present_and_clickable\n    return (Wait(self.driver, self.timeout).until(\n            ^^^^^^^^^^^^^^^^^^^^^^^^^^^^^^^^^^^^^^\n  File \"/opt/hostedtoolcache/Python/3.12.9/x64/lib/python3.12/site-packages/selenium/webdriver/support/wait.py\", line 105, in until\n    raise TimeoutException(message, screen, stacktrace)\n",
      "steps" : [ ],
      "attachments" : [ ],
      "parameters" : [ ],
      "stepsCount" : 0,
      "attachmentsCount" : 0,
      "shouldDisplayMessage" : true,
      "hasContent" : true
    } ],
    "attachments" : [ {
      "uid" : "290d7c13f9bed63",
      "name" : "Screenshot 2025-04-06 01:47:13.488586",
      "source" : "290d7c13f9bed63.png",
      "type" : "image/png",
      "size" : 15568
    } ],
    "parameters" : [ ],
    "stepsCount" : 1,
    "attachmentsCount" : 1,
    "shouldDisplayMessage" : true,
    "hasContent" : true
  },
  "afterStages" : [ {
    "name" : "driver::0",
    "time" : {
      "start" : 1743904033490,
      "stop" : 1743904033549,
      "duration" : 59
    },
    "status" : "passed",
    "steps" : [ ],
    "attachments" : [ ],
    "parameters" : [ ],
    "stepsCount" : 0,
    "attachmentsCount" : 0,
    "shouldDisplayMessage" : false,
    "hasContent" : false
  } ],
  "labels" : [ {
    "name" : "suite",
    "value" : "Test Profile Page."
  }, {
    "name" : "parentSuite",
    "value" : "tests_ui"
  }, {
    "name" : "subSuite",
    "value" : "TestProfilePage"
  }, {
    "name" : "host",
    "value" : "fv-az1947-294"
  }, {
    "name" : "thread",
    "value" : "2529-MainThread"
  }, {
    "name" : "framework",
    "value" : "pytest"
  }, {
    "name" : "language",
    "value" : "cpython3"
  }, {
    "name" : "package",
    "value" : "tests_ui.test_ui"
  }, {
    "name" : "resultFormat",
    "value" : "allure2"
  } ],
  "parameters" : [ ],
  "links" : [ ],
  "hidden" : false,
  "retry" : false,
  "extra" : {
    "severity" : "normal",
    "retries" : [ ],
    "categories" : [ {
      "name" : "Test defects",
      "matchedStatuses" : [ ],
      "flaky" : false
    } ],
    "history" : {
      "statistic" : {
        "failed" : 0,
        "broken" : 23,
        "skipped" : 0,
        "passed" : 212,
        "unknown" : 0,
        "total" : 235
      },
      "items" : [ {
        "uid" : "2476733ed21160b0",
        "reportUrl" : "https://Areso.github.io/Oblache/359//#testresult/2476733ed21160b0",
        "status" : "passed",
        "time" : {
          "start" : 1743817280381,
          "stop" : 1743817282364,
          "duration" : 1983
        }
      }, {
        "uid" : "c61aec2d57df3cb4",
        "reportUrl" : "https://Areso.github.io/Oblache/358//#testresult/c61aec2d57df3cb4",
        "status" : "passed",
        "time" : {
          "start" : 1743731005316,
          "stop" : 1743731007337,
          "duration" : 2021
        }
      }, {
        "uid" : "16cdd5b71e584b36",
        "reportUrl" : "https://Areso.github.io/Oblache/357//#testresult/16cdd5b71e584b36",
        "status" : "passed",
        "time" : {
          "start" : 1743644607307,
          "stop" : 1743644610012,
          "duration" : 2705
        }
      }, {
        "uid" : "89b929af7d48bc26",
        "reportUrl" : "https://Areso.github.io/Oblache/356//#testresult/89b929af7d48bc26",
        "status" : "passed",
        "time" : {
          "start" : 1743558262454,
          "stop" : 1743558264478,
          "duration" : 2024
        }
      }, {
        "uid" : "db0753a5c3ea4ea1",
        "reportUrl" : "https://Areso.github.io/Oblache/355//#testresult/db0753a5c3ea4ea1",
        "status" : "passed",
        "time" : {
          "start" : 1743472469086,
          "stop" : 1743472471804,
          "duration" : 2718
        }
      }, {
        "uid" : "a1d934e49f615a9b",
        "reportUrl" : "https://Areso.github.io/Oblache/354//#testresult/a1d934e49f615a9b",
        "status" : "passed",
        "time" : {
          "start" : 1743385707990,
          "stop" : 1743385710665,
          "duration" : 2675
        }
      }, {
        "uid" : "18b232d39c7a094b",
        "reportUrl" : "https://Areso.github.io/Oblache/353//#testresult/18b232d39c7a094b",
        "status" : "passed",
        "time" : {
          "start" : 1743299458173,
          "stop" : 1743299461139,
          "duration" : 2966
        }
      }, {
        "uid" : "589691231939b78",
        "reportUrl" : "https://Areso.github.io/Oblache/352//#testresult/589691231939b78",
        "status" : "passed",
        "time" : {
          "start" : 1743212481116,
          "stop" : 1743212483097,
          "duration" : 1981
        }
      }, {
        "uid" : "36978ceb686e93b2",
        "reportUrl" : "https://Areso.github.io/Oblache/351//#testresult/36978ceb686e93b2",
        "status" : "passed",
        "time" : {
          "start" : 1743126140319,
          "stop" : 1743126142327,
          "duration" : 2008
        }
      }, {
        "uid" : "5d4453bf3ce3a44d",
        "reportUrl" : "https://Areso.github.io/Oblache/350//#testresult/5d4453bf3ce3a44d",
        "status" : "passed",
        "time" : {
          "start" : 1743039739446,
          "stop" : 1743039741496,
          "duration" : 2050
        }
      }, {
        "uid" : "3dc42ef31c060b65",
        "reportUrl" : "https://Areso.github.io/Oblache/349//#testresult/3dc42ef31c060b65",
        "status" : "passed",
        "time" : {
          "start" : 1742953422196,
          "stop" : 1742953424985,
          "duration" : 2789
        }
      }, {
        "uid" : "f3412516d5af7111",
        "reportUrl" : "https://Areso.github.io/Oblache/348//#testresult/f3412516d5af7111",
        "status" : "passed",
        "time" : {
          "start" : 1742867002244,
          "stop" : 1742867004250,
          "duration" : 2006
        }
      }, {
        "uid" : "3d131e6d77c01e5b",
        "reportUrl" : "https://Areso.github.io/Oblache/347//#testresult/3d131e6d77c01e5b",
        "status" : "passed",
        "time" : {
          "start" : 1742780739481,
          "stop" : 1742780741775,
          "duration" : 2294
        }
      }, {
        "uid" : "1450217aff519e2d",
        "reportUrl" : "https://Areso.github.io/Oblache/346//#testresult/1450217aff519e2d",
        "status" : "broken",
        "statusDetails" : "selenium.common.exceptions.TimeoutException: Message: Can't find elements by locator ('xpath', '//tbody[@id=\"tbody_dbs\"]//tr')",
        "time" : {
          "start" : 1742694438293,
          "stop" : 1742694444189,
          "duration" : 5896
        }
      }, {
        "uid" : "db9d5831e9807ef9",
        "reportUrl" : "https://Areso.github.io/Oblache/345//#testresult/db9d5831e9807ef9",
        "status" : "passed",
        "time" : {
          "start" : 1742607632250,
          "stop" : 1742607634322,
          "duration" : 2072
        }
      }, {
        "uid" : "dc5f7d6f45e5198d",
        "reportUrl" : "https://Areso.github.io/Oblache/344//#testresult/dc5f7d6f45e5198d",
        "status" : "passed",
        "time" : {
          "start" : 1742521345959,
          "stop" : 1742521348198,
          "duration" : 2239
        }
      }, {
        "uid" : "2e9ce1863b8ce1a2",
        "reportUrl" : "https://Areso.github.io/Oblache/343//#testresult/2e9ce1863b8ce1a2",
        "status" : "passed",
        "time" : {
          "start" : 1742434887818,
          "stop" : 1742434889847,
          "duration" : 2029
        }
      }, {
        "uid" : "34eebac945b4fabc",
        "reportUrl" : "https://Areso.github.io/Oblache/342//#testresult/34eebac945b4fabc",
        "status" : "passed",
        "time" : {
          "start" : 1742348541326,
          "stop" : 1742348543302,
          "duration" : 1976
        }
      }, {
        "uid" : "e23094b6cc88a35e",
        "reportUrl" : "https://Areso.github.io/Oblache/341//#testresult/e23094b6cc88a35e",
        "status" : "passed",
        "time" : {
          "start" : 1742262081973,
          "stop" : 1742262083969,
          "duration" : 1996
        }
      }, {
        "uid" : "7c33d70b1d8524e6",
        "reportUrl" : "https://Areso.github.io/Oblache/340//#testresult/7c33d70b1d8524e6",
        "status" : "passed",
        "time" : {
          "start" : 1742175883785,
          "stop" : 1742175886520,
          "duration" : 2735
        }
      } ]
    },
    "tags" : [ ]
  },
  "source" : "c2e579fde2bb6f69.json",
  "parameterValues" : [ ]
}