{
  "uid" : "61bf7b9f07807c1e",
  "name" : "test_delete_database",
  "fullName" : "tests_ui.test_ui.TestProfilePage#test_delete_database",
  "historyId" : "79ccd4aa4a29c03ae3f72e89c73351ae",
  "time" : {
    "start" : 1712174751484,
    "stop" : 1712174751484,
    "duration" : 0
  },
  "status" : "broken",
  "statusMessage" : "selenium.common.exceptions.TimeoutException: Message: Can't find element by locator https://oblache.areso.pro/profile.html",
  "statusTrace" : "driver = <selenium.webdriver.chrome.webdriver.WebDriver (session=\"252fb4f0bb7fc298e92a0f73b5b546a1\")>\n\n    @pytest.fixture()\n    def authorization_user(driver):\n        page = LoginPage(driver, TestDataLinks.register_page)\n        page.open()\n>       page.login_user()\n\ntests_ui/conftest.py:37: \n_ _ _ _ _ _ _ _ _ _ _ _ _ _ _ _ _ _ _ _ _ _ _ _ _ _ _ _ _ _ _ _ _ _ _ _ _ _ _ _ \ntests_ui/login_page.py:62: in login_user\n    assert self.check_expected_link('https://oblache.areso.pro/profile.html'\ntests_ui/base_page.py:62: in check_expected_link\n    return Wait(self.driver, self.timeout).until(\n_ _ _ _ _ _ _ _ _ _ _ _ _ _ _ _ _ _ _ _ _ _ _ _ _ _ _ _ _ _ _ _ _ _ _ _ _ _ _ _ \n\nself = <selenium.webdriver.support.wait.WebDriverWait (session=\"252fb4f0bb7fc298e92a0f73b5b546a1\")>\nmethod = <function url_to_be.<locals>._predicate at 0x7fcfcb332840>\nmessage = \"Can't find element by locator https://oblache.areso.pro/profile.html\"\n\n    def until(self, method: Callable[[D], Union[Literal[False], T]], message: str = \"\") -> T:\n        \"\"\"Calls the method provided with the driver as an argument until the \\\n        return value does not evaluate to ``False``.\n    \n        :param method: callable(WebDriver)\n        :param message: optional message for :exc:`TimeoutException`\n        :returns: the result of the last call to `method`\n        :raises: :exc:`selenium.common.exceptions.TimeoutException` if timeout occurs\n        \"\"\"\n        screen = None\n        stacktrace = None\n    \n        end_time = time.monotonic() + self._timeout\n        while True:\n            try:\n                value = method(self._driver)\n                if value:\n                    return value\n            except self._ignored_exceptions as exc:\n                screen = getattr(exc, \"screen\", None)\n                stacktrace = getattr(exc, \"stacktrace\", None)\n            time.sleep(self._poll)\n            if time.monotonic() > end_time:\n                break\n>       raise TimeoutException(message, screen, stacktrace)\nE       selenium.common.exceptions.TimeoutException: Message: Can't find element by locator https://oblache.areso.pro/profile.html\n\n/opt/hostedtoolcache/Python/3.12.2/x64/lib/python3.12/site-packages/selenium/webdriver/support/wait.py:105: TimeoutException",
  "flaky" : false,
  "newFailed" : false,
  "beforeStages" : [ {
    "name" : "authorization_user",
    "time" : {
      "start" : 1712174751765,
      "stop" : 1712174757252,
      "duration" : 5487
    },
    "status" : "broken",
    "statusMessage" : "selenium.common.exceptions.TimeoutException: Message: Can't find element by locator https://oblache.areso.pro/profile.html\n\n",
    "statusTrace" : "  File \"/opt/hostedtoolcache/Python/3.12.2/x64/lib/python3.12/site-packages/pluggy/_callers.py\", line 102, in _multicall\n    res = hook_impl.function(*args)\n          ^^^^^^^^^^^^^^^^^^^^^^^^^\n  File \"/opt/hostedtoolcache/Python/3.12.2/x64/lib/python3.12/site-packages/_pytest/fixtures.py\", line 1123, in pytest_fixture_setup\n    result = call_fixture_func(fixturefunc, request, kwargs)\n             ^^^^^^^^^^^^^^^^^^^^^^^^^^^^^^^^^^^^^^^^^^^^^^^\n  File \"/opt/hostedtoolcache/Python/3.12.2/x64/lib/python3.12/site-packages/_pytest/fixtures.py\", line 902, in call_fixture_func\n    fixture_result = fixturefunc(**kwargs)\n                     ^^^^^^^^^^^^^^^^^^^^^\n  File \"/home/runner/work/Oblache/Oblache/tests_ui/conftest.py\", line 37, in authorization_user\n    page.login_user()\n  File \"/opt/hostedtoolcache/Python/3.12.2/x64/lib/python3.12/site-packages/allure_commons/_allure.py\", line 192, in impl\n    return func(*a, **kw)\n           ^^^^^^^^^^^^^^\n  File \"/home/runner/work/Oblache/Oblache/tests_ui/login_page.py\", line 62, in login_user\n    assert self.check_expected_link('https://oblache.areso.pro/profile.html'\n           ^^^^^^^^^^^^^^^^^^^^^^^^^^^^^^^^^^^^^^^^^^^^^^^^^^^^^^^^^^^^^^^^^\n  File \"/home/runner/work/Oblache/Oblache/tests_ui/base_page.py\", line 62, in check_expected_link\n    return Wait(self.driver, self.timeout).until(\n           ^^^^^^^^^^^^^^^^^^^^^^^^^^^^^^^^^^^^^^\n  File \"/opt/hostedtoolcache/Python/3.12.2/x64/lib/python3.12/site-packages/selenium/webdriver/support/wait.py\", line 105, in until\n    raise TimeoutException(message, screen, stacktrace)\n",
    "steps" : [ {
      "name" : "Open page: https://oblache.areso.pro/register.html",
      "time" : {
        "start" : 1712174751765,
        "stop" : 1712174752068,
        "duration" : 303
      },
      "status" : "passed",
      "steps" : [ ],
      "attachments" : [ ],
      "parameters" : [ ],
      "stepsCount" : 0,
      "attachmentsCount" : 0,
      "shouldDisplayMessage" : false,
      "hasContent" : false
    }, {
      "name" : "login_user",
      "time" : {
        "start" : 1712174752068,
        "stop" : 1712174757251,
        "duration" : 5183
      },
      "status" : "broken",
      "statusMessage" : "selenium.common.exceptions.TimeoutException: Message: Can't find element by locator https://oblache.areso.pro/profile.html\n\n",
      "statusTrace" : "  File \"/opt/hostedtoolcache/Python/3.12.2/x64/lib/python3.12/site-packages/allure_commons/_allure.py\", line 192, in impl\n    return func(*a, **kw)\n           ^^^^^^^^^^^^^^\n  File \"/home/runner/work/Oblache/Oblache/tests_ui/login_page.py\", line 62, in login_user\n    assert self.check_expected_link('https://oblache.areso.pro/profile.html'\n           ^^^^^^^^^^^^^^^^^^^^^^^^^^^^^^^^^^^^^^^^^^^^^^^^^^^^^^^^^^^^^^^^^\n  File \"/home/runner/work/Oblache/Oblache/tests_ui/base_page.py\", line 62, in check_expected_link\n    return Wait(self.driver, self.timeout).until(\n           ^^^^^^^^^^^^^^^^^^^^^^^^^^^^^^^^^^^^^^\n  File \"/opt/hostedtoolcache/Python/3.12.2/x64/lib/python3.12/site-packages/selenium/webdriver/support/wait.py\", line 105, in until\n    raise TimeoutException(message, screen, stacktrace)\n",
      "steps" : [ {
        "name" : "Enter email.",
        "time" : {
          "start" : 1712174752068,
          "stop" : 1712174752118,
          "duration" : 50
        },
        "status" : "passed",
        "steps" : [ ],
        "attachments" : [ ],
        "parameters" : [ ],
        "stepsCount" : 0,
        "attachmentsCount" : 0,
        "shouldDisplayMessage" : false,
        "hasContent" : false
      }, {
        "name" : "Enter password.",
        "time" : {
          "start" : 1712174752118,
          "stop" : 1712174752159,
          "duration" : 41
        },
        "status" : "passed",
        "steps" : [ ],
        "attachments" : [ ],
        "parameters" : [ ],
        "stepsCount" : 0,
        "attachmentsCount" : 0,
        "shouldDisplayMessage" : false,
        "hasContent" : false
      }, {
        "name" : "Click button \"Login\"",
        "time" : {
          "start" : 1712174752159,
          "stop" : 1712174752220,
          "duration" : 61
        },
        "status" : "passed",
        "steps" : [ {
          "name" : "element_is_present_and_clickable",
          "time" : {
            "start" : 1712174752159,
            "stop" : 1712174752193,
            "duration" : 34
          },
          "status" : "passed",
          "steps" : [ ],
          "attachments" : [ ],
          "parameters" : [ {
            "name" : "locator",
            "value" : "('xpath', '//input[@id=\"inp_regform_login_submit\"]')"
          } ],
          "stepsCount" : 0,
          "attachmentsCount" : 0,
          "shouldDisplayMessage" : false,
          "hasContent" : true
        } ],
        "attachments" : [ ],
        "parameters" : [ ],
        "stepsCount" : 1,
        "attachmentsCount" : 0,
        "shouldDisplayMessage" : false,
        "hasContent" : true
      }, {
        "name" : "Check url is present: https://oblache.areso.pro/profile.html",
        "time" : {
          "start" : 1712174752220,
          "stop" : 1712174757251,
          "duration" : 5031
        },
        "status" : "broken",
        "statusMessage" : "selenium.common.exceptions.TimeoutException: Message: Can't find element by locator https://oblache.areso.pro/profile.html\n\n",
        "statusTrace" : "  File \"/home/runner/work/Oblache/Oblache/tests_ui/base_page.py\", line 62, in check_expected_link\n    return Wait(self.driver, self.timeout).until(\n           ^^^^^^^^^^^^^^^^^^^^^^^^^^^^^^^^^^^^^^\n  File \"/opt/hostedtoolcache/Python/3.12.2/x64/lib/python3.12/site-packages/selenium/webdriver/support/wait.py\", line 105, in until\n    raise TimeoutException(message, screen, stacktrace)\n",
        "steps" : [ ],
        "attachments" : [ ],
        "parameters" : [ ],
        "stepsCount" : 0,
        "attachmentsCount" : 0,
        "shouldDisplayMessage" : true,
        "hasContent" : true
      } ],
      "attachments" : [ ],
      "parameters" : [ ],
      "stepsCount" : 5,
      "attachmentsCount" : 0,
      "shouldDisplayMessage" : false,
      "hasContent" : true
    } ],
    "attachments" : [ ],
    "parameters" : [ ],
    "stepsCount" : 7,
    "attachmentsCount" : 0,
    "shouldDisplayMessage" : false,
    "hasContent" : true
  }, {
    "name" : "driver",
    "time" : {
      "start" : 1712174751485,
      "stop" : 1712174751764,
      "duration" : 279
    },
    "status" : "passed",
    "steps" : [ ],
    "attachments" : [ ],
    "parameters" : [ ],
    "stepsCount" : 0,
    "attachmentsCount" : 0,
    "shouldDisplayMessage" : false,
    "hasContent" : false
  } ],
  "afterStages" : [ {
    "name" : "driver::0",
    "time" : {
      "start" : 1712174757261,
      "stop" : 1712174757434,
      "duration" : 173
    },
    "status" : "passed",
    "steps" : [ ],
    "attachments" : [ {
      "uid" : "9de4e3486601e3b7",
      "name" : "Screenshot 2024-04-03 20:05:57.377078",
      "source" : "9de4e3486601e3b7.png",
      "type" : "image/png",
      "size" : 20465
    } ],
    "parameters" : [ ],
    "stepsCount" : 0,
    "attachmentsCount" : 1,
    "shouldDisplayMessage" : false,
    "hasContent" : true
  } ],
  "labels" : [ {
    "name" : "suite",
    "value" : "Test Profile Page."
  }, {
    "name" : "epic",
    "value" : "UI Tests"
  }, {
    "name" : "parentSuite",
    "value" : "tests_ui"
  }, {
    "name" : "subSuite",
    "value" : "TestUI"
  }, {
    "name" : "host",
    "value" : "fv-az1391-135"
  }, {
    "name" : "thread",
    "value" : "2350-MainThread"
  }, {
    "name" : "framework",
    "value" : "pytest"
  }, {
    "name" : "language",
    "value" : "cpython3"
  }, {
    "name" : "package",
    "value" : "tests_ui.test_ui"
  }, {
    "name" : "resultFormat",
    "value" : "allure2"
  } ],
  "parameters" : [ ],
  "links" : [ ],
  "hidden" : false,
  "retry" : false,
  "extra" : {
    "severity" : "normal",
    "retries" : [ ],
    "categories" : [ {
      "name" : "Test defects",
      "matchedStatuses" : [ ],
      "flaky" : false
    } ],
    "history" : {
      "statistic" : {
        "failed" : 0,
        "broken" : 1,
        "skipped" : 0,
        "passed" : 8,
        "unknown" : 0,
        "total" : 9
      },
      "items" : [ {
        "uid" : "a96dbce0e4e0bf6a",
        "reportUrl" : "https://Areso.github.io/Oblache/73//#testresult/a96dbce0e4e0bf6a",
        "status" : "passed",
        "time" : {
          "start" : 1712173533081,
          "stop" : 1712173559005,
          "duration" : 25924
        }
      }, {
        "uid" : "b5d6b78118696c0c",
        "reportUrl" : "https://Areso.github.io/Oblache/71//#testresult/b5d6b78118696c0c",
        "status" : "passed",
        "time" : {
          "start" : 1711374265832,
          "stop" : 1711374291079,
          "duration" : 25247
        }
      }, {
        "uid" : "ff25035a3a46479f",
        "reportUrl" : "https://Areso.github.io/Oblache/70//#testresult/ff25035a3a46479f",
        "status" : "passed",
        "time" : {
          "start" : 1711321407672,
          "stop" : 1711321433060,
          "duration" : 25388
        }
      }, {
        "uid" : "a7ce6f61a06748c0",
        "reportUrl" : "https://Areso.github.io/Oblache/69//#testresult/a7ce6f61a06748c0",
        "status" : "passed",
        "time" : {
          "start" : 1711020931588,
          "stop" : 1711020956819,
          "duration" : 25231
        }
      }, {
        "uid" : "e4e4d2e5c97895d7",
        "reportUrl" : "https://Areso.github.io/Oblache/68//#testresult/e4e4d2e5c97895d7",
        "status" : "passed",
        "time" : {
          "start" : 1710944135186,
          "stop" : 1710944160439,
          "duration" : 25253
        }
      }, {
        "uid" : "8f7c3df24696204f",
        "reportUrl" : "https://Areso.github.io/Oblache/67//#testresult/8f7c3df24696204f",
        "status" : "passed",
        "time" : {
          "start" : 1710943386166,
          "stop" : 1710943411445,
          "duration" : 25279
        }
      }, {
        "uid" : "2965009a2d01669e",
        "reportUrl" : "https://Areso.github.io/Oblache/66//#testresult/2965009a2d01669e",
        "status" : "passed",
        "time" : {
          "start" : 1710942937853,
          "stop" : 1710942963076,
          "duration" : 25223
        }
      }, {
        "uid" : "48814d4734a3302e",
        "reportUrl" : "https://Areso.github.io/Oblache/65//#testresult/48814d4734a3302e",
        "status" : "passed",
        "time" : {
          "start" : 1710942333244,
          "stop" : 1710942358489,
          "duration" : 25245
        }
      } ]
    },
    "tags" : [ ]
  },
  "source" : "61bf7b9f07807c1e.json",
  "parameterValues" : [ ]
}