{
  "uid" : "9b621ebc6260f724",
  "name" : "test_clipboard_jdbc",
  "fullName" : "tests_ui.test_ui.TestProfilePage#test_clipboard_jdbc",
  "historyId" : "3c3bc2de59af179987e51569fc1d3309",
  "time" : {
    "start" : 1712174763384,
    "stop" : 1712174763384,
    "duration" : 0
  },
  "status" : "broken",
  "statusMessage" : "selenium.common.exceptions.TimeoutException: Message: Can't find element by locator https://oblache.areso.pro/profile.html",
  "statusTrace" : "driver = <selenium.webdriver.chrome.webdriver.WebDriver (session=\"9f26bae494ad57ed21046bc88a0bc5ea\")>\n\n    @pytest.fixture()\n    def authorization_user(driver):\n        page = LoginPage(driver, TestDataLinks.register_page)\n        page.open()\n>       page.login_user()\n\ntests_ui/conftest.py:37: \n_ _ _ _ _ _ _ _ _ _ _ _ _ _ _ _ _ _ _ _ _ _ _ _ _ _ _ _ _ _ _ _ _ _ _ _ _ _ _ _ \ntests_ui/login_page.py:62: in login_user\n    assert self.check_expected_link('https://oblache.areso.pro/profile.html'\ntests_ui/base_page.py:62: in check_expected_link\n    return Wait(self.driver, self.timeout).until(\n_ _ _ _ _ _ _ _ _ _ _ _ _ _ _ _ _ _ _ _ _ _ _ _ _ _ _ _ _ _ _ _ _ _ _ _ _ _ _ _ \n\nself = <selenium.webdriver.support.wait.WebDriverWait (session=\"9f26bae494ad57ed21046bc88a0bc5ea\")>\nmethod = <function url_to_be.<locals>._predicate at 0x7fcfcb3153a0>\nmessage = \"Can't find element by locator https://oblache.areso.pro/profile.html\"\n\n    def until(self, method: Callable[[D], Union[Literal[False], T]], message: str = \"\") -> T:\n        \"\"\"Calls the method provided with the driver as an argument until the \\\n        return value does not evaluate to ``False``.\n    \n        :param method: callable(WebDriver)\n        :param message: optional message for :exc:`TimeoutException`\n        :returns: the result of the last call to `method`\n        :raises: :exc:`selenium.common.exceptions.TimeoutException` if timeout occurs\n        \"\"\"\n        screen = None\n        stacktrace = None\n    \n        end_time = time.monotonic() + self._timeout\n        while True:\n            try:\n                value = method(self._driver)\n                if value:\n                    return value\n            except self._ignored_exceptions as exc:\n                screen = getattr(exc, \"screen\", None)\n                stacktrace = getattr(exc, \"stacktrace\", None)\n            time.sleep(self._poll)\n            if time.monotonic() > end_time:\n                break\n>       raise TimeoutException(message, screen, stacktrace)\nE       selenium.common.exceptions.TimeoutException: Message: Can't find element by locator https://oblache.areso.pro/profile.html\n\n/opt/hostedtoolcache/Python/3.12.2/x64/lib/python3.12/site-packages/selenium/webdriver/support/wait.py:105: TimeoutException",
  "flaky" : false,
  "newFailed" : false,
  "beforeStages" : [ {
    "name" : "authorization_user",
    "time" : {
      "start" : 1712174763664,
      "stop" : 1712174769152,
      "duration" : 5488
    },
    "status" : "broken",
    "statusMessage" : "selenium.common.exceptions.TimeoutException: Message: Can't find element by locator https://oblache.areso.pro/profile.html\n\n",
    "statusTrace" : "  File \"/opt/hostedtoolcache/Python/3.12.2/x64/lib/python3.12/site-packages/pluggy/_callers.py\", line 102, in _multicall\n    res = hook_impl.function(*args)\n          ^^^^^^^^^^^^^^^^^^^^^^^^^\n  File \"/opt/hostedtoolcache/Python/3.12.2/x64/lib/python3.12/site-packages/_pytest/fixtures.py\", line 1123, in pytest_fixture_setup\n    result = call_fixture_func(fixturefunc, request, kwargs)\n             ^^^^^^^^^^^^^^^^^^^^^^^^^^^^^^^^^^^^^^^^^^^^^^^\n  File \"/opt/hostedtoolcache/Python/3.12.2/x64/lib/python3.12/site-packages/_pytest/fixtures.py\", line 902, in call_fixture_func\n    fixture_result = fixturefunc(**kwargs)\n                     ^^^^^^^^^^^^^^^^^^^^^\n  File \"/home/runner/work/Oblache/Oblache/tests_ui/conftest.py\", line 37, in authorization_user\n    page.login_user()\n  File \"/opt/hostedtoolcache/Python/3.12.2/x64/lib/python3.12/site-packages/allure_commons/_allure.py\", line 192, in impl\n    return func(*a, **kw)\n           ^^^^^^^^^^^^^^\n  File \"/home/runner/work/Oblache/Oblache/tests_ui/login_page.py\", line 62, in login_user\n    assert self.check_expected_link('https://oblache.areso.pro/profile.html'\n           ^^^^^^^^^^^^^^^^^^^^^^^^^^^^^^^^^^^^^^^^^^^^^^^^^^^^^^^^^^^^^^^^^\n  File \"/home/runner/work/Oblache/Oblache/tests_ui/base_page.py\", line 62, in check_expected_link\n    return Wait(self.driver, self.timeout).until(\n           ^^^^^^^^^^^^^^^^^^^^^^^^^^^^^^^^^^^^^^\n  File \"/opt/hostedtoolcache/Python/3.12.2/x64/lib/python3.12/site-packages/selenium/webdriver/support/wait.py\", line 105, in until\n    raise TimeoutException(message, screen, stacktrace)\n",
    "steps" : [ {
      "name" : "Open page: https://oblache.areso.pro/register.html",
      "time" : {
        "start" : 1712174763664,
        "stop" : 1712174763967,
        "duration" : 303
      },
      "status" : "passed",
      "steps" : [ ],
      "attachments" : [ ],
      "parameters" : [ ],
      "stepsCount" : 0,
      "attachmentsCount" : 0,
      "shouldDisplayMessage" : false,
      "hasContent" : false
    }, {
      "name" : "login_user",
      "time" : {
        "start" : 1712174763967,
        "stop" : 1712174769152,
        "duration" : 5185
      },
      "status" : "broken",
      "statusMessage" : "selenium.common.exceptions.TimeoutException: Message: Can't find element by locator https://oblache.areso.pro/profile.html\n\n",
      "statusTrace" : "  File \"/opt/hostedtoolcache/Python/3.12.2/x64/lib/python3.12/site-packages/allure_commons/_allure.py\", line 192, in impl\n    return func(*a, **kw)\n           ^^^^^^^^^^^^^^\n  File \"/home/runner/work/Oblache/Oblache/tests_ui/login_page.py\", line 62, in login_user\n    assert self.check_expected_link('https://oblache.areso.pro/profile.html'\n           ^^^^^^^^^^^^^^^^^^^^^^^^^^^^^^^^^^^^^^^^^^^^^^^^^^^^^^^^^^^^^^^^^\n  File \"/home/runner/work/Oblache/Oblache/tests_ui/base_page.py\", line 62, in check_expected_link\n    return Wait(self.driver, self.timeout).until(\n           ^^^^^^^^^^^^^^^^^^^^^^^^^^^^^^^^^^^^^^\n  File \"/opt/hostedtoolcache/Python/3.12.2/x64/lib/python3.12/site-packages/selenium/webdriver/support/wait.py\", line 105, in until\n    raise TimeoutException(message, screen, stacktrace)\n",
      "steps" : [ {
        "name" : "Enter email.",
        "time" : {
          "start" : 1712174763967,
          "stop" : 1712174764017,
          "duration" : 50
        },
        "status" : "passed",
        "steps" : [ ],
        "attachments" : [ ],
        "parameters" : [ ],
        "stepsCount" : 0,
        "attachmentsCount" : 0,
        "shouldDisplayMessage" : false,
        "hasContent" : false
      }, {
        "name" : "Enter password.",
        "time" : {
          "start" : 1712174764017,
          "stop" : 1712174764058,
          "duration" : 41
        },
        "status" : "passed",
        "steps" : [ ],
        "attachments" : [ ],
        "parameters" : [ ],
        "stepsCount" : 0,
        "attachmentsCount" : 0,
        "shouldDisplayMessage" : false,
        "hasContent" : false
      }, {
        "name" : "Click button \"Login\"",
        "time" : {
          "start" : 1712174764058,
          "stop" : 1712174764120,
          "duration" : 62
        },
        "status" : "passed",
        "steps" : [ {
          "name" : "element_is_present_and_clickable",
          "time" : {
            "start" : 1712174764059,
            "stop" : 1712174764093,
            "duration" : 34
          },
          "status" : "passed",
          "steps" : [ ],
          "attachments" : [ ],
          "parameters" : [ {
            "name" : "locator",
            "value" : "('xpath', '//input[@id=\"inp_regform_login_submit\"]')"
          } ],
          "stepsCount" : 0,
          "attachmentsCount" : 0,
          "shouldDisplayMessage" : false,
          "hasContent" : true
        } ],
        "attachments" : [ ],
        "parameters" : [ ],
        "stepsCount" : 1,
        "attachmentsCount" : 0,
        "shouldDisplayMessage" : false,
        "hasContent" : true
      }, {
        "name" : "Check url is present: https://oblache.areso.pro/profile.html",
        "time" : {
          "start" : 1712174764120,
          "stop" : 1712174769151,
          "duration" : 5031
        },
        "status" : "broken",
        "statusMessage" : "selenium.common.exceptions.TimeoutException: Message: Can't find element by locator https://oblache.areso.pro/profile.html\n\n",
        "statusTrace" : "  File \"/home/runner/work/Oblache/Oblache/tests_ui/base_page.py\", line 62, in check_expected_link\n    return Wait(self.driver, self.timeout).until(\n           ^^^^^^^^^^^^^^^^^^^^^^^^^^^^^^^^^^^^^^\n  File \"/opt/hostedtoolcache/Python/3.12.2/x64/lib/python3.12/site-packages/selenium/webdriver/support/wait.py\", line 105, in until\n    raise TimeoutException(message, screen, stacktrace)\n",
        "steps" : [ ],
        "attachments" : [ ],
        "parameters" : [ ],
        "stepsCount" : 0,
        "attachmentsCount" : 0,
        "shouldDisplayMessage" : true,
        "hasContent" : true
      } ],
      "attachments" : [ ],
      "parameters" : [ ],
      "stepsCount" : 5,
      "attachmentsCount" : 0,
      "shouldDisplayMessage" : false,
      "hasContent" : true
    } ],
    "attachments" : [ ],
    "parameters" : [ ],
    "stepsCount" : 7,
    "attachmentsCount" : 0,
    "shouldDisplayMessage" : false,
    "hasContent" : true
  }, {
    "name" : "driver",
    "time" : {
      "start" : 1712174763384,
      "stop" : 1712174763663,
      "duration" : 279
    },
    "status" : "passed",
    "steps" : [ ],
    "attachments" : [ ],
    "parameters" : [ ],
    "stepsCount" : 0,
    "attachmentsCount" : 0,
    "shouldDisplayMessage" : false,
    "hasContent" : false
  } ],
  "afterStages" : [ {
    "name" : "driver::0",
    "time" : {
      "start" : 1712174769161,
      "stop" : 1712174769332,
      "duration" : 171
    },
    "status" : "passed",
    "steps" : [ ],
    "attachments" : [ {
      "uid" : "36757b0351ed95d",
      "name" : "Screenshot 2024-04-03 20:06:09.275400",
      "source" : "36757b0351ed95d.png",
      "type" : "image/png",
      "size" : 20465
    } ],
    "parameters" : [ ],
    "stepsCount" : 0,
    "attachmentsCount" : 1,
    "shouldDisplayMessage" : false,
    "hasContent" : true
  } ],
  "labels" : [ {
    "name" : "suite",
    "value" : "Test Profile Page."
  }, {
    "name" : "epic",
    "value" : "UI Tests"
  }, {
    "name" : "parentSuite",
    "value" : "tests_ui"
  }, {
    "name" : "subSuite",
    "value" : "TestUI"
  }, {
    "name" : "host",
    "value" : "fv-az1391-135"
  }, {
    "name" : "thread",
    "value" : "2350-MainThread"
  }, {
    "name" : "framework",
    "value" : "pytest"
  }, {
    "name" : "language",
    "value" : "cpython3"
  }, {
    "name" : "package",
    "value" : "tests_ui.test_ui"
  }, {
    "name" : "resultFormat",
    "value" : "allure2"
  } ],
  "parameters" : [ ],
  "links" : [ ],
  "hidden" : false,
  "retry" : false,
  "extra" : {
    "severity" : "normal",
    "retries" : [ ],
    "categories" : [ {
      "name" : "Test defects",
      "matchedStatuses" : [ ],
      "flaky" : false
    } ],
    "history" : {
      "statistic" : {
        "failed" : 0,
        "broken" : 1,
        "skipped" : 0,
        "passed" : 8,
        "unknown" : 0,
        "total" : 9
      },
      "items" : [ {
        "uid" : "c2f5d53665977c1e",
        "reportUrl" : "https://Areso.github.io/Oblache/73//#testresult/c2f5d53665977c1e",
        "status" : "passed",
        "time" : {
          "start" : 1712173566193,
          "stop" : 1712173568625,
          "duration" : 2432
        }
      }, {
        "uid" : "39186d8830f981a4",
        "reportUrl" : "https://Areso.github.io/Oblache/71//#testresult/39186d8830f981a4",
        "status" : "passed",
        "time" : {
          "start" : 1711374297025,
          "stop" : 1711374299140,
          "duration" : 2115
        }
      }, {
        "uid" : "6bda722164e695ce",
        "reportUrl" : "https://Areso.github.io/Oblache/70//#testresult/6bda722164e695ce",
        "status" : "passed",
        "time" : {
          "start" : 1711321437968,
          "stop" : 1711321439456,
          "duration" : 1488
        }
      }, {
        "uid" : "1ba7acd64c1b90b6",
        "reportUrl" : "https://Areso.github.io/Oblache/69//#testresult/1ba7acd64c1b90b6",
        "status" : "passed",
        "time" : {
          "start" : 1711020961743,
          "stop" : 1711020963256,
          "duration" : 1513
        }
      }, {
        "uid" : "a9f589f1ccac2909",
        "reportUrl" : "https://Areso.github.io/Oblache/68//#testresult/a9f589f1ccac2909",
        "status" : "passed",
        "time" : {
          "start" : 1710944165769,
          "stop" : 1710944167308,
          "duration" : 1539
        }
      }, {
        "uid" : "2e33ad0381407f4d",
        "reportUrl" : "https://Areso.github.io/Oblache/67//#testresult/2e33ad0381407f4d",
        "status" : "passed",
        "time" : {
          "start" : 1710943416843,
          "stop" : 1710943418350,
          "duration" : 1507
        }
      }, {
        "uid" : "2140ad79b2114e03",
        "reportUrl" : "https://Areso.github.io/Oblache/66//#testresult/2140ad79b2114e03",
        "status" : "passed",
        "time" : {
          "start" : 1710942968063,
          "stop" : 1710942969546,
          "duration" : 1483
        }
      }, {
        "uid" : "31b4788a895d7abc",
        "reportUrl" : "https://Areso.github.io/Oblache/65//#testresult/31b4788a895d7abc",
        "status" : "passed",
        "time" : {
          "start" : 1710942363304,
          "stop" : 1710942364640,
          "duration" : 1336
        }
      } ]
    },
    "tags" : [ ]
  },
  "source" : "9b621ebc6260f724.json",
  "parameterValues" : [ ]
}