{
  "uid" : "80f6e0e76b40ac47",
  "name" : "test_create_database",
  "fullName" : "tests_ui.test_ui.TestProfilePage#test_create_database",
  "historyId" : "4762f7b87391625d86f9ea8dbdd3b406",
  "time" : {
    "start" : 1735954049155,
    "stop" : 1735954058041,
    "duration" : 8886
  },
  "status" : "broken",
  "statusMessage" : "selenium.common.exceptions.TimeoutException: Message: Can't find element by locator ('xpath', '//div[@id=\"msg_from_server\"]')",
  "statusTrace" : "self = <tests_ui.test_ui.TestProfilePage object at 0x7f428e654590>\ndriver = <selenium.webdriver.chrome.webdriver.WebDriver (session=\"967cf4033a060460f076ac68f24df2d4\")>\nauthorization_user = None\n\n    @allure.title('test_create_database')\n    def test_create_database(self, driver, authorization_user):\n        page = ProfilePage(driver, authorization_user)\n>       page.compare_database_status()\n\ntests_ui/test_ui.py:83: \n_ _ _ _ _ _ _ _ _ _ _ _ _ _ _ _ _ _ _ _ _ _ _ _ _ _ _ _ _ _ _ _ _ _ _ _ _ _ _ _ \ntests_ui/profile_page.py:150: in compare_database_status\n    msg = self.element_is_visible(self.locators.MSG_FROM_SERVER).text\ntests_ui/base_page.py:34: in element_is_visible\n    return Wait(self.driver, self.timeout).until(\n_ _ _ _ _ _ _ _ _ _ _ _ _ _ _ _ _ _ _ _ _ _ _ _ _ _ _ _ _ _ _ _ _ _ _ _ _ _ _ _ \n\nself = <selenium.webdriver.support.wait.WebDriverWait (session=\"967cf4033a060460f076ac68f24df2d4\")>\nmethod = <function visibility_of_element_located.<locals>._predicate at 0x7f428dbc1120>\nmessage = 'Can\\'t find element by locator (\\'xpath\\', \\'//div[@id=\"msg_from_server\"]\\')'\n\n    def until(self, method: Callable[[D], Union[Literal[False], T]], message: str = \"\") -> T:\n        \"\"\"Calls the method provided with the driver as an argument until the \\\n        return value does not evaluate to ``False``.\n    \n        :param method: callable(WebDriver)\n        :param message: optional message for :exc:`TimeoutException`\n        :returns: the result of the last call to `method`\n        :raises: :exc:`selenium.common.exceptions.TimeoutException` if timeout occurs\n        \"\"\"\n        screen = None\n        stacktrace = None\n    \n        end_time = time.monotonic() + self._timeout\n        while True:\n            try:\n                value = method(self._driver)\n                if value:\n                    return value\n            except self._ignored_exceptions as exc:\n                screen = getattr(exc, \"screen\", None)\n                stacktrace = getattr(exc, \"stacktrace\", None)\n            time.sleep(self._poll)\n            if time.monotonic() > end_time:\n                break\n>       raise TimeoutException(message, screen, stacktrace)\nE       selenium.common.exceptions.TimeoutException: Message: Can't find element by locator ('xpath', '//div[@id=\"msg_from_server\"]')\n\n/opt/hostedtoolcache/Python/3.12.8/x64/lib/python3.12/site-packages/selenium/webdriver/support/wait.py:105: TimeoutException",
  "flaky" : false,
  "newFailed" : false,
  "beforeStages" : [ {
    "name" : "driver",
    "time" : {
      "start" : 1735954048181,
      "stop" : 1735954048456,
      "duration" : 275
    },
    "status" : "passed",
    "steps" : [ ],
    "attachments" : [ ],
    "parameters" : [ ],
    "stepsCount" : 0,
    "attachmentsCount" : 0,
    "shouldDisplayMessage" : false,
    "hasContent" : false
  }, {
    "name" : "authorization_user",
    "time" : {
      "start" : 1735954048456,
      "stop" : 1735954049155,
      "duration" : 699
    },
    "status" : "passed",
    "steps" : [ {
      "name" : "Open page: https://oblache.areso.pro/register.html",
      "time" : {
        "start" : 1735954048456,
        "stop" : 1735954048967,
        "duration" : 511
      },
      "status" : "passed",
      "steps" : [ ],
      "attachments" : [ ],
      "parameters" : [ ],
      "stepsCount" : 0,
      "attachmentsCount" : 0,
      "shouldDisplayMessage" : false,
      "hasContent" : false
    }, {
      "name" : "Login user",
      "time" : {
        "start" : 1735954048967,
        "stop" : 1735954049155,
        "duration" : 188
      },
      "status" : "passed",
      "steps" : [ {
        "name" : "Enter email.",
        "time" : {
          "start" : 1735954048967,
          "stop" : 1735954049025,
          "duration" : 58
        },
        "status" : "passed",
        "steps" : [ ],
        "attachments" : [ ],
        "parameters" : [ ],
        "stepsCount" : 0,
        "attachmentsCount" : 0,
        "shouldDisplayMessage" : false,
        "hasContent" : false
      }, {
        "name" : "Enter password.",
        "time" : {
          "start" : 1735954049025,
          "stop" : 1735954049067,
          "duration" : 42
        },
        "status" : "passed",
        "steps" : [ ],
        "attachments" : [ ],
        "parameters" : [ ],
        "stepsCount" : 0,
        "attachmentsCount" : 0,
        "shouldDisplayMessage" : false,
        "hasContent" : false
      }, {
        "name" : "Click button \"Login\"",
        "time" : {
          "start" : 1735954049068,
          "stop" : 1735954049153,
          "duration" : 85
        },
        "status" : "passed",
        "steps" : [ ],
        "attachments" : [ ],
        "parameters" : [ ],
        "stepsCount" : 0,
        "attachmentsCount" : 0,
        "shouldDisplayMessage" : false,
        "hasContent" : false
      }, {
        "name" : "Check url is present: https://oblache.areso.pro/register.html",
        "time" : {
          "start" : 1735954049153,
          "stop" : 1735954049155,
          "duration" : 2
        },
        "status" : "passed",
        "steps" : [ ],
        "attachments" : [ ],
        "parameters" : [ ],
        "stepsCount" : 0,
        "attachmentsCount" : 0,
        "shouldDisplayMessage" : false,
        "hasContent" : false
      } ],
      "attachments" : [ ],
      "parameters" : [ ],
      "stepsCount" : 4,
      "attachmentsCount" : 0,
      "shouldDisplayMessage" : false,
      "hasContent" : true
    } ],
    "attachments" : [ ],
    "parameters" : [ ],
    "stepsCount" : 6,
    "attachmentsCount" : 0,
    "shouldDisplayMessage" : false,
    "hasContent" : true
  } ],
  "testStage" : {
    "status" : "broken",
    "statusMessage" : "selenium.common.exceptions.TimeoutException: Message: Can't find element by locator ('xpath', '//div[@id=\"msg_from_server\"]')",
    "statusTrace" : "self = <tests_ui.test_ui.TestProfilePage object at 0x7f428e654590>\ndriver = <selenium.webdriver.chrome.webdriver.WebDriver (session=\"967cf4033a060460f076ac68f24df2d4\")>\nauthorization_user = None\n\n    @allure.title('test_create_database')\n    def test_create_database(self, driver, authorization_user):\n        page = ProfilePage(driver, authorization_user)\n>       page.compare_database_status()\n\ntests_ui/test_ui.py:83: \n_ _ _ _ _ _ _ _ _ _ _ _ _ _ _ _ _ _ _ _ _ _ _ _ _ _ _ _ _ _ _ _ _ _ _ _ _ _ _ _ \ntests_ui/profile_page.py:150: in compare_database_status\n    msg = self.element_is_visible(self.locators.MSG_FROM_SERVER).text\ntests_ui/base_page.py:34: in element_is_visible\n    return Wait(self.driver, self.timeout).until(\n_ _ _ _ _ _ _ _ _ _ _ _ _ _ _ _ _ _ _ _ _ _ _ _ _ _ _ _ _ _ _ _ _ _ _ _ _ _ _ _ \n\nself = <selenium.webdriver.support.wait.WebDriverWait (session=\"967cf4033a060460f076ac68f24df2d4\")>\nmethod = <function visibility_of_element_located.<locals>._predicate at 0x7f428dbc1120>\nmessage = 'Can\\'t find element by locator (\\'xpath\\', \\'//div[@id=\"msg_from_server\"]\\')'\n\n    def until(self, method: Callable[[D], Union[Literal[False], T]], message: str = \"\") -> T:\n        \"\"\"Calls the method provided with the driver as an argument until the \\\n        return value does not evaluate to ``False``.\n    \n        :param method: callable(WebDriver)\n        :param message: optional message for :exc:`TimeoutException`\n        :returns: the result of the last call to `method`\n        :raises: :exc:`selenium.common.exceptions.TimeoutException` if timeout occurs\n        \"\"\"\n        screen = None\n        stacktrace = None\n    \n        end_time = time.monotonic() + self._timeout\n        while True:\n            try:\n                value = method(self._driver)\n                if value:\n                    return value\n            except self._ignored_exceptions as exc:\n                screen = getattr(exc, \"screen\", None)\n                stacktrace = getattr(exc, \"stacktrace\", None)\n            time.sleep(self._poll)\n            if time.monotonic() > end_time:\n                break\n>       raise TimeoutException(message, screen, stacktrace)\nE       selenium.common.exceptions.TimeoutException: Message: Can't find element by locator ('xpath', '//div[@id=\"msg_from_server\"]')\n\n/opt/hostedtoolcache/Python/3.12.8/x64/lib/python3.12/site-packages/selenium/webdriver/support/wait.py:105: TimeoutException",
    "steps" : [ {
      "name" : "Click button Status.",
      "time" : {
        "start" : 1735954050156,
        "stop" : 1735954050551,
        "duration" : 395
      },
      "status" : "passed",
      "steps" : [ ],
      "attachments" : [ ],
      "parameters" : [ ],
      "stepsCount" : 0,
      "attachmentsCount" : 0,
      "shouldDisplayMessage" : false,
      "hasContent" : false
    }, {
      "name" : "Get status data.",
      "time" : {
        "start" : 1735954050895,
        "stop" : 1735954050895,
        "duration" : 0
      },
      "status" : "passed",
      "steps" : [ {
        "name" : "Status data is: {'Email:': 'nodata', 'is blocked?': 'nodata', 'is db creation allowed?': 'nodata', 'disk db quota, mb': 'nodata', 'disk db used, mb': 'nodata', 'db qty quota': 'nodata', 'db qty used': 'nodata', 'site qty quota': 'nodata', 'site qty used': 'nodata', 'is site deploy allowed?': 'nodata'}",
        "time" : {
          "start" : 1735954050895,
          "stop" : 1735954050895,
          "duration" : 0
        },
        "status" : "passed",
        "steps" : [ ],
        "attachments" : [ ],
        "parameters" : [ ],
        "stepsCount" : 0,
        "attachmentsCount" : 0,
        "shouldDisplayMessage" : false,
        "hasContent" : false
      } ],
      "attachments" : [ ],
      "parameters" : [ ],
      "stepsCount" : 1,
      "attachmentsCount" : 0,
      "shouldDisplayMessage" : false,
      "hasContent" : true
    }, {
      "name" : "Click \"Databases\" button.",
      "time" : {
        "start" : 1735954050895,
        "stop" : 1735954050961,
        "duration" : 66
      },
      "status" : "passed",
      "steps" : [ ],
      "attachments" : [ ],
      "parameters" : [ ],
      "stepsCount" : 0,
      "attachmentsCount" : 0,
      "shouldDisplayMessage" : false,
      "hasContent" : false
    }, {
      "name" : "Click \"Create new DB\" button.",
      "time" : {
        "start" : 1735954050961,
        "stop" : 1735954051137,
        "duration" : 176
      },
      "status" : "passed",
      "steps" : [ ],
      "attachments" : [ ],
      "parameters" : [ ],
      "stepsCount" : 0,
      "attachmentsCount" : 0,
      "shouldDisplayMessage" : false,
      "hasContent" : false
    }, {
      "name" : "Select region \"CIS\".",
      "time" : {
        "start" : 1735954051137,
        "stop" : 1735954052836,
        "duration" : 1699
      },
      "status" : "passed",
      "steps" : [ ],
      "attachments" : [ ],
      "parameters" : [ ],
      "stepsCount" : 0,
      "attachmentsCount" : 0,
      "shouldDisplayMessage" : false,
      "hasContent" : false
    }, {
      "name" : "Click \"Create\" button.",
      "time" : {
        "start" : 1735954052836,
        "stop" : 1735954052910,
        "duration" : 74
      },
      "status" : "passed",
      "steps" : [ ],
      "attachments" : [ ],
      "parameters" : [ ],
      "stepsCount" : 0,
      "attachmentsCount" : 0,
      "shouldDisplayMessage" : false,
      "hasContent" : false
    } ],
    "attachments" : [ {
      "uid" : "df633d784e0c2d8a",
      "name" : "Screenshot 2025-01-04 01:27:38.128035",
      "source" : "df633d784e0c2d8a.png",
      "type" : "image/png",
      "size" : 27487
    } ],
    "parameters" : [ ],
    "stepsCount" : 7,
    "attachmentsCount" : 1,
    "shouldDisplayMessage" : true,
    "hasContent" : true
  },
  "afterStages" : [ {
    "name" : "driver::0",
    "time" : {
      "start" : 1735954058129,
      "stop" : 1735954058195,
      "duration" : 66
    },
    "status" : "passed",
    "steps" : [ ],
    "attachments" : [ ],
    "parameters" : [ ],
    "stepsCount" : 0,
    "attachmentsCount" : 0,
    "shouldDisplayMessage" : false,
    "hasContent" : false
  } ],
  "labels" : [ {
    "name" : "suite",
    "value" : "Test Profile Page."
  }, {
    "name" : "parentSuite",
    "value" : "tests_ui"
  }, {
    "name" : "subSuite",
    "value" : "TestProfilePage"
  }, {
    "name" : "host",
    "value" : "fv-az1336-855"
  }, {
    "name" : "thread",
    "value" : "2444-MainThread"
  }, {
    "name" : "framework",
    "value" : "pytest"
  }, {
    "name" : "language",
    "value" : "cpython3"
  }, {
    "name" : "package",
    "value" : "tests_ui.test_ui"
  }, {
    "name" : "resultFormat",
    "value" : "allure2"
  } ],
  "parameters" : [ ],
  "links" : [ ],
  "hidden" : false,
  "retry" : false,
  "extra" : {
    "severity" : "normal",
    "retries" : [ ],
    "categories" : [ {
      "name" : "Test defects",
      "matchedStatuses" : [ ],
      "flaky" : false
    } ],
    "history" : {
      "statistic" : {
        "failed" : 0,
        "broken" : 135,
        "skipped" : 0,
        "passed" : 8,
        "unknown" : 0,
        "total" : 143
      },
      "items" : [ {
        "uid" : "58e835aacc85ae56",
        "reportUrl" : "https://Areso.github.io/Oblache/267//#testresult/58e835aacc85ae56",
        "status" : "broken",
        "statusDetails" : "selenium.common.exceptions.TimeoutException: Message: Can't find element by locator ('xpath', '//div[@id=\"msg_from_server\"]')",
        "time" : {
          "start" : 1735867748783,
          "stop" : 1735867756661,
          "duration" : 7878
        }
      }, {
        "uid" : "973c29e12b12d91d",
        "reportUrl" : "https://Areso.github.io/Oblache/266//#testresult/973c29e12b12d91d",
        "status" : "broken",
        "statusDetails" : "selenium.common.exceptions.TimeoutException: Message: Can't find element by locator ('xpath', '//div[@id=\"msg_from_server\"]')",
        "time" : {
          "start" : 1735781312502,
          "stop" : 1735781321530,
          "duration" : 9028
        }
      }, {
        "uid" : "8eb00682ddb01ab1",
        "reportUrl" : "https://Areso.github.io/Oblache/265//#testresult/8eb00682ddb01ab1",
        "status" : "broken",
        "statusDetails" : "selenium.common.exceptions.TimeoutException: Message: Can't find element by locator ('xpath', '//div[@id=\"msg_from_server\"]')",
        "time" : {
          "start" : 1735695802247,
          "stop" : 1735695810368,
          "duration" : 8121
        }
      }, {
        "uid" : "aa2b7b7bb26c0616",
        "reportUrl" : "https://Areso.github.io/Oblache/264//#testresult/aa2b7b7bb26c0616",
        "status" : "broken",
        "statusDetails" : "selenium.common.exceptions.TimeoutException: Message: Can't find element by locator ('xpath', '//div[@id=\"msg_from_server\"]')",
        "time" : {
          "start" : 1735608493590,
          "stop" : 1735608502295,
          "duration" : 8705
        }
      }, {
        "uid" : "d65ef63b3684c93a",
        "reportUrl" : "https://Areso.github.io/Oblache/263//#testresult/d65ef63b3684c93a",
        "status" : "broken",
        "statusDetails" : "selenium.common.exceptions.TimeoutException: Message: Can't find element by locator ('xpath', '//div[@id=\"msg_from_server\"]')",
        "time" : {
          "start" : 1735522756062,
          "stop" : 1735522764861,
          "duration" : 8799
        }
      }, {
        "uid" : "72f327303c9c8918",
        "reportUrl" : "https://Areso.github.io/Oblache/262//#testresult/72f327303c9c8918",
        "status" : "broken",
        "statusDetails" : "selenium.common.exceptions.TimeoutException: Message: Can't find element by locator ('xpath', '//div[@id=\"msg_from_server\"]')",
        "time" : {
          "start" : 1735436610480,
          "stop" : 1735436619490,
          "duration" : 9010
        }
      }, {
        "uid" : "6b992536019e2f6",
        "reportUrl" : "https://Areso.github.io/Oblache/261//#testresult/6b992536019e2f6",
        "status" : "broken",
        "statusDetails" : "selenium.common.exceptions.TimeoutException: Message: Can't find element by locator ('xpath', '//select[@id=\"selectDBRegion\"] /option[@value=\"3\"]')\nStacktrace:\n#0 0x558eeb77b31a <unknown>\n#1 0x558eeb2916e0 <unknown>\n#2 0x558eeb2e03e6 <unknown>\n#3 0x558eeb2e0681 <unknown>\n#4 0x558eeb325b04 <unknown>\n#5 0x558eeb30448d <unknown>\n#6 0x558eeb322ed7 <unknown>\n#7 0x558eeb304203 <unknown>\n#8 0x558eeb2d2cc0 <unknown>\n#9 0x558eeb2d3c9e <unknown>\n#10 0x558eeb748d0b <unknown>\n#11 0x558eeb74cc92 <unknown>\n#12 0x558eeb735b3c <unknown>\n#13 0x558eeb74d807 <unknown>\n#14 0x558eeb71b0df <unknown>\n#15 0x558eeb76a578 <unknown>\n#16 0x558eeb76a740 <unknown>\n#17 0x558eeb77a196 <unknown>\n#18 0x7f390dc9ca94 <unknown>\n#19 0x7f390dd29c3c <unknown>",
        "time" : {
          "start" : 1735349230807,
          "stop" : 1735349237609,
          "duration" : 6802
        }
      }, {
        "uid" : "d5bb3ec0f3a25bf1",
        "reportUrl" : "https://Areso.github.io/Oblache/260//#testresult/d5bb3ec0f3a25bf1",
        "status" : "broken",
        "statusDetails" : "selenium.common.exceptions.TimeoutException: Message: Can't find element by locator ('xpath', '//div[@id=\"msg_from_server\"]')",
        "time" : {
          "start" : 1735262887187,
          "stop" : 1735262895090,
          "duration" : 7903
        }
      }, {
        "uid" : "ddd68141d5801906",
        "reportUrl" : "https://Areso.github.io/Oblache/259//#testresult/ddd68141d5801906",
        "status" : "broken",
        "statusDetails" : "selenium.common.exceptions.TimeoutException: Message: Can't find element by locator ('xpath', '//div[@id=\"msg_from_server\"]')",
        "time" : {
          "start" : 1735176497051,
          "stop" : 1735176505174,
          "duration" : 8123
        }
      }, {
        "uid" : "e538f6d00ae45de",
        "reportUrl" : "https://Areso.github.io/Oblache/258//#testresult/e538f6d00ae45de",
        "status" : "broken",
        "statusDetails" : "selenium.common.exceptions.TimeoutException: Message: Can't find element by locator ('xpath', '//div[@id=\"msg_from_server\"]')",
        "time" : {
          "start" : 1735090135702,
          "stop" : 1735090144062,
          "duration" : 8360
        }
      }, {
        "uid" : "fd0ea71170bbf258",
        "reportUrl" : "https://Areso.github.io/Oblache/257//#testresult/fd0ea71170bbf258",
        "status" : "broken",
        "statusDetails" : "selenium.common.exceptions.TimeoutException: Message: Can't find element by locator ('xpath', '//div[@id=\"msg_from_server\"]')",
        "time" : {
          "start" : 1735003698792,
          "stop" : 1735003706855,
          "duration" : 8063
        }
      }, {
        "uid" : "3fc334584b41e7ef",
        "reportUrl" : "https://Areso.github.io/Oblache/256//#testresult/3fc334584b41e7ef",
        "status" : "broken",
        "statusDetails" : "selenium.common.exceptions.TimeoutException: Message: Can't find element by locator ('xpath', '//div[@id=\"msg_from_server\"]')",
        "time" : {
          "start" : 1734917418406,
          "stop" : 1734917427257,
          "duration" : 8851
        }
      }, {
        "uid" : "e9700d31233d52b6",
        "reportUrl" : "https://Areso.github.io/Oblache/255//#testresult/e9700d31233d52b6",
        "status" : "broken",
        "statusDetails" : "selenium.common.exceptions.TimeoutException: Message: Can't find element by locator ('xpath', '//div[@id=\"msg_from_server\"]')",
        "time" : {
          "start" : 1734831726109,
          "stop" : 1734831733975,
          "duration" : 7866
        }
      }, {
        "uid" : "aec1ddfb9c4c1032",
        "reportUrl" : "https://Areso.github.io/Oblache/254//#testresult/aec1ddfb9c4c1032",
        "status" : "broken",
        "statusDetails" : "selenium.common.exceptions.TimeoutException: Message: Can't find element by locator ('xpath', '//div[@id=\"msg_from_server\"]')",
        "time" : {
          "start" : 1734744425117,
          "stop" : 1734744432990,
          "duration" : 7873
        }
      }, {
        "uid" : "760ac0ab4fb60e2e",
        "reportUrl" : "https://Areso.github.io/Oblache/253//#testresult/760ac0ab4fb60e2e",
        "status" : "broken",
        "statusDetails" : "selenium.common.exceptions.TimeoutException: Message: Can't find element by locator ('xpath', '//div[@id=\"msg_from_server\"]')",
        "time" : {
          "start" : 1734658145202,
          "stop" : 1734658153094,
          "duration" : 7892
        }
      }, {
        "uid" : "2a126ece1afa9e09",
        "reportUrl" : "https://Areso.github.io/Oblache/252//#testresult/2a126ece1afa9e09",
        "status" : "broken",
        "statusDetails" : "selenium.common.exceptions.TimeoutException: Message: Can't find element by locator ('xpath', '//div[@id=\"msg_from_server\"]')",
        "time" : {
          "start" : 1734572554628,
          "stop" : 1734572563457,
          "duration" : 8829
        }
      }, {
        "uid" : "b5af59d74d4e3979",
        "reportUrl" : "https://Areso.github.io/Oblache/250//#testresult/b5af59d74d4e3979",
        "status" : "broken",
        "statusDetails" : "selenium.common.exceptions.TimeoutException: Message: Can't find element by locator ('xpath', '//div[@id=\"msg_from_server\"]')",
        "time" : {
          "start" : 1734399846789,
          "stop" : 1734399854674,
          "duration" : 7885
        }
      }, {
        "uid" : "fc1ed838cca85c6e",
        "reportUrl" : "https://Areso.github.io/Oblache/249//#testresult/fc1ed838cca85c6e",
        "status" : "broken",
        "statusDetails" : "selenium.common.exceptions.TimeoutException: Message: Can't find element by locator ('xpath', '//div[@id=\"msg_from_server\"]')",
        "time" : {
          "start" : 1734313704694,
          "stop" : 1734313712713,
          "duration" : 8019
        }
      }, {
        "uid" : "6df4681166f87dd9",
        "reportUrl" : "https://Areso.github.io/Oblache/248//#testresult/6df4681166f87dd9",
        "status" : "broken",
        "statusDetails" : "selenium.common.exceptions.TimeoutException: Message: Can't find element by locator ('xpath', '//div[@id=\"msg_from_server\"]')",
        "time" : {
          "start" : 1734227409616,
          "stop" : 1734227417491,
          "duration" : 7875
        }
      }, {
        "uid" : "d24b67f9a24f3749",
        "reportUrl" : "https://Areso.github.io/Oblache/247//#testresult/d24b67f9a24f3749",
        "status" : "broken",
        "statusDetails" : "selenium.common.exceptions.TimeoutException: Message: Can't find element by locator ('xpath', '//div[@id=\"msg_from_server\"]')",
        "time" : {
          "start" : 1734140473433,
          "stop" : 1734140481345,
          "duration" : 7912
        }
      } ]
    },
    "tags" : [ ]
  },
  "source" : "80f6e0e76b40ac47.json",
  "parameterValues" : [ ]
}