{
  "uid" : "383a5df43c1087e7",
  "name" : "test_create_docker_container",
  "fullName" : "tests_ui.test_ui.TestProfilePage#test_create_docker_container",
  "historyId" : "5be2ff814ced430a9951780a224cb0d7",
  "time" : {
    "start" : 1726535413825,
    "stop" : 1726535418955,
    "duration" : 5130
  },
  "status" : "broken",
  "statusMessage" : "selenium.common.exceptions.TimeoutException: Message: Can't find element by locator ('xpath', '//button[@id=\"menu_button_containers\"]')\nStacktrace:\n#0 0x565207bea86a <unknown>\n#1 0x5652078b8e50 <unknown>\n#2 0x565207908644 <unknown>\n#3 0x565207908931 <unknown>\n#4 0x56520794e534 <unknown>\n#5 0x56520792d4bd <unknown>\n#6 0x56520794b9c6 <unknown>\n#7 0x56520792d233 <unknown>\n#8 0x5652078fb093 <unknown>\n#9 0x5652078fc09e <unknown>\n#10 0x565207bb1acb <unknown>\n#11 0x565207bb5a81 <unknown>\n#12 0x565207b9d695 <unknown>\n#13 0x565207bb65f2 <unknown>\n#14 0x565207b8286f <unknown>\n#15 0x565207bd9668 <unknown>\n#16 0x565207bd9832 <unknown>\n#17 0x565207be965c <unknown>\n#18 0x7fc3fea94ac3 <unknown>",
  "statusTrace" : "self = <tests_ui.test_ui.TestProfilePage object at 0x7fec3e25bef0>\ndriver = <selenium.webdriver.chrome.webdriver.WebDriver (session=\"f40cf1065ba9a8e21c7c1ce2bb9a329d\")>\nauthorization_user = None\n\n    @allure.title('test_create_docker_container')\n    def test_create_docker_container(self, driver, authorization_user):\n        page = ProfilePage(driver, authorization_user)\n>       page.create_docker_container()\n\ntests_ui/test_ui.py:106: \n_ _ _ _ _ _ _ _ _ _ _ _ _ _ _ _ _ _ _ _ _ _ _ _ _ _ _ _ _ _ _ _ _ _ _ _ _ _ _ _ \ntests_ui/profile_page.py:156: in create_docker_container\n    self.element_is_present_and_clickable(self.locators.BUTTON_DOCKER_CONTAINER).click()\ntests_ui/base_page.py:28: in element_is_present_and_clickable\n    return (Wait(self.driver, self.timeout).until(\n_ _ _ _ _ _ _ _ _ _ _ _ _ _ _ _ _ _ _ _ _ _ _ _ _ _ _ _ _ _ _ _ _ _ _ _ _ _ _ _ \n\nself = <selenium.webdriver.support.wait.WebDriverWait (session=\"f40cf1065ba9a8e21c7c1ce2bb9a329d\")>\nmethod = <function visibility_of_element_located.<locals>._predicate at 0x7fec3d1b8f40>\nmessage = 'Can\\'t find element by locator (\\'xpath\\', \\'//button[@id=\"menu_button_containers\"]\\')'\n\n    def until(self, method: Callable[[D], Union[Literal[False], T]], message: str = \"\") -> T:\n        \"\"\"Calls the method provided with the driver as an argument until the \\\n        return value does not evaluate to ``False``.\n    \n        :param method: callable(WebDriver)\n        :param message: optional message for :exc:`TimeoutException`\n        :returns: the result of the last call to `method`\n        :raises: :exc:`selenium.common.exceptions.TimeoutException` if timeout occurs\n        \"\"\"\n        screen = None\n        stacktrace = None\n    \n        end_time = time.monotonic() + self._timeout\n        while True:\n            try:\n                value = method(self._driver)\n                if value:\n                    return value\n            except self._ignored_exceptions as exc:\n                screen = getattr(exc, \"screen\", None)\n                stacktrace = getattr(exc, \"stacktrace\", None)\n            time.sleep(self._poll)\n            if time.monotonic() > end_time:\n                break\n>       raise TimeoutException(message, screen, stacktrace)\nE       selenium.common.exceptions.TimeoutException: Message: Can't find element by locator ('xpath', '//button[@id=\"menu_button_containers\"]')\nE       Stacktrace:\nE       #0 0x565207bea86a <unknown>\nE       #1 0x5652078b8e50 <unknown>\nE       #2 0x565207908644 <unknown>\nE       #3 0x565207908931 <unknown>\nE       #4 0x56520794e534 <unknown>\nE       #5 0x56520792d4bd <unknown>\nE       #6 0x56520794b9c6 <unknown>\nE       #7 0x56520792d233 <unknown>\nE       #8 0x5652078fb093 <unknown>\nE       #9 0x5652078fc09e <unknown>\nE       #10 0x565207bb1acb <unknown>\nE       #11 0x565207bb5a81 <unknown>\nE       #12 0x565207b9d695 <unknown>\nE       #13 0x565207bb65f2 <unknown>\nE       #14 0x565207b8286f <unknown>\nE       #15 0x565207bd9668 <unknown>\nE       #16 0x565207bd9832 <unknown>\nE       #17 0x565207be965c <unknown>\nE       #18 0x7fc3fea94ac3 <unknown>\n\n/opt/hostedtoolcache/Python/3.12.5/x64/lib/python3.12/site-packages/selenium/webdriver/support/wait.py:105: TimeoutException",
  "flaky" : false,
  "newFailed" : false,
  "beforeStages" : [ {
    "name" : "driver",
    "time" : {
      "start" : 1726535412869,
      "stop" : 1726535413156,
      "duration" : 287
    },
    "status" : "passed",
    "steps" : [ ],
    "attachments" : [ ],
    "parameters" : [ ],
    "stepsCount" : 0,
    "attachmentsCount" : 0,
    "shouldDisplayMessage" : false,
    "hasContent" : false
  }, {
    "name" : "authorization_user",
    "time" : {
      "start" : 1726535413156,
      "stop" : 1726535413825,
      "duration" : 669
    },
    "status" : "passed",
    "steps" : [ {
      "name" : "Open page: https://oblache.areso.pro/register.html",
      "time" : {
        "start" : 1726535413156,
        "stop" : 1726535413655,
        "duration" : 499
      },
      "status" : "passed",
      "steps" : [ ],
      "attachments" : [ ],
      "parameters" : [ ],
      "stepsCount" : 0,
      "attachmentsCount" : 0,
      "shouldDisplayMessage" : false,
      "hasContent" : false
    }, {
      "name" : "login_user",
      "time" : {
        "start" : 1726535413656,
        "stop" : 1726535413825,
        "duration" : 169
      },
      "status" : "passed",
      "steps" : [ {
        "name" : "Enter email.",
        "time" : {
          "start" : 1726535413656,
          "stop" : 1726535413711,
          "duration" : 55
        },
        "status" : "passed",
        "steps" : [ ],
        "attachments" : [ ],
        "parameters" : [ ],
        "stepsCount" : 0,
        "attachmentsCount" : 0,
        "shouldDisplayMessage" : false,
        "hasContent" : false
      }, {
        "name" : "Enter password.",
        "time" : {
          "start" : 1726535413711,
          "stop" : 1726535413754,
          "duration" : 43
        },
        "status" : "passed",
        "steps" : [ ],
        "attachments" : [ ],
        "parameters" : [ ],
        "stepsCount" : 0,
        "attachmentsCount" : 0,
        "shouldDisplayMessage" : false,
        "hasContent" : false
      }, {
        "name" : "Click button \"Login\"",
        "time" : {
          "start" : 1726535413754,
          "stop" : 1726535413822,
          "duration" : 68
        },
        "status" : "passed",
        "steps" : [ {
          "name" : "element_is_present_and_clickable",
          "time" : {
            "start" : 1726535413754,
            "stop" : 1726535413789,
            "duration" : 35
          },
          "status" : "passed",
          "steps" : [ ],
          "attachments" : [ ],
          "parameters" : [ {
            "name" : "locator",
            "value" : "('xpath', '//input[@id=\"inp_regform_login_submit\"]')"
          } ],
          "stepsCount" : 0,
          "attachmentsCount" : 0,
          "shouldDisplayMessage" : false,
          "hasContent" : true
        } ],
        "attachments" : [ ],
        "parameters" : [ ],
        "stepsCount" : 1,
        "attachmentsCount" : 0,
        "shouldDisplayMessage" : false,
        "hasContent" : true
      }, {
        "name" : "Check url is present: https://oblache.areso.pro/register.html",
        "time" : {
          "start" : 1726535413822,
          "stop" : 1726535413825,
          "duration" : 3
        },
        "status" : "passed",
        "steps" : [ ],
        "attachments" : [ ],
        "parameters" : [ ],
        "stepsCount" : 0,
        "attachmentsCount" : 0,
        "shouldDisplayMessage" : false,
        "hasContent" : false
      } ],
      "attachments" : [ ],
      "parameters" : [ ],
      "stepsCount" : 5,
      "attachmentsCount" : 0,
      "shouldDisplayMessage" : false,
      "hasContent" : true
    } ],
    "attachments" : [ ],
    "parameters" : [ ],
    "stepsCount" : 7,
    "attachmentsCount" : 0,
    "shouldDisplayMessage" : false,
    "hasContent" : true
  } ],
  "testStage" : {
    "status" : "broken",
    "statusMessage" : "selenium.common.exceptions.TimeoutException: Message: Can't find element by locator ('xpath', '//button[@id=\"menu_button_containers\"]')\nStacktrace:\n#0 0x565207bea86a <unknown>\n#1 0x5652078b8e50 <unknown>\n#2 0x565207908644 <unknown>\n#3 0x565207908931 <unknown>\n#4 0x56520794e534 <unknown>\n#5 0x56520792d4bd <unknown>\n#6 0x56520794b9c6 <unknown>\n#7 0x56520792d233 <unknown>\n#8 0x5652078fb093 <unknown>\n#9 0x5652078fc09e <unknown>\n#10 0x565207bb1acb <unknown>\n#11 0x565207bb5a81 <unknown>\n#12 0x565207b9d695 <unknown>\n#13 0x565207bb65f2 <unknown>\n#14 0x565207b8286f <unknown>\n#15 0x565207bd9668 <unknown>\n#16 0x565207bd9832 <unknown>\n#17 0x565207be965c <unknown>\n#18 0x7fc3fea94ac3 <unknown>",
    "statusTrace" : "self = <tests_ui.test_ui.TestProfilePage object at 0x7fec3e25bef0>\ndriver = <selenium.webdriver.chrome.webdriver.WebDriver (session=\"f40cf1065ba9a8e21c7c1ce2bb9a329d\")>\nauthorization_user = None\n\n    @allure.title('test_create_docker_container')\n    def test_create_docker_container(self, driver, authorization_user):\n        page = ProfilePage(driver, authorization_user)\n>       page.create_docker_container()\n\ntests_ui/test_ui.py:106: \n_ _ _ _ _ _ _ _ _ _ _ _ _ _ _ _ _ _ _ _ _ _ _ _ _ _ _ _ _ _ _ _ _ _ _ _ _ _ _ _ \ntests_ui/profile_page.py:156: in create_docker_container\n    self.element_is_present_and_clickable(self.locators.BUTTON_DOCKER_CONTAINER).click()\ntests_ui/base_page.py:28: in element_is_present_and_clickable\n    return (Wait(self.driver, self.timeout).until(\n_ _ _ _ _ _ _ _ _ _ _ _ _ _ _ _ _ _ _ _ _ _ _ _ _ _ _ _ _ _ _ _ _ _ _ _ _ _ _ _ \n\nself = <selenium.webdriver.support.wait.WebDriverWait (session=\"f40cf1065ba9a8e21c7c1ce2bb9a329d\")>\nmethod = <function visibility_of_element_located.<locals>._predicate at 0x7fec3d1b8f40>\nmessage = 'Can\\'t find element by locator (\\'xpath\\', \\'//button[@id=\"menu_button_containers\"]\\')'\n\n    def until(self, method: Callable[[D], Union[Literal[False], T]], message: str = \"\") -> T:\n        \"\"\"Calls the method provided with the driver as an argument until the \\\n        return value does not evaluate to ``False``.\n    \n        :param method: callable(WebDriver)\n        :param message: optional message for :exc:`TimeoutException`\n        :returns: the result of the last call to `method`\n        :raises: :exc:`selenium.common.exceptions.TimeoutException` if timeout occurs\n        \"\"\"\n        screen = None\n        stacktrace = None\n    \n        end_time = time.monotonic() + self._timeout\n        while True:\n            try:\n                value = method(self._driver)\n                if value:\n                    return value\n            except self._ignored_exceptions as exc:\n                screen = getattr(exc, \"screen\", None)\n                stacktrace = getattr(exc, \"stacktrace\", None)\n            time.sleep(self._poll)\n            if time.monotonic() > end_time:\n                break\n>       raise TimeoutException(message, screen, stacktrace)\nE       selenium.common.exceptions.TimeoutException: Message: Can't find element by locator ('xpath', '//button[@id=\"menu_button_containers\"]')\nE       Stacktrace:\nE       #0 0x565207bea86a <unknown>\nE       #1 0x5652078b8e50 <unknown>\nE       #2 0x565207908644 <unknown>\nE       #3 0x565207908931 <unknown>\nE       #4 0x56520794e534 <unknown>\nE       #5 0x56520792d4bd <unknown>\nE       #6 0x56520794b9c6 <unknown>\nE       #7 0x56520792d233 <unknown>\nE       #8 0x5652078fb093 <unknown>\nE       #9 0x5652078fc09e <unknown>\nE       #10 0x565207bb1acb <unknown>\nE       #11 0x565207bb5a81 <unknown>\nE       #12 0x565207b9d695 <unknown>\nE       #13 0x565207bb65f2 <unknown>\nE       #14 0x565207b8286f <unknown>\nE       #15 0x565207bd9668 <unknown>\nE       #16 0x565207bd9832 <unknown>\nE       #17 0x565207be965c <unknown>\nE       #18 0x7fc3fea94ac3 <unknown>\n\n/opt/hostedtoolcache/Python/3.12.5/x64/lib/python3.12/site-packages/selenium/webdriver/support/wait.py:105: TimeoutException",
    "steps" : [ {
      "name" : "create_docker_container",
      "time" : {
        "start" : 1726535413825,
        "stop" : 1726535418955,
        "duration" : 5130
      },
      "status" : "broken",
      "statusMessage" : "selenium.common.exceptions.TimeoutException: Message: Can't find element by locator ('xpath', '//button[@id=\"menu_button_containers\"]')\nStacktrace:\n#0 0x565207bea86a <unknown>\n#1 0x5652078b8e50 <unknown>\n#2 0x565207908644 <unknown>\n#3 0x565207908931 <unknown>\n#4 0x56520794e534 <unknown>\n#5 0x56520792d4bd <unknown>\n#6 0x56520794b9c6 <unknown>\n#7 0x56520792d233 <unknown>\n#8 0x5652078fb093 <unknown>\n#9 0x5652078fc09e <unknown>\n#10 0x565207bb1acb <unknown>\n#11 0x565207bb5a81 <unknown>\n#12 0x565207b9d695 <unknown>\n#13 0x565207bb65f2 <unknown>\n#14 0x565207b8286f <unknown>\n#15 0x565207bd9668 <unknown>\n#16 0x565207bd9832 <unknown>\n#17 0x565207be965c <unknown>\n#18 0x7fc3fea94ac3 <unknown>\n\n",
      "statusTrace" : "  File \"/opt/hostedtoolcache/Python/3.12.5/x64/lib/python3.12/site-packages/allure_commons/_allure.py\", line 192, in impl\n    return func(*a, **kw)\n           ^^^^^^^^^^^^^^\n  File \"/home/runner/work/Oblache/Oblache/tests_ui/profile_page.py\", line 156, in create_docker_container\n    self.element_is_present_and_clickable(self.locators.BUTTON_DOCKER_CONTAINER).click()\n    ^^^^^^^^^^^^^^^^^^^^^^^^^^^^^^^^^^^^^^^^^^^^^^^^^^^^^^^^^^^^^^^^^^^^^^^^^^^^\n  File \"/opt/hostedtoolcache/Python/3.12.5/x64/lib/python3.12/site-packages/allure_commons/_allure.py\", line 192, in impl\n    return func(*a, **kw)\n           ^^^^^^^^^^^^^^\n  File \"/home/runner/work/Oblache/Oblache/tests_ui/base_page.py\", line 28, in element_is_present_and_clickable\n    return (Wait(self.driver, self.timeout).until(\n            ^^^^^^^^^^^^^^^^^^^^^^^^^^^^^^^^^^^^^^\n  File \"/opt/hostedtoolcache/Python/3.12.5/x64/lib/python3.12/site-packages/selenium/webdriver/support/wait.py\", line 105, in until\n    raise TimeoutException(message, screen, stacktrace)\n",
      "steps" : [ {
        "name" : "Click button \"Docker Containers\".",
        "time" : {
          "start" : 1726535413825,
          "stop" : 1726535418954,
          "duration" : 5129
        },
        "status" : "broken",
        "statusMessage" : "selenium.common.exceptions.TimeoutException: Message: Can't find element by locator ('xpath', '//button[@id=\"menu_button_containers\"]')\nStacktrace:\n#0 0x565207bea86a <unknown>\n#1 0x5652078b8e50 <unknown>\n#2 0x565207908644 <unknown>\n#3 0x565207908931 <unknown>\n#4 0x56520794e534 <unknown>\n#5 0x56520792d4bd <unknown>\n#6 0x56520794b9c6 <unknown>\n#7 0x56520792d233 <unknown>\n#8 0x5652078fb093 <unknown>\n#9 0x5652078fc09e <unknown>\n#10 0x565207bb1acb <unknown>\n#11 0x565207bb5a81 <unknown>\n#12 0x565207b9d695 <unknown>\n#13 0x565207bb65f2 <unknown>\n#14 0x565207b8286f <unknown>\n#15 0x565207bd9668 <unknown>\n#16 0x565207bd9832 <unknown>\n#17 0x565207be965c <unknown>\n#18 0x7fc3fea94ac3 <unknown>\n\n",
        "statusTrace" : "  File \"/home/runner/work/Oblache/Oblache/tests_ui/profile_page.py\", line 156, in create_docker_container\n    self.element_is_present_and_clickable(self.locators.BUTTON_DOCKER_CONTAINER).click()\n    ^^^^^^^^^^^^^^^^^^^^^^^^^^^^^^^^^^^^^^^^^^^^^^^^^^^^^^^^^^^^^^^^^^^^^^^^^^^^\n  File \"/opt/hostedtoolcache/Python/3.12.5/x64/lib/python3.12/site-packages/allure_commons/_allure.py\", line 192, in impl\n    return func(*a, **kw)\n           ^^^^^^^^^^^^^^\n  File \"/home/runner/work/Oblache/Oblache/tests_ui/base_page.py\", line 28, in element_is_present_and_clickable\n    return (Wait(self.driver, self.timeout).until(\n            ^^^^^^^^^^^^^^^^^^^^^^^^^^^^^^^^^^^^^^\n  File \"/opt/hostedtoolcache/Python/3.12.5/x64/lib/python3.12/site-packages/selenium/webdriver/support/wait.py\", line 105, in until\n    raise TimeoutException(message, screen, stacktrace)\n",
        "steps" : [ {
          "name" : "element_is_present_and_clickable",
          "time" : {
            "start" : 1726535413825,
            "stop" : 1726535418954,
            "duration" : 5129
          },
          "status" : "broken",
          "statusMessage" : "selenium.common.exceptions.TimeoutException: Message: Can't find element by locator ('xpath', '//button[@id=\"menu_button_containers\"]')\nStacktrace:\n#0 0x565207bea86a <unknown>\n#1 0x5652078b8e50 <unknown>\n#2 0x565207908644 <unknown>\n#3 0x565207908931 <unknown>\n#4 0x56520794e534 <unknown>\n#5 0x56520792d4bd <unknown>\n#6 0x56520794b9c6 <unknown>\n#7 0x56520792d233 <unknown>\n#8 0x5652078fb093 <unknown>\n#9 0x5652078fc09e <unknown>\n#10 0x565207bb1acb <unknown>\n#11 0x565207bb5a81 <unknown>\n#12 0x565207b9d695 <unknown>\n#13 0x565207bb65f2 <unknown>\n#14 0x565207b8286f <unknown>\n#15 0x565207bd9668 <unknown>\n#16 0x565207bd9832 <unknown>\n#17 0x565207be965c <unknown>\n#18 0x7fc3fea94ac3 <unknown>\n\n",
          "statusTrace" : "  File \"/opt/hostedtoolcache/Python/3.12.5/x64/lib/python3.12/site-packages/allure_commons/_allure.py\", line 192, in impl\n    return func(*a, **kw)\n           ^^^^^^^^^^^^^^\n  File \"/home/runner/work/Oblache/Oblache/tests_ui/base_page.py\", line 28, in element_is_present_and_clickable\n    return (Wait(self.driver, self.timeout).until(\n            ^^^^^^^^^^^^^^^^^^^^^^^^^^^^^^^^^^^^^^\n  File \"/opt/hostedtoolcache/Python/3.12.5/x64/lib/python3.12/site-packages/selenium/webdriver/support/wait.py\", line 105, in until\n    raise TimeoutException(message, screen, stacktrace)\n",
          "steps" : [ ],
          "attachments" : [ ],
          "parameters" : [ {
            "name" : "locator",
            "value" : "('xpath', '//button[@id=\"menu_button_containers\"]')"
          } ],
          "stepsCount" : 0,
          "attachmentsCount" : 0,
          "shouldDisplayMessage" : true,
          "hasContent" : true
        } ],
        "attachments" : [ ],
        "parameters" : [ ],
        "stepsCount" : 1,
        "attachmentsCount" : 0,
        "shouldDisplayMessage" : false,
        "hasContent" : true
      } ],
      "attachments" : [ ],
      "parameters" : [ ],
      "stepsCount" : 2,
      "attachmentsCount" : 0,
      "shouldDisplayMessage" : false,
      "hasContent" : true
    } ],
    "attachments" : [ ],
    "parameters" : [ ],
    "stepsCount" : 3,
    "attachmentsCount" : 0,
    "shouldDisplayMessage" : true,
    "hasContent" : true
  },
  "afterStages" : [ {
    "name" : "driver::0",
    "time" : {
      "start" : 1726535418967,
      "stop" : 1726535419118,
      "duration" : 151
    },
    "status" : "passed",
    "steps" : [ ],
    "attachments" : [ {
      "uid" : "4c47018c295a5454",
      "name" : "Screenshot 2024-09-17 01:10:19.053448",
      "source" : "4c47018c295a5454.png",
      "type" : "image/png",
      "size" : 16372
    } ],
    "parameters" : [ ],
    "stepsCount" : 0,
    "attachmentsCount" : 1,
    "shouldDisplayMessage" : false,
    "hasContent" : true
  } ],
  "labels" : [ {
    "name" : "suite",
    "value" : "Test Profile Page."
  }, {
    "name" : "parentSuite",
    "value" : "tests_ui"
  }, {
    "name" : "subSuite",
    "value" : "TestProfilePage"
  }, {
    "name" : "host",
    "value" : "fv-az1773-824"
  }, {
    "name" : "thread",
    "value" : "2267-MainThread"
  }, {
    "name" : "framework",
    "value" : "pytest"
  }, {
    "name" : "language",
    "value" : "cpython3"
  }, {
    "name" : "package",
    "value" : "tests_ui.test_ui"
  }, {
    "name" : "resultFormat",
    "value" : "allure2"
  } ],
  "parameters" : [ ],
  "links" : [ ],
  "hidden" : false,
  "retry" : false,
  "extra" : {
    "severity" : "normal",
    "retries" : [ ],
    "categories" : [ {
      "name" : "Test defects",
      "matchedStatuses" : [ ],
      "flaky" : false
    } ],
    "history" : {
      "statistic" : {
        "failed" : 0,
        "broken" : 2,
        "skipped" : 0,
        "passed" : 32,
        "unknown" : 0,
        "total" : 34
      },
      "items" : [ {
        "uid" : "42100cc4720657e6",
        "reportUrl" : "https://Areso.github.io/Oblache/158//#testresult/42100cc4720657e6",
        "status" : "passed",
        "time" : {
          "start" : 1726450165275,
          "stop" : 1726450191588,
          "duration" : 26313
        }
      }, {
        "uid" : "5d46fa2fed396806",
        "reportUrl" : "https://Areso.github.io/Oblache/157//#testresult/5d46fa2fed396806",
        "status" : "passed",
        "time" : {
          "start" : 1726364459429,
          "stop" : 1726364486751,
          "duration" : 27322
        }
      }, {
        "uid" : "525cd7c311ff8b6e",
        "reportUrl" : "https://Areso.github.io/Oblache/156//#testresult/525cd7c311ff8b6e",
        "status" : "passed",
        "time" : {
          "start" : 1726277011129,
          "stop" : 1726277037436,
          "duration" : 26307
        }
      }, {
        "uid" : "fae23f21d586316e",
        "reportUrl" : "https://Areso.github.io/Oblache/155//#testresult/fae23f21d586316e",
        "status" : "passed",
        "time" : {
          "start" : 1726190726513,
          "stop" : 1726190751796,
          "duration" : 25283
        }
      }, {
        "uid" : "d6d7796072b1e90",
        "reportUrl" : "https://Areso.github.io/Oblache/154//#testresult/d6d7796072b1e90",
        "status" : "passed",
        "time" : {
          "start" : 1726104276553,
          "stop" : 1726104303098,
          "duration" : 26545
        }
      }, {
        "uid" : "5f161f96d3ab4df",
        "reportUrl" : "https://Areso.github.io/Oblache/153//#testresult/5f161f96d3ab4df",
        "status" : "passed",
        "time" : {
          "start" : 1726017860510,
          "stop" : 1726017886828,
          "duration" : 26318
        }
      }, {
        "uid" : "bd33bb3b241f99f1",
        "reportUrl" : "https://Areso.github.io/Oblache/152//#testresult/bd33bb3b241f99f1",
        "status" : "passed",
        "time" : {
          "start" : 1725931523803,
          "stop" : 1725931549044,
          "duration" : 25241
        }
      }, {
        "uid" : "3adaa4202c0eb826",
        "reportUrl" : "https://Areso.github.io/Oblache/151//#testresult/3adaa4202c0eb826",
        "status" : "passed",
        "time" : {
          "start" : 1725845346854,
          "stop" : 1725845371745,
          "duration" : 24891
        }
      }, {
        "uid" : "3b26e0236e572d60",
        "reportUrl" : "https://Areso.github.io/Oblache/150//#testresult/3b26e0236e572d60",
        "status" : "passed",
        "time" : {
          "start" : 1725758999893,
          "stop" : 1725759025021,
          "duration" : 25128
        }
      }, {
        "uid" : "1bb9737cfd74b4eb",
        "reportUrl" : "https://Areso.github.io/Oblache/149//#testresult/1bb9737cfd74b4eb",
        "status" : "passed",
        "time" : {
          "start" : 1725672181411,
          "stop" : 1725672208168,
          "duration" : 26757
        }
      }, {
        "uid" : "9cd5277542bc71a7",
        "reportUrl" : "https://Areso.github.io/Oblache/148//#testresult/9cd5277542bc71a7",
        "status" : "passed",
        "time" : {
          "start" : 1725585966252,
          "stop" : 1725585991588,
          "duration" : 25336
        }
      }, {
        "uid" : "787757a7d442420d",
        "reportUrl" : "https://Areso.github.io/Oblache/147//#testresult/787757a7d442420d",
        "status" : "passed",
        "time" : {
          "start" : 1725499623618,
          "stop" : 1725499648030,
          "duration" : 24412
        }
      }, {
        "uid" : "248dc94ea74ce85c",
        "reportUrl" : "https://Areso.github.io/Oblache/146//#testresult/248dc94ea74ce85c",
        "status" : "passed",
        "time" : {
          "start" : 1725413040035,
          "stop" : 1725413064917,
          "duration" : 24882
        }
      }, {
        "uid" : "a598e7aa582848ad",
        "reportUrl" : "https://Areso.github.io/Oblache/145//#testresult/a598e7aa582848ad",
        "status" : "passed",
        "time" : {
          "start" : 1725326583496,
          "stop" : 1725326607649,
          "duration" : 24153
        }
      }, {
        "uid" : "2de1d4e506d0a6fd",
        "reportUrl" : "https://Areso.github.io/Oblache/144//#testresult/2de1d4e506d0a6fd",
        "status" : "passed",
        "time" : {
          "start" : 1725240299477,
          "stop" : 1725240323559,
          "duration" : 24082
        }
      }, {
        "uid" : "dc9c43bf5b9561c0",
        "reportUrl" : "https://Areso.github.io/Oblache/143//#testresult/dc9c43bf5b9561c0",
        "status" : "passed",
        "time" : {
          "start" : 1725154905486,
          "stop" : 1725154928459,
          "duration" : 22973
        }
      }, {
        "uid" : "170d90d042638d3b",
        "reportUrl" : "https://Areso.github.io/Oblache/142//#testresult/170d90d042638d3b",
        "status" : "passed",
        "time" : {
          "start" : 1725067378214,
          "stop" : 1725067400462,
          "duration" : 22248
        }
      }, {
        "uid" : "54b6a1eb6a0eb9e3",
        "reportUrl" : "https://Areso.github.io/Oblache/141//#testresult/54b6a1eb6a0eb9e3",
        "status" : "passed",
        "time" : {
          "start" : 1724980969795,
          "stop" : 1724980991683,
          "duration" : 21888
        }
      }, {
        "uid" : "94bec70c81cd188e",
        "reportUrl" : "https://Areso.github.io/Oblache/140//#testresult/94bec70c81cd188e",
        "status" : "passed",
        "time" : {
          "start" : 1724894580932,
          "stop" : 1724894603132,
          "duration" : 22200
        }
      }, {
        "uid" : "333f8564b71a06d0",
        "reportUrl" : "https://Areso.github.io/Oblache/139//#testresult/333f8564b71a06d0",
        "status" : "passed",
        "time" : {
          "start" : 1724808116592,
          "stop" : 1724808139495,
          "duration" : 22903
        }
      } ]
    },
    "tags" : [ ]
  },
  "source" : "383a5df43c1087e7.json",
  "parameterValues" : [ ]
}