{
  "uid" : "f6d75a12c5f8b5c",
  "name" : "test_clipboard_jdbc",
  "fullName" : "tests_ui.test_ui.TestProfilePage#test_clipboard_jdbc",
  "historyId" : "3c3bc2de59af179987e51569fc1d3309",
  "time" : {
    "start" : 1726535401344,
    "stop" : 1726535406476,
    "duration" : 5132
  },
  "status" : "broken",
  "statusMessage" : "selenium.common.exceptions.TimeoutException: Message: Can't find element by locator ('xpath', '//button[@id = \"menu_button_databases\"]')\nStacktrace:\n#0 0x55982978286a <unknown>\n#1 0x559829450e50 <unknown>\n#2 0x5598294a0644 <unknown>\n#3 0x5598294a0931 <unknown>\n#4 0x5598294e6534 <unknown>\n#5 0x5598294c54bd <unknown>\n#6 0x5598294e39c6 <unknown>\n#7 0x5598294c5233 <unknown>\n#8 0x559829493093 <unknown>\n#9 0x55982949409e <unknown>\n#10 0x559829749acb <unknown>\n#11 0x55982974da81 <unknown>\n#12 0x559829735695 <unknown>\n#13 0x55982974e5f2 <unknown>\n#14 0x55982971a86f <unknown>\n#15 0x559829771668 <unknown>\n#16 0x559829771832 <unknown>\n#17 0x55982978165c <unknown>\n#18 0x7f8688c94ac3 <unknown>",
  "statusTrace" : "self = <tests_ui.test_ui.TestProfilePage object at 0x7fec3e265610>\ndriver = <selenium.webdriver.chrome.webdriver.WebDriver (session=\"b1eeb02e82dd342d8bbcb37aaabd88c3\")>\nauthorization_user = None\n\n    @allure.title('test_clipboard_jdbc')\n    def test_clipboard_jdbc(self, driver, authorization_user):\n        page = ProfilePage(driver, authorization_user)\n>       page.click_button_databases()\n\ntests_ui/test_ui.py:92: \n_ _ _ _ _ _ _ _ _ _ _ _ _ _ _ _ _ _ _ _ _ _ _ _ _ _ _ _ _ _ _ _ _ _ _ _ _ _ _ _ \ntests_ui/profile_page.py:38: in click_button_databases\n    return self.element_is_present_and_clickable(self.locators.DATABASE_BUTTON).click()\ntests_ui/base_page.py:28: in element_is_present_and_clickable\n    return (Wait(self.driver, self.timeout).until(\n_ _ _ _ _ _ _ _ _ _ _ _ _ _ _ _ _ _ _ _ _ _ _ _ _ _ _ _ _ _ _ _ _ _ _ _ _ _ _ _ \n\nself = <selenium.webdriver.support.wait.WebDriverWait (session=\"b1eeb02e82dd342d8bbcb37aaabd88c3\")>\nmethod = <function visibility_of_element_located.<locals>._predicate at 0x7fec3d74eca0>\nmessage = 'Can\\'t find element by locator (\\'xpath\\', \\'//button[@id = \"menu_button_databases\"]\\')'\n\n    def until(self, method: Callable[[D], Union[Literal[False], T]], message: str = \"\") -> T:\n        \"\"\"Calls the method provided with the driver as an argument until the \\\n        return value does not evaluate to ``False``.\n    \n        :param method: callable(WebDriver)\n        :param message: optional message for :exc:`TimeoutException`\n        :returns: the result of the last call to `method`\n        :raises: :exc:`selenium.common.exceptions.TimeoutException` if timeout occurs\n        \"\"\"\n        screen = None\n        stacktrace = None\n    \n        end_time = time.monotonic() + self._timeout\n        while True:\n            try:\n                value = method(self._driver)\n                if value:\n                    return value\n            except self._ignored_exceptions as exc:\n                screen = getattr(exc, \"screen\", None)\n                stacktrace = getattr(exc, \"stacktrace\", None)\n            time.sleep(self._poll)\n            if time.monotonic() > end_time:\n                break\n>       raise TimeoutException(message, screen, stacktrace)\nE       selenium.common.exceptions.TimeoutException: Message: Can't find element by locator ('xpath', '//button[@id = \"menu_button_databases\"]')\nE       Stacktrace:\nE       #0 0x55982978286a <unknown>\nE       #1 0x559829450e50 <unknown>\nE       #2 0x5598294a0644 <unknown>\nE       #3 0x5598294a0931 <unknown>\nE       #4 0x5598294e6534 <unknown>\nE       #5 0x5598294c54bd <unknown>\nE       #6 0x5598294e39c6 <unknown>\nE       #7 0x5598294c5233 <unknown>\nE       #8 0x559829493093 <unknown>\nE       #9 0x55982949409e <unknown>\nE       #10 0x559829749acb <unknown>\nE       #11 0x55982974da81 <unknown>\nE       #12 0x559829735695 <unknown>\nE       #13 0x55982974e5f2 <unknown>\nE       #14 0x55982971a86f <unknown>\nE       #15 0x559829771668 <unknown>\nE       #16 0x559829771832 <unknown>\nE       #17 0x55982978165c <unknown>\nE       #18 0x7f8688c94ac3 <unknown>\n\n/opt/hostedtoolcache/Python/3.12.5/x64/lib/python3.12/site-packages/selenium/webdriver/support/wait.py:105: TimeoutException",
  "flaky" : false,
  "newFailed" : false,
  "beforeStages" : [ {
    "name" : "driver",
    "time" : {
      "start" : 1726535400385,
      "stop" : 1726535400665,
      "duration" : 280
    },
    "status" : "passed",
    "steps" : [ ],
    "attachments" : [ ],
    "parameters" : [ ],
    "stepsCount" : 0,
    "attachmentsCount" : 0,
    "shouldDisplayMessage" : false,
    "hasContent" : false
  }, {
    "name" : "authorization_user",
    "time" : {
      "start" : 1726535400666,
      "stop" : 1726535401344,
      "duration" : 678
    },
    "status" : "passed",
    "steps" : [ {
      "name" : "Open page: https://oblache.areso.pro/register.html",
      "time" : {
        "start" : 1726535400666,
        "stop" : 1726535401174,
        "duration" : 508
      },
      "status" : "passed",
      "steps" : [ ],
      "attachments" : [ ],
      "parameters" : [ ],
      "stepsCount" : 0,
      "attachmentsCount" : 0,
      "shouldDisplayMessage" : false,
      "hasContent" : false
    }, {
      "name" : "login_user",
      "time" : {
        "start" : 1726535401174,
        "stop" : 1726535401344,
        "duration" : 170
      },
      "status" : "passed",
      "steps" : [ {
        "name" : "Enter email.",
        "time" : {
          "start" : 1726535401174,
          "stop" : 1726535401227,
          "duration" : 53
        },
        "status" : "passed",
        "steps" : [ ],
        "attachments" : [ ],
        "parameters" : [ ],
        "stepsCount" : 0,
        "attachmentsCount" : 0,
        "shouldDisplayMessage" : false,
        "hasContent" : false
      }, {
        "name" : "Enter password.",
        "time" : {
          "start" : 1726535401227,
          "stop" : 1726535401272,
          "duration" : 45
        },
        "status" : "passed",
        "steps" : [ ],
        "attachments" : [ ],
        "parameters" : [ ],
        "stepsCount" : 0,
        "attachmentsCount" : 0,
        "shouldDisplayMessage" : false,
        "hasContent" : false
      }, {
        "name" : "Click button \"Login\"",
        "time" : {
          "start" : 1726535401272,
          "stop" : 1726535401341,
          "duration" : 69
        },
        "status" : "passed",
        "steps" : [ {
          "name" : "element_is_present_and_clickable",
          "time" : {
            "start" : 1726535401272,
            "stop" : 1726535401308,
            "duration" : 36
          },
          "status" : "passed",
          "steps" : [ ],
          "attachments" : [ ],
          "parameters" : [ {
            "name" : "locator",
            "value" : "('xpath', '//input[@id=\"inp_regform_login_submit\"]')"
          } ],
          "stepsCount" : 0,
          "attachmentsCount" : 0,
          "shouldDisplayMessage" : false,
          "hasContent" : true
        } ],
        "attachments" : [ ],
        "parameters" : [ ],
        "stepsCount" : 1,
        "attachmentsCount" : 0,
        "shouldDisplayMessage" : false,
        "hasContent" : true
      }, {
        "name" : "Check url is present: https://oblache.areso.pro/register.html",
        "time" : {
          "start" : 1726535401341,
          "stop" : 1726535401344,
          "duration" : 3
        },
        "status" : "passed",
        "steps" : [ ],
        "attachments" : [ ],
        "parameters" : [ ],
        "stepsCount" : 0,
        "attachmentsCount" : 0,
        "shouldDisplayMessage" : false,
        "hasContent" : false
      } ],
      "attachments" : [ ],
      "parameters" : [ ],
      "stepsCount" : 5,
      "attachmentsCount" : 0,
      "shouldDisplayMessage" : false,
      "hasContent" : true
    } ],
    "attachments" : [ ],
    "parameters" : [ ],
    "stepsCount" : 7,
    "attachmentsCount" : 0,
    "shouldDisplayMessage" : false,
    "hasContent" : true
  } ],
  "testStage" : {
    "status" : "broken",
    "statusMessage" : "selenium.common.exceptions.TimeoutException: Message: Can't find element by locator ('xpath', '//button[@id = \"menu_button_databases\"]')\nStacktrace:\n#0 0x55982978286a <unknown>\n#1 0x559829450e50 <unknown>\n#2 0x5598294a0644 <unknown>\n#3 0x5598294a0931 <unknown>\n#4 0x5598294e6534 <unknown>\n#5 0x5598294c54bd <unknown>\n#6 0x5598294e39c6 <unknown>\n#7 0x5598294c5233 <unknown>\n#8 0x559829493093 <unknown>\n#9 0x55982949409e <unknown>\n#10 0x559829749acb <unknown>\n#11 0x55982974da81 <unknown>\n#12 0x559829735695 <unknown>\n#13 0x55982974e5f2 <unknown>\n#14 0x55982971a86f <unknown>\n#15 0x559829771668 <unknown>\n#16 0x559829771832 <unknown>\n#17 0x55982978165c <unknown>\n#18 0x7f8688c94ac3 <unknown>",
    "statusTrace" : "self = <tests_ui.test_ui.TestProfilePage object at 0x7fec3e265610>\ndriver = <selenium.webdriver.chrome.webdriver.WebDriver (session=\"b1eeb02e82dd342d8bbcb37aaabd88c3\")>\nauthorization_user = None\n\n    @allure.title('test_clipboard_jdbc')\n    def test_clipboard_jdbc(self, driver, authorization_user):\n        page = ProfilePage(driver, authorization_user)\n>       page.click_button_databases()\n\ntests_ui/test_ui.py:92: \n_ _ _ _ _ _ _ _ _ _ _ _ _ _ _ _ _ _ _ _ _ _ _ _ _ _ _ _ _ _ _ _ _ _ _ _ _ _ _ _ \ntests_ui/profile_page.py:38: in click_button_databases\n    return self.element_is_present_and_clickable(self.locators.DATABASE_BUTTON).click()\ntests_ui/base_page.py:28: in element_is_present_and_clickable\n    return (Wait(self.driver, self.timeout).until(\n_ _ _ _ _ _ _ _ _ _ _ _ _ _ _ _ _ _ _ _ _ _ _ _ _ _ _ _ _ _ _ _ _ _ _ _ _ _ _ _ \n\nself = <selenium.webdriver.support.wait.WebDriverWait (session=\"b1eeb02e82dd342d8bbcb37aaabd88c3\")>\nmethod = <function visibility_of_element_located.<locals>._predicate at 0x7fec3d74eca0>\nmessage = 'Can\\'t find element by locator (\\'xpath\\', \\'//button[@id = \"menu_button_databases\"]\\')'\n\n    def until(self, method: Callable[[D], Union[Literal[False], T]], message: str = \"\") -> T:\n        \"\"\"Calls the method provided with the driver as an argument until the \\\n        return value does not evaluate to ``False``.\n    \n        :param method: callable(WebDriver)\n        :param message: optional message for :exc:`TimeoutException`\n        :returns: the result of the last call to `method`\n        :raises: :exc:`selenium.common.exceptions.TimeoutException` if timeout occurs\n        \"\"\"\n        screen = None\n        stacktrace = None\n    \n        end_time = time.monotonic() + self._timeout\n        while True:\n            try:\n                value = method(self._driver)\n                if value:\n                    return value\n            except self._ignored_exceptions as exc:\n                screen = getattr(exc, \"screen\", None)\n                stacktrace = getattr(exc, \"stacktrace\", None)\n            time.sleep(self._poll)\n            if time.monotonic() > end_time:\n                break\n>       raise TimeoutException(message, screen, stacktrace)\nE       selenium.common.exceptions.TimeoutException: Message: Can't find element by locator ('xpath', '//button[@id = \"menu_button_databases\"]')\nE       Stacktrace:\nE       #0 0x55982978286a <unknown>\nE       #1 0x559829450e50 <unknown>\nE       #2 0x5598294a0644 <unknown>\nE       #3 0x5598294a0931 <unknown>\nE       #4 0x5598294e6534 <unknown>\nE       #5 0x5598294c54bd <unknown>\nE       #6 0x5598294e39c6 <unknown>\nE       #7 0x5598294c5233 <unknown>\nE       #8 0x559829493093 <unknown>\nE       #9 0x55982949409e <unknown>\nE       #10 0x559829749acb <unknown>\nE       #11 0x55982974da81 <unknown>\nE       #12 0x559829735695 <unknown>\nE       #13 0x55982974e5f2 <unknown>\nE       #14 0x55982971a86f <unknown>\nE       #15 0x559829771668 <unknown>\nE       #16 0x559829771832 <unknown>\nE       #17 0x55982978165c <unknown>\nE       #18 0x7f8688c94ac3 <unknown>\n\n/opt/hostedtoolcache/Python/3.12.5/x64/lib/python3.12/site-packages/selenium/webdriver/support/wait.py:105: TimeoutException",
    "steps" : [ {
      "name" : "Click \"Databases\" button.",
      "time" : {
        "start" : 1726535401344,
        "stop" : 1726535406476,
        "duration" : 5132
      },
      "status" : "broken",
      "statusMessage" : "selenium.common.exceptions.TimeoutException: Message: Can't find element by locator ('xpath', '//button[@id = \"menu_button_databases\"]')\nStacktrace:\n#0 0x55982978286a <unknown>\n#1 0x559829450e50 <unknown>\n#2 0x5598294a0644 <unknown>\n#3 0x5598294a0931 <unknown>\n#4 0x5598294e6534 <unknown>\n#5 0x5598294c54bd <unknown>\n#6 0x5598294e39c6 <unknown>\n#7 0x5598294c5233 <unknown>\n#8 0x559829493093 <unknown>\n#9 0x55982949409e <unknown>\n#10 0x559829749acb <unknown>\n#11 0x55982974da81 <unknown>\n#12 0x559829735695 <unknown>\n#13 0x55982974e5f2 <unknown>\n#14 0x55982971a86f <unknown>\n#15 0x559829771668 <unknown>\n#16 0x559829771832 <unknown>\n#17 0x55982978165c <unknown>\n#18 0x7f8688c94ac3 <unknown>\n\n",
      "statusTrace" : "  File \"/opt/hostedtoolcache/Python/3.12.5/x64/lib/python3.12/site-packages/allure_commons/_allure.py\", line 192, in impl\n    return func(*a, **kw)\n           ^^^^^^^^^^^^^^\n  File \"/home/runner/work/Oblache/Oblache/tests_ui/profile_page.py\", line 38, in click_button_databases\n    return self.element_is_present_and_clickable(self.locators.DATABASE_BUTTON).click()\n           ^^^^^^^^^^^^^^^^^^^^^^^^^^^^^^^^^^^^^^^^^^^^^^^^^^^^^^^^^^^^^^^^^^^^\n  File \"/opt/hostedtoolcache/Python/3.12.5/x64/lib/python3.12/site-packages/allure_commons/_allure.py\", line 192, in impl\n    return func(*a, **kw)\n           ^^^^^^^^^^^^^^\n  File \"/home/runner/work/Oblache/Oblache/tests_ui/base_page.py\", line 28, in element_is_present_and_clickable\n    return (Wait(self.driver, self.timeout).until(\n            ^^^^^^^^^^^^^^^^^^^^^^^^^^^^^^^^^^^^^^\n  File \"/opt/hostedtoolcache/Python/3.12.5/x64/lib/python3.12/site-packages/selenium/webdriver/support/wait.py\", line 105, in until\n    raise TimeoutException(message, screen, stacktrace)\n",
      "steps" : [ {
        "name" : "element_is_present_and_clickable",
        "time" : {
          "start" : 1726535401344,
          "stop" : 1726535406475,
          "duration" : 5131
        },
        "status" : "broken",
        "statusMessage" : "selenium.common.exceptions.TimeoutException: Message: Can't find element by locator ('xpath', '//button[@id = \"menu_button_databases\"]')\nStacktrace:\n#0 0x55982978286a <unknown>\n#1 0x559829450e50 <unknown>\n#2 0x5598294a0644 <unknown>\n#3 0x5598294a0931 <unknown>\n#4 0x5598294e6534 <unknown>\n#5 0x5598294c54bd <unknown>\n#6 0x5598294e39c6 <unknown>\n#7 0x5598294c5233 <unknown>\n#8 0x559829493093 <unknown>\n#9 0x55982949409e <unknown>\n#10 0x559829749acb <unknown>\n#11 0x55982974da81 <unknown>\n#12 0x559829735695 <unknown>\n#13 0x55982974e5f2 <unknown>\n#14 0x55982971a86f <unknown>\n#15 0x559829771668 <unknown>\n#16 0x559829771832 <unknown>\n#17 0x55982978165c <unknown>\n#18 0x7f8688c94ac3 <unknown>\n\n",
        "statusTrace" : "  File \"/opt/hostedtoolcache/Python/3.12.5/x64/lib/python3.12/site-packages/allure_commons/_allure.py\", line 192, in impl\n    return func(*a, **kw)\n           ^^^^^^^^^^^^^^\n  File \"/home/runner/work/Oblache/Oblache/tests_ui/base_page.py\", line 28, in element_is_present_and_clickable\n    return (Wait(self.driver, self.timeout).until(\n            ^^^^^^^^^^^^^^^^^^^^^^^^^^^^^^^^^^^^^^\n  File \"/opt/hostedtoolcache/Python/3.12.5/x64/lib/python3.12/site-packages/selenium/webdriver/support/wait.py\", line 105, in until\n    raise TimeoutException(message, screen, stacktrace)\n",
        "steps" : [ ],
        "attachments" : [ ],
        "parameters" : [ {
          "name" : "locator",
          "value" : "('xpath', '//button[@id = \"menu_button_databases\"]')"
        } ],
        "stepsCount" : 0,
        "attachmentsCount" : 0,
        "shouldDisplayMessage" : true,
        "hasContent" : true
      } ],
      "attachments" : [ ],
      "parameters" : [ ],
      "stepsCount" : 1,
      "attachmentsCount" : 0,
      "shouldDisplayMessage" : false,
      "hasContent" : true
    } ],
    "attachments" : [ ],
    "parameters" : [ ],
    "stepsCount" : 2,
    "attachmentsCount" : 0,
    "shouldDisplayMessage" : true,
    "hasContent" : true
  },
  "afterStages" : [ {
    "name" : "driver::0",
    "time" : {
      "start" : 1726535406490,
      "stop" : 1726535406635,
      "duration" : 145
    },
    "status" : "passed",
    "steps" : [ ],
    "attachments" : [ {
      "uid" : "5dc5e5b3a038efc6",
      "name" : "Screenshot 2024-09-17 01:10:06.570126",
      "source" : "5dc5e5b3a038efc6.png",
      "type" : "image/png",
      "size" : 16372
    } ],
    "parameters" : [ ],
    "stepsCount" : 0,
    "attachmentsCount" : 1,
    "shouldDisplayMessage" : false,
    "hasContent" : true
  } ],
  "labels" : [ {
    "name" : "suite",
    "value" : "Test Profile Page."
  }, {
    "name" : "parentSuite",
    "value" : "tests_ui"
  }, {
    "name" : "subSuite",
    "value" : "TestProfilePage"
  }, {
    "name" : "host",
    "value" : "fv-az1773-824"
  }, {
    "name" : "thread",
    "value" : "2267-MainThread"
  }, {
    "name" : "framework",
    "value" : "pytest"
  }, {
    "name" : "language",
    "value" : "cpython3"
  }, {
    "name" : "package",
    "value" : "tests_ui.test_ui"
  }, {
    "name" : "resultFormat",
    "value" : "allure2"
  } ],
  "parameters" : [ ],
  "links" : [ ],
  "hidden" : false,
  "retry" : false,
  "extra" : {
    "severity" : "normal",
    "retries" : [ ],
    "categories" : [ {
      "name" : "Test defects",
      "matchedStatuses" : [ ],
      "flaky" : false
    } ],
    "history" : {
      "statistic" : {
        "failed" : 0,
        "broken" : 34,
        "skipped" : 0,
        "passed" : 0,
        "unknown" : 0,
        "total" : 34
      },
      "items" : [ {
        "uid" : "61164d90e9249806",
        "reportUrl" : "https://Areso.github.io/Oblache/158//#testresult/61164d90e9249806",
        "status" : "broken",
        "statusDetails" : "selenium.common.exceptions.TimeoutException: Message: Can't find element by locator ('xpath', '//tbody[@id=\"tbody_dbs\"] /tr[1]/td[7] /button')\nStacktrace:\n#0 0x562afc20086a <unknown>\n#1 0x562afbecee50 <unknown>\n#2 0x562afbf1e644 <unknown>\n#3 0x562afbf1e931 <unknown>\n#4 0x562afbf64534 <unknown>\n#5 0x562afbf434bd <unknown>\n#6 0x562afbf619c6 <unknown>\n#7 0x562afbf43233 <unknown>\n#8 0x562afbf11093 <unknown>\n#9 0x562afbf1209e <unknown>\n#10 0x562afc1c7acb <unknown>\n#11 0x562afc1cba81 <unknown>\n#12 0x562afc1b3695 <unknown>\n#13 0x562afc1cc5f2 <unknown>\n#14 0x562afc19886f <unknown>\n#15 0x562afc1ef668 <unknown>\n#16 0x562afc1ef832 <unknown>\n#17 0x562afc1ff65c <unknown>\n#18 0x7fa246a94ac3 <unknown>",
        "time" : {
          "start" : 1726450153963,
          "stop" : 1726450160691,
          "duration" : 6728
        }
      }, {
        "uid" : "dae489ae0a2d27b8",
        "reportUrl" : "https://Areso.github.io/Oblache/157//#testresult/dae489ae0a2d27b8",
        "status" : "broken",
        "statusDetails" : "selenium.common.exceptions.TimeoutException: Message: Can't find element by locator ('xpath', '//tbody[@id=\"tbody_dbs\"] /tr[1]/td[7] /button')\nStacktrace:\n#0 0x55aad65cb86a <unknown>\n#1 0x55aad6299e50 <unknown>\n#2 0x55aad62e9644 <unknown>\n#3 0x55aad62e9931 <unknown>\n#4 0x55aad632f534 <unknown>\n#5 0x55aad630e4bd <unknown>\n#6 0x55aad632c9c6 <unknown>\n#7 0x55aad630e233 <unknown>\n#8 0x55aad62dc093 <unknown>\n#9 0x55aad62dd09e <unknown>\n#10 0x55aad6592acb <unknown>\n#11 0x55aad6596a81 <unknown>\n#12 0x55aad657e695 <unknown>\n#13 0x55aad65975f2 <unknown>\n#14 0x55aad656386f <unknown>\n#15 0x55aad65ba668 <unknown>\n#16 0x55aad65ba832 <unknown>\n#17 0x55aad65ca65c <unknown>\n#18 0x7fa93b494ac3 <unknown>",
        "time" : {
          "start" : 1726364446866,
          "stop" : 1726364453950,
          "duration" : 7084
        }
      }, {
        "uid" : "634a652d9a96320",
        "reportUrl" : "https://Areso.github.io/Oblache/156//#testresult/634a652d9a96320",
        "status" : "broken",
        "statusDetails" : "selenium.common.exceptions.TimeoutException: Message: Can't find element by locator ('xpath', '//tbody[@id=\"tbody_dbs\"] /tr[1]/td[7] /button')\nStacktrace:\n#0 0x55cbcb84386a <unknown>\n#1 0x55cbcb511e50 <unknown>\n#2 0x55cbcb561644 <unknown>\n#3 0x55cbcb561931 <unknown>\n#4 0x55cbcb5a7534 <unknown>\n#5 0x55cbcb5864bd <unknown>\n#6 0x55cbcb5a49c6 <unknown>\n#7 0x55cbcb586233 <unknown>\n#8 0x55cbcb554093 <unknown>\n#9 0x55cbcb55509e <unknown>\n#10 0x55cbcb80aacb <unknown>\n#11 0x55cbcb80ea81 <unknown>\n#12 0x55cbcb7f6695 <unknown>\n#13 0x55cbcb80f5f2 <unknown>\n#14 0x55cbcb7db86f <unknown>\n#15 0x55cbcb832668 <unknown>\n#16 0x55cbcb832832 <unknown>\n#17 0x55cbcb84265c <unknown>\n#18 0x7f4b9f694ac3 <unknown>",
        "time" : {
          "start" : 1726276999909,
          "stop" : 1726277006603,
          "duration" : 6694
        }
      }, {
        "uid" : "d739677f2cd57a1f",
        "reportUrl" : "https://Areso.github.io/Oblache/155//#testresult/d739677f2cd57a1f",
        "status" : "broken",
        "statusDetails" : "selenium.common.exceptions.TimeoutException: Message: Can't find element by locator ('xpath', '//button[@id = \"menu_button_databases\"]')\nStacktrace:\n#0 0x55900dd9286a <unknown>\n#1 0x55900da60e50 <unknown>\n#2 0x55900dab0644 <unknown>\n#3 0x55900dab0931 <unknown>\n#4 0x55900daf6534 <unknown>\n#5 0x55900dad54bd <unknown>\n#6 0x55900daf39c6 <unknown>\n#7 0x55900dad5233 <unknown>\n#8 0x55900daa3093 <unknown>\n#9 0x55900daa409e <unknown>\n#10 0x55900dd59acb <unknown>\n#11 0x55900dd5da81 <unknown>\n#12 0x55900dd45695 <unknown>\n#13 0x55900dd5e5f2 <unknown>\n#14 0x55900dd2a86f <unknown>\n#15 0x55900dd81668 <unknown>\n#16 0x55900dd81832 <unknown>\n#17 0x55900dd9165c <unknown>\n#18 0x7f9322494ac3 <unknown>",
        "time" : {
          "start" : 1726190717132,
          "stop" : 1726190722262,
          "duration" : 5130
        }
      }, {
        "uid" : "c09437cbfabba386",
        "reportUrl" : "https://Areso.github.io/Oblache/154//#testresult/c09437cbfabba386",
        "status" : "broken",
        "statusDetails" : "selenium.common.exceptions.TimeoutException: Message: Can't find element by locator ('xpath', '//tbody[@id=\"tbody_dbs\"] /tr[1]/td[7] /button')\nStacktrace:\n#0 0x55dc21e7086a <unknown>\n#1 0x55dc21b3ee50 <unknown>\n#2 0x55dc21b8e644 <unknown>\n#3 0x55dc21b8e931 <unknown>\n#4 0x55dc21bd4534 <unknown>\n#5 0x55dc21bb34bd <unknown>\n#6 0x55dc21bd19c6 <unknown>\n#7 0x55dc21bb3233 <unknown>\n#8 0x55dc21b81093 <unknown>\n#9 0x55dc21b8209e <unknown>\n#10 0x55dc21e37acb <unknown>\n#11 0x55dc21e3ba81 <unknown>\n#12 0x55dc21e23695 <unknown>\n#13 0x55dc21e3c5f2 <unknown>\n#14 0x55dc21e0886f <unknown>\n#15 0x55dc21e5f668 <unknown>\n#16 0x55dc21e5f832 <unknown>\n#17 0x55dc21e6f65c <unknown>\n#18 0x7f99d0e94ac3 <unknown>",
        "time" : {
          "start" : 1726104264050,
          "stop" : 1726104271126,
          "duration" : 7076
        }
      }, {
        "uid" : "b2301b5681a1f713",
        "reportUrl" : "https://Areso.github.io/Oblache/153//#testresult/b2301b5681a1f713",
        "status" : "broken",
        "statusDetails" : "selenium.common.exceptions.TimeoutException: Message: Can't find element by locator ('xpath', '//tbody[@id=\"tbody_dbs\"] /tr[1]/td[7] /button')\nStacktrace:\n#0 0x5613b9bb88da <unknown>\n#1 0x5613b9886e50 <unknown>\n#2 0x5613b98d6644 <unknown>\n#3 0x5613b98d6931 <unknown>\n#4 0x5613b991c534 <unknown>\n#5 0x5613b98fb4bd <unknown>\n#6 0x5613b99199c6 <unknown>\n#7 0x5613b98fb233 <unknown>\n#8 0x5613b98c9093 <unknown>\n#9 0x5613b98ca09e <unknown>\n#10 0x5613b9b7fb3b <unknown>\n#11 0x5613b9b83af1 <unknown>\n#12 0x5613b9b6b705 <unknown>\n#13 0x5613b9b84662 <unknown>\n#14 0x5613b9b508df <unknown>\n#15 0x5613b9ba76d8 <unknown>\n#16 0x5613b9ba78a2 <unknown>\n#17 0x5613b9bb76cc <unknown>\n#18 0x7f6da6c94ac3 <unknown>",
        "time" : {
          "start" : 1726017849563,
          "stop" : 1726017856194,
          "duration" : 6631
        }
      }, {
        "uid" : "c3e55c4e2638ca02",
        "reportUrl" : "https://Areso.github.io/Oblache/152//#testresult/c3e55c4e2638ca02",
        "status" : "broken",
        "statusDetails" : "selenium.common.exceptions.TimeoutException: Message: Can't find element by locator ('xpath', '//tbody[@id=\"tbody_dbs\"] /tr[1]/td[7] /button')\nStacktrace:\n#0 0x55e2471128da <unknown>\n#1 0x55e246de0e50 <unknown>\n#2 0x55e246e30644 <unknown>\n#3 0x55e246e30931 <unknown>\n#4 0x55e246e76534 <unknown>\n#5 0x55e246e554bd <unknown>\n#6 0x55e246e739c6 <unknown>\n#7 0x55e246e55233 <unknown>\n#8 0x55e246e23093 <unknown>\n#9 0x55e246e2409e <unknown>\n#10 0x55e2470d9b3b <unknown>\n#11 0x55e2470ddaf1 <unknown>\n#12 0x55e2470c5705 <unknown>\n#13 0x55e2470de662 <unknown>\n#14 0x55e2470aa8df <unknown>\n#15 0x55e2471016d8 <unknown>\n#16 0x55e2471018a2 <unknown>\n#17 0x55e2471116cc <unknown>\n#18 0x7f7c3c694ac3 <unknown>",
        "time" : {
          "start" : 1725931513003,
          "stop" : 1725931519571,
          "duration" : 6568
        }
      }, {
        "uid" : "72bc508b1a463581",
        "reportUrl" : "https://Areso.github.io/Oblache/151//#testresult/72bc508b1a463581",
        "status" : "broken",
        "statusDetails" : "selenium.common.exceptions.TimeoutException: Message: Can't find element by locator ('xpath', '//tbody[@id=\"tbody_dbs\"] /tr[1]/td[7] /button')\nStacktrace:\n#0 0x56038e7158da <unknown>\n#1 0x56038e3e3e50 <unknown>\n#2 0x56038e433644 <unknown>\n#3 0x56038e433931 <unknown>\n#4 0x56038e479534 <unknown>\n#5 0x56038e4584bd <unknown>\n#6 0x56038e4769c6 <unknown>\n#7 0x56038e458233 <unknown>\n#8 0x56038e426093 <unknown>\n#9 0x56038e42709e <unknown>\n#10 0x56038e6dcb3b <unknown>\n#11 0x56038e6e0af1 <unknown>\n#12 0x56038e6c8705 <unknown>\n#13 0x56038e6e1662 <unknown>\n#14 0x56038e6ad8df <unknown>\n#15 0x56038e7046d8 <unknown>\n#16 0x56038e7048a2 <unknown>\n#17 0x56038e7146cc <unknown>\n#18 0x7f0306a94ac3 <unknown>",
        "time" : {
          "start" : 1725845336003,
          "stop" : 1725845342572,
          "duration" : 6569
        }
      }, {
        "uid" : "d6dc8ee9c4e455f5",
        "reportUrl" : "https://Areso.github.io/Oblache/150//#testresult/d6dc8ee9c4e455f5",
        "status" : "broken",
        "statusDetails" : "selenium.common.exceptions.TimeoutException: Message: Can't find elements by locator ('xpath', '//tbody[@id=\"tbody_dbs\"]/tr')",
        "time" : {
          "start" : 1725758986782,
          "stop" : 1725758992813,
          "duration" : 6031
        }
      }, {
        "uid" : "23cd16c6bda083bf",
        "reportUrl" : "https://Areso.github.io/Oblache/149//#testresult/23cd16c6bda083bf",
        "status" : "broken",
        "statusDetails" : "selenium.common.exceptions.TimeoutException: Message: Can't find element by locator ('xpath', '//tbody[@id=\"tbody_dbs\"] /tr[1]/td[7] /button')\nStacktrace:\n#0 0x5565674c38da <unknown>\n#1 0x556567191e50 <unknown>\n#2 0x5565671e1644 <unknown>\n#3 0x5565671e1931 <unknown>\n#4 0x556567227534 <unknown>\n#5 0x5565672064bd <unknown>\n#6 0x5565672249c6 <unknown>\n#7 0x556567206233 <unknown>\n#8 0x5565671d4093 <unknown>\n#9 0x5565671d509e <unknown>\n#10 0x55656748ab3b <unknown>\n#11 0x55656748eaf1 <unknown>\n#12 0x556567476705 <unknown>\n#13 0x55656748f662 <unknown>\n#14 0x55656745b8df <unknown>\n#15 0x5565674b26d8 <unknown>\n#16 0x5565674b28a2 <unknown>\n#17 0x5565674c26cc <unknown>\n#18 0x7f91e4494ac3 <unknown>",
        "time" : {
          "start" : 1725672168839,
          "stop" : 1725672175940,
          "duration" : 7101
        }
      }, {
        "uid" : "10ffc2b12ff40f63",
        "reportUrl" : "https://Areso.github.io/Oblache/148//#testresult/10ffc2b12ff40f63",
        "status" : "broken",
        "statusDetails" : "selenium.common.exceptions.TimeoutException: Message: Can't find element by locator ('xpath', '//tbody[@id=\"tbody_dbs\"] /tr[1]/td[7] /button')\nStacktrace:\n#0 0x55ef013f38da <unknown>\n#1 0x55ef010c1e50 <unknown>\n#2 0x55ef01111644 <unknown>\n#3 0x55ef01111931 <unknown>\n#4 0x55ef01157534 <unknown>\n#5 0x55ef011364bd <unknown>\n#6 0x55ef011549c6 <unknown>\n#7 0x55ef01136233 <unknown>\n#8 0x55ef01104093 <unknown>\n#9 0x55ef0110509e <unknown>\n#10 0x55ef013bab3b <unknown>\n#11 0x55ef013beaf1 <unknown>\n#12 0x55ef013a6705 <unknown>\n#13 0x55ef013bf662 <unknown>\n#14 0x55ef0138b8df <unknown>\n#15 0x55ef013e26d8 <unknown>\n#16 0x55ef013e28a2 <unknown>\n#17 0x55ef013f26cc <unknown>\n#18 0x7fc60c894ac3 <unknown>",
        "time" : {
          "start" : 1725585955384,
          "stop" : 1725585961963,
          "duration" : 6579
        }
      }, {
        "uid" : "e6cefbb1ff9128b",
        "reportUrl" : "https://Areso.github.io/Oblache/147//#testresult/e6cefbb1ff9128b",
        "status" : "broken",
        "statusDetails" : "selenium.common.exceptions.TimeoutException: Message: Can't find element by locator ('xpath', '//tbody[@id=\"tbody_dbs\"] /tr[1]/td[7] /button')\nStacktrace:\n#0 0x5608608408da <unknown>\n#1 0x56086050ee50 <unknown>\n#2 0x56086055e644 <unknown>\n#3 0x56086055e931 <unknown>\n#4 0x5608605a4534 <unknown>\n#5 0x5608605834bd <unknown>\n#6 0x5608605a19c6 <unknown>\n#7 0x560860583233 <unknown>\n#8 0x560860551093 <unknown>\n#9 0x56086055209e <unknown>\n#10 0x560860807b3b <unknown>\n#11 0x56086080baf1 <unknown>\n#12 0x5608607f3705 <unknown>\n#13 0x56086080c662 <unknown>\n#14 0x5608607d88df <unknown>\n#15 0x56086082f6d8 <unknown>\n#16 0x56086082f8a2 <unknown>\n#17 0x56086083f6cc <unknown>\n#18 0x7f4871894ac3 <unknown>",
        "time" : {
          "start" : 1725499612401,
          "stop" : 1725499619085,
          "duration" : 6684
        }
      }, {
        "uid" : "168ca524e6e3486c",
        "reportUrl" : "https://Areso.github.io/Oblache/146//#testresult/168ca524e6e3486c",
        "status" : "broken",
        "statusDetails" : "selenium.common.exceptions.TimeoutException: Message: Can't find element by locator ('xpath', '//tbody[@id=\"tbody_dbs\"] /tr[1]/td[7] /button')\nStacktrace:\n#0 0x5629e7f0e81a <unknown>\n#1 0x5629e7bdce50 <unknown>\n#2 0x5629e7c2c644 <unknown>\n#3 0x5629e7c2c931 <unknown>\n#4 0x5629e7c72534 <unknown>\n#5 0x5629e7c514bd <unknown>\n#6 0x5629e7c6f9c6 <unknown>\n#7 0x5629e7c51233 <unknown>\n#8 0x5629e7c1f093 <unknown>\n#9 0x5629e7c2009e <unknown>\n#10 0x5629e7ed5a7b <unknown>\n#11 0x5629e7ed9a31 <unknown>\n#12 0x5629e7ec1645 <unknown>\n#13 0x5629e7eda5a2 <unknown>\n#14 0x5629e7ea681f <unknown>\n#15 0x5629e7efd618 <unknown>\n#16 0x5629e7efd7e2 <unknown>\n#17 0x5629e7f0d60c <unknown>\n#18 0x7f039fe94ac3 <unknown>",
        "time" : {
          "start" : 1725413027531,
          "stop" : 1725413034608,
          "duration" : 7077
        }
      }, {
        "uid" : "6ccd45259cc896b1",
        "reportUrl" : "https://Areso.github.io/Oblache/145//#testresult/6ccd45259cc896b1",
        "status" : "broken",
        "statusDetails" : "selenium.common.exceptions.TimeoutException: Message: Can't find element by locator ('xpath', '//tbody[@id=\"tbody_dbs\"] /tr[1]/td[7] /button')\nStacktrace:\n#0 0x55ef08ede81a <unknown>\n#1 0x55ef08bace50 <unknown>\n#2 0x55ef08bfc644 <unknown>\n#3 0x55ef08bfc931 <unknown>\n#4 0x55ef08c42534 <unknown>\n#5 0x55ef08c214bd <unknown>\n#6 0x55ef08c3f9c6 <unknown>\n#7 0x55ef08c21233 <unknown>\n#8 0x55ef08bef093 <unknown>\n#9 0x55ef08bf009e <unknown>\n#10 0x55ef08ea5a7b <unknown>\n#11 0x55ef08ea9a31 <unknown>\n#12 0x55ef08e91645 <unknown>\n#13 0x55ef08eaa5a2 <unknown>\n#14 0x55ef08e7681f <unknown>\n#15 0x55ef08ecd618 <unknown>\n#16 0x55ef08ecd7e2 <unknown>\n#17 0x55ef08edd60c <unknown>\n#18 0x7ff583e94ac3 <unknown>",
        "time" : {
          "start" : 1725326570530,
          "stop" : 1725326578089,
          "duration" : 7559
        }
      }, {
        "uid" : "767d5de654e404d4",
        "reportUrl" : "https://Areso.github.io/Oblache/144//#testresult/767d5de654e404d4",
        "status" : "broken",
        "statusDetails" : "selenium.common.exceptions.TimeoutException: Message: Can't find element by locator ('xpath', '//tbody[@id=\"tbody_dbs\"] /tr[1]/td[7] /button')\nStacktrace:\n#0 0x55d0c676c81a <unknown>\n#1 0x55d0c643ae50 <unknown>\n#2 0x55d0c648a644 <unknown>\n#3 0x55d0c648a931 <unknown>\n#4 0x55d0c64d0534 <unknown>\n#5 0x55d0c64af4bd <unknown>\n#6 0x55d0c64cd9c6 <unknown>\n#7 0x55d0c64af233 <unknown>\n#8 0x55d0c647d093 <unknown>\n#9 0x55d0c647e09e <unknown>\n#10 0x55d0c6733a7b <unknown>\n#11 0x55d0c6737a31 <unknown>\n#12 0x55d0c671f645 <unknown>\n#13 0x55d0c67385a2 <unknown>\n#14 0x55d0c670481f <unknown>\n#15 0x55d0c675b618 <unknown>\n#16 0x55d0c675b7e2 <unknown>\n#17 0x55d0c676b60c <unknown>\n#18 0x7fd19b494ac3 <unknown>",
        "time" : {
          "start" : 1725240286930,
          "stop" : 1725240293998,
          "duration" : 7068
        }
      }, {
        "uid" : "8fe1844360646ef7",
        "reportUrl" : "https://Areso.github.io/Oblache/143//#testresult/8fe1844360646ef7",
        "status" : "broken",
        "statusDetails" : "selenium.common.exceptions.TimeoutException: Message: Can't find element by locator ('xpath', '//tbody[@id=\"tbody_dbs\"] /tr[1]/td[7] /button')\nStacktrace:\n#0 0x55e1d030b81a <unknown>\n#1 0x55e1cffd9e50 <unknown>\n#2 0x55e1d0029644 <unknown>\n#3 0x55e1d0029931 <unknown>\n#4 0x55e1d006f534 <unknown>\n#5 0x55e1d004e4bd <unknown>\n#6 0x55e1d006c9c6 <unknown>\n#7 0x55e1d004e233 <unknown>\n#8 0x55e1d001c093 <unknown>\n#9 0x55e1d001d09e <unknown>\n#10 0x55e1d02d2a7b <unknown>\n#11 0x55e1d02d6a31 <unknown>\n#12 0x55e1d02be645 <unknown>\n#13 0x55e1d02d75a2 <unknown>\n#14 0x55e1d02a381f <unknown>\n#15 0x55e1d02fa618 <unknown>\n#16 0x55e1d02fa7e2 <unknown>\n#17 0x55e1d030a60c <unknown>\n#18 0x7f40dee94ac3 <unknown>",
        "time" : {
          "start" : 1725154894296,
          "stop" : 1725154900988,
          "duration" : 6692
        }
      }, {
        "uid" : "6783ac93be358c1d",
        "reportUrl" : "https://Areso.github.io/Oblache/142//#testresult/6783ac93be358c1d",
        "status" : "broken",
        "statusDetails" : "selenium.common.exceptions.TimeoutException: Message: Can't find element by locator ('xpath', '//tbody[@id=\"tbody_dbs\"] /tr[1]/td[7] /button')\nStacktrace:\n#0 0x56108f78981a <unknown>\n#1 0x56108f457e50 <unknown>\n#2 0x56108f4a7644 <unknown>\n#3 0x56108f4a7931 <unknown>\n#4 0x56108f4ed534 <unknown>\n#5 0x56108f4cc4bd <unknown>\n#6 0x56108f4ea9c6 <unknown>\n#7 0x56108f4cc233 <unknown>\n#8 0x56108f49a093 <unknown>\n#9 0x56108f49b09e <unknown>\n#10 0x56108f750a7b <unknown>\n#11 0x56108f754a31 <unknown>\n#12 0x56108f73c645 <unknown>\n#13 0x56108f7555a2 <unknown>\n#14 0x56108f72181f <unknown>\n#15 0x56108f778618 <unknown>\n#16 0x56108f7787e2 <unknown>\n#17 0x56108f78860c <unknown>\n#18 0x7f430f494ac3 <unknown>",
        "time" : {
          "start" : 1725067367467,
          "stop" : 1725067373975,
          "duration" : 6508
        }
      }, {
        "uid" : "28635d4f7547684d",
        "reportUrl" : "https://Areso.github.io/Oblache/141//#testresult/28635d4f7547684d",
        "status" : "broken",
        "statusDetails" : "selenium.common.exceptions.TimeoutException: Message: Can't find element by locator ('xpath', '//tbody[@id=\"tbody_dbs\"] /tr[1]/td[7] /button')\nStacktrace:\n#0 0x55bb8ca5881a <unknown>\n#1 0x55bb8c726e50 <unknown>\n#2 0x55bb8c776644 <unknown>\n#3 0x55bb8c776931 <unknown>\n#4 0x55bb8c7bc534 <unknown>\n#5 0x55bb8c79b4bd <unknown>\n#6 0x55bb8c7b99c6 <unknown>\n#7 0x55bb8c79b233 <unknown>\n#8 0x55bb8c769093 <unknown>\n#9 0x55bb8c76a09e <unknown>\n#10 0x55bb8ca1fa7b <unknown>\n#11 0x55bb8ca23a31 <unknown>\n#12 0x55bb8ca0b645 <unknown>\n#13 0x55bb8ca245a2 <unknown>\n#14 0x55bb8c9f081f <unknown>\n#15 0x55bb8ca47618 <unknown>\n#16 0x55bb8ca477e2 <unknown>\n#17 0x55bb8ca5760c <unknown>\n#18 0x7fcb9b894ac3 <unknown>",
        "time" : {
          "start" : 1724980958993,
          "stop" : 1724980965556,
          "duration" : 6563
        }
      }, {
        "uid" : "b25d41f57b972c5a",
        "reportUrl" : "https://Areso.github.io/Oblache/140//#testresult/b25d41f57b972c5a",
        "status" : "broken",
        "statusDetails" : "selenium.common.exceptions.TimeoutException: Message: Can't find element by locator ('xpath', '//tbody[@id=\"tbody_dbs\"] /tr[1]/td[7] /button')\nStacktrace:\n#0 0x56209380b81a <unknown>\n#1 0x5620934d9e50 <unknown>\n#2 0x562093529644 <unknown>\n#3 0x562093529931 <unknown>\n#4 0x56209356f534 <unknown>\n#5 0x56209354e4bd <unknown>\n#6 0x56209356c9c6 <unknown>\n#7 0x56209354e233 <unknown>\n#8 0x56209351c093 <unknown>\n#9 0x56209351d09e <unknown>\n#10 0x5620937d2a7b <unknown>\n#11 0x5620937d6a31 <unknown>\n#12 0x5620937be645 <unknown>\n#13 0x5620937d75a2 <unknown>\n#14 0x5620937a381f <unknown>\n#15 0x5620937fa618 <unknown>\n#16 0x5620937fa7e2 <unknown>\n#17 0x56209380a60c <unknown>\n#18 0x7f7345694ac3 <unknown>",
        "time" : {
          "start" : 1724894569763,
          "stop" : 1724894576437,
          "duration" : 6674
        }
      }, {
        "uid" : "2c0d09204a8b5a34",
        "reportUrl" : "https://Areso.github.io/Oblache/139//#testresult/2c0d09204a8b5a34",
        "status" : "broken",
        "statusDetails" : "selenium.common.exceptions.TimeoutException: Message: Can't find element by locator ('xpath', '//tbody[@id=\"tbody_dbs\"] /tr[1]/td[7] /button')\nStacktrace:\n#0 0x557a047646ca <unknown>\n#1 0x557a04435600 <unknown>\n#2 0x557a04484bcb <unknown>\n#3 0x557a04484eb1 <unknown>\n#4 0x557a044c8b24 <unknown>\n#5 0x557a044a78cd <unknown>\n#6 0x557a044c604a <unknown>\n#7 0x557a044a7643 <unknown>\n#8 0x557a04477d31 <unknown>\n#9 0x557a0447879e <unknown>\n#10 0x557a0472c25b <unknown>\n#11 0x557a047301f2 <unknown>\n#12 0x557a04719615 <unknown>\n#13 0x557a04730d82 <unknown>\n#14 0x557a046fe25f <unknown>\n#15 0x557a04753e68 <unknown>\n#16 0x557a04754040 <unknown>\n#17 0x557a0476349c <unknown>\n#18 0x7f3649294ac3 <unknown>",
        "time" : {
          "start" : 1724808103843,
          "stop" : 1724808111068,
          "duration" : 7225
        }
      } ]
    },
    "tags" : [ ]
  },
  "source" : "f6d75a12c5f8b5c.json",
  "parameterValues" : [ ]
}